[0.008s] Invoking command in '/home/matus/ros2_ws/src/build/block1_matuska': AMENT_PREFIX_PATH=/home/matus/ros2_ws/src/install/rrm_msgs:${AMENT_PREFIX_PATH} CMAKE_PREFIX_PATH=/home/matus/ros2_ws/src/install/rrm_msgs:/home/matus/ros2_ws/install/rrm_simple_robot_model:/home/matus/ros2_ws/install/rrm_sim:/home/matus/ros2_ws/install/rrm_msgs:/home/matus/ros2_ws/install/cv1:/opt/ros/jazzy/opt/gz_math_vendor:/opt/ros/jazzy/opt/gz_utils_vendor:/opt/ros/jazzy/opt/gz_cmake_vendor:/opt/ros/jazzy DEBUGINFOD_URLS=https://debuginfod.ubuntu.com LD_LIBRARY_PATH=/home/matus/ros2_ws/src/install/rrm_msgs/lib:${LD_LIBRARY_PATH} PYTHONPATH=/home/matus/ros2_ws/src/install/rrm_msgs/lib/python3.12/site-packages:${PYTHONPATH} /usr/bin/cmake --build /home/matus/ros2_ws/src/build/block1_matuska -- -j12 -l12
[0.065s] [ 50%] [32mBuilding CXX object CMakeFiles/teleop_node.dir/src/teleop_node.cpp.o[0m
[3.805s] [100%] [32m[1mLinking CXX executable teleop_node[0m
[3.931s] [100%] Built target teleop_node
[3.943s] Invoked command in '/home/matus/ros2_ws/src/build/block1_matuska' returned '0': AMENT_PREFIX_PATH=/home/matus/ros2_ws/src/install/rrm_msgs:${AMENT_PREFIX_PATH} CMAKE_PREFIX_PATH=/home/matus/ros2_ws/src/install/rrm_msgs:/home/matus/ros2_ws/install/rrm_simple_robot_model:/home/matus/ros2_ws/install/rrm_sim:/home/matus/ros2_ws/install/rrm_msgs:/home/matus/ros2_ws/install/cv1:/opt/ros/jazzy/opt/gz_math_vendor:/opt/ros/jazzy/opt/gz_utils_vendor:/opt/ros/jazzy/opt/gz_cmake_vendor:/opt/ros/jazzy DEBUGINFOD_URLS=https://debuginfod.ubuntu.com LD_LIBRARY_PATH=/home/matus/ros2_ws/src/install/rrm_msgs/lib:${LD_LIBRARY_PATH} PYTHONPATH=/home/matus/ros2_ws/src/install/rrm_msgs/lib/python3.12/site-packages:${PYTHONPATH} /usr/bin/cmake --build /home/matus/ros2_ws/src/build/block1_matuska -- -j12 -l12
[3.969s] Invoking command in '/home/matus/ros2_ws/src/build/block1_matuska': AMENT_PREFIX_PATH=/home/matus/ros2_ws/src/install/rrm_msgs:${AMENT_PREFIX_PATH} CMAKE_PREFIX_PATH=/home/matus/ros2_ws/src/install/rrm_msgs:/home/matus/ros2_ws/install/rrm_simple_robot_model:/home/matus/ros2_ws/install/rrm_sim:/home/matus/ros2_ws/install/rrm_msgs:/home/matus/ros2_ws/install/cv1:/opt/ros/jazzy/opt/gz_math_vendor:/opt/ros/jazzy/opt/gz_utils_vendor:/opt/ros/jazzy/opt/gz_cmake_vendor:/opt/ros/jazzy DEBUGINFOD_URLS=https://debuginfod.ubuntu.com LD_LIBRARY_PATH=/home/matus/ros2_ws/src/install/rrm_msgs/lib:${LD_LIBRARY_PATH} PYTHONPATH=/home/matus/ros2_ws/src/install/rrm_msgs/lib/python3.12/site-packages:${PYTHONPATH} /usr/bin/cmake --install /home/matus/ros2_ws/src/build/block1_matuska
[3.977s] -- Install configuration: ""
[3.977s] -- Installing: /home/matus/ros2_ws/src/install/block1_matuska/lib/block1_matuska/teleop_node
[3.978s] -- Set non-toolchain portion of runtime path of "/home/matus/ros2_ws/src/install/block1_matuska/lib/block1_matuska/teleop_node" to ""
[3.978s] -- Installing: /home/matus/ros2_ws/src/install/block1_matuska/share/ament_index/resource_index/package_run_dependencies/block1_matuska
[3.978s] -- Installing: /home/matus/ros2_ws/src/install/block1_matuska/share/ament_index/resource_index/parent_prefix_path/block1_matuska
[3.978s] -- Installing: /home/matus/ros2_ws/src/install/block1_matuska/share/block1_matuska/environment/ament_prefix_path.sh
[3.978s] -- Installing: /home/matus/ros2_ws/src/install/block1_matuska/share/block1_matuska/environment/ament_prefix_path.dsv
[3.979s] -- Installing: /home/matus/ros2_ws/src/install/block1_matuska/share/block1_matuska/environment/path.sh
[3.979s] -- Installing: /home/matus/ros2_ws/src/install/block1_matuska/share/block1_matuska/environment/path.dsv
[3.979s] -- Installing: /home/matus/ros2_ws/src/install/block1_matuska/share/block1_matuska/local_setup.bash
[3.979s] -- Installing: /home/matus/ros2_ws/src/install/block1_matuska/share/block1_matuska/local_setup.sh
[3.979s] -- Installing: /home/matus/ros2_ws/src/install/block1_matuska/share/block1_matuska/local_setup.zsh
[3.979s] -- Installing: /home/matus/ros2_ws/src/install/block1_matuska/share/block1_matuska/local_setup.dsv
[3.979s] -- Installing: /home/matus/ros2_ws/src/install/block1_matuska/share/block1_matuska/package.dsv
[3.979s] -- Installing: /home/matus/ros2_ws/src/install/block1_matuska/share/ament_index/resource_index/packages/block1_matuska
[3.980s] -- Installing: /home/matus/ros2_ws/src/install/block1_matuska/share/block1_matuska/cmake/block1_matuskaConfig.cmake
[3.980s] -- Installing: /home/matus/ros2_ws/src/install/block1_matuska/share/block1_matuska/cmake/block1_matuskaConfig-version.cmake
[3.980s] -- Installing: /home/matus/ros2_ws/src/install/block1_matuska/share/block1_matuska/package.xml
[3.981s] Invoked command in '/home/matus/ros2_ws/src/build/block1_matuska' returned '0': AMENT_PREFIX_PATH=/home/matus/ros2_ws/src/install/rrm_msgs:${AMENT_PREFIX_PATH} CMAKE_PREFIX_PATH=/home/matus/ros2_ws/src/install/rrm_msgs:/home/matus/ros2_ws/install/rrm_simple_robot_model:/home/matus/ros2_ws/install/rrm_sim:/home/matus/ros2_ws/install/rrm_msgs:/home/matus/ros2_ws/install/cv1:/opt/ros/jazzy/opt/gz_math_vendor:/opt/ros/jazzy/opt/gz_utils_vendor:/opt/ros/jazzy/opt/gz_cmake_vendor:/opt/ros/jazzy DEBUGINFOD_URLS=https://debuginfod.ubuntu.com LD_LIBRARY_PATH=/home/matus/ros2_ws/src/install/rrm_msgs/lib:${LD_LIBRARY_PATH} PYTHONPATH=/home/matus/ros2_ws/src/install/rrm_msgs/lib/python3.12/site-packages:${PYTHONPATH} /usr/bin/cmake --install /home/matus/ros2_ws/src/build/block1_matuska
