[0.024s] Invoking command in '/home/matus/ros2_ws/build/cviko1': CMAKE_PREFIX_PATH=${CMAKE_PREFIX_PATH}:/opt/ros/jazzy DEBUGINFOD_URLS=https://debuginfod.ubuntu.com /usr/bin/cmake --build /home/matus/ros2_ws/build/cviko1 -- -j12 -l12
[0.074s] [ 33%] [32mBuilding CXX object CMakeFiles/cviko1_node.dir/src/cviko1_node.cpp.o[0m
[0.731s] [ 66%] [32m[1mLinking CXX executable cviko1_node[0m
[0.996s] [100%] Built target cviko1_node
[1.017s] Invoked command in '/home/matus/ros2_ws/build/cviko1' returned '0': CMAKE_PREFIX_PATH=${CMAKE_PREFIX_PATH}:/opt/ros/jazzy DEBUGINFOD_URLS=https://debuginfod.ubuntu.com /usr/bin/cmake --build /home/matus/ros2_ws/build/cviko1 -- -j12 -l12
[1.062s] Invoking command in '/home/matus/ros2_ws/build/cviko1': CMAKE_PREFIX_PATH=${CMAKE_PREFIX_PATH}:/opt/ros/jazzy DEBUGINFOD_URLS=https://debuginfod.ubuntu.com /usr/bin/cmake --install /home/matus/ros2_ws/build/cviko1
[1.075s] -- Install configuration: ""
[1.075s] -- Installing: /home/matus/ros2_ws/install/cviko1/lib/cviko1/cviko1_node
[1.076s] -- Set non-toolchain portion of runtime path of "/home/matus/ros2_ws/install/cviko1/lib/cviko1/cviko1_node" to ""
[1.076s] -- Up-to-date: /home/matus/ros2_ws/install/cviko1/share/ament_index/resource_index/package_run_dependencies/cviko1
[1.077s] -- Up-to-date: /home/matus/ros2_ws/install/cviko1/share/ament_index/resource_index/parent_prefix_path/cviko1
[1.077s] -- Up-to-date: /home/matus/ros2_ws/install/cviko1/share/cviko1/environment/ament_prefix_path.sh
[1.077s] -- Up-to-date: /home/matus/ros2_ws/install/cviko1/share/cviko1/environment/ament_prefix_path.dsv
[1.077s] -- Up-to-date: /home/matus/ros2_ws/install/cviko1/share/cviko1/environment/path.sh
[1.077s] -- Up-to-date: /home/matus/ros2_ws/install/cviko1/share/cviko1/environment/path.dsv
[1.077s] -- Up-to-date: /home/matus/ros2_ws/install/cviko1/share/cviko1/local_setup.bash
[1.078s] -- Up-to-date: /home/matus/ros2_ws/install/cviko1/share/cviko1/local_setup.sh
[1.078s] -- Up-to-date: /home/matus/ros2_ws/install/cviko1/share/cviko1/local_setup.zsh
[1.078s] -- Up-to-date: /home/matus/ros2_ws/install/cviko1/share/cviko1/local_setup.dsv
[1.078s] -- Installing: /home/matus/ros2_ws/install/cviko1/share/cviko1/package.dsv
[1.078s] -- Up-to-date: /home/matus/ros2_ws/install/cviko1/share/ament_index/resource_index/packages/cviko1
[1.078s] -- Up-to-date: /home/matus/ros2_ws/install/cviko1/share/cviko1/cmake/cviko1Config.cmake
[1.078s] -- Up-to-date: /home/matus/ros2_ws/install/cviko1/share/cviko1/cmake/cviko1Config-version.cmake
[1.078s] -- Up-to-date: /home/matus/ros2_ws/install/cviko1/share/cviko1/package.xml
[1.082s] Invoked command in '/home/matus/ros2_ws/build/cviko1' returned '0': CMAKE_PREFIX_PATH=${CMAKE_PREFIX_PATH}:/opt/ros/jazzy DEBUGINFOD_URLS=https://debuginfod.ubuntu.com /usr/bin/cmake --install /home/matus/ros2_ws/build/cviko1
