-- Found ament_cmake: 2.5.2 (/opt/ros/jazzy/share/ament_cmake/cmake)
-- Found rosidl_default_generators: 1.6.0 (/opt/ros/jazzy/share/rosidl_default_generators/cmake)
-- Using all available rosidl_typesupport_c: rosidl_typesupport_fastrtps_c;rosidl_typesupport_introspection_c
-- Using all available rosidl_typesupport_cpp: rosidl_typesupport_fastrtps_cpp;rosidl_typesupport_introspection_cpp
-- Found rosidl_adapter: 4.6.4 (/opt/ros/jazzy/share/rosidl_adapter/cmake)
-- Found ament_cmake_ros: 0.12.0 (/opt/ros/jazzy/share/ament_cmake_ros/cmake)
-- Using all available rosidl_typesupport_c: rosidl_typesupport_fastrtps_c;rosidl_typesupport_introspection_c
-- Using all available rosidl_typesupport_cpp: rosidl_typesupport_fastrtps_cpp;rosidl_typesupport_introspection_cpp
-- Found python_cmake_module: 0.11.1 (/opt/ros/jazzy/share/python_cmake_module/cmake)
-- Found PythonExtra: /usr/bin/python3  
-- Found Python3: /usr/bin/python3 (found version "3.12.3") found components: Interpreter Development NumPy Development.Module Development.Embed 
-- Found ament_lint_auto: 0.17.1 (/opt/ros/jazzy/share/ament_lint_auto/cmake)
-- Added test 'lint_cmake' to check CMake code style
-- Added test 'xmllint' to check XML markup files
-- Configuring done (2.2s)
-- Generating done (0.0s)
-- Build files have been written to: /home/matus/ros2_ws/build/matuska_interface
[  2%] [34m[1mGenerating type hashes for ROS interfaces[0m
[  2%] Built target ament_cmake_python_copy_matuska_interface
[  2%] Built target matuska_interface__rosidl_generator_type_description
[  5%] [34m[1mGenerating C code for ROS interfaces[0m
[  8%] [34m[1mGenerating C++ code for ROS interfaces[0m
running egg_info
creating matuska_interface.egg-info
writing matuska_interface.egg-info/PKG-INFO
writing dependency_links to matuska_interface.egg-info/dependency_links.txt
writing top-level names to matuska_interface.egg-info/top_level.txt
writing manifest file 'matuska_interface.egg-info/SOURCES.txt'
reading manifest file 'matuska_interface.egg-info/SOURCES.txt'
writing manifest file 'matuska_interface.egg-info/SOURCES.txt'
[  8%] Built target ament_cmake_python_build_matuska_interface_egg
[  8%] Built target matuska_interface__cpp
[ 17%] [32mBuilding C object CMakeFiles/matuska_interface__rosidl_generator_c.dir/rosidl_generator_c/matuska_interface/srv/detail/teach_position__functions.c.o[0m
[ 17%] [32mBuilding C object CMakeFiles/matuska_interface__rosidl_generator_c.dir/rosidl_generator_c/matuska_interface/srv/detail/teach_position__type_support.c.o[0m
[ 17%] [32mBuilding C object CMakeFiles/matuska_interface__rosidl_generator_c.dir/rosidl_generator_c/matuska_interface/srv/detail/teach_position__description.c.o[0m
[ 20%] [32m[1mLinking C shared library libmatuska_interface__rosidl_generator_c.so[0m
[ 20%] Built target matuska_interface__rosidl_generator_c
[ 32%] [34m[1mGenerating C++ type support dispatch for ROS interfaces[0m
[ 32%] [34m[1mGenerating C++ type support for eProsima Fast-RTPS[0m
[ 32%] [34m[1mGenerating C introspection for ROS interfaces[0m
[ 32%] [34m[1mGenerating C++ introspection for ROS interfaces[0m
[ 35%] [34m[1mGenerating C type support dispatch for ROS interfaces[0m
[ 38%] [34m[1mGenerating C type support for eProsima Fast-RTPS[0m
[ 44%] [32mBuilding CXX object CMakeFiles/matuska_interface__rosidl_typesupport_cpp.dir/rosidl_typesupport_cpp/matuska_interface/srv/teach_position__type_support.cpp.o[0m
[ 44%] [32mBuilding CXX object CMakeFiles/matuska_interface__rosidl_typesupport_c.dir/rosidl_typesupport_c/matuska_interface/srv/teach_position__type_support.cpp.o[0m
[ 47%] [32mBuilding CXX object CMakeFiles/matuska_interface__rosidl_typesupport_introspection_cpp.dir/rosidl_typesupport_introspection_cpp/matuska_interface/srv/detail/teach_position__type_support.cpp.o[0m
[ 50%] [32mBuilding C object CMakeFiles/matuska_interface__rosidl_typesupport_introspection_c.dir/rosidl_typesupport_introspection_c/matuska_interface/srv/detail/teach_position__type_support.c.o[0m
[ 52%] [32m[1mLinking CXX shared library libmatuska_interface__rosidl_typesupport_c.so[0m
[ 55%] [32mBuilding CXX object CMakeFiles/matuska_interface__rosidl_typesupport_fastrtps_cpp.dir/rosidl_typesupport_fastrtps_cpp/matuska_interface/srv/detail/dds_fastrtps/teach_position__type_support.cpp.o[0m
[ 58%] [32mBuilding CXX object CMakeFiles/matuska_interface__rosidl_typesupport_fastrtps_c.dir/rosidl_typesupport_fastrtps_c/matuska_interface/srv/detail/teach_position__type_support_c.cpp.o[0m
[ 58%] Built target matuska_interface__rosidl_typesupport_c
[ 61%] [32m[1mLinking C shared library libmatuska_interface__rosidl_typesupport_introspection_c.so[0m
[ 61%] Built target matuska_interface__rosidl_typesupport_introspection_c
[ 64%] [32m[1mLinking CXX shared library libmatuska_interface__rosidl_typesupport_cpp.so[0m
[ 67%] [32m[1mLinking CXX shared library libmatuska_interface__rosidl_typesupport_introspection_cpp.so[0m
[ 67%] Built target matuska_interface__rosidl_typesupport_cpp
[ 67%] Built target matuska_interface__rosidl_typesupport_introspection_cpp
[ 70%] [32m[1mLinking CXX shared library libmatuska_interface__rosidl_typesupport_fastrtps_c.so[0m
[ 70%] Built target matuska_interface__rosidl_typesupport_fastrtps_c
[ 73%] [32m[1mLinking CXX shared library libmatuska_interface__rosidl_typesupport_fastrtps_cpp.so[0m
[ 73%] Built target matuska_interface__rosidl_typesupport_fastrtps_cpp
[ 73%] Built target matuska_interface
[ 76%] [34m[1mGenerating Python code for ROS interfaces[0m
[ 76%] Built target matuska_interface__py
[ 79%] [32mBuilding C object CMakeFiles/matuska_interface__rosidl_generator_py.dir/rosidl_generator_py/matuska_interface/srv/_teach_position_s.c.o[0m
[ 82%] [32m[1mLinking C shared library libmatuska_interface__rosidl_generator_py.so[0m
[ 82%] Built target matuska_interface__rosidl_generator_py
[ 91%] [32mBuilding C object CMakeFiles/matuska_interface_s__rosidl_typesupport_fastrtps_c.dir/rosidl_generator_py/matuska_interface/_matuska_interface_s.ep.rosidl_typesupport_fastrtps_c.c.o[0m
[ 91%] [32mBuilding C object CMakeFiles/matuska_interface_s__rosidl_typesupport_c.dir/rosidl_generator_py/matuska_interface/_matuska_interface_s.ep.rosidl_typesupport_c.c.o[0m
[ 91%] [32mBuilding C object CMakeFiles/matuska_interface_s__rosidl_typesupport_introspection_c.dir/rosidl_generator_py/matuska_interface/_matuska_interface_s.ep.rosidl_typesupport_introspection_c.c.o[0m
[ 97%] [32m[1mLinking C shared module rosidl_generator_py/matuska_interface/matuska_interface_s__rosidl_typesupport_introspection_c.so[0m
[ 97%] [32m[1mLinking C shared module rosidl_generator_py/matuska_interface/matuska_interface_s__rosidl_typesupport_c.so[0m
[100%] [32m[1mLinking C shared module rosidl_generator_py/matuska_interface/matuska_interface_s__rosidl_typesupport_fastrtps_c.so[0m
[100%] Built target matuska_interface_s__rosidl_typesupport_c
[100%] Built target matuska_interface_s__rosidl_typesupport_introspection_c
[100%] Built target matuska_interface_s__rosidl_typesupport_fastrtps_c
-- Install configuration: ""
-- Installing: /home/matus/ros2_ws/install/matuska_interface/share/ament_index/resource_index/rosidl_interfaces/matuska_interface
-- Installing: /home/matus/ros2_ws/install/matuska_interface/share/matuska_interface/srv/TeachPosition.json
-- Installing: /home/matus/ros2_ws/install/matuska_interface/include/matuska_interface/matuska_interface
-- Installing: /home/matus/ros2_ws/install/matuska_interface/include/matuska_interface/matuska_interface/srv
-- Installing: /home/matus/ros2_ws/install/matuska_interface/include/matuska_interface/matuska_interface/srv/teach_position.h
-- Installing: /home/matus/ros2_ws/install/matuska_interface/include/matuska_interface/matuska_interface/srv/detail
-- Installing: /home/matus/ros2_ws/install/matuska_interface/include/matuska_interface/matuska_interface/srv/detail/teach_position__description.c
-- Installing: /home/matus/ros2_ws/install/matuska_interface/include/matuska_interface/matuska_interface/srv/detail/teach_position__functions.c
-- Installing: /home/matus/ros2_ws/install/matuska_interface/include/matuska_interface/matuska_interface/srv/detail/teach_position__type_support.h
-- Installing: /home/matus/ros2_ws/install/matuska_interface/include/matuska_interface/matuska_interface/srv/detail/teach_position__functions.h
-- Installing: /home/matus/ros2_ws/install/matuska_interface/include/matuska_interface/matuska_interface/srv/detail/teach_position__struct.h
-- Installing: /home/matus/ros2_ws/install/matuska_interface/include/matuska_interface/matuska_interface/srv/detail/teach_position__type_support.c
-- Installing: /home/matus/ros2_ws/install/matuska_interface/include/matuska_interface/matuska_interface/msg
-- Installing: /home/matus/ros2_ws/install/matuska_interface/include/matuska_interface/matuska_interface/msg/rosidl_generator_c__visibility_control.h
-- Installing: /home/matus/ros2_ws/install/matuska_interface/share/matuska_interface/environment/library_path.sh
-- Installing: /home/matus/ros2_ws/install/matuska_interface/share/matuska_interface/environment/library_path.dsv
-- Installing: /home/matus/ros2_ws/install/matuska_interface/lib/libmatuska_interface__rosidl_generator_c.so
-- Set non-toolchain portion of runtime path of "/home/matus/ros2_ws/install/matuska_interface/lib/libmatuska_interface__rosidl_generator_c.so" to ""
-- Up-to-date: /home/matus/ros2_ws/install/matuska_interface/include/matuska_interface/matuska_interface
-- Up-to-date: /home/matus/ros2_ws/install/matuska_interface/include/matuska_interface/matuska_interface/srv
-- Up-to-date: /home/matus/ros2_ws/install/matuska_interface/include/matuska_interface/matuska_interface/srv/detail
-- Installing: /home/matus/ros2_ws/install/matuska_interface/include/matuska_interface/matuska_interface/srv/detail/teach_position__rosidl_typesupport_fastrtps_c.h
-- Up-to-date: /home/matus/ros2_ws/install/matuska_interface/include/matuska_interface/matuska_interface/msg
-- Installing: /home/matus/ros2_ws/install/matuska_interface/include/matuska_interface/matuska_interface/msg/rosidl_typesupport_fastrtps_c__visibility_control.h
-- Installing: /home/matus/ros2_ws/install/matuska_interface/lib/libmatuska_interface__rosidl_typesupport_fastrtps_c.so
-- Set non-toolchain portion of runtime path of "/home/matus/ros2_ws/install/matuska_interface/lib/libmatuska_interface__rosidl_typesupport_fastrtps_c.so" to ""
-- Up-to-date: /home/matus/ros2_ws/install/matuska_interface/include/matuska_interface/matuska_interface
-- Up-to-date: /home/matus/ros2_ws/install/matuska_interface/include/matuska_interface/matuska_interface/srv
-- Up-to-date: /home/matus/ros2_ws/install/matuska_interface/include/matuska_interface/matuska_interface/srv/detail
-- Installing: /home/matus/ros2_ws/install/matuska_interface/include/matuska_interface/matuska_interface/srv/detail/teach_position__rosidl_typesupport_introspection_c.h
-- Up-to-date: /home/matus/ros2_ws/install/matuska_interface/include/matuska_interface/matuska_interface/srv/detail/teach_position__type_support.c
-- Up-to-date: /home/matus/ros2_ws/install/matuska_interface/include/matuska_interface/matuska_interface/msg
-- Installing: /home/matus/ros2_ws/install/matuska_interface/include/matuska_interface/matuska_interface/msg/rosidl_typesupport_introspection_c__visibility_control.h
-- Installing: /home/matus/ros2_ws/install/matuska_interface/lib/libmatuska_interface__rosidl_typesupport_introspection_c.so
-- Set non-toolchain portion of runtime path of "/home/matus/ros2_ws/install/matuska_interface/lib/libmatuska_interface__rosidl_typesupport_introspection_c.so" to ""
-- Installing: /home/matus/ros2_ws/install/matuska_interface/lib/libmatuska_interface__rosidl_typesupport_c.so
-- Set non-toolchain portion of runtime path of "/home/matus/ros2_ws/install/matuska_interface/lib/libmatuska_interface__rosidl_typesupport_c.so" to ""
-- Up-to-date: /home/matus/ros2_ws/install/matuska_interface/include/matuska_interface/matuska_interface
-- Up-to-date: /home/matus/ros2_ws/install/matuska_interface/include/matuska_interface/matuska_interface/srv
-- Up-to-date: /home/matus/ros2_ws/install/matuska_interface/include/matuska_interface/matuska_interface/srv/detail
-- Installing: /home/matus/ros2_ws/install/matuska_interface/include/matuska_interface/matuska_interface/srv/detail/teach_position__builder.hpp
-- Installing: /home/matus/ros2_ws/install/matuska_interface/include/matuska_interface/matuska_interface/srv/detail/teach_position__struct.hpp
-- Installing: /home/matus/ros2_ws/install/matuska_interface/include/matuska_interface/matuska_interface/srv/detail/teach_position__traits.hpp
-- Installing: /home/matus/ros2_ws/install/matuska_interface/include/matuska_interface/matuska_interface/srv/detail/teach_position__type_support.hpp
-- Installing: /home/matus/ros2_ws/install/matuska_interface/include/matuska_interface/matuska_interface/srv/teach_position.hpp
-- Up-to-date: /home/matus/ros2_ws/install/matuska_interface/include/matuska_interface/matuska_interface/msg
-- Installing: /home/matus/ros2_ws/install/matuska_interface/include/matuska_interface/matuska_interface/msg/rosidl_generator_cpp__visibility_control.hpp
-- Up-to-date: /home/matus/ros2_ws/install/matuska_interface/include/matuska_interface/matuska_interface
-- Up-to-date: /home/matus/ros2_ws/install/matuska_interface/include/matuska_interface/matuska_interface/srv
-- Up-to-date: /home/matus/ros2_ws/install/matuska_interface/include/matuska_interface/matuska_interface/srv/detail
-- Installing: /home/matus/ros2_ws/install/matuska_interface/include/matuska_interface/matuska_interface/srv/detail/teach_position__rosidl_typesupport_fastrtps_cpp.hpp
-- Installing: /home/matus/ros2_ws/install/matuska_interface/include/matuska_interface/matuska_interface/srv/detail/dds_fastrtps
-- Up-to-date: /home/matus/ros2_ws/install/matuska_interface/include/matuska_interface/matuska_interface/msg
-- Installing: /home/matus/ros2_ws/install/matuska_interface/include/matuska_interface/matuska_interface/msg/rosidl_typesupport_fastrtps_cpp__visibility_control.h
-- Installing: /home/matus/ros2_ws/install/matuska_interface/lib/libmatuska_interface__rosidl_typesupport_fastrtps_cpp.so
-- Set non-toolchain portion of runtime path of "/home/matus/ros2_ws/install/matuska_interface/lib/libmatuska_interface__rosidl_typesupport_fastrtps_cpp.so" to ""
-- Up-to-date: /home/matus/ros2_ws/install/matuska_interface/include/matuska_interface/matuska_interface
-- Up-to-date: /home/matus/ros2_ws/install/matuska_interface/include/matuska_interface/matuska_interface/srv
-- Up-to-date: /home/matus/ros2_ws/install/matuska_interface/include/matuska_interface/matuska_interface/srv/detail
-- Installing: /home/matus/ros2_ws/install/matuska_interface/include/matuska_interface/matuska_interface/srv/detail/teach_position__type_support.cpp
-- Installing: /home/matus/ros2_ws/install/matuska_interface/include/matuska_interface/matuska_interface/srv/detail/teach_position__rosidl_typesupport_introspection_cpp.hpp
-- Installing: /home/matus/ros2_ws/install/matuska_interface/lib/libmatuska_interface__rosidl_typesupport_introspection_cpp.so
-- Set non-toolchain portion of runtime path of "/home/matus/ros2_ws/install/matuska_interface/lib/libmatuska_interface__rosidl_typesupport_introspection_cpp.so" to ""
-- Installing: /home/matus/ros2_ws/install/matuska_interface/lib/libmatuska_interface__rosidl_typesupport_cpp.so
-- Set non-toolchain portion of runtime path of "/home/matus/ros2_ws/install/matuska_interface/lib/libmatuska_interface__rosidl_typesupport_cpp.so" to ""
-- Installing: /home/matus/ros2_ws/install/matuska_interface/share/matuska_interface/environment/pythonpath.sh
-- Installing: /home/matus/ros2_ws/install/matuska_interface/share/matuska_interface/environment/pythonpath.dsv
-- Installing: /home/matus/ros2_ws/install/matuska_interface/lib/python3.12/site-packages/matuska_interface-0.0.0-py3.12.egg-info
-- Installing: /home/matus/ros2_ws/install/matuska_interface/lib/python3.12/site-packages/matuska_interface-0.0.0-py3.12.egg-info/SOURCES.txt
-- Installing: /home/matus/ros2_ws/install/matuska_interface/lib/python3.12/site-packages/matuska_interface-0.0.0-py3.12.egg-info/dependency_links.txt
-- Installing: /home/matus/ros2_ws/install/matuska_interface/lib/python3.12/site-packages/matuska_interface-0.0.0-py3.12.egg-info/top_level.txt
-- Installing: /home/matus/ros2_ws/install/matuska_interface/lib/python3.12/site-packages/matuska_interface-0.0.0-py3.12.egg-info/PKG-INFO
-- Installing: /home/matus/ros2_ws/install/matuska_interface/lib/python3.12/site-packages/matuska_interface
-- Installing: /home/matus/ros2_ws/install/matuska_interface/lib/python3.12/site-packages/matuska_interface/__init__.py
-- Installing: /home/matus/ros2_ws/install/matuska_interface/lib/python3.12/site-packages/matuska_interface/_matuska_interface_s.ep.rosidl_typesupport_introspection_c.c
-- Installing: /home/matus/ros2_ws/install/matuska_interface/lib/python3.12/site-packages/matuska_interface/matuska_interface_s__rosidl_typesupport_c.so
-- Installing: /home/matus/ros2_ws/install/matuska_interface/lib/python3.12/site-packages/matuska_interface/_matuska_interface_s.ep.rosidl_typesupport_c.c
-- Installing: /home/matus/ros2_ws/install/matuska_interface/lib/python3.12/site-packages/matuska_interface/srv
-- Installing: /home/matus/ros2_ws/install/matuska_interface/lib/python3.12/site-packages/matuska_interface/srv/__init__.py
-- Installing: /home/matus/ros2_ws/install/matuska_interface/lib/python3.12/site-packages/matuska_interface/srv/_teach_position_s.c
-- Installing: /home/matus/ros2_ws/install/matuska_interface/lib/python3.12/site-packages/matuska_interface/srv/_teach_position.py
-- Installing: /home/matus/ros2_ws/install/matuska_interface/lib/python3.12/site-packages/matuska_interface/_matuska_interface_s.ep.rosidl_typesupport_fastrtps_c.c
-- Installing: /home/matus/ros2_ws/install/matuska_interface/lib/python3.12/site-packages/matuska_interface/matuska_interface_s__rosidl_typesupport_introspection_c.so
-- Installing: /home/matus/ros2_ws/install/matuska_interface/lib/python3.12/site-packages/matuska_interface/matuska_interface_s__rosidl_typesupport_fastrtps_c.so
Listing '/home/matus/ros2_ws/install/matuska_interface/lib/python3.12/site-packages/matuska_interface'...
Compiling '/home/matus/ros2_ws/install/matuska_interface/lib/python3.12/site-packages/matuska_interface/__init__.py'...
Listing '/home/matus/ros2_ws/install/matuska_interface/lib/python3.12/site-packages/matuska_interface/srv'...
Compiling '/home/matus/ros2_ws/install/matuska_interface/lib/python3.12/site-packages/matuska_interface/srv/__init__.py'...
Compiling '/home/matus/ros2_ws/install/matuska_interface/lib/python3.12/site-packages/matuska_interface/srv/_teach_position.py'...
-- Installing: /home/matus/ros2_ws/install/matuska_interface/lib/python3.12/site-packages/matuska_interface/matuska_interface_s__rosidl_typesupport_fastrtps_c.so
-- Set non-toolchain portion of runtime path of "/home/matus/ros2_ws/install/matuska_interface/lib/python3.12/site-packages/matuska_interface/matuska_interface_s__rosidl_typesupport_fastrtps_c.so" to ""
-- Installing: /home/matus/ros2_ws/install/matuska_interface/lib/python3.12/site-packages/matuska_interface/matuska_interface_s__rosidl_typesupport_introspection_c.so
-- Set non-toolchain portion of runtime path of "/home/matus/ros2_ws/install/matuska_interface/lib/python3.12/site-packages/matuska_interface/matuska_interface_s__rosidl_typesupport_introspection_c.so" to ""
-- Installing: /home/matus/ros2_ws/install/matuska_interface/lib/python3.12/site-packages/matuska_interface/matuska_interface_s__rosidl_typesupport_c.so
-- Set non-toolchain portion of runtime path of "/home/matus/ros2_ws/install/matuska_interface/lib/python3.12/site-packages/matuska_interface/matuska_interface_s__rosidl_typesupport_c.so" to ""
-- Installing: /home/matus/ros2_ws/install/matuska_interface/lib/libmatuska_interface__rosidl_generator_py.so
-- Set non-toolchain portion of runtime path of "/home/matus/ros2_ws/install/matuska_interface/lib/libmatuska_interface__rosidl_generator_py.so" to ""
-- Installing: /home/matus/ros2_ws/install/matuska_interface/share/matuska_interface/srv/TeachPosition.idl
-- Installing: /home/matus/ros2_ws/install/matuska_interface/share/matuska_interface/srv/TeachPosition.srv
-- Installing: /home/matus/ros2_ws/install/matuska_interface/share/ament_index/resource_index/package_run_dependencies/matuska_interface
-- Installing: /home/matus/ros2_ws/install/matuska_interface/share/ament_index/resource_index/parent_prefix_path/matuska_interface
-- Installing: /home/matus/ros2_ws/install/matuska_interface/share/matuska_interface/environment/ament_prefix_path.sh
-- Installing: /home/matus/ros2_ws/install/matuska_interface/share/matuska_interface/environment/ament_prefix_path.dsv
-- Installing: /home/matus/ros2_ws/install/matuska_interface/share/matuska_interface/environment/path.sh
-- Installing: /home/matus/ros2_ws/install/matuska_interface/share/matuska_interface/environment/path.dsv
-- Installing: /home/matus/ros2_ws/install/matuska_interface/share/matuska_interface/local_setup.bash
-- Installing: /home/matus/ros2_ws/install/matuska_interface/share/matuska_interface/local_setup.sh
-- Installing: /home/matus/ros2_ws/install/matuska_interface/share/matuska_interface/local_setup.zsh
-- Installing: /home/matus/ros2_ws/install/matuska_interface/share/matuska_interface/local_setup.dsv
-- Installing: /home/matus/ros2_ws/install/matuska_interface/share/matuska_interface/package.dsv
-- Installing: /home/matus/ros2_ws/install/matuska_interface/share/ament_index/resource_index/packages/matuska_interface
-- Installing: /home/matus/ros2_ws/install/matuska_interface/share/matuska_interface/cmake/export_matuska_interface__rosidl_generator_cExport.cmake
-- Installing: /home/matus/ros2_ws/install/matuska_interface/share/matuska_interface/cmake/export_matuska_interface__rosidl_generator_cExport-noconfig.cmake
-- Installing: /home/matus/ros2_ws/install/matuska_interface/share/matuska_interface/cmake/export_matuska_interface__rosidl_typesupport_fastrtps_cExport.cmake
-- Installing: /home/matus/ros2_ws/install/matuska_interface/share/matuska_interface/cmake/export_matuska_interface__rosidl_typesupport_fastrtps_cExport-noconfig.cmake
-- Installing: /home/matus/ros2_ws/install/matuska_interface/share/matuska_interface/cmake/matuska_interface__rosidl_typesupport_introspection_cExport.cmake
-- Installing: /home/matus/ros2_ws/install/matuska_interface/share/matuska_interface/cmake/matuska_interface__rosidl_typesupport_introspection_cExport-noconfig.cmake
-- Installing: /home/matus/ros2_ws/install/matuska_interface/share/matuska_interface/cmake/matuska_interface__rosidl_typesupport_cExport.cmake
-- Installing: /home/matus/ros2_ws/install/matuska_interface/share/matuska_interface/cmake/matuska_interface__rosidl_typesupport_cExport-noconfig.cmake
-- Installing: /home/matus/ros2_ws/install/matuska_interface/share/matuska_interface/cmake/export_matuska_interface__rosidl_generator_cppExport.cmake
-- Installing: /home/matus/ros2_ws/install/matuska_interface/share/matuska_interface/cmake/export_matuska_interface__rosidl_typesupport_fastrtps_cppExport.cmake
-- Installing: /home/matus/ros2_ws/install/matuska_interface/share/matuska_interface/cmake/export_matuska_interface__rosidl_typesupport_fastrtps_cppExport-noconfig.cmake
-- Installing: /home/matus/ros2_ws/install/matuska_interface/share/matuska_interface/cmake/matuska_interface__rosidl_typesupport_introspection_cppExport.cmake
-- Installing: /home/matus/ros2_ws/install/matuska_interface/share/matuska_interface/cmake/matuska_interface__rosidl_typesupport_introspection_cppExport-noconfig.cmake
-- Installing: /home/matus/ros2_ws/install/matuska_interface/share/matuska_interface/cmake/matuska_interface__rosidl_typesupport_cppExport.cmake
-- Installing: /home/matus/ros2_ws/install/matuska_interface/share/matuska_interface/cmake/matuska_interface__rosidl_typesupport_cppExport-noconfig.cmake
-- Installing: /home/matus/ros2_ws/install/matuska_interface/share/matuska_interface/cmake/export_matuska_interface__rosidl_generator_pyExport.cmake
-- Installing: /home/matus/ros2_ws/install/matuska_interface/share/matuska_interface/cmake/export_matuska_interface__rosidl_generator_pyExport-noconfig.cmake
-- Installing: /home/matus/ros2_ws/install/matuska_interface/share/matuska_interface/cmake/rosidl_cmake-extras.cmake
-- Installing: /home/matus/ros2_ws/install/matuska_interface/share/matuska_interface/cmake/ament_cmake_export_dependencies-extras.cmake
-- Installing: /home/matus/ros2_ws/install/matuska_interface/share/matuska_interface/cmake/ament_cmake_export_include_directories-extras.cmake
-- Installing: /home/matus/ros2_ws/install/matuska_interface/share/matuska_interface/cmake/ament_cmake_export_libraries-extras.cmake
-- Installing: /home/matus/ros2_ws/install/matuska_interface/share/matuska_interface/cmake/ament_cmake_export_targets-extras.cmake
-- Installing: /home/matus/ros2_ws/install/matuska_interface/share/matuska_interface/cmake/rosidl_cmake_export_typesupport_targets-extras.cmake
-- Installing: /home/matus/ros2_ws/install/matuska_interface/share/matuska_interface/cmake/rosidl_cmake_export_typesupport_libraries-extras.cmake
-- Installing: /home/matus/ros2_ws/install/matuska_interface/share/matuska_interface/cmake/matuska_interfaceConfig.cmake
-- Installing: /home/matus/ros2_ws/install/matuska_interface/share/matuska_interface/cmake/matuska_interfaceConfig-version.cmake
-- Installing: /home/matus/ros2_ws/install/matuska_interface/share/matuska_interface/package.xml
