[0.089s] Invoking command in '/home/matus/ros2_ws/build/rrm_msgs': CMAKE_PREFIX_PATH=${CMAKE_PREFIX_PATH}:/opt/ros/jazzy DEBUGINFOD_URLS=https://debuginfod.ubuntu.com /usr/bin/cmake --build /home/matus/ros2_ws/build/rrm_msgs -- -j12 -l12
[0.218s] [  2%] Built target rrm_msgs__rosidl_generator_type_description
[0.259s] [  2%] Built target ament_cmake_python_copy_rrm_msgs
[0.283s] [  4%] Built target rrm_msgs__cpp
[0.289s] [ 22%] Built target rrm_msgs__rosidl_generator_c
[0.394s] [ 31%] Built target rrm_msgs__rosidl_typesupport_introspection_c
[0.397s] [ 40%] Built target rrm_msgs__rosidl_typesupport_c
[0.397s] [ 50%] Built target rrm_msgs__rosidl_typesupport_cpp
[0.405s] [ 59%] Built target rrm_msgs__rosidl_typesupport_introspection_cpp
[0.406s] [ 68%] Built target rrm_msgs__rosidl_typesupport_fastrtps_c
[0.417s] [ 77%] Built target rrm_msgs__rosidl_typesupport_fastrtps_cpp
[0.460s] [ 77%] Built target rrm_msgs
[0.513s] [ 79%] Built target rrm_msgs__py
[0.569s] [ 86%] Built target rrm_msgs__rosidl_generator_py
[0.630s] [ 90%] Built target rrm_msgs_s__rosidl_typesupport_fastrtps_c
[0.634s] [ 95%] Built target rrm_msgs_s__rosidl_typesupport_c
[0.638s] [100%] Built target rrm_msgs_s__rosidl_typesupport_introspection_c
[0.886s] running egg_info
[0.936s] writing rrm_msgs.egg-info/PKG-INFO
[0.937s] writing dependency_links to rrm_msgs.egg-info/dependency_links.txt
[0.937s] writing top-level names to rrm_msgs.egg-info/top_level.txt
[1.081s] reading manifest file 'rrm_msgs.egg-info/SOURCES.txt'
[1.082s] writing manifest file 'rrm_msgs.egg-info/SOURCES.txt'
[1.161s] [100%] Built target ament_cmake_python_build_rrm_msgs_egg
[1.192s] Invoked command in '/home/matus/ros2_ws/build/rrm_msgs' returned '0': CMAKE_PREFIX_PATH=${CMAKE_PREFIX_PATH}:/opt/ros/jazzy DEBUGINFOD_URLS=https://debuginfod.ubuntu.com /usr/bin/cmake --build /home/matus/ros2_ws/build/rrm_msgs -- -j12 -l12
[1.406s] Invoking command in '/home/matus/ros2_ws/build/rrm_msgs': CMAKE_PREFIX_PATH=${CMAKE_PREFIX_PATH}:/opt/ros/jazzy DEBUGINFOD_URLS=https://debuginfod.ubuntu.com /usr/bin/cmake --install /home/matus/ros2_ws/build/rrm_msgs
[1.429s] -- Install configuration: ""
[1.429s] -- Up-to-date: /home/matus/ros2_ws/install/rrm_msgs/share/ament_index/resource_index/rosidl_interfaces/rrm_msgs
[1.429s] -- Up-to-date: /home/matus/ros2_ws/install/rrm_msgs/share/rrm_msgs/msg/Command.json
[1.429s] -- Up-to-date: /home/matus/ros2_ws/install/rrm_msgs/share/rrm_msgs/srv/Command.json
[1.429s] -- Up-to-date: /home/matus/ros2_ws/install/rrm_msgs/include/rrm_msgs/rrm_msgs
[1.430s] -- Up-to-date: /home/matus/ros2_ws/install/rrm_msgs/include/rrm_msgs/rrm_msgs/srv
[1.430s] -- Up-to-date: /home/matus/ros2_ws/install/rrm_msgs/include/rrm_msgs/rrm_msgs/srv/command.h
[1.430s] -- Up-to-date: /home/matus/ros2_ws/install/rrm_msgs/include/rrm_msgs/rrm_msgs/srv/detail
[1.431s] -- Up-to-date: /home/matus/ros2_ws/install/rrm_msgs/include/rrm_msgs/rrm_msgs/srv/detail/command__functions.h
[1.431s] -- Up-to-date: /home/matus/ros2_ws/install/rrm_msgs/include/rrm_msgs/rrm_msgs/srv/detail/command__functions.c
[1.431s] -- Up-to-date: /home/matus/ros2_ws/install/rrm_msgs/include/rrm_msgs/rrm_msgs/srv/detail/command__description.c
[1.431s] -- Up-to-date: /home/matus/ros2_ws/install/rrm_msgs/include/rrm_msgs/rrm_msgs/srv/detail/command__struct.h
[1.431s] -- Up-to-date: /home/matus/ros2_ws/install/rrm_msgs/include/rrm_msgs/rrm_msgs/srv/detail/command__type_support.c
[1.431s] -- Up-to-date: /home/matus/ros2_ws/install/rrm_msgs/include/rrm_msgs/rrm_msgs/srv/detail/command__type_support.h
[1.432s] -- Up-to-date: /home/matus/ros2_ws/install/rrm_msgs/include/rrm_msgs/rrm_msgs/msg
[1.432s] -- Up-to-date: /home/matus/ros2_ws/install/rrm_msgs/include/rrm_msgs/rrm_msgs/msg/rosidl_generator_c__visibility_control.h
[1.432s] -- Up-to-date: /home/matus/ros2_ws/install/rrm_msgs/include/rrm_msgs/rrm_msgs/msg/command.h
[1.432s] -- Up-to-date: /home/matus/ros2_ws/install/rrm_msgs/include/rrm_msgs/rrm_msgs/msg/detail
[1.432s] -- Up-to-date: /home/matus/ros2_ws/install/rrm_msgs/include/rrm_msgs/rrm_msgs/msg/detail/command__functions.h
[1.433s] -- Up-to-date: /home/matus/ros2_ws/install/rrm_msgs/include/rrm_msgs/rrm_msgs/msg/detail/command__functions.c
[1.433s] -- Up-to-date: /home/matus/ros2_ws/install/rrm_msgs/include/rrm_msgs/rrm_msgs/msg/detail/command__description.c
[1.433s] -- Up-to-date: /home/matus/ros2_ws/install/rrm_msgs/include/rrm_msgs/rrm_msgs/msg/detail/command__struct.h
[1.433s] -- Up-to-date: /home/matus/ros2_ws/install/rrm_msgs/include/rrm_msgs/rrm_msgs/msg/detail/command__type_support.c
[1.433s] -- Up-to-date: /home/matus/ros2_ws/install/rrm_msgs/include/rrm_msgs/rrm_msgs/msg/detail/command__type_support.h
[1.433s] -- Up-to-date: /home/matus/ros2_ws/install/rrm_msgs/share/rrm_msgs/environment/library_path.sh
[1.433s] -- Up-to-date: /home/matus/ros2_ws/install/rrm_msgs/share/rrm_msgs/environment/library_path.dsv
[1.434s] -- Up-to-date: /home/matus/ros2_ws/install/rrm_msgs/lib/librrm_msgs__rosidl_generator_c.so
[1.434s] -- Up-to-date: /home/matus/ros2_ws/install/rrm_msgs/include/rrm_msgs/rrm_msgs
[1.434s] -- Up-to-date: /home/matus/ros2_ws/install/rrm_msgs/include/rrm_msgs/rrm_msgs/srv
[1.434s] -- Up-to-date: /home/matus/ros2_ws/install/rrm_msgs/include/rrm_msgs/rrm_msgs/srv/detail
[1.434s] -- Up-to-date: /home/matus/ros2_ws/install/rrm_msgs/include/rrm_msgs/rrm_msgs/srv/detail/command__rosidl_typesupport_fastrtps_c.h
[1.434s] -- Up-to-date: /home/matus/ros2_ws/install/rrm_msgs/include/rrm_msgs/rrm_msgs/msg
[1.435s] -- Up-to-date: /home/matus/ros2_ws/install/rrm_msgs/include/rrm_msgs/rrm_msgs/msg/rosidl_typesupport_fastrtps_c__visibility_control.h
[1.435s] -- Up-to-date: /home/matus/ros2_ws/install/rrm_msgs/include/rrm_msgs/rrm_msgs/msg/detail
[1.435s] -- Up-to-date: /home/matus/ros2_ws/install/rrm_msgs/include/rrm_msgs/rrm_msgs/msg/detail/command__rosidl_typesupport_fastrtps_c.h
[1.435s] -- Up-to-date: /home/matus/ros2_ws/install/rrm_msgs/lib/librrm_msgs__rosidl_typesupport_fastrtps_c.so
[1.435s] -- Up-to-date: /home/matus/ros2_ws/install/rrm_msgs/include/rrm_msgs/rrm_msgs
[1.435s] -- Up-to-date: /home/matus/ros2_ws/install/rrm_msgs/include/rrm_msgs/rrm_msgs/srv
[1.435s] -- Up-to-date: /home/matus/ros2_ws/install/rrm_msgs/include/rrm_msgs/rrm_msgs/srv/detail
[1.436s] -- Up-to-date: /home/matus/ros2_ws/install/rrm_msgs/include/rrm_msgs/rrm_msgs/srv/detail/command__rosidl_typesupport_introspection_c.h
[1.436s] -- Up-to-date: /home/matus/ros2_ws/install/rrm_msgs/include/rrm_msgs/rrm_msgs/srv/detail/command__type_support.c
[1.436s] -- Up-to-date: /home/matus/ros2_ws/install/rrm_msgs/include/rrm_msgs/rrm_msgs/msg
[1.436s] -- Up-to-date: /home/matus/ros2_ws/install/rrm_msgs/include/rrm_msgs/rrm_msgs/msg/rosidl_typesupport_introspection_c__visibility_control.h
[1.436s] -- Up-to-date: /home/matus/ros2_ws/install/rrm_msgs/include/rrm_msgs/rrm_msgs/msg/detail
[1.436s] -- Up-to-date: /home/matus/ros2_ws/install/rrm_msgs/include/rrm_msgs/rrm_msgs/msg/detail/command__rosidl_typesupport_introspection_c.h
[1.437s] -- Up-to-date: /home/matus/ros2_ws/install/rrm_msgs/include/rrm_msgs/rrm_msgs/msg/detail/command__type_support.c
[1.437s] -- Up-to-date: /home/matus/ros2_ws/install/rrm_msgs/lib/librrm_msgs__rosidl_typesupport_introspection_c.so
[1.437s] -- Up-to-date: /home/matus/ros2_ws/install/rrm_msgs/lib/librrm_msgs__rosidl_typesupport_c.so
[1.437s] -- Up-to-date: /home/matus/ros2_ws/install/rrm_msgs/include/rrm_msgs/rrm_msgs
[1.437s] -- Up-to-date: /home/matus/ros2_ws/install/rrm_msgs/include/rrm_msgs/rrm_msgs/srv
[1.437s] -- Up-to-date: /home/matus/ros2_ws/install/rrm_msgs/include/rrm_msgs/rrm_msgs/srv/command.hpp
[1.437s] -- Up-to-date: /home/matus/ros2_ws/install/rrm_msgs/include/rrm_msgs/rrm_msgs/srv/detail
[1.438s] -- Up-to-date: /home/matus/ros2_ws/install/rrm_msgs/include/rrm_msgs/rrm_msgs/srv/detail/command__struct.hpp
[1.438s] -- Up-to-date: /home/matus/ros2_ws/install/rrm_msgs/include/rrm_msgs/rrm_msgs/srv/detail/command__builder.hpp
[1.438s] -- Up-to-date: /home/matus/ros2_ws/install/rrm_msgs/include/rrm_msgs/rrm_msgs/srv/detail/command__traits.hpp
[1.438s] -- Up-to-date: /home/matus/ros2_ws/install/rrm_msgs/include/rrm_msgs/rrm_msgs/srv/detail/command__type_support.hpp
[1.438s] -- Up-to-date: /home/matus/ros2_ws/install/rrm_msgs/include/rrm_msgs/rrm_msgs/msg
[1.438s] -- Up-to-date: /home/matus/ros2_ws/install/rrm_msgs/include/rrm_msgs/rrm_msgs/msg/command.hpp
[1.439s] -- Up-to-date: /home/matus/ros2_ws/install/rrm_msgs/include/rrm_msgs/rrm_msgs/msg/detail
[1.439s] -- Up-to-date: /home/matus/ros2_ws/install/rrm_msgs/include/rrm_msgs/rrm_msgs/msg/detail/command__struct.hpp
[1.439s] -- Up-to-date: /home/matus/ros2_ws/install/rrm_msgs/include/rrm_msgs/rrm_msgs/msg/detail/command__builder.hpp
[1.439s] -- Up-to-date: /home/matus/ros2_ws/install/rrm_msgs/include/rrm_msgs/rrm_msgs/msg/detail/command__traits.hpp
[1.439s] -- Up-to-date: /home/matus/ros2_ws/install/rrm_msgs/include/rrm_msgs/rrm_msgs/msg/detail/command__type_support.hpp
[1.439s] -- Up-to-date: /home/matus/ros2_ws/install/rrm_msgs/include/rrm_msgs/rrm_msgs/msg/rosidl_generator_cpp__visibility_control.hpp
[1.439s] -- Up-to-date: /home/matus/ros2_ws/install/rrm_msgs/include/rrm_msgs/rrm_msgs
[1.440s] -- Up-to-date: /home/matus/ros2_ws/install/rrm_msgs/include/rrm_msgs/rrm_msgs/srv
[1.440s] -- Up-to-date: /home/matus/ros2_ws/install/rrm_msgs/include/rrm_msgs/rrm_msgs/srv/detail
[1.440s] -- Up-to-date: /home/matus/ros2_ws/install/rrm_msgs/include/rrm_msgs/rrm_msgs/srv/detail/command__rosidl_typesupport_fastrtps_cpp.hpp
[1.440s] -- Up-to-date: /home/matus/ros2_ws/install/rrm_msgs/include/rrm_msgs/rrm_msgs/srv/detail/dds_fastrtps
[1.440s] -- Up-to-date: /home/matus/ros2_ws/install/rrm_msgs/include/rrm_msgs/rrm_msgs/msg
[1.441s] -- Up-to-date: /home/matus/ros2_ws/install/rrm_msgs/include/rrm_msgs/rrm_msgs/msg/rosidl_typesupport_fastrtps_cpp__visibility_control.h
[1.441s] -- Up-to-date: /home/matus/ros2_ws/install/rrm_msgs/include/rrm_msgs/rrm_msgs/msg/detail
[1.441s] -- Up-to-date: /home/matus/ros2_ws/install/rrm_msgs/include/rrm_msgs/rrm_msgs/msg/detail/command__rosidl_typesupport_fastrtps_cpp.hpp
[1.441s] -- Up-to-date: /home/matus/ros2_ws/install/rrm_msgs/include/rrm_msgs/rrm_msgs/msg/detail/dds_fastrtps
[1.441s] -- Up-to-date: /home/matus/ros2_ws/install/rrm_msgs/lib/librrm_msgs__rosidl_typesupport_fastrtps_cpp.so
[1.441s] -- Up-to-date: /home/matus/ros2_ws/install/rrm_msgs/include/rrm_msgs/rrm_msgs
[1.441s] -- Up-to-date: /home/matus/ros2_ws/install/rrm_msgs/include/rrm_msgs/rrm_msgs/srv
[1.441s] -- Up-to-date: /home/matus/ros2_ws/install/rrm_msgs/include/rrm_msgs/rrm_msgs/srv/detail
[1.442s] -- Up-to-date: /home/matus/ros2_ws/install/rrm_msgs/include/rrm_msgs/rrm_msgs/srv/detail/command__rosidl_typesupport_introspection_cpp.hpp
[1.442s] -- Up-to-date: /home/matus/ros2_ws/install/rrm_msgs/include/rrm_msgs/rrm_msgs/srv/detail/command__type_support.cpp
[1.442s] -- Up-to-date: /home/matus/ros2_ws/install/rrm_msgs/include/rrm_msgs/rrm_msgs/msg
[1.442s] -- Up-to-date: /home/matus/ros2_ws/install/rrm_msgs/include/rrm_msgs/rrm_msgs/msg/detail
[1.442s] -- Up-to-date: /home/matus/ros2_ws/install/rrm_msgs/include/rrm_msgs/rrm_msgs/msg/detail/command__rosidl_typesupport_introspection_cpp.hpp
[1.442s] -- Up-to-date: /home/matus/ros2_ws/install/rrm_msgs/include/rrm_msgs/rrm_msgs/msg/detail/command__type_support.cpp
[1.442s] -- Up-to-date: /home/matus/ros2_ws/install/rrm_msgs/lib/librrm_msgs__rosidl_typesupport_introspection_cpp.so
[1.442s] -- Up-to-date: /home/matus/ros2_ws/install/rrm_msgs/lib/librrm_msgs__rosidl_typesupport_cpp.so
[1.443s] -- Up-to-date: /home/matus/ros2_ws/install/rrm_msgs/share/rrm_msgs/environment/pythonpath.sh
[1.443s] -- Up-to-date: /home/matus/ros2_ws/install/rrm_msgs/share/rrm_msgs/environment/pythonpath.dsv
[1.443s] -- Up-to-date: /home/matus/ros2_ws/install/rrm_msgs/lib/python3.12/site-packages/rrm_msgs-0.0.0-py3.12.egg-info
[1.443s] -- Installing: /home/matus/ros2_ws/install/rrm_msgs/lib/python3.12/site-packages/rrm_msgs-0.0.0-py3.12.egg-info/SOURCES.txt
[1.443s] -- Installing: /home/matus/ros2_ws/install/rrm_msgs/lib/python3.12/site-packages/rrm_msgs-0.0.0-py3.12.egg-info/dependency_links.txt
[1.443s] -- Installing: /home/matus/ros2_ws/install/rrm_msgs/lib/python3.12/site-packages/rrm_msgs-0.0.0-py3.12.egg-info/top_level.txt
[1.444s] -- Installing: /home/matus/ros2_ws/install/rrm_msgs/lib/python3.12/site-packages/rrm_msgs-0.0.0-py3.12.egg-info/PKG-INFO
[1.444s] -- Up-to-date: /home/matus/ros2_ws/install/rrm_msgs/lib/python3.12/site-packages/rrm_msgs
[1.444s] -- Up-to-date: /home/matus/ros2_ws/install/rrm_msgs/lib/python3.12/site-packages/rrm_msgs/_rrm_msgs_s.ep.rosidl_typesupport_c.c
[1.444s] -- Up-to-date: /home/matus/ros2_ws/install/rrm_msgs/lib/python3.12/site-packages/rrm_msgs/__init__.py
[1.444s] -- Up-to-date: /home/matus/ros2_ws/install/rrm_msgs/lib/python3.12/site-packages/rrm_msgs/rrm_msgs_s__rosidl_typesupport_fastrtps_c.so
[1.444s] -- Up-to-date: /home/matus/ros2_ws/install/rrm_msgs/lib/python3.12/site-packages/rrm_msgs/_rrm_msgs_s.ep.rosidl_typesupport_fastrtps_c.c
[1.444s] -- Up-to-date: /home/matus/ros2_ws/install/rrm_msgs/lib/python3.12/site-packages/rrm_msgs/srv
[1.444s] -- Up-to-date: /home/matus/ros2_ws/install/rrm_msgs/lib/python3.12/site-packages/rrm_msgs/srv/__init__.py
[1.445s] -- Up-to-date: /home/matus/ros2_ws/install/rrm_msgs/lib/python3.12/site-packages/rrm_msgs/srv/_command_s.c
[1.445s] -- Up-to-date: /home/matus/ros2_ws/install/rrm_msgs/lib/python3.12/site-packages/rrm_msgs/srv/_command.py
[1.445s] -- Up-to-date: /home/matus/ros2_ws/install/rrm_msgs/lib/python3.12/site-packages/rrm_msgs/rrm_msgs_s__rosidl_typesupport_introspection_c.so
[1.445s] -- Up-to-date: /home/matus/ros2_ws/install/rrm_msgs/lib/python3.12/site-packages/rrm_msgs/msg
[1.445s] -- Up-to-date: /home/matus/ros2_ws/install/rrm_msgs/lib/python3.12/site-packages/rrm_msgs/msg/__init__.py
[1.445s] -- Up-to-date: /home/matus/ros2_ws/install/rrm_msgs/lib/python3.12/site-packages/rrm_msgs/msg/_command_s.c
[1.445s] -- Up-to-date: /home/matus/ros2_ws/install/rrm_msgs/lib/python3.12/site-packages/rrm_msgs/msg/_command.py
[1.445s] -- Up-to-date: /home/matus/ros2_ws/install/rrm_msgs/lib/python3.12/site-packages/rrm_msgs/_rrm_msgs_s.ep.rosidl_typesupport_introspection_c.c
[1.446s] -- Up-to-date: /home/matus/ros2_ws/install/rrm_msgs/lib/python3.12/site-packages/rrm_msgs/rrm_msgs_s__rosidl_typesupport_c.so
[1.523s] Listing '/home/matus/ros2_ws/install/rrm_msgs/lib/python3.12/site-packages/rrm_msgs'...
[1.523s] Listing '/home/matus/ros2_ws/install/rrm_msgs/lib/python3.12/site-packages/rrm_msgs/msg'...
[1.523s] Listing '/home/matus/ros2_ws/install/rrm_msgs/lib/python3.12/site-packages/rrm_msgs/srv'...
[1.536s] -- Up-to-date: /home/matus/ros2_ws/install/rrm_msgs/lib/python3.12/site-packages/rrm_msgs/rrm_msgs_s__rosidl_typesupport_fastrtps_c.so
[1.537s] -- Up-to-date: /home/matus/ros2_ws/install/rrm_msgs/lib/python3.12/site-packages/rrm_msgs/rrm_msgs_s__rosidl_typesupport_introspection_c.so
[1.537s] -- Up-to-date: /home/matus/ros2_ws/install/rrm_msgs/lib/python3.12/site-packages/rrm_msgs/rrm_msgs_s__rosidl_typesupport_c.so
[1.538s] -- Up-to-date: /home/matus/ros2_ws/install/rrm_msgs/lib/librrm_msgs__rosidl_generator_py.so
[1.538s] -- Up-to-date: /home/matus/ros2_ws/install/rrm_msgs/share/rrm_msgs/msg/Command.idl
[1.539s] -- Up-to-date: /home/matus/ros2_ws/install/rrm_msgs/share/rrm_msgs/srv/Command.idl
[1.539s] -- Up-to-date: /home/matus/ros2_ws/install/rrm_msgs/share/rrm_msgs/msg/Command.msg
[1.539s] -- Up-to-date: /home/matus/ros2_ws/install/rrm_msgs/share/rrm_msgs/srv/Command.srv
[1.540s] -- Up-to-date: /home/matus/ros2_ws/install/rrm_msgs/share/ament_index/resource_index/package_run_dependencies/rrm_msgs
[1.540s] -- Up-to-date: /home/matus/ros2_ws/install/rrm_msgs/share/ament_index/resource_index/parent_prefix_path/rrm_msgs
[1.540s] -- Up-to-date: /home/matus/ros2_ws/install/rrm_msgs/share/rrm_msgs/environment/ament_prefix_path.sh
[1.540s] -- Up-to-date: /home/matus/ros2_ws/install/rrm_msgs/share/rrm_msgs/environment/ament_prefix_path.dsv
[1.541s] -- Up-to-date: /home/matus/ros2_ws/install/rrm_msgs/share/rrm_msgs/environment/path.sh
[1.541s] -- Up-to-date: /home/matus/ros2_ws/install/rrm_msgs/share/rrm_msgs/environment/path.dsv
[1.541s] -- Up-to-date: /home/matus/ros2_ws/install/rrm_msgs/share/rrm_msgs/local_setup.bash
[1.541s] -- Up-to-date: /home/matus/ros2_ws/install/rrm_msgs/share/rrm_msgs/local_setup.sh
[1.541s] -- Up-to-date: /home/matus/ros2_ws/install/rrm_msgs/share/rrm_msgs/local_setup.zsh
[1.541s] -- Up-to-date: /home/matus/ros2_ws/install/rrm_msgs/share/rrm_msgs/local_setup.dsv
[1.542s] -- Installing: /home/matus/ros2_ws/install/rrm_msgs/share/rrm_msgs/package.dsv
[1.542s] -- Up-to-date: /home/matus/ros2_ws/install/rrm_msgs/share/ament_index/resource_index/packages/rrm_msgs
[1.542s] -- Up-to-date: /home/matus/ros2_ws/install/rrm_msgs/share/rrm_msgs/cmake/export_rrm_msgs__rosidl_generator_cExport.cmake
[1.542s] -- Up-to-date: /home/matus/ros2_ws/install/rrm_msgs/share/rrm_msgs/cmake/export_rrm_msgs__rosidl_generator_cExport-noconfig.cmake
[1.542s] -- Up-to-date: /home/matus/ros2_ws/install/rrm_msgs/share/rrm_msgs/cmake/export_rrm_msgs__rosidl_typesupport_fastrtps_cExport.cmake
[1.542s] -- Up-to-date: /home/matus/ros2_ws/install/rrm_msgs/share/rrm_msgs/cmake/export_rrm_msgs__rosidl_typesupport_fastrtps_cExport-noconfig.cmake
[1.542s] -- Up-to-date: /home/matus/ros2_ws/install/rrm_msgs/share/rrm_msgs/cmake/rrm_msgs__rosidl_typesupport_introspection_cExport.cmake
[1.542s] -- Up-to-date: /home/matus/ros2_ws/install/rrm_msgs/share/rrm_msgs/cmake/rrm_msgs__rosidl_typesupport_introspection_cExport-noconfig.cmake
[1.542s] -- Up-to-date: /home/matus/ros2_ws/install/rrm_msgs/share/rrm_msgs/cmake/rrm_msgs__rosidl_typesupport_cExport.cmake
[1.542s] -- Up-to-date: /home/matus/ros2_ws/install/rrm_msgs/share/rrm_msgs/cmake/rrm_msgs__rosidl_typesupport_cExport-noconfig.cmake
[1.543s] -- Up-to-date: /home/matus/ros2_ws/install/rrm_msgs/share/rrm_msgs/cmake/export_rrm_msgs__rosidl_generator_cppExport.cmake
[1.543s] -- Up-to-date: /home/matus/ros2_ws/install/rrm_msgs/share/rrm_msgs/cmake/export_rrm_msgs__rosidl_typesupport_fastrtps_cppExport.cmake
[1.543s] -- Up-to-date: /home/matus/ros2_ws/install/rrm_msgs/share/rrm_msgs/cmake/export_rrm_msgs__rosidl_typesupport_fastrtps_cppExport-noconfig.cmake
[1.543s] -- Up-to-date: /home/matus/ros2_ws/install/rrm_msgs/share/rrm_msgs/cmake/rrm_msgs__rosidl_typesupport_introspection_cppExport.cmake
[1.543s] -- Up-to-date: /home/matus/ros2_ws/install/rrm_msgs/share/rrm_msgs/cmake/rrm_msgs__rosidl_typesupport_introspection_cppExport-noconfig.cmake
[1.543s] -- Up-to-date: /home/matus/ros2_ws/install/rrm_msgs/share/rrm_msgs/cmake/rrm_msgs__rosidl_typesupport_cppExport.cmake
[1.543s] -- Up-to-date: /home/matus/ros2_ws/install/rrm_msgs/share/rrm_msgs/cmake/rrm_msgs__rosidl_typesupport_cppExport-noconfig.cmake
[1.544s] -- Up-to-date: /home/matus/ros2_ws/install/rrm_msgs/share/rrm_msgs/cmake/export_rrm_msgs__rosidl_generator_pyExport.cmake
[1.544s] -- Up-to-date: /home/matus/ros2_ws/install/rrm_msgs/share/rrm_msgs/cmake/export_rrm_msgs__rosidl_generator_pyExport-noconfig.cmake
[1.544s] -- Up-to-date: /home/matus/ros2_ws/install/rrm_msgs/share/rrm_msgs/cmake/rosidl_cmake-extras.cmake
[1.544s] -- Up-to-date: /home/matus/ros2_ws/install/rrm_msgs/share/rrm_msgs/cmake/ament_cmake_export_dependencies-extras.cmake
[1.544s] -- Up-to-date: /home/matus/ros2_ws/install/rrm_msgs/share/rrm_msgs/cmake/ament_cmake_export_include_directories-extras.cmake
[1.544s] -- Up-to-date: /home/matus/ros2_ws/install/rrm_msgs/share/rrm_msgs/cmake/ament_cmake_export_libraries-extras.cmake
[1.544s] -- Up-to-date: /home/matus/ros2_ws/install/rrm_msgs/share/rrm_msgs/cmake/ament_cmake_export_targets-extras.cmake
[1.544s] -- Up-to-date: /home/matus/ros2_ws/install/rrm_msgs/share/rrm_msgs/cmake/rosidl_cmake_export_typesupport_targets-extras.cmake
[1.545s] -- Up-to-date: /home/matus/ros2_ws/install/rrm_msgs/share/rrm_msgs/cmake/rosidl_cmake_export_typesupport_libraries-extras.cmake
[1.545s] -- Up-to-date: /home/matus/ros2_ws/install/rrm_msgs/share/rrm_msgs/cmake/rrm_msgsConfig.cmake
[1.545s] -- Up-to-date: /home/matus/ros2_ws/install/rrm_msgs/share/rrm_msgs/cmake/rrm_msgsConfig-version.cmake
[1.545s] -- Up-to-date: /home/matus/ros2_ws/install/rrm_msgs/share/rrm_msgs/package.xml
[1.550s] Invoked command in '/home/matus/ros2_ws/build/rrm_msgs' returned '0': CMAKE_PREFIX_PATH=${CMAKE_PREFIX_PATH}:/opt/ros/jazzy DEBUGINFOD_URLS=https://debuginfod.ubuntu.com /usr/bin/cmake --install /home/matus/ros2_ws/build/rrm_msgs
