[0.100s] DEBUG:colcon:Command line arguments: ['/usr/bin/colcon', 'build']
[0.101s] DEBUG:colcon:Parsed command line arguments: Namespace(log_base=None, log_level=None, verb_name='build', build_base='build', install_base='install', merge_install=False, symlink_install=False, test_result_base=None, continue_on_error=False, executor='parallel', parallel_workers=12, event_handlers=None, ignore_user_meta=False, metas=['./colcon.meta'], base_paths=['.'], packages_ignore=None, packages_ignore_regex=None, paths=None, packages_up_to=None, packages_up_to_regex=None, packages_above=None, packages_above_and_dependencies=None, packages_above_depth=None, packages_select_by_dep=None, packages_skip_by_dep=None, packages_skip_up_to=None, packages_select_build_failed=False, packages_skip_build_finished=False, packages_select_test_failures=False, packages_skip_test_passed=False, packages_select=None, packages_skip=None, packages_select_regex=None, packages_skip_regex=None, packages_start=None, packages_end=None, allow_overriding=[], cmake_args=None, cmake_target=None, cmake_target_skip_unavailable=False, cmake_clean_cache=False, cmake_clean_first=False, cmake_force_configure=False, ament_cmake_args=None, catkin_cmake_args=None, catkin_skip_building_tests=False, mixin_files=None, mixin=None, verb_parser=<colcon_mixin.mixin.mixin_argument.MixinArgumentDecorator object at 0x7bf78a459070>, verb_extension=<colcon_core.verb.build.BuildVerb object at 0x7bf78a553fb0>, main=<bound method BuildVerb.main of <colcon_core.verb.build.BuildVerb object at 0x7bf78a553fb0>>, mixin_verb=('build',))
[0.138s] Level 1:colcon.colcon_core.package_discovery:discover_packages(colcon_meta) check parameters
[0.138s] Level 1:colcon.colcon_core.package_discovery:discover_packages(recursive) check parameters
[0.138s] Level 1:colcon.colcon_core.package_discovery:discover_packages(ignore) check parameters
[0.138s] Level 1:colcon.colcon_core.package_discovery:discover_packages(path) check parameters
[0.138s] Level 1:colcon.colcon_core.package_discovery:discover_packages(colcon_meta) discover
[0.138s] Level 1:colcon.colcon_core.package_discovery:discover_packages(recursive) discover
[0.138s] INFO:colcon.colcon_core.package_discovery:Crawling recursively for packages in '/home/matus/ros2_ws'
[0.139s] Level 1:colcon.colcon_core.package_identification:_identify(.) by extensions ['ignore', 'ignore_ament_install']
[0.139s] Level 1:colcon.colcon_core.package_identification:_identify(.) by extension 'ignore'
[0.139s] Level 1:colcon.colcon_core.package_identification:_identify(.) by extension 'ignore_ament_install'
[0.139s] Level 1:colcon.colcon_core.package_identification:_identify(.) by extensions ['colcon_pkg']
[0.139s] Level 1:colcon.colcon_core.package_identification:_identify(.) by extension 'colcon_pkg'
[0.139s] Level 1:colcon.colcon_core.package_identification:_identify(.) by extensions ['colcon_meta']
[0.139s] Level 1:colcon.colcon_core.package_identification:_identify(.) by extension 'colcon_meta'
[0.139s] Level 1:colcon.colcon_core.package_identification:_identify(.) by extensions ['ros']
[0.139s] Level 1:colcon.colcon_core.package_identification:_identify(.) by extension 'ros'
[0.164s] Level 1:colcon.colcon_core.package_identification:_identify(.) by extensions ['cmake', 'python']
[0.164s] Level 1:colcon.colcon_core.package_identification:_identify(.) by extension 'cmake'
[0.164s] Level 1:colcon.colcon_core.package_identification:_identify(.) by extension 'python'
[0.164s] Level 1:colcon.colcon_core.package_identification:_identify(.) by extensions ['python_setup_py']
[0.164s] Level 1:colcon.colcon_core.package_identification:_identify(.) by extension 'python_setup_py'
[0.165s] Level 1:colcon.colcon_core.package_identification:_identify(build) by extensions ['ignore', 'ignore_ament_install']
[0.165s] Level 1:colcon.colcon_core.package_identification:_identify(build) by extension 'ignore'
[0.165s] Level 1:colcon.colcon_core.package_identification:_identify(build) ignored
[0.165s] Level 1:colcon.colcon_core.package_identification:_identify(install) by extensions ['ignore', 'ignore_ament_install']
[0.165s] Level 1:colcon.colcon_core.package_identification:_identify(install) by extension 'ignore'
[0.165s] Level 1:colcon.colcon_core.package_identification:_identify(install) ignored
[0.165s] Level 1:colcon.colcon_core.package_identification:_identify(log) by extensions ['ignore', 'ignore_ament_install']
[0.165s] Level 1:colcon.colcon_core.package_identification:_identify(log) by extension 'ignore'
[0.165s] Level 1:colcon.colcon_core.package_identification:_identify(log) ignored
[0.165s] Level 1:colcon.colcon_core.package_identification:_identify(src) by extensions ['ignore', 'ignore_ament_install']
[0.165s] Level 1:colcon.colcon_core.package_identification:_identify(src) by extension 'ignore'
[0.165s] Level 1:colcon.colcon_core.package_identification:_identify(src) by extension 'ignore_ament_install'
[0.165s] Level 1:colcon.colcon_core.package_identification:_identify(src) by extensions ['colcon_pkg']
[0.165s] Level 1:colcon.colcon_core.package_identification:_identify(src) by extension 'colcon_pkg'
[0.166s] Level 1:colcon.colcon_core.package_identification:_identify(src) by extensions ['colcon_meta']
[0.166s] Level 1:colcon.colcon_core.package_identification:_identify(src) by extension 'colcon_meta'
[0.166s] Level 1:colcon.colcon_core.package_identification:_identify(src) by extensions ['ros']
[0.166s] Level 1:colcon.colcon_core.package_identification:_identify(src) by extension 'ros'
[0.166s] Level 1:colcon.colcon_core.package_identification:_identify(src) by extensions ['cmake', 'python']
[0.166s] Level 1:colcon.colcon_core.package_identification:_identify(src) by extension 'cmake'
[0.166s] Level 1:colcon.colcon_core.package_identification:_identify(src) by extension 'python'
[0.166s] Level 1:colcon.colcon_core.package_identification:_identify(src) by extensions ['python_setup_py']
[0.166s] Level 1:colcon.colcon_core.package_identification:_identify(src) by extension 'python_setup_py'
[0.166s] Level 1:colcon.colcon_core.package_identification:_identify(src/cv1) by extensions ['ignore', 'ignore_ament_install']
[0.166s] Level 1:colcon.colcon_core.package_identification:_identify(src/cv1) by extension 'ignore'
[0.166s] Level 1:colcon.colcon_core.package_identification:_identify(src/cv1) by extension 'ignore_ament_install'
[0.166s] Level 1:colcon.colcon_core.package_identification:_identify(src/cv1) by extensions ['colcon_pkg']
[0.166s] Level 1:colcon.colcon_core.package_identification:_identify(src/cv1) by extension 'colcon_pkg'
[0.166s] Level 1:colcon.colcon_core.package_identification:_identify(src/cv1) by extensions ['colcon_meta']
[0.166s] Level 1:colcon.colcon_core.package_identification:_identify(src/cv1) by extension 'colcon_meta'
[0.166s] Level 1:colcon.colcon_core.package_identification:_identify(src/cv1) by extensions ['ros']
[0.166s] Level 1:colcon.colcon_core.package_identification:_identify(src/cv1) by extension 'ros'
[0.169s] DEBUG:colcon.colcon_core.package_identification:Package 'src/cv1' with type 'ros.ament_cmake' and name 'cv1'
[0.169s] Level 1:colcon.colcon_core.package_discovery:discover_packages(recursive) using defaults
[0.169s] Level 1:colcon.colcon_core.package_discovery:discover_packages(ignore) discover
[0.169s] Level 1:colcon.colcon_core.package_discovery:discover_packages(ignore) using defaults
[0.169s] Level 1:colcon.colcon_core.package_discovery:discover_packages(path) discover
[0.169s] Level 1:colcon.colcon_core.package_discovery:discover_packages(path) using defaults
[0.187s] Level 1:colcon.colcon_core.package_discovery:discover_packages(prefix_path) check parameters
[0.187s] Level 1:colcon.colcon_core.package_discovery:discover_packages(prefix_path) discover
[0.188s] Level 1:colcon.colcon_core.package_discovery:discover_packages(prefix_path) using defaults
[0.189s] Level 5:colcon.colcon_core.verb:set package 'cv1' build argument 'cmake_args' from command line to 'None'
[0.189s] Level 5:colcon.colcon_core.verb:set package 'cv1' build argument 'cmake_target' from command line to 'None'
[0.189s] Level 5:colcon.colcon_core.verb:set package 'cv1' build argument 'cmake_target_skip_unavailable' from command line to 'False'
[0.189s] Level 5:colcon.colcon_core.verb:set package 'cv1' build argument 'cmake_clean_cache' from command line to 'False'
[0.189s] Level 5:colcon.colcon_core.verb:set package 'cv1' build argument 'cmake_clean_first' from command line to 'False'
[0.189s] Level 5:colcon.colcon_core.verb:set package 'cv1' build argument 'cmake_force_configure' from command line to 'False'
[0.189s] Level 5:colcon.colcon_core.verb:set package 'cv1' build argument 'ament_cmake_args' from command line to 'None'
[0.189s] Level 5:colcon.colcon_core.verb:set package 'cv1' build argument 'catkin_cmake_args' from command line to 'None'
[0.189s] Level 5:colcon.colcon_core.verb:set package 'cv1' build argument 'catkin_skip_building_tests' from command line to 'False'
[0.189s] DEBUG:colcon.colcon_core.verb:Building package 'cv1' with the following arguments: {'ament_cmake_args': None, 'build_base': '/home/matus/ros2_ws/build/cv1', 'catkin_cmake_args': None, 'catkin_skip_building_tests': False, 'cmake_args': None, 'cmake_clean_cache': False, 'cmake_clean_first': False, 'cmake_force_configure': False, 'cmake_target': None, 'cmake_target_skip_unavailable': False, 'install_base': '/home/matus/ros2_ws/install/cv1', 'merge_install': False, 'path': '/home/matus/ros2_ws/src/cv1', 'symlink_install': False, 'test_result_base': None}
[0.189s] INFO:colcon.colcon_core.executor:Executing jobs using 'parallel' executor
[0.190s] DEBUG:colcon.colcon_parallel_executor.executor.parallel:run_until_complete
[0.190s] INFO:colcon.colcon_ros.task.ament_cmake.build:Building ROS package in '/home/matus/ros2_ws/src/cv1' with build type 'ament_cmake'
[0.190s] INFO:colcon.colcon_cmake.task.cmake.build:Building CMake package in '/home/matus/ros2_ws/src/cv1'
[0.193s] INFO:colcon.colcon_core.plugin_system:Skipping extension 'colcon_core.shell.bat': Not used on non-Windows systems
[0.193s] INFO:colcon.colcon_core.shell:Skip shell extension 'powershell' for command environment: Not usable outside of PowerShell
[0.193s] DEBUG:colcon.colcon_core.shell:Skip shell extension 'dsv' for command environment
[0.200s] DEBUG:colcon.colcon_core.event_handler.log_command:Invoking command in '/home/matus/ros2_ws/build/cv1': DEBUGINFOD_URLS=https://debuginfod.ubuntu.com /usr/bin/cmake --build /home/matus/ros2_ws/build/cv1 -- -j12 -l12
[0.279s] DEBUG:colcon.colcon_core.event_handler.log_command:Invoked command in '/home/matus/ros2_ws/build/cv1' returned '2': DEBUGINFOD_URLS=https://debuginfod.ubuntu.com /usr/bin/cmake --build /home/matus/ros2_ws/build/cv1 -- -j12 -l12
[0.312s] Level 1:colcon.colcon_core.environment:create_environment_scripts_only(cv1)
[0.314s] Level 1:colcon.colcon_core.environment:checking '/home/matus/ros2_ws/install/cv1' for CMake module files
[0.315s] Level 1:colcon.colcon_core.environment:checking '/home/matus/ros2_ws/install/cv1' for CMake config files
[0.315s] Level 1:colcon.colcon_core.shell:create_environment_hook('cv1', 'cmake_prefix_path')
[0.315s] INFO:colcon.colcon_core.shell:Creating environment hook '/home/matus/ros2_ws/install/cv1/share/cv1/hook/cmake_prefix_path.ps1'
[0.316s] INFO:colcon.colcon_core.shell:Creating environment descriptor '/home/matus/ros2_ws/install/cv1/share/cv1/hook/cmake_prefix_path.dsv'
[0.316s] INFO:colcon.colcon_core.shell:Creating environment hook '/home/matus/ros2_ws/install/cv1/share/cv1/hook/cmake_prefix_path.sh'
[0.317s] Level 1:colcon.colcon_core.environment:checking '/home/matus/ros2_ws/install/cv1/lib'
[0.317s] Level 1:colcon.colcon_core.environment:checking '/home/matus/ros2_ws/install/cv1/bin'
[0.317s] Level 1:colcon.colcon_core.environment:checking '/home/matus/ros2_ws/install/cv1/lib/pkgconfig/cv1.pc'
[0.319s] Level 1:colcon.colcon_core.environment:checking '/home/matus/ros2_ws/install/cv1/lib/python3.12/site-packages'
[0.320s] Level 1:colcon.colcon_core.environment:checking '/home/matus/ros2_ws/install/cv1/bin'
[0.320s] INFO:colcon.colcon_core.shell:Creating package script '/home/matus/ros2_ws/install/cv1/share/cv1/package.ps1'
[0.321s] INFO:colcon.colcon_core.shell:Creating package descriptor '/home/matus/ros2_ws/install/cv1/share/cv1/package.dsv'
[0.321s] INFO:colcon.colcon_core.shell:Creating package script '/home/matus/ros2_ws/install/cv1/share/cv1/package.sh'
[0.322s] INFO:colcon.colcon_core.shell:Creating package script '/home/matus/ros2_ws/install/cv1/share/cv1/package.bash'
[0.322s] INFO:colcon.colcon_core.shell:Creating package script '/home/matus/ros2_ws/install/cv1/share/cv1/package.zsh'
[0.323s] Level 1:colcon.colcon_core.environment:create_file_with_runtime_dependencies(/home/matus/ros2_ws/install/cv1/share/colcon-core/packages/cv1)
[0.333s] DEBUG:colcon.colcon_parallel_executor.executor.parallel:closing loop
[0.334s] DEBUG:colcon.colcon_parallel_executor.executor.parallel:loop closed
[0.334s] DEBUG:colcon.colcon_parallel_executor.executor.parallel:run_until_complete finished with '2'
[0.334s] DEBUG:colcon.colcon_core.event_reactor:joining thread
[0.340s] INFO:colcon.colcon_core.plugin_system:Skipping extension 'colcon_notification.desktop_notification.terminal_notifier': Not used on non-Darwin systems
[0.340s] INFO:colcon.colcon_core.plugin_system:Skipping extension 'colcon_notification.desktop_notification.win32': Not used on non-Windows systems
[0.340s] INFO:colcon.colcon_notification.desktop_notification:Sending desktop notification using 'notify2'
[0.351s] DEBUG:colcon.colcon_core.event_reactor:joined thread
[0.351s] INFO:colcon.colcon_core.shell:Creating prefix script '/home/matus/ros2_ws/install/local_setup.ps1'
[0.352s] INFO:colcon.colcon_core.shell:Creating prefix util module '/home/matus/ros2_ws/install/_local_setup_util_ps1.py'
[0.353s] INFO:colcon.colcon_core.shell:Creating prefix chain script '/home/matus/ros2_ws/install/setup.ps1'
[0.354s] INFO:colcon.colcon_core.shell:Creating prefix script '/home/matus/ros2_ws/install/local_setup.sh'
[0.354s] INFO:colcon.colcon_core.shell:Creating prefix util module '/home/matus/ros2_ws/install/_local_setup_util_sh.py'
[0.355s] INFO:colcon.colcon_core.shell:Creating prefix chain script '/home/matus/ros2_ws/install/setup.sh'
[0.355s] INFO:colcon.colcon_core.shell:Creating prefix script '/home/matus/ros2_ws/install/local_setup.bash'
[0.356s] INFO:colcon.colcon_core.shell:Creating prefix chain script '/home/matus/ros2_ws/install/setup.bash'
[0.356s] INFO:colcon.colcon_core.shell:Creating prefix script '/home/matus/ros2_ws/install/local_setup.zsh'
[0.357s] INFO:colcon.colcon_core.shell:Creating prefix chain script '/home/matus/ros2_ws/install/setup.zsh'
