[  2%] Built target matuska_interface__rosidl_generator_type_description
[  2%] Built target ament_cmake_python_copy_matuska_interface
[  5%] Built target matuska_interface__cpp
[ 20%] Built target matuska_interface__rosidl_generator_c
[ 29%] Built target matuska_interface__rosidl_typesupport_fastrtps_cpp
[ 47%] Built target matuska_interface__rosidl_typesupport_cpp
[ 47%] Built target matuska_interface__rosidl_typesupport_introspection_cpp
[ 64%] Built target matuska_interface__rosidl_typesupport_c
[ 64%] Built target matuska_interface__rosidl_typesupport_fastrtps_c
[ 73%] Built target matuska_interface__rosidl_typesupport_introspection_c
[ 73%] Built target matuska_interface
[ 76%] Built target matuska_interface__py
[ 82%] Built target matuska_interface__rosidl_generator_py
[ 94%] Built target matuska_interface_s__rosidl_typesupport_c
[ 94%] Built target matuska_interface_s__rosidl_typesupport_fastrtps_c
[100%] Built target matuska_interface_s__rosidl_typesupport_introspection_c
running egg_info
writing matuska_interface.egg-info/PKG-INFO
writing dependency_links to matuska_interface.egg-info/dependency_links.txt
writing top-level names to matuska_interface.egg-info/top_level.txt
reading manifest file 'matuska_interface.egg-info/SOURCES.txt'
writing manifest file 'matuska_interface.egg-info/SOURCES.txt'
[100%] Built target ament_cmake_python_build_matuska_interface_egg
