[0.026s] Invoking command in '/home/matus/ros2_ws/build/matuska_interface': CMAKE_PREFIX_PATH=${CMAKE_PREFIX_PATH}:/opt/ros/jazzy DEBUGINFOD_URLS=https://debuginfod.ubuntu.com /usr/bin/cmake --build /home/matus/ros2_ws/build/matuska_interface -- -j12 -l12
[0.082s] [  2%] Built target matuska_interface__rosidl_generator_type_description
[0.094s] [  2%] Built target ament_cmake_python_copy_matuska_interface
[0.108s] [  5%] Built target matuska_interface__cpp
[0.110s] [ 20%] Built target matuska_interface__rosidl_generator_c
[0.155s] [ 29%] Built target matuska_interface__rosidl_typesupport_fastrtps_cpp
[0.155s] [ 47%] Built target matuska_interface__rosidl_typesupport_cpp
[0.155s] [ 47%] Built target matuska_interface__rosidl_typesupport_introspection_cpp
[0.157s] [ 64%] Built target matuska_interface__rosidl_typesupport_c
[0.157s] [ 64%] Built target matuska_interface__rosidl_typesupport_fastrtps_c
[0.157s] [ 73%] Built target matuska_interface__rosidl_typesupport_introspection_c
[0.189s] [ 73%] Built target matuska_interface
[0.211s] [ 76%] Built target matuska_interface__py
[0.238s] [ 82%] Built target matuska_interface__rosidl_generator_py
[0.267s] [ 94%] Built target matuska_interface_s__rosidl_typesupport_c
[0.267s] [ 94%] Built target matuska_interface_s__rosidl_typesupport_fastrtps_c
[0.268s] [100%] Built target matuska_interface_s__rosidl_typesupport_introspection_c
[0.350s] running egg_info
[0.368s] writing matuska_interface.egg-info/PKG-INFO
[0.368s] writing dependency_links to matuska_interface.egg-info/dependency_links.txt
[0.368s] writing top-level names to matuska_interface.egg-info/top_level.txt
[0.418s] reading manifest file 'matuska_interface.egg-info/SOURCES.txt'
[0.419s] writing manifest file 'matuska_interface.egg-info/SOURCES.txt'
[0.457s] [100%] Built target ament_cmake_python_build_matuska_interface_egg
