[0.009s] Invoking command in '/home/matus/ros2_ws/build/rrm_msgs': DEBUGINFOD_URLS=https://debuginfod.ubuntu.com /usr/bin/cmake /home/matus/ros2_ws/src/rrm/rrm_msgs -DCMAKE_INSTALL_PREFIX=/home/matus/ros2_ws/install/rrm_msgs
[0.076s] -- The C compiler identification is GNU 13.2.0
[0.143s] -- The CXX compiler identification is GNU 13.2.0
[0.163s] -- Detecting C compiler ABI info
[0.263s] -- Detecting C compiler ABI info - done
[0.273s] -- Check for working C compiler: /usr/bin/cc - skipped
[0.273s] -- Detecting C compile features
[0.274s] -- Detecting C compile features - done
[0.286s] -- Detecting CXX compiler ABI info
[0.397s] -- Detecting CXX compiler ABI info - done
[0.408s] -- Check for working CXX compiler: /usr/bin/c++ - skipped
[0.408s] -- Detecting CXX compile features
[0.409s] -- Detecting CXX compile features - done
[0.418s] [31mCMake Error at CMakeLists.txt:19 (find_package):
[0.419s]   By not providing "Findament_cmake.cmake" in CMAKE_MODULE_PATH this project
[0.419s]   has asked CMake to find a package configuration file provided by
[0.419s]   "ament_cmake", but CMake did not find one.
[0.419s] 
[0.419s]   Could not find a package configuration file provided by "ament_cmake" with
[0.419s]   any of the following names:
[0.420s] 
[0.420s]     ament_cmakeConfig.cmake
[0.420s]     ament_cmake-config.cmake
[0.420s] 
[0.420s]   Add the installation prefix of "ament_cmake" to CMAKE_PREFIX_PATH or set
[0.420s]   "ament_cmake_DIR" to a directory containing one of the above files.  If
[0.420s]   "ament_cmake" provides a separate development package or SDK, be sure it
[0.420s]   has been installed.
[0.420s] 
[0.420s] [0m
[0.421s] -- Configuring incomplete, errors occurred!
