[0.015s] Invoking command in '/home/matus/ros2_ws/build/cviko1': CMAKE_PREFIX_PATH=${CMAKE_PREFIX_PATH}:/opt/ros/jazzy DEBUGINFOD_URLS=https://debuginfod.ubuntu.com /usr/bin/cmake --build /home/matus/ros2_ws/build/cviko1 -- -j12 -l12
[0.045s] -- Found ament_cmake: 2.5.2 (/opt/ros/jazzy/share/ament_cmake/cmake)
[0.268s] -- Found rclcpp: 28.1.5 (/opt/ros/jazzy/share/rclcpp/cmake)
[0.289s] -- Found rosidl_generator_c: 4.6.4 (/opt/ros/jazzy/share/rosidl_generator_c/cmake)
[0.296s] -- Found rosidl_generator_cpp: 4.6.4 (/opt/ros/jazzy/share/rosidl_generator_cpp/cmake)
[0.305s] -- Using all available rosidl_typesupport_c: rosidl_typesupport_fastrtps_c;rosidl_typesupport_introspection_c
[0.316s] -- Using all available rosidl_typesupport_cpp: rosidl_typesupport_fastrtps_cpp;rosidl_typesupport_introspection_cpp
[0.366s] -- Found rmw_implementation_cmake: 7.3.1 (/opt/ros/jazzy/share/rmw_implementation_cmake/cmake)
[0.367s] -- Found rmw_fastrtps_cpp: 8.4.1 (/opt/ros/jazzy/share/rmw_fastrtps_cpp/cmake)
[0.423s] -- Using RMW implementation 'rmw_fastrtps_cpp' as default
[0.474s] [31mCMake Error at CMakeLists.txt:13 (add_executable):
[0.474s]   add_executable cannot create target "cviko1_node" because another target
[0.474s]   with the same name already exists.  The existing target is an executable
[0.474s]   created in source directory "/home/matus/ros2_ws/cviko1".  See
[0.474s]   documentation for policy CMP0002 for more details.
[0.475s] 
[0.475s] [0m
[0.475s] -- Found ament_lint_auto: 0.17.1 (/opt/ros/jazzy/share/ament_lint_auto/cmake)
[0.548s] -- Added test 'cppcheck' to perform static code analysis on C / C++ code
[0.548s] -- Configured cppcheck include dirs: $<BUILD_INTERFACE:/home/matus/ros2_ws/cviko1/include>
[0.548s] -- Configured cppcheck exclude dirs and/or files: 
[0.549s] -- Added test 'lint_cmake' to check CMake code style
[0.550s] -- Added test 'uncrustify' to check C / C++ code style
[0.550s] -- Configured uncrustify additional arguments: 
[0.550s] -- Added test 'xmllint' to check XML markup files
[0.551s] -- Configuring incomplete, errors occurred!
[0.557s] gmake: *** [Makefile:267: cmake_check_build_system] Error 1
[0.560s] Invoked command in '/home/matus/ros2_ws/build/cviko1' returned '2': CMAKE_PREFIX_PATH=${CMAKE_PREFIX_PATH}:/opt/ros/jazzy DEBUGINFOD_URLS=https://debuginfod.ubuntu.com /usr/bin/cmake --build /home/matus/ros2_ws/build/cviko1 -- -j12 -l12
