[0.027s] Invoking command in '/home/matus/ros2_ws/build/abb_model': CMAKE_PREFIX_PATH=${CMAKE_PREFIX_PATH}:/opt/ros/jazzy DEBUGINFOD_URLS=https://debuginfod.ubuntu.com /usr/bin/cmake --build /home/matus/ros2_ws/build/abb_model -- -j12 -l12
[0.115s] Invoked command in '/home/matus/ros2_ws/build/abb_model' returned '0': CMAKE_PREFIX_PATH=${CMAKE_PREFIX_PATH}:/opt/ros/jazzy DEBUGINFOD_URLS=https://debuginfod.ubuntu.com /usr/bin/cmake --build /home/matus/ros2_ws/build/abb_model -- -j12 -l12
[0.343s] Invoking command in '/home/matus/ros2_ws/build/abb_model': CMAKE_PREFIX_PATH=${CMAKE_PREFIX_PATH}:/opt/ros/jazzy DEBUGINFOD_URLS=https://debuginfod.ubuntu.com /usr/bin/cmake --install /home/matus/ros2_ws/build/abb_model
[0.417s] -- Install configuration: ""
[0.421s] -- Up-to-date: /home/matus/ros2_ws/install/abb_model/share/abb_model/urdf
[0.421s] -- Up-to-date: /home/matus/ros2_ws/install/abb_model/share/abb_model/urdf/abb_irb4600_60_205.xacro
[0.421s] -- Up-to-date: /home/matus/ros2_ws/install/abb_model/share/abb_model/urdf/robot.urdf
[0.422s] -- Up-to-date: /home/matus/ros2_ws/install/abb_model/share/abb_model/urdf/abb_irb4600_60_205_macro.xacro
[0.422s] -- Up-to-date: /home/matus/ros2_ws/install/abb_model/share/abb_model/urdf/camera_macro.xacro
[0.422s] -- Up-to-date: /home/matus/ros2_ws/install/abb_model/share/abb_model/urdf/camera.xacro
[0.422s] -- Up-to-date: /home/matus/ros2_ws/install/abb_model/share/abb_model/config
[0.425s] -- Up-to-date: /home/matus/ros2_ws/install/abb_model/share/abb_model/config/urdf.rviz
[0.429s] -- Up-to-date: /home/matus/ros2_ws/install/abb_model/share/abb_model/launch
[0.435s] -- Up-to-date: /home/matus/ros2_ws/install/abb_model/share/abb_model/launch/rsp_irb4600.launch.xml
[0.437s] -- Up-to-date: /home/matus/ros2_ws/install/abb_model/share/abb_model/launch/rsp_irb4600.launch.py
[0.437s] -- Up-to-date: /home/matus/ros2_ws/install/abb_model/share/abb_model/launch/test_irb4600.launch.xml
[0.437s] -- Up-to-date: /home/matus/ros2_ws/install/abb_model/share/abb_model/launch/test_irb4600.launch.py
[0.437s] -- Up-to-date: /home/matus/ros2_ws/install/abb_model/share/abb_model/meshes
[0.437s] -- Up-to-date: /home/matus/ros2_ws/install/abb_model/share/abb_model/meshes/abb_irb4600_60_205
[0.437s] -- Up-to-date: /home/matus/ros2_ws/install/abb_model/share/abb_model/meshes/abb_irb4600_60_205/collision
[0.439s] -- Up-to-date: /home/matus/ros2_ws/install/abb_model/share/abb_model/meshes/abb_irb4600_60_205/collision/link_6.stl
[0.445s] -- Up-to-date: /home/matus/ros2_ws/install/abb_model/share/abb_model/meshes/abb_irb4600_60_205/collision/link_4.stl
[0.453s] -- Up-to-date: /home/matus/ros2_ws/install/abb_model/share/abb_model/meshes/abb_irb4600_60_205/collision/link_3.stl
[0.453s] -- Up-to-date: /home/matus/ros2_ws/install/abb_model/share/abb_model/meshes/abb_irb4600_60_205/collision/link_1.stl
[0.453s] -- Up-to-date: /home/matus/ros2_ws/install/abb_model/share/abb_model/meshes/abb_irb4600_60_205/collision/link_2.stl
[0.453s] -- Up-to-date: /home/matus/ros2_ws/install/abb_model/share/abb_model/meshes/abb_irb4600_60_205/collision/base_link.stl
[0.453s] -- Up-to-date: /home/matus/ros2_ws/install/abb_model/share/abb_model/meshes/abb_irb4600_60_205/collision/mount.stl
[0.453s] -- Up-to-date: /home/matus/ros2_ws/install/abb_model/share/abb_model/meshes/abb_irb4600_60_205/collision/link_5.stl
[0.453s] -- Up-to-date: /home/matus/ros2_ws/install/abb_model/share/abb_model/meshes/abb_irb4600_60_205/visual
[0.454s] -- Up-to-date: /home/matus/ros2_ws/install/abb_model/share/abb_model/meshes/abb_irb4600_60_205/visual/link_6.stl
[0.455s] -- Up-to-date: /home/matus/ros2_ws/install/abb_model/share/abb_model/meshes/abb_irb4600_60_205/visual/link_4.stl
[0.460s] -- Up-to-date: /home/matus/ros2_ws/install/abb_model/share/abb_model/meshes/abb_irb4600_60_205/visual/link_3.stl
[0.461s] -- Up-to-date: /home/matus/ros2_ws/install/abb_model/share/abb_model/meshes/abb_irb4600_60_205/visual/link_1.stl
[0.466s] -- Up-to-date: /home/matus/ros2_ws/install/abb_model/share/abb_model/meshes/abb_irb4600_60_205/visual/link_2.stl
[0.473s] -- Up-to-date: /home/matus/ros2_ws/install/abb_model/share/abb_model/meshes/abb_irb4600_60_205/visual/base_link.stl
[0.481s] -- Up-to-date: /home/matus/ros2_ws/install/abb_model/share/abb_model/meshes/abb_irb4600_60_205/visual/mount.stl
[0.483s] -- Up-to-date: /home/matus/ros2_ws/install/abb_model/share/abb_model/meshes/abb_irb4600_60_205/visual/link_5.stl
[0.510s] -- Up-to-date: /home/matus/ros2_ws/install/abb_model/share/abb_model/meshes/kinect
[0.516s] -- Up-to-date: /home/matus/ros2_ws/install/abb_model/share/abb_model/meshes/kinect/collision
[0.516s] -- Up-to-date: /home/matus/ros2_ws/install/abb_model/share/abb_model/meshes/kinect/collision/kinect_sensor.stl
[0.516s] -- Up-to-date: /home/matus/ros2_ws/install/abb_model/share/abb_model/meshes/kinect/collision/kinect_sensor_empty.stl
[0.516s] -- Up-to-date: /home/matus/ros2_ws/install/abb_model/share/abb_model/meshes/kinect/visual
[0.517s] -- Up-to-date: /home/matus/ros2_ws/install/abb_model/share/abb_model/meshes/kinect/visual/kinect_sensor.stl
[0.522s] -- Up-to-date: /home/matus/ros2_ws/install/abb_model/share/abb_model/meshes/kinect/visual/kinect_sensor_empty.stl
[0.529s] -- Up-to-date: /home/matus/ros2_ws/install/abb_model/share/ament_index/resource_index/package_run_dependencies/abb_model
[0.531s] -- Up-to-date: /home/matus/ros2_ws/install/abb_model/share/ament_index/resource_index/parent_prefix_path/abb_model
[0.568s] -- Up-to-date: /home/matus/ros2_ws/install/abb_model/share/abb_model/environment/ament_prefix_path.sh
[0.570s] -- Up-to-date: /home/matus/ros2_ws/install/abb_model/share/abb_model/environment/ament_prefix_path.dsv
[0.581s] -- Up-to-date: /home/matus/ros2_ws/install/abb_model/share/abb_model/environment/path.sh
[0.585s] -- Up-to-date: /home/matus/ros2_ws/install/abb_model/share/abb_model/environment/path.dsv
[0.586s] -- Up-to-date: /home/matus/ros2_ws/install/abb_model/share/abb_model/local_setup.bash
[0.588s] -- Up-to-date: /home/matus/ros2_ws/install/abb_model/share/abb_model/local_setup.sh
[0.589s] -- Up-to-date: /home/matus/ros2_ws/install/abb_model/share/abb_model/local_setup.zsh
[0.591s] -- Up-to-date: /home/matus/ros2_ws/install/abb_model/share/abb_model/local_setup.dsv
[0.593s] -- Installing: /home/matus/ros2_ws/install/abb_model/share/abb_model/package.dsv
[0.593s] -- Up-to-date: /home/matus/ros2_ws/install/abb_model/share/ament_index/resource_index/packages/abb_model
[0.593s] -- Up-to-date: /home/matus/ros2_ws/install/abb_model/share/abb_model/cmake/abb_modelConfig.cmake
[0.593s] -- Up-to-date: /home/matus/ros2_ws/install/abb_model/share/abb_model/cmake/abb_modelConfig-version.cmake
[0.593s] -- Up-to-date: /home/matus/ros2_ws/install/abb_model/share/abb_model/package.xml
[0.615s] Invoked command in '/home/matus/ros2_ws/build/abb_model' returned '0': CMAKE_PREFIX_PATH=${CMAKE_PREFIX_PATH}:/opt/ros/jazzy DEBUGINFOD_URLS=https://debuginfod.ubuntu.com /usr/bin/cmake --install /home/matus/ros2_ws/build/abb_model
