-- Found ament_cmake: 2.5.2 (/opt/ros/jazzy/share/ament_cmake/cmake)
-- Found rclcpp: 28.1.5 (/opt/ros/jazzy/share/rclcpp/cmake)
-- Found rosidl_generator_c: 4.6.4 (/opt/ros/jazzy/share/rosidl_generator_c/cmake)
-- Found rosidl_generator_cpp: 4.6.4 (/opt/ros/jazzy/share/rosidl_generator_cpp/cmake)
-- Using all available rosidl_typesupport_c: rosidl_typesupport_fastrtps_c;rosidl_typesupport_introspection_c
-- Using all available rosidl_typesupport_cpp: rosidl_typesupport_fastrtps_cpp;rosidl_typesupport_introspection_cpp
-- Found rmw_implementation_cmake: 7.3.1 (/opt/ros/jazzy/share/rmw_implementation_cmake/cmake)
-- Found rmw_fastrtps_cpp: 8.4.1 (/opt/ros/jazzy/share/rmw_fastrtps_cpp/cmake)
-- Using RMW implementation 'rmw_fastrtps_cpp' as default
-- Found abb_irb4600_ikfast: 0.0.0 (/home/matus/ros2_ws/install/abb_irb4600_ikfast/share/abb_irb4600_ikfast/cmake)
-- Found ament_lint_auto: 0.17.1 (/opt/ros/jazzy/share/ament_lint_auto/cmake)
-- Added test 'copyright' to check source files copyright and LICENSE
-- Added test 'cppcheck' to perform static code analysis on C / C++ code
-- Configured cppcheck include dirs: $<BUILD_INTERFACE:/home/matus/ros2_ws/src/ik_solver_example/include>
-- Configured cppcheck exclude dirs and/or files: 
-- Added test 'lint_cmake' to check CMake code style
-- Added test 'uncrustify' to check C / C++ code style
-- Configured uncrustify additional arguments: 
-- Added test 'xmllint' to check XML markup files
-- Configuring done (0.5s)
-- Generating done (0.0s)
-- Build files have been written to: /home/matus/ros2_ws/build/ik_solver_example
[ 50%] [32mBuilding CXX object CMakeFiles/ik_solver_example.dir/src/ik_solver_example.cpp.o[0m
[100%] [32m[1mLinking CXX executable ik_solver_example[0m
[100%] Built target ik_solver_example
-- Install configuration: ""
-- Installing: /home/matus/ros2_ws/install/ik_solver_example/lib/ik_solver_example/ik_solver_example
-- Set non-toolchain portion of runtime path of "/home/matus/ros2_ws/install/ik_solver_example/lib/ik_solver_example/ik_solver_example" to ""
-- Installing: /home/matus/ros2_ws/install/ik_solver_example/share/ament_index/resource_index/package_run_dependencies/ik_solver_example
-- Installing: /home/matus/ros2_ws/install/ik_solver_example/share/ament_index/resource_index/parent_prefix_path/ik_solver_example
-- Installing: /home/matus/ros2_ws/install/ik_solver_example/share/ik_solver_example/environment/ament_prefix_path.sh
-- Installing: /home/matus/ros2_ws/install/ik_solver_example/share/ik_solver_example/environment/ament_prefix_path.dsv
-- Installing: /home/matus/ros2_ws/install/ik_solver_example/share/ik_solver_example/environment/path.sh
-- Installing: /home/matus/ros2_ws/install/ik_solver_example/share/ik_solver_example/environment/path.dsv
-- Installing: /home/matus/ros2_ws/install/ik_solver_example/share/ik_solver_example/local_setup.bash
-- Installing: /home/matus/ros2_ws/install/ik_solver_example/share/ik_solver_example/local_setup.sh
-- Installing: /home/matus/ros2_ws/install/ik_solver_example/share/ik_solver_example/local_setup.zsh
-- Installing: /home/matus/ros2_ws/install/ik_solver_example/share/ik_solver_example/local_setup.dsv
-- Installing: /home/matus/ros2_ws/install/ik_solver_example/share/ik_solver_example/package.dsv
-- Installing: /home/matus/ros2_ws/install/ik_solver_example/share/ament_index/resource_index/packages/ik_solver_example
-- Installing: /home/matus/ros2_ws/install/ik_solver_example/share/ik_solver_example/cmake/ik_solver_exampleConfig.cmake
-- Installing: /home/matus/ros2_ws/install/ik_solver_example/share/ik_solver_example/cmake/ik_solver_exampleConfig-version.cmake
-- Installing: /home/matus/ros2_ws/install/ik_solver_example/share/ik_solver_example/package.xml
