[0.009s] Invoking command in '/home/matus/ros2_ws/build/ik_solver_example': AMENT_PREFIX_PATH=/home/matus/ros2_ws/install/abb_irb4600_ikfast:${AMENT_PREFIX_PATH} CMAKE_PREFIX_PATH=/home/matus/ros2_ws/install/abb_irb4600_ikfast:/home/matus/ros2_ws/install/trajectory_visualization:/home/matus/ros2_ws/install/rrm_simple_robot_model:/home/matus/ros2_ws/install/rrm_sim:/home/matus/ros2_ws/install/block2_matuska:/home/matus/ros2_ws/install/block1_matuska:/home/matus/ros2_ws/install/rrm_msgs:/home/matus/ros2_ws/install/matuska_interface:/home/matus/ros2_ws/install/eigen_example:/home/matus/ros2_ws/install/cviko1:/home/matus/ros2_ws/install/cv1:/home/matus/ros2_ws/install/abb_model:/home/matus/ros2_ws/src/install/rrm_simple_robot_model:/home/matus/ros2_ws/src/install/rrm_sim:/home/matus/ros2_ws/src/install/block1_matuska:/home/matus/ros2_ws/src/install/rrm_msgs:/home/matus/ros2_ws/src/install/matuska_interface:/opt/ros/jazzy/opt/gz_math_vendor:/opt/ros/jazzy/opt/gz_utils_vendor:/opt/ros/jazzy/opt/gz_cmake_vendor:/opt/ros/jazzy DEBUGINFOD_URLS=https://debuginfod.ubuntu.com LD_LIBRARY_PATH=/home/matus/ros2_ws/install/abb_irb4600_ikfast/lib:${LD_LIBRARY_PATH} /usr/bin/cmake /home/matus/ros2_ws/src/ik_solver_example -DCMAKE_INSTALL_PREFIX=/home/matus/ros2_ws/install/ik_solver_example
[0.020s] -- Found ament_cmake: 2.5.2 (/opt/ros/jazzy/share/ament_cmake/cmake)
[0.180s] -- Found rclcpp: 28.1.5 (/opt/ros/jazzy/share/rclcpp/cmake)
[0.201s] -- Found rosidl_generator_c: 4.6.4 (/opt/ros/jazzy/share/rosidl_generator_c/cmake)
[0.207s] -- Found rosidl_generator_cpp: 4.6.4 (/opt/ros/jazzy/share/rosidl_generator_cpp/cmake)
[0.216s] -- Using all available rosidl_typesupport_c: rosidl_typesupport_fastrtps_c;rosidl_typesupport_introspection_c
[0.227s] -- Using all available rosidl_typesupport_cpp: rosidl_typesupport_fastrtps_cpp;rosidl_typesupport_introspection_cpp
[0.277s] -- Found rmw_implementation_cmake: 7.3.1 (/opt/ros/jazzy/share/rmw_implementation_cmake/cmake)
[0.278s] -- Found rmw_fastrtps_cpp: 8.4.1 (/opt/ros/jazzy/share/rmw_fastrtps_cpp/cmake)
[0.331s] -- Using RMW implementation 'rmw_fastrtps_cpp' as default
[0.382s] -- Found abb_irb4600_ikfast: 0.0.0 (/home/matus/ros2_ws/install/abb_irb4600_ikfast/share/abb_irb4600_ikfast/cmake)
[0.392s] -- Found ament_lint_auto: 0.17.1 (/opt/ros/jazzy/share/ament_lint_auto/cmake)
[0.492s] -- Added test 'copyright' to check source files copyright and LICENSE
[0.493s] -- Added test 'cppcheck' to perform static code analysis on C / C++ code
[0.493s] -- Configured cppcheck include dirs: $<BUILD_INTERFACE:/home/matus/ros2_ws/src/ik_solver_example/include>
[0.493s] -- Configured cppcheck exclude dirs and/or files: 
[0.494s] -- Added test 'lint_cmake' to check CMake code style
[0.495s] -- Added test 'uncrustify' to check C / C++ code style
[0.495s] -- Configured uncrustify additional arguments: 
[0.495s] -- Added test 'xmllint' to check XML markup files
[0.497s] -- Configuring done (0.5s)
[0.505s] -- Generating done (0.0s)
[0.507s] -- Build files have been written to: /home/matus/ros2_ws/build/ik_solver_example
[0.513s] Invoked command in '/home/matus/ros2_ws/build/ik_solver_example' returned '0': AMENT_PREFIX_PATH=/home/matus/ros2_ws/install/abb_irb4600_ikfast:${AMENT_PREFIX_PATH} CMAKE_PREFIX_PATH=/home/matus/ros2_ws/install/abb_irb4600_ikfast:/home/matus/ros2_ws/install/trajectory_visualization:/home/matus/ros2_ws/install/rrm_simple_robot_model:/home/matus/ros2_ws/install/rrm_sim:/home/matus/ros2_ws/install/block2_matuska:/home/matus/ros2_ws/install/block1_matuska:/home/matus/ros2_ws/install/rrm_msgs:/home/matus/ros2_ws/install/matuska_interface:/home/matus/ros2_ws/install/eigen_example:/home/matus/ros2_ws/install/cviko1:/home/matus/ros2_ws/install/cv1:/home/matus/ros2_ws/install/abb_model:/home/matus/ros2_ws/src/install/rrm_simple_robot_model:/home/matus/ros2_ws/src/install/rrm_sim:/home/matus/ros2_ws/src/install/block1_matuska:/home/matus/ros2_ws/src/install/rrm_msgs:/home/matus/ros2_ws/src/install/matuska_interface:/opt/ros/jazzy/opt/gz_math_vendor:/opt/ros/jazzy/opt/gz_utils_vendor:/opt/ros/jazzy/opt/gz_cmake_vendor:/opt/ros/jazzy DEBUGINFOD_URLS=https://debuginfod.ubuntu.com LD_LIBRARY_PATH=/home/matus/ros2_ws/install/abb_irb4600_ikfast/lib:${LD_LIBRARY_PATH} /usr/bin/cmake /home/matus/ros2_ws/src/ik_solver_example -DCMAKE_INSTALL_PREFIX=/home/matus/ros2_ws/install/ik_solver_example
[0.514s] Invoking command in '/home/matus/ros2_ws/build/ik_solver_example': AMENT_PREFIX_PATH=/home/matus/ros2_ws/install/abb_irb4600_ikfast:${AMENT_PREFIX_PATH} CMAKE_PREFIX_PATH=/home/matus/ros2_ws/install/abb_irb4600_ikfast:/home/matus/ros2_ws/install/trajectory_visualization:/home/matus/ros2_ws/install/rrm_simple_robot_model:/home/matus/ros2_ws/install/rrm_sim:/home/matus/ros2_ws/install/block2_matuska:/home/matus/ros2_ws/install/block1_matuska:/home/matus/ros2_ws/install/rrm_msgs:/home/matus/ros2_ws/install/matuska_interface:/home/matus/ros2_ws/install/eigen_example:/home/matus/ros2_ws/install/cviko1:/home/matus/ros2_ws/install/cv1:/home/matus/ros2_ws/install/abb_model:/home/matus/ros2_ws/src/install/rrm_simple_robot_model:/home/matus/ros2_ws/src/install/rrm_sim:/home/matus/ros2_ws/src/install/block1_matuska:/home/matus/ros2_ws/src/install/rrm_msgs:/home/matus/ros2_ws/src/install/matuska_interface:/opt/ros/jazzy/opt/gz_math_vendor:/opt/ros/jazzy/opt/gz_utils_vendor:/opt/ros/jazzy/opt/gz_cmake_vendor:/opt/ros/jazzy DEBUGINFOD_URLS=https://debuginfod.ubuntu.com LD_LIBRARY_PATH=/home/matus/ros2_ws/install/abb_irb4600_ikfast/lib:${LD_LIBRARY_PATH} /usr/bin/cmake --build /home/matus/ros2_ws/build/ik_solver_example -- -j12 -l12
[0.560s] [ 50%] [32mBuilding CXX object CMakeFiles/ik_solver_example.dir/src/ik_solver_example.cpp.o[0m
[4.784s] [100%] [32m[1mLinking CXX executable ik_solver_example[0m
[4.913s] [100%] Built target ik_solver_example
[4.924s] Invoked command in '/home/matus/ros2_ws/build/ik_solver_example' returned '0': AMENT_PREFIX_PATH=/home/matus/ros2_ws/install/abb_irb4600_ikfast:${AMENT_PREFIX_PATH} CMAKE_PREFIX_PATH=/home/matus/ros2_ws/install/abb_irb4600_ikfast:/home/matus/ros2_ws/install/trajectory_visualization:/home/matus/ros2_ws/install/rrm_simple_robot_model:/home/matus/ros2_ws/install/rrm_sim:/home/matus/ros2_ws/install/block2_matuska:/home/matus/ros2_ws/install/block1_matuska:/home/matus/ros2_ws/install/rrm_msgs:/home/matus/ros2_ws/install/matuska_interface:/home/matus/ros2_ws/install/eigen_example:/home/matus/ros2_ws/install/cviko1:/home/matus/ros2_ws/install/cv1:/home/matus/ros2_ws/install/abb_model:/home/matus/ros2_ws/src/install/rrm_simple_robot_model:/home/matus/ros2_ws/src/install/rrm_sim:/home/matus/ros2_ws/src/install/block1_matuska:/home/matus/ros2_ws/src/install/rrm_msgs:/home/matus/ros2_ws/src/install/matuska_interface:/opt/ros/jazzy/opt/gz_math_vendor:/opt/ros/jazzy/opt/gz_utils_vendor:/opt/ros/jazzy/opt/gz_cmake_vendor:/opt/ros/jazzy DEBUGINFOD_URLS=https://debuginfod.ubuntu.com LD_LIBRARY_PATH=/home/matus/ros2_ws/install/abb_irb4600_ikfast/lib:${LD_LIBRARY_PATH} /usr/bin/cmake --build /home/matus/ros2_ws/build/ik_solver_example -- -j12 -l12
[4.949s] Invoking command in '/home/matus/ros2_ws/build/ik_solver_example': AMENT_PREFIX_PATH=/home/matus/ros2_ws/install/abb_irb4600_ikfast:${AMENT_PREFIX_PATH} CMAKE_PREFIX_PATH=/home/matus/ros2_ws/install/abb_irb4600_ikfast:/home/matus/ros2_ws/install/trajectory_visualization:/home/matus/ros2_ws/install/rrm_simple_robot_model:/home/matus/ros2_ws/install/rrm_sim:/home/matus/ros2_ws/install/block2_matuska:/home/matus/ros2_ws/install/block1_matuska:/home/matus/ros2_ws/install/rrm_msgs:/home/matus/ros2_ws/install/matuska_interface:/home/matus/ros2_ws/install/eigen_example:/home/matus/ros2_ws/install/cviko1:/home/matus/ros2_ws/install/cv1:/home/matus/ros2_ws/install/abb_model:/home/matus/ros2_ws/src/install/rrm_simple_robot_model:/home/matus/ros2_ws/src/install/rrm_sim:/home/matus/ros2_ws/src/install/block1_matuska:/home/matus/ros2_ws/src/install/rrm_msgs:/home/matus/ros2_ws/src/install/matuska_interface:/opt/ros/jazzy/opt/gz_math_vendor:/opt/ros/jazzy/opt/gz_utils_vendor:/opt/ros/jazzy/opt/gz_cmake_vendor:/opt/ros/jazzy DEBUGINFOD_URLS=https://debuginfod.ubuntu.com LD_LIBRARY_PATH=/home/matus/ros2_ws/install/abb_irb4600_ikfast/lib:${LD_LIBRARY_PATH} /usr/bin/cmake --install /home/matus/ros2_ws/build/ik_solver_example
[4.955s] -- Install configuration: ""
[4.956s] -- Installing: /home/matus/ros2_ws/install/ik_solver_example/lib/ik_solver_example/ik_solver_example
[4.957s] -- Set non-toolchain portion of runtime path of "/home/matus/ros2_ws/install/ik_solver_example/lib/ik_solver_example/ik_solver_example" to ""
[4.957s] -- Installing: /home/matus/ros2_ws/install/ik_solver_example/share/ament_index/resource_index/package_run_dependencies/ik_solver_example
[4.958s] -- Installing: /home/matus/ros2_ws/install/ik_solver_example/share/ament_index/resource_index/parent_prefix_path/ik_solver_example
[4.958s] -- Installing: /home/matus/ros2_ws/install/ik_solver_example/share/ik_solver_example/environment/ament_prefix_path.sh
[4.958s] -- Installing: /home/matus/ros2_ws/install/ik_solver_example/share/ik_solver_example/environment/ament_prefix_path.dsv
[4.958s] -- Installing: /home/matus/ros2_ws/install/ik_solver_example/share/ik_solver_example/environment/path.sh
[4.958s] -- Installing: /home/matus/ros2_ws/install/ik_solver_example/share/ik_solver_example/environment/path.dsv
[4.958s] -- Installing: /home/matus/ros2_ws/install/ik_solver_example/share/ik_solver_example/local_setup.bash
[4.959s] -- Installing: /home/matus/ros2_ws/install/ik_solver_example/share/ik_solver_example/local_setup.sh
[4.959s] -- Installing: /home/matus/ros2_ws/install/ik_solver_example/share/ik_solver_example/local_setup.zsh
[4.959s] -- Installing: /home/matus/ros2_ws/install/ik_solver_example/share/ik_solver_example/local_setup.dsv
[4.959s] -- Installing: /home/matus/ros2_ws/install/ik_solver_example/share/ik_solver_example/package.dsv
[4.959s] -- Installing: /home/matus/ros2_ws/install/ik_solver_example/share/ament_index/resource_index/packages/ik_solver_example
[4.959s] -- Installing: /home/matus/ros2_ws/install/ik_solver_example/share/ik_solver_example/cmake/ik_solver_exampleConfig.cmake
[4.959s] -- Installing: /home/matus/ros2_ws/install/ik_solver_example/share/ik_solver_example/cmake/ik_solver_exampleConfig-version.cmake
[4.959s] -- Installing: /home/matus/ros2_ws/install/ik_solver_example/share/ik_solver_example/package.xml
[4.961s] Invoked command in '/home/matus/ros2_ws/build/ik_solver_example' returned '0': AMENT_PREFIX_PATH=/home/matus/ros2_ws/install/abb_irb4600_ikfast:${AMENT_PREFIX_PATH} CMAKE_PREFIX_PATH=/home/matus/ros2_ws/install/abb_irb4600_ikfast:/home/matus/ros2_ws/install/trajectory_visualization:/home/matus/ros2_ws/install/rrm_simple_robot_model:/home/matus/ros2_ws/install/rrm_sim:/home/matus/ros2_ws/install/block2_matuska:/home/matus/ros2_ws/install/block1_matuska:/home/matus/ros2_ws/install/rrm_msgs:/home/matus/ros2_ws/install/matuska_interface:/home/matus/ros2_ws/install/eigen_example:/home/matus/ros2_ws/install/cviko1:/home/matus/ros2_ws/install/cv1:/home/matus/ros2_ws/install/abb_model:/home/matus/ros2_ws/src/install/rrm_simple_robot_model:/home/matus/ros2_ws/src/install/rrm_sim:/home/matus/ros2_ws/src/install/block1_matuska:/home/matus/ros2_ws/src/install/rrm_msgs:/home/matus/ros2_ws/src/install/matuska_interface:/opt/ros/jazzy/opt/gz_math_vendor:/opt/ros/jazzy/opt/gz_utils_vendor:/opt/ros/jazzy/opt/gz_cmake_vendor:/opt/ros/jazzy DEBUGINFOD_URLS=https://debuginfod.ubuntu.com LD_LIBRARY_PATH=/home/matus/ros2_ws/install/abb_irb4600_ikfast/lib:${LD_LIBRARY_PATH} /usr/bin/cmake --install /home/matus/ros2_ws/build/ik_solver_example
