[0.012s] Invoking command in '/home/matus/ros2_ws/build/block2_matuska': CMAKE_PREFIX_PATH=/home/matus/ros2_ws/install/rrm_msgs:/home/matus/ros2_ws/install/trajectory_visualization:/home/matus/ros2_ws/install/rrm_simple_robot_model:/home/matus/ros2_ws/install/rrm_sim:/home/matus/ros2_ws/install/block2_matuska:/home/matus/ros2_ws/install/block1_matuska:/home/matus/ros2_ws/install/matuska_interface:/home/matus/ros2_ws/install/ik_solver_example:/home/matus/ros2_ws/install/eigen_example:/home/matus/ros2_ws/install/cviko1:/home/matus/ros2_ws/install/cv1:/home/matus/ros2_ws/install/abb_model:/home/matus/ros2_ws/install/abb_irb4600_ikfast:/home/matus/ros2_ws/src/install/rrm_simple_robot_model:/home/matus/ros2_ws/src/install/rrm_sim:/home/matus/ros2_ws/src/install/block1_matuska:/home/matus/ros2_ws/src/install/rrm_msgs:/home/matus/ros2_ws/src/install/matuska_interface:/opt/ros/jazzy/opt/gz_math_vendor:/opt/ros/jazzy/opt/gz_utils_vendor:/opt/ros/jazzy/opt/gz_cmake_vendor:/opt/ros/jazzy DEBUGINFOD_URLS=https://debuginfod.ubuntu.com /usr/bin/cmake --build /home/matus/ros2_ws/build/block2_matuska -- -j12 -l12
[0.037s] -- Found ament_cmake: 2.5.2 (/opt/ros/jazzy/share/ament_cmake/cmake)
[0.232s] -- Found rclcpp: 28.1.5 (/opt/ros/jazzy/share/rclcpp/cmake)
[0.254s] -- Found rosidl_generator_c: 4.6.4 (/opt/ros/jazzy/share/rosidl_generator_c/cmake)
[0.261s] -- Found rosidl_generator_cpp: 4.6.4 (/opt/ros/jazzy/share/rosidl_generator_cpp/cmake)
[0.270s] -- Using all available rosidl_typesupport_c: rosidl_typesupport_fastrtps_c;rosidl_typesupport_introspection_c
[0.281s] -- Using all available rosidl_typesupport_cpp: rosidl_typesupport_fastrtps_cpp;rosidl_typesupport_introspection_cpp
[0.331s] -- Found rmw_implementation_cmake: 7.3.1 (/opt/ros/jazzy/share/rmw_implementation_cmake/cmake)
[0.333s] -- Found rmw_fastrtps_cpp: 8.4.1 (/opt/ros/jazzy/share/rmw_fastrtps_cpp/cmake)
[0.388s] -- Using RMW implementation 'rmw_fastrtps_cpp' as default
[0.439s] -- Found sensor_msgs: 5.3.5 (/opt/ros/jazzy/share/sensor_msgs/cmake)
[0.486s] -- Found std_srvs: 5.3.5 (/opt/ros/jazzy/share/std_srvs/cmake)
[0.512s] -- Found abb_irb4600_ikfast: 0.0.0 (/home/matus/ros2_ws/install/abb_irb4600_ikfast/share/abb_irb4600_ikfast/cmake)
[0.519s] -- Found ament_lint_auto: 0.17.1 (/opt/ros/jazzy/share/ament_lint_auto/cmake)
[0.597s] -- Added test 'cppcheck' to perform static code analysis on C / C++ code
[0.597s] -- Configured cppcheck include dirs: /home/matus/ros2_ws/src/block2_matuska/include
[0.597s] -- Configured cppcheck exclude dirs and/or files: 
[0.597s] -- Added test 'lint_cmake' to check CMake code style
[0.598s] -- Added test 'uncrustify' to check C / C++ code style
[0.598s] -- Configured uncrustify additional arguments: 
[0.599s] -- Added test 'xmllint' to check XML markup files
[0.599s] -- Configuring done (0.6s)
[0.613s] -- Generating done (0.0s)
[0.615s] -- Build files have been written to: /home/matus/ros2_ws/build/block2_matuska
[0.657s] [ 25%] [32mBuilding CXX object CMakeFiles/zadanie22_node.dir/src/zadanie22_node.cpp.o[0m
[0.667s] [ 50%] [32mBuilding CXX object CMakeFiles/zadanie2_node.dir/src/zadanie2_node.cpp.o[0m
[0.685s] [ 75%] [32m[1mLinking CXX executable zadanie22_node[0m
[0.785s] [ 75%] Built target zadanie22_node
[7.475s] [100%] [32m[1mLinking CXX executable zadanie2_node[0m
[7.668s] [100%] Built target zadanie2_node
[7.679s] Invoked command in '/home/matus/ros2_ws/build/block2_matuska' returned '0': CMAKE_PREFIX_PATH=/home/matus/ros2_ws/install/rrm_msgs:/home/matus/ros2_ws/install/trajectory_visualization:/home/matus/ros2_ws/install/rrm_simple_robot_model:/home/matus/ros2_ws/install/rrm_sim:/home/matus/ros2_ws/install/block2_matuska:/home/matus/ros2_ws/install/block1_matuska:/home/matus/ros2_ws/install/matuska_interface:/home/matus/ros2_ws/install/ik_solver_example:/home/matus/ros2_ws/install/eigen_example:/home/matus/ros2_ws/install/cviko1:/home/matus/ros2_ws/install/cv1:/home/matus/ros2_ws/install/abb_model:/home/matus/ros2_ws/install/abb_irb4600_ikfast:/home/matus/ros2_ws/src/install/rrm_simple_robot_model:/home/matus/ros2_ws/src/install/rrm_sim:/home/matus/ros2_ws/src/install/block1_matuska:/home/matus/ros2_ws/src/install/rrm_msgs:/home/matus/ros2_ws/src/install/matuska_interface:/opt/ros/jazzy/opt/gz_math_vendor:/opt/ros/jazzy/opt/gz_utils_vendor:/opt/ros/jazzy/opt/gz_cmake_vendor:/opt/ros/jazzy DEBUGINFOD_URLS=https://debuginfod.ubuntu.com /usr/bin/cmake --build /home/matus/ros2_ws/build/block2_matuska -- -j12 -l12
[7.707s] Invoking command in '/home/matus/ros2_ws/build/block2_matuska': CMAKE_PREFIX_PATH=/home/matus/ros2_ws/install/rrm_msgs:/home/matus/ros2_ws/install/trajectory_visualization:/home/matus/ros2_ws/install/rrm_simple_robot_model:/home/matus/ros2_ws/install/rrm_sim:/home/matus/ros2_ws/install/block2_matuska:/home/matus/ros2_ws/install/block1_matuska:/home/matus/ros2_ws/install/matuska_interface:/home/matus/ros2_ws/install/ik_solver_example:/home/matus/ros2_ws/install/eigen_example:/home/matus/ros2_ws/install/cviko1:/home/matus/ros2_ws/install/cv1:/home/matus/ros2_ws/install/abb_model:/home/matus/ros2_ws/install/abb_irb4600_ikfast:/home/matus/ros2_ws/src/install/rrm_simple_robot_model:/home/matus/ros2_ws/src/install/rrm_sim:/home/matus/ros2_ws/src/install/block1_matuska:/home/matus/ros2_ws/src/install/rrm_msgs:/home/matus/ros2_ws/src/install/matuska_interface:/opt/ros/jazzy/opt/gz_math_vendor:/opt/ros/jazzy/opt/gz_utils_vendor:/opt/ros/jazzy/opt/gz_cmake_vendor:/opt/ros/jazzy DEBUGINFOD_URLS=https://debuginfod.ubuntu.com /usr/bin/cmake --install /home/matus/ros2_ws/build/block2_matuska
[7.714s] -- Install configuration: ""
[7.714s] -- Installing: /home/matus/ros2_ws/install/block2_matuska/lib/block2_matuska/zadanie2_node
[7.717s] -- Set non-toolchain portion of runtime path of "/home/matus/ros2_ws/install/block2_matuska/lib/block2_matuska/zadanie2_node" to ""
[7.717s] -- Installing: /home/matus/ros2_ws/install/block2_matuska/lib/block2_matuska/zadanie22_node
[7.718s] -- Set non-toolchain portion of runtime path of "/home/matus/ros2_ws/install/block2_matuska/lib/block2_matuska/zadanie22_node" to ""
[7.718s] -- Up-to-date: /home/matus/ros2_ws/install/block2_matuska/share/block2_matuska/launch
[7.718s] -- Up-to-date: /home/matus/ros2_ws/install/block2_matuska/share/block2_matuska/launch/zadanie2_launch.xml
[7.718s] -- Up-to-date: /home/matus/ros2_ws/install/block2_matuska/share/ament_index/resource_index/package_run_dependencies/block2_matuska
[7.718s] -- Up-to-date: /home/matus/ros2_ws/install/block2_matuska/share/ament_index/resource_index/parent_prefix_path/block2_matuska
[7.718s] -- Up-to-date: /home/matus/ros2_ws/install/block2_matuska/share/block2_matuska/environment/ament_prefix_path.sh
[7.718s] -- Up-to-date: /home/matus/ros2_ws/install/block2_matuska/share/block2_matuska/environment/ament_prefix_path.dsv
[7.718s] -- Up-to-date: /home/matus/ros2_ws/install/block2_matuska/share/block2_matuska/environment/path.sh
[7.718s] -- Up-to-date: /home/matus/ros2_ws/install/block2_matuska/share/block2_matuska/environment/path.dsv
[7.718s] -- Up-to-date: /home/matus/ros2_ws/install/block2_matuska/share/block2_matuska/local_setup.bash
[7.719s] -- Up-to-date: /home/matus/ros2_ws/install/block2_matuska/share/block2_matuska/local_setup.sh
[7.719s] -- Up-to-date: /home/matus/ros2_ws/install/block2_matuska/share/block2_matuska/local_setup.zsh
[7.719s] -- Up-to-date: /home/matus/ros2_ws/install/block2_matuska/share/block2_matuska/local_setup.dsv
[7.719s] -- Installing: /home/matus/ros2_ws/install/block2_matuska/share/block2_matuska/package.dsv
[7.719s] -- Up-to-date: /home/matus/ros2_ws/install/block2_matuska/share/ament_index/resource_index/packages/block2_matuska
[7.719s] -- Up-to-date: /home/matus/ros2_ws/install/block2_matuska/share/block2_matuska/cmake/block2_matuskaConfig.cmake
[7.719s] -- Up-to-date: /home/matus/ros2_ws/install/block2_matuska/share/block2_matuska/cmake/block2_matuskaConfig-version.cmake
[7.719s] -- Up-to-date: /home/matus/ros2_ws/install/block2_matuska/share/block2_matuska/package.xml
[7.720s] Invoked command in '/home/matus/ros2_ws/build/block2_matuska' returned '0': CMAKE_PREFIX_PATH=/home/matus/ros2_ws/install/rrm_msgs:/home/matus/ros2_ws/install/trajectory_visualization:/home/matus/ros2_ws/install/rrm_simple_robot_model:/home/matus/ros2_ws/install/rrm_sim:/home/matus/ros2_ws/install/block2_matuska:/home/matus/ros2_ws/install/block1_matuska:/home/matus/ros2_ws/install/matuska_interface:/home/matus/ros2_ws/install/ik_solver_example:/home/matus/ros2_ws/install/eigen_example:/home/matus/ros2_ws/install/cviko1:/home/matus/ros2_ws/install/cv1:/home/matus/ros2_ws/install/abb_model:/home/matus/ros2_ws/install/abb_irb4600_ikfast:/home/matus/ros2_ws/src/install/rrm_simple_robot_model:/home/matus/ros2_ws/src/install/rrm_sim:/home/matus/ros2_ws/src/install/block1_matuska:/home/matus/ros2_ws/src/install/rrm_msgs:/home/matus/ros2_ws/src/install/matuska_interface:/opt/ros/jazzy/opt/gz_math_vendor:/opt/ros/jazzy/opt/gz_utils_vendor:/opt/ros/jazzy/opt/gz_cmake_vendor:/opt/ros/jazzy DEBUGINFOD_URLS=https://debuginfod.ubuntu.com /usr/bin/cmake --install /home/matus/ros2_ws/build/block2_matuska
