[0.172s] DEBUG:colcon:Command line arguments: ['/usr/bin/colcon', 'build']
[0.172s] DEBUG:colcon:Parsed command line arguments: Namespace(log_base=None, log_level=None, verb_name='build', build_base='build', install_base='install', merge_install=False, symlink_install=False, test_result_base=None, continue_on_error=False, executor='parallel', parallel_workers=12, event_handlers=None, ignore_user_meta=False, metas=['./colcon.meta'], base_paths=['.'], packages_ignore=None, packages_ignore_regex=None, paths=None, packages_up_to=None, packages_up_to_regex=None, packages_above=None, packages_above_and_dependencies=None, packages_above_depth=None, packages_select_by_dep=None, packages_skip_by_dep=None, packages_skip_up_to=None, packages_select_build_failed=False, packages_skip_build_finished=False, packages_select_test_failures=False, packages_skip_test_passed=False, packages_select=None, packages_skip=None, packages_select_regex=None, packages_skip_regex=None, packages_start=None, packages_end=None, allow_overriding=[], cmake_args=None, cmake_target=None, cmake_target_skip_unavailable=False, cmake_clean_cache=False, cmake_clean_first=False, cmake_force_configure=False, ament_cmake_args=None, catkin_cmake_args=None, catkin_skip_building_tests=False, mixin_files=None, mixin=None, verb_parser=<colcon_mixin.mixin.mixin_argument.MixinArgumentDecorator object at 0x72c3f1a3a300>, verb_extension=<colcon_core.verb.build.BuildVerb object at 0x72c3f1b9d1c0>, main=<bound method BuildVerb.main of <colcon_core.verb.build.BuildVerb object at 0x72c3f1b9d1c0>>, mixin_verb=('build',))
[0.230s] Level 1:colcon.colcon_core.package_discovery:discover_packages(colcon_meta) check parameters
[0.230s] Level 1:colcon.colcon_core.package_discovery:discover_packages(recursive) check parameters
[0.230s] Level 1:colcon.colcon_core.package_discovery:discover_packages(ignore) check parameters
[0.231s] Level 1:colcon.colcon_core.package_discovery:discover_packages(path) check parameters
[0.231s] Level 1:colcon.colcon_core.package_discovery:discover_packages(colcon_meta) discover
[0.231s] Level 1:colcon.colcon_core.package_discovery:discover_packages(recursive) discover
[0.231s] INFO:colcon.colcon_core.package_discovery:Crawling recursively for packages in '/home/matus/ros2_ws/src'
[0.231s] Level 1:colcon.colcon_core.package_identification:_identify(.) by extensions ['ignore', 'ignore_ament_install']
[0.231s] Level 1:colcon.colcon_core.package_identification:_identify(.) by extension 'ignore'
[0.231s] Level 1:colcon.colcon_core.package_identification:_identify(.) by extension 'ignore_ament_install'
[0.231s] Level 1:colcon.colcon_core.package_identification:_identify(.) by extensions ['colcon_pkg']
[0.231s] Level 1:colcon.colcon_core.package_identification:_identify(.) by extension 'colcon_pkg'
[0.231s] Level 1:colcon.colcon_core.package_identification:_identify(.) by extensions ['colcon_meta']
[0.231s] Level 1:colcon.colcon_core.package_identification:_identify(.) by extension 'colcon_meta'
[0.231s] Level 1:colcon.colcon_core.package_identification:_identify(.) by extensions ['ros']
[0.231s] Level 1:colcon.colcon_core.package_identification:_identify(.) by extension 'ros'
[0.271s] Level 1:colcon.colcon_core.package_identification:_identify(.) by extensions ['cmake', 'python']
[0.271s] Level 1:colcon.colcon_core.package_identification:_identify(.) by extension 'cmake'
[0.271s] Level 1:colcon.colcon_core.package_identification:_identify(.) by extension 'python'
[0.271s] Level 1:colcon.colcon_core.package_identification:_identify(.) by extensions ['python_setup_py']
[0.271s] Level 1:colcon.colcon_core.package_identification:_identify(.) by extension 'python_setup_py'
[0.272s] Level 1:colcon.colcon_core.package_identification:_identify(block1_matuska) by extensions ['ignore', 'ignore_ament_install']
[0.272s] Level 1:colcon.colcon_core.package_identification:_identify(block1_matuska) by extension 'ignore'
[0.272s] Level 1:colcon.colcon_core.package_identification:_identify(block1_matuska) by extension 'ignore_ament_install'
[0.272s] Level 1:colcon.colcon_core.package_identification:_identify(block1_matuska) by extensions ['colcon_pkg']
[0.272s] Level 1:colcon.colcon_core.package_identification:_identify(block1_matuska) by extension 'colcon_pkg'
[0.272s] Level 1:colcon.colcon_core.package_identification:_identify(block1_matuska) by extensions ['colcon_meta']
[0.272s] Level 1:colcon.colcon_core.package_identification:_identify(block1_matuska) by extension 'colcon_meta'
[0.272s] Level 1:colcon.colcon_core.package_identification:_identify(block1_matuska) by extensions ['ros']
[0.272s] Level 1:colcon.colcon_core.package_identification:_identify(block1_matuska) by extension 'ros'
[0.276s] DEBUG:colcon.colcon_core.package_identification:Package 'block1_matuska' with type 'ros.ament_cmake' and name 'block1_matuska'
[0.276s] Level 1:colcon.colcon_core.package_identification:_identify(build) by extensions ['ignore', 'ignore_ament_install']
[0.276s] Level 1:colcon.colcon_core.package_identification:_identify(build) by extension 'ignore'
[0.276s] Level 1:colcon.colcon_core.package_identification:_identify(build) ignored
[0.276s] Level 1:colcon.colcon_core.package_identification:_identify(install) by extensions ['ignore', 'ignore_ament_install']
[0.276s] Level 1:colcon.colcon_core.package_identification:_identify(install) by extension 'ignore'
[0.276s] Level 1:colcon.colcon_core.package_identification:_identify(install) ignored
[0.277s] Level 1:colcon.colcon_core.package_identification:_identify(log) by extensions ['ignore', 'ignore_ament_install']
[0.277s] Level 1:colcon.colcon_core.package_identification:_identify(log) by extension 'ignore'
[0.277s] Level 1:colcon.colcon_core.package_identification:_identify(log) ignored
[0.277s] Level 1:colcon.colcon_core.package_identification:_identify(rrm) by extensions ['ignore', 'ignore_ament_install']
[0.277s] Level 1:colcon.colcon_core.package_identification:_identify(rrm) by extension 'ignore'
[0.277s] Level 1:colcon.colcon_core.package_identification:_identify(rrm) by extension 'ignore_ament_install'
[0.277s] Level 1:colcon.colcon_core.package_identification:_identify(rrm) by extensions ['colcon_pkg']
[0.277s] Level 1:colcon.colcon_core.package_identification:_identify(rrm) by extension 'colcon_pkg'
[0.277s] Level 1:colcon.colcon_core.package_identification:_identify(rrm) by extensions ['colcon_meta']
[0.277s] Level 1:colcon.colcon_core.package_identification:_identify(rrm) by extension 'colcon_meta'
[0.277s] Level 1:colcon.colcon_core.package_identification:_identify(rrm) by extensions ['ros']
[0.277s] Level 1:colcon.colcon_core.package_identification:_identify(rrm) by extension 'ros'
[0.278s] Level 1:colcon.colcon_core.package_identification:_identify(rrm) by extensions ['cmake', 'python']
[0.278s] Level 1:colcon.colcon_core.package_identification:_identify(rrm) by extension 'cmake'
[0.278s] Level 1:colcon.colcon_core.package_identification:_identify(rrm) by extension 'python'
[0.278s] Level 1:colcon.colcon_core.package_identification:_identify(rrm) by extensions ['python_setup_py']
[0.278s] Level 1:colcon.colcon_core.package_identification:_identify(rrm) by extension 'python_setup_py'
[0.278s] Level 1:colcon.colcon_core.package_identification:_identify(rrm/rrm_msgs) by extensions ['ignore', 'ignore_ament_install']
[0.278s] Level 1:colcon.colcon_core.package_identification:_identify(rrm/rrm_msgs) by extension 'ignore'
[0.278s] Level 1:colcon.colcon_core.package_identification:_identify(rrm/rrm_msgs) by extension 'ignore_ament_install'
[0.278s] Level 1:colcon.colcon_core.package_identification:_identify(rrm/rrm_msgs) by extensions ['colcon_pkg']
[0.278s] Level 1:colcon.colcon_core.package_identification:_identify(rrm/rrm_msgs) by extension 'colcon_pkg'
[0.278s] Level 1:colcon.colcon_core.package_identification:_identify(rrm/rrm_msgs) by extensions ['colcon_meta']
[0.278s] Level 1:colcon.colcon_core.package_identification:_identify(rrm/rrm_msgs) by extension 'colcon_meta'
[0.278s] Level 1:colcon.colcon_core.package_identification:_identify(rrm/rrm_msgs) by extensions ['ros']
[0.278s] Level 1:colcon.colcon_core.package_identification:_identify(rrm/rrm_msgs) by extension 'ros'
[0.279s] DEBUG:colcon.colcon_core.package_identification:Package 'rrm/rrm_msgs' with type 'ros.ament_cmake' and name 'rrm_msgs'
[0.279s] Level 1:colcon.colcon_core.package_identification:_identify(rrm/rrm_sim) by extensions ['ignore', 'ignore_ament_install']
[0.279s] Level 1:colcon.colcon_core.package_identification:_identify(rrm/rrm_sim) by extension 'ignore'
[0.279s] Level 1:colcon.colcon_core.package_identification:_identify(rrm/rrm_sim) by extension 'ignore_ament_install'
[0.280s] Level 1:colcon.colcon_core.package_identification:_identify(rrm/rrm_sim) by extensions ['colcon_pkg']
[0.280s] Level 1:colcon.colcon_core.package_identification:_identify(rrm/rrm_sim) by extension 'colcon_pkg'
[0.280s] Level 1:colcon.colcon_core.package_identification:_identify(rrm/rrm_sim) by extensions ['colcon_meta']
[0.280s] Level 1:colcon.colcon_core.package_identification:_identify(rrm/rrm_sim) by extension 'colcon_meta'
[0.280s] Level 1:colcon.colcon_core.package_identification:_identify(rrm/rrm_sim) by extensions ['ros']
[0.280s] Level 1:colcon.colcon_core.package_identification:_identify(rrm/rrm_sim) by extension 'ros'
[0.281s] DEBUG:colcon.colcon_core.package_identification:Package 'rrm/rrm_sim' with type 'ros.ament_cmake' and name 'rrm_sim'
[0.281s] Level 1:colcon.colcon_core.package_identification:_identify(rrm/rrm_simple_robot_model) by extensions ['ignore', 'ignore_ament_install']
[0.281s] Level 1:colcon.colcon_core.package_identification:_identify(rrm/rrm_simple_robot_model) by extension 'ignore'
[0.281s] Level 1:colcon.colcon_core.package_identification:_identify(rrm/rrm_simple_robot_model) by extension 'ignore_ament_install'
[0.281s] Level 1:colcon.colcon_core.package_identification:_identify(rrm/rrm_simple_robot_model) by extensions ['colcon_pkg']
[0.281s] Level 1:colcon.colcon_core.package_identification:_identify(rrm/rrm_simple_robot_model) by extension 'colcon_pkg'
[0.281s] Level 1:colcon.colcon_core.package_identification:_identify(rrm/rrm_simple_robot_model) by extensions ['colcon_meta']
[0.281s] Level 1:colcon.colcon_core.package_identification:_identify(rrm/rrm_simple_robot_model) by extension 'colcon_meta'
[0.281s] Level 1:colcon.colcon_core.package_identification:_identify(rrm/rrm_simple_robot_model) by extensions ['ros']
[0.281s] Level 1:colcon.colcon_core.package_identification:_identify(rrm/rrm_simple_robot_model) by extension 'ros'
[0.282s] DEBUG:colcon.colcon_core.package_identification:Package 'rrm/rrm_simple_robot_model' with type 'ros.ament_cmake' and name 'rrm_simple_robot_model'
[0.282s] Level 1:colcon.colcon_core.package_discovery:discover_packages(recursive) using defaults
[0.282s] Level 1:colcon.colcon_core.package_discovery:discover_packages(ignore) discover
[0.282s] Level 1:colcon.colcon_core.package_discovery:discover_packages(ignore) using defaults
[0.282s] Level 1:colcon.colcon_core.package_discovery:discover_packages(path) discover
[0.282s] Level 1:colcon.colcon_core.package_discovery:discover_packages(path) using defaults
[0.310s] Level 1:colcon.colcon_core.package_discovery:discover_packages(prefix_path) check parameters
[0.310s] Level 1:colcon.colcon_core.package_discovery:discover_packages(prefix_path) discover
[0.313s] DEBUG:colcon.colcon_installed_package_information.package_discovery:Found 6 installed packages in /home/matus/ros2_ws/install
[0.315s] DEBUG:colcon.colcon_installed_package_information.package_discovery:Found 285 installed packages in /opt/ros/jazzy
[0.316s] Level 1:colcon.colcon_core.package_discovery:discover_packages(prefix_path) using defaults
[0.386s] Level 5:colcon.colcon_core.verb:set package 'rrm_msgs' build argument 'cmake_args' from command line to 'None'
[0.386s] Level 5:colcon.colcon_core.verb:set package 'rrm_msgs' build argument 'cmake_target' from command line to 'None'
[0.386s] Level 5:colcon.colcon_core.verb:set package 'rrm_msgs' build argument 'cmake_target_skip_unavailable' from command line to 'False'
[0.387s] Level 5:colcon.colcon_core.verb:set package 'rrm_msgs' build argument 'cmake_clean_cache' from command line to 'False'
[0.387s] Level 5:colcon.colcon_core.verb:set package 'rrm_msgs' build argument 'cmake_clean_first' from command line to 'False'
[0.387s] Level 5:colcon.colcon_core.verb:set package 'rrm_msgs' build argument 'cmake_force_configure' from command line to 'False'
[0.387s] Level 5:colcon.colcon_core.verb:set package 'rrm_msgs' build argument 'ament_cmake_args' from command line to 'None'
[0.387s] Level 5:colcon.colcon_core.verb:set package 'rrm_msgs' build argument 'catkin_cmake_args' from command line to 'None'
[0.387s] Level 5:colcon.colcon_core.verb:set package 'rrm_msgs' build argument 'catkin_skip_building_tests' from command line to 'False'
[0.387s] DEBUG:colcon.colcon_core.verb:Building package 'rrm_msgs' with the following arguments: {'ament_cmake_args': None, 'build_base': '/home/matus/ros2_ws/src/build/rrm_msgs', 'catkin_cmake_args': None, 'catkin_skip_building_tests': False, 'cmake_args': None, 'cmake_clean_cache': False, 'cmake_clean_first': False, 'cmake_force_configure': False, 'cmake_target': None, 'cmake_target_skip_unavailable': False, 'install_base': '/home/matus/ros2_ws/src/install/rrm_msgs', 'merge_install': False, 'path': '/home/matus/ros2_ws/src/rrm/rrm_msgs', 'symlink_install': False, 'test_result_base': None}
[0.387s] Level 5:colcon.colcon_core.verb:set package 'rrm_simple_robot_model' build argument 'cmake_args' from command line to 'None'
[0.387s] Level 5:colcon.colcon_core.verb:set package 'rrm_simple_robot_model' build argument 'cmake_target' from command line to 'None'
[0.387s] Level 5:colcon.colcon_core.verb:set package 'rrm_simple_robot_model' build argument 'cmake_target_skip_unavailable' from command line to 'False'
[0.387s] Level 5:colcon.colcon_core.verb:set package 'rrm_simple_robot_model' build argument 'cmake_clean_cache' from command line to 'False'
[0.387s] Level 5:colcon.colcon_core.verb:set package 'rrm_simple_robot_model' build argument 'cmake_clean_first' from command line to 'False'
[0.387s] Level 5:colcon.colcon_core.verb:set package 'rrm_simple_robot_model' build argument 'cmake_force_configure' from command line to 'False'
[0.387s] Level 5:colcon.colcon_core.verb:set package 'rrm_simple_robot_model' build argument 'ament_cmake_args' from command line to 'None'
[0.387s] Level 5:colcon.colcon_core.verb:set package 'rrm_simple_robot_model' build argument 'catkin_cmake_args' from command line to 'None'
[0.388s] Level 5:colcon.colcon_core.verb:set package 'rrm_simple_robot_model' build argument 'catkin_skip_building_tests' from command line to 'False'
[0.388s] DEBUG:colcon.colcon_core.verb:Building package 'rrm_simple_robot_model' with the following arguments: {'ament_cmake_args': None, 'build_base': '/home/matus/ros2_ws/src/build/rrm_simple_robot_model', 'catkin_cmake_args': None, 'catkin_skip_building_tests': False, 'cmake_args': None, 'cmake_clean_cache': False, 'cmake_clean_first': False, 'cmake_force_configure': False, 'cmake_target': None, 'cmake_target_skip_unavailable': False, 'install_base': '/home/matus/ros2_ws/src/install/rrm_simple_robot_model', 'merge_install': False, 'path': '/home/matus/ros2_ws/src/rrm/rrm_simple_robot_model', 'symlink_install': False, 'test_result_base': None}
[0.388s] Level 5:colcon.colcon_core.verb:set package 'block1_matuska' build argument 'cmake_args' from command line to 'None'
[0.388s] Level 5:colcon.colcon_core.verb:set package 'block1_matuska' build argument 'cmake_target' from command line to 'None'
[0.388s] Level 5:colcon.colcon_core.verb:set package 'block1_matuska' build argument 'cmake_target_skip_unavailable' from command line to 'False'
[0.388s] Level 5:colcon.colcon_core.verb:set package 'block1_matuska' build argument 'cmake_clean_cache' from command line to 'False'
[0.388s] Level 5:colcon.colcon_core.verb:set package 'block1_matuska' build argument 'cmake_clean_first' from command line to 'False'
[0.388s] Level 5:colcon.colcon_core.verb:set package 'block1_matuska' build argument 'cmake_force_configure' from command line to 'False'
[0.388s] Level 5:colcon.colcon_core.verb:set package 'block1_matuska' build argument 'ament_cmake_args' from command line to 'None'
[0.388s] Level 5:colcon.colcon_core.verb:set package 'block1_matuska' build argument 'catkin_cmake_args' from command line to 'None'
[0.388s] Level 5:colcon.colcon_core.verb:set package 'block1_matuska' build argument 'catkin_skip_building_tests' from command line to 'False'
[0.388s] DEBUG:colcon.colcon_core.verb:Building package 'block1_matuska' with the following arguments: {'ament_cmake_args': None, 'build_base': '/home/matus/ros2_ws/src/build/block1_matuska', 'catkin_cmake_args': None, 'catkin_skip_building_tests': False, 'cmake_args': None, 'cmake_clean_cache': False, 'cmake_clean_first': False, 'cmake_force_configure': False, 'cmake_target': None, 'cmake_target_skip_unavailable': False, 'install_base': '/home/matus/ros2_ws/src/install/block1_matuska', 'merge_install': False, 'path': '/home/matus/ros2_ws/src/block1_matuska', 'symlink_install': False, 'test_result_base': None}
[0.389s] Level 5:colcon.colcon_core.verb:set package 'rrm_sim' build argument 'cmake_args' from command line to 'None'
[0.389s] Level 5:colcon.colcon_core.verb:set package 'rrm_sim' build argument 'cmake_target' from command line to 'None'
[0.389s] Level 5:colcon.colcon_core.verb:set package 'rrm_sim' build argument 'cmake_target_skip_unavailable' from command line to 'False'
[0.389s] Level 5:colcon.colcon_core.verb:set package 'rrm_sim' build argument 'cmake_clean_cache' from command line to 'False'
[0.389s] Level 5:colcon.colcon_core.verb:set package 'rrm_sim' build argument 'cmake_clean_first' from command line to 'False'
[0.389s] Level 5:colcon.colcon_core.verb:set package 'rrm_sim' build argument 'cmake_force_configure' from command line to 'False'
[0.389s] Level 5:colcon.colcon_core.verb:set package 'rrm_sim' build argument 'ament_cmake_args' from command line to 'None'
[0.389s] Level 5:colcon.colcon_core.verb:set package 'rrm_sim' build argument 'catkin_cmake_args' from command line to 'None'
[0.389s] Level 5:colcon.colcon_core.verb:set package 'rrm_sim' build argument 'catkin_skip_building_tests' from command line to 'False'
[0.389s] DEBUG:colcon.colcon_core.verb:Building package 'rrm_sim' with the following arguments: {'ament_cmake_args': None, 'build_base': '/home/matus/ros2_ws/src/build/rrm_sim', 'catkin_cmake_args': None, 'catkin_skip_building_tests': False, 'cmake_args': None, 'cmake_clean_cache': False, 'cmake_clean_first': False, 'cmake_force_configure': False, 'cmake_target': None, 'cmake_target_skip_unavailable': False, 'install_base': '/home/matus/ros2_ws/src/install/rrm_sim', 'merge_install': False, 'path': '/home/matus/ros2_ws/src/rrm/rrm_sim', 'symlink_install': False, 'test_result_base': None}
[0.389s] INFO:colcon.colcon_core.executor:Executing jobs using 'parallel' executor
[0.390s] DEBUG:colcon.colcon_parallel_executor.executor.parallel:run_until_complete
[0.390s] INFO:colcon.colcon_ros.task.ament_cmake.build:Building ROS package in '/home/matus/ros2_ws/src/rrm/rrm_msgs' with build type 'ament_cmake'
[0.391s] INFO:colcon.colcon_cmake.task.cmake.build:Building CMake package in '/home/matus/ros2_ws/src/rrm/rrm_msgs'
[0.394s] INFO:colcon.colcon_core.plugin_system:Skipping extension 'colcon_core.shell.bat': Not used on non-Windows systems
[0.394s] INFO:colcon.colcon_core.shell:Skip shell extension 'powershell' for command environment: Not usable outside of PowerShell
[0.394s] DEBUG:colcon.colcon_core.shell:Skip shell extension 'dsv' for command environment
[0.399s] INFO:colcon.colcon_ros.task.ament_cmake.build:Building ROS package in '/home/matus/ros2_ws/src/rrm/rrm_simple_robot_model' with build type 'ament_cmake'
[0.399s] INFO:colcon.colcon_cmake.task.cmake.build:Building CMake package in '/home/matus/ros2_ws/src/rrm/rrm_simple_robot_model'
[0.400s] INFO:colcon.colcon_core.shell:Skip shell extension 'powershell' for command environment: Not usable outside of PowerShell
[0.400s] DEBUG:colcon.colcon_core.shell:Skip shell extension 'dsv' for command environment
[0.412s] DEBUG:colcon.colcon_core.event_handler.log_command:Invoking command in '/home/matus/ros2_ws/src/build/rrm_msgs': CMAKE_PREFIX_PATH=${CMAKE_PREFIX_PATH}:/opt/ros/jazzy DEBUGINFOD_URLS=https://debuginfod.ubuntu.com /usr/bin/cmake --build /home/matus/ros2_ws/src/build/rrm_msgs -- -j12 -l12
[0.420s] DEBUG:colcon.colcon_core.event_handler.log_command:Invoking command in '/home/matus/ros2_ws/src/build/rrm_simple_robot_model': CMAKE_PREFIX_PATH=${CMAKE_PREFIX_PATH}:/opt/ros/jazzy DEBUGINFOD_URLS=https://debuginfod.ubuntu.com /usr/bin/cmake --build /home/matus/ros2_ws/src/build/rrm_simple_robot_model -- -j12 -l12
[0.485s] DEBUG:colcon.colcon_core.event_handler.log_command:Invoked command in '/home/matus/ros2_ws/src/build/rrm_simple_robot_model' returned '0': CMAKE_PREFIX_PATH=${CMAKE_PREFIX_PATH}:/opt/ros/jazzy DEBUGINFOD_URLS=https://debuginfod.ubuntu.com /usr/bin/cmake --build /home/matus/ros2_ws/src/build/rrm_simple_robot_model -- -j12 -l12
[0.535s] DEBUG:colcon.colcon_core.event_handler.log_command:Invoking command in '/home/matus/ros2_ws/src/build/rrm_simple_robot_model': CMAKE_PREFIX_PATH=${CMAKE_PREFIX_PATH}:/opt/ros/jazzy DEBUGINFOD_URLS=https://debuginfod.ubuntu.com /usr/bin/cmake --install /home/matus/ros2_ws/src/build/rrm_simple_robot_model
[0.555s] Level 1:colcon.colcon_core.environment:create_environment_scripts_only(rrm_simple_robot_model)
[0.555s] DEBUG:colcon.colcon_core.event_handler.log_command:Invoked command in '/home/matus/ros2_ws/src/build/rrm_simple_robot_model' returned '0': CMAKE_PREFIX_PATH=${CMAKE_PREFIX_PATH}:/opt/ros/jazzy DEBUGINFOD_URLS=https://debuginfod.ubuntu.com /usr/bin/cmake --install /home/matus/ros2_ws/src/build/rrm_simple_robot_model
[0.559s] Level 1:colcon.colcon_core.environment:checking '/home/matus/ros2_ws/src/install/rrm_simple_robot_model' for CMake module files
[0.560s] Level 1:colcon.colcon_core.environment:checking '/home/matus/ros2_ws/src/install/rrm_simple_robot_model' for CMake config files
[0.560s] Level 1:colcon.colcon_core.shell:create_environment_hook('rrm_simple_robot_model', 'cmake_prefix_path')
[0.560s] INFO:colcon.colcon_core.shell:Creating environment hook '/home/matus/ros2_ws/src/install/rrm_simple_robot_model/share/rrm_simple_robot_model/hook/cmake_prefix_path.ps1'
[0.561s] INFO:colcon.colcon_core.shell:Creating environment descriptor '/home/matus/ros2_ws/src/install/rrm_simple_robot_model/share/rrm_simple_robot_model/hook/cmake_prefix_path.dsv'
[0.562s] INFO:colcon.colcon_core.shell:Creating environment hook '/home/matus/ros2_ws/src/install/rrm_simple_robot_model/share/rrm_simple_robot_model/hook/cmake_prefix_path.sh'
[0.563s] Level 1:colcon.colcon_core.environment:checking '/home/matus/ros2_ws/src/install/rrm_simple_robot_model/bin'
[0.563s] Level 1:colcon.colcon_core.environment:checking '/home/matus/ros2_ws/src/install/rrm_simple_robot_model/lib/pkgconfig/rrm_simple_robot_model.pc'
[0.563s] Level 1:colcon.colcon_core.environment:checking '/home/matus/ros2_ws/src/install/rrm_simple_robot_model/lib/python3.12/site-packages'
[0.563s] Level 1:colcon.colcon_core.environment:checking '/home/matus/ros2_ws/src/install/rrm_simple_robot_model/bin'
[0.564s] INFO:colcon.colcon_core.shell:Creating package script '/home/matus/ros2_ws/src/install/rrm_simple_robot_model/share/rrm_simple_robot_model/package.ps1'
[0.565s] INFO:colcon.colcon_core.shell:Creating package descriptor '/home/matus/ros2_ws/src/install/rrm_simple_robot_model/share/rrm_simple_robot_model/package.dsv'
[0.565s] INFO:colcon.colcon_core.shell:Creating package script '/home/matus/ros2_ws/src/install/rrm_simple_robot_model/share/rrm_simple_robot_model/package.sh'
[0.566s] INFO:colcon.colcon_core.shell:Creating package script '/home/matus/ros2_ws/src/install/rrm_simple_robot_model/share/rrm_simple_robot_model/package.bash'
[0.567s] INFO:colcon.colcon_core.shell:Creating package script '/home/matus/ros2_ws/src/install/rrm_simple_robot_model/share/rrm_simple_robot_model/package.zsh'
[0.568s] Level 1:colcon.colcon_core.environment:create_file_with_runtime_dependencies(/home/matus/ros2_ws/src/install/rrm_simple_robot_model/share/colcon-core/packages/rrm_simple_robot_model)
[0.600s] Level 1:colcon.colcon_core.environment:create_environment_scripts_only(rrm_simple_robot_model)
[0.601s] Level 1:colcon.colcon_core.environment:checking '/home/matus/ros2_ws/src/install/rrm_simple_robot_model' for CMake module files
[0.602s] Level 1:colcon.colcon_core.environment:checking '/home/matus/ros2_ws/src/install/rrm_simple_robot_model' for CMake config files
[0.603s] Level 1:colcon.colcon_core.shell:create_environment_hook('rrm_simple_robot_model', 'cmake_prefix_path')
[0.603s] INFO:colcon.colcon_core.shell:Creating environment hook '/home/matus/ros2_ws/src/install/rrm_simple_robot_model/share/rrm_simple_robot_model/hook/cmake_prefix_path.ps1'
[0.604s] INFO:colcon.colcon_core.shell:Creating environment descriptor '/home/matus/ros2_ws/src/install/rrm_simple_robot_model/share/rrm_simple_robot_model/hook/cmake_prefix_path.dsv'
[0.605s] INFO:colcon.colcon_core.shell:Creating environment hook '/home/matus/ros2_ws/src/install/rrm_simple_robot_model/share/rrm_simple_robot_model/hook/cmake_prefix_path.sh'
[0.606s] Level 1:colcon.colcon_core.environment:checking '/home/matus/ros2_ws/src/install/rrm_simple_robot_model/bin'
[0.606s] Level 1:colcon.colcon_core.environment:checking '/home/matus/ros2_ws/src/install/rrm_simple_robot_model/lib/pkgconfig/rrm_simple_robot_model.pc'
[0.606s] Level 1:colcon.colcon_core.environment:checking '/home/matus/ros2_ws/src/install/rrm_simple_robot_model/lib/python3.12/site-packages'
[0.607s] Level 1:colcon.colcon_core.environment:checking '/home/matus/ros2_ws/src/install/rrm_simple_robot_model/bin'
[0.607s] INFO:colcon.colcon_core.shell:Creating package script '/home/matus/ros2_ws/src/install/rrm_simple_robot_model/share/rrm_simple_robot_model/package.ps1'
[0.608s] INFO:colcon.colcon_core.shell:Creating package descriptor '/home/matus/ros2_ws/src/install/rrm_simple_robot_model/share/rrm_simple_robot_model/package.dsv'
[0.609s] INFO:colcon.colcon_core.shell:Creating package script '/home/matus/ros2_ws/src/install/rrm_simple_robot_model/share/rrm_simple_robot_model/package.sh'
[0.610s] INFO:colcon.colcon_core.shell:Creating package script '/home/matus/ros2_ws/src/install/rrm_simple_robot_model/share/rrm_simple_robot_model/package.bash'
[0.611s] INFO:colcon.colcon_core.shell:Creating package script '/home/matus/ros2_ws/src/install/rrm_simple_robot_model/share/rrm_simple_robot_model/package.zsh'
[0.612s] Level 1:colcon.colcon_core.environment:create_file_with_runtime_dependencies(/home/matus/ros2_ws/src/install/rrm_simple_robot_model/share/colcon-core/packages/rrm_simple_robot_model)
[1.115s] DEBUG:colcon.colcon_core.event_handler.log_command:Invoked command in '/home/matus/ros2_ws/src/build/rrm_msgs' returned '0': CMAKE_PREFIX_PATH=${CMAKE_PREFIX_PATH}:/opt/ros/jazzy DEBUGINFOD_URLS=https://debuginfod.ubuntu.com /usr/bin/cmake --build /home/matus/ros2_ws/src/build/rrm_msgs -- -j12 -l12
[1.284s] DEBUG:colcon.colcon_core.event_handler.log_command:Invoking command in '/home/matus/ros2_ws/src/build/rrm_msgs': CMAKE_PREFIX_PATH=${CMAKE_PREFIX_PATH}:/opt/ros/jazzy DEBUGINFOD_URLS=https://debuginfod.ubuntu.com /usr/bin/cmake --install /home/matus/ros2_ws/src/build/rrm_msgs
[1.384s] Level 1:colcon.colcon_core.environment:create_environment_scripts_only(rrm_msgs)
[1.385s] DEBUG:colcon.colcon_core.event_handler.log_command:Invoked command in '/home/matus/ros2_ws/src/build/rrm_msgs' returned '0': CMAKE_PREFIX_PATH=${CMAKE_PREFIX_PATH}:/opt/ros/jazzy DEBUGINFOD_URLS=https://debuginfod.ubuntu.com /usr/bin/cmake --install /home/matus/ros2_ws/src/build/rrm_msgs
[1.385s] Level 1:colcon.colcon_core.environment:checking '/home/matus/ros2_ws/src/install/rrm_msgs' for CMake module files
[1.386s] Level 1:colcon.colcon_core.environment:checking '/home/matus/ros2_ws/src/install/rrm_msgs' for CMake config files
[1.387s] Level 1:colcon.colcon_core.shell:create_environment_hook('rrm_msgs', 'cmake_prefix_path')
[1.387s] INFO:colcon.colcon_core.shell:Creating environment hook '/home/matus/ros2_ws/src/install/rrm_msgs/share/rrm_msgs/hook/cmake_prefix_path.ps1'
[1.388s] INFO:colcon.colcon_core.shell:Creating environment descriptor '/home/matus/ros2_ws/src/install/rrm_msgs/share/rrm_msgs/hook/cmake_prefix_path.dsv'
[1.388s] INFO:colcon.colcon_core.shell:Creating environment hook '/home/matus/ros2_ws/src/install/rrm_msgs/share/rrm_msgs/hook/cmake_prefix_path.sh'
[1.389s] Level 1:colcon.colcon_core.environment:checking '/home/matus/ros2_ws/src/install/rrm_msgs/lib'
[1.389s] Level 1:colcon.colcon_core.shell:create_environment_hook('rrm_msgs', 'ld_library_path_lib')
[1.389s] INFO:colcon.colcon_core.shell:Creating environment hook '/home/matus/ros2_ws/src/install/rrm_msgs/share/rrm_msgs/hook/ld_library_path_lib.ps1'
[1.390s] INFO:colcon.colcon_core.shell:Creating environment descriptor '/home/matus/ros2_ws/src/install/rrm_msgs/share/rrm_msgs/hook/ld_library_path_lib.dsv'
[1.390s] INFO:colcon.colcon_core.shell:Creating environment hook '/home/matus/ros2_ws/src/install/rrm_msgs/share/rrm_msgs/hook/ld_library_path_lib.sh'
[1.391s] Level 1:colcon.colcon_core.environment:checking '/home/matus/ros2_ws/src/install/rrm_msgs/bin'
[1.391s] Level 1:colcon.colcon_core.environment:checking '/home/matus/ros2_ws/src/install/rrm_msgs/lib/pkgconfig/rrm_msgs.pc'
[1.391s] Level 1:colcon.colcon_core.environment:checking '/home/matus/ros2_ws/src/install/rrm_msgs/lib/python3.12/site-packages'
[1.391s] Level 1:colcon.colcon_core.shell:create_environment_hook('rrm_msgs', 'pythonpath')
[1.391s] INFO:colcon.colcon_core.shell:Creating environment hook '/home/matus/ros2_ws/src/install/rrm_msgs/share/rrm_msgs/hook/pythonpath.ps1'
[1.392s] INFO:colcon.colcon_core.shell:Creating environment descriptor '/home/matus/ros2_ws/src/install/rrm_msgs/share/rrm_msgs/hook/pythonpath.dsv'
[1.393s] INFO:colcon.colcon_core.shell:Creating environment hook '/home/matus/ros2_ws/src/install/rrm_msgs/share/rrm_msgs/hook/pythonpath.sh'
[1.394s] Level 1:colcon.colcon_core.environment:checking '/home/matus/ros2_ws/src/install/rrm_msgs/bin'
[1.394s] INFO:colcon.colcon_core.shell:Creating package script '/home/matus/ros2_ws/src/install/rrm_msgs/share/rrm_msgs/package.ps1'
[1.395s] INFO:colcon.colcon_core.shell:Creating package descriptor '/home/matus/ros2_ws/src/install/rrm_msgs/share/rrm_msgs/package.dsv'
[1.395s] INFO:colcon.colcon_core.shell:Creating package script '/home/matus/ros2_ws/src/install/rrm_msgs/share/rrm_msgs/package.sh'
[1.396s] INFO:colcon.colcon_core.shell:Creating package script '/home/matus/ros2_ws/src/install/rrm_msgs/share/rrm_msgs/package.bash'
[1.396s] INFO:colcon.colcon_core.shell:Creating package script '/home/matus/ros2_ws/src/install/rrm_msgs/share/rrm_msgs/package.zsh'
[1.396s] Level 1:colcon.colcon_core.environment:create_file_with_runtime_dependencies(/home/matus/ros2_ws/src/install/rrm_msgs/share/colcon-core/packages/rrm_msgs)
[1.564s] Level 1:colcon.colcon_core.environment:create_environment_scripts_only(rrm_msgs)
[1.564s] Level 1:colcon.colcon_core.environment:checking '/home/matus/ros2_ws/src/install/rrm_msgs' for CMake module files
[1.573s] Level 1:colcon.colcon_core.environment:checking '/home/matus/ros2_ws/src/install/rrm_msgs' for CMake config files
[1.573s] Level 1:colcon.colcon_core.shell:create_environment_hook('rrm_msgs', 'cmake_prefix_path')
[1.574s] INFO:colcon.colcon_core.shell:Creating environment hook '/home/matus/ros2_ws/src/install/rrm_msgs/share/rrm_msgs/hook/cmake_prefix_path.ps1'
[1.574s] INFO:colcon.colcon_core.shell:Creating environment descriptor '/home/matus/ros2_ws/src/install/rrm_msgs/share/rrm_msgs/hook/cmake_prefix_path.dsv'
[1.575s] INFO:colcon.colcon_core.shell:Creating environment hook '/home/matus/ros2_ws/src/install/rrm_msgs/share/rrm_msgs/hook/cmake_prefix_path.sh'
[1.575s] Level 1:colcon.colcon_core.environment:checking '/home/matus/ros2_ws/src/install/rrm_msgs/lib'
[1.576s] Level 1:colcon.colcon_core.shell:create_environment_hook('rrm_msgs', 'ld_library_path_lib')
[1.576s] INFO:colcon.colcon_core.shell:Creating environment hook '/home/matus/ros2_ws/src/install/rrm_msgs/share/rrm_msgs/hook/ld_library_path_lib.ps1'
[1.576s] INFO:colcon.colcon_core.shell:Creating environment descriptor '/home/matus/ros2_ws/src/install/rrm_msgs/share/rrm_msgs/hook/ld_library_path_lib.dsv'
[1.577s] INFO:colcon.colcon_core.shell:Creating environment hook '/home/matus/ros2_ws/src/install/rrm_msgs/share/rrm_msgs/hook/ld_library_path_lib.sh'
[1.577s] Level 1:colcon.colcon_core.environment:checking '/home/matus/ros2_ws/src/install/rrm_msgs/bin'
[1.577s] Level 1:colcon.colcon_core.environment:checking '/home/matus/ros2_ws/src/install/rrm_msgs/lib/pkgconfig/rrm_msgs.pc'
[1.578s] Level 1:colcon.colcon_core.environment:checking '/home/matus/ros2_ws/src/install/rrm_msgs/lib/python3.12/site-packages'
[1.578s] Level 1:colcon.colcon_core.shell:create_environment_hook('rrm_msgs', 'pythonpath')
[1.578s] INFO:colcon.colcon_core.shell:Creating environment hook '/home/matus/ros2_ws/src/install/rrm_msgs/share/rrm_msgs/hook/pythonpath.ps1'
[1.579s] INFO:colcon.colcon_core.shell:Creating environment descriptor '/home/matus/ros2_ws/src/install/rrm_msgs/share/rrm_msgs/hook/pythonpath.dsv'
[1.579s] INFO:colcon.colcon_core.shell:Creating environment hook '/home/matus/ros2_ws/src/install/rrm_msgs/share/rrm_msgs/hook/pythonpath.sh'
[1.580s] Level 1:colcon.colcon_core.environment:checking '/home/matus/ros2_ws/src/install/rrm_msgs/bin'
[1.580s] INFO:colcon.colcon_core.shell:Creating package script '/home/matus/ros2_ws/src/install/rrm_msgs/share/rrm_msgs/package.ps1'
[1.581s] INFO:colcon.colcon_core.shell:Creating package descriptor '/home/matus/ros2_ws/src/install/rrm_msgs/share/rrm_msgs/package.dsv'
[1.581s] INFO:colcon.colcon_core.shell:Creating package script '/home/matus/ros2_ws/src/install/rrm_msgs/share/rrm_msgs/package.sh'
[1.582s] INFO:colcon.colcon_core.shell:Creating package script '/home/matus/ros2_ws/src/install/rrm_msgs/share/rrm_msgs/package.bash'
[1.582s] INFO:colcon.colcon_core.shell:Creating package script '/home/matus/ros2_ws/src/install/rrm_msgs/share/rrm_msgs/package.zsh'
[1.583s] Level 1:colcon.colcon_core.environment:create_file_with_runtime_dependencies(/home/matus/ros2_ws/src/install/rrm_msgs/share/colcon-core/packages/rrm_msgs)
[1.583s] INFO:colcon.colcon_ros.task.ament_cmake.build:Building ROS package in '/home/matus/ros2_ws/src/block1_matuska' with build type 'ament_cmake'
[1.583s] INFO:colcon.colcon_cmake.task.cmake.build:Building CMake package in '/home/matus/ros2_ws/src/block1_matuska'
[1.584s] INFO:colcon.colcon_core.shell:Skip shell extension 'powershell' for command environment: Not usable outside of PowerShell
[1.584s] DEBUG:colcon.colcon_core.shell:Skip shell extension 'dsv' for command environment
[1.589s] INFO:colcon.colcon_ros.task.ament_cmake.build:Building ROS package in '/home/matus/ros2_ws/src/rrm/rrm_sim' with build type 'ament_cmake'
[1.589s] INFO:colcon.colcon_cmake.task.cmake.build:Building CMake package in '/home/matus/ros2_ws/src/rrm/rrm_sim'
[1.590s] INFO:colcon.colcon_core.shell:Skip shell extension 'powershell' for command environment: Not usable outside of PowerShell
[1.590s] DEBUG:colcon.colcon_core.shell:Skip shell extension 'dsv' for command environment
[1.603s] DEBUG:colcon.colcon_core.event_handler.log_command:Invoking command in '/home/matus/ros2_ws/src/build/block1_matuska': AMENT_PREFIX_PATH=/home/matus/ros2_ws/src/install/rrm_msgs:${AMENT_PREFIX_PATH} CMAKE_PREFIX_PATH=/home/matus/ros2_ws/src/install/rrm_msgs:/home/matus/ros2_ws/install/cviko1:/home/matus/ros2_ws/install/rrm_simple_robot_model:/home/matus/ros2_ws/install/rrm_sim:/home/matus/ros2_ws/install/block1_matuska:/home/matus/ros2_ws/install/rrm_msgs:/home/matus/ros2_ws/install/cv1:/opt/ros/jazzy/opt/gz_math_vendor:/opt/ros/jazzy/opt/gz_utils_vendor:/opt/ros/jazzy/opt/gz_cmake_vendor:/opt/ros/jazzy DEBUGINFOD_URLS=https://debuginfod.ubuntu.com LD_LIBRARY_PATH=/home/matus/ros2_ws/src/install/rrm_msgs/lib:${LD_LIBRARY_PATH} PYTHONPATH=/home/matus/ros2_ws/src/install/rrm_msgs/lib/python3.12/site-packages:${PYTHONPATH} /usr/bin/cmake --build /home/matus/ros2_ws/src/build/block1_matuska -- -j12 -l12
[1.608s] DEBUG:colcon.colcon_core.event_handler.log_command:Invoking command in '/home/matus/ros2_ws/src/build/rrm_sim': AMENT_PREFIX_PATH=/home/matus/ros2_ws/src/install/rrm_msgs:${AMENT_PREFIX_PATH} CMAKE_PREFIX_PATH=/home/matus/ros2_ws/src/install/rrm_msgs:/home/matus/ros2_ws/install/cviko1:/home/matus/ros2_ws/install/rrm_simple_robot_model:/home/matus/ros2_ws/install/rrm_sim:/home/matus/ros2_ws/install/block1_matuska:/home/matus/ros2_ws/install/rrm_msgs:/home/matus/ros2_ws/install/cv1:/opt/ros/jazzy/opt/gz_math_vendor:/opt/ros/jazzy/opt/gz_utils_vendor:/opt/ros/jazzy/opt/gz_cmake_vendor:/opt/ros/jazzy DEBUGINFOD_URLS=https://debuginfod.ubuntu.com LD_LIBRARY_PATH=/home/matus/ros2_ws/src/install/rrm_msgs/lib:${LD_LIBRARY_PATH} PYTHONPATH=/home/matus/ros2_ws/src/install/rrm_msgs/lib/python3.12/site-packages:${PYTHONPATH} /usr/bin/cmake --build /home/matus/ros2_ws/src/build/rrm_sim -- -j12 -l12
[1.731s] DEBUG:colcon.colcon_core.event_handler.log_command:Invoked command in '/home/matus/ros2_ws/src/build/rrm_sim' returned '0': AMENT_PREFIX_PATH=/home/matus/ros2_ws/src/install/rrm_msgs:${AMENT_PREFIX_PATH} CMAKE_PREFIX_PATH=/home/matus/ros2_ws/src/install/rrm_msgs:/home/matus/ros2_ws/install/cviko1:/home/matus/ros2_ws/install/rrm_simple_robot_model:/home/matus/ros2_ws/install/rrm_sim:/home/matus/ros2_ws/install/block1_matuska:/home/matus/ros2_ws/install/rrm_msgs:/home/matus/ros2_ws/install/cv1:/opt/ros/jazzy/opt/gz_math_vendor:/opt/ros/jazzy/opt/gz_utils_vendor:/opt/ros/jazzy/opt/gz_cmake_vendor:/opt/ros/jazzy DEBUGINFOD_URLS=https://debuginfod.ubuntu.com LD_LIBRARY_PATH=/home/matus/ros2_ws/src/install/rrm_msgs/lib:${LD_LIBRARY_PATH} PYTHONPATH=/home/matus/ros2_ws/src/install/rrm_msgs/lib/python3.12/site-packages:${PYTHONPATH} /usr/bin/cmake --build /home/matus/ros2_ws/src/build/rrm_sim -- -j12 -l12
[1.780s] DEBUG:colcon.colcon_core.event_handler.log_command:Invoking command in '/home/matus/ros2_ws/src/build/rrm_sim': AMENT_PREFIX_PATH=/home/matus/ros2_ws/src/install/rrm_msgs:${AMENT_PREFIX_PATH} CMAKE_PREFIX_PATH=/home/matus/ros2_ws/src/install/rrm_msgs:/home/matus/ros2_ws/install/cviko1:/home/matus/ros2_ws/install/rrm_simple_robot_model:/home/matus/ros2_ws/install/rrm_sim:/home/matus/ros2_ws/install/block1_matuska:/home/matus/ros2_ws/install/rrm_msgs:/home/matus/ros2_ws/install/cv1:/opt/ros/jazzy/opt/gz_math_vendor:/opt/ros/jazzy/opt/gz_utils_vendor:/opt/ros/jazzy/opt/gz_cmake_vendor:/opt/ros/jazzy DEBUGINFOD_URLS=https://debuginfod.ubuntu.com LD_LIBRARY_PATH=/home/matus/ros2_ws/src/install/rrm_msgs/lib:${LD_LIBRARY_PATH} PYTHONPATH=/home/matus/ros2_ws/src/install/rrm_msgs/lib/python3.12/site-packages:${PYTHONPATH} /usr/bin/cmake --install /home/matus/ros2_ws/src/build/rrm_sim
[1.799s] Level 1:colcon.colcon_core.environment:create_environment_scripts_only(rrm_sim)
[1.800s] Level 1:colcon.colcon_core.environment:checking '/home/matus/ros2_ws/src/install/rrm_sim' for CMake module files
[1.801s] DEBUG:colcon.colcon_core.event_handler.log_command:Invoked command in '/home/matus/ros2_ws/src/build/rrm_sim' returned '0': AMENT_PREFIX_PATH=/home/matus/ros2_ws/src/install/rrm_msgs:${AMENT_PREFIX_PATH} CMAKE_PREFIX_PATH=/home/matus/ros2_ws/src/install/rrm_msgs:/home/matus/ros2_ws/install/cviko1:/home/matus/ros2_ws/install/rrm_simple_robot_model:/home/matus/ros2_ws/install/rrm_sim:/home/matus/ros2_ws/install/block1_matuska:/home/matus/ros2_ws/install/rrm_msgs:/home/matus/ros2_ws/install/cv1:/opt/ros/jazzy/opt/gz_math_vendor:/opt/ros/jazzy/opt/gz_utils_vendor:/opt/ros/jazzy/opt/gz_cmake_vendor:/opt/ros/jazzy DEBUGINFOD_URLS=https://debuginfod.ubuntu.com LD_LIBRARY_PATH=/home/matus/ros2_ws/src/install/rrm_msgs/lib:${LD_LIBRARY_PATH} PYTHONPATH=/home/matus/ros2_ws/src/install/rrm_msgs/lib/python3.12/site-packages:${PYTHONPATH} /usr/bin/cmake --install /home/matus/ros2_ws/src/build/rrm_sim
[1.802s] Level 1:colcon.colcon_core.environment:checking '/home/matus/ros2_ws/src/install/rrm_sim' for CMake config files
[1.802s] Level 1:colcon.colcon_core.shell:create_environment_hook('rrm_sim', 'cmake_prefix_path')
[1.803s] INFO:colcon.colcon_core.shell:Creating environment hook '/home/matus/ros2_ws/src/install/rrm_sim/share/rrm_sim/hook/cmake_prefix_path.ps1'
[1.804s] INFO:colcon.colcon_core.shell:Creating environment descriptor '/home/matus/ros2_ws/src/install/rrm_sim/share/rrm_sim/hook/cmake_prefix_path.dsv'
[1.804s] INFO:colcon.colcon_core.shell:Creating environment hook '/home/matus/ros2_ws/src/install/rrm_sim/share/rrm_sim/hook/cmake_prefix_path.sh'
[1.805s] Level 1:colcon.colcon_core.environment:checking '/home/matus/ros2_ws/src/install/rrm_sim/lib'
[1.805s] Level 1:colcon.colcon_core.environment:checking '/home/matus/ros2_ws/src/install/rrm_sim/bin'
[1.805s] Level 1:colcon.colcon_core.environment:checking '/home/matus/ros2_ws/src/install/rrm_sim/lib/pkgconfig/rrm_sim.pc'
[1.806s] Level 1:colcon.colcon_core.environment:checking '/home/matus/ros2_ws/src/install/rrm_sim/lib/python3.12/site-packages'
[1.806s] Level 1:colcon.colcon_core.environment:checking '/home/matus/ros2_ws/src/install/rrm_sim/bin'
[1.807s] INFO:colcon.colcon_core.shell:Creating package script '/home/matus/ros2_ws/src/install/rrm_sim/share/rrm_sim/package.ps1'
[1.807s] INFO:colcon.colcon_core.shell:Creating package descriptor '/home/matus/ros2_ws/src/install/rrm_sim/share/rrm_sim/package.dsv'
[1.808s] INFO:colcon.colcon_core.shell:Creating package script '/home/matus/ros2_ws/src/install/rrm_sim/share/rrm_sim/package.sh'
[1.809s] INFO:colcon.colcon_core.shell:Creating package script '/home/matus/ros2_ws/src/install/rrm_sim/share/rrm_sim/package.bash'
[1.809s] INFO:colcon.colcon_core.shell:Creating package script '/home/matus/ros2_ws/src/install/rrm_sim/share/rrm_sim/package.zsh'
[1.810s] Level 1:colcon.colcon_core.environment:create_file_with_runtime_dependencies(/home/matus/ros2_ws/src/install/rrm_sim/share/colcon-core/packages/rrm_sim)
[1.852s] Level 1:colcon.colcon_core.environment:create_environment_scripts_only(rrm_sim)
[1.852s] Level 1:colcon.colcon_core.environment:checking '/home/matus/ros2_ws/src/install/rrm_sim' for CMake module files
[1.853s] Level 1:colcon.colcon_core.environment:checking '/home/matus/ros2_ws/src/install/rrm_sim' for CMake config files
[1.853s] Level 1:colcon.colcon_core.shell:create_environment_hook('rrm_sim', 'cmake_prefix_path')
[1.853s] INFO:colcon.colcon_core.shell:Creating environment hook '/home/matus/ros2_ws/src/install/rrm_sim/share/rrm_sim/hook/cmake_prefix_path.ps1'
[1.854s] INFO:colcon.colcon_core.shell:Creating environment descriptor '/home/matus/ros2_ws/src/install/rrm_sim/share/rrm_sim/hook/cmake_prefix_path.dsv'
[1.854s] INFO:colcon.colcon_core.shell:Creating environment hook '/home/matus/ros2_ws/src/install/rrm_sim/share/rrm_sim/hook/cmake_prefix_path.sh'
[1.854s] Level 1:colcon.colcon_core.environment:checking '/home/matus/ros2_ws/src/install/rrm_sim/lib'
[1.855s] Level 1:colcon.colcon_core.environment:checking '/home/matus/ros2_ws/src/install/rrm_sim/bin'
[1.855s] Level 1:colcon.colcon_core.environment:checking '/home/matus/ros2_ws/src/install/rrm_sim/lib/pkgconfig/rrm_sim.pc'
[1.855s] Level 1:colcon.colcon_core.environment:checking '/home/matus/ros2_ws/src/install/rrm_sim/lib/python3.12/site-packages'
[1.855s] Level 1:colcon.colcon_core.environment:checking '/home/matus/ros2_ws/src/install/rrm_sim/bin'
[1.855s] INFO:colcon.colcon_core.shell:Creating package script '/home/matus/ros2_ws/src/install/rrm_sim/share/rrm_sim/package.ps1'
[1.856s] INFO:colcon.colcon_core.shell:Creating package descriptor '/home/matus/ros2_ws/src/install/rrm_sim/share/rrm_sim/package.dsv'
[1.856s] INFO:colcon.colcon_core.shell:Creating package script '/home/matus/ros2_ws/src/install/rrm_sim/share/rrm_sim/package.sh'
[1.856s] INFO:colcon.colcon_core.shell:Creating package script '/home/matus/ros2_ws/src/install/rrm_sim/share/rrm_sim/package.bash'
[1.857s] INFO:colcon.colcon_core.shell:Creating package script '/home/matus/ros2_ws/src/install/rrm_sim/share/rrm_sim/package.zsh'
[1.857s] Level 1:colcon.colcon_core.environment:create_file_with_runtime_dependencies(/home/matus/ros2_ws/src/install/rrm_sim/share/colcon-core/packages/rrm_sim)
[6.114s] DEBUG:colcon.colcon_core.event_handler.log_command:Invoked command in '/home/matus/ros2_ws/src/build/block1_matuska' returned '0': AMENT_PREFIX_PATH=/home/matus/ros2_ws/src/install/rrm_msgs:${AMENT_PREFIX_PATH} CMAKE_PREFIX_PATH=/home/matus/ros2_ws/src/install/rrm_msgs:/home/matus/ros2_ws/install/cviko1:/home/matus/ros2_ws/install/rrm_simple_robot_model:/home/matus/ros2_ws/install/rrm_sim:/home/matus/ros2_ws/install/block1_matuska:/home/matus/ros2_ws/install/rrm_msgs:/home/matus/ros2_ws/install/cv1:/opt/ros/jazzy/opt/gz_math_vendor:/opt/ros/jazzy/opt/gz_utils_vendor:/opt/ros/jazzy/opt/gz_cmake_vendor:/opt/ros/jazzy DEBUGINFOD_URLS=https://debuginfod.ubuntu.com LD_LIBRARY_PATH=/home/matus/ros2_ws/src/install/rrm_msgs/lib:${LD_LIBRARY_PATH} PYTHONPATH=/home/matus/ros2_ws/src/install/rrm_msgs/lib/python3.12/site-packages:${PYTHONPATH} /usr/bin/cmake --build /home/matus/ros2_ws/src/build/block1_matuska -- -j12 -l12
[6.142s] DEBUG:colcon.colcon_core.event_handler.log_command:Invoking command in '/home/matus/ros2_ws/src/build/block1_matuska': AMENT_PREFIX_PATH=/home/matus/ros2_ws/src/install/rrm_msgs:${AMENT_PREFIX_PATH} CMAKE_PREFIX_PATH=/home/matus/ros2_ws/src/install/rrm_msgs:/home/matus/ros2_ws/install/cviko1:/home/matus/ros2_ws/install/rrm_simple_robot_model:/home/matus/ros2_ws/install/rrm_sim:/home/matus/ros2_ws/install/block1_matuska:/home/matus/ros2_ws/install/rrm_msgs:/home/matus/ros2_ws/install/cv1:/opt/ros/jazzy/opt/gz_math_vendor:/opt/ros/jazzy/opt/gz_utils_vendor:/opt/ros/jazzy/opt/gz_cmake_vendor:/opt/ros/jazzy DEBUGINFOD_URLS=https://debuginfod.ubuntu.com LD_LIBRARY_PATH=/home/matus/ros2_ws/src/install/rrm_msgs/lib:${LD_LIBRARY_PATH} PYTHONPATH=/home/matus/ros2_ws/src/install/rrm_msgs/lib/python3.12/site-packages:${PYTHONPATH} /usr/bin/cmake --install /home/matus/ros2_ws/src/build/block1_matuska
[6.154s] Level 1:colcon.colcon_core.environment:create_environment_scripts_only(block1_matuska)
[6.155s] Level 1:colcon.colcon_core.environment:checking '/home/matus/ros2_ws/src/install/block1_matuska' for CMake module files
[6.155s] DEBUG:colcon.colcon_core.event_handler.log_command:Invoked command in '/home/matus/ros2_ws/src/build/block1_matuska' returned '0': AMENT_PREFIX_PATH=/home/matus/ros2_ws/src/install/rrm_msgs:${AMENT_PREFIX_PATH} CMAKE_PREFIX_PATH=/home/matus/ros2_ws/src/install/rrm_msgs:/home/matus/ros2_ws/install/cviko1:/home/matus/ros2_ws/install/rrm_simple_robot_model:/home/matus/ros2_ws/install/rrm_sim:/home/matus/ros2_ws/install/block1_matuska:/home/matus/ros2_ws/install/rrm_msgs:/home/matus/ros2_ws/install/cv1:/opt/ros/jazzy/opt/gz_math_vendor:/opt/ros/jazzy/opt/gz_utils_vendor:/opt/ros/jazzy/opt/gz_cmake_vendor:/opt/ros/jazzy DEBUGINFOD_URLS=https://debuginfod.ubuntu.com LD_LIBRARY_PATH=/home/matus/ros2_ws/src/install/rrm_msgs/lib:${LD_LIBRARY_PATH} PYTHONPATH=/home/matus/ros2_ws/src/install/rrm_msgs/lib/python3.12/site-packages:${PYTHONPATH} /usr/bin/cmake --install /home/matus/ros2_ws/src/build/block1_matuska
[6.155s] Level 1:colcon.colcon_core.environment:checking '/home/matus/ros2_ws/src/install/block1_matuska' for CMake config files
[6.155s] Level 1:colcon.colcon_core.shell:create_environment_hook('block1_matuska', 'cmake_prefix_path')
[6.156s] INFO:colcon.colcon_core.shell:Creating environment hook '/home/matus/ros2_ws/src/install/block1_matuska/share/block1_matuska/hook/cmake_prefix_path.ps1'
[6.156s] INFO:colcon.colcon_core.shell:Creating environment descriptor '/home/matus/ros2_ws/src/install/block1_matuska/share/block1_matuska/hook/cmake_prefix_path.dsv'
[6.156s] INFO:colcon.colcon_core.shell:Creating environment hook '/home/matus/ros2_ws/src/install/block1_matuska/share/block1_matuska/hook/cmake_prefix_path.sh'
[6.156s] Level 1:colcon.colcon_core.environment:checking '/home/matus/ros2_ws/src/install/block1_matuska/lib'
[6.157s] Level 1:colcon.colcon_core.environment:checking '/home/matus/ros2_ws/src/install/block1_matuska/bin'
[6.157s] Level 1:colcon.colcon_core.environment:checking '/home/matus/ros2_ws/src/install/block1_matuska/lib/pkgconfig/block1_matuska.pc'
[6.157s] Level 1:colcon.colcon_core.environment:checking '/home/matus/ros2_ws/src/install/block1_matuska/lib/python3.12/site-packages'
[6.157s] Level 1:colcon.colcon_core.environment:checking '/home/matus/ros2_ws/src/install/block1_matuska/bin'
[6.157s] INFO:colcon.colcon_core.shell:Creating package script '/home/matus/ros2_ws/src/install/block1_matuska/share/block1_matuska/package.ps1'
[6.157s] INFO:colcon.colcon_core.shell:Creating package descriptor '/home/matus/ros2_ws/src/install/block1_matuska/share/block1_matuska/package.dsv'
[6.158s] INFO:colcon.colcon_core.shell:Creating package script '/home/matus/ros2_ws/src/install/block1_matuska/share/block1_matuska/package.sh'
[6.158s] INFO:colcon.colcon_core.shell:Creating package script '/home/matus/ros2_ws/src/install/block1_matuska/share/block1_matuska/package.bash'
[6.158s] INFO:colcon.colcon_core.shell:Creating package script '/home/matus/ros2_ws/src/install/block1_matuska/share/block1_matuska/package.zsh'
[6.158s] Level 1:colcon.colcon_core.environment:create_file_with_runtime_dependencies(/home/matus/ros2_ws/src/install/block1_matuska/share/colcon-core/packages/block1_matuska)
[6.188s] Level 1:colcon.colcon_core.environment:create_environment_scripts_only(block1_matuska)
[6.188s] Level 1:colcon.colcon_core.environment:checking '/home/matus/ros2_ws/src/install/block1_matuska' for CMake module files
[6.188s] Level 1:colcon.colcon_core.environment:checking '/home/matus/ros2_ws/src/install/block1_matuska' for CMake config files
[6.188s] Level 1:colcon.colcon_core.shell:create_environment_hook('block1_matuska', 'cmake_prefix_path')
[6.188s] INFO:colcon.colcon_core.shell:Creating environment hook '/home/matus/ros2_ws/src/install/block1_matuska/share/block1_matuska/hook/cmake_prefix_path.ps1'
[6.189s] INFO:colcon.colcon_core.shell:Creating environment descriptor '/home/matus/ros2_ws/src/install/block1_matuska/share/block1_matuska/hook/cmake_prefix_path.dsv'
[6.189s] INFO:colcon.colcon_core.shell:Creating environment hook '/home/matus/ros2_ws/src/install/block1_matuska/share/block1_matuska/hook/cmake_prefix_path.sh'
[6.190s] Level 1:colcon.colcon_core.environment:checking '/home/matus/ros2_ws/src/install/block1_matuska/lib'
[6.190s] Level 1:colcon.colcon_core.environment:checking '/home/matus/ros2_ws/src/install/block1_matuska/bin'
[6.190s] Level 1:colcon.colcon_core.environment:checking '/home/matus/ros2_ws/src/install/block1_matuska/lib/pkgconfig/block1_matuska.pc'
[6.190s] Level 1:colcon.colcon_core.environment:checking '/home/matus/ros2_ws/src/install/block1_matuska/lib/python3.12/site-packages'
[6.190s] Level 1:colcon.colcon_core.environment:checking '/home/matus/ros2_ws/src/install/block1_matuska/bin'
[6.190s] INFO:colcon.colcon_core.shell:Creating package script '/home/matus/ros2_ws/src/install/block1_matuska/share/block1_matuska/package.ps1'
[6.190s] INFO:colcon.colcon_core.shell:Creating package descriptor '/home/matus/ros2_ws/src/install/block1_matuska/share/block1_matuska/package.dsv'
[6.191s] INFO:colcon.colcon_core.shell:Creating package script '/home/matus/ros2_ws/src/install/block1_matuska/share/block1_matuska/package.sh'
[6.191s] INFO:colcon.colcon_core.shell:Creating package script '/home/matus/ros2_ws/src/install/block1_matuska/share/block1_matuska/package.bash'
[6.191s] INFO:colcon.colcon_core.shell:Creating package script '/home/matus/ros2_ws/src/install/block1_matuska/share/block1_matuska/package.zsh'
[6.192s] Level 1:colcon.colcon_core.environment:create_file_with_runtime_dependencies(/home/matus/ros2_ws/src/install/block1_matuska/share/colcon-core/packages/block1_matuska)
[6.192s] DEBUG:colcon.colcon_parallel_executor.executor.parallel:closing loop
[6.192s] DEBUG:colcon.colcon_parallel_executor.executor.parallel:loop closed
[6.192s] DEBUG:colcon.colcon_parallel_executor.executor.parallel:run_until_complete finished with '0'
[6.192s] DEBUG:colcon.colcon_core.event_reactor:joining thread
[6.197s] INFO:colcon.colcon_core.plugin_system:Skipping extension 'colcon_notification.desktop_notification.terminal_notifier': Not used on non-Darwin systems
[6.197s] INFO:colcon.colcon_core.plugin_system:Skipping extension 'colcon_notification.desktop_notification.win32': Not used on non-Windows systems
[6.197s] INFO:colcon.colcon_notification.desktop_notification:Sending desktop notification using 'notify2'
[6.210s] DEBUG:colcon.colcon_core.event_reactor:joined thread
[6.210s] INFO:colcon.colcon_core.shell:Creating prefix script '/home/matus/ros2_ws/src/install/local_setup.ps1'
[6.211s] INFO:colcon.colcon_core.shell:Creating prefix util module '/home/matus/ros2_ws/src/install/_local_setup_util_ps1.py'
[6.212s] INFO:colcon.colcon_core.shell:Creating prefix chain script '/home/matus/ros2_ws/src/install/setup.ps1'
[6.213s] INFO:colcon.colcon_core.shell:Creating prefix script '/home/matus/ros2_ws/src/install/local_setup.sh'
[6.213s] INFO:colcon.colcon_core.shell:Creating prefix util module '/home/matus/ros2_ws/src/install/_local_setup_util_sh.py'
[6.213s] INFO:colcon.colcon_core.shell:Creating prefix chain script '/home/matus/ros2_ws/src/install/setup.sh'
[6.214s] INFO:colcon.colcon_core.shell:Creating prefix script '/home/matus/ros2_ws/src/install/local_setup.bash'
[6.214s] INFO:colcon.colcon_core.shell:Creating prefix chain script '/home/matus/ros2_ws/src/install/setup.bash'
[6.215s] INFO:colcon.colcon_core.shell:Creating prefix script '/home/matus/ros2_ws/src/install/local_setup.zsh'
[6.215s] INFO:colcon.colcon_core.shell:Creating prefix chain script '/home/matus/ros2_ws/src/install/setup.zsh'
