[0.056s] Invoking command in '/home/matus/ros2_ws/build/rrm_msgs': CMAKE_PREFIX_PATH=${CMAKE_PREFIX_PATH}:/opt/ros/jazzy DEBUGINFOD_URLS=https://debuginfod.ubuntu.com /usr/bin/cmake --build /home/matus/ros2_ws/build/rrm_msgs -- -j12 -l12
[0.183s] [  2%] Built target rrm_msgs__rosidl_generator_type_description
[0.212s] [  2%] Built target ament_cmake_python_copy_rrm_msgs
[0.237s] [  4%] Built target rrm_msgs__cpp
[0.240s] [ 22%] Built target rrm_msgs__rosidl_generator_c
[0.320s] [ 31%] Built target rrm_msgs__rosidl_typesupport_introspection_c
[0.336s] [ 40%] Built target rrm_msgs__rosidl_typesupport_introspection_cpp
[0.339s] [ 50%] Built target rrm_msgs__rosidl_typesupport_fastrtps_c
[0.342s] [ 59%] Built target rrm_msgs__rosidl_typesupport_c
[0.343s] [ 68%] Built target rrm_msgs__rosidl_typesupport_cpp
[0.344s] [ 77%] Built target rrm_msgs__rosidl_typesupport_fastrtps_cpp
[0.391s] [ 77%] Built target rrm_msgs
[0.442s] [ 79%] Built target rrm_msgs__py
[0.499s] [ 86%] Built target rrm_msgs__rosidl_generator_py
[0.557s] [ 93%] Built target rrm_msgs_s__rosidl_typesupport_c
[0.558s] [ 95%] Built target rrm_msgs_s__rosidl_typesupport_fastrtps_c
[0.561s] [100%] Built target rrm_msgs_s__rosidl_typesupport_introspection_c
[0.798s] running egg_info
[0.848s] writing rrm_msgs.egg-info/PKG-INFO
[0.849s] writing dependency_links to rrm_msgs.egg-info/dependency_links.txt
[0.849s] writing top-level names to rrm_msgs.egg-info/top_level.txt
[0.994s] reading manifest file 'rrm_msgs.egg-info/SOURCES.txt'
[0.996s] writing manifest file 'rrm_msgs.egg-info/SOURCES.txt'
[1.062s] [100%] Built target ament_cmake_python_build_rrm_msgs_egg
[1.092s] Invoked command in '/home/matus/ros2_ws/build/rrm_msgs' returned '0': CMAKE_PREFIX_PATH=${CMAKE_PREFIX_PATH}:/opt/ros/jazzy DEBUGINFOD_URLS=https://debuginfod.ubuntu.com /usr/bin/cmake --build /home/matus/ros2_ws/build/rrm_msgs -- -j12 -l12
[1.296s] Invoking command in '/home/matus/ros2_ws/build/rrm_msgs': CMAKE_PREFIX_PATH=${CMAKE_PREFIX_PATH}:/opt/ros/jazzy DEBUGINFOD_URLS=https://debuginfod.ubuntu.com /usr/bin/cmake --install /home/matus/ros2_ws/build/rrm_msgs
[1.317s] -- Install configuration: ""
[1.317s] -- Up-to-date: /home/matus/ros2_ws/install/rrm_msgs/share/ament_index/resource_index/rosidl_interfaces/rrm_msgs
[1.318s] -- Up-to-date: /home/matus/ros2_ws/install/rrm_msgs/share/rrm_msgs/msg/Command.json
[1.318s] -- Up-to-date: /home/matus/ros2_ws/install/rrm_msgs/share/rrm_msgs/srv/Command.json
[1.318s] -- Up-to-date: /home/matus/ros2_ws/install/rrm_msgs/include/rrm_msgs/rrm_msgs
[1.319s] -- Up-to-date: /home/matus/ros2_ws/install/rrm_msgs/include/rrm_msgs/rrm_msgs/srv
[1.319s] -- Up-to-date: /home/matus/ros2_ws/install/rrm_msgs/include/rrm_msgs/rrm_msgs/srv/command.h
[1.319s] -- Up-to-date: /home/matus/ros2_ws/install/rrm_msgs/include/rrm_msgs/rrm_msgs/srv/detail
[1.319s] -- Up-to-date: /home/matus/ros2_ws/install/rrm_msgs/include/rrm_msgs/rrm_msgs/srv/detail/command__functions.h
[1.319s] -- Up-to-date: /home/matus/ros2_ws/install/rrm_msgs/include/rrm_msgs/rrm_msgs/srv/detail/command__functions.c
[1.319s] -- Up-to-date: /home/matus/ros2_ws/install/rrm_msgs/include/rrm_msgs/rrm_msgs/srv/detail/command__description.c
[1.320s] -- Up-to-date: /home/matus/ros2_ws/install/rrm_msgs/include/rrm_msgs/rrm_msgs/srv/detail/command__struct.h
[1.320s] -- Up-to-date: /home/matus/ros2_ws/install/rrm_msgs/include/rrm_msgs/rrm_msgs/srv/detail/command__type_support.c
[1.320s] -- Up-to-date: /home/matus/ros2_ws/install/rrm_msgs/include/rrm_msgs/rrm_msgs/srv/detail/command__type_support.h
[1.320s] -- Up-to-date: /home/matus/ros2_ws/install/rrm_msgs/include/rrm_msgs/rrm_msgs/msg
[1.320s] -- Up-to-date: /home/matus/ros2_ws/install/rrm_msgs/include/rrm_msgs/rrm_msgs/msg/rosidl_generator_c__visibility_control.h
[1.320s] -- Up-to-date: /home/matus/ros2_ws/install/rrm_msgs/include/rrm_msgs/rrm_msgs/msg/command.h
[1.321s] -- Up-to-date: /home/matus/ros2_ws/install/rrm_msgs/include/rrm_msgs/rrm_msgs/msg/detail
[1.321s] -- Up-to-date: /home/matus/ros2_ws/install/rrm_msgs/include/rrm_msgs/rrm_msgs/msg/detail/command__functions.h
[1.321s] -- Up-to-date: /home/matus/ros2_ws/install/rrm_msgs/include/rrm_msgs/rrm_msgs/msg/detail/command__functions.c
[1.321s] -- Up-to-date: /home/matus/ros2_ws/install/rrm_msgs/include/rrm_msgs/rrm_msgs/msg/detail/command__description.c
[1.321s] -- Up-to-date: /home/matus/ros2_ws/install/rrm_msgs/include/rrm_msgs/rrm_msgs/msg/detail/command__struct.h
[1.321s] -- Up-to-date: /home/matus/ros2_ws/install/rrm_msgs/include/rrm_msgs/rrm_msgs/msg/detail/command__type_support.c
[1.322s] -- Up-to-date: /home/matus/ros2_ws/install/rrm_msgs/include/rrm_msgs/rrm_msgs/msg/detail/command__type_support.h
[1.322s] -- Up-to-date: /home/matus/ros2_ws/install/rrm_msgs/share/rrm_msgs/environment/library_path.sh
[1.322s] -- Up-to-date: /home/matus/ros2_ws/install/rrm_msgs/share/rrm_msgs/environment/library_path.dsv
[1.322s] -- Up-to-date: /home/matus/ros2_ws/install/rrm_msgs/lib/librrm_msgs__rosidl_generator_c.so
[1.322s] -- Up-to-date: /home/matus/ros2_ws/install/rrm_msgs/include/rrm_msgs/rrm_msgs
[1.322s] -- Up-to-date: /home/matus/ros2_ws/install/rrm_msgs/include/rrm_msgs/rrm_msgs/srv
[1.322s] -- Up-to-date: /home/matus/ros2_ws/install/rrm_msgs/include/rrm_msgs/rrm_msgs/srv/detail
[1.323s] -- Up-to-date: /home/matus/ros2_ws/install/rrm_msgs/include/rrm_msgs/rrm_msgs/srv/detail/command__rosidl_typesupport_fastrtps_c.h
[1.323s] -- Up-to-date: /home/matus/ros2_ws/install/rrm_msgs/include/rrm_msgs/rrm_msgs/msg
[1.323s] -- Up-to-date: /home/matus/ros2_ws/install/rrm_msgs/include/rrm_msgs/rrm_msgs/msg/rosidl_typesupport_fastrtps_c__visibility_control.h
[1.323s] -- Up-to-date: /home/matus/ros2_ws/install/rrm_msgs/include/rrm_msgs/rrm_msgs/msg/detail
[1.323s] -- Up-to-date: /home/matus/ros2_ws/install/rrm_msgs/include/rrm_msgs/rrm_msgs/msg/detail/command__rosidl_typesupport_fastrtps_c.h
[1.323s] -- Up-to-date: /home/matus/ros2_ws/install/rrm_msgs/lib/librrm_msgs__rosidl_typesupport_fastrtps_c.so
[1.324s] -- Up-to-date: /home/matus/ros2_ws/install/rrm_msgs/include/rrm_msgs/rrm_msgs
[1.324s] -- Up-to-date: /home/matus/ros2_ws/install/rrm_msgs/include/rrm_msgs/rrm_msgs/srv
[1.324s] -- Up-to-date: /home/matus/ros2_ws/install/rrm_msgs/include/rrm_msgs/rrm_msgs/srv/detail
[1.324s] -- Up-to-date: /home/matus/ros2_ws/install/rrm_msgs/include/rrm_msgs/rrm_msgs/srv/detail/command__rosidl_typesupport_introspection_c.h
[1.324s] -- Up-to-date: /home/matus/ros2_ws/install/rrm_msgs/include/rrm_msgs/rrm_msgs/srv/detail/command__type_support.c
[1.324s] -- Up-to-date: /home/matus/ros2_ws/install/rrm_msgs/include/rrm_msgs/rrm_msgs/msg
[1.325s] -- Up-to-date: /home/matus/ros2_ws/install/rrm_msgs/include/rrm_msgs/rrm_msgs/msg/rosidl_typesupport_introspection_c__visibility_control.h
[1.325s] -- Up-to-date: /home/matus/ros2_ws/install/rrm_msgs/include/rrm_msgs/rrm_msgs/msg/detail
[1.325s] -- Up-to-date: /home/matus/ros2_ws/install/rrm_msgs/include/rrm_msgs/rrm_msgs/msg/detail/command__rosidl_typesupport_introspection_c.h
[1.325s] -- Up-to-date: /home/matus/ros2_ws/install/rrm_msgs/include/rrm_msgs/rrm_msgs/msg/detail/command__type_support.c
[1.325s] -- Up-to-date: /home/matus/ros2_ws/install/rrm_msgs/lib/librrm_msgs__rosidl_typesupport_introspection_c.so
[1.325s] -- Up-to-date: /home/matus/ros2_ws/install/rrm_msgs/lib/librrm_msgs__rosidl_typesupport_c.so
[1.326s] -- Up-to-date: /home/matus/ros2_ws/install/rrm_msgs/include/rrm_msgs/rrm_msgs
[1.326s] -- Up-to-date: /home/matus/ros2_ws/install/rrm_msgs/include/rrm_msgs/rrm_msgs/srv
[1.326s] -- Up-to-date: /home/matus/ros2_ws/install/rrm_msgs/include/rrm_msgs/rrm_msgs/srv/command.hpp
[1.326s] -- Up-to-date: /home/matus/ros2_ws/install/rrm_msgs/include/rrm_msgs/rrm_msgs/srv/detail
[1.326s] -- Up-to-date: /home/matus/ros2_ws/install/rrm_msgs/include/rrm_msgs/rrm_msgs/srv/detail/command__struct.hpp
[1.326s] -- Up-to-date: /home/matus/ros2_ws/install/rrm_msgs/include/rrm_msgs/rrm_msgs/srv/detail/command__builder.hpp
[1.326s] -- Up-to-date: /home/matus/ros2_ws/install/rrm_msgs/include/rrm_msgs/rrm_msgs/srv/detail/command__traits.hpp
[1.327s] -- Up-to-date: /home/matus/ros2_ws/install/rrm_msgs/include/rrm_msgs/rrm_msgs/srv/detail/command__type_support.hpp
[1.327s] -- Up-to-date: /home/matus/ros2_ws/install/rrm_msgs/include/rrm_msgs/rrm_msgs/msg
[1.327s] -- Up-to-date: /home/matus/ros2_ws/install/rrm_msgs/include/rrm_msgs/rrm_msgs/msg/command.hpp
[1.327s] -- Up-to-date: /home/matus/ros2_ws/install/rrm_msgs/include/rrm_msgs/rrm_msgs/msg/detail
[1.327s] -- Up-to-date: /home/matus/ros2_ws/install/rrm_msgs/include/rrm_msgs/rrm_msgs/msg/detail/command__struct.hpp
[1.327s] -- Up-to-date: /home/matus/ros2_ws/install/rrm_msgs/include/rrm_msgs/rrm_msgs/msg/detail/command__builder.hpp
[1.328s] -- Up-to-date: /home/matus/ros2_ws/install/rrm_msgs/include/rrm_msgs/rrm_msgs/msg/detail/command__traits.hpp
[1.328s] -- Up-to-date: /home/matus/ros2_ws/install/rrm_msgs/include/rrm_msgs/rrm_msgs/msg/detail/command__type_support.hpp
[1.328s] -- Up-to-date: /home/matus/ros2_ws/install/rrm_msgs/include/rrm_msgs/rrm_msgs/msg/rosidl_generator_cpp__visibility_control.hpp
[1.328s] -- Up-to-date: /home/matus/ros2_ws/install/rrm_msgs/include/rrm_msgs/rrm_msgs
[1.328s] -- Up-to-date: /home/matus/ros2_ws/install/rrm_msgs/include/rrm_msgs/rrm_msgs/srv
[1.328s] -- Up-to-date: /home/matus/ros2_ws/install/rrm_msgs/include/rrm_msgs/rrm_msgs/srv/detail
[1.329s] -- Up-to-date: /home/matus/ros2_ws/install/rrm_msgs/include/rrm_msgs/rrm_msgs/srv/detail/command__rosidl_typesupport_fastrtps_cpp.hpp
[1.329s] -- Up-to-date: /home/matus/ros2_ws/install/rrm_msgs/include/rrm_msgs/rrm_msgs/srv/detail/dds_fastrtps
[1.329s] -- Up-to-date: /home/matus/ros2_ws/install/rrm_msgs/include/rrm_msgs/rrm_msgs/msg
[1.329s] -- Up-to-date: /home/matus/ros2_ws/install/rrm_msgs/include/rrm_msgs/rrm_msgs/msg/rosidl_typesupport_fastrtps_cpp__visibility_control.h
[1.329s] -- Up-to-date: /home/matus/ros2_ws/install/rrm_msgs/include/rrm_msgs/rrm_msgs/msg/detail
[1.329s] -- Up-to-date: /home/matus/ros2_ws/install/rrm_msgs/include/rrm_msgs/rrm_msgs/msg/detail/command__rosidl_typesupport_fastrtps_cpp.hpp
[1.329s] -- Up-to-date: /home/matus/ros2_ws/install/rrm_msgs/include/rrm_msgs/rrm_msgs/msg/detail/dds_fastrtps
[1.330s] -- Up-to-date: /home/matus/ros2_ws/install/rrm_msgs/lib/librrm_msgs__rosidl_typesupport_fastrtps_cpp.so
[1.330s] -- Up-to-date: /home/matus/ros2_ws/install/rrm_msgs/include/rrm_msgs/rrm_msgs
[1.330s] -- Up-to-date: /home/matus/ros2_ws/install/rrm_msgs/include/rrm_msgs/rrm_msgs/srv
[1.330s] -- Up-to-date: /home/matus/ros2_ws/install/rrm_msgs/include/rrm_msgs/rrm_msgs/srv/detail
[1.330s] -- Up-to-date: /home/matus/ros2_ws/install/rrm_msgs/include/rrm_msgs/rrm_msgs/srv/detail/command__rosidl_typesupport_introspection_cpp.hpp
[1.330s] -- Up-to-date: /home/matus/ros2_ws/install/rrm_msgs/include/rrm_msgs/rrm_msgs/srv/detail/command__type_support.cpp
[1.331s] -- Up-to-date: /home/matus/ros2_ws/install/rrm_msgs/include/rrm_msgs/rrm_msgs/msg
[1.331s] -- Up-to-date: /home/matus/ros2_ws/install/rrm_msgs/include/rrm_msgs/rrm_msgs/msg/detail
[1.331s] -- Up-to-date: /home/matus/ros2_ws/install/rrm_msgs/include/rrm_msgs/rrm_msgs/msg/detail/command__rosidl_typesupport_introspection_cpp.hpp
[1.331s] -- Up-to-date: /home/matus/ros2_ws/install/rrm_msgs/include/rrm_msgs/rrm_msgs/msg/detail/command__type_support.cpp
[1.331s] -- Up-to-date: /home/matus/ros2_ws/install/rrm_msgs/lib/librrm_msgs__rosidl_typesupport_introspection_cpp.so
[1.331s] -- Up-to-date: /home/matus/ros2_ws/install/rrm_msgs/lib/librrm_msgs__rosidl_typesupport_cpp.so
[1.332s] -- Up-to-date: /home/matus/ros2_ws/install/rrm_msgs/share/rrm_msgs/environment/pythonpath.sh
[1.332s] -- Up-to-date: /home/matus/ros2_ws/install/rrm_msgs/share/rrm_msgs/environment/pythonpath.dsv
[1.332s] -- Up-to-date: /home/matus/ros2_ws/install/rrm_msgs/lib/python3.12/site-packages/rrm_msgs-0.0.0-py3.12.egg-info
[1.332s] -- Installing: /home/matus/ros2_ws/install/rrm_msgs/lib/python3.12/site-packages/rrm_msgs-0.0.0-py3.12.egg-info/SOURCES.txt
[1.332s] -- Installing: /home/matus/ros2_ws/install/rrm_msgs/lib/python3.12/site-packages/rrm_msgs-0.0.0-py3.12.egg-info/dependency_links.txt
[1.332s] -- Installing: /home/matus/ros2_ws/install/rrm_msgs/lib/python3.12/site-packages/rrm_msgs-0.0.0-py3.12.egg-info/top_level.txt
[1.333s] -- Installing: /home/matus/ros2_ws/install/rrm_msgs/lib/python3.12/site-packages/rrm_msgs-0.0.0-py3.12.egg-info/PKG-INFO
[1.333s] -- Up-to-date: /home/matus/ros2_ws/install/rrm_msgs/lib/python3.12/site-packages/rrm_msgs
[1.333s] -- Up-to-date: /home/matus/ros2_ws/install/rrm_msgs/lib/python3.12/site-packages/rrm_msgs/_rrm_msgs_s.ep.rosidl_typesupport_c.c
[1.333s] -- Up-to-date: /home/matus/ros2_ws/install/rrm_msgs/lib/python3.12/site-packages/rrm_msgs/__init__.py
[1.333s] -- Up-to-date: /home/matus/ros2_ws/install/rrm_msgs/lib/python3.12/site-packages/rrm_msgs/rrm_msgs_s__rosidl_typesupport_fastrtps_c.so
[1.333s] -- Up-to-date: /home/matus/ros2_ws/install/rrm_msgs/lib/python3.12/site-packages/rrm_msgs/_rrm_msgs_s.ep.rosidl_typesupport_fastrtps_c.c
[1.333s] -- Up-to-date: /home/matus/ros2_ws/install/rrm_msgs/lib/python3.12/site-packages/rrm_msgs/srv
[1.333s] -- Up-to-date: /home/matus/ros2_ws/install/rrm_msgs/lib/python3.12/site-packages/rrm_msgs/srv/__init__.py
[1.334s] -- Up-to-date: /home/matus/ros2_ws/install/rrm_msgs/lib/python3.12/site-packages/rrm_msgs/srv/_command_s.c
[1.334s] -- Up-to-date: /home/matus/ros2_ws/install/rrm_msgs/lib/python3.12/site-packages/rrm_msgs/srv/_command.py
[1.334s] -- Up-to-date: /home/matus/ros2_ws/install/rrm_msgs/lib/python3.12/site-packages/rrm_msgs/rrm_msgs_s__rosidl_typesupport_introspection_c.so
[1.334s] -- Up-to-date: /home/matus/ros2_ws/install/rrm_msgs/lib/python3.12/site-packages/rrm_msgs/msg
[1.334s] -- Up-to-date: /home/matus/ros2_ws/install/rrm_msgs/lib/python3.12/site-packages/rrm_msgs/msg/__init__.py
[1.334s] -- Up-to-date: /home/matus/ros2_ws/install/rrm_msgs/lib/python3.12/site-packages/rrm_msgs/msg/_command_s.c
[1.334s] -- Up-to-date: /home/matus/ros2_ws/install/rrm_msgs/lib/python3.12/site-packages/rrm_msgs/msg/_command.py
[1.335s] -- Up-to-date: /home/matus/ros2_ws/install/rrm_msgs/lib/python3.12/site-packages/rrm_msgs/_rrm_msgs_s.ep.rosidl_typesupport_introspection_c.c
[1.335s] -- Up-to-date: /home/matus/ros2_ws/install/rrm_msgs/lib/python3.12/site-packages/rrm_msgs/rrm_msgs_s__rosidl_typesupport_c.so
[1.413s] Listing '/home/matus/ros2_ws/install/rrm_msgs/lib/python3.12/site-packages/rrm_msgs'...
[1.413s] Listing '/home/matus/ros2_ws/install/rrm_msgs/lib/python3.12/site-packages/rrm_msgs/msg'...
[1.414s] Listing '/home/matus/ros2_ws/install/rrm_msgs/lib/python3.12/site-packages/rrm_msgs/srv'...
[1.425s] -- Up-to-date: /home/matus/ros2_ws/install/rrm_msgs/lib/python3.12/site-packages/rrm_msgs/rrm_msgs_s__rosidl_typesupport_fastrtps_c.so
[1.426s] -- Up-to-date: /home/matus/ros2_ws/install/rrm_msgs/lib/python3.12/site-packages/rrm_msgs/rrm_msgs_s__rosidl_typesupport_introspection_c.so
[1.427s] -- Up-to-date: /home/matus/ros2_ws/install/rrm_msgs/lib/python3.12/site-packages/rrm_msgs/rrm_msgs_s__rosidl_typesupport_c.so
[1.428s] -- Up-to-date: /home/matus/ros2_ws/install/rrm_msgs/lib/librrm_msgs__rosidl_generator_py.so
[1.428s] -- Up-to-date: /home/matus/ros2_ws/install/rrm_msgs/share/rrm_msgs/msg/Command.idl
[1.428s] -- Up-to-date: /home/matus/ros2_ws/install/rrm_msgs/share/rrm_msgs/srv/Command.idl
[1.428s] -- Up-to-date: /home/matus/ros2_ws/install/rrm_msgs/share/rrm_msgs/msg/Command.msg
[1.429s] -- Up-to-date: /home/matus/ros2_ws/install/rrm_msgs/share/rrm_msgs/srv/Command.srv
[1.429s] -- Up-to-date: /home/matus/ros2_ws/install/rrm_msgs/share/ament_index/resource_index/package_run_dependencies/rrm_msgs
[1.429s] -- Up-to-date: /home/matus/ros2_ws/install/rrm_msgs/share/ament_index/resource_index/parent_prefix_path/rrm_msgs
[1.429s] -- Up-to-date: /home/matus/ros2_ws/install/rrm_msgs/share/rrm_msgs/environment/ament_prefix_path.sh
[1.429s] -- Up-to-date: /home/matus/ros2_ws/install/rrm_msgs/share/rrm_msgs/environment/ament_prefix_path.dsv
[1.430s] -- Up-to-date: /home/matus/ros2_ws/install/rrm_msgs/share/rrm_msgs/environment/path.sh
[1.430s] -- Up-to-date: /home/matus/ros2_ws/install/rrm_msgs/share/rrm_msgs/environment/path.dsv
[1.430s] -- Up-to-date: /home/matus/ros2_ws/install/rrm_msgs/share/rrm_msgs/local_setup.bash
[1.430s] -- Up-to-date: /home/matus/ros2_ws/install/rrm_msgs/share/rrm_msgs/local_setup.sh
[1.431s] -- Up-to-date: /home/matus/ros2_ws/install/rrm_msgs/share/rrm_msgs/local_setup.zsh
[1.431s] -- Up-to-date: /home/matus/ros2_ws/install/rrm_msgs/share/rrm_msgs/local_setup.dsv
[1.431s] -- Installing: /home/matus/ros2_ws/install/rrm_msgs/share/rrm_msgs/package.dsv
[1.431s] -- Up-to-date: /home/matus/ros2_ws/install/rrm_msgs/share/ament_index/resource_index/packages/rrm_msgs
[1.431s] -- Up-to-date: /home/matus/ros2_ws/install/rrm_msgs/share/rrm_msgs/cmake/export_rrm_msgs__rosidl_generator_cExport.cmake
[1.431s] -- Up-to-date: /home/matus/ros2_ws/install/rrm_msgs/share/rrm_msgs/cmake/export_rrm_msgs__rosidl_generator_cExport-noconfig.cmake
[1.432s] -- Up-to-date: /home/matus/ros2_ws/install/rrm_msgs/share/rrm_msgs/cmake/export_rrm_msgs__rosidl_typesupport_fastrtps_cExport.cmake
[1.432s] -- Up-to-date: /home/matus/ros2_ws/install/rrm_msgs/share/rrm_msgs/cmake/export_rrm_msgs__rosidl_typesupport_fastrtps_cExport-noconfig.cmake
[1.432s] -- Up-to-date: /home/matus/ros2_ws/install/rrm_msgs/share/rrm_msgs/cmake/rrm_msgs__rosidl_typesupport_introspection_cExport.cmake
[1.432s] -- Up-to-date: /home/matus/ros2_ws/install/rrm_msgs/share/rrm_msgs/cmake/rrm_msgs__rosidl_typesupport_introspection_cExport-noconfig.cmake
[1.433s] -- Up-to-date: /home/matus/ros2_ws/install/rrm_msgs/share/rrm_msgs/cmake/rrm_msgs__rosidl_typesupport_cExport.cmake
[1.433s] -- Up-to-date: /home/matus/ros2_ws/install/rrm_msgs/share/rrm_msgs/cmake/rrm_msgs__rosidl_typesupport_cExport-noconfig.cmake
[1.433s] -- Up-to-date: /home/matus/ros2_ws/install/rrm_msgs/share/rrm_msgs/cmake/export_rrm_msgs__rosidl_generator_cppExport.cmake
[1.433s] -- Up-to-date: /home/matus/ros2_ws/install/rrm_msgs/share/rrm_msgs/cmake/export_rrm_msgs__rosidl_typesupport_fastrtps_cppExport.cmake
[1.433s] -- Up-to-date: /home/matus/ros2_ws/install/rrm_msgs/share/rrm_msgs/cmake/export_rrm_msgs__rosidl_typesupport_fastrtps_cppExport-noconfig.cmake
[1.434s] -- Up-to-date: /home/matus/ros2_ws/install/rrm_msgs/share/rrm_msgs/cmake/rrm_msgs__rosidl_typesupport_introspection_cppExport.cmake
[1.434s] -- Up-to-date: /home/matus/ros2_ws/install/rrm_msgs/share/rrm_msgs/cmake/rrm_msgs__rosidl_typesupport_introspection_cppExport-noconfig.cmake
[1.434s] -- Up-to-date: /home/matus/ros2_ws/install/rrm_msgs/share/rrm_msgs/cmake/rrm_msgs__rosidl_typesupport_cppExport.cmake
[1.435s] -- Up-to-date: /home/matus/ros2_ws/install/rrm_msgs/share/rrm_msgs/cmake/rrm_msgs__rosidl_typesupport_cppExport-noconfig.cmake
[1.435s] -- Up-to-date: /home/matus/ros2_ws/install/rrm_msgs/share/rrm_msgs/cmake/export_rrm_msgs__rosidl_generator_pyExport.cmake
[1.435s] -- Up-to-date: /home/matus/ros2_ws/install/rrm_msgs/share/rrm_msgs/cmake/export_rrm_msgs__rosidl_generator_pyExport-noconfig.cmake
[1.435s] -- Up-to-date: /home/matus/ros2_ws/install/rrm_msgs/share/rrm_msgs/cmake/rosidl_cmake-extras.cmake
[1.435s] -- Up-to-date: /home/matus/ros2_ws/install/rrm_msgs/share/rrm_msgs/cmake/ament_cmake_export_dependencies-extras.cmake
[1.435s] -- Up-to-date: /home/matus/ros2_ws/install/rrm_msgs/share/rrm_msgs/cmake/ament_cmake_export_include_directories-extras.cmake
[1.436s] -- Up-to-date: /home/matus/ros2_ws/install/rrm_msgs/share/rrm_msgs/cmake/ament_cmake_export_libraries-extras.cmake
[1.436s] -- Up-to-date: /home/matus/ros2_ws/install/rrm_msgs/share/rrm_msgs/cmake/ament_cmake_export_targets-extras.cmake
[1.436s] -- Up-to-date: /home/matus/ros2_ws/install/rrm_msgs/share/rrm_msgs/cmake/rosidl_cmake_export_typesupport_targets-extras.cmake
[1.436s] -- Up-to-date: /home/matus/ros2_ws/install/rrm_msgs/share/rrm_msgs/cmake/rosidl_cmake_export_typesupport_libraries-extras.cmake
[1.436s] -- Up-to-date: /home/matus/ros2_ws/install/rrm_msgs/share/rrm_msgs/cmake/rrm_msgsConfig.cmake
[1.436s] -- Up-to-date: /home/matus/ros2_ws/install/rrm_msgs/share/rrm_msgs/cmake/rrm_msgsConfig-version.cmake
[1.436s] -- Up-to-date: /home/matus/ros2_ws/install/rrm_msgs/share/rrm_msgs/package.xml
[1.439s] Invoked command in '/home/matus/ros2_ws/build/rrm_msgs' returned '0': CMAKE_PREFIX_PATH=${CMAKE_PREFIX_PATH}:/opt/ros/jazzy DEBUGINFOD_URLS=https://debuginfod.ubuntu.com /usr/bin/cmake --install /home/matus/ros2_ws/build/rrm_msgs
