[0.014s] Invoking command in '/home/matus/ros2_ws/build/block1_matuska': CMAKE_PREFIX_PATH=/home/matus/ros2_ws/install/rrm_msgs:/home/matus/ros2_ws/install/matuska_interface:/home/matus/ros2_ws/install/rrm_simple_robot_model:/home/matus/ros2_ws/install/rrm_sim:/home/matus/ros2_ws/install/block1_matuska:/home/matus/ros2_ws/install/cviko1:/home/matus/ros2_ws/install/cv1:/home/matus/ros2_ws/src/install/rrm_simple_robot_model:/home/matus/ros2_ws/src/install/rrm_sim:/home/matus/ros2_ws/src/install/block1_matuska:/home/matus/ros2_ws/src/install/rrm_msgs:/home/matus/ros2_ws/src/install/matuska_interface:/opt/ros/jazzy/opt/gz_math_vendor:/opt/ros/jazzy/opt/gz_utils_vendor:/opt/ros/jazzy/opt/gz_cmake_vendor:/opt/ros/jazzy DEBUGINFOD_URLS=https://debuginfod.ubuntu.com /usr/bin/cmake --build /home/matus/ros2_ws/build/block1_matuska -- -j12 -l12
[0.077s] [ 75%] [32mBuilding CXX object CMakeFiles/logger_node.dir/src/logger_node.cpp.o[0m
[0.078s] [ 75%] Built target teleop_node
[7.431s] [100%] [32m[1mLinking CXX executable logger_node[0m
[7.664s] [100%] Built target logger_node
[7.675s] Invoked command in '/home/matus/ros2_ws/build/block1_matuska' returned '0': CMAKE_PREFIX_PATH=/home/matus/ros2_ws/install/rrm_msgs:/home/matus/ros2_ws/install/matuska_interface:/home/matus/ros2_ws/install/rrm_simple_robot_model:/home/matus/ros2_ws/install/rrm_sim:/home/matus/ros2_ws/install/block1_matuska:/home/matus/ros2_ws/install/cviko1:/home/matus/ros2_ws/install/cv1:/home/matus/ros2_ws/src/install/rrm_simple_robot_model:/home/matus/ros2_ws/src/install/rrm_sim:/home/matus/ros2_ws/src/install/block1_matuska:/home/matus/ros2_ws/src/install/rrm_msgs:/home/matus/ros2_ws/src/install/matuska_interface:/opt/ros/jazzy/opt/gz_math_vendor:/opt/ros/jazzy/opt/gz_utils_vendor:/opt/ros/jazzy/opt/gz_cmake_vendor:/opt/ros/jazzy DEBUGINFOD_URLS=https://debuginfod.ubuntu.com /usr/bin/cmake --build /home/matus/ros2_ws/build/block1_matuska -- -j12 -l12
[7.702s] Invoking command in '/home/matus/ros2_ws/build/block1_matuska': CMAKE_PREFIX_PATH=/home/matus/ros2_ws/install/rrm_msgs:/home/matus/ros2_ws/install/matuska_interface:/home/matus/ros2_ws/install/rrm_simple_robot_model:/home/matus/ros2_ws/install/rrm_sim:/home/matus/ros2_ws/install/block1_matuska:/home/matus/ros2_ws/install/cviko1:/home/matus/ros2_ws/install/cv1:/home/matus/ros2_ws/src/install/rrm_simple_robot_model:/home/matus/ros2_ws/src/install/rrm_sim:/home/matus/ros2_ws/src/install/block1_matuska:/home/matus/ros2_ws/src/install/rrm_msgs:/home/matus/ros2_ws/src/install/matuska_interface:/opt/ros/jazzy/opt/gz_math_vendor:/opt/ros/jazzy/opt/gz_utils_vendor:/opt/ros/jazzy/opt/gz_cmake_vendor:/opt/ros/jazzy DEBUGINFOD_URLS=https://debuginfod.ubuntu.com /usr/bin/cmake --install /home/matus/ros2_ws/build/block1_matuska
[7.709s] -- Install configuration: ""
[7.709s] -- Up-to-date: /home/matus/ros2_ws/install/block1_matuska/lib/block1_matuska/teleop_node
[7.709s] -- Installing: /home/matus/ros2_ws/install/block1_matuska/lib/block1_matuska/logger_node
[7.714s] -- Set non-toolchain portion of runtime path of "/home/matus/ros2_ws/install/block1_matuska/lib/block1_matuska/logger_node" to ""
[7.714s] -- Up-to-date: /home/matus/ros2_ws/install/block1_matuska/share/ament_index/resource_index/package_run_dependencies/block1_matuska
[7.714s] -- Up-to-date: /home/matus/ros2_ws/install/block1_matuska/share/ament_index/resource_index/parent_prefix_path/block1_matuska
[7.714s] -- Up-to-date: /home/matus/ros2_ws/install/block1_matuska/share/block1_matuska/environment/ament_prefix_path.sh
[7.714s] -- Up-to-date: /home/matus/ros2_ws/install/block1_matuska/share/block1_matuska/environment/ament_prefix_path.dsv
[7.714s] -- Up-to-date: /home/matus/ros2_ws/install/block1_matuska/share/block1_matuska/environment/path.sh
[7.714s] -- Up-to-date: /home/matus/ros2_ws/install/block1_matuska/share/block1_matuska/environment/path.dsv
[7.714s] -- Up-to-date: /home/matus/ros2_ws/install/block1_matuska/share/block1_matuska/local_setup.bash
[7.714s] -- Up-to-date: /home/matus/ros2_ws/install/block1_matuska/share/block1_matuska/local_setup.sh
[7.715s] -- Up-to-date: /home/matus/ros2_ws/install/block1_matuska/share/block1_matuska/local_setup.zsh
[7.715s] -- Up-to-date: /home/matus/ros2_ws/install/block1_matuska/share/block1_matuska/local_setup.dsv
[7.715s] -- Installing: /home/matus/ros2_ws/install/block1_matuska/share/block1_matuska/package.dsv
[7.715s] -- Up-to-date: /home/matus/ros2_ws/install/block1_matuska/share/ament_index/resource_index/packages/block1_matuska
[7.715s] -- Up-to-date: /home/matus/ros2_ws/install/block1_matuska/share/block1_matuska/cmake/block1_matuskaConfig.cmake
[7.715s] -- Up-to-date: /home/matus/ros2_ws/install/block1_matuska/share/block1_matuska/cmake/block1_matuskaConfig-version.cmake
[7.715s] -- Up-to-date: /home/matus/ros2_ws/install/block1_matuska/share/block1_matuska/package.xml
[7.716s] Invoked command in '/home/matus/ros2_ws/build/block1_matuska' returned '0': CMAKE_PREFIX_PATH=/home/matus/ros2_ws/install/rrm_msgs:/home/matus/ros2_ws/install/matuska_interface:/home/matus/ros2_ws/install/rrm_simple_robot_model:/home/matus/ros2_ws/install/rrm_sim:/home/matus/ros2_ws/install/block1_matuska:/home/matus/ros2_ws/install/cviko1:/home/matus/ros2_ws/install/cv1:/home/matus/ros2_ws/src/install/rrm_simple_robot_model:/home/matus/ros2_ws/src/install/rrm_sim:/home/matus/ros2_ws/src/install/block1_matuska:/home/matus/ros2_ws/src/install/rrm_msgs:/home/matus/ros2_ws/src/install/matuska_interface:/opt/ros/jazzy/opt/gz_math_vendor:/opt/ros/jazzy/opt/gz_utils_vendor:/opt/ros/jazzy/opt/gz_cmake_vendor:/opt/ros/jazzy DEBUGINFOD_URLS=https://debuginfod.ubuntu.com /usr/bin/cmake --install /home/matus/ros2_ws/build/block1_matuska
