[0.114s] DEBUG:colcon:Command line arguments: ['/usr/bin/colcon', 'build']
[0.115s] DEBUG:colcon:Parsed command line arguments: Namespace(log_base=None, log_level=None, verb_name='build', build_base='build', install_base='install', merge_install=False, symlink_install=False, test_result_base=None, continue_on_error=False, executor='parallel', parallel_workers=12, event_handlers=None, ignore_user_meta=False, metas=['./colcon.meta'], base_paths=['.'], packages_ignore=None, packages_ignore_regex=None, paths=None, packages_up_to=None, packages_up_to_regex=None, packages_above=None, packages_above_and_dependencies=None, packages_above_depth=None, packages_select_by_dep=None, packages_skip_by_dep=None, packages_skip_up_to=None, packages_select_build_failed=False, packages_skip_build_finished=False, packages_select_test_failures=False, packages_skip_test_passed=False, packages_select=None, packages_skip=None, packages_select_regex=None, packages_skip_regex=None, packages_start=None, packages_end=None, allow_overriding=[], cmake_args=None, cmake_target=None, cmake_target_skip_unavailable=False, cmake_clean_cache=False, cmake_clean_first=False, cmake_force_configure=False, ament_cmake_args=None, catkin_cmake_args=None, catkin_skip_building_tests=False, mixin_files=None, mixin=None, verb_parser=<colcon_mixin.mixin.mixin_argument.MixinArgumentDecorator object at 0x7f5494f86660>, verb_extension=<colcon_core.verb.build.BuildVerb object at 0x7f5495f8d850>, main=<bound method BuildVerb.main of <colcon_core.verb.build.BuildVerb object at 0x7f5495f8d850>>, mixin_verb=('build',))
[0.153s] Level 1:colcon.colcon_core.package_discovery:discover_packages(colcon_meta) check parameters
[0.153s] Level 1:colcon.colcon_core.package_discovery:discover_packages(recursive) check parameters
[0.153s] Level 1:colcon.colcon_core.package_discovery:discover_packages(ignore) check parameters
[0.153s] Level 1:colcon.colcon_core.package_discovery:discover_packages(path) check parameters
[0.153s] Level 1:colcon.colcon_core.package_discovery:discover_packages(colcon_meta) discover
[0.153s] Level 1:colcon.colcon_core.package_discovery:discover_packages(recursive) discover
[0.153s] INFO:colcon.colcon_core.package_discovery:Crawling recursively for packages in '/home/matus/ros2_ws'
[0.153s] Level 1:colcon.colcon_core.package_identification:_identify(.) by extensions ['ignore', 'ignore_ament_install']
[0.154s] Level 1:colcon.colcon_core.package_identification:_identify(.) by extension 'ignore'
[0.154s] Level 1:colcon.colcon_core.package_identification:_identify(.) by extension 'ignore_ament_install'
[0.154s] Level 1:colcon.colcon_core.package_identification:_identify(.) by extensions ['colcon_pkg']
[0.154s] Level 1:colcon.colcon_core.package_identification:_identify(.) by extension 'colcon_pkg'
[0.154s] Level 1:colcon.colcon_core.package_identification:_identify(.) by extensions ['colcon_meta']
[0.154s] Level 1:colcon.colcon_core.package_identification:_identify(.) by extension 'colcon_meta'
[0.154s] Level 1:colcon.colcon_core.package_identification:_identify(.) by extensions ['ros']
[0.154s] Level 1:colcon.colcon_core.package_identification:_identify(.) by extension 'ros'
[0.180s] Level 1:colcon.colcon_core.package_identification:_identify(.) by extensions ['cmake', 'python']
[0.180s] Level 1:colcon.colcon_core.package_identification:_identify(.) by extension 'cmake'
[0.180s] Level 1:colcon.colcon_core.package_identification:_identify(.) by extension 'python'
[0.180s] Level 1:colcon.colcon_core.package_identification:_identify(.) by extensions ['python_setup_py']
[0.180s] Level 1:colcon.colcon_core.package_identification:_identify(.) by extension 'python_setup_py'
[0.180s] Level 1:colcon.colcon_core.package_identification:_identify(build) by extensions ['ignore', 'ignore_ament_install']
[0.180s] Level 1:colcon.colcon_core.package_identification:_identify(build) by extension 'ignore'
[0.180s] Level 1:colcon.colcon_core.package_identification:_identify(build) ignored
[0.181s] Level 1:colcon.colcon_core.package_identification:_identify(cviko1) by extensions ['ignore', 'ignore_ament_install']
[0.181s] Level 1:colcon.colcon_core.package_identification:_identify(cviko1) by extension 'ignore'
[0.181s] Level 1:colcon.colcon_core.package_identification:_identify(cviko1) by extension 'ignore_ament_install'
[0.181s] Level 1:colcon.colcon_core.package_identification:_identify(cviko1) by extensions ['colcon_pkg']
[0.181s] Level 1:colcon.colcon_core.package_identification:_identify(cviko1) by extension 'colcon_pkg'
[0.181s] Level 1:colcon.colcon_core.package_identification:_identify(cviko1) by extensions ['colcon_meta']
[0.181s] Level 1:colcon.colcon_core.package_identification:_identify(cviko1) by extension 'colcon_meta'
[0.181s] Level 1:colcon.colcon_core.package_identification:_identify(cviko1) by extensions ['ros']
[0.181s] Level 1:colcon.colcon_core.package_identification:_identify(cviko1) by extension 'ros'
[0.183s] DEBUG:colcon.colcon_core.package_identification:Package 'cviko1' with type 'ros.ament_cmake' and name 'cviko1'
[0.184s] Level 1:colcon.colcon_core.package_identification:_identify(install) by extensions ['ignore', 'ignore_ament_install']
[0.184s] Level 1:colcon.colcon_core.package_identification:_identify(install) by extension 'ignore'
[0.184s] Level 1:colcon.colcon_core.package_identification:_identify(install) ignored
[0.184s] Level 1:colcon.colcon_core.package_identification:_identify(log) by extensions ['ignore', 'ignore_ament_install']
[0.184s] Level 1:colcon.colcon_core.package_identification:_identify(log) by extension 'ignore'
[0.184s] Level 1:colcon.colcon_core.package_identification:_identify(log) ignored
[0.184s] Level 1:colcon.colcon_core.package_identification:_identify(src) by extensions ['ignore', 'ignore_ament_install']
[0.184s] Level 1:colcon.colcon_core.package_identification:_identify(src) by extension 'ignore'
[0.184s] Level 1:colcon.colcon_core.package_identification:_identify(src) by extension 'ignore_ament_install'
[0.184s] Level 1:colcon.colcon_core.package_identification:_identify(src) by extensions ['colcon_pkg']
[0.184s] Level 1:colcon.colcon_core.package_identification:_identify(src) by extension 'colcon_pkg'
[0.184s] Level 1:colcon.colcon_core.package_identification:_identify(src) by extensions ['colcon_meta']
[0.184s] Level 1:colcon.colcon_core.package_identification:_identify(src) by extension 'colcon_meta'
[0.184s] Level 1:colcon.colcon_core.package_identification:_identify(src) by extensions ['ros']
[0.184s] Level 1:colcon.colcon_core.package_identification:_identify(src) by extension 'ros'
[0.184s] Level 1:colcon.colcon_core.package_identification:_identify(src) by extensions ['cmake', 'python']
[0.185s] Level 1:colcon.colcon_core.package_identification:_identify(src) by extension 'cmake'
[0.185s] Level 1:colcon.colcon_core.package_identification:_identify(src) by extension 'python'
[0.185s] Level 1:colcon.colcon_core.package_identification:_identify(src) by extensions ['python_setup_py']
[0.185s] Level 1:colcon.colcon_core.package_identification:_identify(src) by extension 'python_setup_py'
[0.185s] Level 1:colcon.colcon_core.package_identification:_identify(src/block1_matuska) by extensions ['ignore', 'ignore_ament_install']
[0.185s] Level 1:colcon.colcon_core.package_identification:_identify(src/block1_matuska) by extension 'ignore'
[0.185s] Level 1:colcon.colcon_core.package_identification:_identify(src/block1_matuska) by extension 'ignore_ament_install'
[0.185s] Level 1:colcon.colcon_core.package_identification:_identify(src/block1_matuska) by extensions ['colcon_pkg']
[0.185s] Level 1:colcon.colcon_core.package_identification:_identify(src/block1_matuska) by extension 'colcon_pkg'
[0.185s] Level 1:colcon.colcon_core.package_identification:_identify(src/block1_matuska) by extensions ['colcon_meta']
[0.185s] Level 1:colcon.colcon_core.package_identification:_identify(src/block1_matuska) by extension 'colcon_meta'
[0.185s] Level 1:colcon.colcon_core.package_identification:_identify(src/block1_matuska) by extensions ['ros']
[0.185s] Level 1:colcon.colcon_core.package_identification:_identify(src/block1_matuska) by extension 'ros'
[0.186s] DEBUG:colcon.colcon_core.package_identification:Package 'src/block1_matuska' with type 'ros.ament_cmake' and name 'block1_matuska'
[0.186s] Level 1:colcon.colcon_core.package_identification:_identify(src/build) by extensions ['ignore', 'ignore_ament_install']
[0.186s] Level 1:colcon.colcon_core.package_identification:_identify(src/build) by extension 'ignore'
[0.186s] Level 1:colcon.colcon_core.package_identification:_identify(src/build) ignored
[0.186s] Level 1:colcon.colcon_core.package_identification:_identify(src/install) by extensions ['ignore', 'ignore_ament_install']
[0.186s] Level 1:colcon.colcon_core.package_identification:_identify(src/install) by extension 'ignore'
[0.186s] Level 1:colcon.colcon_core.package_identification:_identify(src/install) ignored
[0.186s] Level 1:colcon.colcon_core.package_identification:_identify(src/log) by extensions ['ignore', 'ignore_ament_install']
[0.186s] Level 1:colcon.colcon_core.package_identification:_identify(src/log) by extension 'ignore'
[0.186s] Level 1:colcon.colcon_core.package_identification:_identify(src/log) ignored
[0.186s] Level 1:colcon.colcon_core.package_identification:_identify(src/matuska_interface) by extensions ['ignore', 'ignore_ament_install']
[0.187s] Level 1:colcon.colcon_core.package_identification:_identify(src/matuska_interface) by extension 'ignore'
[0.187s] Level 1:colcon.colcon_core.package_identification:_identify(src/matuska_interface) by extension 'ignore_ament_install'
[0.187s] Level 1:colcon.colcon_core.package_identification:_identify(src/matuska_interface) by extensions ['colcon_pkg']
[0.187s] Level 1:colcon.colcon_core.package_identification:_identify(src/matuska_interface) by extension 'colcon_pkg'
[0.187s] Level 1:colcon.colcon_core.package_identification:_identify(src/matuska_interface) by extensions ['colcon_meta']
[0.187s] Level 1:colcon.colcon_core.package_identification:_identify(src/matuska_interface) by extension 'colcon_meta'
[0.187s] Level 1:colcon.colcon_core.package_identification:_identify(src/matuska_interface) by extensions ['ros']
[0.187s] Level 1:colcon.colcon_core.package_identification:_identify(src/matuska_interface) by extension 'ros'
[0.187s] DEBUG:colcon.colcon_core.package_identification:Package 'src/matuska_interface' with type 'ros.ament_cmake' and name 'matuska_interface'
[0.187s] Level 1:colcon.colcon_core.package_identification:_identify(src/msg) by extensions ['ignore', 'ignore_ament_install']
[0.187s] Level 1:colcon.colcon_core.package_identification:_identify(src/msg) by extension 'ignore'
[0.188s] Level 1:colcon.colcon_core.package_identification:_identify(src/msg) by extension 'ignore_ament_install'
[0.188s] Level 1:colcon.colcon_core.package_identification:_identify(src/msg) by extensions ['colcon_pkg']
[0.188s] Level 1:colcon.colcon_core.package_identification:_identify(src/msg) by extension 'colcon_pkg'
[0.188s] Level 1:colcon.colcon_core.package_identification:_identify(src/msg) by extensions ['colcon_meta']
[0.188s] Level 1:colcon.colcon_core.package_identification:_identify(src/msg) by extension 'colcon_meta'
[0.188s] Level 1:colcon.colcon_core.package_identification:_identify(src/msg) by extensions ['ros']
[0.188s] Level 1:colcon.colcon_core.package_identification:_identify(src/msg) by extension 'ros'
[0.188s] Level 1:colcon.colcon_core.package_identification:_identify(src/msg) by extensions ['cmake', 'python']
[0.188s] Level 1:colcon.colcon_core.package_identification:_identify(src/msg) by extension 'cmake'
[0.188s] Level 1:colcon.colcon_core.package_identification:_identify(src/msg) by extension 'python'
[0.188s] Level 1:colcon.colcon_core.package_identification:_identify(src/msg) by extensions ['python_setup_py']
[0.188s] Level 1:colcon.colcon_core.package_identification:_identify(src/msg) by extension 'python_setup_py'
[0.188s] Level 1:colcon.colcon_core.package_identification:_identify(src/rrm) by extensions ['ignore', 'ignore_ament_install']
[0.188s] Level 1:colcon.colcon_core.package_identification:_identify(src/rrm) by extension 'ignore'
[0.188s] Level 1:colcon.colcon_core.package_identification:_identify(src/rrm) by extension 'ignore_ament_install'
[0.188s] Level 1:colcon.colcon_core.package_identification:_identify(src/rrm) by extensions ['colcon_pkg']
[0.188s] Level 1:colcon.colcon_core.package_identification:_identify(src/rrm) by extension 'colcon_pkg'
[0.188s] Level 1:colcon.colcon_core.package_identification:_identify(src/rrm) by extensions ['colcon_meta']
[0.188s] Level 1:colcon.colcon_core.package_identification:_identify(src/rrm) by extension 'colcon_meta'
[0.188s] Level 1:colcon.colcon_core.package_identification:_identify(src/rrm) by extensions ['ros']
[0.188s] Level 1:colcon.colcon_core.package_identification:_identify(src/rrm) by extension 'ros'
[0.188s] Level 1:colcon.colcon_core.package_identification:_identify(src/rrm) by extensions ['cmake', 'python']
[0.189s] Level 1:colcon.colcon_core.package_identification:_identify(src/rrm) by extension 'cmake'
[0.189s] Level 1:colcon.colcon_core.package_identification:_identify(src/rrm) by extension 'python'
[0.189s] Level 1:colcon.colcon_core.package_identification:_identify(src/rrm) by extensions ['python_setup_py']
[0.189s] Level 1:colcon.colcon_core.package_identification:_identify(src/rrm) by extension 'python_setup_py'
[0.189s] Level 1:colcon.colcon_core.package_identification:_identify(src/rrm/rrm_msgs) by extensions ['ignore', 'ignore_ament_install']
[0.189s] Level 1:colcon.colcon_core.package_identification:_identify(src/rrm/rrm_msgs) by extension 'ignore'
[0.189s] Level 1:colcon.colcon_core.package_identification:_identify(src/rrm/rrm_msgs) by extension 'ignore_ament_install'
[0.189s] Level 1:colcon.colcon_core.package_identification:_identify(src/rrm/rrm_msgs) by extensions ['colcon_pkg']
[0.189s] Level 1:colcon.colcon_core.package_identification:_identify(src/rrm/rrm_msgs) by extension 'colcon_pkg'
[0.189s] Level 1:colcon.colcon_core.package_identification:_identify(src/rrm/rrm_msgs) by extensions ['colcon_meta']
[0.189s] Level 1:colcon.colcon_core.package_identification:_identify(src/rrm/rrm_msgs) by extension 'colcon_meta'
[0.189s] Level 1:colcon.colcon_core.package_identification:_identify(src/rrm/rrm_msgs) by extensions ['ros']
[0.189s] Level 1:colcon.colcon_core.package_identification:_identify(src/rrm/rrm_msgs) by extension 'ros'
[0.190s] DEBUG:colcon.colcon_core.package_identification:Package 'src/rrm/rrm_msgs' with type 'ros.ament_cmake' and name 'rrm_msgs'
[0.190s] Level 1:colcon.colcon_core.package_identification:_identify(src/rrm/rrm_sim) by extensions ['ignore', 'ignore_ament_install']
[0.190s] Level 1:colcon.colcon_core.package_identification:_identify(src/rrm/rrm_sim) by extension 'ignore'
[0.190s] Level 1:colcon.colcon_core.package_identification:_identify(src/rrm/rrm_sim) by extension 'ignore_ament_install'
[0.190s] Level 1:colcon.colcon_core.package_identification:_identify(src/rrm/rrm_sim) by extensions ['colcon_pkg']
[0.190s] Level 1:colcon.colcon_core.package_identification:_identify(src/rrm/rrm_sim) by extension 'colcon_pkg'
[0.190s] Level 1:colcon.colcon_core.package_identification:_identify(src/rrm/rrm_sim) by extensions ['colcon_meta']
[0.190s] Level 1:colcon.colcon_core.package_identification:_identify(src/rrm/rrm_sim) by extension 'colcon_meta'
[0.190s] Level 1:colcon.colcon_core.package_identification:_identify(src/rrm/rrm_sim) by extensions ['ros']
[0.190s] Level 1:colcon.colcon_core.package_identification:_identify(src/rrm/rrm_sim) by extension 'ros'
[0.191s] DEBUG:colcon.colcon_core.package_identification:Package 'src/rrm/rrm_sim' with type 'ros.ament_cmake' and name 'rrm_sim'
[0.191s] Level 1:colcon.colcon_core.package_identification:_identify(src/rrm/rrm_simple_robot_model) by extensions ['ignore', 'ignore_ament_install']
[0.191s] Level 1:colcon.colcon_core.package_identification:_identify(src/rrm/rrm_simple_robot_model) by extension 'ignore'
[0.191s] Level 1:colcon.colcon_core.package_identification:_identify(src/rrm/rrm_simple_robot_model) by extension 'ignore_ament_install'
[0.191s] Level 1:colcon.colcon_core.package_identification:_identify(src/rrm/rrm_simple_robot_model) by extensions ['colcon_pkg']
[0.191s] Level 1:colcon.colcon_core.package_identification:_identify(src/rrm/rrm_simple_robot_model) by extension 'colcon_pkg'
[0.191s] Level 1:colcon.colcon_core.package_identification:_identify(src/rrm/rrm_simple_robot_model) by extensions ['colcon_meta']
[0.191s] Level 1:colcon.colcon_core.package_identification:_identify(src/rrm/rrm_simple_robot_model) by extension 'colcon_meta'
[0.191s] Level 1:colcon.colcon_core.package_identification:_identify(src/rrm/rrm_simple_robot_model) by extensions ['ros']
[0.191s] Level 1:colcon.colcon_core.package_identification:_identify(src/rrm/rrm_simple_robot_model) by extension 'ros'
[0.192s] DEBUG:colcon.colcon_core.package_identification:Package 'src/rrm/rrm_simple_robot_model' with type 'ros.ament_cmake' and name 'rrm_simple_robot_model'
[0.192s] Level 1:colcon.colcon_core.package_discovery:discover_packages(recursive) using defaults
[0.192s] Level 1:colcon.colcon_core.package_discovery:discover_packages(ignore) discover
[0.192s] Level 1:colcon.colcon_core.package_discovery:discover_packages(ignore) using defaults
[0.192s] Level 1:colcon.colcon_core.package_discovery:discover_packages(path) discover
[0.192s] Level 1:colcon.colcon_core.package_discovery:discover_packages(path) using defaults
[0.211s] Level 1:colcon.colcon_core.package_discovery:discover_packages(prefix_path) check parameters
[0.211s] Level 1:colcon.colcon_core.package_discovery:discover_packages(prefix_path) discover
[0.213s] DEBUG:colcon.colcon_installed_package_information.package_discovery:Found 7 installed packages in /home/matus/ros2_ws/install
[0.214s] DEBUG:colcon.colcon_installed_package_information.package_discovery:Found 5 installed packages in /home/matus/ros2_ws/src/install
[0.216s] DEBUG:colcon.colcon_installed_package_information.package_discovery:Found 285 installed packages in /opt/ros/jazzy
[0.217s] Level 1:colcon.colcon_core.package_discovery:discover_packages(prefix_path) using defaults
[0.262s] Level 5:colcon.colcon_core.verb:set package 'cviko1' build argument 'cmake_args' from command line to 'None'
[0.262s] Level 5:colcon.colcon_core.verb:set package 'cviko1' build argument 'cmake_target' from command line to 'None'
[0.262s] Level 5:colcon.colcon_core.verb:set package 'cviko1' build argument 'cmake_target_skip_unavailable' from command line to 'False'
[0.262s] Level 5:colcon.colcon_core.verb:set package 'cviko1' build argument 'cmake_clean_cache' from command line to 'False'
[0.262s] Level 5:colcon.colcon_core.verb:set package 'cviko1' build argument 'cmake_clean_first' from command line to 'False'
[0.262s] Level 5:colcon.colcon_core.verb:set package 'cviko1' build argument 'cmake_force_configure' from command line to 'False'
[0.262s] Level 5:colcon.colcon_core.verb:set package 'cviko1' build argument 'ament_cmake_args' from command line to 'None'
[0.262s] Level 5:colcon.colcon_core.verb:set package 'cviko1' build argument 'catkin_cmake_args' from command line to 'None'
[0.262s] Level 5:colcon.colcon_core.verb:set package 'cviko1' build argument 'catkin_skip_building_tests' from command line to 'False'
[0.262s] DEBUG:colcon.colcon_core.verb:Building package 'cviko1' with the following arguments: {'ament_cmake_args': None, 'build_base': '/home/matus/ros2_ws/build/cviko1', 'catkin_cmake_args': None, 'catkin_skip_building_tests': False, 'cmake_args': None, 'cmake_clean_cache': False, 'cmake_clean_first': False, 'cmake_force_configure': False, 'cmake_target': None, 'cmake_target_skip_unavailable': False, 'install_base': '/home/matus/ros2_ws/install/cviko1', 'merge_install': False, 'path': '/home/matus/ros2_ws/cviko1', 'symlink_install': False, 'test_result_base': None}
[0.262s] Level 5:colcon.colcon_core.verb:set package 'matuska_interface' build argument 'cmake_args' from command line to 'None'
[0.262s] Level 5:colcon.colcon_core.verb:set package 'matuska_interface' build argument 'cmake_target' from command line to 'None'
[0.262s] Level 5:colcon.colcon_core.verb:set package 'matuska_interface' build argument 'cmake_target_skip_unavailable' from command line to 'False'
[0.262s] Level 5:colcon.colcon_core.verb:set package 'matuska_interface' build argument 'cmake_clean_cache' from command line to 'False'
[0.262s] Level 5:colcon.colcon_core.verb:set package 'matuska_interface' build argument 'cmake_clean_first' from command line to 'False'
[0.262s] Level 5:colcon.colcon_core.verb:set package 'matuska_interface' build argument 'cmake_force_configure' from command line to 'False'
[0.262s] Level 5:colcon.colcon_core.verb:set package 'matuska_interface' build argument 'ament_cmake_args' from command line to 'None'
[0.262s] Level 5:colcon.colcon_core.verb:set package 'matuska_interface' build argument 'catkin_cmake_args' from command line to 'None'
[0.262s] Level 5:colcon.colcon_core.verb:set package 'matuska_interface' build argument 'catkin_skip_building_tests' from command line to 'False'
[0.262s] DEBUG:colcon.colcon_core.verb:Building package 'matuska_interface' with the following arguments: {'ament_cmake_args': None, 'build_base': '/home/matus/ros2_ws/build/matuska_interface', 'catkin_cmake_args': None, 'catkin_skip_building_tests': False, 'cmake_args': None, 'cmake_clean_cache': False, 'cmake_clean_first': False, 'cmake_force_configure': False, 'cmake_target': None, 'cmake_target_skip_unavailable': False, 'install_base': '/home/matus/ros2_ws/install/matuska_interface', 'merge_install': False, 'path': '/home/matus/ros2_ws/src/matuska_interface', 'symlink_install': False, 'test_result_base': None}
[0.263s] Level 5:colcon.colcon_core.verb:set package 'rrm_msgs' build argument 'cmake_args' from command line to 'None'
[0.263s] Level 5:colcon.colcon_core.verb:set package 'rrm_msgs' build argument 'cmake_target' from command line to 'None'
[0.263s] Level 5:colcon.colcon_core.verb:set package 'rrm_msgs' build argument 'cmake_target_skip_unavailable' from command line to 'False'
[0.263s] Level 5:colcon.colcon_core.verb:set package 'rrm_msgs' build argument 'cmake_clean_cache' from command line to 'False'
[0.263s] Level 5:colcon.colcon_core.verb:set package 'rrm_msgs' build argument 'cmake_clean_first' from command line to 'False'
[0.263s] Level 5:colcon.colcon_core.verb:set package 'rrm_msgs' build argument 'cmake_force_configure' from command line to 'False'
[0.263s] Level 5:colcon.colcon_core.verb:set package 'rrm_msgs' build argument 'ament_cmake_args' from command line to 'None'
[0.263s] Level 5:colcon.colcon_core.verb:set package 'rrm_msgs' build argument 'catkin_cmake_args' from command line to 'None'
[0.263s] Level 5:colcon.colcon_core.verb:set package 'rrm_msgs' build argument 'catkin_skip_building_tests' from command line to 'False'
[0.263s] DEBUG:colcon.colcon_core.verb:Building package 'rrm_msgs' with the following arguments: {'ament_cmake_args': None, 'build_base': '/home/matus/ros2_ws/build/rrm_msgs', 'catkin_cmake_args': None, 'catkin_skip_building_tests': False, 'cmake_args': None, 'cmake_clean_cache': False, 'cmake_clean_first': False, 'cmake_force_configure': False, 'cmake_target': None, 'cmake_target_skip_unavailable': False, 'install_base': '/home/matus/ros2_ws/install/rrm_msgs', 'merge_install': False, 'path': '/home/matus/ros2_ws/src/rrm/rrm_msgs', 'symlink_install': False, 'test_result_base': None}
[0.263s] Level 5:colcon.colcon_core.verb:set package 'rrm_simple_robot_model' build argument 'cmake_args' from command line to 'None'
[0.263s] Level 5:colcon.colcon_core.verb:set package 'rrm_simple_robot_model' build argument 'cmake_target' from command line to 'None'
[0.263s] Level 5:colcon.colcon_core.verb:set package 'rrm_simple_robot_model' build argument 'cmake_target_skip_unavailable' from command line to 'False'
[0.263s] Level 5:colcon.colcon_core.verb:set package 'rrm_simple_robot_model' build argument 'cmake_clean_cache' from command line to 'False'
[0.263s] Level 5:colcon.colcon_core.verb:set package 'rrm_simple_robot_model' build argument 'cmake_clean_first' from command line to 'False'
[0.263s] Level 5:colcon.colcon_core.verb:set package 'rrm_simple_robot_model' build argument 'cmake_force_configure' from command line to 'False'
[0.263s] Level 5:colcon.colcon_core.verb:set package 'rrm_simple_robot_model' build argument 'ament_cmake_args' from command line to 'None'
[0.263s] Level 5:colcon.colcon_core.verb:set package 'rrm_simple_robot_model' build argument 'catkin_cmake_args' from command line to 'None'
[0.263s] Level 5:colcon.colcon_core.verb:set package 'rrm_simple_robot_model' build argument 'catkin_skip_building_tests' from command line to 'False'
[0.263s] DEBUG:colcon.colcon_core.verb:Building package 'rrm_simple_robot_model' with the following arguments: {'ament_cmake_args': None, 'build_base': '/home/matus/ros2_ws/build/rrm_simple_robot_model', 'catkin_cmake_args': None, 'catkin_skip_building_tests': False, 'cmake_args': None, 'cmake_clean_cache': False, 'cmake_clean_first': False, 'cmake_force_configure': False, 'cmake_target': None, 'cmake_target_skip_unavailable': False, 'install_base': '/home/matus/ros2_ws/install/rrm_simple_robot_model', 'merge_install': False, 'path': '/home/matus/ros2_ws/src/rrm/rrm_simple_robot_model', 'symlink_install': False, 'test_result_base': None}
[0.264s] Level 5:colcon.colcon_core.verb:set package 'block1_matuska' build argument 'cmake_args' from command line to 'None'
[0.264s] Level 5:colcon.colcon_core.verb:set package 'block1_matuska' build argument 'cmake_target' from command line to 'None'
[0.264s] Level 5:colcon.colcon_core.verb:set package 'block1_matuska' build argument 'cmake_target_skip_unavailable' from command line to 'False'
[0.264s] Level 5:colcon.colcon_core.verb:set package 'block1_matuska' build argument 'cmake_clean_cache' from command line to 'False'
[0.264s] Level 5:colcon.colcon_core.verb:set package 'block1_matuska' build argument 'cmake_clean_first' from command line to 'False'
[0.264s] Level 5:colcon.colcon_core.verb:set package 'block1_matuska' build argument 'cmake_force_configure' from command line to 'False'
[0.264s] Level 5:colcon.colcon_core.verb:set package 'block1_matuska' build argument 'ament_cmake_args' from command line to 'None'
[0.264s] Level 5:colcon.colcon_core.verb:set package 'block1_matuska' build argument 'catkin_cmake_args' from command line to 'None'
[0.264s] Level 5:colcon.colcon_core.verb:set package 'block1_matuska' build argument 'catkin_skip_building_tests' from command line to 'False'
[0.264s] DEBUG:colcon.colcon_core.verb:Building package 'block1_matuska' with the following arguments: {'ament_cmake_args': None, 'build_base': '/home/matus/ros2_ws/build/block1_matuska', 'catkin_cmake_args': None, 'catkin_skip_building_tests': False, 'cmake_args': None, 'cmake_clean_cache': False, 'cmake_clean_first': False, 'cmake_force_configure': False, 'cmake_target': None, 'cmake_target_skip_unavailable': False, 'install_base': '/home/matus/ros2_ws/install/block1_matuska', 'merge_install': False, 'path': '/home/matus/ros2_ws/src/block1_matuska', 'symlink_install': False, 'test_result_base': None}
[0.264s] Level 5:colcon.colcon_core.verb:set package 'rrm_sim' build argument 'cmake_args' from command line to 'None'
[0.264s] Level 5:colcon.colcon_core.verb:set package 'rrm_sim' build argument 'cmake_target' from command line to 'None'
[0.264s] Level 5:colcon.colcon_core.verb:set package 'rrm_sim' build argument 'cmake_target_skip_unavailable' from command line to 'False'
[0.264s] Level 5:colcon.colcon_core.verb:set package 'rrm_sim' build argument 'cmake_clean_cache' from command line to 'False'
[0.264s] Level 5:colcon.colcon_core.verb:set package 'rrm_sim' build argument 'cmake_clean_first' from command line to 'False'
[0.264s] Level 5:colcon.colcon_core.verb:set package 'rrm_sim' build argument 'cmake_force_configure' from command line to 'False'
[0.264s] Level 5:colcon.colcon_core.verb:set package 'rrm_sim' build argument 'ament_cmake_args' from command line to 'None'
[0.264s] Level 5:colcon.colcon_core.verb:set package 'rrm_sim' build argument 'catkin_cmake_args' from command line to 'None'
[0.264s] Level 5:colcon.colcon_core.verb:set package 'rrm_sim' build argument 'catkin_skip_building_tests' from command line to 'False'
[0.264s] DEBUG:colcon.colcon_core.verb:Building package 'rrm_sim' with the following arguments: {'ament_cmake_args': None, 'build_base': '/home/matus/ros2_ws/build/rrm_sim', 'catkin_cmake_args': None, 'catkin_skip_building_tests': False, 'cmake_args': None, 'cmake_clean_cache': False, 'cmake_clean_first': False, 'cmake_force_configure': False, 'cmake_target': None, 'cmake_target_skip_unavailable': False, 'install_base': '/home/matus/ros2_ws/install/rrm_sim', 'merge_install': False, 'path': '/home/matus/ros2_ws/src/rrm/rrm_sim', 'symlink_install': False, 'test_result_base': None}
[0.264s] INFO:colcon.colcon_core.executor:Executing jobs using 'parallel' executor
[0.265s] DEBUG:colcon.colcon_parallel_executor.executor.parallel:run_until_complete
[0.266s] INFO:colcon.colcon_ros.task.ament_cmake.build:Building ROS package in '/home/matus/ros2_ws/src/rrm/rrm_msgs' with build type 'ament_cmake'
[0.266s] INFO:colcon.colcon_cmake.task.cmake.build:Building CMake package in '/home/matus/ros2_ws/src/rrm/rrm_msgs'
[0.268s] INFO:colcon.colcon_core.plugin_system:Skipping extension 'colcon_core.shell.bat': Not used on non-Windows systems
[0.268s] INFO:colcon.colcon_core.shell:Skip shell extension 'powershell' for command environment: Not usable outside of PowerShell
[0.268s] DEBUG:colcon.colcon_core.shell:Skip shell extension 'dsv' for command environment
[0.273s] INFO:colcon.colcon_ros.task.ament_cmake.build:Building ROS package in '/home/matus/ros2_ws/src/matuska_interface' with build type 'ament_cmake'
[0.273s] INFO:colcon.colcon_cmake.task.cmake.build:Building CMake package in '/home/matus/ros2_ws/src/matuska_interface'
[0.273s] INFO:colcon.colcon_core.shell:Skip shell extension 'powershell' for command environment: Not usable outside of PowerShell
[0.273s] DEBUG:colcon.colcon_core.shell:Skip shell extension 'dsv' for command environment
[0.278s] INFO:colcon.colcon_ros.task.ament_cmake.build:Building ROS package in '/home/matus/ros2_ws/cviko1' with build type 'ament_cmake'
[0.278s] INFO:colcon.colcon_cmake.task.cmake.build:Building CMake package in '/home/matus/ros2_ws/cviko1'
[0.278s] INFO:colcon.colcon_core.shell:Skip shell extension 'powershell' for command environment: Not usable outside of PowerShell
[0.278s] DEBUG:colcon.colcon_core.shell:Skip shell extension 'dsv' for command environment
[0.283s] INFO:colcon.colcon_ros.task.ament_cmake.build:Building ROS package in '/home/matus/ros2_ws/src/rrm/rrm_simple_robot_model' with build type 'ament_cmake'
[0.283s] INFO:colcon.colcon_cmake.task.cmake.build:Building CMake package in '/home/matus/ros2_ws/src/rrm/rrm_simple_robot_model'
[0.283s] INFO:colcon.colcon_core.shell:Skip shell extension 'powershell' for command environment: Not usable outside of PowerShell
[0.283s] DEBUG:colcon.colcon_core.shell:Skip shell extension 'dsv' for command environment
[0.293s] DEBUG:colcon.colcon_core.event_handler.log_command:Invoking command in '/home/matus/ros2_ws/build/rrm_msgs': CMAKE_PREFIX_PATH=${CMAKE_PREFIX_PATH}:/opt/ros/jazzy DEBUGINFOD_URLS=https://debuginfod.ubuntu.com /usr/bin/cmake --build /home/matus/ros2_ws/build/rrm_msgs -- -j12 -l12
[0.295s] DEBUG:colcon.colcon_core.event_handler.log_command:Invoking command in '/home/matus/ros2_ws/build/matuska_interface': CMAKE_PREFIX_PATH=${CMAKE_PREFIX_PATH}:/opt/ros/jazzy DEBUGINFOD_URLS=https://debuginfod.ubuntu.com /usr/bin/cmake --build /home/matus/ros2_ws/build/matuska_interface -- -j12 -l12
[0.297s] DEBUG:colcon.colcon_core.event_handler.log_command:Invoking command in '/home/matus/ros2_ws/build/cviko1': CMAKE_PREFIX_PATH=${CMAKE_PREFIX_PATH}:/opt/ros/jazzy DEBUGINFOD_URLS=https://debuginfod.ubuntu.com /usr/bin/cmake --build /home/matus/ros2_ws/build/cviko1 -- -j12 -l12
[0.301s] DEBUG:colcon.colcon_core.event_handler.log_command:Invoking command in '/home/matus/ros2_ws/build/rrm_simple_robot_model': CMAKE_PREFIX_PATH=${CMAKE_PREFIX_PATH}:/opt/ros/jazzy DEBUGINFOD_URLS=https://debuginfod.ubuntu.com /usr/bin/cmake --build /home/matus/ros2_ws/build/rrm_simple_robot_model -- -j12 -l12
[0.346s] DEBUG:colcon.colcon_core.event_handler.log_command:Invoked command in '/home/matus/ros2_ws/build/rrm_simple_robot_model' returned '0': CMAKE_PREFIX_PATH=${CMAKE_PREFIX_PATH}:/opt/ros/jazzy DEBUGINFOD_URLS=https://debuginfod.ubuntu.com /usr/bin/cmake --build /home/matus/ros2_ws/build/rrm_simple_robot_model -- -j12 -l12
[0.371s] DEBUG:colcon.colcon_core.event_handler.log_command:Invoked command in '/home/matus/ros2_ws/build/cviko1' returned '0': CMAKE_PREFIX_PATH=${CMAKE_PREFIX_PATH}:/opt/ros/jazzy DEBUGINFOD_URLS=https://debuginfod.ubuntu.com /usr/bin/cmake --build /home/matus/ros2_ws/build/cviko1 -- -j12 -l12
[0.383s] DEBUG:colcon.colcon_core.event_handler.log_command:Invoking command in '/home/matus/ros2_ws/build/rrm_simple_robot_model': CMAKE_PREFIX_PATH=${CMAKE_PREFIX_PATH}:/opt/ros/jazzy DEBUGINFOD_URLS=https://debuginfod.ubuntu.com /usr/bin/cmake --install /home/matus/ros2_ws/build/rrm_simple_robot_model
[0.405s] Level 1:colcon.colcon_core.environment:create_environment_scripts_only(rrm_simple_robot_model)
[0.408s] DEBUG:colcon.colcon_core.event_handler.log_command:Invoked command in '/home/matus/ros2_ws/build/rrm_simple_robot_model' returned '0': CMAKE_PREFIX_PATH=${CMAKE_PREFIX_PATH}:/opt/ros/jazzy DEBUGINFOD_URLS=https://debuginfod.ubuntu.com /usr/bin/cmake --install /home/matus/ros2_ws/build/rrm_simple_robot_model
[0.409s] Level 1:colcon.colcon_core.environment:checking '/home/matus/ros2_ws/install/rrm_simple_robot_model' for CMake module files
[0.410s] Level 1:colcon.colcon_core.environment:checking '/home/matus/ros2_ws/install/rrm_simple_robot_model' for CMake config files
[0.410s] Level 1:colcon.colcon_core.shell:create_environment_hook('rrm_simple_robot_model', 'cmake_prefix_path')
[0.411s] INFO:colcon.colcon_core.shell:Creating environment hook '/home/matus/ros2_ws/install/rrm_simple_robot_model/share/rrm_simple_robot_model/hook/cmake_prefix_path.ps1'
[0.412s] INFO:colcon.colcon_core.shell:Creating environment descriptor '/home/matus/ros2_ws/install/rrm_simple_robot_model/share/rrm_simple_robot_model/hook/cmake_prefix_path.dsv'
[0.412s] INFO:colcon.colcon_core.shell:Creating environment hook '/home/matus/ros2_ws/install/rrm_simple_robot_model/share/rrm_simple_robot_model/hook/cmake_prefix_path.sh'
[0.413s] Level 1:colcon.colcon_core.environment:checking '/home/matus/ros2_ws/install/rrm_simple_robot_model/bin'
[0.413s] Level 1:colcon.colcon_core.environment:checking '/home/matus/ros2_ws/install/rrm_simple_robot_model/lib/pkgconfig/rrm_simple_robot_model.pc'
[0.414s] Level 1:colcon.colcon_core.environment:checking '/home/matus/ros2_ws/install/rrm_simple_robot_model/lib/python3.12/site-packages'
[0.414s] Level 1:colcon.colcon_core.environment:checking '/home/matus/ros2_ws/install/rrm_simple_robot_model/bin'
[0.415s] INFO:colcon.colcon_core.shell:Creating package script '/home/matus/ros2_ws/install/rrm_simple_robot_model/share/rrm_simple_robot_model/package.ps1'
[0.416s] INFO:colcon.colcon_core.shell:Creating package descriptor '/home/matus/ros2_ws/install/rrm_simple_robot_model/share/rrm_simple_robot_model/package.dsv'
[0.416s] INFO:colcon.colcon_core.shell:Creating package script '/home/matus/ros2_ws/install/rrm_simple_robot_model/share/rrm_simple_robot_model/package.sh'
[0.417s] INFO:colcon.colcon_core.shell:Creating package script '/home/matus/ros2_ws/install/rrm_simple_robot_model/share/rrm_simple_robot_model/package.bash'
[0.418s] INFO:colcon.colcon_core.shell:Creating package script '/home/matus/ros2_ws/install/rrm_simple_robot_model/share/rrm_simple_robot_model/package.zsh'
[0.419s] Level 1:colcon.colcon_core.environment:create_file_with_runtime_dependencies(/home/matus/ros2_ws/install/rrm_simple_robot_model/share/colcon-core/packages/rrm_simple_robot_model)
[0.433s] DEBUG:colcon.colcon_core.event_handler.log_command:Invoking command in '/home/matus/ros2_ws/build/cviko1': CMAKE_PREFIX_PATH=${CMAKE_PREFIX_PATH}:/opt/ros/jazzy DEBUGINFOD_URLS=https://debuginfod.ubuntu.com /usr/bin/cmake --install /home/matus/ros2_ws/build/cviko1
[0.446s] Level 1:colcon.colcon_core.environment:create_environment_scripts_only(cviko1)
[0.447s] DEBUG:colcon.colcon_core.event_handler.log_command:Invoked command in '/home/matus/ros2_ws/build/cviko1' returned '0': CMAKE_PREFIX_PATH=${CMAKE_PREFIX_PATH}:/opt/ros/jazzy DEBUGINFOD_URLS=https://debuginfod.ubuntu.com /usr/bin/cmake --install /home/matus/ros2_ws/build/cviko1
[0.447s] Level 1:colcon.colcon_core.environment:checking '/home/matus/ros2_ws/install/cviko1' for CMake module files
[0.448s] Level 1:colcon.colcon_core.environment:checking '/home/matus/ros2_ws/install/cviko1' for CMake config files
[0.448s] Level 1:colcon.colcon_core.shell:create_environment_hook('cviko1', 'cmake_prefix_path')
[0.449s] INFO:colcon.colcon_core.shell:Creating environment hook '/home/matus/ros2_ws/install/cviko1/share/cviko1/hook/cmake_prefix_path.ps1'
[0.449s] INFO:colcon.colcon_core.shell:Creating environment descriptor '/home/matus/ros2_ws/install/cviko1/share/cviko1/hook/cmake_prefix_path.dsv'
[0.450s] INFO:colcon.colcon_core.shell:Creating environment hook '/home/matus/ros2_ws/install/cviko1/share/cviko1/hook/cmake_prefix_path.sh'
[0.450s] Level 1:colcon.colcon_core.environment:checking '/home/matus/ros2_ws/install/cviko1/lib'
[0.451s] Level 1:colcon.colcon_core.environment:checking '/home/matus/ros2_ws/install/cviko1/bin'
[0.451s] Level 1:colcon.colcon_core.environment:checking '/home/matus/ros2_ws/install/cviko1/lib/pkgconfig/cviko1.pc'
[0.451s] Level 1:colcon.colcon_core.environment:checking '/home/matus/ros2_ws/install/cviko1/lib/python3.12/site-packages'
[0.451s] Level 1:colcon.colcon_core.environment:checking '/home/matus/ros2_ws/install/cviko1/bin'
[0.452s] INFO:colcon.colcon_core.shell:Creating package script '/home/matus/ros2_ws/install/cviko1/share/cviko1/package.ps1'
[0.452s] INFO:colcon.colcon_core.shell:Creating package descriptor '/home/matus/ros2_ws/install/cviko1/share/cviko1/package.dsv'
[0.453s] INFO:colcon.colcon_core.shell:Creating package script '/home/matus/ros2_ws/install/cviko1/share/cviko1/package.sh'
[0.453s] INFO:colcon.colcon_core.shell:Creating package script '/home/matus/ros2_ws/install/cviko1/share/cviko1/package.bash'
[0.454s] INFO:colcon.colcon_core.shell:Creating package script '/home/matus/ros2_ws/install/cviko1/share/cviko1/package.zsh'
[0.454s] Level 1:colcon.colcon_core.environment:create_file_with_runtime_dependencies(/home/matus/ros2_ws/install/cviko1/share/colcon-core/packages/cviko1)
[0.455s] Level 1:colcon.colcon_core.environment:create_environment_scripts_only(rrm_simple_robot_model)
[0.456s] Level 1:colcon.colcon_core.environment:checking '/home/matus/ros2_ws/install/rrm_simple_robot_model' for CMake module files
[0.456s] Level 1:colcon.colcon_core.environment:checking '/home/matus/ros2_ws/install/rrm_simple_robot_model' for CMake config files
[0.456s] Level 1:colcon.colcon_core.shell:create_environment_hook('rrm_simple_robot_model', 'cmake_prefix_path')
[0.457s] INFO:colcon.colcon_core.shell:Creating environment hook '/home/matus/ros2_ws/install/rrm_simple_robot_model/share/rrm_simple_robot_model/hook/cmake_prefix_path.ps1'
[0.457s] INFO:colcon.colcon_core.shell:Creating environment descriptor '/home/matus/ros2_ws/install/rrm_simple_robot_model/share/rrm_simple_robot_model/hook/cmake_prefix_path.dsv'
[0.457s] INFO:colcon.colcon_core.shell:Creating environment hook '/home/matus/ros2_ws/install/rrm_simple_robot_model/share/rrm_simple_robot_model/hook/cmake_prefix_path.sh'
[0.458s] Level 1:colcon.colcon_core.environment:checking '/home/matus/ros2_ws/install/rrm_simple_robot_model/bin'
[0.458s] Level 1:colcon.colcon_core.environment:checking '/home/matus/ros2_ws/install/rrm_simple_robot_model/lib/pkgconfig/rrm_simple_robot_model.pc'
[0.458s] Level 1:colcon.colcon_core.environment:checking '/home/matus/ros2_ws/install/rrm_simple_robot_model/lib/python3.12/site-packages'
[0.458s] Level 1:colcon.colcon_core.environment:checking '/home/matus/ros2_ws/install/rrm_simple_robot_model/bin'
[0.459s] INFO:colcon.colcon_core.shell:Creating package script '/home/matus/ros2_ws/install/rrm_simple_robot_model/share/rrm_simple_robot_model/package.ps1'
[0.459s] INFO:colcon.colcon_core.shell:Creating package descriptor '/home/matus/ros2_ws/install/rrm_simple_robot_model/share/rrm_simple_robot_model/package.dsv'
[0.459s] INFO:colcon.colcon_core.shell:Creating package script '/home/matus/ros2_ws/install/rrm_simple_robot_model/share/rrm_simple_robot_model/package.sh'
[0.460s] INFO:colcon.colcon_core.shell:Creating package script '/home/matus/ros2_ws/install/rrm_simple_robot_model/share/rrm_simple_robot_model/package.bash'
[0.460s] INFO:colcon.colcon_core.shell:Creating package script '/home/matus/ros2_ws/install/rrm_simple_robot_model/share/rrm_simple_robot_model/package.zsh'
[0.461s] Level 1:colcon.colcon_core.environment:create_file_with_runtime_dependencies(/home/matus/ros2_ws/install/rrm_simple_robot_model/share/colcon-core/packages/rrm_simple_robot_model)
[0.486s] Level 1:colcon.colcon_core.environment:create_environment_scripts_only(cviko1)
[0.487s] Level 1:colcon.colcon_core.environment:checking '/home/matus/ros2_ws/install/cviko1' for CMake module files
[0.487s] Level 1:colcon.colcon_core.environment:checking '/home/matus/ros2_ws/install/cviko1' for CMake config files
[0.487s] Level 1:colcon.colcon_core.shell:create_environment_hook('cviko1', 'cmake_prefix_path')
[0.488s] INFO:colcon.colcon_core.shell:Creating environment hook '/home/matus/ros2_ws/install/cviko1/share/cviko1/hook/cmake_prefix_path.ps1'
[0.488s] INFO:colcon.colcon_core.shell:Creating environment descriptor '/home/matus/ros2_ws/install/cviko1/share/cviko1/hook/cmake_prefix_path.dsv'
[0.488s] INFO:colcon.colcon_core.shell:Creating environment hook '/home/matus/ros2_ws/install/cviko1/share/cviko1/hook/cmake_prefix_path.sh'
[0.489s] Level 1:colcon.colcon_core.environment:checking '/home/matus/ros2_ws/install/cviko1/lib'
[0.489s] Level 1:colcon.colcon_core.environment:checking '/home/matus/ros2_ws/install/cviko1/bin'
[0.489s] Level 1:colcon.colcon_core.environment:checking '/home/matus/ros2_ws/install/cviko1/lib/pkgconfig/cviko1.pc'
[0.489s] Level 1:colcon.colcon_core.environment:checking '/home/matus/ros2_ws/install/cviko1/lib/python3.12/site-packages'
[0.489s] Level 1:colcon.colcon_core.environment:checking '/home/matus/ros2_ws/install/cviko1/bin'
[0.490s] INFO:colcon.colcon_core.shell:Creating package script '/home/matus/ros2_ws/install/cviko1/share/cviko1/package.ps1'
[0.490s] INFO:colcon.colcon_core.shell:Creating package descriptor '/home/matus/ros2_ws/install/cviko1/share/cviko1/package.dsv'
[0.491s] INFO:colcon.colcon_core.shell:Creating package script '/home/matus/ros2_ws/install/cviko1/share/cviko1/package.sh'
[0.491s] INFO:colcon.colcon_core.shell:Creating package script '/home/matus/ros2_ws/install/cviko1/share/cviko1/package.bash'
[0.492s] INFO:colcon.colcon_core.shell:Creating package script '/home/matus/ros2_ws/install/cviko1/share/cviko1/package.zsh'
[0.492s] Level 1:colcon.colcon_core.environment:create_file_with_runtime_dependencies(/home/matus/ros2_ws/install/cviko1/share/colcon-core/packages/cviko1)
[0.786s] DEBUG:colcon.colcon_core.event_handler.log_command:Invoked command in '/home/matus/ros2_ws/build/matuska_interface' returned '0': CMAKE_PREFIX_PATH=${CMAKE_PREFIX_PATH}:/opt/ros/jazzy DEBUGINFOD_URLS=https://debuginfod.ubuntu.com /usr/bin/cmake --build /home/matus/ros2_ws/build/matuska_interface -- -j12 -l12
[0.788s] DEBUG:colcon.colcon_core.event_handler.log_command:Invoked command in '/home/matus/ros2_ws/build/rrm_msgs' returned '0': CMAKE_PREFIX_PATH=${CMAKE_PREFIX_PATH}:/opt/ros/jazzy DEBUGINFOD_URLS=https://debuginfod.ubuntu.com /usr/bin/cmake --build /home/matus/ros2_ws/build/rrm_msgs -- -j12 -l12
[0.858s] DEBUG:colcon.colcon_core.event_handler.log_command:Invoking command in '/home/matus/ros2_ws/build/matuska_interface': CMAKE_PREFIX_PATH=${CMAKE_PREFIX_PATH}:/opt/ros/jazzy DEBUGINFOD_URLS=https://debuginfod.ubuntu.com /usr/bin/cmake --install /home/matus/ros2_ws/build/matuska_interface
[0.885s] DEBUG:colcon.colcon_core.event_handler.log_command:Invoking command in '/home/matus/ros2_ws/build/rrm_msgs': CMAKE_PREFIX_PATH=${CMAKE_PREFIX_PATH}:/opt/ros/jazzy DEBUGINFOD_URLS=https://debuginfod.ubuntu.com /usr/bin/cmake --install /home/matus/ros2_ws/build/rrm_msgs
[0.924s] Level 1:colcon.colcon_core.environment:create_environment_scripts_only(matuska_interface)
[0.924s] Level 1:colcon.colcon_core.environment:checking '/home/matus/ros2_ws/install/matuska_interface' for CMake module files
[0.924s] DEBUG:colcon.colcon_core.event_handler.log_command:Invoked command in '/home/matus/ros2_ws/build/matuska_interface' returned '0': CMAKE_PREFIX_PATH=${CMAKE_PREFIX_PATH}:/opt/ros/jazzy DEBUGINFOD_URLS=https://debuginfod.ubuntu.com /usr/bin/cmake --install /home/matus/ros2_ws/build/matuska_interface
[0.925s] Level 1:colcon.colcon_core.environment:checking '/home/matus/ros2_ws/install/matuska_interface' for CMake config files
[0.925s] Level 1:colcon.colcon_core.shell:create_environment_hook('matuska_interface', 'cmake_prefix_path')
[0.926s] INFO:colcon.colcon_core.shell:Creating environment hook '/home/matus/ros2_ws/install/matuska_interface/share/matuska_interface/hook/cmake_prefix_path.ps1'
[0.926s] INFO:colcon.colcon_core.shell:Creating environment descriptor '/home/matus/ros2_ws/install/matuska_interface/share/matuska_interface/hook/cmake_prefix_path.dsv'
[0.926s] INFO:colcon.colcon_core.shell:Creating environment hook '/home/matus/ros2_ws/install/matuska_interface/share/matuska_interface/hook/cmake_prefix_path.sh'
[0.927s] Level 1:colcon.colcon_core.environment:checking '/home/matus/ros2_ws/install/matuska_interface/lib'
[0.927s] Level 1:colcon.colcon_core.shell:create_environment_hook('matuska_interface', 'ld_library_path_lib')
[0.927s] INFO:colcon.colcon_core.shell:Creating environment hook '/home/matus/ros2_ws/install/matuska_interface/share/matuska_interface/hook/ld_library_path_lib.ps1'
[0.928s] INFO:colcon.colcon_core.shell:Creating environment descriptor '/home/matus/ros2_ws/install/matuska_interface/share/matuska_interface/hook/ld_library_path_lib.dsv'
[0.928s] INFO:colcon.colcon_core.shell:Creating environment hook '/home/matus/ros2_ws/install/matuska_interface/share/matuska_interface/hook/ld_library_path_lib.sh'
[0.928s] Level 1:colcon.colcon_core.environment:checking '/home/matus/ros2_ws/install/matuska_interface/bin'
[0.928s] Level 1:colcon.colcon_core.environment:checking '/home/matus/ros2_ws/install/matuska_interface/lib/pkgconfig/matuska_interface.pc'
[0.928s] Level 1:colcon.colcon_core.environment:checking '/home/matus/ros2_ws/install/matuska_interface/lib/python3.12/site-packages'
[0.929s] Level 1:colcon.colcon_core.shell:create_environment_hook('matuska_interface', 'pythonpath')
[0.929s] INFO:colcon.colcon_core.shell:Creating environment hook '/home/matus/ros2_ws/install/matuska_interface/share/matuska_interface/hook/pythonpath.ps1'
[0.929s] INFO:colcon.colcon_core.shell:Creating environment descriptor '/home/matus/ros2_ws/install/matuska_interface/share/matuska_interface/hook/pythonpath.dsv'
[0.929s] INFO:colcon.colcon_core.shell:Creating environment hook '/home/matus/ros2_ws/install/matuska_interface/share/matuska_interface/hook/pythonpath.sh'
[0.930s] Level 1:colcon.colcon_core.environment:checking '/home/matus/ros2_ws/install/matuska_interface/bin'
[0.930s] INFO:colcon.colcon_core.shell:Creating package script '/home/matus/ros2_ws/install/matuska_interface/share/matuska_interface/package.ps1'
[0.931s] INFO:colcon.colcon_core.shell:Creating package descriptor '/home/matus/ros2_ws/install/matuska_interface/share/matuska_interface/package.dsv'
[0.931s] INFO:colcon.colcon_core.shell:Creating package script '/home/matus/ros2_ws/install/matuska_interface/share/matuska_interface/package.sh'
[0.932s] INFO:colcon.colcon_core.shell:Creating package script '/home/matus/ros2_ws/install/matuska_interface/share/matuska_interface/package.bash'
[0.932s] INFO:colcon.colcon_core.shell:Creating package script '/home/matus/ros2_ws/install/matuska_interface/share/matuska_interface/package.zsh'
[0.932s] Level 1:colcon.colcon_core.environment:create_file_with_runtime_dependencies(/home/matus/ros2_ws/install/matuska_interface/share/colcon-core/packages/matuska_interface)
[0.954s] Level 1:colcon.colcon_core.environment:create_environment_scripts_only(rrm_msgs)
[0.954s] Level 1:colcon.colcon_core.environment:checking '/home/matus/ros2_ws/install/rrm_msgs' for CMake module files
[0.954s] DEBUG:colcon.colcon_core.event_handler.log_command:Invoked command in '/home/matus/ros2_ws/build/rrm_msgs' returned '0': CMAKE_PREFIX_PATH=${CMAKE_PREFIX_PATH}:/opt/ros/jazzy DEBUGINFOD_URLS=https://debuginfod.ubuntu.com /usr/bin/cmake --install /home/matus/ros2_ws/build/rrm_msgs
[0.955s] Level 1:colcon.colcon_core.environment:checking '/home/matus/ros2_ws/install/rrm_msgs' for CMake config files
[0.955s] Level 1:colcon.colcon_core.shell:create_environment_hook('rrm_msgs', 'cmake_prefix_path')
[0.955s] INFO:colcon.colcon_core.shell:Creating environment hook '/home/matus/ros2_ws/install/rrm_msgs/share/rrm_msgs/hook/cmake_prefix_path.ps1'
[0.956s] INFO:colcon.colcon_core.shell:Creating environment descriptor '/home/matus/ros2_ws/install/rrm_msgs/share/rrm_msgs/hook/cmake_prefix_path.dsv'
[0.956s] INFO:colcon.colcon_core.shell:Creating environment hook '/home/matus/ros2_ws/install/rrm_msgs/share/rrm_msgs/hook/cmake_prefix_path.sh'
[0.956s] Level 1:colcon.colcon_core.environment:checking '/home/matus/ros2_ws/install/rrm_msgs/lib'
[0.956s] Level 1:colcon.colcon_core.shell:create_environment_hook('rrm_msgs', 'ld_library_path_lib')
[0.957s] INFO:colcon.colcon_core.shell:Creating environment hook '/home/matus/ros2_ws/install/rrm_msgs/share/rrm_msgs/hook/ld_library_path_lib.ps1'
[0.957s] INFO:colcon.colcon_core.shell:Creating environment descriptor '/home/matus/ros2_ws/install/rrm_msgs/share/rrm_msgs/hook/ld_library_path_lib.dsv'
[0.957s] INFO:colcon.colcon_core.shell:Creating environment hook '/home/matus/ros2_ws/install/rrm_msgs/share/rrm_msgs/hook/ld_library_path_lib.sh'
[0.957s] Level 1:colcon.colcon_core.environment:checking '/home/matus/ros2_ws/install/rrm_msgs/bin'
[0.957s] Level 1:colcon.colcon_core.environment:checking '/home/matus/ros2_ws/install/rrm_msgs/lib/pkgconfig/rrm_msgs.pc'
[0.958s] Level 1:colcon.colcon_core.environment:checking '/home/matus/ros2_ws/install/rrm_msgs/lib/python3.12/site-packages'
[0.958s] Level 1:colcon.colcon_core.shell:create_environment_hook('rrm_msgs', 'pythonpath')
[0.958s] INFO:colcon.colcon_core.shell:Creating environment hook '/home/matus/ros2_ws/install/rrm_msgs/share/rrm_msgs/hook/pythonpath.ps1'
[0.958s] INFO:colcon.colcon_core.shell:Creating environment descriptor '/home/matus/ros2_ws/install/rrm_msgs/share/rrm_msgs/hook/pythonpath.dsv'
[0.958s] INFO:colcon.colcon_core.shell:Creating environment hook '/home/matus/ros2_ws/install/rrm_msgs/share/rrm_msgs/hook/pythonpath.sh'
[0.959s] Level 1:colcon.colcon_core.environment:checking '/home/matus/ros2_ws/install/rrm_msgs/bin'
[0.959s] INFO:colcon.colcon_core.shell:Creating package script '/home/matus/ros2_ws/install/rrm_msgs/share/rrm_msgs/package.ps1'
[0.959s] INFO:colcon.colcon_core.shell:Creating package descriptor '/home/matus/ros2_ws/install/rrm_msgs/share/rrm_msgs/package.dsv'
[0.960s] INFO:colcon.colcon_core.shell:Creating package script '/home/matus/ros2_ws/install/rrm_msgs/share/rrm_msgs/package.sh'
[0.960s] INFO:colcon.colcon_core.shell:Creating package script '/home/matus/ros2_ws/install/rrm_msgs/share/rrm_msgs/package.bash'
[0.960s] INFO:colcon.colcon_core.shell:Creating package script '/home/matus/ros2_ws/install/rrm_msgs/share/rrm_msgs/package.zsh'
[0.961s] Level 1:colcon.colcon_core.environment:create_file_with_runtime_dependencies(/home/matus/ros2_ws/install/rrm_msgs/share/colcon-core/packages/rrm_msgs)
[0.996s] Level 1:colcon.colcon_core.environment:create_environment_scripts_only(matuska_interface)
[0.996s] Level 1:colcon.colcon_core.environment:checking '/home/matus/ros2_ws/install/matuska_interface' for CMake module files
[0.996s] Level 1:colcon.colcon_core.environment:checking '/home/matus/ros2_ws/install/matuska_interface' for CMake config files
[0.997s] Level 1:colcon.colcon_core.shell:create_environment_hook('matuska_interface', 'cmake_prefix_path')
[0.997s] INFO:colcon.colcon_core.shell:Creating environment hook '/home/matus/ros2_ws/install/matuska_interface/share/matuska_interface/hook/cmake_prefix_path.ps1'
[0.997s] INFO:colcon.colcon_core.shell:Creating environment descriptor '/home/matus/ros2_ws/install/matuska_interface/share/matuska_interface/hook/cmake_prefix_path.dsv'
[0.997s] INFO:colcon.colcon_core.shell:Creating environment hook '/home/matus/ros2_ws/install/matuska_interface/share/matuska_interface/hook/cmake_prefix_path.sh'
[0.998s] Level 1:colcon.colcon_core.environment:checking '/home/matus/ros2_ws/install/matuska_interface/lib'
[0.998s] Level 1:colcon.colcon_core.shell:create_environment_hook('matuska_interface', 'ld_library_path_lib')
[0.998s] INFO:colcon.colcon_core.shell:Creating environment hook '/home/matus/ros2_ws/install/matuska_interface/share/matuska_interface/hook/ld_library_path_lib.ps1'
[0.998s] INFO:colcon.colcon_core.shell:Creating environment descriptor '/home/matus/ros2_ws/install/matuska_interface/share/matuska_interface/hook/ld_library_path_lib.dsv'
[0.998s] INFO:colcon.colcon_core.shell:Creating environment hook '/home/matus/ros2_ws/install/matuska_interface/share/matuska_interface/hook/ld_library_path_lib.sh'
[0.999s] Level 1:colcon.colcon_core.environment:checking '/home/matus/ros2_ws/install/matuska_interface/bin'
[0.999s] Level 1:colcon.colcon_core.environment:checking '/home/matus/ros2_ws/install/matuska_interface/lib/pkgconfig/matuska_interface.pc'
[0.999s] Level 1:colcon.colcon_core.environment:checking '/home/matus/ros2_ws/install/matuska_interface/lib/python3.12/site-packages'
[0.999s] Level 1:colcon.colcon_core.shell:create_environment_hook('matuska_interface', 'pythonpath')
[0.999s] INFO:colcon.colcon_core.shell:Creating environment hook '/home/matus/ros2_ws/install/matuska_interface/share/matuska_interface/hook/pythonpath.ps1'
[0.999s] INFO:colcon.colcon_core.shell:Creating environment descriptor '/home/matus/ros2_ws/install/matuska_interface/share/matuska_interface/hook/pythonpath.dsv'
[0.999s] INFO:colcon.colcon_core.shell:Creating environment hook '/home/matus/ros2_ws/install/matuska_interface/share/matuska_interface/hook/pythonpath.sh'
[1.000s] Level 1:colcon.colcon_core.environment:checking '/home/matus/ros2_ws/install/matuska_interface/bin'
[1.000s] INFO:colcon.colcon_core.shell:Creating package script '/home/matus/ros2_ws/install/matuska_interface/share/matuska_interface/package.ps1'
[1.000s] INFO:colcon.colcon_core.shell:Creating package descriptor '/home/matus/ros2_ws/install/matuska_interface/share/matuska_interface/package.dsv'
[1.001s] INFO:colcon.colcon_core.shell:Creating package script '/home/matus/ros2_ws/install/matuska_interface/share/matuska_interface/package.sh'
[1.001s] INFO:colcon.colcon_core.shell:Creating package script '/home/matus/ros2_ws/install/matuska_interface/share/matuska_interface/package.bash'
[1.001s] INFO:colcon.colcon_core.shell:Creating package script '/home/matus/ros2_ws/install/matuska_interface/share/matuska_interface/package.zsh'
[1.001s] Level 1:colcon.colcon_core.environment:create_file_with_runtime_dependencies(/home/matus/ros2_ws/install/matuska_interface/share/colcon-core/packages/matuska_interface)
[1.047s] Level 1:colcon.colcon_core.environment:create_environment_scripts_only(rrm_msgs)
[1.048s] Level 1:colcon.colcon_core.environment:checking '/home/matus/ros2_ws/install/rrm_msgs' for CMake module files
[1.049s] Level 1:colcon.colcon_core.environment:checking '/home/matus/ros2_ws/install/rrm_msgs' for CMake config files
[1.049s] Level 1:colcon.colcon_core.shell:create_environment_hook('rrm_msgs', 'cmake_prefix_path')
[1.049s] INFO:colcon.colcon_core.shell:Creating environment hook '/home/matus/ros2_ws/install/rrm_msgs/share/rrm_msgs/hook/cmake_prefix_path.ps1'
[1.049s] INFO:colcon.colcon_core.shell:Creating environment descriptor '/home/matus/ros2_ws/install/rrm_msgs/share/rrm_msgs/hook/cmake_prefix_path.dsv'
[1.049s] INFO:colcon.colcon_core.shell:Creating environment hook '/home/matus/ros2_ws/install/rrm_msgs/share/rrm_msgs/hook/cmake_prefix_path.sh'
[1.050s] Level 1:colcon.colcon_core.environment:checking '/home/matus/ros2_ws/install/rrm_msgs/lib'
[1.050s] Level 1:colcon.colcon_core.shell:create_environment_hook('rrm_msgs', 'ld_library_path_lib')
[1.050s] INFO:colcon.colcon_core.shell:Creating environment hook '/home/matus/ros2_ws/install/rrm_msgs/share/rrm_msgs/hook/ld_library_path_lib.ps1'
[1.050s] INFO:colcon.colcon_core.shell:Creating environment descriptor '/home/matus/ros2_ws/install/rrm_msgs/share/rrm_msgs/hook/ld_library_path_lib.dsv'
[1.050s] INFO:colcon.colcon_core.shell:Creating environment hook '/home/matus/ros2_ws/install/rrm_msgs/share/rrm_msgs/hook/ld_library_path_lib.sh'
[1.051s] Level 1:colcon.colcon_core.environment:checking '/home/matus/ros2_ws/install/rrm_msgs/bin'
[1.051s] Level 1:colcon.colcon_core.environment:checking '/home/matus/ros2_ws/install/rrm_msgs/lib/pkgconfig/rrm_msgs.pc'
[1.051s] Level 1:colcon.colcon_core.environment:checking '/home/matus/ros2_ws/install/rrm_msgs/lib/python3.12/site-packages'
[1.051s] Level 1:colcon.colcon_core.shell:create_environment_hook('rrm_msgs', 'pythonpath')
[1.051s] INFO:colcon.colcon_core.shell:Creating environment hook '/home/matus/ros2_ws/install/rrm_msgs/share/rrm_msgs/hook/pythonpath.ps1'
[1.051s] INFO:colcon.colcon_core.shell:Creating environment descriptor '/home/matus/ros2_ws/install/rrm_msgs/share/rrm_msgs/hook/pythonpath.dsv'
[1.052s] INFO:colcon.colcon_core.shell:Creating environment hook '/home/matus/ros2_ws/install/rrm_msgs/share/rrm_msgs/hook/pythonpath.sh'
[1.052s] Level 1:colcon.colcon_core.environment:checking '/home/matus/ros2_ws/install/rrm_msgs/bin'
[1.052s] INFO:colcon.colcon_core.shell:Creating package script '/home/matus/ros2_ws/install/rrm_msgs/share/rrm_msgs/package.ps1'
[1.053s] INFO:colcon.colcon_core.shell:Creating package descriptor '/home/matus/ros2_ws/install/rrm_msgs/share/rrm_msgs/package.dsv'
[1.053s] INFO:colcon.colcon_core.shell:Creating package script '/home/matus/ros2_ws/install/rrm_msgs/share/rrm_msgs/package.sh'
[1.053s] INFO:colcon.colcon_core.shell:Creating package script '/home/matus/ros2_ws/install/rrm_msgs/share/rrm_msgs/package.bash'
[1.054s] INFO:colcon.colcon_core.shell:Creating package script '/home/matus/ros2_ws/install/rrm_msgs/share/rrm_msgs/package.zsh'
[1.054s] Level 1:colcon.colcon_core.environment:create_file_with_runtime_dependencies(/home/matus/ros2_ws/install/rrm_msgs/share/colcon-core/packages/rrm_msgs)
[1.054s] INFO:colcon.colcon_ros.task.ament_cmake.build:Building ROS package in '/home/matus/ros2_ws/src/block1_matuska' with build type 'ament_cmake'
[1.054s] INFO:colcon.colcon_cmake.task.cmake.build:Building CMake package in '/home/matus/ros2_ws/src/block1_matuska'
[1.054s] INFO:colcon.colcon_core.shell:Skip shell extension 'powershell' for command environment: Not usable outside of PowerShell
[1.054s] DEBUG:colcon.colcon_core.shell:Skip shell extension 'dsv' for command environment
[1.058s] INFO:colcon.colcon_ros.task.ament_cmake.build:Building ROS package in '/home/matus/ros2_ws/src/rrm/rrm_sim' with build type 'ament_cmake'
[1.058s] INFO:colcon.colcon_cmake.task.cmake.build:Building CMake package in '/home/matus/ros2_ws/src/rrm/rrm_sim'
[1.058s] INFO:colcon.colcon_core.shell:Skip shell extension 'powershell' for command environment: Not usable outside of PowerShell
[1.058s] DEBUG:colcon.colcon_core.shell:Skip shell extension 'dsv' for command environment
[1.068s] DEBUG:colcon.colcon_core.event_handler.log_command:Invoking command in '/home/matus/ros2_ws/build/rrm_sim': CMAKE_PREFIX_PATH=/home/matus/ros2_ws/install/rrm_msgs:/home/matus/ros2_ws/install/rrm_simple_robot_model:/home/matus/ros2_ws/install/rrm_sim:/home/matus/ros2_ws/install/block1_matuska:/home/matus/ros2_ws/install/matuska_interface:/home/matus/ros2_ws/install/cviko1:/home/matus/ros2_ws/install/cv1:/home/matus/ros2_ws/src/install/rrm_simple_robot_model:/home/matus/ros2_ws/src/install/rrm_sim:/home/matus/ros2_ws/src/install/block1_matuska:/home/matus/ros2_ws/src/install/rrm_msgs:/home/matus/ros2_ws/src/install/matuska_interface:/opt/ros/jazzy/opt/gz_math_vendor:/opt/ros/jazzy/opt/gz_utils_vendor:/opt/ros/jazzy/opt/gz_cmake_vendor:/opt/ros/jazzy DEBUGINFOD_URLS=https://debuginfod.ubuntu.com /usr/bin/cmake --build /home/matus/ros2_ws/build/rrm_sim -- -j12 -l12
[1.069s] DEBUG:colcon.colcon_core.event_handler.log_command:Invoking command in '/home/matus/ros2_ws/build/block1_matuska': CMAKE_PREFIX_PATH=/home/matus/ros2_ws/install/rrm_msgs:/home/matus/ros2_ws/install/matuska_interface:/home/matus/ros2_ws/install/rrm_simple_robot_model:/home/matus/ros2_ws/install/rrm_sim:/home/matus/ros2_ws/install/block1_matuska:/home/matus/ros2_ws/install/cviko1:/home/matus/ros2_ws/install/cv1:/home/matus/ros2_ws/src/install/rrm_simple_robot_model:/home/matus/ros2_ws/src/install/rrm_sim:/home/matus/ros2_ws/src/install/block1_matuska:/home/matus/ros2_ws/src/install/rrm_msgs:/home/matus/ros2_ws/src/install/matuska_interface:/opt/ros/jazzy/opt/gz_math_vendor:/opt/ros/jazzy/opt/gz_utils_vendor:/opt/ros/jazzy/opt/gz_cmake_vendor:/opt/ros/jazzy DEBUGINFOD_URLS=https://debuginfod.ubuntu.com /usr/bin/cmake --build /home/matus/ros2_ws/build/block1_matuska -- -j12 -l12
[1.130s] DEBUG:colcon.colcon_core.event_handler.log_command:Invoked command in '/home/matus/ros2_ws/build/rrm_sim' returned '0': CMAKE_PREFIX_PATH=/home/matus/ros2_ws/install/rrm_msgs:/home/matus/ros2_ws/install/rrm_simple_robot_model:/home/matus/ros2_ws/install/rrm_sim:/home/matus/ros2_ws/install/block1_matuska:/home/matus/ros2_ws/install/matuska_interface:/home/matus/ros2_ws/install/cviko1:/home/matus/ros2_ws/install/cv1:/home/matus/ros2_ws/src/install/rrm_simple_robot_model:/home/matus/ros2_ws/src/install/rrm_sim:/home/matus/ros2_ws/src/install/block1_matuska:/home/matus/ros2_ws/src/install/rrm_msgs:/home/matus/ros2_ws/src/install/matuska_interface:/opt/ros/jazzy/opt/gz_math_vendor:/opt/ros/jazzy/opt/gz_utils_vendor:/opt/ros/jazzy/opt/gz_cmake_vendor:/opt/ros/jazzy DEBUGINFOD_URLS=https://debuginfod.ubuntu.com /usr/bin/cmake --build /home/matus/ros2_ws/build/rrm_sim -- -j12 -l12
[1.160s] DEBUG:colcon.colcon_core.event_handler.log_command:Invoking command in '/home/matus/ros2_ws/build/rrm_sim': CMAKE_PREFIX_PATH=/home/matus/ros2_ws/install/rrm_msgs:/home/matus/ros2_ws/install/rrm_simple_robot_model:/home/matus/ros2_ws/install/rrm_sim:/home/matus/ros2_ws/install/block1_matuska:/home/matus/ros2_ws/install/matuska_interface:/home/matus/ros2_ws/install/cviko1:/home/matus/ros2_ws/install/cv1:/home/matus/ros2_ws/src/install/rrm_simple_robot_model:/home/matus/ros2_ws/src/install/rrm_sim:/home/matus/ros2_ws/src/install/block1_matuska:/home/matus/ros2_ws/src/install/rrm_msgs:/home/matus/ros2_ws/src/install/matuska_interface:/opt/ros/jazzy/opt/gz_math_vendor:/opt/ros/jazzy/opt/gz_utils_vendor:/opt/ros/jazzy/opt/gz_cmake_vendor:/opt/ros/jazzy DEBUGINFOD_URLS=https://debuginfod.ubuntu.com /usr/bin/cmake --install /home/matus/ros2_ws/build/rrm_sim
[1.170s] Level 1:colcon.colcon_core.environment:create_environment_scripts_only(rrm_sim)
[1.170s] Level 1:colcon.colcon_core.environment:checking '/home/matus/ros2_ws/install/rrm_sim' for CMake module files
[1.171s] DEBUG:colcon.colcon_core.event_handler.log_command:Invoked command in '/home/matus/ros2_ws/build/rrm_sim' returned '0': CMAKE_PREFIX_PATH=/home/matus/ros2_ws/install/rrm_msgs:/home/matus/ros2_ws/install/rrm_simple_robot_model:/home/matus/ros2_ws/install/rrm_sim:/home/matus/ros2_ws/install/block1_matuska:/home/matus/ros2_ws/install/matuska_interface:/home/matus/ros2_ws/install/cviko1:/home/matus/ros2_ws/install/cv1:/home/matus/ros2_ws/src/install/rrm_simple_robot_model:/home/matus/ros2_ws/src/install/rrm_sim:/home/matus/ros2_ws/src/install/block1_matuska:/home/matus/ros2_ws/src/install/rrm_msgs:/home/matus/ros2_ws/src/install/matuska_interface:/opt/ros/jazzy/opt/gz_math_vendor:/opt/ros/jazzy/opt/gz_utils_vendor:/opt/ros/jazzy/opt/gz_cmake_vendor:/opt/ros/jazzy DEBUGINFOD_URLS=https://debuginfod.ubuntu.com /usr/bin/cmake --install /home/matus/ros2_ws/build/rrm_sim
[1.171s] Level 1:colcon.colcon_core.environment:checking '/home/matus/ros2_ws/install/rrm_sim' for CMake config files
[1.171s] Level 1:colcon.colcon_core.shell:create_environment_hook('rrm_sim', 'cmake_prefix_path')
[1.171s] INFO:colcon.colcon_core.shell:Creating environment hook '/home/matus/ros2_ws/install/rrm_sim/share/rrm_sim/hook/cmake_prefix_path.ps1'
[1.172s] INFO:colcon.colcon_core.shell:Creating environment descriptor '/home/matus/ros2_ws/install/rrm_sim/share/rrm_sim/hook/cmake_prefix_path.dsv'
[1.172s] INFO:colcon.colcon_core.shell:Creating environment hook '/home/matus/ros2_ws/install/rrm_sim/share/rrm_sim/hook/cmake_prefix_path.sh'
[1.172s] Level 1:colcon.colcon_core.environment:checking '/home/matus/ros2_ws/install/rrm_sim/lib'
[1.172s] Level 1:colcon.colcon_core.environment:checking '/home/matus/ros2_ws/install/rrm_sim/bin'
[1.172s] Level 1:colcon.colcon_core.environment:checking '/home/matus/ros2_ws/install/rrm_sim/lib/pkgconfig/rrm_sim.pc'
[1.172s] Level 1:colcon.colcon_core.environment:checking '/home/matus/ros2_ws/install/rrm_sim/lib/python3.12/site-packages'
[1.173s] Level 1:colcon.colcon_core.environment:checking '/home/matus/ros2_ws/install/rrm_sim/bin'
[1.173s] INFO:colcon.colcon_core.shell:Creating package script '/home/matus/ros2_ws/install/rrm_sim/share/rrm_sim/package.ps1'
[1.173s] INFO:colcon.colcon_core.shell:Creating package descriptor '/home/matus/ros2_ws/install/rrm_sim/share/rrm_sim/package.dsv'
[1.173s] INFO:colcon.colcon_core.shell:Creating package script '/home/matus/ros2_ws/install/rrm_sim/share/rrm_sim/package.sh'
[1.174s] INFO:colcon.colcon_core.shell:Creating package script '/home/matus/ros2_ws/install/rrm_sim/share/rrm_sim/package.bash'
[1.174s] INFO:colcon.colcon_core.shell:Creating package script '/home/matus/ros2_ws/install/rrm_sim/share/rrm_sim/package.zsh'
[1.174s] Level 1:colcon.colcon_core.environment:create_file_with_runtime_dependencies(/home/matus/ros2_ws/install/rrm_sim/share/colcon-core/packages/rrm_sim)
[1.204s] Level 1:colcon.colcon_core.environment:create_environment_scripts_only(rrm_sim)
[1.204s] Level 1:colcon.colcon_core.environment:checking '/home/matus/ros2_ws/install/rrm_sim' for CMake module files
[1.204s] Level 1:colcon.colcon_core.environment:checking '/home/matus/ros2_ws/install/rrm_sim' for CMake config files
[1.205s] Level 1:colcon.colcon_core.shell:create_environment_hook('rrm_sim', 'cmake_prefix_path')
[1.205s] INFO:colcon.colcon_core.shell:Creating environment hook '/home/matus/ros2_ws/install/rrm_sim/share/rrm_sim/hook/cmake_prefix_path.ps1'
[1.205s] INFO:colcon.colcon_core.shell:Creating environment descriptor '/home/matus/ros2_ws/install/rrm_sim/share/rrm_sim/hook/cmake_prefix_path.dsv'
[1.205s] INFO:colcon.colcon_core.shell:Creating environment hook '/home/matus/ros2_ws/install/rrm_sim/share/rrm_sim/hook/cmake_prefix_path.sh'
[1.206s] Level 1:colcon.colcon_core.environment:checking '/home/matus/ros2_ws/install/rrm_sim/lib'
[1.206s] Level 1:colcon.colcon_core.environment:checking '/home/matus/ros2_ws/install/rrm_sim/bin'
[1.206s] Level 1:colcon.colcon_core.environment:checking '/home/matus/ros2_ws/install/rrm_sim/lib/pkgconfig/rrm_sim.pc'
[1.206s] Level 1:colcon.colcon_core.environment:checking '/home/matus/ros2_ws/install/rrm_sim/lib/python3.12/site-packages'
[1.206s] Level 1:colcon.colcon_core.environment:checking '/home/matus/ros2_ws/install/rrm_sim/bin'
[1.206s] INFO:colcon.colcon_core.shell:Creating package script '/home/matus/ros2_ws/install/rrm_sim/share/rrm_sim/package.ps1'
[1.206s] INFO:colcon.colcon_core.shell:Creating package descriptor '/home/matus/ros2_ws/install/rrm_sim/share/rrm_sim/package.dsv'
[1.207s] INFO:colcon.colcon_core.shell:Creating package script '/home/matus/ros2_ws/install/rrm_sim/share/rrm_sim/package.sh'
[1.207s] INFO:colcon.colcon_core.shell:Creating package script '/home/matus/ros2_ws/install/rrm_sim/share/rrm_sim/package.bash'
[1.207s] INFO:colcon.colcon_core.shell:Creating package script '/home/matus/ros2_ws/install/rrm_sim/share/rrm_sim/package.zsh'
[1.208s] Level 1:colcon.colcon_core.environment:create_file_with_runtime_dependencies(/home/matus/ros2_ws/install/rrm_sim/share/colcon-core/packages/rrm_sim)
[4.984s] DEBUG:colcon.colcon_core.event_handler.log_command:Invoked command in '/home/matus/ros2_ws/build/block1_matuska' returned '2': CMAKE_PREFIX_PATH=/home/matus/ros2_ws/install/rrm_msgs:/home/matus/ros2_ws/install/matuska_interface:/home/matus/ros2_ws/install/rrm_simple_robot_model:/home/matus/ros2_ws/install/rrm_sim:/home/matus/ros2_ws/install/block1_matuska:/home/matus/ros2_ws/install/cviko1:/home/matus/ros2_ws/install/cv1:/home/matus/ros2_ws/src/install/rrm_simple_robot_model:/home/matus/ros2_ws/src/install/rrm_sim:/home/matus/ros2_ws/src/install/block1_matuska:/home/matus/ros2_ws/src/install/rrm_msgs:/home/matus/ros2_ws/src/install/matuska_interface:/opt/ros/jazzy/opt/gz_math_vendor:/opt/ros/jazzy/opt/gz_utils_vendor:/opt/ros/jazzy/opt/gz_cmake_vendor:/opt/ros/jazzy DEBUGINFOD_URLS=https://debuginfod.ubuntu.com /usr/bin/cmake --build /home/matus/ros2_ws/build/block1_matuska -- -j12 -l12
[5.017s] Level 1:colcon.colcon_core.environment:create_environment_scripts_only(block1_matuska)
[5.017s] Level 1:colcon.colcon_core.environment:checking '/home/matus/ros2_ws/install/block1_matuska' for CMake module files
[5.017s] Level 1:colcon.colcon_core.environment:checking '/home/matus/ros2_ws/install/block1_matuska' for CMake config files
[5.017s] Level 1:colcon.colcon_core.shell:create_environment_hook('block1_matuska', 'cmake_prefix_path')
[5.018s] INFO:colcon.colcon_core.shell:Creating environment hook '/home/matus/ros2_ws/install/block1_matuska/share/block1_matuska/hook/cmake_prefix_path.ps1'
[5.018s] INFO:colcon.colcon_core.shell:Creating environment descriptor '/home/matus/ros2_ws/install/block1_matuska/share/block1_matuska/hook/cmake_prefix_path.dsv'
[5.018s] INFO:colcon.colcon_core.shell:Creating environment hook '/home/matus/ros2_ws/install/block1_matuska/share/block1_matuska/hook/cmake_prefix_path.sh'
[5.019s] Level 1:colcon.colcon_core.environment:checking '/home/matus/ros2_ws/install/block1_matuska/lib'
[5.019s] Level 1:colcon.colcon_core.environment:checking '/home/matus/ros2_ws/install/block1_matuska/bin'
[5.019s] Level 1:colcon.colcon_core.environment:checking '/home/matus/ros2_ws/install/block1_matuska/lib/pkgconfig/block1_matuska.pc'
[5.019s] Level 1:colcon.colcon_core.environment:checking '/home/matus/ros2_ws/install/block1_matuska/lib/python3.12/site-packages'
[5.019s] Level 1:colcon.colcon_core.environment:checking '/home/matus/ros2_ws/install/block1_matuska/bin'
[5.019s] INFO:colcon.colcon_core.shell:Creating package script '/home/matus/ros2_ws/install/block1_matuska/share/block1_matuska/package.ps1'
[5.019s] INFO:colcon.colcon_core.shell:Creating package descriptor '/home/matus/ros2_ws/install/block1_matuska/share/block1_matuska/package.dsv'
[5.020s] INFO:colcon.colcon_core.shell:Creating package script '/home/matus/ros2_ws/install/block1_matuska/share/block1_matuska/package.sh'
[5.020s] INFO:colcon.colcon_core.shell:Creating package script '/home/matus/ros2_ws/install/block1_matuska/share/block1_matuska/package.bash'
[5.020s] INFO:colcon.colcon_core.shell:Creating package script '/home/matus/ros2_ws/install/block1_matuska/share/block1_matuska/package.zsh'
[5.020s] Level 1:colcon.colcon_core.environment:create_file_with_runtime_dependencies(/home/matus/ros2_ws/install/block1_matuska/share/colcon-core/packages/block1_matuska)
[5.031s] DEBUG:colcon.colcon_parallel_executor.executor.parallel:closing loop
[5.031s] DEBUG:colcon.colcon_parallel_executor.executor.parallel:loop closed
[5.031s] DEBUG:colcon.colcon_parallel_executor.executor.parallel:run_until_complete finished with '2'
[5.031s] DEBUG:colcon.colcon_core.event_reactor:joining thread
[5.036s] INFO:colcon.colcon_core.plugin_system:Skipping extension 'colcon_notification.desktop_notification.terminal_notifier': Not used on non-Darwin systems
[5.036s] INFO:colcon.colcon_core.plugin_system:Skipping extension 'colcon_notification.desktop_notification.win32': Not used on non-Windows systems
[5.036s] INFO:colcon.colcon_notification.desktop_notification:Sending desktop notification using 'notify2'
[5.046s] DEBUG:colcon.colcon_core.event_reactor:joined thread
[5.047s] INFO:colcon.colcon_core.shell:Creating prefix script '/home/matus/ros2_ws/install/local_setup.ps1'
[5.047s] INFO:colcon.colcon_core.shell:Creating prefix util module '/home/matus/ros2_ws/install/_local_setup_util_ps1.py'
[5.048s] INFO:colcon.colcon_core.shell:Creating prefix chain script '/home/matus/ros2_ws/install/setup.ps1'
[5.049s] INFO:colcon.colcon_core.shell:Creating prefix script '/home/matus/ros2_ws/install/local_setup.sh'
[5.049s] INFO:colcon.colcon_core.shell:Creating prefix util module '/home/matus/ros2_ws/install/_local_setup_util_sh.py'
[5.050s] INFO:colcon.colcon_core.shell:Creating prefix chain script '/home/matus/ros2_ws/install/setup.sh'
[5.051s] INFO:colcon.colcon_core.shell:Creating prefix script '/home/matus/ros2_ws/install/local_setup.bash'
[5.051s] INFO:colcon.colcon_core.shell:Creating prefix chain script '/home/matus/ros2_ws/install/setup.bash'
[5.052s] INFO:colcon.colcon_core.shell:Creating prefix script '/home/matus/ros2_ws/install/local_setup.zsh'
[5.052s] INFO:colcon.colcon_core.shell:Creating prefix chain script '/home/matus/ros2_ws/install/setup.zsh'
