[0.011s] Invoking command in '/home/matus/ros2_ws/src/build/block1_matuska': AMENT_PREFIX_PATH=/home/matus/ros2_ws/src/install/rrm_msgs:${AMENT_PREFIX_PATH} CMAKE_PREFIX_PATH=/home/matus/ros2_ws/src/install/rrm_msgs:/home/matus/ros2_ws/install/cviko1:/home/matus/ros2_ws/install/rrm_simple_robot_model:/home/matus/ros2_ws/install/rrm_sim:/home/matus/ros2_ws/install/block1_matuska:/home/matus/ros2_ws/install/rrm_msgs:/home/matus/ros2_ws/install/cv1:/opt/ros/jazzy/opt/gz_math_vendor:/opt/ros/jazzy/opt/gz_utils_vendor:/opt/ros/jazzy/opt/gz_cmake_vendor:/opt/ros/jazzy DEBUGINFOD_URLS=https://debuginfod.ubuntu.com LD_LIBRARY_PATH=/home/matus/ros2_ws/src/install/rrm_msgs/lib:${LD_LIBRARY_PATH} PYTHONPATH=/home/matus/ros2_ws/src/install/rrm_msgs/lib/python3.12/site-packages:${PYTHONPATH} /usr/bin/cmake --build /home/matus/ros2_ws/src/build/block1_matuska -- -j12 -l12
[0.073s] [ 50%] [32mBuilding CXX object CMakeFiles/teleop_node.dir/src/teleop_node.cpp.o[0m
[2.215s] [01m[K/home/matus/ros2_ws/src/block1_matuska/src/teleop_node.cpp:[m[K In function ‘[01m[Kint[01;32m[K main[m[K(int, char**)[m[K’:
[2.215s] [01m[K/home/matus/ros2_ws/src/block1_matuska/src/teleop_node.cpp:34:7:[m[K [01;31m[Kerror: [m[Kexpected ‘[01m[K([m[K’ before ‘[01m[KTrue[m[K’
[2.215s]    34 | while [01;31m[KT[m[K[32m[Krue[m[K:
[2.215s]       |       [01;31m[K^[m[K[32m[K~~~[m[K
[2.215s]       |       [32m[K([m[K
[2.216s] [01m[K/home/matus/ros2_ws/src/block1_matuska/src/teleop_node.cpp:34:11:[m[K [01;31m[Kerror: [m[Kfound ‘[01m[K:[m[K’ in nested-name-specifier, expected ‘[01m[K::[m[K’
[2.216s]    34 | while True[01;31m[K:[m[K
[2.216s]       |           [01;31m[K^[m[K
[2.216s]       |           [32m[K::[m[K
[2.216s] [01m[K/home/matus/ros2_ws/src/block1_matuska/src/teleop_node.cpp:34:7:[m[K [01;31m[Kerror: [m[K‘[01m[KTrue[m[K’ has not been declared
[2.216s]    34 | while [01;31m[KTrue[m[K:
[2.216s]       |       [01;31m[K^~~~[m[K
[2.218s] [01m[K/home/matus/ros2_ws/src/block1_matuska/src/teleop_node.cpp:36:11:[m[K [01;31m[Kerror: [m[K‘[01m[Kinput[m[K’ was not declared in this scope; did you mean ‘[01m[Kint[m[K’?
[2.218s]    36 |     klb = [01;31m[Kinput[m[K("Zadaj hodnotu pre klb: ")
[2.219s]       |           [01;31m[K^~~~~[m[K
[2.219s]       |           [32m[Kint[m[K
[2.219s] [01m[K/home/matus/ros2_ws/src/block1_matuska/src/teleop_node.cpp:36:43:[m[K [01;31m[Kerror: [m[Kexpected ‘[01m[K)[m[K’ before ‘[01m[Kposun[m[K’
[2.219s]    36 |     klb = input("Zadaj hodnotu pre klb: ")
[2.219s]       |                                           [01;31m[K^[m[K
[2.219s]       |                                           [32m[K)[m[K
[2.219s]    37 |     [32m[Kposun[m[K = input("Zadaj hodnotu pre posun: ")
[2.219s]       |     [32m[K~~~~~[m[K                                  
[2.219s] [01m[K/home/matus/ros2_ws/src/block1_matuska/src/teleop_node.cpp:34:7:[m[K [01;36m[Knote: [m[Kto match this ‘[01m[K([m[K’
[2.219s]    34 | while [01;36m[KTrue[m[K:
[2.219s]       |       [01;36m[K^~~~[m[K
[2.222s] [01m[K/home/matus/ros2_ws/src/block1_matuska/src/teleop_node.cpp:37:5:[m[K [01;31m[Kerror: [m[K‘[01m[Kposun[m[K’ was not declared in this scope
[2.222s]    37 |     [01;31m[Kposun[m[K = input("Zadaj hodnotu pre posun: ")
[2.222s]       |     [01;31m[K^~~~~[m[K
[3.116s] gmake[2]: *** [CMakeFiles/teleop_node.dir/build.make:76: CMakeFiles/teleop_node.dir/src/teleop_node.cpp.o] Error 1
[3.116s] gmake[1]: *** [CMakeFiles/Makefile2:137: CMakeFiles/teleop_node.dir/all] Error 2
[3.116s] gmake: *** [Makefile:146: all] Error 2
[3.119s] Invoked command in '/home/matus/ros2_ws/src/build/block1_matuska' returned '2': AMENT_PREFIX_PATH=/home/matus/ros2_ws/src/install/rrm_msgs:${AMENT_PREFIX_PATH} CMAKE_PREFIX_PATH=/home/matus/ros2_ws/src/install/rrm_msgs:/home/matus/ros2_ws/install/cviko1:/home/matus/ros2_ws/install/rrm_simple_robot_model:/home/matus/ros2_ws/install/rrm_sim:/home/matus/ros2_ws/install/block1_matuska:/home/matus/ros2_ws/install/rrm_msgs:/home/matus/ros2_ws/install/cv1:/opt/ros/jazzy/opt/gz_math_vendor:/opt/ros/jazzy/opt/gz_utils_vendor:/opt/ros/jazzy/opt/gz_cmake_vendor:/opt/ros/jazzy DEBUGINFOD_URLS=https://debuginfod.ubuntu.com LD_LIBRARY_PATH=/home/matus/ros2_ws/src/install/rrm_msgs/lib:${LD_LIBRARY_PATH} PYTHONPATH=/home/matus/ros2_ws/src/install/rrm_msgs/lib/python3.12/site-packages:${PYTHONPATH} /usr/bin/cmake --build /home/matus/ros2_ws/src/build/block1_matuska -- -j12 -l12
