[0.027s] Invoking command in '/home/matus/ros2_ws/build/matuska_interface': CMAKE_PREFIX_PATH=${CMAKE_PREFIX_PATH}:/opt/ros/jazzy DEBUGINFOD_URLS=https://debuginfod.ubuntu.com /usr/bin/cmake --build /home/matus/ros2_ws/build/matuska_interface -- -j12 -l12
[0.083s] [  2%] Built target matuska_interface__rosidl_generator_type_description
[0.097s] [  2%] Built target ament_cmake_python_copy_matuska_interface
[0.110s] [  5%] Built target matuska_interface__cpp
[0.114s] [ 20%] Built target matuska_interface__rosidl_generator_c
[0.164s] [ 29%] Built target matuska_interface__rosidl_typesupport_introspection_c
[0.166s] [ 52%] Built target matuska_interface__rosidl_typesupport_introspection_cpp
[0.167s] [ 52%] Built target matuska_interface__rosidl_typesupport_c
[0.167s] [ 55%] Built target matuska_interface__rosidl_typesupport_fastrtps_c
[0.168s] [ 64%] Built target matuska_interface__rosidl_typesupport_cpp
[0.173s] [ 73%] Built target matuska_interface__rosidl_typesupport_fastrtps_cpp
[0.203s] [ 73%] Built target matuska_interface
[0.230s] [ 76%] Built target matuska_interface__py
[0.259s] [ 82%] Built target matuska_interface__rosidl_generator_py
[0.285s] [100%] Built target matuska_interface_s__rosidl_typesupport_fastrtps_c
[0.286s] [100%] Built target matuska_interface_s__rosidl_typesupport_introspection_c
[0.286s] [100%] Built target matuska_interface_s__rosidl_typesupport_c
[0.343s] running egg_info
[0.359s] writing matuska_interface.egg-info/PKG-INFO
[0.359s] writing dependency_links to matuska_interface.egg-info/dependency_links.txt
[0.360s] writing top-level names to matuska_interface.egg-info/top_level.txt
[0.407s] reading manifest file 'matuska_interface.egg-info/SOURCES.txt'
[0.408s] writing manifest file 'matuska_interface.egg-info/SOURCES.txt'
[0.440s] [100%] Built target ament_cmake_python_build_matuska_interface_egg
[0.453s] Invoked command in '/home/matus/ros2_ws/build/matuska_interface' returned '0': CMAKE_PREFIX_PATH=${CMAKE_PREFIX_PATH}:/opt/ros/jazzy DEBUGINFOD_URLS=https://debuginfod.ubuntu.com /usr/bin/cmake --build /home/matus/ros2_ws/build/matuska_interface -- -j12 -l12
[0.519s] Invoking command in '/home/matus/ros2_ws/build/matuska_interface': CMAKE_PREFIX_PATH=${CMAKE_PREFIX_PATH}:/opt/ros/jazzy DEBUGINFOD_URLS=https://debuginfod.ubuntu.com /usr/bin/cmake --install /home/matus/ros2_ws/build/matuska_interface
[0.527s] -- Install configuration: ""
[0.528s] -- Up-to-date: /home/matus/ros2_ws/install/matuska_interface/share/ament_index/resource_index/rosidl_interfaces/matuska_interface
[0.528s] -- Up-to-date: /home/matus/ros2_ws/install/matuska_interface/share/matuska_interface/srv/TeachPosition.json
[0.528s] -- Up-to-date: /home/matus/ros2_ws/install/matuska_interface/include/matuska_interface/matuska_interface
[0.528s] -- Up-to-date: /home/matus/ros2_ws/install/matuska_interface/include/matuska_interface/matuska_interface/srv
[0.528s] -- Up-to-date: /home/matus/ros2_ws/install/matuska_interface/include/matuska_interface/matuska_interface/srv/teach_position.h
[0.528s] -- Up-to-date: /home/matus/ros2_ws/install/matuska_interface/include/matuska_interface/matuska_interface/srv/detail
[0.528s] -- Up-to-date: /home/matus/ros2_ws/install/matuska_interface/include/matuska_interface/matuska_interface/srv/detail/teach_position__description.c
[0.528s] -- Up-to-date: /home/matus/ros2_ws/install/matuska_interface/include/matuska_interface/matuska_interface/srv/detail/teach_position__functions.c
[0.528s] -- Up-to-date: /home/matus/ros2_ws/install/matuska_interface/include/matuska_interface/matuska_interface/srv/detail/teach_position__type_support.h
[0.528s] -- Up-to-date: /home/matus/ros2_ws/install/matuska_interface/include/matuska_interface/matuska_interface/srv/detail/teach_position__functions.h
[0.529s] -- Up-to-date: /home/matus/ros2_ws/install/matuska_interface/include/matuska_interface/matuska_interface/srv/detail/teach_position__struct.h
[0.529s] -- Up-to-date: /home/matus/ros2_ws/install/matuska_interface/include/matuska_interface/matuska_interface/srv/detail/teach_position__type_support.c
[0.529s] -- Up-to-date: /home/matus/ros2_ws/install/matuska_interface/include/matuska_interface/matuska_interface/msg
[0.529s] -- Up-to-date: /home/matus/ros2_ws/install/matuska_interface/include/matuska_interface/matuska_interface/msg/rosidl_generator_c__visibility_control.h
[0.529s] -- Up-to-date: /home/matus/ros2_ws/install/matuska_interface/share/matuska_interface/environment/library_path.sh
[0.529s] -- Up-to-date: /home/matus/ros2_ws/install/matuska_interface/share/matuska_interface/environment/library_path.dsv
[0.529s] -- Up-to-date: /home/matus/ros2_ws/install/matuska_interface/lib/libmatuska_interface__rosidl_generator_c.so
[0.529s] -- Up-to-date: /home/matus/ros2_ws/install/matuska_interface/include/matuska_interface/matuska_interface
[0.529s] -- Up-to-date: /home/matus/ros2_ws/install/matuska_interface/include/matuska_interface/matuska_interface/srv
[0.529s] -- Up-to-date: /home/matus/ros2_ws/install/matuska_interface/include/matuska_interface/matuska_interface/srv/detail
[0.529s] -- Up-to-date: /home/matus/ros2_ws/install/matuska_interface/include/matuska_interface/matuska_interface/srv/detail/teach_position__rosidl_typesupport_fastrtps_c.h
[0.530s] -- Up-to-date: /home/matus/ros2_ws/install/matuska_interface/include/matuska_interface/matuska_interface/msg
[0.530s] -- Up-to-date: /home/matus/ros2_ws/install/matuska_interface/include/matuska_interface/matuska_interface/msg/rosidl_typesupport_fastrtps_c__visibility_control.h
[0.530s] -- Up-to-date: /home/matus/ros2_ws/install/matuska_interface/lib/libmatuska_interface__rosidl_typesupport_fastrtps_c.so
[0.530s] -- Up-to-date: /home/matus/ros2_ws/install/matuska_interface/include/matuska_interface/matuska_interface
[0.530s] -- Up-to-date: /home/matus/ros2_ws/install/matuska_interface/include/matuska_interface/matuska_interface/srv
[0.530s] -- Up-to-date: /home/matus/ros2_ws/install/matuska_interface/include/matuska_interface/matuska_interface/srv/detail
[0.530s] -- Up-to-date: /home/matus/ros2_ws/install/matuska_interface/include/matuska_interface/matuska_interface/srv/detail/teach_position__rosidl_typesupport_introspection_c.h
[0.530s] -- Up-to-date: /home/matus/ros2_ws/install/matuska_interface/include/matuska_interface/matuska_interface/srv/detail/teach_position__type_support.c
[0.530s] -- Up-to-date: /home/matus/ros2_ws/install/matuska_interface/include/matuska_interface/matuska_interface/msg
[0.530s] -- Up-to-date: /home/matus/ros2_ws/install/matuska_interface/include/matuska_interface/matuska_interface/msg/rosidl_typesupport_introspection_c__visibility_control.h
[0.530s] -- Up-to-date: /home/matus/ros2_ws/install/matuska_interface/lib/libmatuska_interface__rosidl_typesupport_introspection_c.so
[0.530s] -- Up-to-date: /home/matus/ros2_ws/install/matuska_interface/lib/libmatuska_interface__rosidl_typesupport_c.so
[0.530s] -- Up-to-date: /home/matus/ros2_ws/install/matuska_interface/include/matuska_interface/matuska_interface
[0.530s] -- Up-to-date: /home/matus/ros2_ws/install/matuska_interface/include/matuska_interface/matuska_interface/srv
[0.531s] -- Up-to-date: /home/matus/ros2_ws/install/matuska_interface/include/matuska_interface/matuska_interface/srv/detail
[0.531s] -- Up-to-date: /home/matus/ros2_ws/install/matuska_interface/include/matuska_interface/matuska_interface/srv/detail/teach_position__builder.hpp
[0.531s] -- Up-to-date: /home/matus/ros2_ws/install/matuska_interface/include/matuska_interface/matuska_interface/srv/detail/teach_position__struct.hpp
[0.531s] -- Up-to-date: /home/matus/ros2_ws/install/matuska_interface/include/matuska_interface/matuska_interface/srv/detail/teach_position__traits.hpp
[0.531s] -- Up-to-date: /home/matus/ros2_ws/install/matuska_interface/include/matuska_interface/matuska_interface/srv/detail/teach_position__type_support.hpp
[0.531s] -- Up-to-date: /home/matus/ros2_ws/install/matuska_interface/include/matuska_interface/matuska_interface/srv/teach_position.hpp
[0.531s] -- Up-to-date: /home/matus/ros2_ws/install/matuska_interface/include/matuska_interface/matuska_interface/msg
[0.531s] -- Up-to-date: /home/matus/ros2_ws/install/matuska_interface/include/matuska_interface/matuska_interface/msg/rosidl_generator_cpp__visibility_control.hpp
[0.531s] -- Up-to-date: /home/matus/ros2_ws/install/matuska_interface/include/matuska_interface/matuska_interface
[0.531s] -- Up-to-date: /home/matus/ros2_ws/install/matuska_interface/include/matuska_interface/matuska_interface/srv
[0.531s] -- Up-to-date: /home/matus/ros2_ws/install/matuska_interface/include/matuska_interface/matuska_interface/srv/detail
[0.531s] -- Up-to-date: /home/matus/ros2_ws/install/matuska_interface/include/matuska_interface/matuska_interface/srv/detail/teach_position__rosidl_typesupport_fastrtps_cpp.hpp
[0.531s] -- Up-to-date: /home/matus/ros2_ws/install/matuska_interface/include/matuska_interface/matuska_interface/srv/detail/dds_fastrtps
[0.531s] -- Up-to-date: /home/matus/ros2_ws/install/matuska_interface/include/matuska_interface/matuska_interface/msg
[0.531s] -- Up-to-date: /home/matus/ros2_ws/install/matuska_interface/include/matuska_interface/matuska_interface/msg/rosidl_typesupport_fastrtps_cpp__visibility_control.h
[0.531s] -- Up-to-date: /home/matus/ros2_ws/install/matuska_interface/lib/libmatuska_interface__rosidl_typesupport_fastrtps_cpp.so
[0.531s] -- Up-to-date: /home/matus/ros2_ws/install/matuska_interface/include/matuska_interface/matuska_interface
[0.532s] -- Up-to-date: /home/matus/ros2_ws/install/matuska_interface/include/matuska_interface/matuska_interface/srv
[0.532s] -- Up-to-date: /home/matus/ros2_ws/install/matuska_interface/include/matuska_interface/matuska_interface/srv/detail
[0.532s] -- Up-to-date: /home/matus/ros2_ws/install/matuska_interface/include/matuska_interface/matuska_interface/srv/detail/teach_position__type_support.cpp
[0.532s] -- Up-to-date: /home/matus/ros2_ws/install/matuska_interface/include/matuska_interface/matuska_interface/srv/detail/teach_position__rosidl_typesupport_introspection_cpp.hpp
[0.532s] -- Up-to-date: /home/matus/ros2_ws/install/matuska_interface/lib/libmatuska_interface__rosidl_typesupport_introspection_cpp.so
[0.532s] -- Up-to-date: /home/matus/ros2_ws/install/matuska_interface/lib/libmatuska_interface__rosidl_typesupport_cpp.so
[0.532s] -- Up-to-date: /home/matus/ros2_ws/install/matuska_interface/share/matuska_interface/environment/pythonpath.sh
[0.532s] -- Up-to-date: /home/matus/ros2_ws/install/matuska_interface/share/matuska_interface/environment/pythonpath.dsv
[0.532s] -- Up-to-date: /home/matus/ros2_ws/install/matuska_interface/lib/python3.12/site-packages/matuska_interface-0.0.0-py3.12.egg-info
[0.532s] -- Installing: /home/matus/ros2_ws/install/matuska_interface/lib/python3.12/site-packages/matuska_interface-0.0.0-py3.12.egg-info/SOURCES.txt
[0.532s] -- Installing: /home/matus/ros2_ws/install/matuska_interface/lib/python3.12/site-packages/matuska_interface-0.0.0-py3.12.egg-info/dependency_links.txt
[0.532s] -- Installing: /home/matus/ros2_ws/install/matuska_interface/lib/python3.12/site-packages/matuska_interface-0.0.0-py3.12.egg-info/top_level.txt
[0.532s] -- Installing: /home/matus/ros2_ws/install/matuska_interface/lib/python3.12/site-packages/matuska_interface-0.0.0-py3.12.egg-info/PKG-INFO
[0.532s] -- Up-to-date: /home/matus/ros2_ws/install/matuska_interface/lib/python3.12/site-packages/matuska_interface
[0.532s] -- Up-to-date: /home/matus/ros2_ws/install/matuska_interface/lib/python3.12/site-packages/matuska_interface/__init__.py
[0.532s] -- Up-to-date: /home/matus/ros2_ws/install/matuska_interface/lib/python3.12/site-packages/matuska_interface/_matuska_interface_s.ep.rosidl_typesupport_introspection_c.c
[0.532s] -- Up-to-date: /home/matus/ros2_ws/install/matuska_interface/lib/python3.12/site-packages/matuska_interface/matuska_interface_s__rosidl_typesupport_c.so
[0.533s] -- Up-to-date: /home/matus/ros2_ws/install/matuska_interface/lib/python3.12/site-packages/matuska_interface/_matuska_interface_s.ep.rosidl_typesupport_c.c
[0.533s] -- Up-to-date: /home/matus/ros2_ws/install/matuska_interface/lib/python3.12/site-packages/matuska_interface/srv
[0.533s] -- Up-to-date: /home/matus/ros2_ws/install/matuska_interface/lib/python3.12/site-packages/matuska_interface/srv/__init__.py
[0.533s] -- Up-to-date: /home/matus/ros2_ws/install/matuska_interface/lib/python3.12/site-packages/matuska_interface/srv/_teach_position_s.c
[0.533s] -- Up-to-date: /home/matus/ros2_ws/install/matuska_interface/lib/python3.12/site-packages/matuska_interface/srv/_teach_position.py
[0.533s] -- Up-to-date: /home/matus/ros2_ws/install/matuska_interface/lib/python3.12/site-packages/matuska_interface/_matuska_interface_s.ep.rosidl_typesupport_fastrtps_c.c
[0.533s] -- Up-to-date: /home/matus/ros2_ws/install/matuska_interface/lib/python3.12/site-packages/matuska_interface/matuska_interface_s__rosidl_typesupport_introspection_c.so
[0.533s] -- Up-to-date: /home/matus/ros2_ws/install/matuska_interface/lib/python3.12/site-packages/matuska_interface/matuska_interface_s__rosidl_typesupport_fastrtps_c.so
[0.561s] Listing '/home/matus/ros2_ws/install/matuska_interface/lib/python3.12/site-packages/matuska_interface'...
[0.561s] Listing '/home/matus/ros2_ws/install/matuska_interface/lib/python3.12/site-packages/matuska_interface/srv'...
[0.566s] -- Up-to-date: /home/matus/ros2_ws/install/matuska_interface/lib/python3.12/site-packages/matuska_interface/matuska_interface_s__rosidl_typesupport_fastrtps_c.so
[0.567s] -- Up-to-date: /home/matus/ros2_ws/install/matuska_interface/lib/python3.12/site-packages/matuska_interface/matuska_interface_s__rosidl_typesupport_introspection_c.so
[0.567s] -- Up-to-date: /home/matus/ros2_ws/install/matuska_interface/lib/python3.12/site-packages/matuska_interface/matuska_interface_s__rosidl_typesupport_c.so
[0.567s] -- Up-to-date: /home/matus/ros2_ws/install/matuska_interface/lib/libmatuska_interface__rosidl_generator_py.so
[0.567s] -- Up-to-date: /home/matus/ros2_ws/install/matuska_interface/share/matuska_interface/srv/TeachPosition.idl
[0.568s] -- Up-to-date: /home/matus/ros2_ws/install/matuska_interface/share/matuska_interface/srv/TeachPosition.srv
[0.568s] -- Up-to-date: /home/matus/ros2_ws/install/matuska_interface/share/ament_index/resource_index/package_run_dependencies/matuska_interface
[0.568s] -- Up-to-date: /home/matus/ros2_ws/install/matuska_interface/share/ament_index/resource_index/parent_prefix_path/matuska_interface
[0.568s] -- Up-to-date: /home/matus/ros2_ws/install/matuska_interface/share/matuska_interface/environment/ament_prefix_path.sh
[0.568s] -- Up-to-date: /home/matus/ros2_ws/install/matuska_interface/share/matuska_interface/environment/ament_prefix_path.dsv
[0.568s] -- Up-to-date: /home/matus/ros2_ws/install/matuska_interface/share/matuska_interface/environment/path.sh
[0.568s] -- Up-to-date: /home/matus/ros2_ws/install/matuska_interface/share/matuska_interface/environment/path.dsv
[0.568s] -- Up-to-date: /home/matus/ros2_ws/install/matuska_interface/share/matuska_interface/local_setup.bash
[0.568s] -- Up-to-date: /home/matus/ros2_ws/install/matuska_interface/share/matuska_interface/local_setup.sh
[0.568s] -- Up-to-date: /home/matus/ros2_ws/install/matuska_interface/share/matuska_interface/local_setup.zsh
[0.568s] -- Up-to-date: /home/matus/ros2_ws/install/matuska_interface/share/matuska_interface/local_setup.dsv
[0.568s] -- Installing: /home/matus/ros2_ws/install/matuska_interface/share/matuska_interface/package.dsv
[0.568s] -- Up-to-date: /home/matus/ros2_ws/install/matuska_interface/share/ament_index/resource_index/packages/matuska_interface
[0.568s] -- Up-to-date: /home/matus/ros2_ws/install/matuska_interface/share/matuska_interface/cmake/export_matuska_interface__rosidl_generator_cExport.cmake
[0.569s] -- Up-to-date: /home/matus/ros2_ws/install/matuska_interface/share/matuska_interface/cmake/export_matuska_interface__rosidl_generator_cExport-noconfig.cmake
[0.569s] -- Up-to-date: /home/matus/ros2_ws/install/matuska_interface/share/matuska_interface/cmake/export_matuska_interface__rosidl_typesupport_fastrtps_cExport.cmake
[0.569s] -- Up-to-date: /home/matus/ros2_ws/install/matuska_interface/share/matuska_interface/cmake/export_matuska_interface__rosidl_typesupport_fastrtps_cExport-noconfig.cmake
[0.569s] -- Up-to-date: /home/matus/ros2_ws/install/matuska_interface/share/matuska_interface/cmake/matuska_interface__rosidl_typesupport_introspection_cExport.cmake
[0.569s] -- Up-to-date: /home/matus/ros2_ws/install/matuska_interface/share/matuska_interface/cmake/matuska_interface__rosidl_typesupport_introspection_cExport-noconfig.cmake
[0.569s] -- Up-to-date: /home/matus/ros2_ws/install/matuska_interface/share/matuska_interface/cmake/matuska_interface__rosidl_typesupport_cExport.cmake
[0.569s] -- Up-to-date: /home/matus/ros2_ws/install/matuska_interface/share/matuska_interface/cmake/matuska_interface__rosidl_typesupport_cExport-noconfig.cmake
[0.569s] -- Up-to-date: /home/matus/ros2_ws/install/matuska_interface/share/matuska_interface/cmake/export_matuska_interface__rosidl_generator_cppExport.cmake
[0.569s] -- Up-to-date: /home/matus/ros2_ws/install/matuska_interface/share/matuska_interface/cmake/export_matuska_interface__rosidl_typesupport_fastrtps_cppExport.cmake
[0.569s] -- Up-to-date: /home/matus/ros2_ws/install/matuska_interface/share/matuska_interface/cmake/export_matuska_interface__rosidl_typesupport_fastrtps_cppExport-noconfig.cmake
[0.569s] -- Up-to-date: /home/matus/ros2_ws/install/matuska_interface/share/matuska_interface/cmake/matuska_interface__rosidl_typesupport_introspection_cppExport.cmake
[0.569s] -- Up-to-date: /home/matus/ros2_ws/install/matuska_interface/share/matuska_interface/cmake/matuska_interface__rosidl_typesupport_introspection_cppExport-noconfig.cmake
[0.569s] -- Up-to-date: /home/matus/ros2_ws/install/matuska_interface/share/matuska_interface/cmake/matuska_interface__rosidl_typesupport_cppExport.cmake
[0.569s] -- Up-to-date: /home/matus/ros2_ws/install/matuska_interface/share/matuska_interface/cmake/matuska_interface__rosidl_typesupport_cppExport-noconfig.cmake
[0.569s] -- Up-to-date: /home/matus/ros2_ws/install/matuska_interface/share/matuska_interface/cmake/export_matuska_interface__rosidl_generator_pyExport.cmake
[0.570s] -- Up-to-date: /home/matus/ros2_ws/install/matuska_interface/share/matuska_interface/cmake/export_matuska_interface__rosidl_generator_pyExport-noconfig.cmake
[0.570s] -- Up-to-date: /home/matus/ros2_ws/install/matuska_interface/share/matuska_interface/cmake/rosidl_cmake-extras.cmake
[0.570s] -- Up-to-date: /home/matus/ros2_ws/install/matuska_interface/share/matuska_interface/cmake/ament_cmake_export_dependencies-extras.cmake
[0.570s] -- Up-to-date: /home/matus/ros2_ws/install/matuska_interface/share/matuska_interface/cmake/ament_cmake_export_include_directories-extras.cmake
[0.570s] -- Up-to-date: /home/matus/ros2_ws/install/matuska_interface/share/matuska_interface/cmake/ament_cmake_export_libraries-extras.cmake
[0.570s] -- Up-to-date: /home/matus/ros2_ws/install/matuska_interface/share/matuska_interface/cmake/ament_cmake_export_targets-extras.cmake
[0.570s] -- Up-to-date: /home/matus/ros2_ws/install/matuska_interface/share/matuska_interface/cmake/rosidl_cmake_export_typesupport_targets-extras.cmake
[0.570s] -- Up-to-date: /home/matus/ros2_ws/install/matuska_interface/share/matuska_interface/cmake/rosidl_cmake_export_typesupport_libraries-extras.cmake
[0.570s] -- Up-to-date: /home/matus/ros2_ws/install/matuska_interface/share/matuska_interface/cmake/matuska_interfaceConfig.cmake
[0.570s] -- Up-to-date: /home/matus/ros2_ws/install/matuska_interface/share/matuska_interface/cmake/matuska_interfaceConfig-version.cmake
[0.570s] -- Up-to-date: /home/matus/ros2_ws/install/matuska_interface/share/matuska_interface/package.xml
[0.573s] Invoked command in '/home/matus/ros2_ws/build/matuska_interface' returned '0': CMAKE_PREFIX_PATH=${CMAKE_PREFIX_PATH}:/opt/ros/jazzy DEBUGINFOD_URLS=https://debuginfod.ubuntu.com /usr/bin/cmake --install /home/matus/ros2_ws/build/matuska_interface
