[0.011s] Invoking command in '/home/matus/ros2_ws/src/build/block1_matuska': AMENT_PREFIX_PATH=/home/matus/ros2_ws/src/install/rrm_msgs:${AMENT_PREFIX_PATH} CMAKE_PREFIX_PATH=/home/matus/ros2_ws/src/install/rrm_msgs:/home/matus/ros2_ws/install/cviko1:/home/matus/ros2_ws/install/rrm_simple_robot_model:/home/matus/ros2_ws/install/rrm_sim:/home/matus/ros2_ws/install/block1_matuska:/home/matus/ros2_ws/install/rrm_msgs:/home/matus/ros2_ws/install/cv1:/opt/ros/jazzy/opt/gz_math_vendor:/opt/ros/jazzy/opt/gz_utils_vendor:/opt/ros/jazzy/opt/gz_cmake_vendor:/opt/ros/jazzy DEBUGINFOD_URLS=https://debuginfod.ubuntu.com LD_LIBRARY_PATH=/home/matus/ros2_ws/src/install/rrm_msgs/lib:${LD_LIBRARY_PATH} PYTHONPATH=/home/matus/ros2_ws/src/install/rrm_msgs/lib/python3.12/site-packages:${PYTHONPATH} /usr/bin/cmake --build /home/matus/ros2_ws/src/build/block1_matuska -- -j12 -l12
[0.079s] [ 50%] [32mBuilding CXX object CMakeFiles/teleop_node.dir/src/teleop_node.cpp.o[0m
[3.885s] [100%] [32m[1mLinking CXX executable teleop_node[0m
[4.024s] [100%] Built target teleop_node
[4.036s] Invoked command in '/home/matus/ros2_ws/src/build/block1_matuska' returned '0': AMENT_PREFIX_PATH=/home/matus/ros2_ws/src/install/rrm_msgs:${AMENT_PREFIX_PATH} CMAKE_PREFIX_PATH=/home/matus/ros2_ws/src/install/rrm_msgs:/home/matus/ros2_ws/install/cviko1:/home/matus/ros2_ws/install/rrm_simple_robot_model:/home/matus/ros2_ws/install/rrm_sim:/home/matus/ros2_ws/install/block1_matuska:/home/matus/ros2_ws/install/rrm_msgs:/home/matus/ros2_ws/install/cv1:/opt/ros/jazzy/opt/gz_math_vendor:/opt/ros/jazzy/opt/gz_utils_vendor:/opt/ros/jazzy/opt/gz_cmake_vendor:/opt/ros/jazzy DEBUGINFOD_URLS=https://debuginfod.ubuntu.com LD_LIBRARY_PATH=/home/matus/ros2_ws/src/install/rrm_msgs/lib:${LD_LIBRARY_PATH} PYTHONPATH=/home/matus/ros2_ws/src/install/rrm_msgs/lib/python3.12/site-packages:${PYTHONPATH} /usr/bin/cmake --build /home/matus/ros2_ws/src/build/block1_matuska -- -j12 -l12
[4.067s] Invoking command in '/home/matus/ros2_ws/src/build/block1_matuska': AMENT_PREFIX_PATH=/home/matus/ros2_ws/src/install/rrm_msgs:${AMENT_PREFIX_PATH} CMAKE_PREFIX_PATH=/home/matus/ros2_ws/src/install/rrm_msgs:/home/matus/ros2_ws/install/cviko1:/home/matus/ros2_ws/install/rrm_simple_robot_model:/home/matus/ros2_ws/install/rrm_sim:/home/matus/ros2_ws/install/block1_matuska:/home/matus/ros2_ws/install/rrm_msgs:/home/matus/ros2_ws/install/cv1:/opt/ros/jazzy/opt/gz_math_vendor:/opt/ros/jazzy/opt/gz_utils_vendor:/opt/ros/jazzy/opt/gz_cmake_vendor:/opt/ros/jazzy DEBUGINFOD_URLS=https://debuginfod.ubuntu.com LD_LIBRARY_PATH=/home/matus/ros2_ws/src/install/rrm_msgs/lib:${LD_LIBRARY_PATH} PYTHONPATH=/home/matus/ros2_ws/src/install/rrm_msgs/lib/python3.12/site-packages:${PYTHONPATH} /usr/bin/cmake --install /home/matus/ros2_ws/src/build/block1_matuska
[4.074s] -- Install configuration: ""
[4.075s] -- Installing: /home/matus/ros2_ws/src/install/block1_matuska/lib/block1_matuska/teleop_node
[4.076s] -- Set non-toolchain portion of runtime path of "/home/matus/ros2_ws/src/install/block1_matuska/lib/block1_matuska/teleop_node" to ""
[4.076s] -- Up-to-date: /home/matus/ros2_ws/src/install/block1_matuska/share/ament_index/resource_index/package_run_dependencies/block1_matuska
[4.076s] -- Up-to-date: /home/matus/ros2_ws/src/install/block1_matuska/share/ament_index/resource_index/parent_prefix_path/block1_matuska
[4.076s] -- Up-to-date: /home/matus/ros2_ws/src/install/block1_matuska/share/block1_matuska/environment/ament_prefix_path.sh
[4.077s] -- Up-to-date: /home/matus/ros2_ws/src/install/block1_matuska/share/block1_matuska/environment/ament_prefix_path.dsv
[4.077s] -- Up-to-date: /home/matus/ros2_ws/src/install/block1_matuska/share/block1_matuska/environment/path.sh
[4.077s] -- Up-to-date: /home/matus/ros2_ws/src/install/block1_matuska/share/block1_matuska/environment/path.dsv
[4.077s] -- Up-to-date: /home/matus/ros2_ws/src/install/block1_matuska/share/block1_matuska/local_setup.bash
[4.077s] -- Up-to-date: /home/matus/ros2_ws/src/install/block1_matuska/share/block1_matuska/local_setup.sh
[4.077s] -- Up-to-date: /home/matus/ros2_ws/src/install/block1_matuska/share/block1_matuska/local_setup.zsh
[4.077s] -- Up-to-date: /home/matus/ros2_ws/src/install/block1_matuska/share/block1_matuska/local_setup.dsv
[4.077s] -- Installing: /home/matus/ros2_ws/src/install/block1_matuska/share/block1_matuska/package.dsv
[4.078s] -- Up-to-date: /home/matus/ros2_ws/src/install/block1_matuska/share/ament_index/resource_index/packages/block1_matuska
[4.078s] -- Up-to-date: /home/matus/ros2_ws/src/install/block1_matuska/share/block1_matuska/cmake/block1_matuskaConfig.cmake
[4.078s] -- Up-to-date: /home/matus/ros2_ws/src/install/block1_matuska/share/block1_matuska/cmake/block1_matuskaConfig-version.cmake
[4.078s] -- Up-to-date: /home/matus/ros2_ws/src/install/block1_matuska/share/block1_matuska/package.xml
[4.079s] Invoked command in '/home/matus/ros2_ws/src/build/block1_matuska' returned '0': AMENT_PREFIX_PATH=/home/matus/ros2_ws/src/install/rrm_msgs:${AMENT_PREFIX_PATH} CMAKE_PREFIX_PATH=/home/matus/ros2_ws/src/install/rrm_msgs:/home/matus/ros2_ws/install/cviko1:/home/matus/ros2_ws/install/rrm_simple_robot_model:/home/matus/ros2_ws/install/rrm_sim:/home/matus/ros2_ws/install/block1_matuska:/home/matus/ros2_ws/install/rrm_msgs:/home/matus/ros2_ws/install/cv1:/opt/ros/jazzy/opt/gz_math_vendor:/opt/ros/jazzy/opt/gz_utils_vendor:/opt/ros/jazzy/opt/gz_cmake_vendor:/opt/ros/jazzy DEBUGINFOD_URLS=https://debuginfod.ubuntu.com LD_LIBRARY_PATH=/home/matus/ros2_ws/src/install/rrm_msgs/lib:${LD_LIBRARY_PATH} PYTHONPATH=/home/matus/ros2_ws/src/install/rrm_msgs/lib/python3.12/site-packages:${PYTHONPATH} /usr/bin/cmake --install /home/matus/ros2_ws/src/build/block1_matuska
