[0.032s] Invoking command in '/home/matus/ros2_ws/build/abb_irb4600_ikfast': CMAKE_PREFIX_PATH=${CMAKE_PREFIX_PATH}:/opt/ros/jazzy DEBUGINFOD_URLS=https://debuginfod.ubuntu.com /usr/bin/cmake /home/matus/ros2_ws/src/abb_irb4600_ikfast -DCMAKE_INSTALL_PREFIX=/home/matus/ros2_ws/install/abb_irb4600_ikfast
[0.112s] -- The C compiler identification is GNU 13.2.0
[0.207s] -- The CXX compiler identification is GNU 13.2.0
[0.228s] -- Detecting C compiler ABI info
[0.339s] -- Detecting C compiler ABI info - done
[0.346s] -- Check for working C compiler: /usr/bin/cc - skipped
[0.346s] -- Detecting C compile features
[0.346s] -- Detecting C compile features - done
[0.356s] -- Detecting CXX compiler ABI info
[0.457s] -- Detecting CXX compiler ABI info - done
[0.465s] -- Check for working CXX compiler: /usr/bin/c++ - skipped
[0.465s] -- Detecting CXX compile features
[0.465s] -- Detecting CXX compile features - done
[0.469s] -- Found ament_cmake: 2.5.2 (/opt/ros/jazzy/share/ament_cmake/cmake)
[0.618s] -- Found Python3: /usr/bin/python3 (found version "3.12.3") found components: Interpreter 
[0.737s] -- Found ament_lint_auto: 0.17.1 (/opt/ros/jazzy/share/ament_lint_auto/cmake)
[0.859s] -- Added test 'cppcheck' to perform static code analysis on C / C++ code
[0.860s] -- Configured cppcheck include dirs: $<BUILD_INTERFACE:/home/matus/ros2_ws/src/abb_irb4600_ikfast/include>
[0.860s] -- Configured cppcheck exclude dirs and/or files: 
[0.861s] -- Added test 'lint_cmake' to check CMake code style
[0.863s] -- Added test 'uncrustify' to check C / C++ code style
[0.863s] -- Configured uncrustify additional arguments: 
[0.864s] -- Added test 'xmllint' to check XML markup files
[0.867s] -- Configuring done (0.8s)
[0.872s] -- Generating done (0.0s)
[0.873s] -- Build files have been written to: /home/matus/ros2_ws/build/abb_irb4600_ikfast
[0.882s] Invoked command in '/home/matus/ros2_ws/build/abb_irb4600_ikfast' returned '0': CMAKE_PREFIX_PATH=${CMAKE_PREFIX_PATH}:/opt/ros/jazzy DEBUGINFOD_URLS=https://debuginfod.ubuntu.com /usr/bin/cmake /home/matus/ros2_ws/src/abb_irb4600_ikfast -DCMAKE_INSTALL_PREFIX=/home/matus/ros2_ws/install/abb_irb4600_ikfast
[0.883s] Invoking command in '/home/matus/ros2_ws/build/abb_irb4600_ikfast': CMAKE_PREFIX_PATH=${CMAKE_PREFIX_PATH}:/opt/ros/jazzy DEBUGINFOD_URLS=https://debuginfod.ubuntu.com /usr/bin/cmake --build /home/matus/ros2_ws/build/abb_irb4600_ikfast -- -j12 -l12
[0.929s] [ 50%] [32mBuilding CXX object CMakeFiles/abb_irb4600_ikfast.dir/src/abb_irb_4600_ikfast.cpp.o[0m
[4.350s] [100%] [32m[1mLinking CXX static library libabb_irb4600_ikfast.a[0m
[4.441s] [100%] Built target abb_irb4600_ikfast
[4.451s] Invoked command in '/home/matus/ros2_ws/build/abb_irb4600_ikfast' returned '0': CMAKE_PREFIX_PATH=${CMAKE_PREFIX_PATH}:/opt/ros/jazzy DEBUGINFOD_URLS=https://debuginfod.ubuntu.com /usr/bin/cmake --build /home/matus/ros2_ws/build/abb_irb4600_ikfast -- -j12 -l12
[4.475s] Invoking command in '/home/matus/ros2_ws/build/abb_irb4600_ikfast': CMAKE_PREFIX_PATH=${CMAKE_PREFIX_PATH}:/opt/ros/jazzy DEBUGINFOD_URLS=https://debuginfod.ubuntu.com /usr/bin/cmake --install /home/matus/ros2_ws/build/abb_irb4600_ikfast
[4.482s] -- Install configuration: ""
[4.482s] -- Installing: /home/matus/ros2_ws/install/abb_irb4600_ikfast/include/abb_irb4600_ikfast
[4.482s] -- Installing: /home/matus/ros2_ws/install/abb_irb4600_ikfast/include/abb_irb4600_ikfast/abb_irb4600_ikfast
[4.483s] -- Installing: /home/matus/ros2_ws/install/abb_irb4600_ikfast/include/abb_irb4600_ikfast/abb_irb4600_ikfast/abb_irb4600_ikfast.h
[4.483s] -- Installing: /home/matus/ros2_ws/install/abb_irb4600_ikfast/lib/libabb_irb4600_ikfast.a
[4.484s] -- Installing: /home/matus/ros2_ws/install/abb_irb4600_ikfast/share/abb_irb4600_ikfast/environment/library_path.sh
[4.485s] -- Installing: /home/matus/ros2_ws/install/abb_irb4600_ikfast/share/abb_irb4600_ikfast/environment/library_path.dsv
[4.485s] -- Installing: /home/matus/ros2_ws/install/abb_irb4600_ikfast/share/ament_index/resource_index/package_run_dependencies/abb_irb4600_ikfast
[4.485s] -- Installing: /home/matus/ros2_ws/install/abb_irb4600_ikfast/share/ament_index/resource_index/parent_prefix_path/abb_irb4600_ikfast
[4.485s] -- Installing: /home/matus/ros2_ws/install/abb_irb4600_ikfast/share/abb_irb4600_ikfast/environment/ament_prefix_path.sh
[4.485s] -- Installing: /home/matus/ros2_ws/install/abb_irb4600_ikfast/share/abb_irb4600_ikfast/environment/ament_prefix_path.dsv
[4.485s] -- Installing: /home/matus/ros2_ws/install/abb_irb4600_ikfast/share/abb_irb4600_ikfast/environment/path.sh
[4.485s] -- Installing: /home/matus/ros2_ws/install/abb_irb4600_ikfast/share/abb_irb4600_ikfast/environment/path.dsv
[4.486s] -- Installing: /home/matus/ros2_ws/install/abb_irb4600_ikfast/share/abb_irb4600_ikfast/local_setup.bash
[4.486s] -- Installing: /home/matus/ros2_ws/install/abb_irb4600_ikfast/share/abb_irb4600_ikfast/local_setup.sh
[4.486s] -- Installing: /home/matus/ros2_ws/install/abb_irb4600_ikfast/share/abb_irb4600_ikfast/local_setup.zsh
[4.486s] -- Installing: /home/matus/ros2_ws/install/abb_irb4600_ikfast/share/abb_irb4600_ikfast/local_setup.dsv
[4.486s] -- Installing: /home/matus/ros2_ws/install/abb_irb4600_ikfast/share/abb_irb4600_ikfast/package.dsv
[4.486s] -- Installing: /home/matus/ros2_ws/install/abb_irb4600_ikfast/share/ament_index/resource_index/packages/abb_irb4600_ikfast
[4.486s] -- Installing: /home/matus/ros2_ws/install/abb_irb4600_ikfast/share/abb_irb4600_ikfast/cmake/ament_cmake_export_include_directories-extras.cmake
[4.486s] -- Installing: /home/matus/ros2_ws/install/abb_irb4600_ikfast/share/abb_irb4600_ikfast/cmake/ament_cmake_export_libraries-extras.cmake
[4.487s] -- Installing: /home/matus/ros2_ws/install/abb_irb4600_ikfast/share/abb_irb4600_ikfast/cmake/abb_irb4600_ikfastConfig.cmake
[4.487s] -- Installing: /home/matus/ros2_ws/install/abb_irb4600_ikfast/share/abb_irb4600_ikfast/cmake/abb_irb4600_ikfastConfig-version.cmake
[4.487s] -- Installing: /home/matus/ros2_ws/install/abb_irb4600_ikfast/share/abb_irb4600_ikfast/package.xml
[4.489s] Invoked command in '/home/matus/ros2_ws/build/abb_irb4600_ikfast' returned '0': CMAKE_PREFIX_PATH=${CMAKE_PREFIX_PATH}:/opt/ros/jazzy DEBUGINFOD_URLS=https://debuginfod.ubuntu.com /usr/bin/cmake --install /home/matus/ros2_ws/build/abb_irb4600_ikfast
