[0.030s] Invoking command in '/home/matus/ros2_ws/build/rrm_msgs': CMAKE_PREFIX_PATH=${CMAKE_PREFIX_PATH}:/opt/ros/jazzy DEBUGINFOD_URLS=https://debuginfod.ubuntu.com /usr/bin/cmake --build /home/matus/ros2_ws/build/rrm_msgs -- -j12 -l12
[0.089s] [  2%] Built target rrm_msgs__rosidl_generator_type_description
[0.102s] [  2%] Built target ament_cmake_python_copy_rrm_msgs
[0.114s] [  4%] Built target rrm_msgs__cpp
[0.118s] [ 22%] Built target rrm_msgs__rosidl_generator_c
[0.164s] [ 31%] Built target rrm_msgs__rosidl_typesupport_cpp
[0.170s] [ 40%] Built target rrm_msgs__rosidl_typesupport_introspection_c
[0.173s] [ 50%] Built target rrm_msgs__rosidl_typesupport_fastrtps_c
[0.178s] [ 68%] Built target rrm_msgs__rosidl_typesupport_fastrtps_cpp
[0.178s] [ 68%] Built target rrm_msgs__rosidl_typesupport_introspection_cpp
[0.178s] [ 77%] Built target rrm_msgs__rosidl_typesupport_c
[0.203s] [ 77%] Built target rrm_msgs
[0.228s] [ 79%] Built target rrm_msgs__py
[0.258s] [ 86%] Built target rrm_msgs__rosidl_generator_py
[0.286s] [100%] Built target rrm_msgs_s__rosidl_typesupport_fastrtps_c
[0.286s] [100%] Built target rrm_msgs_s__rosidl_typesupport_c
[0.286s] [100%] Built target rrm_msgs_s__rosidl_typesupport_introspection_c
[0.370s] running egg_info
[0.388s] writing rrm_msgs.egg-info/PKG-INFO
[0.389s] writing dependency_links to rrm_msgs.egg-info/dependency_links.txt
[0.389s] writing top-level names to rrm_msgs.egg-info/top_level.txt
[0.442s] reading manifest file 'rrm_msgs.egg-info/SOURCES.txt'
[0.443s] writing manifest file 'rrm_msgs.egg-info/SOURCES.txt'
[0.499s] [100%] Built target ament_cmake_python_build_rrm_msgs_egg
