[0.113s] DEBUG:colcon:Command line arguments: ['/usr/bin/colcon', 'build']
[0.113s] DEBUG:colcon:Parsed command line arguments: Namespace(log_base=None, log_level=None, verb_name='build', build_base='build', install_base='install', merge_install=False, symlink_install=False, test_result_base=None, continue_on_error=False, executor='parallel', parallel_workers=12, event_handlers=None, ignore_user_meta=False, metas=['./colcon.meta'], base_paths=['.'], packages_ignore=None, packages_ignore_regex=None, paths=None, packages_up_to=None, packages_up_to_regex=None, packages_above=None, packages_above_and_dependencies=None, packages_above_depth=None, packages_select_by_dep=None, packages_skip_by_dep=None, packages_skip_up_to=None, packages_select_build_failed=False, packages_skip_build_finished=False, packages_select_test_failures=False, packages_skip_test_passed=False, packages_select=None, packages_skip=None, packages_select_regex=None, packages_skip_regex=None, packages_start=None, packages_end=None, allow_overriding=[], cmake_args=None, cmake_target=None, cmake_target_skip_unavailable=False, cmake_clean_cache=False, cmake_clean_first=False, cmake_force_configure=False, ament_cmake_args=None, catkin_cmake_args=None, catkin_skip_building_tests=False, mixin_files=None, mixin=None, verb_parser=<colcon_mixin.mixin.mixin_argument.MixinArgumentDecorator object at 0x7d42a1186150>, verb_extension=<colcon_core.verb.build.BuildVerb object at 0x7d42a13b9100>, main=<bound method BuildVerb.main of <colcon_core.verb.build.BuildVerb object at 0x7d42a13b9100>>, mixin_verb=('build',))
[0.173s] Level 1:colcon.colcon_core.package_discovery:discover_packages(colcon_meta) check parameters
[0.173s] Level 1:colcon.colcon_core.package_discovery:discover_packages(recursive) check parameters
[0.173s] Level 1:colcon.colcon_core.package_discovery:discover_packages(ignore) check parameters
[0.173s] Level 1:colcon.colcon_core.package_discovery:discover_packages(path) check parameters
[0.173s] Level 1:colcon.colcon_core.package_discovery:discover_packages(colcon_meta) discover
[0.173s] Level 1:colcon.colcon_core.package_discovery:discover_packages(recursive) discover
[0.174s] INFO:colcon.colcon_core.package_discovery:Crawling recursively for packages in '/home/matus/ros2_ws/src'
[0.174s] Level 1:colcon.colcon_core.package_identification:_identify(.) by extensions ['ignore', 'ignore_ament_install']
[0.174s] Level 1:colcon.colcon_core.package_identification:_identify(.) by extension 'ignore'
[0.174s] Level 1:colcon.colcon_core.package_identification:_identify(.) by extension 'ignore_ament_install'
[0.174s] Level 1:colcon.colcon_core.package_identification:_identify(.) by extensions ['colcon_pkg']
[0.174s] Level 1:colcon.colcon_core.package_identification:_identify(.) by extension 'colcon_pkg'
[0.174s] Level 1:colcon.colcon_core.package_identification:_identify(.) by extensions ['colcon_meta']
[0.174s] Level 1:colcon.colcon_core.package_identification:_identify(.) by extension 'colcon_meta'
[0.174s] Level 1:colcon.colcon_core.package_identification:_identify(.) by extensions ['ros']
[0.174s] Level 1:colcon.colcon_core.package_identification:_identify(.) by extension 'ros'
[0.200s] Level 1:colcon.colcon_core.package_identification:_identify(.) by extensions ['cmake', 'python']
[0.200s] Level 1:colcon.colcon_core.package_identification:_identify(.) by extension 'cmake'
[0.200s] Level 1:colcon.colcon_core.package_identification:_identify(.) by extension 'python'
[0.200s] Level 1:colcon.colcon_core.package_identification:_identify(.) by extensions ['python_setup_py']
[0.200s] Level 1:colcon.colcon_core.package_identification:_identify(.) by extension 'python_setup_py'
[0.200s] Level 1:colcon.colcon_core.package_identification:_identify(block1_matuska) by extensions ['ignore', 'ignore_ament_install']
[0.201s] Level 1:colcon.colcon_core.package_identification:_identify(block1_matuska) by extension 'ignore'
[0.201s] Level 1:colcon.colcon_core.package_identification:_identify(block1_matuska) by extension 'ignore_ament_install'
[0.201s] Level 1:colcon.colcon_core.package_identification:_identify(block1_matuska) by extensions ['colcon_pkg']
[0.201s] Level 1:colcon.colcon_core.package_identification:_identify(block1_matuska) by extension 'colcon_pkg'
[0.201s] Level 1:colcon.colcon_core.package_identification:_identify(block1_matuska) by extensions ['colcon_meta']
[0.201s] Level 1:colcon.colcon_core.package_identification:_identify(block1_matuska) by extension 'colcon_meta'
[0.201s] Level 1:colcon.colcon_core.package_identification:_identify(block1_matuska) by extensions ['ros']
[0.201s] Level 1:colcon.colcon_core.package_identification:_identify(block1_matuska) by extension 'ros'
[0.203s] DEBUG:colcon.colcon_core.package_identification:Package 'block1_matuska' with type 'ros.ament_cmake' and name 'block1_matuska'
[0.203s] Level 1:colcon.colcon_core.package_identification:_identify(build) by extensions ['ignore', 'ignore_ament_install']
[0.204s] Level 1:colcon.colcon_core.package_identification:_identify(build) by extension 'ignore'
[0.204s] Level 1:colcon.colcon_core.package_identification:_identify(build) ignored
[0.204s] Level 1:colcon.colcon_core.package_identification:_identify(install) by extensions ['ignore', 'ignore_ament_install']
[0.204s] Level 1:colcon.colcon_core.package_identification:_identify(install) by extension 'ignore'
[0.204s] Level 1:colcon.colcon_core.package_identification:_identify(install) ignored
[0.204s] Level 1:colcon.colcon_core.package_identification:_identify(log) by extensions ['ignore', 'ignore_ament_install']
[0.204s] Level 1:colcon.colcon_core.package_identification:_identify(log) by extension 'ignore'
[0.204s] Level 1:colcon.colcon_core.package_identification:_identify(log) ignored
[0.204s] Level 1:colcon.colcon_core.package_identification:_identify(matuska_interface) by extensions ['ignore', 'ignore_ament_install']
[0.204s] Level 1:colcon.colcon_core.package_identification:_identify(matuska_interface) by extension 'ignore'
[0.204s] Level 1:colcon.colcon_core.package_identification:_identify(matuska_interface) by extension 'ignore_ament_install'
[0.204s] Level 1:colcon.colcon_core.package_identification:_identify(matuska_interface) by extensions ['colcon_pkg']
[0.204s] Level 1:colcon.colcon_core.package_identification:_identify(matuska_interface) by extension 'colcon_pkg'
[0.204s] Level 1:colcon.colcon_core.package_identification:_identify(matuska_interface) by extensions ['colcon_meta']
[0.204s] Level 1:colcon.colcon_core.package_identification:_identify(matuska_interface) by extension 'colcon_meta'
[0.204s] Level 1:colcon.colcon_core.package_identification:_identify(matuska_interface) by extensions ['ros']
[0.204s] Level 1:colcon.colcon_core.package_identification:_identify(matuska_interface) by extension 'ros'
[0.205s] DEBUG:colcon.colcon_core.package_identification:Package 'matuska_interface' with type 'ros.ament_cmake' and name 'matuska_interface'
[0.205s] Level 1:colcon.colcon_core.package_identification:_identify(msg) by extensions ['ignore', 'ignore_ament_install']
[0.205s] Level 1:colcon.colcon_core.package_identification:_identify(msg) by extension 'ignore'
[0.205s] Level 1:colcon.colcon_core.package_identification:_identify(msg) by extension 'ignore_ament_install'
[0.205s] Level 1:colcon.colcon_core.package_identification:_identify(msg) by extensions ['colcon_pkg']
[0.205s] Level 1:colcon.colcon_core.package_identification:_identify(msg) by extension 'colcon_pkg'
[0.205s] Level 1:colcon.colcon_core.package_identification:_identify(msg) by extensions ['colcon_meta']
[0.205s] Level 1:colcon.colcon_core.package_identification:_identify(msg) by extension 'colcon_meta'
[0.205s] Level 1:colcon.colcon_core.package_identification:_identify(msg) by extensions ['ros']
[0.205s] Level 1:colcon.colcon_core.package_identification:_identify(msg) by extension 'ros'
[0.206s] Level 1:colcon.colcon_core.package_identification:_identify(msg) by extensions ['cmake', 'python']
[0.206s] Level 1:colcon.colcon_core.package_identification:_identify(msg) by extension 'cmake'
[0.206s] Level 1:colcon.colcon_core.package_identification:_identify(msg) by extension 'python'
[0.206s] Level 1:colcon.colcon_core.package_identification:_identify(msg) by extensions ['python_setup_py']
[0.206s] Level 1:colcon.colcon_core.package_identification:_identify(msg) by extension 'python_setup_py'
[0.206s] Level 1:colcon.colcon_core.package_identification:_identify(rrm) by extensions ['ignore', 'ignore_ament_install']
[0.206s] Level 1:colcon.colcon_core.package_identification:_identify(rrm) by extension 'ignore'
[0.206s] Level 1:colcon.colcon_core.package_identification:_identify(rrm) by extension 'ignore_ament_install'
[0.206s] Level 1:colcon.colcon_core.package_identification:_identify(rrm) by extensions ['colcon_pkg']
[0.206s] Level 1:colcon.colcon_core.package_identification:_identify(rrm) by extension 'colcon_pkg'
[0.206s] Level 1:colcon.colcon_core.package_identification:_identify(rrm) by extensions ['colcon_meta']
[0.206s] Level 1:colcon.colcon_core.package_identification:_identify(rrm) by extension 'colcon_meta'
[0.206s] Level 1:colcon.colcon_core.package_identification:_identify(rrm) by extensions ['ros']
[0.206s] Level 1:colcon.colcon_core.package_identification:_identify(rrm) by extension 'ros'
[0.206s] Level 1:colcon.colcon_core.package_identification:_identify(rrm) by extensions ['cmake', 'python']
[0.206s] Level 1:colcon.colcon_core.package_identification:_identify(rrm) by extension 'cmake'
[0.206s] Level 1:colcon.colcon_core.package_identification:_identify(rrm) by extension 'python'
[0.206s] Level 1:colcon.colcon_core.package_identification:_identify(rrm) by extensions ['python_setup_py']
[0.206s] Level 1:colcon.colcon_core.package_identification:_identify(rrm) by extension 'python_setup_py'
[0.206s] Level 1:colcon.colcon_core.package_identification:_identify(rrm/rrm_msgs) by extensions ['ignore', 'ignore_ament_install']
[0.206s] Level 1:colcon.colcon_core.package_identification:_identify(rrm/rrm_msgs) by extension 'ignore'
[0.207s] Level 1:colcon.colcon_core.package_identification:_identify(rrm/rrm_msgs) by extension 'ignore_ament_install'
[0.207s] Level 1:colcon.colcon_core.package_identification:_identify(rrm/rrm_msgs) by extensions ['colcon_pkg']
[0.207s] Level 1:colcon.colcon_core.package_identification:_identify(rrm/rrm_msgs) by extension 'colcon_pkg'
[0.207s] Level 1:colcon.colcon_core.package_identification:_identify(rrm/rrm_msgs) by extensions ['colcon_meta']
[0.207s] Level 1:colcon.colcon_core.package_identification:_identify(rrm/rrm_msgs) by extension 'colcon_meta'
[0.207s] Level 1:colcon.colcon_core.package_identification:_identify(rrm/rrm_msgs) by extensions ['ros']
[0.207s] Level 1:colcon.colcon_core.package_identification:_identify(rrm/rrm_msgs) by extension 'ros'
[0.207s] DEBUG:colcon.colcon_core.package_identification:Package 'rrm/rrm_msgs' with type 'ros.ament_cmake' and name 'rrm_msgs'
[0.207s] Level 1:colcon.colcon_core.package_identification:_identify(rrm/rrm_sim) by extensions ['ignore', 'ignore_ament_install']
[0.207s] Level 1:colcon.colcon_core.package_identification:_identify(rrm/rrm_sim) by extension 'ignore'
[0.207s] Level 1:colcon.colcon_core.package_identification:_identify(rrm/rrm_sim) by extension 'ignore_ament_install'
[0.207s] Level 1:colcon.colcon_core.package_identification:_identify(rrm/rrm_sim) by extensions ['colcon_pkg']
[0.207s] Level 1:colcon.colcon_core.package_identification:_identify(rrm/rrm_sim) by extension 'colcon_pkg'
[0.208s] Level 1:colcon.colcon_core.package_identification:_identify(rrm/rrm_sim) by extensions ['colcon_meta']
[0.208s] Level 1:colcon.colcon_core.package_identification:_identify(rrm/rrm_sim) by extension 'colcon_meta'
[0.208s] Level 1:colcon.colcon_core.package_identification:_identify(rrm/rrm_sim) by extensions ['ros']
[0.208s] Level 1:colcon.colcon_core.package_identification:_identify(rrm/rrm_sim) by extension 'ros'
[0.208s] DEBUG:colcon.colcon_core.package_identification:Package 'rrm/rrm_sim' with type 'ros.ament_cmake' and name 'rrm_sim'
[0.208s] Level 1:colcon.colcon_core.package_identification:_identify(rrm/rrm_simple_robot_model) by extensions ['ignore', 'ignore_ament_install']
[0.208s] Level 1:colcon.colcon_core.package_identification:_identify(rrm/rrm_simple_robot_model) by extension 'ignore'
[0.209s] Level 1:colcon.colcon_core.package_identification:_identify(rrm/rrm_simple_robot_model) by extension 'ignore_ament_install'
[0.209s] Level 1:colcon.colcon_core.package_identification:_identify(rrm/rrm_simple_robot_model) by extensions ['colcon_pkg']
[0.209s] Level 1:colcon.colcon_core.package_identification:_identify(rrm/rrm_simple_robot_model) by extension 'colcon_pkg'
[0.209s] Level 1:colcon.colcon_core.package_identification:_identify(rrm/rrm_simple_robot_model) by extensions ['colcon_meta']
[0.209s] Level 1:colcon.colcon_core.package_identification:_identify(rrm/rrm_simple_robot_model) by extension 'colcon_meta'
[0.209s] Level 1:colcon.colcon_core.package_identification:_identify(rrm/rrm_simple_robot_model) by extensions ['ros']
[0.209s] Level 1:colcon.colcon_core.package_identification:_identify(rrm/rrm_simple_robot_model) by extension 'ros'
[0.209s] DEBUG:colcon.colcon_core.package_identification:Package 'rrm/rrm_simple_robot_model' with type 'ros.ament_cmake' and name 'rrm_simple_robot_model'
[0.209s] Level 1:colcon.colcon_core.package_identification:_identify(srv) by extensions ['ignore', 'ignore_ament_install']
[0.209s] Level 1:colcon.colcon_core.package_identification:_identify(srv) by extension 'ignore'
[0.209s] Level 1:colcon.colcon_core.package_identification:_identify(srv) by extension 'ignore_ament_install'
[0.210s] Level 1:colcon.colcon_core.package_identification:_identify(srv) by extensions ['colcon_pkg']
[0.210s] Level 1:colcon.colcon_core.package_identification:_identify(srv) by extension 'colcon_pkg'
[0.210s] Level 1:colcon.colcon_core.package_identification:_identify(srv) by extensions ['colcon_meta']
[0.210s] Level 1:colcon.colcon_core.package_identification:_identify(srv) by extension 'colcon_meta'
[0.210s] Level 1:colcon.colcon_core.package_identification:_identify(srv) by extensions ['ros']
[0.210s] Level 1:colcon.colcon_core.package_identification:_identify(srv) by extension 'ros'
[0.210s] Level 1:colcon.colcon_core.package_identification:_identify(srv) by extensions ['cmake', 'python']
[0.210s] Level 1:colcon.colcon_core.package_identification:_identify(srv) by extension 'cmake'
[0.210s] Level 1:colcon.colcon_core.package_identification:_identify(srv) by extension 'python'
[0.210s] Level 1:colcon.colcon_core.package_identification:_identify(srv) by extensions ['python_setup_py']
[0.210s] Level 1:colcon.colcon_core.package_identification:_identify(srv) by extension 'python_setup_py'
[0.210s] Level 1:colcon.colcon_core.package_discovery:discover_packages(recursive) using defaults
[0.210s] Level 1:colcon.colcon_core.package_discovery:discover_packages(ignore) discover
[0.210s] Level 1:colcon.colcon_core.package_discovery:discover_packages(ignore) using defaults
[0.210s] Level 1:colcon.colcon_core.package_discovery:discover_packages(path) discover
[0.210s] Level 1:colcon.colcon_core.package_discovery:discover_packages(path) using defaults
[0.228s] Level 1:colcon.colcon_core.package_discovery:discover_packages(prefix_path) check parameters
[0.228s] Level 1:colcon.colcon_core.package_discovery:discover_packages(prefix_path) discover
[0.230s] DEBUG:colcon.colcon_installed_package_information.package_discovery:Found 6 installed packages in /home/matus/ros2_ws/install
[0.232s] DEBUG:colcon.colcon_installed_package_information.package_discovery:Found 285 installed packages in /opt/ros/jazzy
[0.233s] Level 1:colcon.colcon_core.package_discovery:discover_packages(prefix_path) using defaults
[0.277s] Level 5:colcon.colcon_core.verb:set package 'matuska_interface' build argument 'cmake_args' from command line to 'None'
[0.277s] Level 5:colcon.colcon_core.verb:set package 'matuska_interface' build argument 'cmake_target' from command line to 'None'
[0.277s] Level 5:colcon.colcon_core.verb:set package 'matuska_interface' build argument 'cmake_target_skip_unavailable' from command line to 'False'
[0.277s] Level 5:colcon.colcon_core.verb:set package 'matuska_interface' build argument 'cmake_clean_cache' from command line to 'False'
[0.277s] Level 5:colcon.colcon_core.verb:set package 'matuska_interface' build argument 'cmake_clean_first' from command line to 'False'
[0.277s] Level 5:colcon.colcon_core.verb:set package 'matuska_interface' build argument 'cmake_force_configure' from command line to 'False'
[0.277s] Level 5:colcon.colcon_core.verb:set package 'matuska_interface' build argument 'ament_cmake_args' from command line to 'None'
[0.277s] Level 5:colcon.colcon_core.verb:set package 'matuska_interface' build argument 'catkin_cmake_args' from command line to 'None'
[0.277s] Level 5:colcon.colcon_core.verb:set package 'matuska_interface' build argument 'catkin_skip_building_tests' from command line to 'False'
[0.277s] DEBUG:colcon.colcon_core.verb:Building package 'matuska_interface' with the following arguments: {'ament_cmake_args': None, 'build_base': '/home/matus/ros2_ws/src/build/matuska_interface', 'catkin_cmake_args': None, 'catkin_skip_building_tests': False, 'cmake_args': None, 'cmake_clean_cache': False, 'cmake_clean_first': False, 'cmake_force_configure': False, 'cmake_target': None, 'cmake_target_skip_unavailable': False, 'install_base': '/home/matus/ros2_ws/src/install/matuska_interface', 'merge_install': False, 'path': '/home/matus/ros2_ws/src/matuska_interface', 'symlink_install': False, 'test_result_base': None}
[0.277s] Level 5:colcon.colcon_core.verb:set package 'rrm_msgs' build argument 'cmake_args' from command line to 'None'
[0.277s] Level 5:colcon.colcon_core.verb:set package 'rrm_msgs' build argument 'cmake_target' from command line to 'None'
[0.277s] Level 5:colcon.colcon_core.verb:set package 'rrm_msgs' build argument 'cmake_target_skip_unavailable' from command line to 'False'
[0.277s] Level 5:colcon.colcon_core.verb:set package 'rrm_msgs' build argument 'cmake_clean_cache' from command line to 'False'
[0.277s] Level 5:colcon.colcon_core.verb:set package 'rrm_msgs' build argument 'cmake_clean_first' from command line to 'False'
[0.277s] Level 5:colcon.colcon_core.verb:set package 'rrm_msgs' build argument 'cmake_force_configure' from command line to 'False'
[0.277s] Level 5:colcon.colcon_core.verb:set package 'rrm_msgs' build argument 'ament_cmake_args' from command line to 'None'
[0.277s] Level 5:colcon.colcon_core.verb:set package 'rrm_msgs' build argument 'catkin_cmake_args' from command line to 'None'
[0.277s] Level 5:colcon.colcon_core.verb:set package 'rrm_msgs' build argument 'catkin_skip_building_tests' from command line to 'False'
[0.277s] DEBUG:colcon.colcon_core.verb:Building package 'rrm_msgs' with the following arguments: {'ament_cmake_args': None, 'build_base': '/home/matus/ros2_ws/src/build/rrm_msgs', 'catkin_cmake_args': None, 'catkin_skip_building_tests': False, 'cmake_args': None, 'cmake_clean_cache': False, 'cmake_clean_first': False, 'cmake_force_configure': False, 'cmake_target': None, 'cmake_target_skip_unavailable': False, 'install_base': '/home/matus/ros2_ws/src/install/rrm_msgs', 'merge_install': False, 'path': '/home/matus/ros2_ws/src/rrm/rrm_msgs', 'symlink_install': False, 'test_result_base': None}
[0.278s] Level 5:colcon.colcon_core.verb:set package 'rrm_simple_robot_model' build argument 'cmake_args' from command line to 'None'
[0.278s] Level 5:colcon.colcon_core.verb:set package 'rrm_simple_robot_model' build argument 'cmake_target' from command line to 'None'
[0.278s] Level 5:colcon.colcon_core.verb:set package 'rrm_simple_robot_model' build argument 'cmake_target_skip_unavailable' from command line to 'False'
[0.278s] Level 5:colcon.colcon_core.verb:set package 'rrm_simple_robot_model' build argument 'cmake_clean_cache' from command line to 'False'
[0.278s] Level 5:colcon.colcon_core.verb:set package 'rrm_simple_robot_model' build argument 'cmake_clean_first' from command line to 'False'
[0.278s] Level 5:colcon.colcon_core.verb:set package 'rrm_simple_robot_model' build argument 'cmake_force_configure' from command line to 'False'
[0.278s] Level 5:colcon.colcon_core.verb:set package 'rrm_simple_robot_model' build argument 'ament_cmake_args' from command line to 'None'
[0.278s] Level 5:colcon.colcon_core.verb:set package 'rrm_simple_robot_model' build argument 'catkin_cmake_args' from command line to 'None'
[0.278s] Level 5:colcon.colcon_core.verb:set package 'rrm_simple_robot_model' build argument 'catkin_skip_building_tests' from command line to 'False'
[0.278s] DEBUG:colcon.colcon_core.verb:Building package 'rrm_simple_robot_model' with the following arguments: {'ament_cmake_args': None, 'build_base': '/home/matus/ros2_ws/src/build/rrm_simple_robot_model', 'catkin_cmake_args': None, 'catkin_skip_building_tests': False, 'cmake_args': None, 'cmake_clean_cache': False, 'cmake_clean_first': False, 'cmake_force_configure': False, 'cmake_target': None, 'cmake_target_skip_unavailable': False, 'install_base': '/home/matus/ros2_ws/src/install/rrm_simple_robot_model', 'merge_install': False, 'path': '/home/matus/ros2_ws/src/rrm/rrm_simple_robot_model', 'symlink_install': False, 'test_result_base': None}
[0.278s] Level 5:colcon.colcon_core.verb:set package 'block1_matuska' build argument 'cmake_args' from command line to 'None'
[0.278s] Level 5:colcon.colcon_core.verb:set package 'block1_matuska' build argument 'cmake_target' from command line to 'None'
[0.278s] Level 5:colcon.colcon_core.verb:set package 'block1_matuska' build argument 'cmake_target_skip_unavailable' from command line to 'False'
[0.278s] Level 5:colcon.colcon_core.verb:set package 'block1_matuska' build argument 'cmake_clean_cache' from command line to 'False'
[0.278s] Level 5:colcon.colcon_core.verb:set package 'block1_matuska' build argument 'cmake_clean_first' from command line to 'False'
[0.278s] Level 5:colcon.colcon_core.verb:set package 'block1_matuska' build argument 'cmake_force_configure' from command line to 'False'
[0.278s] Level 5:colcon.colcon_core.verb:set package 'block1_matuska' build argument 'ament_cmake_args' from command line to 'None'
[0.278s] Level 5:colcon.colcon_core.verb:set package 'block1_matuska' build argument 'catkin_cmake_args' from command line to 'None'
[0.278s] Level 5:colcon.colcon_core.verb:set package 'block1_matuska' build argument 'catkin_skip_building_tests' from command line to 'False'
[0.278s] DEBUG:colcon.colcon_core.verb:Building package 'block1_matuska' with the following arguments: {'ament_cmake_args': None, 'build_base': '/home/matus/ros2_ws/src/build/block1_matuska', 'catkin_cmake_args': None, 'catkin_skip_building_tests': False, 'cmake_args': None, 'cmake_clean_cache': False, 'cmake_clean_first': False, 'cmake_force_configure': False, 'cmake_target': None, 'cmake_target_skip_unavailable': False, 'install_base': '/home/matus/ros2_ws/src/install/block1_matuska', 'merge_install': False, 'path': '/home/matus/ros2_ws/src/block1_matuska', 'symlink_install': False, 'test_result_base': None}
[0.279s] Level 5:colcon.colcon_core.verb:set package 'rrm_sim' build argument 'cmake_args' from command line to 'None'
[0.279s] Level 5:colcon.colcon_core.verb:set package 'rrm_sim' build argument 'cmake_target' from command line to 'None'
[0.279s] Level 5:colcon.colcon_core.verb:set package 'rrm_sim' build argument 'cmake_target_skip_unavailable' from command line to 'False'
[0.279s] Level 5:colcon.colcon_core.verb:set package 'rrm_sim' build argument 'cmake_clean_cache' from command line to 'False'
[0.279s] Level 5:colcon.colcon_core.verb:set package 'rrm_sim' build argument 'cmake_clean_first' from command line to 'False'
[0.279s] Level 5:colcon.colcon_core.verb:set package 'rrm_sim' build argument 'cmake_force_configure' from command line to 'False'
[0.279s] Level 5:colcon.colcon_core.verb:set package 'rrm_sim' build argument 'ament_cmake_args' from command line to 'None'
[0.279s] Level 5:colcon.colcon_core.verb:set package 'rrm_sim' build argument 'catkin_cmake_args' from command line to 'None'
[0.279s] Level 5:colcon.colcon_core.verb:set package 'rrm_sim' build argument 'catkin_skip_building_tests' from command line to 'False'
[0.279s] DEBUG:colcon.colcon_core.verb:Building package 'rrm_sim' with the following arguments: {'ament_cmake_args': None, 'build_base': '/home/matus/ros2_ws/src/build/rrm_sim', 'catkin_cmake_args': None, 'catkin_skip_building_tests': False, 'cmake_args': None, 'cmake_clean_cache': False, 'cmake_clean_first': False, 'cmake_force_configure': False, 'cmake_target': None, 'cmake_target_skip_unavailable': False, 'install_base': '/home/matus/ros2_ws/src/install/rrm_sim', 'merge_install': False, 'path': '/home/matus/ros2_ws/src/rrm/rrm_sim', 'symlink_install': False, 'test_result_base': None}
[0.279s] INFO:colcon.colcon_core.executor:Executing jobs using 'parallel' executor
[0.280s] DEBUG:colcon.colcon_parallel_executor.executor.parallel:run_until_complete
[0.280s] INFO:colcon.colcon_ros.task.ament_cmake.build:Building ROS package in '/home/matus/ros2_ws/src/rrm/rrm_msgs' with build type 'ament_cmake'
[0.280s] INFO:colcon.colcon_cmake.task.cmake.build:Building CMake package in '/home/matus/ros2_ws/src/rrm/rrm_msgs'
[0.282s] INFO:colcon.colcon_core.plugin_system:Skipping extension 'colcon_core.shell.bat': Not used on non-Windows systems
[0.282s] INFO:colcon.colcon_core.shell:Skip shell extension 'powershell' for command environment: Not usable outside of PowerShell
[0.282s] DEBUG:colcon.colcon_core.shell:Skip shell extension 'dsv' for command environment
[0.295s] INFO:colcon.colcon_ros.task.ament_cmake.build:Building ROS package in '/home/matus/ros2_ws/src/matuska_interface' with build type 'ament_cmake'
[0.295s] INFO:colcon.colcon_cmake.task.cmake.build:Building CMake package in '/home/matus/ros2_ws/src/matuska_interface'
[0.295s] INFO:colcon.colcon_core.shell:Skip shell extension 'powershell' for command environment: Not usable outside of PowerShell
[0.296s] DEBUG:colcon.colcon_core.shell:Skip shell extension 'dsv' for command environment
[0.299s] INFO:colcon.colcon_ros.task.ament_cmake.build:Building ROS package in '/home/matus/ros2_ws/src/rrm/rrm_simple_robot_model' with build type 'ament_cmake'
[0.299s] INFO:colcon.colcon_cmake.task.cmake.build:Building CMake package in '/home/matus/ros2_ws/src/rrm/rrm_simple_robot_model'
[0.300s] INFO:colcon.colcon_core.shell:Skip shell extension 'powershell' for command environment: Not usable outside of PowerShell
[0.300s] DEBUG:colcon.colcon_core.shell:Skip shell extension 'dsv' for command environment
[0.310s] DEBUG:colcon.colcon_core.event_handler.log_command:Invoking command in '/home/matus/ros2_ws/src/build/rrm_msgs': CMAKE_PREFIX_PATH=${CMAKE_PREFIX_PATH}:/opt/ros/jazzy DEBUGINFOD_URLS=https://debuginfod.ubuntu.com /usr/bin/cmake --build /home/matus/ros2_ws/src/build/rrm_msgs -- -j12 -l12
[0.311s] DEBUG:colcon.colcon_core.event_handler.log_command:Invoking command in '/home/matus/ros2_ws/src/build/matuska_interface': CMAKE_PREFIX_PATH=${CMAKE_PREFIX_PATH}:/opt/ros/jazzy DEBUGINFOD_URLS=https://debuginfod.ubuntu.com /usr/bin/cmake /home/matus/ros2_ws/src/matuska_interface -DCMAKE_INSTALL_PREFIX=/home/matus/ros2_ws/src/install/matuska_interface
[0.315s] DEBUG:colcon.colcon_core.event_handler.log_command:Invoking command in '/home/matus/ros2_ws/src/build/rrm_simple_robot_model': CMAKE_PREFIX_PATH=${CMAKE_PREFIX_PATH}:/opt/ros/jazzy DEBUGINFOD_URLS=https://debuginfod.ubuntu.com /usr/bin/cmake --build /home/matus/ros2_ws/src/build/rrm_simple_robot_model -- -j12 -l12
[0.363s] DEBUG:colcon.colcon_core.event_handler.log_command:Invoked command in '/home/matus/ros2_ws/src/build/rrm_simple_robot_model' returned '0': CMAKE_PREFIX_PATH=${CMAKE_PREFIX_PATH}:/opt/ros/jazzy DEBUGINFOD_URLS=https://debuginfod.ubuntu.com /usr/bin/cmake --build /home/matus/ros2_ws/src/build/rrm_simple_robot_model -- -j12 -l12
[0.399s] DEBUG:colcon.colcon_core.event_handler.log_command:Invoking command in '/home/matus/ros2_ws/src/build/rrm_simple_robot_model': CMAKE_PREFIX_PATH=${CMAKE_PREFIX_PATH}:/opt/ros/jazzy DEBUGINFOD_URLS=https://debuginfod.ubuntu.com /usr/bin/cmake --install /home/matus/ros2_ws/src/build/rrm_simple_robot_model
[0.415s] Level 1:colcon.colcon_core.environment:create_environment_scripts_only(rrm_simple_robot_model)
[0.415s] DEBUG:colcon.colcon_core.event_handler.log_command:Invoked command in '/home/matus/ros2_ws/src/build/rrm_simple_robot_model' returned '0': CMAKE_PREFIX_PATH=${CMAKE_PREFIX_PATH}:/opt/ros/jazzy DEBUGINFOD_URLS=https://debuginfod.ubuntu.com /usr/bin/cmake --install /home/matus/ros2_ws/src/build/rrm_simple_robot_model
[0.418s] Level 1:colcon.colcon_core.environment:checking '/home/matus/ros2_ws/src/install/rrm_simple_robot_model' for CMake module files
[0.419s] Level 1:colcon.colcon_core.environment:checking '/home/matus/ros2_ws/src/install/rrm_simple_robot_model' for CMake config files
[0.420s] Level 1:colcon.colcon_core.shell:create_environment_hook('rrm_simple_robot_model', 'cmake_prefix_path')
[0.420s] INFO:colcon.colcon_core.shell:Creating environment hook '/home/matus/ros2_ws/src/install/rrm_simple_robot_model/share/rrm_simple_robot_model/hook/cmake_prefix_path.ps1'
[0.421s] INFO:colcon.colcon_core.shell:Creating environment descriptor '/home/matus/ros2_ws/src/install/rrm_simple_robot_model/share/rrm_simple_robot_model/hook/cmake_prefix_path.dsv'
[0.421s] INFO:colcon.colcon_core.shell:Creating environment hook '/home/matus/ros2_ws/src/install/rrm_simple_robot_model/share/rrm_simple_robot_model/hook/cmake_prefix_path.sh'
[0.422s] Level 1:colcon.colcon_core.environment:checking '/home/matus/ros2_ws/src/install/rrm_simple_robot_model/bin'
[0.422s] Level 1:colcon.colcon_core.environment:checking '/home/matus/ros2_ws/src/install/rrm_simple_robot_model/lib/pkgconfig/rrm_simple_robot_model.pc'
[0.423s] Level 1:colcon.colcon_core.environment:checking '/home/matus/ros2_ws/src/install/rrm_simple_robot_model/lib/python3.12/site-packages'
[0.423s] Level 1:colcon.colcon_core.environment:checking '/home/matus/ros2_ws/src/install/rrm_simple_robot_model/bin'
[0.423s] INFO:colcon.colcon_core.shell:Creating package script '/home/matus/ros2_ws/src/install/rrm_simple_robot_model/share/rrm_simple_robot_model/package.ps1'
[0.424s] INFO:colcon.colcon_core.shell:Creating package descriptor '/home/matus/ros2_ws/src/install/rrm_simple_robot_model/share/rrm_simple_robot_model/package.dsv'
[0.425s] INFO:colcon.colcon_core.shell:Creating package script '/home/matus/ros2_ws/src/install/rrm_simple_robot_model/share/rrm_simple_robot_model/package.sh'
[0.425s] INFO:colcon.colcon_core.shell:Creating package script '/home/matus/ros2_ws/src/install/rrm_simple_robot_model/share/rrm_simple_robot_model/package.bash'
[0.426s] INFO:colcon.colcon_core.shell:Creating package script '/home/matus/ros2_ws/src/install/rrm_simple_robot_model/share/rrm_simple_robot_model/package.zsh'
[0.427s] Level 1:colcon.colcon_core.environment:create_file_with_runtime_dependencies(/home/matus/ros2_ws/src/install/rrm_simple_robot_model/share/colcon-core/packages/rrm_simple_robot_model)
[0.454s] Level 1:colcon.colcon_core.environment:create_environment_scripts_only(rrm_simple_robot_model)
[0.454s] Level 1:colcon.colcon_core.environment:checking '/home/matus/ros2_ws/src/install/rrm_simple_robot_model' for CMake module files
[0.454s] Level 1:colcon.colcon_core.environment:checking '/home/matus/ros2_ws/src/install/rrm_simple_robot_model' for CMake config files
[0.455s] Level 1:colcon.colcon_core.shell:create_environment_hook('rrm_simple_robot_model', 'cmake_prefix_path')
[0.455s] INFO:colcon.colcon_core.shell:Creating environment hook '/home/matus/ros2_ws/src/install/rrm_simple_robot_model/share/rrm_simple_robot_model/hook/cmake_prefix_path.ps1'
[0.455s] INFO:colcon.colcon_core.shell:Creating environment descriptor '/home/matus/ros2_ws/src/install/rrm_simple_robot_model/share/rrm_simple_robot_model/hook/cmake_prefix_path.dsv'
[0.456s] INFO:colcon.colcon_core.shell:Creating environment hook '/home/matus/ros2_ws/src/install/rrm_simple_robot_model/share/rrm_simple_robot_model/hook/cmake_prefix_path.sh'
[0.456s] Level 1:colcon.colcon_core.environment:checking '/home/matus/ros2_ws/src/install/rrm_simple_robot_model/bin'
[0.456s] Level 1:colcon.colcon_core.environment:checking '/home/matus/ros2_ws/src/install/rrm_simple_robot_model/lib/pkgconfig/rrm_simple_robot_model.pc'
[0.457s] Level 1:colcon.colcon_core.environment:checking '/home/matus/ros2_ws/src/install/rrm_simple_robot_model/lib/python3.12/site-packages'
[0.457s] Level 1:colcon.colcon_core.environment:checking '/home/matus/ros2_ws/src/install/rrm_simple_robot_model/bin'
[0.457s] INFO:colcon.colcon_core.shell:Creating package script '/home/matus/ros2_ws/src/install/rrm_simple_robot_model/share/rrm_simple_robot_model/package.ps1'
[0.457s] INFO:colcon.colcon_core.shell:Creating package descriptor '/home/matus/ros2_ws/src/install/rrm_simple_robot_model/share/rrm_simple_robot_model/package.dsv'
[0.458s] INFO:colcon.colcon_core.shell:Creating package script '/home/matus/ros2_ws/src/install/rrm_simple_robot_model/share/rrm_simple_robot_model/package.sh'
[0.458s] INFO:colcon.colcon_core.shell:Creating package script '/home/matus/ros2_ws/src/install/rrm_simple_robot_model/share/rrm_simple_robot_model/package.bash'
[0.459s] INFO:colcon.colcon_core.shell:Creating package script '/home/matus/ros2_ws/src/install/rrm_simple_robot_model/share/rrm_simple_robot_model/package.zsh'
[0.459s] Level 1:colcon.colcon_core.environment:create_file_with_runtime_dependencies(/home/matus/ros2_ws/src/install/rrm_simple_robot_model/share/colcon-core/packages/rrm_simple_robot_model)
[0.778s] DEBUG:colcon.colcon_core.event_handler.log_command:Invoked command in '/home/matus/ros2_ws/src/build/rrm_msgs' returned '0': CMAKE_PREFIX_PATH=${CMAKE_PREFIX_PATH}:/opt/ros/jazzy DEBUGINFOD_URLS=https://debuginfod.ubuntu.com /usr/bin/cmake --build /home/matus/ros2_ws/src/build/rrm_msgs -- -j12 -l12
[0.888s] DEBUG:colcon.colcon_core.event_handler.log_command:Invoking command in '/home/matus/ros2_ws/src/build/rrm_msgs': CMAKE_PREFIX_PATH=${CMAKE_PREFIX_PATH}:/opt/ros/jazzy DEBUGINFOD_URLS=https://debuginfod.ubuntu.com /usr/bin/cmake --install /home/matus/ros2_ws/src/build/rrm_msgs
[0.976s] Level 1:colcon.colcon_core.environment:create_environment_scripts_only(rrm_msgs)
[0.976s] DEBUG:colcon.colcon_core.event_handler.log_command:Invoked command in '/home/matus/ros2_ws/src/build/rrm_msgs' returned '0': CMAKE_PREFIX_PATH=${CMAKE_PREFIX_PATH}:/opt/ros/jazzy DEBUGINFOD_URLS=https://debuginfod.ubuntu.com /usr/bin/cmake --install /home/matus/ros2_ws/src/build/rrm_msgs
[0.977s] Level 1:colcon.colcon_core.environment:checking '/home/matus/ros2_ws/src/install/rrm_msgs' for CMake module files
[0.977s] Level 1:colcon.colcon_core.environment:checking '/home/matus/ros2_ws/src/install/rrm_msgs' for CMake config files
[0.978s] Level 1:colcon.colcon_core.shell:create_environment_hook('rrm_msgs', 'cmake_prefix_path')
[0.978s] INFO:colcon.colcon_core.shell:Creating environment hook '/home/matus/ros2_ws/src/install/rrm_msgs/share/rrm_msgs/hook/cmake_prefix_path.ps1'
[0.978s] INFO:colcon.colcon_core.shell:Creating environment descriptor '/home/matus/ros2_ws/src/install/rrm_msgs/share/rrm_msgs/hook/cmake_prefix_path.dsv'
[0.979s] INFO:colcon.colcon_core.shell:Creating environment hook '/home/matus/ros2_ws/src/install/rrm_msgs/share/rrm_msgs/hook/cmake_prefix_path.sh'
[0.979s] Level 1:colcon.colcon_core.environment:checking '/home/matus/ros2_ws/src/install/rrm_msgs/lib'
[0.979s] Level 1:colcon.colcon_core.shell:create_environment_hook('rrm_msgs', 'ld_library_path_lib')
[0.979s] INFO:colcon.colcon_core.shell:Creating environment hook '/home/matus/ros2_ws/src/install/rrm_msgs/share/rrm_msgs/hook/ld_library_path_lib.ps1'
[0.980s] INFO:colcon.colcon_core.shell:Creating environment descriptor '/home/matus/ros2_ws/src/install/rrm_msgs/share/rrm_msgs/hook/ld_library_path_lib.dsv'
[0.980s] INFO:colcon.colcon_core.shell:Creating environment hook '/home/matus/ros2_ws/src/install/rrm_msgs/share/rrm_msgs/hook/ld_library_path_lib.sh'
[0.980s] Level 1:colcon.colcon_core.environment:checking '/home/matus/ros2_ws/src/install/rrm_msgs/bin'
[0.980s] Level 1:colcon.colcon_core.environment:checking '/home/matus/ros2_ws/src/install/rrm_msgs/lib/pkgconfig/rrm_msgs.pc'
[0.981s] Level 1:colcon.colcon_core.environment:checking '/home/matus/ros2_ws/src/install/rrm_msgs/lib/python3.12/site-packages'
[0.981s] Level 1:colcon.colcon_core.shell:create_environment_hook('rrm_msgs', 'pythonpath')
[0.981s] INFO:colcon.colcon_core.shell:Creating environment hook '/home/matus/ros2_ws/src/install/rrm_msgs/share/rrm_msgs/hook/pythonpath.ps1'
[0.981s] INFO:colcon.colcon_core.shell:Creating environment descriptor '/home/matus/ros2_ws/src/install/rrm_msgs/share/rrm_msgs/hook/pythonpath.dsv'
[0.981s] INFO:colcon.colcon_core.shell:Creating environment hook '/home/matus/ros2_ws/src/install/rrm_msgs/share/rrm_msgs/hook/pythonpath.sh'
[0.982s] Level 1:colcon.colcon_core.environment:checking '/home/matus/ros2_ws/src/install/rrm_msgs/bin'
[0.982s] INFO:colcon.colcon_core.shell:Creating package script '/home/matus/ros2_ws/src/install/rrm_msgs/share/rrm_msgs/package.ps1'
[0.982s] INFO:colcon.colcon_core.shell:Creating package descriptor '/home/matus/ros2_ws/src/install/rrm_msgs/share/rrm_msgs/package.dsv'
[0.983s] INFO:colcon.colcon_core.shell:Creating package script '/home/matus/ros2_ws/src/install/rrm_msgs/share/rrm_msgs/package.sh'
[0.983s] INFO:colcon.colcon_core.shell:Creating package script '/home/matus/ros2_ws/src/install/rrm_msgs/share/rrm_msgs/package.bash'
[0.983s] INFO:colcon.colcon_core.shell:Creating package script '/home/matus/ros2_ws/src/install/rrm_msgs/share/rrm_msgs/package.zsh'
[0.984s] Level 1:colcon.colcon_core.environment:create_file_with_runtime_dependencies(/home/matus/ros2_ws/src/install/rrm_msgs/share/colcon-core/packages/rrm_msgs)
[1.067s] Level 1:colcon.colcon_core.environment:create_environment_scripts_only(rrm_msgs)
[1.068s] Level 1:colcon.colcon_core.environment:checking '/home/matus/ros2_ws/src/install/rrm_msgs' for CMake module files
[1.068s] Level 1:colcon.colcon_core.environment:checking '/home/matus/ros2_ws/src/install/rrm_msgs' for CMake config files
[1.069s] Level 1:colcon.colcon_core.shell:create_environment_hook('rrm_msgs', 'cmake_prefix_path')
[1.069s] INFO:colcon.colcon_core.shell:Creating environment hook '/home/matus/ros2_ws/src/install/rrm_msgs/share/rrm_msgs/hook/cmake_prefix_path.ps1'
[1.069s] INFO:colcon.colcon_core.shell:Creating environment descriptor '/home/matus/ros2_ws/src/install/rrm_msgs/share/rrm_msgs/hook/cmake_prefix_path.dsv'
[1.069s] INFO:colcon.colcon_core.shell:Creating environment hook '/home/matus/ros2_ws/src/install/rrm_msgs/share/rrm_msgs/hook/cmake_prefix_path.sh'
[1.070s] Level 1:colcon.colcon_core.environment:checking '/home/matus/ros2_ws/src/install/rrm_msgs/lib'
[1.070s] Level 1:colcon.colcon_core.shell:create_environment_hook('rrm_msgs', 'ld_library_path_lib')
[1.070s] INFO:colcon.colcon_core.shell:Creating environment hook '/home/matus/ros2_ws/src/install/rrm_msgs/share/rrm_msgs/hook/ld_library_path_lib.ps1'
[1.070s] INFO:colcon.colcon_core.shell:Creating environment descriptor '/home/matus/ros2_ws/src/install/rrm_msgs/share/rrm_msgs/hook/ld_library_path_lib.dsv'
[1.070s] INFO:colcon.colcon_core.shell:Creating environment hook '/home/matus/ros2_ws/src/install/rrm_msgs/share/rrm_msgs/hook/ld_library_path_lib.sh'
[1.070s] Level 1:colcon.colcon_core.environment:checking '/home/matus/ros2_ws/src/install/rrm_msgs/bin'
[1.071s] Level 1:colcon.colcon_core.environment:checking '/home/matus/ros2_ws/src/install/rrm_msgs/lib/pkgconfig/rrm_msgs.pc'
[1.071s] Level 1:colcon.colcon_core.environment:checking '/home/matus/ros2_ws/src/install/rrm_msgs/lib/python3.12/site-packages'
[1.071s] Level 1:colcon.colcon_core.shell:create_environment_hook('rrm_msgs', 'pythonpath')
[1.071s] INFO:colcon.colcon_core.shell:Creating environment hook '/home/matus/ros2_ws/src/install/rrm_msgs/share/rrm_msgs/hook/pythonpath.ps1'
[1.071s] INFO:colcon.colcon_core.shell:Creating environment descriptor '/home/matus/ros2_ws/src/install/rrm_msgs/share/rrm_msgs/hook/pythonpath.dsv'
[1.071s] INFO:colcon.colcon_core.shell:Creating environment hook '/home/matus/ros2_ws/src/install/rrm_msgs/share/rrm_msgs/hook/pythonpath.sh'
[1.072s] Level 1:colcon.colcon_core.environment:checking '/home/matus/ros2_ws/src/install/rrm_msgs/bin'
[1.072s] INFO:colcon.colcon_core.shell:Creating package script '/home/matus/ros2_ws/src/install/rrm_msgs/share/rrm_msgs/package.ps1'
[1.072s] INFO:colcon.colcon_core.shell:Creating package descriptor '/home/matus/ros2_ws/src/install/rrm_msgs/share/rrm_msgs/package.dsv'
[1.073s] INFO:colcon.colcon_core.shell:Creating package script '/home/matus/ros2_ws/src/install/rrm_msgs/share/rrm_msgs/package.sh'
[1.073s] INFO:colcon.colcon_core.shell:Creating package script '/home/matus/ros2_ws/src/install/rrm_msgs/share/rrm_msgs/package.bash'
[1.073s] INFO:colcon.colcon_core.shell:Creating package script '/home/matus/ros2_ws/src/install/rrm_msgs/share/rrm_msgs/package.zsh'
[1.074s] Level 1:colcon.colcon_core.environment:create_file_with_runtime_dependencies(/home/matus/ros2_ws/src/install/rrm_msgs/share/colcon-core/packages/rrm_msgs)
[1.074s] INFO:colcon.colcon_ros.task.ament_cmake.build:Building ROS package in '/home/matus/ros2_ws/src/block1_matuska' with build type 'ament_cmake'
[1.074s] INFO:colcon.colcon_cmake.task.cmake.build:Building CMake package in '/home/matus/ros2_ws/src/block1_matuska'
[1.074s] INFO:colcon.colcon_core.shell:Skip shell extension 'powershell' for command environment: Not usable outside of PowerShell
[1.074s] DEBUG:colcon.colcon_core.shell:Skip shell extension 'dsv' for command environment
[1.077s] INFO:colcon.colcon_ros.task.ament_cmake.build:Building ROS package in '/home/matus/ros2_ws/src/rrm/rrm_sim' with build type 'ament_cmake'
[1.077s] INFO:colcon.colcon_cmake.task.cmake.build:Building CMake package in '/home/matus/ros2_ws/src/rrm/rrm_sim'
[1.078s] INFO:colcon.colcon_core.shell:Skip shell extension 'powershell' for command environment: Not usable outside of PowerShell
[1.078s] DEBUG:colcon.colcon_core.shell:Skip shell extension 'dsv' for command environment
[1.085s] DEBUG:colcon.colcon_core.event_handler.log_command:Invoking command in '/home/matus/ros2_ws/src/build/block1_matuska': AMENT_PREFIX_PATH=/home/matus/ros2_ws/src/install/rrm_msgs:${AMENT_PREFIX_PATH} CMAKE_PREFIX_PATH=/home/matus/ros2_ws/src/install/rrm_msgs:/home/matus/ros2_ws/install/rrm_simple_robot_model:/home/matus/ros2_ws/install/rrm_sim:/home/matus/ros2_ws/install/block1_matuska:/home/matus/ros2_ws/install/rrm_msgs:/home/matus/ros2_ws/install/cviko1:/home/matus/ros2_ws/install/cv1:/opt/ros/jazzy/opt/gz_math_vendor:/opt/ros/jazzy/opt/gz_utils_vendor:/opt/ros/jazzy/opt/gz_cmake_vendor:/opt/ros/jazzy DEBUGINFOD_URLS=https://debuginfod.ubuntu.com LD_LIBRARY_PATH=/home/matus/ros2_ws/src/install/rrm_msgs/lib:${LD_LIBRARY_PATH} PYTHONPATH=/home/matus/ros2_ws/src/install/rrm_msgs/lib/python3.12/site-packages:${PYTHONPATH} /usr/bin/cmake --build /home/matus/ros2_ws/src/build/block1_matuska -- -j12 -l12
[1.086s] DEBUG:colcon.colcon_core.event_handler.log_command:Invoking command in '/home/matus/ros2_ws/src/build/rrm_sim': AMENT_PREFIX_PATH=/home/matus/ros2_ws/src/install/rrm_msgs:${AMENT_PREFIX_PATH} CMAKE_PREFIX_PATH=/home/matus/ros2_ws/src/install/rrm_msgs:/home/matus/ros2_ws/install/rrm_simple_robot_model:/home/matus/ros2_ws/install/rrm_sim:/home/matus/ros2_ws/install/block1_matuska:/home/matus/ros2_ws/install/rrm_msgs:/home/matus/ros2_ws/install/cviko1:/home/matus/ros2_ws/install/cv1:/opt/ros/jazzy/opt/gz_math_vendor:/opt/ros/jazzy/opt/gz_utils_vendor:/opt/ros/jazzy/opt/gz_cmake_vendor:/opt/ros/jazzy DEBUGINFOD_URLS=https://debuginfod.ubuntu.com LD_LIBRARY_PATH=/home/matus/ros2_ws/src/install/rrm_msgs/lib:${LD_LIBRARY_PATH} PYTHONPATH=/home/matus/ros2_ws/src/install/rrm_msgs/lib/python3.12/site-packages:${PYTHONPATH} /usr/bin/cmake --build /home/matus/ros2_ws/src/build/rrm_sim -- -j12 -l12
[1.152s] DEBUG:colcon.colcon_core.event_handler.log_command:Invoked command in '/home/matus/ros2_ws/src/build/rrm_sim' returned '0': AMENT_PREFIX_PATH=/home/matus/ros2_ws/src/install/rrm_msgs:${AMENT_PREFIX_PATH} CMAKE_PREFIX_PATH=/home/matus/ros2_ws/src/install/rrm_msgs:/home/matus/ros2_ws/install/rrm_simple_robot_model:/home/matus/ros2_ws/install/rrm_sim:/home/matus/ros2_ws/install/block1_matuska:/home/matus/ros2_ws/install/rrm_msgs:/home/matus/ros2_ws/install/cviko1:/home/matus/ros2_ws/install/cv1:/opt/ros/jazzy/opt/gz_math_vendor:/opt/ros/jazzy/opt/gz_utils_vendor:/opt/ros/jazzy/opt/gz_cmake_vendor:/opt/ros/jazzy DEBUGINFOD_URLS=https://debuginfod.ubuntu.com LD_LIBRARY_PATH=/home/matus/ros2_ws/src/install/rrm_msgs/lib:${LD_LIBRARY_PATH} PYTHONPATH=/home/matus/ros2_ws/src/install/rrm_msgs/lib/python3.12/site-packages:${PYTHONPATH} /usr/bin/cmake --build /home/matus/ros2_ws/src/build/rrm_sim -- -j12 -l12
[1.153s] DEBUG:colcon.colcon_core.event_handler.log_command:Invoked command in '/home/matus/ros2_ws/src/build/matuska_interface' returned '0': CMAKE_PREFIX_PATH=${CMAKE_PREFIX_PATH}:/opt/ros/jazzy DEBUGINFOD_URLS=https://debuginfod.ubuntu.com /usr/bin/cmake /home/matus/ros2_ws/src/matuska_interface -DCMAKE_INSTALL_PREFIX=/home/matus/ros2_ws/src/install/matuska_interface
[1.153s] DEBUG:colcon.colcon_core.event_handler.log_command:Invoking command in '/home/matus/ros2_ws/src/build/matuska_interface': CMAKE_PREFIX_PATH=${CMAKE_PREFIX_PATH}:/opt/ros/jazzy DEBUGINFOD_URLS=https://debuginfod.ubuntu.com /usr/bin/cmake --build /home/matus/ros2_ws/src/build/matuska_interface -- -j12 -l12
[1.174s] DEBUG:colcon.colcon_core.event_handler.log_command:Invoking command in '/home/matus/ros2_ws/src/build/rrm_sim': AMENT_PREFIX_PATH=/home/matus/ros2_ws/src/install/rrm_msgs:${AMENT_PREFIX_PATH} CMAKE_PREFIX_PATH=/home/matus/ros2_ws/src/install/rrm_msgs:/home/matus/ros2_ws/install/rrm_simple_robot_model:/home/matus/ros2_ws/install/rrm_sim:/home/matus/ros2_ws/install/block1_matuska:/home/matus/ros2_ws/install/rrm_msgs:/home/matus/ros2_ws/install/cviko1:/home/matus/ros2_ws/install/cv1:/opt/ros/jazzy/opt/gz_math_vendor:/opt/ros/jazzy/opt/gz_utils_vendor:/opt/ros/jazzy/opt/gz_cmake_vendor:/opt/ros/jazzy DEBUGINFOD_URLS=https://debuginfod.ubuntu.com LD_LIBRARY_PATH=/home/matus/ros2_ws/src/install/rrm_msgs/lib:${LD_LIBRARY_PATH} PYTHONPATH=/home/matus/ros2_ws/src/install/rrm_msgs/lib/python3.12/site-packages:${PYTHONPATH} /usr/bin/cmake --install /home/matus/ros2_ws/src/build/rrm_sim
[1.185s] Level 1:colcon.colcon_core.environment:create_environment_scripts_only(rrm_sim)
[1.185s] DEBUG:colcon.colcon_core.event_handler.log_command:Invoked command in '/home/matus/ros2_ws/src/build/rrm_sim' returned '0': AMENT_PREFIX_PATH=/home/matus/ros2_ws/src/install/rrm_msgs:${AMENT_PREFIX_PATH} CMAKE_PREFIX_PATH=/home/matus/ros2_ws/src/install/rrm_msgs:/home/matus/ros2_ws/install/rrm_simple_robot_model:/home/matus/ros2_ws/install/rrm_sim:/home/matus/ros2_ws/install/block1_matuska:/home/matus/ros2_ws/install/rrm_msgs:/home/matus/ros2_ws/install/cviko1:/home/matus/ros2_ws/install/cv1:/opt/ros/jazzy/opt/gz_math_vendor:/opt/ros/jazzy/opt/gz_utils_vendor:/opt/ros/jazzy/opt/gz_cmake_vendor:/opt/ros/jazzy DEBUGINFOD_URLS=https://debuginfod.ubuntu.com LD_LIBRARY_PATH=/home/matus/ros2_ws/src/install/rrm_msgs/lib:${LD_LIBRARY_PATH} PYTHONPATH=/home/matus/ros2_ws/src/install/rrm_msgs/lib/python3.12/site-packages:${PYTHONPATH} /usr/bin/cmake --install /home/matus/ros2_ws/src/build/rrm_sim
[1.185s] Level 1:colcon.colcon_core.environment:checking '/home/matus/ros2_ws/src/install/rrm_sim' for CMake module files
[1.186s] Level 1:colcon.colcon_core.environment:checking '/home/matus/ros2_ws/src/install/rrm_sim' for CMake config files
[1.186s] Level 1:colcon.colcon_core.shell:create_environment_hook('rrm_sim', 'cmake_prefix_path')
[1.186s] INFO:colcon.colcon_core.shell:Creating environment hook '/home/matus/ros2_ws/src/install/rrm_sim/share/rrm_sim/hook/cmake_prefix_path.ps1'
[1.187s] INFO:colcon.colcon_core.shell:Creating environment descriptor '/home/matus/ros2_ws/src/install/rrm_sim/share/rrm_sim/hook/cmake_prefix_path.dsv'
[1.187s] INFO:colcon.colcon_core.shell:Creating environment hook '/home/matus/ros2_ws/src/install/rrm_sim/share/rrm_sim/hook/cmake_prefix_path.sh'
[1.187s] Level 1:colcon.colcon_core.environment:checking '/home/matus/ros2_ws/src/install/rrm_sim/lib'
[1.187s] Level 1:colcon.colcon_core.environment:checking '/home/matus/ros2_ws/src/install/rrm_sim/bin'
[1.187s] Level 1:colcon.colcon_core.environment:checking '/home/matus/ros2_ws/src/install/rrm_sim/lib/pkgconfig/rrm_sim.pc'
[1.187s] Level 1:colcon.colcon_core.environment:checking '/home/matus/ros2_ws/src/install/rrm_sim/lib/python3.12/site-packages'
[1.188s] Level 1:colcon.colcon_core.environment:checking '/home/matus/ros2_ws/src/install/rrm_sim/bin'
[1.188s] INFO:colcon.colcon_core.shell:Creating package script '/home/matus/ros2_ws/src/install/rrm_sim/share/rrm_sim/package.ps1'
[1.188s] INFO:colcon.colcon_core.shell:Creating package descriptor '/home/matus/ros2_ws/src/install/rrm_sim/share/rrm_sim/package.dsv'
[1.188s] INFO:colcon.colcon_core.shell:Creating package script '/home/matus/ros2_ws/src/install/rrm_sim/share/rrm_sim/package.sh'
[1.189s] INFO:colcon.colcon_core.shell:Creating package script '/home/matus/ros2_ws/src/install/rrm_sim/share/rrm_sim/package.bash'
[1.189s] INFO:colcon.colcon_core.shell:Creating package script '/home/matus/ros2_ws/src/install/rrm_sim/share/rrm_sim/package.zsh'
[1.189s] Level 1:colcon.colcon_core.environment:create_file_with_runtime_dependencies(/home/matus/ros2_ws/src/install/rrm_sim/share/colcon-core/packages/rrm_sim)
[1.190s] DEBUG:colcon.colcon_core.event_handler.log_command:Invoked command in '/home/matus/ros2_ws/src/build/matuska_interface' returned '0': CMAKE_PREFIX_PATH=${CMAKE_PREFIX_PATH}:/opt/ros/jazzy DEBUGINFOD_URLS=https://debuginfod.ubuntu.com /usr/bin/cmake --build /home/matus/ros2_ws/src/build/matuska_interface -- -j12 -l12
[1.209s] DEBUG:colcon.colcon_core.event_handler.log_command:Invoking command in '/home/matus/ros2_ws/src/build/matuska_interface': CMAKE_PREFIX_PATH=${CMAKE_PREFIX_PATH}:/opt/ros/jazzy DEBUGINFOD_URLS=https://debuginfod.ubuntu.com /usr/bin/cmake --install /home/matus/ros2_ws/src/build/matuska_interface
[1.211s] Level 1:colcon.colcon_core.environment:create_environment_scripts_only(rrm_sim)
[1.211s] Level 1:colcon.colcon_core.environment:checking '/home/matus/ros2_ws/src/install/rrm_sim' for CMake module files
[1.212s] Level 1:colcon.colcon_core.environment:checking '/home/matus/ros2_ws/src/install/rrm_sim' for CMake config files
[1.212s] Level 1:colcon.colcon_core.shell:create_environment_hook('rrm_sim', 'cmake_prefix_path')
[1.212s] INFO:colcon.colcon_core.shell:Creating environment hook '/home/matus/ros2_ws/src/install/rrm_sim/share/rrm_sim/hook/cmake_prefix_path.ps1'
[1.213s] INFO:colcon.colcon_core.shell:Creating environment descriptor '/home/matus/ros2_ws/src/install/rrm_sim/share/rrm_sim/hook/cmake_prefix_path.dsv'
[1.213s] INFO:colcon.colcon_core.shell:Creating environment hook '/home/matus/ros2_ws/src/install/rrm_sim/share/rrm_sim/hook/cmake_prefix_path.sh'
[1.213s] Level 1:colcon.colcon_core.environment:checking '/home/matus/ros2_ws/src/install/rrm_sim/lib'
[1.213s] Level 1:colcon.colcon_core.environment:checking '/home/matus/ros2_ws/src/install/rrm_sim/bin'
[1.213s] Level 1:colcon.colcon_core.environment:checking '/home/matus/ros2_ws/src/install/rrm_sim/lib/pkgconfig/rrm_sim.pc'
[1.214s] Level 1:colcon.colcon_core.environment:checking '/home/matus/ros2_ws/src/install/rrm_sim/lib/python3.12/site-packages'
[1.214s] Level 1:colcon.colcon_core.environment:checking '/home/matus/ros2_ws/src/install/rrm_sim/bin'
[1.214s] INFO:colcon.colcon_core.shell:Creating package script '/home/matus/ros2_ws/src/install/rrm_sim/share/rrm_sim/package.ps1'
[1.214s] INFO:colcon.colcon_core.shell:Creating package descriptor '/home/matus/ros2_ws/src/install/rrm_sim/share/rrm_sim/package.dsv'
[1.215s] INFO:colcon.colcon_core.shell:Creating package script '/home/matus/ros2_ws/src/install/rrm_sim/share/rrm_sim/package.sh'
[1.215s] INFO:colcon.colcon_core.shell:Creating package script '/home/matus/ros2_ws/src/install/rrm_sim/share/rrm_sim/package.bash'
[1.215s] INFO:colcon.colcon_core.shell:Creating package script '/home/matus/ros2_ws/src/install/rrm_sim/share/rrm_sim/package.zsh'
[1.215s] Level 1:colcon.colcon_core.environment:create_file_with_runtime_dependencies(/home/matus/ros2_ws/src/install/rrm_sim/share/colcon-core/packages/rrm_sim)
[1.220s] Level 1:colcon.colcon_core.environment:create_environment_scripts_only(matuska_interface)
[1.220s] Level 1:colcon.colcon_core.environment:checking '/home/matus/ros2_ws/src/install/matuska_interface' for CMake module files
[1.220s] DEBUG:colcon.colcon_core.event_handler.log_command:Invoked command in '/home/matus/ros2_ws/src/build/matuska_interface' returned '0': CMAKE_PREFIX_PATH=${CMAKE_PREFIX_PATH}:/opt/ros/jazzy DEBUGINFOD_URLS=https://debuginfod.ubuntu.com /usr/bin/cmake --install /home/matus/ros2_ws/src/build/matuska_interface
[1.221s] Level 1:colcon.colcon_core.environment:checking '/home/matus/ros2_ws/src/install/matuska_interface' for CMake config files
[1.221s] Level 1:colcon.colcon_core.shell:create_environment_hook('matuska_interface', 'cmake_prefix_path')
[1.221s] INFO:colcon.colcon_core.shell:Creating environment hook '/home/matus/ros2_ws/src/install/matuska_interface/share/matuska_interface/hook/cmake_prefix_path.ps1'
[1.221s] INFO:colcon.colcon_core.shell:Creating environment descriptor '/home/matus/ros2_ws/src/install/matuska_interface/share/matuska_interface/hook/cmake_prefix_path.dsv'
[1.222s] INFO:colcon.colcon_core.shell:Creating environment hook '/home/matus/ros2_ws/src/install/matuska_interface/share/matuska_interface/hook/cmake_prefix_path.sh'
[1.222s] Level 1:colcon.colcon_core.environment:checking '/home/matus/ros2_ws/src/install/matuska_interface/bin'
[1.222s] Level 1:colcon.colcon_core.environment:checking '/home/matus/ros2_ws/src/install/matuska_interface/lib/pkgconfig/matuska_interface.pc'
[1.222s] Level 1:colcon.colcon_core.environment:checking '/home/matus/ros2_ws/src/install/matuska_interface/lib/python3.12/site-packages'
[1.222s] Level 1:colcon.colcon_core.environment:checking '/home/matus/ros2_ws/src/install/matuska_interface/bin'
[1.222s] INFO:colcon.colcon_core.shell:Creating package script '/home/matus/ros2_ws/src/install/matuska_interface/share/matuska_interface/package.ps1'
[1.223s] INFO:colcon.colcon_core.shell:Creating package descriptor '/home/matus/ros2_ws/src/install/matuska_interface/share/matuska_interface/package.dsv'
[1.223s] INFO:colcon.colcon_core.shell:Creating package script '/home/matus/ros2_ws/src/install/matuska_interface/share/matuska_interface/package.sh'
[1.223s] INFO:colcon.colcon_core.shell:Creating package script '/home/matus/ros2_ws/src/install/matuska_interface/share/matuska_interface/package.bash'
[1.223s] INFO:colcon.colcon_core.shell:Creating package script '/home/matus/ros2_ws/src/install/matuska_interface/share/matuska_interface/package.zsh'
[1.224s] Level 1:colcon.colcon_core.environment:create_file_with_runtime_dependencies(/home/matus/ros2_ws/src/install/matuska_interface/share/colcon-core/packages/matuska_interface)
[1.243s] Level 1:colcon.colcon_core.environment:create_environment_scripts_only(matuska_interface)
[1.243s] Level 1:colcon.colcon_core.environment:checking '/home/matus/ros2_ws/src/install/matuska_interface' for CMake module files
[1.244s] Level 1:colcon.colcon_core.environment:checking '/home/matus/ros2_ws/src/install/matuska_interface' for CMake config files
[1.244s] Level 1:colcon.colcon_core.shell:create_environment_hook('matuska_interface', 'cmake_prefix_path')
[1.245s] INFO:colcon.colcon_core.shell:Creating environment hook '/home/matus/ros2_ws/src/install/matuska_interface/share/matuska_interface/hook/cmake_prefix_path.ps1'
[1.245s] INFO:colcon.colcon_core.shell:Creating environment descriptor '/home/matus/ros2_ws/src/install/matuska_interface/share/matuska_interface/hook/cmake_prefix_path.dsv'
[1.245s] INFO:colcon.colcon_core.shell:Creating environment hook '/home/matus/ros2_ws/src/install/matuska_interface/share/matuska_interface/hook/cmake_prefix_path.sh'
[1.246s] Level 1:colcon.colcon_core.environment:checking '/home/matus/ros2_ws/src/install/matuska_interface/bin'
[1.246s] Level 1:colcon.colcon_core.environment:checking '/home/matus/ros2_ws/src/install/matuska_interface/lib/pkgconfig/matuska_interface.pc'
[1.246s] Level 1:colcon.colcon_core.environment:checking '/home/matus/ros2_ws/src/install/matuska_interface/lib/python3.12/site-packages'
[1.246s] Level 1:colcon.colcon_core.environment:checking '/home/matus/ros2_ws/src/install/matuska_interface/bin'
[1.246s] INFO:colcon.colcon_core.shell:Creating package script '/home/matus/ros2_ws/src/install/matuska_interface/share/matuska_interface/package.ps1'
[1.246s] INFO:colcon.colcon_core.shell:Creating package descriptor '/home/matus/ros2_ws/src/install/matuska_interface/share/matuska_interface/package.dsv'
[1.247s] INFO:colcon.colcon_core.shell:Creating package script '/home/matus/ros2_ws/src/install/matuska_interface/share/matuska_interface/package.sh'
[1.247s] INFO:colcon.colcon_core.shell:Creating package script '/home/matus/ros2_ws/src/install/matuska_interface/share/matuska_interface/package.bash'
[1.247s] INFO:colcon.colcon_core.shell:Creating package script '/home/matus/ros2_ws/src/install/matuska_interface/share/matuska_interface/package.zsh'
[1.248s] Level 1:colcon.colcon_core.environment:create_file_with_runtime_dependencies(/home/matus/ros2_ws/src/install/matuska_interface/share/colcon-core/packages/matuska_interface)
[7.920s] DEBUG:colcon.colcon_core.event_handler.log_command:Invoked command in '/home/matus/ros2_ws/src/build/block1_matuska' returned '0': AMENT_PREFIX_PATH=/home/matus/ros2_ws/src/install/rrm_msgs:${AMENT_PREFIX_PATH} CMAKE_PREFIX_PATH=/home/matus/ros2_ws/src/install/rrm_msgs:/home/matus/ros2_ws/install/rrm_simple_robot_model:/home/matus/ros2_ws/install/rrm_sim:/home/matus/ros2_ws/install/block1_matuska:/home/matus/ros2_ws/install/rrm_msgs:/home/matus/ros2_ws/install/cviko1:/home/matus/ros2_ws/install/cv1:/opt/ros/jazzy/opt/gz_math_vendor:/opt/ros/jazzy/opt/gz_utils_vendor:/opt/ros/jazzy/opt/gz_cmake_vendor:/opt/ros/jazzy DEBUGINFOD_URLS=https://debuginfod.ubuntu.com LD_LIBRARY_PATH=/home/matus/ros2_ws/src/install/rrm_msgs/lib:${LD_LIBRARY_PATH} PYTHONPATH=/home/matus/ros2_ws/src/install/rrm_msgs/lib/python3.12/site-packages:${PYTHONPATH} /usr/bin/cmake --build /home/matus/ros2_ws/src/build/block1_matuska -- -j12 -l12
[7.951s] DEBUG:colcon.colcon_core.event_handler.log_command:Invoking command in '/home/matus/ros2_ws/src/build/block1_matuska': AMENT_PREFIX_PATH=/home/matus/ros2_ws/src/install/rrm_msgs:${AMENT_PREFIX_PATH} CMAKE_PREFIX_PATH=/home/matus/ros2_ws/src/install/rrm_msgs:/home/matus/ros2_ws/install/rrm_simple_robot_model:/home/matus/ros2_ws/install/rrm_sim:/home/matus/ros2_ws/install/block1_matuska:/home/matus/ros2_ws/install/rrm_msgs:/home/matus/ros2_ws/install/cviko1:/home/matus/ros2_ws/install/cv1:/opt/ros/jazzy/opt/gz_math_vendor:/opt/ros/jazzy/opt/gz_utils_vendor:/opt/ros/jazzy/opt/gz_cmake_vendor:/opt/ros/jazzy DEBUGINFOD_URLS=https://debuginfod.ubuntu.com LD_LIBRARY_PATH=/home/matus/ros2_ws/src/install/rrm_msgs/lib:${LD_LIBRARY_PATH} PYTHONPATH=/home/matus/ros2_ws/src/install/rrm_msgs/lib/python3.12/site-packages:${PYTHONPATH} /usr/bin/cmake --install /home/matus/ros2_ws/src/build/block1_matuska
[7.967s] Level 1:colcon.colcon_core.environment:create_environment_scripts_only(block1_matuska)
[7.967s] DEBUG:colcon.colcon_core.event_handler.log_command:Invoked command in '/home/matus/ros2_ws/src/build/block1_matuska' returned '0': AMENT_PREFIX_PATH=/home/matus/ros2_ws/src/install/rrm_msgs:${AMENT_PREFIX_PATH} CMAKE_PREFIX_PATH=/home/matus/ros2_ws/src/install/rrm_msgs:/home/matus/ros2_ws/install/rrm_simple_robot_model:/home/matus/ros2_ws/install/rrm_sim:/home/matus/ros2_ws/install/block1_matuska:/home/matus/ros2_ws/install/rrm_msgs:/home/matus/ros2_ws/install/cviko1:/home/matus/ros2_ws/install/cv1:/opt/ros/jazzy/opt/gz_math_vendor:/opt/ros/jazzy/opt/gz_utils_vendor:/opt/ros/jazzy/opt/gz_cmake_vendor:/opt/ros/jazzy DEBUGINFOD_URLS=https://debuginfod.ubuntu.com LD_LIBRARY_PATH=/home/matus/ros2_ws/src/install/rrm_msgs/lib:${LD_LIBRARY_PATH} PYTHONPATH=/home/matus/ros2_ws/src/install/rrm_msgs/lib/python3.12/site-packages:${PYTHONPATH} /usr/bin/cmake --install /home/matus/ros2_ws/src/build/block1_matuska
[7.967s] Level 1:colcon.colcon_core.environment:checking '/home/matus/ros2_ws/src/install/block1_matuska' for CMake module files
[7.968s] Level 1:colcon.colcon_core.environment:checking '/home/matus/ros2_ws/src/install/block1_matuska' for CMake config files
[7.968s] Level 1:colcon.colcon_core.shell:create_environment_hook('block1_matuska', 'cmake_prefix_path')
[7.968s] INFO:colcon.colcon_core.shell:Creating environment hook '/home/matus/ros2_ws/src/install/block1_matuska/share/block1_matuska/hook/cmake_prefix_path.ps1'
[7.968s] INFO:colcon.colcon_core.shell:Creating environment descriptor '/home/matus/ros2_ws/src/install/block1_matuska/share/block1_matuska/hook/cmake_prefix_path.dsv'
[7.969s] INFO:colcon.colcon_core.shell:Creating environment hook '/home/matus/ros2_ws/src/install/block1_matuska/share/block1_matuska/hook/cmake_prefix_path.sh'
[7.969s] Level 1:colcon.colcon_core.environment:checking '/home/matus/ros2_ws/src/install/block1_matuska/lib'
[7.969s] Level 1:colcon.colcon_core.environment:checking '/home/matus/ros2_ws/src/install/block1_matuska/bin'
[7.969s] Level 1:colcon.colcon_core.environment:checking '/home/matus/ros2_ws/src/install/block1_matuska/lib/pkgconfig/block1_matuska.pc'
[7.969s] Level 1:colcon.colcon_core.environment:checking '/home/matus/ros2_ws/src/install/block1_matuska/lib/python3.12/site-packages'
[7.969s] Level 1:colcon.colcon_core.environment:checking '/home/matus/ros2_ws/src/install/block1_matuska/bin'
[7.969s] INFO:colcon.colcon_core.shell:Creating package script '/home/matus/ros2_ws/src/install/block1_matuska/share/block1_matuska/package.ps1'
[7.970s] INFO:colcon.colcon_core.shell:Creating package descriptor '/home/matus/ros2_ws/src/install/block1_matuska/share/block1_matuska/package.dsv'
[7.970s] INFO:colcon.colcon_core.shell:Creating package script '/home/matus/ros2_ws/src/install/block1_matuska/share/block1_matuska/package.sh'
[7.970s] INFO:colcon.colcon_core.shell:Creating package script '/home/matus/ros2_ws/src/install/block1_matuska/share/block1_matuska/package.bash'
[7.970s] INFO:colcon.colcon_core.shell:Creating package script '/home/matus/ros2_ws/src/install/block1_matuska/share/block1_matuska/package.zsh'
[7.971s] Level 1:colcon.colcon_core.environment:create_file_with_runtime_dependencies(/home/matus/ros2_ws/src/install/block1_matuska/share/colcon-core/packages/block1_matuska)
[8.001s] Level 1:colcon.colcon_core.environment:create_environment_scripts_only(block1_matuska)
[8.001s] Level 1:colcon.colcon_core.environment:checking '/home/matus/ros2_ws/src/install/block1_matuska' for CMake module files
[8.001s] Level 1:colcon.colcon_core.environment:checking '/home/matus/ros2_ws/src/install/block1_matuska' for CMake config files
[8.002s] Level 1:colcon.colcon_core.shell:create_environment_hook('block1_matuska', 'cmake_prefix_path')
[8.002s] INFO:colcon.colcon_core.shell:Creating environment hook '/home/matus/ros2_ws/src/install/block1_matuska/share/block1_matuska/hook/cmake_prefix_path.ps1'
[8.002s] INFO:colcon.colcon_core.shell:Creating environment descriptor '/home/matus/ros2_ws/src/install/block1_matuska/share/block1_matuska/hook/cmake_prefix_path.dsv'
[8.002s] INFO:colcon.colcon_core.shell:Creating environment hook '/home/matus/ros2_ws/src/install/block1_matuska/share/block1_matuska/hook/cmake_prefix_path.sh'
[8.003s] Level 1:colcon.colcon_core.environment:checking '/home/matus/ros2_ws/src/install/block1_matuska/lib'
[8.003s] Level 1:colcon.colcon_core.environment:checking '/home/matus/ros2_ws/src/install/block1_matuska/bin'
[8.003s] Level 1:colcon.colcon_core.environment:checking '/home/matus/ros2_ws/src/install/block1_matuska/lib/pkgconfig/block1_matuska.pc'
[8.003s] Level 1:colcon.colcon_core.environment:checking '/home/matus/ros2_ws/src/install/block1_matuska/lib/python3.12/site-packages'
[8.003s] Level 1:colcon.colcon_core.environment:checking '/home/matus/ros2_ws/src/install/block1_matuska/bin'
[8.003s] INFO:colcon.colcon_core.shell:Creating package script '/home/matus/ros2_ws/src/install/block1_matuska/share/block1_matuska/package.ps1'
[8.004s] INFO:colcon.colcon_core.shell:Creating package descriptor '/home/matus/ros2_ws/src/install/block1_matuska/share/block1_matuska/package.dsv'
[8.004s] INFO:colcon.colcon_core.shell:Creating package script '/home/matus/ros2_ws/src/install/block1_matuska/share/block1_matuska/package.sh'
[8.004s] INFO:colcon.colcon_core.shell:Creating package script '/home/matus/ros2_ws/src/install/block1_matuska/share/block1_matuska/package.bash'
[8.004s] INFO:colcon.colcon_core.shell:Creating package script '/home/matus/ros2_ws/src/install/block1_matuska/share/block1_matuska/package.zsh'
[8.005s] Level 1:colcon.colcon_core.environment:create_file_with_runtime_dependencies(/home/matus/ros2_ws/src/install/block1_matuska/share/colcon-core/packages/block1_matuska)
[8.005s] DEBUG:colcon.colcon_parallel_executor.executor.parallel:closing loop
[8.005s] DEBUG:colcon.colcon_parallel_executor.executor.parallel:loop closed
[8.005s] DEBUG:colcon.colcon_parallel_executor.executor.parallel:run_until_complete finished with '0'
[8.005s] DEBUG:colcon.colcon_core.event_reactor:joining thread
[8.010s] INFO:colcon.colcon_core.plugin_system:Skipping extension 'colcon_notification.desktop_notification.terminal_notifier': Not used on non-Darwin systems
[8.010s] INFO:colcon.colcon_core.plugin_system:Skipping extension 'colcon_notification.desktop_notification.win32': Not used on non-Windows systems
[8.010s] INFO:colcon.colcon_notification.desktop_notification:Sending desktop notification using 'notify2'
[8.021s] DEBUG:colcon.colcon_core.event_reactor:joined thread
[8.021s] INFO:colcon.colcon_core.shell:Creating prefix script '/home/matus/ros2_ws/src/install/local_setup.ps1'
[8.022s] INFO:colcon.colcon_core.shell:Creating prefix util module '/home/matus/ros2_ws/src/install/_local_setup_util_ps1.py'
[8.022s] INFO:colcon.colcon_core.shell:Creating prefix chain script '/home/matus/ros2_ws/src/install/setup.ps1'
[8.023s] INFO:colcon.colcon_core.shell:Creating prefix script '/home/matus/ros2_ws/src/install/local_setup.sh'
[8.023s] INFO:colcon.colcon_core.shell:Creating prefix util module '/home/matus/ros2_ws/src/install/_local_setup_util_sh.py'
[8.024s] INFO:colcon.colcon_core.shell:Creating prefix chain script '/home/matus/ros2_ws/src/install/setup.sh'
[8.025s] INFO:colcon.colcon_core.shell:Creating prefix script '/home/matus/ros2_ws/src/install/local_setup.bash'
[8.025s] INFO:colcon.colcon_core.shell:Creating prefix chain script '/home/matus/ros2_ws/src/install/setup.bash'
[8.025s] INFO:colcon.colcon_core.shell:Creating prefix script '/home/matus/ros2_ws/src/install/local_setup.zsh'
[8.026s] INFO:colcon.colcon_core.shell:Creating prefix chain script '/home/matus/ros2_ws/src/install/setup.zsh'
