[0.014s] Invoking command in '/home/matus/ros2_ws/build/cv1': CMAKE_PREFIX_PATH=${CMAKE_PREFIX_PATH}:/opt/ros/jazzy DEBUGINFOD_URLS=https://debuginfod.ubuntu.com /usr/bin/cmake --build /home/matus/ros2_ws/build/cv1 -- -j12 -l12
[0.024s] gmake: Warning: File 'Makefile' has modification time 6227 s in the future
[0.048s] gmake[1]: Warning: File 'CMakeFiles/Makefile2' has modification time 6227 s in the future
[0.049s] gmake[2]: Warning: File 'CMakeFiles/cv1_node.dir/progress.make' has modification time 6227 s in the future
[0.060s] gmake[2]: warning:  Clock skew detected.  Your build may be incomplete.
[0.061s] gmake[2]: Warning: File 'CMakeFiles/cv1_node.dir/progress.make' has modification time 6227 s in the future
[0.062s] gmake[2]: warning:  Clock skew detected.  Your build may be incomplete.
[0.070s] [100%] Built target cv1_node
[0.071s] gmake[1]: warning:  Clock skew detected.  Your build may be incomplete.
[0.081s] gmake: warning:  Clock skew detected.  Your build may be incomplete.
[0.084s] Invoked command in '/home/matus/ros2_ws/build/cv1' returned '0': CMAKE_PREFIX_PATH=${CMAKE_PREFIX_PATH}:/opt/ros/jazzy DEBUGINFOD_URLS=https://debuginfod.ubuntu.com /usr/bin/cmake --build /home/matus/ros2_ws/build/cv1 -- -j12 -l12
[0.124s] Invoking command in '/home/matus/ros2_ws/build/cv1': CMAKE_PREFIX_PATH=${CMAKE_PREFIX_PATH}:/opt/ros/jazzy DEBUGINFOD_URLS=https://debuginfod.ubuntu.com /usr/bin/cmake --install /home/matus/ros2_ws/build/cv1
[0.134s] -- Install configuration: ""
[0.134s] -- Up-to-date: /home/matus/ros2_ws/install/cv1/lib/cv1/cv1_node
[0.134s] -- Up-to-date: /home/matus/ros2_ws/install/cv1/share/ament_index/resource_index/package_run_dependencies/cv1
[0.134s] -- Up-to-date: /home/matus/ros2_ws/install/cv1/share/ament_index/resource_index/parent_prefix_path/cv1
[0.134s] -- Up-to-date: /home/matus/ros2_ws/install/cv1/share/cv1/environment/ament_prefix_path.sh
[0.135s] -- Up-to-date: /home/matus/ros2_ws/install/cv1/share/cv1/environment/ament_prefix_path.dsv
[0.135s] -- Up-to-date: /home/matus/ros2_ws/install/cv1/share/cv1/environment/path.sh
[0.135s] -- Up-to-date: /home/matus/ros2_ws/install/cv1/share/cv1/environment/path.dsv
[0.135s] -- Up-to-date: /home/matus/ros2_ws/install/cv1/share/cv1/local_setup.bash
[0.135s] -- Up-to-date: /home/matus/ros2_ws/install/cv1/share/cv1/local_setup.sh
[0.135s] -- Up-to-date: /home/matus/ros2_ws/install/cv1/share/cv1/local_setup.zsh
[0.135s] -- Up-to-date: /home/matus/ros2_ws/install/cv1/share/cv1/local_setup.dsv
[0.136s] -- Installing: /home/matus/ros2_ws/install/cv1/share/cv1/package.dsv
[0.136s] -- Up-to-date: /home/matus/ros2_ws/install/cv1/share/ament_index/resource_index/packages/cv1
[0.136s] -- Up-to-date: /home/matus/ros2_ws/install/cv1/share/cv1/cmake/cv1Config.cmake
[0.136s] -- Up-to-date: /home/matus/ros2_ws/install/cv1/share/cv1/cmake/cv1Config-version.cmake
[0.136s] -- Up-to-date: /home/matus/ros2_ws/install/cv1/share/cv1/package.xml
[0.137s] Invoked command in '/home/matus/ros2_ws/build/cv1' returned '0': CMAKE_PREFIX_PATH=${CMAKE_PREFIX_PATH}:/opt/ros/jazzy DEBUGINFOD_URLS=https://debuginfod.ubuntu.com /usr/bin/cmake --install /home/matus/ros2_ws/build/cv1
