-- Found ament_cmake: 2.5.2 (/opt/ros/jazzy/share/ament_cmake/cmake)
-- Found rclcpp: 28.1.5 (/opt/ros/jazzy/share/rclcpp/cmake)
-- Found rosidl_generator_c: 4.6.4 (/opt/ros/jazzy/share/rosidl_generator_c/cmake)
-- Found rosidl_generator_cpp: 4.6.4 (/opt/ros/jazzy/share/rosidl_generator_cpp/cmake)
-- Using all available rosidl_typesupport_c: rosidl_typesupport_fastrtps_c;rosidl_typesupport_introspection_c
-- Using all available rosidl_typesupport_cpp: rosidl_typesupport_fastrtps_cpp;rosidl_typesupport_introspection_cpp
-- Found rmw_implementation_cmake: 7.3.1 (/opt/ros/jazzy/share/rmw_implementation_cmake/cmake)
-- Found rmw_fastrtps_cpp: 8.4.1 (/opt/ros/jazzy/share/rmw_fastrtps_cpp/cmake)
-- Using RMW implementation 'rmw_fastrtps_cpp' as default
-- Found rrm_msgs: 0.0.0 (/home/matus/ros2_ws/install/rrm_msgs/share/rrm_msgs/cmake)
-- Found sensor_msgs: 5.3.5 (/opt/ros/jazzy/share/sensor_msgs/cmake)
-- Found matuska_interface: 0.0.0 (/home/matus/ros2_ws/install/matuska_interface/share/matuska_interface/cmake)
-- Found tf2: 0.36.4 (/opt/ros/jazzy/share/tf2/cmake)
-- Found tf2_ros: 0.36.4 (/opt/ros/jazzy/share/tf2_ros/cmake)
-- Found ament_lint_auto: 0.17.1 (/opt/ros/jazzy/share/ament_lint_auto/cmake)
-- Added test 'cppcheck' to perform static code analysis on C / C++ code
-- Configured cppcheck include dirs: $<BUILD_INTERFACE:/home/matus/ros2_ws/src/block1_matuska/include>
-- Configured cppcheck exclude dirs and/or files: 
-- Added test 'lint_cmake' to check CMake code style
-- Added test 'uncrustify' to check C / C++ code style
-- Configured uncrustify additional arguments: 
-- Added test 'xmllint' to check XML markup files
-- Configuring done (0.6s)
-- Generating done (0.0s)
-- Build files have been written to: /home/matus/ros2_ws/build/block1_matuska
[100%] Built target teleop_node
[100%] Built target logger_node
-- Install configuration: ""
-- Up-to-date: /home/matus/ros2_ws/install/block1_matuska/lib/block1_matuska/teleop_node
-- Up-to-date: /home/matus/ros2_ws/install/block1_matuska/lib/block1_matuska/logger_node
-- Up-to-date: /home/matus/ros2_ws/install/block1_matuska/share/ament_index/resource_index/package_run_dependencies/block1_matuska
-- Up-to-date: /home/matus/ros2_ws/install/block1_matuska/share/ament_index/resource_index/parent_prefix_path/block1_matuska
-- Up-to-date: /home/matus/ros2_ws/install/block1_matuska/share/block1_matuska/environment/ament_prefix_path.sh
-- Up-to-date: /home/matus/ros2_ws/install/block1_matuska/share/block1_matuska/environment/ament_prefix_path.dsv
-- Up-to-date: /home/matus/ros2_ws/install/block1_matuska/share/block1_matuska/environment/path.sh
-- Up-to-date: /home/matus/ros2_ws/install/block1_matuska/share/block1_matuska/environment/path.dsv
-- Up-to-date: /home/matus/ros2_ws/install/block1_matuska/share/block1_matuska/local_setup.bash
-- Up-to-date: /home/matus/ros2_ws/install/block1_matuska/share/block1_matuska/local_setup.sh
-- Up-to-date: /home/matus/ros2_ws/install/block1_matuska/share/block1_matuska/local_setup.zsh
-- Up-to-date: /home/matus/ros2_ws/install/block1_matuska/share/block1_matuska/local_setup.dsv
-- Installing: /home/matus/ros2_ws/install/block1_matuska/share/block1_matuska/package.dsv
-- Up-to-date: /home/matus/ros2_ws/install/block1_matuska/share/ament_index/resource_index/packages/block1_matuska
-- Up-to-date: /home/matus/ros2_ws/install/block1_matuska/share/block1_matuska/cmake/block1_matuskaConfig.cmake
-- Up-to-date: /home/matus/ros2_ws/install/block1_matuska/share/block1_matuska/cmake/block1_matuskaConfig-version.cmake
-- Up-to-date: /home/matus/ros2_ws/install/block1_matuska/share/block1_matuska/package.xml
