[0.011s] Invoking command in '/home/matus/ros2_ws/build/block2_matuska': CMAKE_PREFIX_PATH=/home/matus/ros2_ws/install/rrm_msgs:/home/matus/ros2_ws/install/trajectory_visualization:/home/matus/ros2_ws/install/rrm_simple_robot_model:/home/matus/ros2_ws/install/rrm_sim:/home/matus/ros2_ws/install/block2_matuska:/home/matus/ros2_ws/install/block1_matuska:/home/matus/ros2_ws/install/matuska_interface:/home/matus/ros2_ws/install/eigen_example:/home/matus/ros2_ws/install/cviko1:/home/matus/ros2_ws/install/cv1:/home/matus/ros2_ws/install/abb_model:/home/matus/ros2_ws/src/install/rrm_simple_robot_model:/home/matus/ros2_ws/src/install/rrm_sim:/home/matus/ros2_ws/src/install/block1_matuska:/home/matus/ros2_ws/src/install/rrm_msgs:/home/matus/ros2_ws/src/install/matuska_interface:/opt/ros/jazzy/opt/gz_math_vendor:/opt/ros/jazzy/opt/gz_utils_vendor:/opt/ros/jazzy/opt/gz_cmake_vendor:/opt/ros/jazzy DEBUGINFOD_URLS=https://debuginfod.ubuntu.com /usr/bin/cmake --build /home/matus/ros2_ws/build/block2_matuska -- -j12 -l12
[0.068s] [ 50%] [32mBuilding CXX object CMakeFiles/zadanie2_node.dir/src/zadanie2_node.cpp.o[0m
[2.433s] [01m[K/home/matus/ros2_ws/src/block2_matuska/src/zadanie2_node.cpp:8:24:[m[K [01;31m[Kerror: [m[Kexpected identifier before numeric constant
[2.433s]     8 |     Eigen::MatrixXd m1([01;31m[K3[m[K, 3);
[2.433s]       |                        [01;31m[K^[m[K
[2.433s] [01m[K/home/matus/ros2_ws/src/block2_matuska/src/zadanie2_node.cpp:8:24:[m[K [01;31m[Kerror: [m[Kexpected ‘[01m[K,[m[K’ or ‘[01m[K...[m[K’ before numeric constant
[2.435s] [01m[K/home/matus/ros2_ws/src/block2_matuska/src/zadanie2_node.cpp:9:5:[m[K [01;31m[Kerror: [m[K‘[01m[Km1[m[K’ does not name a type
[2.435s]     9 |     [01;31m[Km1[m[K << 1, 2, 3,
[2.435s]       |     [01;31m[K^~[m[K
[2.435s] In file included from [01m[K/opt/ros/jazzy/include/rclcpp/rclcpp/copy_all_parameter_values.hpp:27[m[K,
[2.435s]                  from [01m[K/opt/ros/jazzy/include/rclcpp/rclcpp/rclcpp.hpp:171[m[K,
[2.435s]                  from [01m[K/home/matus/ros2_ws/src/block2_matuska/src/zadanie2_node.cpp:1[m[K:
[2.435s] [01m[K/home/matus/ros2_ws/src/block2_matuska/src/zadanie2_node.cpp:13:7:[m[K [01;31m[Kerror: [m[Kexpected unqualified-id before ‘[01m[Kdo[m[K’
[2.435s]    13 |       [01;31m[KRCLCPP_INFO_STREAM[m[K(node->get_logger(), "m1:\n" << m1);
[2.435s]       |       [01;31m[K^~~~~~~~~~~~~~~~~~[m[K
[2.435s] [01m[K/home/matus/ros2_ws/src/block2_matuska/src/zadanie2_node.cpp:13:7:[m[K [01;31m[Kerror: [m[Kexpected unqualified-id before ‘[01m[Kwhile[m[K’
[2.435s]    13 |       [01;31m[KRCLCPP_INFO_STREAM[m[K(node->get_logger(), "m1:\n" << m1);
[2.435s]       |       [01;31m[K^~~~~~~~~~~~~~~~~~[m[K
[3.332s] gmake[2]: *** [CMakeFiles/zadanie2_node.dir/build.make:76: CMakeFiles/zadanie2_node.dir/src/zadanie2_node.cpp.o] Error 1
[3.332s] gmake[1]: *** [CMakeFiles/Makefile2:137: CMakeFiles/zadanie2_node.dir/all] Error 2
[3.333s] gmake: *** [Makefile:146: all] Error 2
[3.336s] Invoked command in '/home/matus/ros2_ws/build/block2_matuska' returned '2': CMAKE_PREFIX_PATH=/home/matus/ros2_ws/install/rrm_msgs:/home/matus/ros2_ws/install/trajectory_visualization:/home/matus/ros2_ws/install/rrm_simple_robot_model:/home/matus/ros2_ws/install/rrm_sim:/home/matus/ros2_ws/install/block2_matuska:/home/matus/ros2_ws/install/block1_matuska:/home/matus/ros2_ws/install/matuska_interface:/home/matus/ros2_ws/install/eigen_example:/home/matus/ros2_ws/install/cviko1:/home/matus/ros2_ws/install/cv1:/home/matus/ros2_ws/install/abb_model:/home/matus/ros2_ws/src/install/rrm_simple_robot_model:/home/matus/ros2_ws/src/install/rrm_sim:/home/matus/ros2_ws/src/install/block1_matuska:/home/matus/ros2_ws/src/install/rrm_msgs:/home/matus/ros2_ws/src/install/matuska_interface:/opt/ros/jazzy/opt/gz_math_vendor:/opt/ros/jazzy/opt/gz_utils_vendor:/opt/ros/jazzy/opt/gz_cmake_vendor:/opt/ros/jazzy DEBUGINFOD_URLS=https://debuginfod.ubuntu.com /usr/bin/cmake --build /home/matus/ros2_ws/build/block2_matuska -- -j12 -l12
