[0.023s] Invoking command in '/home/matus/ros2_ws/build/rrm_simple_robot_model': CMAKE_PREFIX_PATH=${CMAKE_PREFIX_PATH}:/opt/ros/jazzy DEBUGINFOD_URLS=https://debuginfod.ubuntu.com /usr/bin/cmake --build /home/matus/ros2_ws/build/rrm_simple_robot_model -- -j12 -l12
[0.081s] Invoked command in '/home/matus/ros2_ws/build/rrm_simple_robot_model' returned '0': CMAKE_PREFIX_PATH=${CMAKE_PREFIX_PATH}:/opt/ros/jazzy DEBUGINFOD_URLS=https://debuginfod.ubuntu.com /usr/bin/cmake --build /home/matus/ros2_ws/build/rrm_simple_robot_model -- -j12 -l12
[0.113s] Invoking command in '/home/matus/ros2_ws/build/rrm_simple_robot_model': CMAKE_PREFIX_PATH=${CMAKE_PREFIX_PATH}:/opt/ros/jazzy DEBUGINFOD_URLS=https://debuginfod.ubuntu.com /usr/bin/cmake --install /home/matus/ros2_ws/build/rrm_simple_robot_model
[0.141s] -- Install configuration: ""
[0.141s] -- Up-to-date: /home/matus/ros2_ws/install/rrm_simple_robot_model/share/rrm_simple_robot_model/urdf
[0.141s] -- Up-to-date: /home/matus/ros2_ws/install/rrm_simple_robot_model/share/rrm_simple_robot_model/urdf/arm.urdf
[0.141s] -- Up-to-date: /home/matus/ros2_ws/install/rrm_simple_robot_model/share/rrm_simple_robot_model/config
[0.143s] -- Up-to-date: /home/matus/ros2_ws/install/rrm_simple_robot_model/share/rrm_simple_robot_model/config/rrm_cv3.rviz
[0.144s] -- Up-to-date: /home/matus/ros2_ws/install/rrm_simple_robot_model/share/rrm_simple_robot_model/launch
[0.144s] -- Up-to-date: /home/matus/ros2_ws/install/rrm_simple_robot_model/share/rrm_simple_robot_model/launch/robot_state_publisher.launch.xml
[0.144s] -- Up-to-date: /home/matus/ros2_ws/install/rrm_simple_robot_model/share/rrm_simple_robot_model/launch/robot_state_publisher.launch.py
[0.144s] -- Up-to-date: /home/matus/ros2_ws/install/rrm_simple_robot_model/share/ament_index/resource_index/package_run_dependencies/rrm_simple_robot_model
[0.144s] -- Up-to-date: /home/matus/ros2_ws/install/rrm_simple_robot_model/share/ament_index/resource_index/parent_prefix_path/rrm_simple_robot_model
[0.144s] -- Up-to-date: /home/matus/ros2_ws/install/rrm_simple_robot_model/share/rrm_simple_robot_model/environment/ament_prefix_path.sh
[0.144s] -- Up-to-date: /home/matus/ros2_ws/install/rrm_simple_robot_model/share/rrm_simple_robot_model/environment/ament_prefix_path.dsv
[0.144s] -- Up-to-date: /home/matus/ros2_ws/install/rrm_simple_robot_model/share/rrm_simple_robot_model/environment/path.sh
[0.144s] -- Up-to-date: /home/matus/ros2_ws/install/rrm_simple_robot_model/share/rrm_simple_robot_model/environment/path.dsv
[0.144s] -- Up-to-date: /home/matus/ros2_ws/install/rrm_simple_robot_model/share/rrm_simple_robot_model/local_setup.bash
[0.144s] -- Up-to-date: /home/matus/ros2_ws/install/rrm_simple_robot_model/share/rrm_simple_robot_model/local_setup.sh
[0.145s] -- Up-to-date: /home/matus/ros2_ws/install/rrm_simple_robot_model/share/rrm_simple_robot_model/local_setup.zsh
[0.145s] -- Up-to-date: /home/matus/ros2_ws/install/rrm_simple_robot_model/share/rrm_simple_robot_model/local_setup.dsv
[0.145s] -- Installing: /home/matus/ros2_ws/install/rrm_simple_robot_model/share/rrm_simple_robot_model/package.dsv
[0.145s] -- Up-to-date: /home/matus/ros2_ws/install/rrm_simple_robot_model/share/ament_index/resource_index/packages/rrm_simple_robot_model
[0.145s] -- Up-to-date: /home/matus/ros2_ws/install/rrm_simple_robot_model/share/rrm_simple_robot_model/cmake/rrm_simple_robot_modelConfig.cmake
[0.145s] -- Up-to-date: /home/matus/ros2_ws/install/rrm_simple_robot_model/share/rrm_simple_robot_model/cmake/rrm_simple_robot_modelConfig-version.cmake
[0.146s] -- Up-to-date: /home/matus/ros2_ws/install/rrm_simple_robot_model/share/rrm_simple_robot_model/package.xml
[0.166s] Invoked command in '/home/matus/ros2_ws/build/rrm_simple_robot_model' returned '0': CMAKE_PREFIX_PATH=${CMAKE_PREFIX_PATH}:/opt/ros/jazzy DEBUGINFOD_URLS=https://debuginfod.ubuntu.com /usr/bin/cmake --install /home/matus/ros2_ws/build/rrm_simple_robot_model
