[0.021s] Invoking command in '/home/matus/ros2_ws/build/matuska_interface': CMAKE_PREFIX_PATH=${CMAKE_PREFIX_PATH}:/opt/ros/jazzy DEBUGINFOD_URLS=https://debuginfod.ubuntu.com /usr/bin/cmake /home/matus/ros2_ws/src/matuska_interface -DCMAKE_INSTALL_PREFIX=/home/matus/ros2_ws/install/matuska_interface
[0.084s] -- The C compiler identification is GNU 13.2.0
[0.165s] -- The CXX compiler identification is GNU 13.2.0
[0.184s] -- Detecting C compiler ABI info
[0.293s] -- Detecting C compiler ABI info - done
[0.303s] -- Check for working C compiler: /usr/bin/cc - skipped
[0.304s] -- Detecting C compile features
[0.304s] -- Detecting C compile features - done
[0.317s] -- Detecting CXX compiler ABI info
[0.445s] -- Detecting CXX compiler ABI info - done
[0.455s] -- Check for working CXX compiler: /usr/bin/c++ - skipped
[0.456s] -- Detecting CXX compile features
[0.456s] -- Detecting CXX compile features - done
[0.460s] -- Found rosidl_default_generators: 1.6.0 (/opt/ros/jazzy/share/rosidl_default_generators/cmake)
[0.640s] -- Found Python3: /usr/bin/python3 (found version "3.12.3") found components: Interpreter 
[0.716s] -- Using all available rosidl_typesupport_c: rosidl_typesupport_fastrtps_c;rosidl_typesupport_introspection_c
[0.797s] -- Using all available rosidl_typesupport_cpp: rosidl_typesupport_fastrtps_cpp;rosidl_typesupport_introspection_cpp
[0.837s] -- Found rosidl_adapter: 4.6.4 (/opt/ros/jazzy/share/rosidl_adapter/cmake)
[0.839s] [31mCMake Error at /opt/ros/jazzy/share/rosidl_cmake/cmake/rosidl_generate_interfaces.cmake:95 (message):
[0.839s]   rosidl_generate_interfaces() the passed file 'srv/TeachPosition.srv'
[0.839s]   doesn't exist relative to the CMAKE_CURRENT_SOURCE_DIR
[0.839s]   '/home/matus/ros2_ws/src/matuska_interface'
[0.839s] Call Stack (most recent call first):
[0.839s]   CMakeLists.txt:10 (rosidl_generate_interfaces)
[0.840s] 
[0.840s] [0m
[0.840s] -- Configuring incomplete, errors occurred!
[0.845s] Invoked command in '/home/matus/ros2_ws/build/matuska_interface' returned '1': CMAKE_PREFIX_PATH=${CMAKE_PREFIX_PATH}:/opt/ros/jazzy DEBUGINFOD_URLS=https://debuginfod.ubuntu.com /usr/bin/cmake /home/matus/ros2_ws/src/matuska_interface -DCMAKE_INSTALL_PREFIX=/home/matus/ros2_ws/install/matuska_interface
