[0.008s] Invoking command in '/home/matus/ros2_ws/build/rrm_sim': CMAKE_PREFIX_PATH=/home/matus/ros2_ws/install/rrm_msgs:/home/matus/ros2_ws/src/install/rrm_simple_robot_model:/home/matus/ros2_ws/src/install/rrm_sim:/home/matus/ros2_ws/src/install/block1_matuska:/home/matus/ros2_ws/src/install/rrm_msgs:/home/matus/ros2_ws/src/install/matuska_interface:/home/matus/ros2_ws/install/rrm_simple_robot_model:/home/matus/ros2_ws/install/rrm_sim:/home/matus/ros2_ws/install/block1_matuska:/home/matus/ros2_ws/install/cviko1:/home/matus/ros2_ws/install/cv1:/opt/ros/jazzy/opt/gz_math_vendor:/opt/ros/jazzy/opt/gz_utils_vendor:/opt/ros/jazzy/opt/gz_cmake_vendor:/opt/ros/jazzy DEBUGINFOD_URLS=https://debuginfod.ubuntu.com LD_LIBRARY_PATH=/home/matus/ros2_ws/install/rrm_msgs/lib:/home/matus/ros2_ws/src/install/rrm_msgs/lib:/opt/ros/jazzy/opt/rviz_ogre_vendor/lib:/opt/ros/jazzy/lib/x86_64-linux-gnu:/opt/ros/jazzy/opt/gz_math_vendor/lib:/opt/ros/jazzy/opt/gz_utils_vendor/lib:/opt/ros/jazzy/opt/gz_cmake_vendor/lib:/opt/ros/jazzy/lib PYTHONPATH=/home/matus/ros2_ws/install/rrm_msgs/lib/python3.12/site-packages:/home/matus/ros2_ws/src/install/rrm_msgs/lib/python3.12/site-packages:/opt/ros/jazzy/lib/python3.12/site-packages /usr/bin/cmake --build /home/matus/ros2_ws/build/rrm_sim -- -j12 -l12
[0.056s] [100%] Built target robot_sim_node
[0.067s] Invoked command in '/home/matus/ros2_ws/build/rrm_sim' returned '0': CMAKE_PREFIX_PATH=/home/matus/ros2_ws/install/rrm_msgs:/home/matus/ros2_ws/src/install/rrm_simple_robot_model:/home/matus/ros2_ws/src/install/rrm_sim:/home/matus/ros2_ws/src/install/block1_matuska:/home/matus/ros2_ws/src/install/rrm_msgs:/home/matus/ros2_ws/src/install/matuska_interface:/home/matus/ros2_ws/install/rrm_simple_robot_model:/home/matus/ros2_ws/install/rrm_sim:/home/matus/ros2_ws/install/block1_matuska:/home/matus/ros2_ws/install/cviko1:/home/matus/ros2_ws/install/cv1:/opt/ros/jazzy/opt/gz_math_vendor:/opt/ros/jazzy/opt/gz_utils_vendor:/opt/ros/jazzy/opt/gz_cmake_vendor:/opt/ros/jazzy DEBUGINFOD_URLS=https://debuginfod.ubuntu.com LD_LIBRARY_PATH=/home/matus/ros2_ws/install/rrm_msgs/lib:/home/matus/ros2_ws/src/install/rrm_msgs/lib:/opt/ros/jazzy/opt/rviz_ogre_vendor/lib:/opt/ros/jazzy/lib/x86_64-linux-gnu:/opt/ros/jazzy/opt/gz_math_vendor/lib:/opt/ros/jazzy/opt/gz_utils_vendor/lib:/opt/ros/jazzy/opt/gz_cmake_vendor/lib:/opt/ros/jazzy/lib PYTHONPATH=/home/matus/ros2_ws/install/rrm_msgs/lib/python3.12/site-packages:/home/matus/ros2_ws/src/install/rrm_msgs/lib/python3.12/site-packages:/opt/ros/jazzy/lib/python3.12/site-packages /usr/bin/cmake --build /home/matus/ros2_ws/build/rrm_sim -- -j12 -l12
[0.088s] Invoking command in '/home/matus/ros2_ws/build/rrm_sim': CMAKE_PREFIX_PATH=/home/matus/ros2_ws/install/rrm_msgs:/home/matus/ros2_ws/src/install/rrm_simple_robot_model:/home/matus/ros2_ws/src/install/rrm_sim:/home/matus/ros2_ws/src/install/block1_matuska:/home/matus/ros2_ws/src/install/rrm_msgs:/home/matus/ros2_ws/src/install/matuska_interface:/home/matus/ros2_ws/install/rrm_simple_robot_model:/home/matus/ros2_ws/install/rrm_sim:/home/matus/ros2_ws/install/block1_matuska:/home/matus/ros2_ws/install/cviko1:/home/matus/ros2_ws/install/cv1:/opt/ros/jazzy/opt/gz_math_vendor:/opt/ros/jazzy/opt/gz_utils_vendor:/opt/ros/jazzy/opt/gz_cmake_vendor:/opt/ros/jazzy DEBUGINFOD_URLS=https://debuginfod.ubuntu.com LD_LIBRARY_PATH=/home/matus/ros2_ws/install/rrm_msgs/lib:/home/matus/ros2_ws/src/install/rrm_msgs/lib:/opt/ros/jazzy/opt/rviz_ogre_vendor/lib:/opt/ros/jazzy/lib/x86_64-linux-gnu:/opt/ros/jazzy/opt/gz_math_vendor/lib:/opt/ros/jazzy/opt/gz_utils_vendor/lib:/opt/ros/jazzy/opt/gz_cmake_vendor/lib:/opt/ros/jazzy/lib PYTHONPATH=/home/matus/ros2_ws/install/rrm_msgs/lib/python3.12/site-packages:/home/matus/ros2_ws/src/install/rrm_msgs/lib/python3.12/site-packages:/opt/ros/jazzy/lib/python3.12/site-packages /usr/bin/cmake --install /home/matus/ros2_ws/build/rrm_sim
[0.095s] -- Install configuration: ""
[0.096s] -- Up-to-date: /home/matus/ros2_ws/install/rrm_sim/lib/rrm_sim/robot_sim_node
[0.096s] -- Up-to-date: /home/matus/ros2_ws/install/rrm_sim/share/rrm_sim/launch
[0.096s] -- Up-to-date: /home/matus/ros2_ws/install/rrm_sim/share/rrm_sim/launch/rrm_sim.launch.xml
[0.096s] -- Up-to-date: /home/matus/ros2_ws/install/rrm_sim/share/ament_index/resource_index/package_run_dependencies/rrm_sim
[0.096s] -- Up-to-date: /home/matus/ros2_ws/install/rrm_sim/share/ament_index/resource_index/parent_prefix_path/rrm_sim
[0.096s] -- Up-to-date: /home/matus/ros2_ws/install/rrm_sim/share/rrm_sim/environment/ament_prefix_path.sh
[0.096s] -- Up-to-date: /home/matus/ros2_ws/install/rrm_sim/share/rrm_sim/environment/ament_prefix_path.dsv
[0.096s] -- Up-to-date: /home/matus/ros2_ws/install/rrm_sim/share/rrm_sim/environment/path.sh
[0.096s] -- Up-to-date: /home/matus/ros2_ws/install/rrm_sim/share/rrm_sim/environment/path.dsv
[0.096s] -- Up-to-date: /home/matus/ros2_ws/install/rrm_sim/share/rrm_sim/local_setup.bash
[0.097s] -- Up-to-date: /home/matus/ros2_ws/install/rrm_sim/share/rrm_sim/local_setup.sh
[0.097s] -- Up-to-date: /home/matus/ros2_ws/install/rrm_sim/share/rrm_sim/local_setup.zsh
[0.097s] -- Up-to-date: /home/matus/ros2_ws/install/rrm_sim/share/rrm_sim/local_setup.dsv
[0.098s] -- Installing: /home/matus/ros2_ws/install/rrm_sim/share/rrm_sim/package.dsv
[0.098s] -- Up-to-date: /home/matus/ros2_ws/install/rrm_sim/share/ament_index/resource_index/packages/rrm_sim
[0.098s] -- Up-to-date: /home/matus/ros2_ws/install/rrm_sim/share/rrm_sim/cmake/rrm_simConfig.cmake
[0.098s] -- Up-to-date: /home/matus/ros2_ws/install/rrm_sim/share/rrm_sim/cmake/rrm_simConfig-version.cmake
[0.098s] -- Up-to-date: /home/matus/ros2_ws/install/rrm_sim/share/rrm_sim/package.xml
[0.099s] Invoked command in '/home/matus/ros2_ws/build/rrm_sim' returned '0': CMAKE_PREFIX_PATH=/home/matus/ros2_ws/install/rrm_msgs:/home/matus/ros2_ws/src/install/rrm_simple_robot_model:/home/matus/ros2_ws/src/install/rrm_sim:/home/matus/ros2_ws/src/install/block1_matuska:/home/matus/ros2_ws/src/install/rrm_msgs:/home/matus/ros2_ws/src/install/matuska_interface:/home/matus/ros2_ws/install/rrm_simple_robot_model:/home/matus/ros2_ws/install/rrm_sim:/home/matus/ros2_ws/install/block1_matuska:/home/matus/ros2_ws/install/cviko1:/home/matus/ros2_ws/install/cv1:/opt/ros/jazzy/opt/gz_math_vendor:/opt/ros/jazzy/opt/gz_utils_vendor:/opt/ros/jazzy/opt/gz_cmake_vendor:/opt/ros/jazzy DEBUGINFOD_URLS=https://debuginfod.ubuntu.com LD_LIBRARY_PATH=/home/matus/ros2_ws/install/rrm_msgs/lib:/home/matus/ros2_ws/src/install/rrm_msgs/lib:/opt/ros/jazzy/opt/rviz_ogre_vendor/lib:/opt/ros/jazzy/lib/x86_64-linux-gnu:/opt/ros/jazzy/opt/gz_math_vendor/lib:/opt/ros/jazzy/opt/gz_utils_vendor/lib:/opt/ros/jazzy/opt/gz_cmake_vendor/lib:/opt/ros/jazzy/lib PYTHONPATH=/home/matus/ros2_ws/install/rrm_msgs/lib/python3.12/site-packages:/home/matus/ros2_ws/src/install/rrm_msgs/lib/python3.12/site-packages:/opt/ros/jazzy/lib/python3.12/site-packages /usr/bin/cmake --install /home/matus/ros2_ws/build/rrm_sim
