[0.033s] Invoking command in '/home/matus/ros2_ws/build/abb_moveit_config': CMAKE_PREFIX_PATH=/home/matus/ros2_ws/install/abb_model:/home/matus/ros2_ws/install/trajectory_visualization:/home/matus/ros2_ws/install/rrm_simple_robot_model:/home/matus/ros2_ws/install/rrm_sim:/home/matus/ros2_ws/install/block2_matuska:/home/matus/ros2_ws/install/block1_matuska:/home/matus/ros2_ws/install/rrm_msgs:/home/matus/ros2_ws/install/matuska_interface:/home/matus/ros2_ws/install/ik_solver_example:/home/matus/ros2_ws/install/eigen_example:/home/matus/ros2_ws/install/cviko1:/home/matus/ros2_ws/install/cv1:/home/matus/ros2_ws/install/abb_irb4600_ikfast:/home/matus/ros2_ws/src/install/rrm_simple_robot_model:/home/matus/ros2_ws/src/install/rrm_sim:/home/matus/ros2_ws/src/install/block1_matuska:/home/matus/ros2_ws/src/install/rrm_msgs:/home/matus/ros2_ws/src/install/matuska_interface:/opt/ros/jazzy/opt/sdformat_vendor:/opt/ros/jazzy/opt/gz_math_vendor:/opt/ros/jazzy/opt/gz_utils_vendor:/opt/ros/jazzy/opt/gz_tools_vendor:/opt/ros/jazzy/opt/gz_cmake_vendor:/opt/ros/jazzy DEBUGINFOD_URLS=https://debuginfod.ubuntu.com /usr/bin/cmake /home/matus/ros2_ws/src/abb_moveit_config -DCMAKE_INSTALL_PREFIX=/home/matus/ros2_ws/install/abb_moveit_config
[0.122s] -- The C compiler identification is GNU 13.2.0
[0.201s] -- The CXX compiler identification is GNU 13.2.0
[0.223s] -- Detecting C compiler ABI info
[0.320s] -- Detecting C compiler ABI info - done
[0.326s] -- Check for working C compiler: /usr/bin/cc - skipped
[0.327s] -- Detecting C compile features
[0.327s] -- Detecting C compile features - done
[0.338s] -- Detecting CXX compiler ABI info
[0.442s] -- Detecting CXX compiler ABI info - done
[0.450s] -- Check for working CXX compiler: /usr/bin/c++ - skipped
[0.450s] -- Detecting CXX compile features
[0.450s] -- Detecting CXX compile features - done
[0.457s] -- Found ament_cmake: 2.5.2 (/opt/ros/jazzy/share/ament_cmake/cmake)
[0.627s] -- Found Python3: /usr/bin/python3 (found version "3.12.3") found components: Interpreter 
[0.864s] -- Configuring done (0.8s)
[0.868s] -- Generating done (0.0s)
[0.869s] -- Build files have been written to: /home/matus/ros2_ws/build/abb_moveit_config
[0.877s] Invoked command in '/home/matus/ros2_ws/build/abb_moveit_config' returned '0': CMAKE_PREFIX_PATH=/home/matus/ros2_ws/install/abb_model:/home/matus/ros2_ws/install/trajectory_visualization:/home/matus/ros2_ws/install/rrm_simple_robot_model:/home/matus/ros2_ws/install/rrm_sim:/home/matus/ros2_ws/install/block2_matuska:/home/matus/ros2_ws/install/block1_matuska:/home/matus/ros2_ws/install/rrm_msgs:/home/matus/ros2_ws/install/matuska_interface:/home/matus/ros2_ws/install/ik_solver_example:/home/matus/ros2_ws/install/eigen_example:/home/matus/ros2_ws/install/cviko1:/home/matus/ros2_ws/install/cv1:/home/matus/ros2_ws/install/abb_irb4600_ikfast:/home/matus/ros2_ws/src/install/rrm_simple_robot_model:/home/matus/ros2_ws/src/install/rrm_sim:/home/matus/ros2_ws/src/install/block1_matuska:/home/matus/ros2_ws/src/install/rrm_msgs:/home/matus/ros2_ws/src/install/matuska_interface:/opt/ros/jazzy/opt/sdformat_vendor:/opt/ros/jazzy/opt/gz_math_vendor:/opt/ros/jazzy/opt/gz_utils_vendor:/opt/ros/jazzy/opt/gz_tools_vendor:/opt/ros/jazzy/opt/gz_cmake_vendor:/opt/ros/jazzy DEBUGINFOD_URLS=https://debuginfod.ubuntu.com /usr/bin/cmake /home/matus/ros2_ws/src/abb_moveit_config -DCMAKE_INSTALL_PREFIX=/home/matus/ros2_ws/install/abb_moveit_config
[0.878s] Invoking command in '/home/matus/ros2_ws/build/abb_moveit_config': CMAKE_PREFIX_PATH=/home/matus/ros2_ws/install/abb_model:/home/matus/ros2_ws/install/trajectory_visualization:/home/matus/ros2_ws/install/rrm_simple_robot_model:/home/matus/ros2_ws/install/rrm_sim:/home/matus/ros2_ws/install/block2_matuska:/home/matus/ros2_ws/install/block1_matuska:/home/matus/ros2_ws/install/rrm_msgs:/home/matus/ros2_ws/install/matuska_interface:/home/matus/ros2_ws/install/ik_solver_example:/home/matus/ros2_ws/install/eigen_example:/home/matus/ros2_ws/install/cviko1:/home/matus/ros2_ws/install/cv1:/home/matus/ros2_ws/install/abb_irb4600_ikfast:/home/matus/ros2_ws/src/install/rrm_simple_robot_model:/home/matus/ros2_ws/src/install/rrm_sim:/home/matus/ros2_ws/src/install/block1_matuska:/home/matus/ros2_ws/src/install/rrm_msgs:/home/matus/ros2_ws/src/install/matuska_interface:/opt/ros/jazzy/opt/sdformat_vendor:/opt/ros/jazzy/opt/gz_math_vendor:/opt/ros/jazzy/opt/gz_utils_vendor:/opt/ros/jazzy/opt/gz_tools_vendor:/opt/ros/jazzy/opt/gz_cmake_vendor:/opt/ros/jazzy DEBUGINFOD_URLS=https://debuginfod.ubuntu.com /usr/bin/cmake --build /home/matus/ros2_ws/build/abb_moveit_config -- -j12 -l12
[0.925s] Invoked command in '/home/matus/ros2_ws/build/abb_moveit_config' returned '0': CMAKE_PREFIX_PATH=/home/matus/ros2_ws/install/abb_model:/home/matus/ros2_ws/install/trajectory_visualization:/home/matus/ros2_ws/install/rrm_simple_robot_model:/home/matus/ros2_ws/install/rrm_sim:/home/matus/ros2_ws/install/block2_matuska:/home/matus/ros2_ws/install/block1_matuska:/home/matus/ros2_ws/install/rrm_msgs:/home/matus/ros2_ws/install/matuska_interface:/home/matus/ros2_ws/install/ik_solver_example:/home/matus/ros2_ws/install/eigen_example:/home/matus/ros2_ws/install/cviko1:/home/matus/ros2_ws/install/cv1:/home/matus/ros2_ws/install/abb_irb4600_ikfast:/home/matus/ros2_ws/src/install/rrm_simple_robot_model:/home/matus/ros2_ws/src/install/rrm_sim:/home/matus/ros2_ws/src/install/block1_matuska:/home/matus/ros2_ws/src/install/rrm_msgs:/home/matus/ros2_ws/src/install/matuska_interface:/opt/ros/jazzy/opt/sdformat_vendor:/opt/ros/jazzy/opt/gz_math_vendor:/opt/ros/jazzy/opt/gz_utils_vendor:/opt/ros/jazzy/opt/gz_tools_vendor:/opt/ros/jazzy/opt/gz_cmake_vendor:/opt/ros/jazzy DEBUGINFOD_URLS=https://debuginfod.ubuntu.com /usr/bin/cmake --build /home/matus/ros2_ws/build/abb_moveit_config -- -j12 -l12
[0.950s] Invoking command in '/home/matus/ros2_ws/build/abb_moveit_config': CMAKE_PREFIX_PATH=/home/matus/ros2_ws/install/abb_model:/home/matus/ros2_ws/install/trajectory_visualization:/home/matus/ros2_ws/install/rrm_simple_robot_model:/home/matus/ros2_ws/install/rrm_sim:/home/matus/ros2_ws/install/block2_matuska:/home/matus/ros2_ws/install/block1_matuska:/home/matus/ros2_ws/install/rrm_msgs:/home/matus/ros2_ws/install/matuska_interface:/home/matus/ros2_ws/install/ik_solver_example:/home/matus/ros2_ws/install/eigen_example:/home/matus/ros2_ws/install/cviko1:/home/matus/ros2_ws/install/cv1:/home/matus/ros2_ws/install/abb_irb4600_ikfast:/home/matus/ros2_ws/src/install/rrm_simple_robot_model:/home/matus/ros2_ws/src/install/rrm_sim:/home/matus/ros2_ws/src/install/block1_matuska:/home/matus/ros2_ws/src/install/rrm_msgs:/home/matus/ros2_ws/src/install/matuska_interface:/opt/ros/jazzy/opt/sdformat_vendor:/opt/ros/jazzy/opt/gz_math_vendor:/opt/ros/jazzy/opt/gz_utils_vendor:/opt/ros/jazzy/opt/gz_tools_vendor:/opt/ros/jazzy/opt/gz_cmake_vendor:/opt/ros/jazzy DEBUGINFOD_URLS=https://debuginfod.ubuntu.com /usr/bin/cmake --install /home/matus/ros2_ws/build/abb_moveit_config
[0.958s] -- Install configuration: ""
[0.959s] -- Installing: /home/matus/ros2_ws/install/abb_moveit_config/share/ament_index/resource_index/package_run_dependencies/abb_moveit_config
[0.959s] -- Installing: /home/matus/ros2_ws/install/abb_moveit_config/share/ament_index/resource_index/parent_prefix_path/abb_moveit_config
[0.959s] -- Installing: /home/matus/ros2_ws/install/abb_moveit_config/share/abb_moveit_config/environment/ament_prefix_path.sh
[0.959s] -- Installing: /home/matus/ros2_ws/install/abb_moveit_config/share/abb_moveit_config/environment/ament_prefix_path.dsv
[0.960s] -- Installing: /home/matus/ros2_ws/install/abb_moveit_config/share/abb_moveit_config/environment/path.sh
[0.960s] -- Installing: /home/matus/ros2_ws/install/abb_moveit_config/share/abb_moveit_config/environment/path.dsv
[0.960s] -- Installing: /home/matus/ros2_ws/install/abb_moveit_config/share/abb_moveit_config/local_setup.bash
[0.960s] -- Installing: /home/matus/ros2_ws/install/abb_moveit_config/share/abb_moveit_config/local_setup.sh
[0.960s] -- Installing: /home/matus/ros2_ws/install/abb_moveit_config/share/abb_moveit_config/local_setup.zsh
[0.960s] -- Installing: /home/matus/ros2_ws/install/abb_moveit_config/share/abb_moveit_config/local_setup.dsv
[0.960s] -- Installing: /home/matus/ros2_ws/install/abb_moveit_config/share/abb_moveit_config/package.dsv
[0.960s] -- Installing: /home/matus/ros2_ws/install/abb_moveit_config/share/ament_index/resource_index/packages/abb_moveit_config
[0.961s] -- Installing: /home/matus/ros2_ws/install/abb_moveit_config/share/abb_moveit_config/cmake/abb_moveit_configConfig.cmake
[0.961s] -- Installing: /home/matus/ros2_ws/install/abb_moveit_config/share/abb_moveit_config/cmake/abb_moveit_configConfig-version.cmake
[0.961s] -- Installing: /home/matus/ros2_ws/install/abb_moveit_config/share/abb_moveit_config/package.xml
[0.961s] -- Installing: /home/matus/ros2_ws/install/abb_moveit_config/share/abb_moveit_config/launch
[0.961s] -- Installing: /home/matus/ros2_ws/install/abb_moveit_config/share/abb_moveit_config/launch/moveit_rviz.launch.py
[0.961s] -- Installing: /home/matus/ros2_ws/install/abb_moveit_config/share/abb_moveit_config/launch/spawn_controllers.launch.py
[0.961s] -- Installing: /home/matus/ros2_ws/install/abb_moveit_config/share/abb_moveit_config/launch/demo.launch.py
[0.961s] -- Installing: /home/matus/ros2_ws/install/abb_moveit_config/share/abb_moveit_config/launch/move_group.launch.py
[0.961s] -- Installing: /home/matus/ros2_ws/install/abb_moveit_config/share/abb_moveit_config/launch/warehouse_db.launch.py
[0.961s] -- Installing: /home/matus/ros2_ws/install/abb_moveit_config/share/abb_moveit_config/launch/static_virtual_joint_tfs.launch.py
[0.962s] -- Installing: /home/matus/ros2_ws/install/abb_moveit_config/share/abb_moveit_config/launch/setup_assistant.launch.py
[0.962s] -- Installing: /home/matus/ros2_ws/install/abb_moveit_config/share/abb_moveit_config/launch/rsp.launch.py
[0.962s] -- Installing: /home/matus/ros2_ws/install/abb_moveit_config/share/abb_moveit_config/config
[0.962s] -- Installing: /home/matus/ros2_ws/install/abb_moveit_config/share/abb_moveit_config/config/initial_positions.yaml
[0.962s] -- Installing: /home/matus/ros2_ws/install/abb_moveit_config/share/abb_moveit_config/config/pilz_cartesian_limits.yaml
[0.962s] -- Installing: /home/matus/ros2_ws/install/abb_moveit_config/share/abb_moveit_config/config/kinematics.yaml
[0.962s] -- Installing: /home/matus/ros2_ws/install/abb_moveit_config/share/abb_moveit_config/config/abb_irb.ros2_control.xacro
[0.962s] -- Installing: /home/matus/ros2_ws/install/abb_moveit_config/share/abb_moveit_config/config/joint_limits.yaml
[0.962s] -- Installing: /home/matus/ros2_ws/install/abb_moveit_config/share/abb_moveit_config/config/ros2_controllers.yaml
[0.962s] -- Installing: /home/matus/ros2_ws/install/abb_moveit_config/share/abb_moveit_config/config/abb_irb.urdf.xacro
[0.963s] -- Installing: /home/matus/ros2_ws/install/abb_moveit_config/share/abb_moveit_config/config/abb_irb.srdf
[0.963s] -- Installing: /home/matus/ros2_ws/install/abb_moveit_config/share/abb_moveit_config/config/moveit.rviz
[0.963s] -- Installing: /home/matus/ros2_ws/install/abb_moveit_config/share/abb_moveit_config/config/moveit_controllers.yaml
[0.963s] -- Installing: /home/matus/ros2_ws/install/abb_moveit_config/share/abb_moveit_config/.setup_assistant
[0.965s] Invoked command in '/home/matus/ros2_ws/build/abb_moveit_config' returned '0': CMAKE_PREFIX_PATH=/home/matus/ros2_ws/install/abb_model:/home/matus/ros2_ws/install/trajectory_visualization:/home/matus/ros2_ws/install/rrm_simple_robot_model:/home/matus/ros2_ws/install/rrm_sim:/home/matus/ros2_ws/install/block2_matuska:/home/matus/ros2_ws/install/block1_matuska:/home/matus/ros2_ws/install/rrm_msgs:/home/matus/ros2_ws/install/matuska_interface:/home/matus/ros2_ws/install/ik_solver_example:/home/matus/ros2_ws/install/eigen_example:/home/matus/ros2_ws/install/cviko1:/home/matus/ros2_ws/install/cv1:/home/matus/ros2_ws/install/abb_irb4600_ikfast:/home/matus/ros2_ws/src/install/rrm_simple_robot_model:/home/matus/ros2_ws/src/install/rrm_sim:/home/matus/ros2_ws/src/install/block1_matuska:/home/matus/ros2_ws/src/install/rrm_msgs:/home/matus/ros2_ws/src/install/matuska_interface:/opt/ros/jazzy/opt/sdformat_vendor:/opt/ros/jazzy/opt/gz_math_vendor:/opt/ros/jazzy/opt/gz_utils_vendor:/opt/ros/jazzy/opt/gz_tools_vendor:/opt/ros/jazzy/opt/gz_cmake_vendor:/opt/ros/jazzy DEBUGINFOD_URLS=https://debuginfod.ubuntu.com /usr/bin/cmake --install /home/matus/ros2_ws/build/abb_moveit_config
