[0.015s] Invoking command in '/home/matus/ros2_ws/src/build/matuska_interface': CMAKE_PREFIX_PATH=${CMAKE_PREFIX_PATH}:/opt/ros/jazzy DEBUGINFOD_URLS=https://debuginfod.ubuntu.com /usr/bin/cmake /home/matus/ros2_ws/src/matuska_interface -DCMAKE_INSTALL_PREFIX=/home/matus/ros2_ws/src/install/matuska_interface
[0.099s] -- The C compiler identification is GNU 13.2.0
[0.181s] -- The CXX compiler identification is GNU 13.2.0
[0.203s] -- Detecting C compiler ABI info
[0.314s] -- Detecting C compiler ABI info - done
[0.324s] -- Check for working C compiler: /usr/bin/cc - skipped
[0.325s] -- Detecting C compile features
[0.326s] -- Detecting C compile features - done
[0.339s] -- Detecting CXX compiler ABI info
[0.464s] -- Detecting CXX compiler ABI info - done
[0.474s] -- Check for working CXX compiler: /usr/bin/c++ - skipped
[0.474s] -- Detecting CXX compile features
[0.475s] -- Detecting CXX compile features - done
[0.480s] -- Found ament_cmake: 2.5.2 (/opt/ros/jazzy/share/ament_cmake/cmake)
[0.647s] -- Found Python3: /usr/bin/python3 (found version "3.12.3") found components: Interpreter 
[0.754s] -- Found ament_lint_auto: 0.17.1 (/opt/ros/jazzy/share/ament_lint_auto/cmake)
[0.845s] -- Added test 'lint_cmake' to check CMake code style
[0.846s] -- Added test 'xmllint' to check XML markup files
[0.847s] -- Configuring done (0.8s)
[0.850s] -- Generating done (0.0s)
[0.851s] -- Build files have been written to: /home/matus/ros2_ws/src/build/matuska_interface
[0.857s] Invoked command in '/home/matus/ros2_ws/src/build/matuska_interface' returned '0': CMAKE_PREFIX_PATH=${CMAKE_PREFIX_PATH}:/opt/ros/jazzy DEBUGINFOD_URLS=https://debuginfod.ubuntu.com /usr/bin/cmake /home/matus/ros2_ws/src/matuska_interface -DCMAKE_INSTALL_PREFIX=/home/matus/ros2_ws/src/install/matuska_interface
[0.857s] Invoking command in '/home/matus/ros2_ws/src/build/matuska_interface': CMAKE_PREFIX_PATH=${CMAKE_PREFIX_PATH}:/opt/ros/jazzy DEBUGINFOD_URLS=https://debuginfod.ubuntu.com /usr/bin/cmake --build /home/matus/ros2_ws/src/build/matuska_interface -- -j12 -l12
[0.895s] Invoked command in '/home/matus/ros2_ws/src/build/matuska_interface' returned '0': CMAKE_PREFIX_PATH=${CMAKE_PREFIX_PATH}:/opt/ros/jazzy DEBUGINFOD_URLS=https://debuginfod.ubuntu.com /usr/bin/cmake --build /home/matus/ros2_ws/src/build/matuska_interface -- -j12 -l12
[0.913s] Invoking command in '/home/matus/ros2_ws/src/build/matuska_interface': CMAKE_PREFIX_PATH=${CMAKE_PREFIX_PATH}:/opt/ros/jazzy DEBUGINFOD_URLS=https://debuginfod.ubuntu.com /usr/bin/cmake --install /home/matus/ros2_ws/src/build/matuska_interface
[0.920s] -- Install configuration: ""
[0.921s] -- Installing: /home/matus/ros2_ws/src/install/matuska_interface/share/ament_index/resource_index/package_run_dependencies/matuska_interface
[0.921s] -- Installing: /home/matus/ros2_ws/src/install/matuska_interface/share/ament_index/resource_index/parent_prefix_path/matuska_interface
[0.921s] -- Installing: /home/matus/ros2_ws/src/install/matuska_interface/share/matuska_interface/environment/ament_prefix_path.sh
[0.921s] -- Installing: /home/matus/ros2_ws/src/install/matuska_interface/share/matuska_interface/environment/ament_prefix_path.dsv
[0.921s] -- Installing: /home/matus/ros2_ws/src/install/matuska_interface/share/matuska_interface/environment/path.sh
[0.921s] -- Installing: /home/matus/ros2_ws/src/install/matuska_interface/share/matuska_interface/environment/path.dsv
[0.921s] -- Installing: /home/matus/ros2_ws/src/install/matuska_interface/share/matuska_interface/local_setup.bash
[0.921s] -- Installing: /home/matus/ros2_ws/src/install/matuska_interface/share/matuska_interface/local_setup.sh
[0.921s] -- Installing: /home/matus/ros2_ws/src/install/matuska_interface/share/matuska_interface/local_setup.zsh
[0.922s] -- Installing: /home/matus/ros2_ws/src/install/matuska_interface/share/matuska_interface/local_setup.dsv
[0.922s] -- Installing: /home/matus/ros2_ws/src/install/matuska_interface/share/matuska_interface/package.dsv
[0.922s] -- Installing: /home/matus/ros2_ws/src/install/matuska_interface/share/ament_index/resource_index/packages/matuska_interface
[0.922s] -- Installing: /home/matus/ros2_ws/src/install/matuska_interface/share/matuska_interface/cmake/matuska_interfaceConfig.cmake
[0.922s] -- Installing: /home/matus/ros2_ws/src/install/matuska_interface/share/matuska_interface/cmake/matuska_interfaceConfig-version.cmake
[0.922s] -- Installing: /home/matus/ros2_ws/src/install/matuska_interface/share/matuska_interface/package.xml
[0.925s] Invoked command in '/home/matus/ros2_ws/src/build/matuska_interface' returned '0': CMAKE_PREFIX_PATH=${CMAKE_PREFIX_PATH}:/opt/ros/jazzy DEBUGINFOD_URLS=https://debuginfod.ubuntu.com /usr/bin/cmake --install /home/matus/ros2_ws/src/build/matuska_interface
