[0.260s] DEBUG:colcon:Command line arguments: ['/usr/bin/colcon', 'build']
[0.260s] DEBUG:colcon:Parsed command line arguments: Namespace(log_base=None, log_level=None, verb_name='build', build_base='build', install_base='install', merge_install=False, symlink_install=False, test_result_base=None, continue_on_error=False, executor='parallel', parallel_workers=12, event_handlers=None, ignore_user_meta=False, metas=['./colcon.meta'], base_paths=['.'], packages_ignore=None, packages_ignore_regex=None, paths=None, packages_up_to=None, packages_up_to_regex=None, packages_above=None, packages_above_and_dependencies=None, packages_above_depth=None, packages_select_by_dep=None, packages_skip_by_dep=None, packages_skip_up_to=None, packages_select_build_failed=False, packages_skip_build_finished=False, packages_select_test_failures=False, packages_skip_test_passed=False, packages_select=None, packages_skip=None, packages_select_regex=None, packages_skip_regex=None, packages_start=None, packages_end=None, allow_overriding=[], cmake_args=None, cmake_target=None, cmake_target_skip_unavailable=False, cmake_clean_cache=False, cmake_clean_first=False, cmake_force_configure=False, ament_cmake_args=None, catkin_cmake_args=None, catkin_skip_building_tests=False, mixin_files=None, mixin=None, verb_parser=<colcon_mixin.mixin.mixin_argument.MixinArgumentDecorator object at 0x77b54777a6f0>, verb_extension=<colcon_core.verb.build.BuildVerb object at 0x77b5487c9610>, main=<bound method BuildVerb.main of <colcon_core.verb.build.BuildVerb object at 0x77b5487c9610>>, mixin_verb=('build',))
[0.343s] Level 1:colcon.colcon_core.package_discovery:discover_packages(colcon_meta) check parameters
[0.344s] Level 1:colcon.colcon_core.package_discovery:discover_packages(recursive) check parameters
[0.344s] Level 1:colcon.colcon_core.package_discovery:discover_packages(ignore) check parameters
[0.344s] Level 1:colcon.colcon_core.package_discovery:discover_packages(path) check parameters
[0.344s] Level 1:colcon.colcon_core.package_discovery:discover_packages(colcon_meta) discover
[0.344s] Level 1:colcon.colcon_core.package_discovery:discover_packages(recursive) discover
[0.344s] INFO:colcon.colcon_core.package_discovery:Crawling recursively for packages in '/home/matus/ros2_ws'
[0.344s] Level 1:colcon.colcon_core.package_identification:_identify(.) by extensions ['ignore', 'ignore_ament_install']
[0.344s] Level 1:colcon.colcon_core.package_identification:_identify(.) by extension 'ignore'
[0.345s] Level 1:colcon.colcon_core.package_identification:_identify(.) by extension 'ignore_ament_install'
[0.345s] Level 1:colcon.colcon_core.package_identification:_identify(.) by extensions ['colcon_pkg']
[0.345s] Level 1:colcon.colcon_core.package_identification:_identify(.) by extension 'colcon_pkg'
[0.345s] Level 1:colcon.colcon_core.package_identification:_identify(.) by extensions ['colcon_meta']
[0.345s] Level 1:colcon.colcon_core.package_identification:_identify(.) by extension 'colcon_meta'
[0.345s] Level 1:colcon.colcon_core.package_identification:_identify(.) by extensions ['ros']
[0.345s] Level 1:colcon.colcon_core.package_identification:_identify(.) by extension 'ros'
[0.402s] Level 1:colcon.colcon_core.package_identification:_identify(.) by extensions ['cmake', 'python']
[0.402s] Level 1:colcon.colcon_core.package_identification:_identify(.) by extension 'cmake'
[0.402s] Level 1:colcon.colcon_core.package_identification:_identify(.) by extension 'python'
[0.402s] Level 1:colcon.colcon_core.package_identification:_identify(.) by extensions ['python_setup_py']
[0.402s] Level 1:colcon.colcon_core.package_identification:_identify(.) by extension 'python_setup_py'
[0.403s] Level 1:colcon.colcon_core.package_identification:_identify(build) by extensions ['ignore', 'ignore_ament_install']
[0.403s] Level 1:colcon.colcon_core.package_identification:_identify(build) by extension 'ignore'
[0.403s] Level 1:colcon.colcon_core.package_identification:_identify(build) ignored
[0.403s] Level 1:colcon.colcon_core.package_identification:_identify(cviko1) by extensions ['ignore', 'ignore_ament_install']
[0.403s] Level 1:colcon.colcon_core.package_identification:_identify(cviko1) by extension 'ignore'
[0.404s] Level 1:colcon.colcon_core.package_identification:_identify(cviko1) by extension 'ignore_ament_install'
[0.404s] Level 1:colcon.colcon_core.package_identification:_identify(cviko1) by extensions ['colcon_pkg']
[0.404s] Level 1:colcon.colcon_core.package_identification:_identify(cviko1) by extension 'colcon_pkg'
[0.404s] Level 1:colcon.colcon_core.package_identification:_identify(cviko1) by extensions ['colcon_meta']
[0.404s] Level 1:colcon.colcon_core.package_identification:_identify(cviko1) by extension 'colcon_meta'
[0.404s] Level 1:colcon.colcon_core.package_identification:_identify(cviko1) by extensions ['ros']
[0.404s] Level 1:colcon.colcon_core.package_identification:_identify(cviko1) by extension 'ros'
[0.409s] DEBUG:colcon.colcon_core.package_identification:Package 'cviko1' with type 'ros.ament_cmake' and name 'cviko1'
[0.410s] Level 1:colcon.colcon_core.package_identification:_identify(install) by extensions ['ignore', 'ignore_ament_install']
[0.410s] Level 1:colcon.colcon_core.package_identification:_identify(install) by extension 'ignore'
[0.410s] Level 1:colcon.colcon_core.package_identification:_identify(install) ignored
[0.410s] Level 1:colcon.colcon_core.package_identification:_identify(log) by extensions ['ignore', 'ignore_ament_install']
[0.411s] Level 1:colcon.colcon_core.package_identification:_identify(log) by extension 'ignore'
[0.411s] Level 1:colcon.colcon_core.package_identification:_identify(log) ignored
[0.411s] Level 1:colcon.colcon_core.package_identification:_identify(src) by extensions ['ignore', 'ignore_ament_install']
[0.411s] Level 1:colcon.colcon_core.package_identification:_identify(src) by extension 'ignore'
[0.411s] Level 1:colcon.colcon_core.package_identification:_identify(src) by extension 'ignore_ament_install'
[0.411s] Level 1:colcon.colcon_core.package_identification:_identify(src) by extensions ['colcon_pkg']
[0.411s] Level 1:colcon.colcon_core.package_identification:_identify(src) by extension 'colcon_pkg'
[0.412s] Level 1:colcon.colcon_core.package_identification:_identify(src) by extensions ['colcon_meta']
[0.412s] Level 1:colcon.colcon_core.package_identification:_identify(src) by extension 'colcon_meta'
[0.412s] Level 1:colcon.colcon_core.package_identification:_identify(src) by extensions ['ros']
[0.412s] Level 1:colcon.colcon_core.package_identification:_identify(src) by extension 'ros'
[0.412s] Level 1:colcon.colcon_core.package_identification:_identify(src) by extensions ['cmake', 'python']
[0.412s] Level 1:colcon.colcon_core.package_identification:_identify(src) by extension 'cmake'
[0.412s] Level 1:colcon.colcon_core.package_identification:_identify(src) by extension 'python'
[0.412s] Level 1:colcon.colcon_core.package_identification:_identify(src) by extensions ['python_setup_py']
[0.412s] Level 1:colcon.colcon_core.package_identification:_identify(src) by extension 'python_setup_py'
[0.412s] Level 1:colcon.colcon_core.package_identification:_identify(src/block1_matuska) by extensions ['ignore', 'ignore_ament_install']
[0.413s] Level 1:colcon.colcon_core.package_identification:_identify(src/block1_matuska) by extension 'ignore'
[0.413s] Level 1:colcon.colcon_core.package_identification:_identify(src/block1_matuska) by extension 'ignore_ament_install'
[0.413s] Level 1:colcon.colcon_core.package_identification:_identify(src/block1_matuska) by extensions ['colcon_pkg']
[0.413s] Level 1:colcon.colcon_core.package_identification:_identify(src/block1_matuska) by extension 'colcon_pkg'
[0.413s] Level 1:colcon.colcon_core.package_identification:_identify(src/block1_matuska) by extensions ['colcon_meta']
[0.413s] Level 1:colcon.colcon_core.package_identification:_identify(src/block1_matuska) by extension 'colcon_meta'
[0.413s] Level 1:colcon.colcon_core.package_identification:_identify(src/block1_matuska) by extensions ['ros']
[0.413s] Level 1:colcon.colcon_core.package_identification:_identify(src/block1_matuska) by extension 'ros'
[0.415s] DEBUG:colcon.colcon_core.package_identification:Package 'src/block1_matuska' with type 'ros.ament_cmake' and name 'block1_matuska'
[0.415s] Level 1:colcon.colcon_core.package_identification:_identify(src/build) by extensions ['ignore', 'ignore_ament_install']
[0.415s] Level 1:colcon.colcon_core.package_identification:_identify(src/build) by extension 'ignore'
[0.415s] Level 1:colcon.colcon_core.package_identification:_identify(src/build) ignored
[0.415s] Level 1:colcon.colcon_core.package_identification:_identify(src/eigen_example) by extensions ['ignore', 'ignore_ament_install']
[0.416s] Level 1:colcon.colcon_core.package_identification:_identify(src/eigen_example) by extension 'ignore'
[0.416s] Level 1:colcon.colcon_core.package_identification:_identify(src/eigen_example) by extension 'ignore_ament_install'
[0.416s] Level 1:colcon.colcon_core.package_identification:_identify(src/eigen_example) by extensions ['colcon_pkg']
[0.416s] Level 1:colcon.colcon_core.package_identification:_identify(src/eigen_example) by extension 'colcon_pkg'
[0.416s] Level 1:colcon.colcon_core.package_identification:_identify(src/eigen_example) by extensions ['colcon_meta']
[0.416s] Level 1:colcon.colcon_core.package_identification:_identify(src/eigen_example) by extension 'colcon_meta'
[0.416s] Level 1:colcon.colcon_core.package_identification:_identify(src/eigen_example) by extensions ['ros']
[0.416s] Level 1:colcon.colcon_core.package_identification:_identify(src/eigen_example) by extension 'ros'
[0.417s] DEBUG:colcon.colcon_core.package_identification:Package 'src/eigen_example' with type 'ros.ament_cmake' and name 'eigen_example'
[0.418s] Level 1:colcon.colcon_core.package_identification:_identify(src/install) by extensions ['ignore', 'ignore_ament_install']
[0.418s] Level 1:colcon.colcon_core.package_identification:_identify(src/install) by extension 'ignore'
[0.418s] Level 1:colcon.colcon_core.package_identification:_identify(src/install) ignored
[0.418s] Level 1:colcon.colcon_core.package_identification:_identify(src/log) by extensions ['ignore', 'ignore_ament_install']
[0.418s] Level 1:colcon.colcon_core.package_identification:_identify(src/log) by extension 'ignore'
[0.418s] Level 1:colcon.colcon_core.package_identification:_identify(src/log) ignored
[0.419s] Level 1:colcon.colcon_core.package_identification:_identify(src/matuska_interface) by extensions ['ignore', 'ignore_ament_install']
[0.419s] Level 1:colcon.colcon_core.package_identification:_identify(src/matuska_interface) by extension 'ignore'
[0.419s] Level 1:colcon.colcon_core.package_identification:_identify(src/matuska_interface) by extension 'ignore_ament_install'
[0.419s] Level 1:colcon.colcon_core.package_identification:_identify(src/matuska_interface) by extensions ['colcon_pkg']
[0.419s] Level 1:colcon.colcon_core.package_identification:_identify(src/matuska_interface) by extension 'colcon_pkg'
[0.419s] Level 1:colcon.colcon_core.package_identification:_identify(src/matuska_interface) by extensions ['colcon_meta']
[0.419s] Level 1:colcon.colcon_core.package_identification:_identify(src/matuska_interface) by extension 'colcon_meta'
[0.419s] Level 1:colcon.colcon_core.package_identification:_identify(src/matuska_interface) by extensions ['ros']
[0.419s] Level 1:colcon.colcon_core.package_identification:_identify(src/matuska_interface) by extension 'ros'
[0.420s] DEBUG:colcon.colcon_core.package_identification:Package 'src/matuska_interface' with type 'ros.ament_cmake' and name 'matuska_interface'
[0.421s] Level 1:colcon.colcon_core.package_identification:_identify(src/msg) by extensions ['ignore', 'ignore_ament_install']
[0.421s] Level 1:colcon.colcon_core.package_identification:_identify(src/msg) by extension 'ignore'
[0.421s] Level 1:colcon.colcon_core.package_identification:_identify(src/msg) by extension 'ignore_ament_install'
[0.421s] Level 1:colcon.colcon_core.package_identification:_identify(src/msg) by extensions ['colcon_pkg']
[0.421s] Level 1:colcon.colcon_core.package_identification:_identify(src/msg) by extension 'colcon_pkg'
[0.421s] Level 1:colcon.colcon_core.package_identification:_identify(src/msg) by extensions ['colcon_meta']
[0.421s] Level 1:colcon.colcon_core.package_identification:_identify(src/msg) by extension 'colcon_meta'
[0.421s] Level 1:colcon.colcon_core.package_identification:_identify(src/msg) by extensions ['ros']
[0.421s] Level 1:colcon.colcon_core.package_identification:_identify(src/msg) by extension 'ros'
[0.422s] Level 1:colcon.colcon_core.package_identification:_identify(src/msg) by extensions ['cmake', 'python']
[0.422s] Level 1:colcon.colcon_core.package_identification:_identify(src/msg) by extension 'cmake'
[0.422s] Level 1:colcon.colcon_core.package_identification:_identify(src/msg) by extension 'python'
[0.422s] Level 1:colcon.colcon_core.package_identification:_identify(src/msg) by extensions ['python_setup_py']
[0.422s] Level 1:colcon.colcon_core.package_identification:_identify(src/msg) by extension 'python_setup_py'
[0.422s] Level 1:colcon.colcon_core.package_identification:_identify(src/rrm) by extensions ['ignore', 'ignore_ament_install']
[0.422s] Level 1:colcon.colcon_core.package_identification:_identify(src/rrm) by extension 'ignore'
[0.422s] Level 1:colcon.colcon_core.package_identification:_identify(src/rrm) by extension 'ignore_ament_install'
[0.423s] Level 1:colcon.colcon_core.package_identification:_identify(src/rrm) by extensions ['colcon_pkg']
[0.423s] Level 1:colcon.colcon_core.package_identification:_identify(src/rrm) by extension 'colcon_pkg'
[0.423s] Level 1:colcon.colcon_core.package_identification:_identify(src/rrm) by extensions ['colcon_meta']
[0.423s] Level 1:colcon.colcon_core.package_identification:_identify(src/rrm) by extension 'colcon_meta'
[0.423s] Level 1:colcon.colcon_core.package_identification:_identify(src/rrm) by extensions ['ros']
[0.423s] Level 1:colcon.colcon_core.package_identification:_identify(src/rrm) by extension 'ros'
[0.423s] Level 1:colcon.colcon_core.package_identification:_identify(src/rrm) by extensions ['cmake', 'python']
[0.423s] Level 1:colcon.colcon_core.package_identification:_identify(src/rrm) by extension 'cmake'
[0.423s] Level 1:colcon.colcon_core.package_identification:_identify(src/rrm) by extension 'python'
[0.423s] Level 1:colcon.colcon_core.package_identification:_identify(src/rrm) by extensions ['python_setup_py']
[0.423s] Level 1:colcon.colcon_core.package_identification:_identify(src/rrm) by extension 'python_setup_py'
[0.423s] Level 1:colcon.colcon_core.package_identification:_identify(src/rrm/rrm_msgs) by extensions ['ignore', 'ignore_ament_install']
[0.424s] Level 1:colcon.colcon_core.package_identification:_identify(src/rrm/rrm_msgs) by extension 'ignore'
[0.424s] Level 1:colcon.colcon_core.package_identification:_identify(src/rrm/rrm_msgs) by extension 'ignore_ament_install'
[0.424s] Level 1:colcon.colcon_core.package_identification:_identify(src/rrm/rrm_msgs) by extensions ['colcon_pkg']
[0.424s] Level 1:colcon.colcon_core.package_identification:_identify(src/rrm/rrm_msgs) by extension 'colcon_pkg'
[0.424s] Level 1:colcon.colcon_core.package_identification:_identify(src/rrm/rrm_msgs) by extensions ['colcon_meta']
[0.424s] Level 1:colcon.colcon_core.package_identification:_identify(src/rrm/rrm_msgs) by extension 'colcon_meta'
[0.424s] Level 1:colcon.colcon_core.package_identification:_identify(src/rrm/rrm_msgs) by extensions ['ros']
[0.424s] Level 1:colcon.colcon_core.package_identification:_identify(src/rrm/rrm_msgs) by extension 'ros'
[0.425s] DEBUG:colcon.colcon_core.package_identification:Package 'src/rrm/rrm_msgs' with type 'ros.ament_cmake' and name 'rrm_msgs'
[0.425s] Level 1:colcon.colcon_core.package_identification:_identify(src/rrm/rrm_sim) by extensions ['ignore', 'ignore_ament_install']
[0.425s] Level 1:colcon.colcon_core.package_identification:_identify(src/rrm/rrm_sim) by extension 'ignore'
[0.426s] Level 1:colcon.colcon_core.package_identification:_identify(src/rrm/rrm_sim) by extension 'ignore_ament_install'
[0.426s] Level 1:colcon.colcon_core.package_identification:_identify(src/rrm/rrm_sim) by extensions ['colcon_pkg']
[0.426s] Level 1:colcon.colcon_core.package_identification:_identify(src/rrm/rrm_sim) by extension 'colcon_pkg'
[0.426s] Level 1:colcon.colcon_core.package_identification:_identify(src/rrm/rrm_sim) by extensions ['colcon_meta']
[0.426s] Level 1:colcon.colcon_core.package_identification:_identify(src/rrm/rrm_sim) by extension 'colcon_meta'
[0.426s] Level 1:colcon.colcon_core.package_identification:_identify(src/rrm/rrm_sim) by extensions ['ros']
[0.426s] Level 1:colcon.colcon_core.package_identification:_identify(src/rrm/rrm_sim) by extension 'ros'
[0.427s] DEBUG:colcon.colcon_core.package_identification:Package 'src/rrm/rrm_sim' with type 'ros.ament_cmake' and name 'rrm_sim'
[0.428s] Level 1:colcon.colcon_core.package_identification:_identify(src/rrm/rrm_simple_robot_model) by extensions ['ignore', 'ignore_ament_install']
[0.428s] Level 1:colcon.colcon_core.package_identification:_identify(src/rrm/rrm_simple_robot_model) by extension 'ignore'
[0.428s] Level 1:colcon.colcon_core.package_identification:_identify(src/rrm/rrm_simple_robot_model) by extension 'ignore_ament_install'
[0.428s] Level 1:colcon.colcon_core.package_identification:_identify(src/rrm/rrm_simple_robot_model) by extensions ['colcon_pkg']
[0.428s] Level 1:colcon.colcon_core.package_identification:_identify(src/rrm/rrm_simple_robot_model) by extension 'colcon_pkg'
[0.428s] Level 1:colcon.colcon_core.package_identification:_identify(src/rrm/rrm_simple_robot_model) by extensions ['colcon_meta']
[0.428s] Level 1:colcon.colcon_core.package_identification:_identify(src/rrm/rrm_simple_robot_model) by extension 'colcon_meta'
[0.428s] Level 1:colcon.colcon_core.package_identification:_identify(src/rrm/rrm_simple_robot_model) by extensions ['ros']
[0.428s] Level 1:colcon.colcon_core.package_identification:_identify(src/rrm/rrm_simple_robot_model) by extension 'ros'
[0.429s] DEBUG:colcon.colcon_core.package_identification:Package 'src/rrm/rrm_simple_robot_model' with type 'ros.ament_cmake' and name 'rrm_simple_robot_model'
[0.429s] Level 1:colcon.colcon_core.package_discovery:discover_packages(recursive) using defaults
[0.430s] Level 1:colcon.colcon_core.package_discovery:discover_packages(ignore) discover
[0.430s] Level 1:colcon.colcon_core.package_discovery:discover_packages(ignore) using defaults
[0.430s] Level 1:colcon.colcon_core.package_discovery:discover_packages(path) discover
[0.430s] Level 1:colcon.colcon_core.package_discovery:discover_packages(path) using defaults
[0.471s] Level 1:colcon.colcon_core.package_discovery:discover_packages(prefix_path) check parameters
[0.472s] Level 1:colcon.colcon_core.package_discovery:discover_packages(prefix_path) discover
[0.477s] DEBUG:colcon.colcon_installed_package_information.package_discovery:Found 8 installed packages in /home/matus/ros2_ws/install
[0.478s] DEBUG:colcon.colcon_installed_package_information.package_discovery:Found 5 installed packages in /home/matus/ros2_ws/src/install
[0.482s] DEBUG:colcon.colcon_installed_package_information.package_discovery:Found 287 installed packages in /opt/ros/jazzy
[0.485s] Level 1:colcon.colcon_core.package_discovery:discover_packages(prefix_path) using defaults
[0.583s] Level 5:colcon.colcon_core.verb:set package 'cviko1' build argument 'cmake_args' from command line to 'None'
[0.583s] Level 5:colcon.colcon_core.verb:set package 'cviko1' build argument 'cmake_target' from command line to 'None'
[0.583s] Level 5:colcon.colcon_core.verb:set package 'cviko1' build argument 'cmake_target_skip_unavailable' from command line to 'False'
[0.583s] Level 5:colcon.colcon_core.verb:set package 'cviko1' build argument 'cmake_clean_cache' from command line to 'False'
[0.583s] Level 5:colcon.colcon_core.verb:set package 'cviko1' build argument 'cmake_clean_first' from command line to 'False'
[0.583s] Level 5:colcon.colcon_core.verb:set package 'cviko1' build argument 'cmake_force_configure' from command line to 'False'
[0.583s] Level 5:colcon.colcon_core.verb:set package 'cviko1' build argument 'ament_cmake_args' from command line to 'None'
[0.583s] Level 5:colcon.colcon_core.verb:set package 'cviko1' build argument 'catkin_cmake_args' from command line to 'None'
[0.583s] Level 5:colcon.colcon_core.verb:set package 'cviko1' build argument 'catkin_skip_building_tests' from command line to 'False'
[0.583s] DEBUG:colcon.colcon_core.verb:Building package 'cviko1' with the following arguments: {'ament_cmake_args': None, 'build_base': '/home/matus/ros2_ws/build/cviko1', 'catkin_cmake_args': None, 'catkin_skip_building_tests': False, 'cmake_args': None, 'cmake_clean_cache': False, 'cmake_clean_first': False, 'cmake_force_configure': False, 'cmake_target': None, 'cmake_target_skip_unavailable': False, 'install_base': '/home/matus/ros2_ws/install/cviko1', 'merge_install': False, 'path': '/home/matus/ros2_ws/cviko1', 'symlink_install': False, 'test_result_base': None}
[0.584s] Level 5:colcon.colcon_core.verb:set package 'eigen_example' build argument 'cmake_args' from command line to 'None'
[0.584s] Level 5:colcon.colcon_core.verb:set package 'eigen_example' build argument 'cmake_target' from command line to 'None'
[0.584s] Level 5:colcon.colcon_core.verb:set package 'eigen_example' build argument 'cmake_target_skip_unavailable' from command line to 'False'
[0.584s] Level 5:colcon.colcon_core.verb:set package 'eigen_example' build argument 'cmake_clean_cache' from command line to 'False'
[0.584s] Level 5:colcon.colcon_core.verb:set package 'eigen_example' build argument 'cmake_clean_first' from command line to 'False'
[0.584s] Level 5:colcon.colcon_core.verb:set package 'eigen_example' build argument 'cmake_force_configure' from command line to 'False'
[0.584s] Level 5:colcon.colcon_core.verb:set package 'eigen_example' build argument 'ament_cmake_args' from command line to 'None'
[0.584s] Level 5:colcon.colcon_core.verb:set package 'eigen_example' build argument 'catkin_cmake_args' from command line to 'None'
[0.584s] Level 5:colcon.colcon_core.verb:set package 'eigen_example' build argument 'catkin_skip_building_tests' from command line to 'False'
[0.584s] DEBUG:colcon.colcon_core.verb:Building package 'eigen_example' with the following arguments: {'ament_cmake_args': None, 'build_base': '/home/matus/ros2_ws/build/eigen_example', 'catkin_cmake_args': None, 'catkin_skip_building_tests': False, 'cmake_args': None, 'cmake_clean_cache': False, 'cmake_clean_first': False, 'cmake_force_configure': False, 'cmake_target': None, 'cmake_target_skip_unavailable': False, 'install_base': '/home/matus/ros2_ws/install/eigen_example', 'merge_install': False, 'path': '/home/matus/ros2_ws/src/eigen_example', 'symlink_install': False, 'test_result_base': None}
[0.585s] Level 5:colcon.colcon_core.verb:set package 'matuska_interface' build argument 'cmake_args' from command line to 'None'
[0.585s] Level 5:colcon.colcon_core.verb:set package 'matuska_interface' build argument 'cmake_target' from command line to 'None'
[0.585s] Level 5:colcon.colcon_core.verb:set package 'matuska_interface' build argument 'cmake_target_skip_unavailable' from command line to 'False'
[0.585s] Level 5:colcon.colcon_core.verb:set package 'matuska_interface' build argument 'cmake_clean_cache' from command line to 'False'
[0.585s] Level 5:colcon.colcon_core.verb:set package 'matuska_interface' build argument 'cmake_clean_first' from command line to 'False'
[0.585s] Level 5:colcon.colcon_core.verb:set package 'matuska_interface' build argument 'cmake_force_configure' from command line to 'False'
[0.585s] Level 5:colcon.colcon_core.verb:set package 'matuska_interface' build argument 'ament_cmake_args' from command line to 'None'
[0.585s] Level 5:colcon.colcon_core.verb:set package 'matuska_interface' build argument 'catkin_cmake_args' from command line to 'None'
[0.585s] Level 5:colcon.colcon_core.verb:set package 'matuska_interface' build argument 'catkin_skip_building_tests' from command line to 'False'
[0.585s] DEBUG:colcon.colcon_core.verb:Building package 'matuska_interface' with the following arguments: {'ament_cmake_args': None, 'build_base': '/home/matus/ros2_ws/build/matuska_interface', 'catkin_cmake_args': None, 'catkin_skip_building_tests': False, 'cmake_args': None, 'cmake_clean_cache': False, 'cmake_clean_first': False, 'cmake_force_configure': False, 'cmake_target': None, 'cmake_target_skip_unavailable': False, 'install_base': '/home/matus/ros2_ws/install/matuska_interface', 'merge_install': False, 'path': '/home/matus/ros2_ws/src/matuska_interface', 'symlink_install': False, 'test_result_base': None}
[0.586s] Level 5:colcon.colcon_core.verb:set package 'rrm_msgs' build argument 'cmake_args' from command line to 'None'
[0.586s] Level 5:colcon.colcon_core.verb:set package 'rrm_msgs' build argument 'cmake_target' from command line to 'None'
[0.586s] Level 5:colcon.colcon_core.verb:set package 'rrm_msgs' build argument 'cmake_target_skip_unavailable' from command line to 'False'
[0.586s] Level 5:colcon.colcon_core.verb:set package 'rrm_msgs' build argument 'cmake_clean_cache' from command line to 'False'
[0.586s] Level 5:colcon.colcon_core.verb:set package 'rrm_msgs' build argument 'cmake_clean_first' from command line to 'False'
[0.586s] Level 5:colcon.colcon_core.verb:set package 'rrm_msgs' build argument 'cmake_force_configure' from command line to 'False'
[0.586s] Level 5:colcon.colcon_core.verb:set package 'rrm_msgs' build argument 'ament_cmake_args' from command line to 'None'
[0.586s] Level 5:colcon.colcon_core.verb:set package 'rrm_msgs' build argument 'catkin_cmake_args' from command line to 'None'
[0.586s] Level 5:colcon.colcon_core.verb:set package 'rrm_msgs' build argument 'catkin_skip_building_tests' from command line to 'False'
[0.586s] DEBUG:colcon.colcon_core.verb:Building package 'rrm_msgs' with the following arguments: {'ament_cmake_args': None, 'build_base': '/home/matus/ros2_ws/build/rrm_msgs', 'catkin_cmake_args': None, 'catkin_skip_building_tests': False, 'cmake_args': None, 'cmake_clean_cache': False, 'cmake_clean_first': False, 'cmake_force_configure': False, 'cmake_target': None, 'cmake_target_skip_unavailable': False, 'install_base': '/home/matus/ros2_ws/install/rrm_msgs', 'merge_install': False, 'path': '/home/matus/ros2_ws/src/rrm/rrm_msgs', 'symlink_install': False, 'test_result_base': None}
[0.587s] Level 5:colcon.colcon_core.verb:set package 'rrm_simple_robot_model' build argument 'cmake_args' from command line to 'None'
[0.587s] Level 5:colcon.colcon_core.verb:set package 'rrm_simple_robot_model' build argument 'cmake_target' from command line to 'None'
[0.587s] Level 5:colcon.colcon_core.verb:set package 'rrm_simple_robot_model' build argument 'cmake_target_skip_unavailable' from command line to 'False'
[0.587s] Level 5:colcon.colcon_core.verb:set package 'rrm_simple_robot_model' build argument 'cmake_clean_cache' from command line to 'False'
[0.587s] Level 5:colcon.colcon_core.verb:set package 'rrm_simple_robot_model' build argument 'cmake_clean_first' from command line to 'False'
[0.587s] Level 5:colcon.colcon_core.verb:set package 'rrm_simple_robot_model' build argument 'cmake_force_configure' from command line to 'False'
[0.587s] Level 5:colcon.colcon_core.verb:set package 'rrm_simple_robot_model' build argument 'ament_cmake_args' from command line to 'None'
[0.587s] Level 5:colcon.colcon_core.verb:set package 'rrm_simple_robot_model' build argument 'catkin_cmake_args' from command line to 'None'
[0.587s] Level 5:colcon.colcon_core.verb:set package 'rrm_simple_robot_model' build argument 'catkin_skip_building_tests' from command line to 'False'
[0.587s] DEBUG:colcon.colcon_core.verb:Building package 'rrm_simple_robot_model' with the following arguments: {'ament_cmake_args': None, 'build_base': '/home/matus/ros2_ws/build/rrm_simple_robot_model', 'catkin_cmake_args': None, 'catkin_skip_building_tests': False, 'cmake_args': None, 'cmake_clean_cache': False, 'cmake_clean_first': False, 'cmake_force_configure': False, 'cmake_target': None, 'cmake_target_skip_unavailable': False, 'install_base': '/home/matus/ros2_ws/install/rrm_simple_robot_model', 'merge_install': False, 'path': '/home/matus/ros2_ws/src/rrm/rrm_simple_robot_model', 'symlink_install': False, 'test_result_base': None}
[0.588s] Level 5:colcon.colcon_core.verb:set package 'block1_matuska' build argument 'cmake_args' from command line to 'None'
[0.588s] Level 5:colcon.colcon_core.verb:set package 'block1_matuska' build argument 'cmake_target' from command line to 'None'
[0.588s] Level 5:colcon.colcon_core.verb:set package 'block1_matuska' build argument 'cmake_target_skip_unavailable' from command line to 'False'
[0.588s] Level 5:colcon.colcon_core.verb:set package 'block1_matuska' build argument 'cmake_clean_cache' from command line to 'False'
[0.588s] Level 5:colcon.colcon_core.verb:set package 'block1_matuska' build argument 'cmake_clean_first' from command line to 'False'
[0.588s] Level 5:colcon.colcon_core.verb:set package 'block1_matuska' build argument 'cmake_force_configure' from command line to 'False'
[0.588s] Level 5:colcon.colcon_core.verb:set package 'block1_matuska' build argument 'ament_cmake_args' from command line to 'None'
[0.588s] Level 5:colcon.colcon_core.verb:set package 'block1_matuska' build argument 'catkin_cmake_args' from command line to 'None'
[0.588s] Level 5:colcon.colcon_core.verb:set package 'block1_matuska' build argument 'catkin_skip_building_tests' from command line to 'False'
[0.588s] DEBUG:colcon.colcon_core.verb:Building package 'block1_matuska' with the following arguments: {'ament_cmake_args': None, 'build_base': '/home/matus/ros2_ws/build/block1_matuska', 'catkin_cmake_args': None, 'catkin_skip_building_tests': False, 'cmake_args': None, 'cmake_clean_cache': False, 'cmake_clean_first': False, 'cmake_force_configure': False, 'cmake_target': None, 'cmake_target_skip_unavailable': False, 'install_base': '/home/matus/ros2_ws/install/block1_matuska', 'merge_install': False, 'path': '/home/matus/ros2_ws/src/block1_matuska', 'symlink_install': False, 'test_result_base': None}
[0.589s] Level 5:colcon.colcon_core.verb:set package 'rrm_sim' build argument 'cmake_args' from command line to 'None'
[0.589s] Level 5:colcon.colcon_core.verb:set package 'rrm_sim' build argument 'cmake_target' from command line to 'None'
[0.589s] Level 5:colcon.colcon_core.verb:set package 'rrm_sim' build argument 'cmake_target_skip_unavailable' from command line to 'False'
[0.589s] Level 5:colcon.colcon_core.verb:set package 'rrm_sim' build argument 'cmake_clean_cache' from command line to 'False'
[0.589s] Level 5:colcon.colcon_core.verb:set package 'rrm_sim' build argument 'cmake_clean_first' from command line to 'False'
[0.589s] Level 5:colcon.colcon_core.verb:set package 'rrm_sim' build argument 'cmake_force_configure' from command line to 'False'
[0.589s] Level 5:colcon.colcon_core.verb:set package 'rrm_sim' build argument 'ament_cmake_args' from command line to 'None'
[0.589s] Level 5:colcon.colcon_core.verb:set package 'rrm_sim' build argument 'catkin_cmake_args' from command line to 'None'
[0.589s] Level 5:colcon.colcon_core.verb:set package 'rrm_sim' build argument 'catkin_skip_building_tests' from command line to 'False'
[0.589s] DEBUG:colcon.colcon_core.verb:Building package 'rrm_sim' with the following arguments: {'ament_cmake_args': None, 'build_base': '/home/matus/ros2_ws/build/rrm_sim', 'catkin_cmake_args': None, 'catkin_skip_building_tests': False, 'cmake_args': None, 'cmake_clean_cache': False, 'cmake_clean_first': False, 'cmake_force_configure': False, 'cmake_target': None, 'cmake_target_skip_unavailable': False, 'install_base': '/home/matus/ros2_ws/install/rrm_sim', 'merge_install': False, 'path': '/home/matus/ros2_ws/src/rrm/rrm_sim', 'symlink_install': False, 'test_result_base': None}
[0.589s] INFO:colcon.colcon_core.executor:Executing jobs using 'parallel' executor
[0.592s] DEBUG:colcon.colcon_parallel_executor.executor.parallel:run_until_complete
[0.592s] INFO:colcon.colcon_ros.task.ament_cmake.build:Building ROS package in '/home/matus/ros2_ws/src/rrm/rrm_msgs' with build type 'ament_cmake'
[0.592s] INFO:colcon.colcon_cmake.task.cmake.build:Building CMake package in '/home/matus/ros2_ws/src/rrm/rrm_msgs'
[0.596s] INFO:colcon.colcon_core.plugin_system:Skipping extension 'colcon_core.shell.bat': Not used on non-Windows systems
[0.597s] INFO:colcon.colcon_core.shell:Skip shell extension 'powershell' for command environment: Not usable outside of PowerShell
[0.597s] DEBUG:colcon.colcon_core.shell:Skip shell extension 'dsv' for command environment
[0.607s] INFO:colcon.colcon_ros.task.ament_cmake.build:Building ROS package in '/home/matus/ros2_ws/src/matuska_interface' with build type 'ament_cmake'
[0.607s] INFO:colcon.colcon_cmake.task.cmake.build:Building CMake package in '/home/matus/ros2_ws/src/matuska_interface'
[0.607s] INFO:colcon.colcon_core.shell:Skip shell extension 'powershell' for command environment: Not usable outside of PowerShell
[0.607s] DEBUG:colcon.colcon_core.shell:Skip shell extension 'dsv' for command environment
[0.617s] INFO:colcon.colcon_ros.task.ament_cmake.build:Building ROS package in '/home/matus/ros2_ws/cviko1' with build type 'ament_cmake'
[0.617s] INFO:colcon.colcon_cmake.task.cmake.build:Building CMake package in '/home/matus/ros2_ws/cviko1'
[0.617s] INFO:colcon.colcon_core.shell:Skip shell extension 'powershell' for command environment: Not usable outside of PowerShell
[0.617s] DEBUG:colcon.colcon_core.shell:Skip shell extension 'dsv' for command environment
[0.627s] INFO:colcon.colcon_ros.task.ament_cmake.build:Building ROS package in '/home/matus/ros2_ws/src/eigen_example' with build type 'ament_cmake'
[0.627s] INFO:colcon.colcon_cmake.task.cmake.build:Building CMake package in '/home/matus/ros2_ws/src/eigen_example'
[0.628s] INFO:colcon.colcon_core.shell:Skip shell extension 'powershell' for command environment: Not usable outside of PowerShell
[0.628s] DEBUG:colcon.colcon_core.shell:Skip shell extension 'dsv' for command environment
[0.638s] INFO:colcon.colcon_ros.task.ament_cmake.build:Building ROS package in '/home/matus/ros2_ws/src/rrm/rrm_simple_robot_model' with build type 'ament_cmake'
[0.639s] INFO:colcon.colcon_cmake.task.cmake.build:Building CMake package in '/home/matus/ros2_ws/src/rrm/rrm_simple_robot_model'
[0.639s] INFO:colcon.colcon_core.shell:Skip shell extension 'powershell' for command environment: Not usable outside of PowerShell
[0.639s] DEBUG:colcon.colcon_core.shell:Skip shell extension 'dsv' for command environment
[0.659s] DEBUG:colcon.colcon_core.event_handler.log_command:Invoking command in '/home/matus/ros2_ws/build/rrm_msgs': CMAKE_PREFIX_PATH=${CMAKE_PREFIX_PATH}:/opt/ros/jazzy DEBUGINFOD_URLS=https://debuginfod.ubuntu.com /usr/bin/cmake --build /home/matus/ros2_ws/build/rrm_msgs -- -j12 -l12
[0.666s] DEBUG:colcon.colcon_core.event_handler.log_command:Invoking command in '/home/matus/ros2_ws/build/matuska_interface': CMAKE_PREFIX_PATH=${CMAKE_PREFIX_PATH}:/opt/ros/jazzy DEBUGINFOD_URLS=https://debuginfod.ubuntu.com /usr/bin/cmake --build /home/matus/ros2_ws/build/matuska_interface -- -j12 -l12
[0.668s] DEBUG:colcon.colcon_core.event_handler.log_command:Invoking command in '/home/matus/ros2_ws/build/cviko1': CMAKE_PREFIX_PATH=${CMAKE_PREFIX_PATH}:/opt/ros/jazzy DEBUGINFOD_URLS=https://debuginfod.ubuntu.com /usr/bin/cmake --build /home/matus/ros2_ws/build/cviko1 -- -j12 -l12
[0.672s] DEBUG:colcon.colcon_core.event_handler.log_command:Invoking command in '/home/matus/ros2_ws/build/eigen_example': CMAKE_PREFIX_PATH=${CMAKE_PREFIX_PATH}:/opt/ros/jazzy DEBUGINFOD_URLS=https://debuginfod.ubuntu.com /usr/bin/cmake --build /home/matus/ros2_ws/build/eigen_example -- -j12 -l12
[0.684s] DEBUG:colcon.colcon_core.event_handler.log_command:Invoking command in '/home/matus/ros2_ws/build/rrm_simple_robot_model': CMAKE_PREFIX_PATH=${CMAKE_PREFIX_PATH}:/opt/ros/jazzy DEBUGINFOD_URLS=https://debuginfod.ubuntu.com /usr/bin/cmake --build /home/matus/ros2_ws/build/rrm_simple_robot_model -- -j12 -l12
[0.779s] DEBUG:colcon.colcon_core.event_handler.log_command:Invoked command in '/home/matus/ros2_ws/build/rrm_simple_robot_model' returned '0': CMAKE_PREFIX_PATH=${CMAKE_PREFIX_PATH}:/opt/ros/jazzy DEBUGINFOD_URLS=https://debuginfod.ubuntu.com /usr/bin/cmake --build /home/matus/ros2_ws/build/rrm_simple_robot_model -- -j12 -l12
[0.824s] DEBUG:colcon.colcon_core.event_handler.log_command:Invoked command in '/home/matus/ros2_ws/build/cviko1' returned '0': CMAKE_PREFIX_PATH=${CMAKE_PREFIX_PATH}:/opt/ros/jazzy DEBUGINFOD_URLS=https://debuginfod.ubuntu.com /usr/bin/cmake --build /home/matus/ros2_ws/build/cviko1 -- -j12 -l12
[0.851s] DEBUG:colcon.colcon_core.event_handler.log_command:Invoking command in '/home/matus/ros2_ws/build/rrm_simple_robot_model': CMAKE_PREFIX_PATH=${CMAKE_PREFIX_PATH}:/opt/ros/jazzy DEBUGINFOD_URLS=https://debuginfod.ubuntu.com /usr/bin/cmake --install /home/matus/ros2_ws/build/rrm_simple_robot_model
[0.859s] DEBUG:colcon.colcon_core.event_handler.log_command:Invoked command in '/home/matus/ros2_ws/build/eigen_example' returned '0': CMAKE_PREFIX_PATH=${CMAKE_PREFIX_PATH}:/opt/ros/jazzy DEBUGINFOD_URLS=https://debuginfod.ubuntu.com /usr/bin/cmake --build /home/matus/ros2_ws/build/eigen_example -- -j12 -l12
[0.889s] Level 1:colcon.colcon_core.environment:create_environment_scripts_only(rrm_simple_robot_model)
[0.891s] DEBUG:colcon.colcon_core.event_handler.log_command:Invoked command in '/home/matus/ros2_ws/build/rrm_simple_robot_model' returned '0': CMAKE_PREFIX_PATH=${CMAKE_PREFIX_PATH}:/opt/ros/jazzy DEBUGINFOD_URLS=https://debuginfod.ubuntu.com /usr/bin/cmake --install /home/matus/ros2_ws/build/rrm_simple_robot_model
[0.897s] Level 1:colcon.colcon_core.environment:checking '/home/matus/ros2_ws/install/rrm_simple_robot_model' for CMake module files
[0.899s] Level 1:colcon.colcon_core.environment:checking '/home/matus/ros2_ws/install/rrm_simple_robot_model' for CMake config files
[0.900s] Level 1:colcon.colcon_core.shell:create_environment_hook('rrm_simple_robot_model', 'cmake_prefix_path')
[0.901s] INFO:colcon.colcon_core.shell:Creating environment hook '/home/matus/ros2_ws/install/rrm_simple_robot_model/share/rrm_simple_robot_model/hook/cmake_prefix_path.ps1'
[0.902s] INFO:colcon.colcon_core.shell:Creating environment descriptor '/home/matus/ros2_ws/install/rrm_simple_robot_model/share/rrm_simple_robot_model/hook/cmake_prefix_path.dsv'
[0.904s] INFO:colcon.colcon_core.shell:Creating environment hook '/home/matus/ros2_ws/install/rrm_simple_robot_model/share/rrm_simple_robot_model/hook/cmake_prefix_path.sh'
[0.906s] Level 1:colcon.colcon_core.environment:checking '/home/matus/ros2_ws/install/rrm_simple_robot_model/bin'
[0.906s] Level 1:colcon.colcon_core.environment:checking '/home/matus/ros2_ws/install/rrm_simple_robot_model/lib/pkgconfig/rrm_simple_robot_model.pc'
[0.906s] Level 1:colcon.colcon_core.environment:checking '/home/matus/ros2_ws/install/rrm_simple_robot_model/lib/python3.12/site-packages'
[0.907s] Level 1:colcon.colcon_core.environment:checking '/home/matus/ros2_ws/install/rrm_simple_robot_model/bin'
[0.907s] INFO:colcon.colcon_core.shell:Creating package script '/home/matus/ros2_ws/install/rrm_simple_robot_model/share/rrm_simple_robot_model/package.ps1'
[0.909s] INFO:colcon.colcon_core.shell:Creating package descriptor '/home/matus/ros2_ws/install/rrm_simple_robot_model/share/rrm_simple_robot_model/package.dsv'
[0.911s] INFO:colcon.colcon_core.shell:Creating package script '/home/matus/ros2_ws/install/rrm_simple_robot_model/share/rrm_simple_robot_model/package.sh'
[0.913s] INFO:colcon.colcon_core.shell:Creating package script '/home/matus/ros2_ws/install/rrm_simple_robot_model/share/rrm_simple_robot_model/package.bash'
[0.915s] INFO:colcon.colcon_core.shell:Creating package script '/home/matus/ros2_ws/install/rrm_simple_robot_model/share/rrm_simple_robot_model/package.zsh'
[0.916s] Level 1:colcon.colcon_core.environment:create_file_with_runtime_dependencies(/home/matus/ros2_ws/install/rrm_simple_robot_model/share/colcon-core/packages/rrm_simple_robot_model)
[0.925s] DEBUG:colcon.colcon_core.event_handler.log_command:Invoking command in '/home/matus/ros2_ws/build/cviko1': CMAKE_PREFIX_PATH=${CMAKE_PREFIX_PATH}:/opt/ros/jazzy DEBUGINFOD_URLS=https://debuginfod.ubuntu.com /usr/bin/cmake --install /home/matus/ros2_ws/build/cviko1
[0.947s] DEBUG:colcon.colcon_core.event_handler.log_command:Invoking command in '/home/matus/ros2_ws/build/eigen_example': CMAKE_PREFIX_PATH=${CMAKE_PREFIX_PATH}:/opt/ros/jazzy DEBUGINFOD_URLS=https://debuginfod.ubuntu.com /usr/bin/cmake --install /home/matus/ros2_ws/build/eigen_example
[0.963s] Level 1:colcon.colcon_core.environment:create_environment_scripts_only(cviko1)
[0.963s] DEBUG:colcon.colcon_core.event_handler.log_command:Invoked command in '/home/matus/ros2_ws/build/cviko1' returned '0': CMAKE_PREFIX_PATH=${CMAKE_PREFIX_PATH}:/opt/ros/jazzy DEBUGINFOD_URLS=https://debuginfod.ubuntu.com /usr/bin/cmake --install /home/matus/ros2_ws/build/cviko1
[0.963s] Level 1:colcon.colcon_core.environment:checking '/home/matus/ros2_ws/install/cviko1' for CMake module files
[0.964s] Level 1:colcon.colcon_core.environment:checking '/home/matus/ros2_ws/install/cviko1' for CMake config files
[0.965s] Level 1:colcon.colcon_core.shell:create_environment_hook('cviko1', 'cmake_prefix_path')
[0.965s] INFO:colcon.colcon_core.shell:Creating environment hook '/home/matus/ros2_ws/install/cviko1/share/cviko1/hook/cmake_prefix_path.ps1'
[0.966s] INFO:colcon.colcon_core.shell:Creating environment descriptor '/home/matus/ros2_ws/install/cviko1/share/cviko1/hook/cmake_prefix_path.dsv'
[0.967s] INFO:colcon.colcon_core.shell:Creating environment hook '/home/matus/ros2_ws/install/cviko1/share/cviko1/hook/cmake_prefix_path.sh'
[0.970s] Level 1:colcon.colcon_core.environment:checking '/home/matus/ros2_ws/install/cviko1/lib'
[0.972s] Level 1:colcon.colcon_core.environment:checking '/home/matus/ros2_ws/install/cviko1/bin'
[0.972s] Level 1:colcon.colcon_core.environment:checking '/home/matus/ros2_ws/install/cviko1/lib/pkgconfig/cviko1.pc'
[0.972s] Level 1:colcon.colcon_core.environment:checking '/home/matus/ros2_ws/install/cviko1/lib/python3.12/site-packages'
[0.973s] Level 1:colcon.colcon_core.environment:checking '/home/matus/ros2_ws/install/cviko1/bin'
[0.974s] INFO:colcon.colcon_core.shell:Creating package script '/home/matus/ros2_ws/install/cviko1/share/cviko1/package.ps1'
[0.975s] INFO:colcon.colcon_core.shell:Creating package descriptor '/home/matus/ros2_ws/install/cviko1/share/cviko1/package.dsv'
[0.976s] INFO:colcon.colcon_core.shell:Creating package script '/home/matus/ros2_ws/install/cviko1/share/cviko1/package.sh'
[0.977s] INFO:colcon.colcon_core.shell:Creating package script '/home/matus/ros2_ws/install/cviko1/share/cviko1/package.bash'
[0.977s] INFO:colcon.colcon_core.shell:Creating package script '/home/matus/ros2_ws/install/cviko1/share/cviko1/package.zsh'
[0.978s] Level 1:colcon.colcon_core.environment:create_file_with_runtime_dependencies(/home/matus/ros2_ws/install/cviko1/share/colcon-core/packages/cviko1)
[0.981s] Level 1:colcon.colcon_core.environment:create_environment_scripts_only(rrm_simple_robot_model)
[0.981s] Level 1:colcon.colcon_core.environment:checking '/home/matus/ros2_ws/install/rrm_simple_robot_model' for CMake module files
[0.983s] Level 1:colcon.colcon_core.environment:checking '/home/matus/ros2_ws/install/rrm_simple_robot_model' for CMake config files
[0.984s] Level 1:colcon.colcon_core.shell:create_environment_hook('rrm_simple_robot_model', 'cmake_prefix_path')
[0.984s] INFO:colcon.colcon_core.shell:Creating environment hook '/home/matus/ros2_ws/install/rrm_simple_robot_model/share/rrm_simple_robot_model/hook/cmake_prefix_path.ps1'
[0.985s] INFO:colcon.colcon_core.shell:Creating environment descriptor '/home/matus/ros2_ws/install/rrm_simple_robot_model/share/rrm_simple_robot_model/hook/cmake_prefix_path.dsv'
[0.986s] INFO:colcon.colcon_core.shell:Creating environment hook '/home/matus/ros2_ws/install/rrm_simple_robot_model/share/rrm_simple_robot_model/hook/cmake_prefix_path.sh'
[0.987s] Level 1:colcon.colcon_core.environment:checking '/home/matus/ros2_ws/install/rrm_simple_robot_model/bin'
[0.987s] Level 1:colcon.colcon_core.environment:checking '/home/matus/ros2_ws/install/rrm_simple_robot_model/lib/pkgconfig/rrm_simple_robot_model.pc'
[0.988s] Level 1:colcon.colcon_core.environment:checking '/home/matus/ros2_ws/install/rrm_simple_robot_model/lib/python3.12/site-packages'
[0.989s] Level 1:colcon.colcon_core.environment:checking '/home/matus/ros2_ws/install/rrm_simple_robot_model/bin'
[0.989s] INFO:colcon.colcon_core.shell:Creating package script '/home/matus/ros2_ws/install/rrm_simple_robot_model/share/rrm_simple_robot_model/package.ps1'
[0.990s] INFO:colcon.colcon_core.shell:Creating package descriptor '/home/matus/ros2_ws/install/rrm_simple_robot_model/share/rrm_simple_robot_model/package.dsv'
[0.991s] INFO:colcon.colcon_core.shell:Creating package script '/home/matus/ros2_ws/install/rrm_simple_robot_model/share/rrm_simple_robot_model/package.sh'
[0.993s] INFO:colcon.colcon_core.shell:Creating package script '/home/matus/ros2_ws/install/rrm_simple_robot_model/share/rrm_simple_robot_model/package.bash'
[0.993s] INFO:colcon.colcon_core.shell:Creating package script '/home/matus/ros2_ws/install/rrm_simple_robot_model/share/rrm_simple_robot_model/package.zsh'
[0.994s] Level 1:colcon.colcon_core.environment:create_file_with_runtime_dependencies(/home/matus/ros2_ws/install/rrm_simple_robot_model/share/colcon-core/packages/rrm_simple_robot_model)
[0.995s] Level 1:colcon.colcon_core.environment:create_environment_scripts_only(eigen_example)
[0.996s] Level 1:colcon.colcon_core.environment:checking '/home/matus/ros2_ws/install/eigen_example' for CMake module files
[0.998s] Level 1:colcon.colcon_core.environment:checking '/home/matus/ros2_ws/install/eigen_example' for CMake config files
[0.999s] DEBUG:colcon.colcon_core.event_handler.log_command:Invoked command in '/home/matus/ros2_ws/build/eigen_example' returned '0': CMAKE_PREFIX_PATH=${CMAKE_PREFIX_PATH}:/opt/ros/jazzy DEBUGINFOD_URLS=https://debuginfod.ubuntu.com /usr/bin/cmake --install /home/matus/ros2_ws/build/eigen_example
[0.999s] Level 1:colcon.colcon_core.shell:create_environment_hook('eigen_example', 'cmake_prefix_path')
[1.000s] INFO:colcon.colcon_core.shell:Creating environment hook '/home/matus/ros2_ws/install/eigen_example/share/eigen_example/hook/cmake_prefix_path.ps1'
[1.001s] INFO:colcon.colcon_core.shell:Creating environment descriptor '/home/matus/ros2_ws/install/eigen_example/share/eigen_example/hook/cmake_prefix_path.dsv'
[1.002s] INFO:colcon.colcon_core.shell:Creating environment hook '/home/matus/ros2_ws/install/eigen_example/share/eigen_example/hook/cmake_prefix_path.sh'
[1.004s] Level 1:colcon.colcon_core.environment:checking '/home/matus/ros2_ws/install/eigen_example/lib'
[1.004s] Level 1:colcon.colcon_core.environment:checking '/home/matus/ros2_ws/install/eigen_example/bin'
[1.004s] Level 1:colcon.colcon_core.environment:checking '/home/matus/ros2_ws/install/eigen_example/lib/pkgconfig/eigen_example.pc'
[1.005s] Level 1:colcon.colcon_core.environment:checking '/home/matus/ros2_ws/install/eigen_example/lib/python3.12/site-packages'
[1.005s] Level 1:colcon.colcon_core.environment:checking '/home/matus/ros2_ws/install/eigen_example/bin'
[1.006s] INFO:colcon.colcon_core.shell:Creating package script '/home/matus/ros2_ws/install/eigen_example/share/eigen_example/package.ps1'
[1.008s] INFO:colcon.colcon_core.shell:Creating package descriptor '/home/matus/ros2_ws/install/eigen_example/share/eigen_example/package.dsv'
[1.009s] INFO:colcon.colcon_core.shell:Creating package script '/home/matus/ros2_ws/install/eigen_example/share/eigen_example/package.sh'
[1.010s] INFO:colcon.colcon_core.shell:Creating package script '/home/matus/ros2_ws/install/eigen_example/share/eigen_example/package.bash'
[1.011s] INFO:colcon.colcon_core.shell:Creating package script '/home/matus/ros2_ws/install/eigen_example/share/eigen_example/package.zsh'
[1.012s] Level 1:colcon.colcon_core.environment:create_file_with_runtime_dependencies(/home/matus/ros2_ws/install/eigen_example/share/colcon-core/packages/eigen_example)
[1.029s] Level 1:colcon.colcon_core.environment:create_environment_scripts_only(cviko1)
[1.029s] Level 1:colcon.colcon_core.environment:checking '/home/matus/ros2_ws/install/cviko1' for CMake module files
[1.029s] Level 1:colcon.colcon_core.environment:checking '/home/matus/ros2_ws/install/cviko1' for CMake config files
[1.030s] Level 1:colcon.colcon_core.shell:create_environment_hook('cviko1', 'cmake_prefix_path')
[1.030s] INFO:colcon.colcon_core.shell:Creating environment hook '/home/matus/ros2_ws/install/cviko1/share/cviko1/hook/cmake_prefix_path.ps1'
[1.031s] INFO:colcon.colcon_core.shell:Creating environment descriptor '/home/matus/ros2_ws/install/cviko1/share/cviko1/hook/cmake_prefix_path.dsv'
[1.031s] INFO:colcon.colcon_core.shell:Creating environment hook '/home/matus/ros2_ws/install/cviko1/share/cviko1/hook/cmake_prefix_path.sh'
[1.033s] Level 1:colcon.colcon_core.environment:checking '/home/matus/ros2_ws/install/cviko1/lib'
[1.033s] Level 1:colcon.colcon_core.environment:checking '/home/matus/ros2_ws/install/cviko1/bin'
[1.033s] Level 1:colcon.colcon_core.environment:checking '/home/matus/ros2_ws/install/cviko1/lib/pkgconfig/cviko1.pc'
[1.033s] Level 1:colcon.colcon_core.environment:checking '/home/matus/ros2_ws/install/cviko1/lib/python3.12/site-packages'
[1.034s] Level 1:colcon.colcon_core.environment:checking '/home/matus/ros2_ws/install/cviko1/bin'
[1.034s] INFO:colcon.colcon_core.shell:Creating package script '/home/matus/ros2_ws/install/cviko1/share/cviko1/package.ps1'
[1.035s] INFO:colcon.colcon_core.shell:Creating package descriptor '/home/matus/ros2_ws/install/cviko1/share/cviko1/package.dsv'
[1.036s] INFO:colcon.colcon_core.shell:Creating package script '/home/matus/ros2_ws/install/cviko1/share/cviko1/package.sh'
[1.037s] INFO:colcon.colcon_core.shell:Creating package script '/home/matus/ros2_ws/install/cviko1/share/cviko1/package.bash'
[1.038s] INFO:colcon.colcon_core.shell:Creating package script '/home/matus/ros2_ws/install/cviko1/share/cviko1/package.zsh'
[1.039s] Level 1:colcon.colcon_core.environment:create_file_with_runtime_dependencies(/home/matus/ros2_ws/install/cviko1/share/colcon-core/packages/cviko1)
[1.056s] Level 1:colcon.colcon_core.environment:create_environment_scripts_only(eigen_example)
[1.057s] Level 1:colcon.colcon_core.environment:checking '/home/matus/ros2_ws/install/eigen_example' for CMake module files
[1.058s] Level 1:colcon.colcon_core.environment:checking '/home/matus/ros2_ws/install/eigen_example' for CMake config files
[1.059s] Level 1:colcon.colcon_core.shell:create_environment_hook('eigen_example', 'cmake_prefix_path')
[1.060s] INFO:colcon.colcon_core.shell:Creating environment hook '/home/matus/ros2_ws/install/eigen_example/share/eigen_example/hook/cmake_prefix_path.ps1'
[1.060s] INFO:colcon.colcon_core.shell:Creating environment descriptor '/home/matus/ros2_ws/install/eigen_example/share/eigen_example/hook/cmake_prefix_path.dsv'
[1.061s] INFO:colcon.colcon_core.shell:Creating environment hook '/home/matus/ros2_ws/install/eigen_example/share/eigen_example/hook/cmake_prefix_path.sh'
[1.062s] Level 1:colcon.colcon_core.environment:checking '/home/matus/ros2_ws/install/eigen_example/lib'
[1.062s] Level 1:colcon.colcon_core.environment:checking '/home/matus/ros2_ws/install/eigen_example/bin'
[1.062s] Level 1:colcon.colcon_core.environment:checking '/home/matus/ros2_ws/install/eigen_example/lib/pkgconfig/eigen_example.pc'
[1.062s] Level 1:colcon.colcon_core.environment:checking '/home/matus/ros2_ws/install/eigen_example/lib/python3.12/site-packages'
[1.062s] Level 1:colcon.colcon_core.environment:checking '/home/matus/ros2_ws/install/eigen_example/bin'
[1.062s] INFO:colcon.colcon_core.shell:Creating package script '/home/matus/ros2_ws/install/eigen_example/share/eigen_example/package.ps1'
[1.063s] INFO:colcon.colcon_core.shell:Creating package descriptor '/home/matus/ros2_ws/install/eigen_example/share/eigen_example/package.dsv'
[1.064s] INFO:colcon.colcon_core.shell:Creating package script '/home/matus/ros2_ws/install/eigen_example/share/eigen_example/package.sh'
[1.064s] INFO:colcon.colcon_core.shell:Creating package script '/home/matus/ros2_ws/install/eigen_example/share/eigen_example/package.bash'
[1.065s] INFO:colcon.colcon_core.shell:Creating package script '/home/matus/ros2_ws/install/eigen_example/share/eigen_example/package.zsh'
[1.065s] Level 1:colcon.colcon_core.environment:create_file_with_runtime_dependencies(/home/matus/ros2_ws/install/eigen_example/share/colcon-core/packages/eigen_example)
[1.706s] DEBUG:colcon.colcon_core.event_handler.log_command:Invoked command in '/home/matus/ros2_ws/build/rrm_msgs' returned '0': CMAKE_PREFIX_PATH=${CMAKE_PREFIX_PATH}:/opt/ros/jazzy DEBUGINFOD_URLS=https://debuginfod.ubuntu.com /usr/bin/cmake --build /home/matus/ros2_ws/build/rrm_msgs -- -j12 -l12
[1.726s] DEBUG:colcon.colcon_core.event_handler.log_command:Invoked command in '/home/matus/ros2_ws/build/matuska_interface' returned '0': CMAKE_PREFIX_PATH=${CMAKE_PREFIX_PATH}:/opt/ros/jazzy DEBUGINFOD_URLS=https://debuginfod.ubuntu.com /usr/bin/cmake --build /home/matus/ros2_ws/build/matuska_interface -- -j12 -l12
[1.891s] DEBUG:colcon.colcon_core.event_handler.log_command:Invoking command in '/home/matus/ros2_ws/build/matuska_interface': CMAKE_PREFIX_PATH=${CMAKE_PREFIX_PATH}:/opt/ros/jazzy DEBUGINFOD_URLS=https://debuginfod.ubuntu.com /usr/bin/cmake --install /home/matus/ros2_ws/build/matuska_interface
[1.921s] DEBUG:colcon.colcon_core.event_handler.log_command:Invoking command in '/home/matus/ros2_ws/build/rrm_msgs': CMAKE_PREFIX_PATH=${CMAKE_PREFIX_PATH}:/opt/ros/jazzy DEBUGINFOD_URLS=https://debuginfod.ubuntu.com /usr/bin/cmake --install /home/matus/ros2_ws/build/rrm_msgs
[2.016s] Level 1:colcon.colcon_core.environment:create_environment_scripts_only(matuska_interface)
[2.017s] Level 1:colcon.colcon_core.environment:checking '/home/matus/ros2_ws/install/matuska_interface' for CMake module files
[2.018s] DEBUG:colcon.colcon_core.event_handler.log_command:Invoked command in '/home/matus/ros2_ws/build/matuska_interface' returned '0': CMAKE_PREFIX_PATH=${CMAKE_PREFIX_PATH}:/opt/ros/jazzy DEBUGINFOD_URLS=https://debuginfod.ubuntu.com /usr/bin/cmake --install /home/matus/ros2_ws/build/matuska_interface
[2.019s] Level 1:colcon.colcon_core.environment:checking '/home/matus/ros2_ws/install/matuska_interface' for CMake config files
[2.020s] Level 1:colcon.colcon_core.shell:create_environment_hook('matuska_interface', 'cmake_prefix_path')
[2.020s] INFO:colcon.colcon_core.shell:Creating environment hook '/home/matus/ros2_ws/install/matuska_interface/share/matuska_interface/hook/cmake_prefix_path.ps1'
[2.021s] INFO:colcon.colcon_core.shell:Creating environment descriptor '/home/matus/ros2_ws/install/matuska_interface/share/matuska_interface/hook/cmake_prefix_path.dsv'
[2.022s] INFO:colcon.colcon_core.shell:Creating environment hook '/home/matus/ros2_ws/install/matuska_interface/share/matuska_interface/hook/cmake_prefix_path.sh'
[2.023s] Level 1:colcon.colcon_core.environment:checking '/home/matus/ros2_ws/install/matuska_interface/lib'
[2.023s] Level 1:colcon.colcon_core.shell:create_environment_hook('matuska_interface', 'ld_library_path_lib')
[2.023s] INFO:colcon.colcon_core.shell:Creating environment hook '/home/matus/ros2_ws/install/matuska_interface/share/matuska_interface/hook/ld_library_path_lib.ps1'
[2.024s] INFO:colcon.colcon_core.shell:Creating environment descriptor '/home/matus/ros2_ws/install/matuska_interface/share/matuska_interface/hook/ld_library_path_lib.dsv'
[2.025s] INFO:colcon.colcon_core.shell:Creating environment hook '/home/matus/ros2_ws/install/matuska_interface/share/matuska_interface/hook/ld_library_path_lib.sh'
[2.025s] Level 1:colcon.colcon_core.environment:checking '/home/matus/ros2_ws/install/matuska_interface/bin'
[2.026s] Level 1:colcon.colcon_core.environment:checking '/home/matus/ros2_ws/install/matuska_interface/lib/pkgconfig/matuska_interface.pc'
[2.026s] Level 1:colcon.colcon_core.environment:checking '/home/matus/ros2_ws/install/matuska_interface/lib/python3.12/site-packages'
[2.026s] Level 1:colcon.colcon_core.shell:create_environment_hook('matuska_interface', 'pythonpath')
[2.027s] INFO:colcon.colcon_core.shell:Creating environment hook '/home/matus/ros2_ws/install/matuska_interface/share/matuska_interface/hook/pythonpath.ps1'
[2.027s] INFO:colcon.colcon_core.shell:Creating environment descriptor '/home/matus/ros2_ws/install/matuska_interface/share/matuska_interface/hook/pythonpath.dsv'
[2.028s] INFO:colcon.colcon_core.shell:Creating environment hook '/home/matus/ros2_ws/install/matuska_interface/share/matuska_interface/hook/pythonpath.sh'
[2.029s] Level 1:colcon.colcon_core.environment:checking '/home/matus/ros2_ws/install/matuska_interface/bin'
[2.030s] INFO:colcon.colcon_core.shell:Creating package script '/home/matus/ros2_ws/install/matuska_interface/share/matuska_interface/package.ps1'
[2.031s] INFO:colcon.colcon_core.shell:Creating package descriptor '/home/matus/ros2_ws/install/matuska_interface/share/matuska_interface/package.dsv'
[2.031s] INFO:colcon.colcon_core.shell:Creating package script '/home/matus/ros2_ws/install/matuska_interface/share/matuska_interface/package.sh'
[2.032s] INFO:colcon.colcon_core.shell:Creating package script '/home/matus/ros2_ws/install/matuska_interface/share/matuska_interface/package.bash'
[2.033s] INFO:colcon.colcon_core.shell:Creating package script '/home/matus/ros2_ws/install/matuska_interface/share/matuska_interface/package.zsh'
[2.034s] Level 1:colcon.colcon_core.environment:create_file_with_runtime_dependencies(/home/matus/ros2_ws/install/matuska_interface/share/colcon-core/packages/matuska_interface)
[2.062s] Level 1:colcon.colcon_core.environment:create_environment_scripts_only(rrm_msgs)
[2.063s] Level 1:colcon.colcon_core.environment:checking '/home/matus/ros2_ws/install/rrm_msgs' for CMake module files
[2.064s] DEBUG:colcon.colcon_core.event_handler.log_command:Invoked command in '/home/matus/ros2_ws/build/rrm_msgs' returned '0': CMAKE_PREFIX_PATH=${CMAKE_PREFIX_PATH}:/opt/ros/jazzy DEBUGINFOD_URLS=https://debuginfod.ubuntu.com /usr/bin/cmake --install /home/matus/ros2_ws/build/rrm_msgs
[2.064s] Level 1:colcon.colcon_core.environment:checking '/home/matus/ros2_ws/install/rrm_msgs' for CMake config files
[2.065s] Level 1:colcon.colcon_core.shell:create_environment_hook('rrm_msgs', 'cmake_prefix_path')
[2.065s] INFO:colcon.colcon_core.shell:Creating environment hook '/home/matus/ros2_ws/install/rrm_msgs/share/rrm_msgs/hook/cmake_prefix_path.ps1'
[2.066s] INFO:colcon.colcon_core.shell:Creating environment descriptor '/home/matus/ros2_ws/install/rrm_msgs/share/rrm_msgs/hook/cmake_prefix_path.dsv'
[2.066s] INFO:colcon.colcon_core.shell:Creating environment hook '/home/matus/ros2_ws/install/rrm_msgs/share/rrm_msgs/hook/cmake_prefix_path.sh'
[2.067s] Level 1:colcon.colcon_core.environment:checking '/home/matus/ros2_ws/install/rrm_msgs/lib'
[2.068s] Level 1:colcon.colcon_core.shell:create_environment_hook('rrm_msgs', 'ld_library_path_lib')
[2.068s] INFO:colcon.colcon_core.shell:Creating environment hook '/home/matus/ros2_ws/install/rrm_msgs/share/rrm_msgs/hook/ld_library_path_lib.ps1'
[2.069s] INFO:colcon.colcon_core.shell:Creating environment descriptor '/home/matus/ros2_ws/install/rrm_msgs/share/rrm_msgs/hook/ld_library_path_lib.dsv'
[2.069s] INFO:colcon.colcon_core.shell:Creating environment hook '/home/matus/ros2_ws/install/rrm_msgs/share/rrm_msgs/hook/ld_library_path_lib.sh'
[2.070s] Level 1:colcon.colcon_core.environment:checking '/home/matus/ros2_ws/install/rrm_msgs/bin'
[2.071s] Level 1:colcon.colcon_core.environment:checking '/home/matus/ros2_ws/install/rrm_msgs/lib/pkgconfig/rrm_msgs.pc'
[2.071s] Level 1:colcon.colcon_core.environment:checking '/home/matus/ros2_ws/install/rrm_msgs/lib/python3.12/site-packages'
[2.071s] Level 1:colcon.colcon_core.shell:create_environment_hook('rrm_msgs', 'pythonpath')
[2.072s] INFO:colcon.colcon_core.shell:Creating environment hook '/home/matus/ros2_ws/install/rrm_msgs/share/rrm_msgs/hook/pythonpath.ps1'
[2.072s] INFO:colcon.colcon_core.shell:Creating environment descriptor '/home/matus/ros2_ws/install/rrm_msgs/share/rrm_msgs/hook/pythonpath.dsv'
[2.073s] INFO:colcon.colcon_core.shell:Creating environment hook '/home/matus/ros2_ws/install/rrm_msgs/share/rrm_msgs/hook/pythonpath.sh'
[2.074s] Level 1:colcon.colcon_core.environment:checking '/home/matus/ros2_ws/install/rrm_msgs/bin'
[2.075s] INFO:colcon.colcon_core.shell:Creating package script '/home/matus/ros2_ws/install/rrm_msgs/share/rrm_msgs/package.ps1'
[2.076s] INFO:colcon.colcon_core.shell:Creating package descriptor '/home/matus/ros2_ws/install/rrm_msgs/share/rrm_msgs/package.dsv'
[2.077s] INFO:colcon.colcon_core.shell:Creating package script '/home/matus/ros2_ws/install/rrm_msgs/share/rrm_msgs/package.sh'
[2.078s] INFO:colcon.colcon_core.shell:Creating package script '/home/matus/ros2_ws/install/rrm_msgs/share/rrm_msgs/package.bash'
[2.079s] INFO:colcon.colcon_core.shell:Creating package script '/home/matus/ros2_ws/install/rrm_msgs/share/rrm_msgs/package.zsh'
[2.080s] Level 1:colcon.colcon_core.environment:create_file_with_runtime_dependencies(/home/matus/ros2_ws/install/rrm_msgs/share/colcon-core/packages/rrm_msgs)
[2.189s] Level 1:colcon.colcon_core.environment:create_environment_scripts_only(matuska_interface)
[2.189s] Level 1:colcon.colcon_core.environment:checking '/home/matus/ros2_ws/install/matuska_interface' for CMake module files
[2.191s] Level 1:colcon.colcon_core.environment:checking '/home/matus/ros2_ws/install/matuska_interface' for CMake config files
[2.191s] Level 1:colcon.colcon_core.shell:create_environment_hook('matuska_interface', 'cmake_prefix_path')
[2.192s] INFO:colcon.colcon_core.shell:Creating environment hook '/home/matus/ros2_ws/install/matuska_interface/share/matuska_interface/hook/cmake_prefix_path.ps1'
[2.193s] INFO:colcon.colcon_core.shell:Creating environment descriptor '/home/matus/ros2_ws/install/matuska_interface/share/matuska_interface/hook/cmake_prefix_path.dsv'
[2.193s] INFO:colcon.colcon_core.shell:Creating environment hook '/home/matus/ros2_ws/install/matuska_interface/share/matuska_interface/hook/cmake_prefix_path.sh'
[2.195s] Level 1:colcon.colcon_core.environment:checking '/home/matus/ros2_ws/install/matuska_interface/lib'
[2.195s] Level 1:colcon.colcon_core.shell:create_environment_hook('matuska_interface', 'ld_library_path_lib')
[2.195s] INFO:colcon.colcon_core.shell:Creating environment hook '/home/matus/ros2_ws/install/matuska_interface/share/matuska_interface/hook/ld_library_path_lib.ps1'
[2.196s] INFO:colcon.colcon_core.shell:Creating environment descriptor '/home/matus/ros2_ws/install/matuska_interface/share/matuska_interface/hook/ld_library_path_lib.dsv'
[2.197s] INFO:colcon.colcon_core.shell:Creating environment hook '/home/matus/ros2_ws/install/matuska_interface/share/matuska_interface/hook/ld_library_path_lib.sh'
[2.199s] Level 1:colcon.colcon_core.environment:checking '/home/matus/ros2_ws/install/matuska_interface/bin'
[2.199s] Level 1:colcon.colcon_core.environment:checking '/home/matus/ros2_ws/install/matuska_interface/lib/pkgconfig/matuska_interface.pc'
[2.199s] Level 1:colcon.colcon_core.environment:checking '/home/matus/ros2_ws/install/matuska_interface/lib/python3.12/site-packages'
[2.200s] Level 1:colcon.colcon_core.shell:create_environment_hook('matuska_interface', 'pythonpath')
[2.200s] INFO:colcon.colcon_core.shell:Creating environment hook '/home/matus/ros2_ws/install/matuska_interface/share/matuska_interface/hook/pythonpath.ps1'
[2.201s] INFO:colcon.colcon_core.shell:Creating environment descriptor '/home/matus/ros2_ws/install/matuska_interface/share/matuska_interface/hook/pythonpath.dsv'
[2.202s] INFO:colcon.colcon_core.shell:Creating environment hook '/home/matus/ros2_ws/install/matuska_interface/share/matuska_interface/hook/pythonpath.sh'
[2.203s] Level 1:colcon.colcon_core.environment:checking '/home/matus/ros2_ws/install/matuska_interface/bin'
[2.204s] INFO:colcon.colcon_core.shell:Creating package script '/home/matus/ros2_ws/install/matuska_interface/share/matuska_interface/package.ps1'
[2.205s] INFO:colcon.colcon_core.shell:Creating package descriptor '/home/matus/ros2_ws/install/matuska_interface/share/matuska_interface/package.dsv'
[2.206s] INFO:colcon.colcon_core.shell:Creating package script '/home/matus/ros2_ws/install/matuska_interface/share/matuska_interface/package.sh'
[2.207s] INFO:colcon.colcon_core.shell:Creating package script '/home/matus/ros2_ws/install/matuska_interface/share/matuska_interface/package.bash'
[2.207s] INFO:colcon.colcon_core.shell:Creating package script '/home/matus/ros2_ws/install/matuska_interface/share/matuska_interface/package.zsh'
[2.208s] Level 1:colcon.colcon_core.environment:create_file_with_runtime_dependencies(/home/matus/ros2_ws/install/matuska_interface/share/colcon-core/packages/matuska_interface)
[2.291s] Level 1:colcon.colcon_core.environment:create_environment_scripts_only(rrm_msgs)
[2.291s] Level 1:colcon.colcon_core.environment:checking '/home/matus/ros2_ws/install/rrm_msgs' for CMake module files
[2.293s] Level 1:colcon.colcon_core.environment:checking '/home/matus/ros2_ws/install/rrm_msgs' for CMake config files
[2.293s] Level 1:colcon.colcon_core.shell:create_environment_hook('rrm_msgs', 'cmake_prefix_path')
[2.294s] INFO:colcon.colcon_core.shell:Creating environment hook '/home/matus/ros2_ws/install/rrm_msgs/share/rrm_msgs/hook/cmake_prefix_path.ps1'
[2.295s] INFO:colcon.colcon_core.shell:Creating environment descriptor '/home/matus/ros2_ws/install/rrm_msgs/share/rrm_msgs/hook/cmake_prefix_path.dsv'
[2.296s] INFO:colcon.colcon_core.shell:Creating environment hook '/home/matus/ros2_ws/install/rrm_msgs/share/rrm_msgs/hook/cmake_prefix_path.sh'
[2.297s] Level 1:colcon.colcon_core.environment:checking '/home/matus/ros2_ws/install/rrm_msgs/lib'
[2.297s] Level 1:colcon.colcon_core.shell:create_environment_hook('rrm_msgs', 'ld_library_path_lib')
[2.298s] INFO:colcon.colcon_core.shell:Creating environment hook '/home/matus/ros2_ws/install/rrm_msgs/share/rrm_msgs/hook/ld_library_path_lib.ps1'
[2.298s] INFO:colcon.colcon_core.shell:Creating environment descriptor '/home/matus/ros2_ws/install/rrm_msgs/share/rrm_msgs/hook/ld_library_path_lib.dsv'
[2.299s] INFO:colcon.colcon_core.shell:Creating environment hook '/home/matus/ros2_ws/install/rrm_msgs/share/rrm_msgs/hook/ld_library_path_lib.sh'
[2.300s] Level 1:colcon.colcon_core.environment:checking '/home/matus/ros2_ws/install/rrm_msgs/bin'
[2.300s] Level 1:colcon.colcon_core.environment:checking '/home/matus/ros2_ws/install/rrm_msgs/lib/pkgconfig/rrm_msgs.pc'
[2.300s] Level 1:colcon.colcon_core.environment:checking '/home/matus/ros2_ws/install/rrm_msgs/lib/python3.12/site-packages'
[2.301s] Level 1:colcon.colcon_core.shell:create_environment_hook('rrm_msgs', 'pythonpath')
[2.301s] INFO:colcon.colcon_core.shell:Creating environment hook '/home/matus/ros2_ws/install/rrm_msgs/share/rrm_msgs/hook/pythonpath.ps1'
[2.302s] INFO:colcon.colcon_core.shell:Creating environment descriptor '/home/matus/ros2_ws/install/rrm_msgs/share/rrm_msgs/hook/pythonpath.dsv'
[2.303s] INFO:colcon.colcon_core.shell:Creating environment hook '/home/matus/ros2_ws/install/rrm_msgs/share/rrm_msgs/hook/pythonpath.sh'
[2.304s] Level 1:colcon.colcon_core.environment:checking '/home/matus/ros2_ws/install/rrm_msgs/bin'
[2.304s] INFO:colcon.colcon_core.shell:Creating package script '/home/matus/ros2_ws/install/rrm_msgs/share/rrm_msgs/package.ps1'
[2.305s] INFO:colcon.colcon_core.shell:Creating package descriptor '/home/matus/ros2_ws/install/rrm_msgs/share/rrm_msgs/package.dsv'
[2.307s] INFO:colcon.colcon_core.shell:Creating package script '/home/matus/ros2_ws/install/rrm_msgs/share/rrm_msgs/package.sh'
[2.307s] INFO:colcon.colcon_core.shell:Creating package script '/home/matus/ros2_ws/install/rrm_msgs/share/rrm_msgs/package.bash'
[2.308s] INFO:colcon.colcon_core.shell:Creating package script '/home/matus/ros2_ws/install/rrm_msgs/share/rrm_msgs/package.zsh'
[2.309s] Level 1:colcon.colcon_core.environment:create_file_with_runtime_dependencies(/home/matus/ros2_ws/install/rrm_msgs/share/colcon-core/packages/rrm_msgs)
[2.310s] INFO:colcon.colcon_ros.task.ament_cmake.build:Building ROS package in '/home/matus/ros2_ws/src/block1_matuska' with build type 'ament_cmake'
[2.310s] INFO:colcon.colcon_cmake.task.cmake.build:Building CMake package in '/home/matus/ros2_ws/src/block1_matuska'
[2.310s] INFO:colcon.colcon_core.shell:Skip shell extension 'powershell' for command environment: Not usable outside of PowerShell
[2.310s] DEBUG:colcon.colcon_core.shell:Skip shell extension 'dsv' for command environment
[2.321s] INFO:colcon.colcon_ros.task.ament_cmake.build:Building ROS package in '/home/matus/ros2_ws/src/rrm/rrm_sim' with build type 'ament_cmake'
[2.321s] INFO:colcon.colcon_cmake.task.cmake.build:Building CMake package in '/home/matus/ros2_ws/src/rrm/rrm_sim'
[2.321s] INFO:colcon.colcon_core.shell:Skip shell extension 'powershell' for command environment: Not usable outside of PowerShell
[2.321s] DEBUG:colcon.colcon_core.shell:Skip shell extension 'dsv' for command environment
[2.344s] DEBUG:colcon.colcon_core.event_handler.log_command:Invoking command in '/home/matus/ros2_ws/build/block1_matuska': CMAKE_PREFIX_PATH=/home/matus/ros2_ws/install/rrm_msgs:/home/matus/ros2_ws/install/matuska_interface:/home/matus/ros2_ws/install/rrm_simple_robot_model:/home/matus/ros2_ws/install/rrm_sim:/home/matus/ros2_ws/install/block1_matuska:/home/matus/ros2_ws/install/eigen_example:/home/matus/ros2_ws/install/cviko1:/home/matus/ros2_ws/install/cv1:/home/matus/ros2_ws/src/install/rrm_simple_robot_model:/home/matus/ros2_ws/src/install/rrm_sim:/home/matus/ros2_ws/src/install/block1_matuska:/home/matus/ros2_ws/src/install/rrm_msgs:/home/matus/ros2_ws/src/install/matuska_interface:/opt/ros/jazzy/opt/gz_math_vendor:/opt/ros/jazzy/opt/gz_utils_vendor:/opt/ros/jazzy/opt/gz_cmake_vendor:/opt/ros/jazzy DEBUGINFOD_URLS=https://debuginfod.ubuntu.com /usr/bin/cmake --build /home/matus/ros2_ws/build/block1_matuska -- -j12 -l12
[2.348s] DEBUG:colcon.colcon_core.event_handler.log_command:Invoking command in '/home/matus/ros2_ws/build/rrm_sim': CMAKE_PREFIX_PATH=/home/matus/ros2_ws/install/rrm_msgs:/home/matus/ros2_ws/install/rrm_simple_robot_model:/home/matus/ros2_ws/install/rrm_sim:/home/matus/ros2_ws/install/block1_matuska:/home/matus/ros2_ws/install/matuska_interface:/home/matus/ros2_ws/install/eigen_example:/home/matus/ros2_ws/install/cviko1:/home/matus/ros2_ws/install/cv1:/home/matus/ros2_ws/src/install/rrm_simple_robot_model:/home/matus/ros2_ws/src/install/rrm_sim:/home/matus/ros2_ws/src/install/block1_matuska:/home/matus/ros2_ws/src/install/rrm_msgs:/home/matus/ros2_ws/src/install/matuska_interface:/opt/ros/jazzy/opt/gz_math_vendor:/opt/ros/jazzy/opt/gz_utils_vendor:/opt/ros/jazzy/opt/gz_cmake_vendor:/opt/ros/jazzy DEBUGINFOD_URLS=https://debuginfod.ubuntu.com /usr/bin/cmake --build /home/matus/ros2_ws/build/rrm_sim -- -j12 -l12
[2.516s] DEBUG:colcon.colcon_core.event_handler.log_command:Invoked command in '/home/matus/ros2_ws/build/rrm_sim' returned '0': CMAKE_PREFIX_PATH=/home/matus/ros2_ws/install/rrm_msgs:/home/matus/ros2_ws/install/rrm_simple_robot_model:/home/matus/ros2_ws/install/rrm_sim:/home/matus/ros2_ws/install/block1_matuska:/home/matus/ros2_ws/install/matuska_interface:/home/matus/ros2_ws/install/eigen_example:/home/matus/ros2_ws/install/cviko1:/home/matus/ros2_ws/install/cv1:/home/matus/ros2_ws/src/install/rrm_simple_robot_model:/home/matus/ros2_ws/src/install/rrm_sim:/home/matus/ros2_ws/src/install/block1_matuska:/home/matus/ros2_ws/src/install/rrm_msgs:/home/matus/ros2_ws/src/install/matuska_interface:/opt/ros/jazzy/opt/gz_math_vendor:/opt/ros/jazzy/opt/gz_utils_vendor:/opt/ros/jazzy/opt/gz_cmake_vendor:/opt/ros/jazzy DEBUGINFOD_URLS=https://debuginfod.ubuntu.com /usr/bin/cmake --build /home/matus/ros2_ws/build/rrm_sim -- -j12 -l12
[2.585s] DEBUG:colcon.colcon_core.event_handler.log_command:Invoking command in '/home/matus/ros2_ws/build/rrm_sim': CMAKE_PREFIX_PATH=/home/matus/ros2_ws/install/rrm_msgs:/home/matus/ros2_ws/install/rrm_simple_robot_model:/home/matus/ros2_ws/install/rrm_sim:/home/matus/ros2_ws/install/block1_matuska:/home/matus/ros2_ws/install/matuska_interface:/home/matus/ros2_ws/install/eigen_example:/home/matus/ros2_ws/install/cviko1:/home/matus/ros2_ws/install/cv1:/home/matus/ros2_ws/src/install/rrm_simple_robot_model:/home/matus/ros2_ws/src/install/rrm_sim:/home/matus/ros2_ws/src/install/block1_matuska:/home/matus/ros2_ws/src/install/rrm_msgs:/home/matus/ros2_ws/src/install/matuska_interface:/opt/ros/jazzy/opt/gz_math_vendor:/opt/ros/jazzy/opt/gz_utils_vendor:/opt/ros/jazzy/opt/gz_cmake_vendor:/opt/ros/jazzy DEBUGINFOD_URLS=https://debuginfod.ubuntu.com /usr/bin/cmake --install /home/matus/ros2_ws/build/rrm_sim
[2.611s] Level 1:colcon.colcon_core.environment:create_environment_scripts_only(rrm_sim)
[2.611s] Level 1:colcon.colcon_core.environment:checking '/home/matus/ros2_ws/install/rrm_sim' for CMake module files
[2.612s] DEBUG:colcon.colcon_core.event_handler.log_command:Invoked command in '/home/matus/ros2_ws/build/rrm_sim' returned '0': CMAKE_PREFIX_PATH=/home/matus/ros2_ws/install/rrm_msgs:/home/matus/ros2_ws/install/rrm_simple_robot_model:/home/matus/ros2_ws/install/rrm_sim:/home/matus/ros2_ws/install/block1_matuska:/home/matus/ros2_ws/install/matuska_interface:/home/matus/ros2_ws/install/eigen_example:/home/matus/ros2_ws/install/cviko1:/home/matus/ros2_ws/install/cv1:/home/matus/ros2_ws/src/install/rrm_simple_robot_model:/home/matus/ros2_ws/src/install/rrm_sim:/home/matus/ros2_ws/src/install/block1_matuska:/home/matus/ros2_ws/src/install/rrm_msgs:/home/matus/ros2_ws/src/install/matuska_interface:/opt/ros/jazzy/opt/gz_math_vendor:/opt/ros/jazzy/opt/gz_utils_vendor:/opt/ros/jazzy/opt/gz_cmake_vendor:/opt/ros/jazzy DEBUGINFOD_URLS=https://debuginfod.ubuntu.com /usr/bin/cmake --install /home/matus/ros2_ws/build/rrm_sim
[2.613s] Level 1:colcon.colcon_core.environment:checking '/home/matus/ros2_ws/install/rrm_sim' for CMake config files
[2.614s] Level 1:colcon.colcon_core.shell:create_environment_hook('rrm_sim', 'cmake_prefix_path')
[2.614s] INFO:colcon.colcon_core.shell:Creating environment hook '/home/matus/ros2_ws/install/rrm_sim/share/rrm_sim/hook/cmake_prefix_path.ps1'
[2.615s] INFO:colcon.colcon_core.shell:Creating environment descriptor '/home/matus/ros2_ws/install/rrm_sim/share/rrm_sim/hook/cmake_prefix_path.dsv'
[2.616s] INFO:colcon.colcon_core.shell:Creating environment hook '/home/matus/ros2_ws/install/rrm_sim/share/rrm_sim/hook/cmake_prefix_path.sh'
[2.617s] Level 1:colcon.colcon_core.environment:checking '/home/matus/ros2_ws/install/rrm_sim/lib'
[2.617s] Level 1:colcon.colcon_core.environment:checking '/home/matus/ros2_ws/install/rrm_sim/bin'
[2.617s] Level 1:colcon.colcon_core.environment:checking '/home/matus/ros2_ws/install/rrm_sim/lib/pkgconfig/rrm_sim.pc'
[2.618s] Level 1:colcon.colcon_core.environment:checking '/home/matus/ros2_ws/install/rrm_sim/lib/python3.12/site-packages'
[2.618s] Level 1:colcon.colcon_core.environment:checking '/home/matus/ros2_ws/install/rrm_sim/bin'
[2.618s] INFO:colcon.colcon_core.shell:Creating package script '/home/matus/ros2_ws/install/rrm_sim/share/rrm_sim/package.ps1'
[2.619s] INFO:colcon.colcon_core.shell:Creating package descriptor '/home/matus/ros2_ws/install/rrm_sim/share/rrm_sim/package.dsv'
[2.620s] INFO:colcon.colcon_core.shell:Creating package script '/home/matus/ros2_ws/install/rrm_sim/share/rrm_sim/package.sh'
[2.621s] INFO:colcon.colcon_core.shell:Creating package script '/home/matus/ros2_ws/install/rrm_sim/share/rrm_sim/package.bash'
[2.622s] INFO:colcon.colcon_core.shell:Creating package script '/home/matus/ros2_ws/install/rrm_sim/share/rrm_sim/package.zsh'
[2.622s] Level 1:colcon.colcon_core.environment:create_file_with_runtime_dependencies(/home/matus/ros2_ws/install/rrm_sim/share/colcon-core/packages/rrm_sim)
[2.689s] Level 1:colcon.colcon_core.environment:create_environment_scripts_only(rrm_sim)
[2.689s] Level 1:colcon.colcon_core.environment:checking '/home/matus/ros2_ws/install/rrm_sim' for CMake module files
[2.690s] Level 1:colcon.colcon_core.environment:checking '/home/matus/ros2_ws/install/rrm_sim' for CMake config files
[2.690s] Level 1:colcon.colcon_core.shell:create_environment_hook('rrm_sim', 'cmake_prefix_path')
[2.691s] INFO:colcon.colcon_core.shell:Creating environment hook '/home/matus/ros2_ws/install/rrm_sim/share/rrm_sim/hook/cmake_prefix_path.ps1'
[2.692s] INFO:colcon.colcon_core.shell:Creating environment descriptor '/home/matus/ros2_ws/install/rrm_sim/share/rrm_sim/hook/cmake_prefix_path.dsv'
[2.692s] INFO:colcon.colcon_core.shell:Creating environment hook '/home/matus/ros2_ws/install/rrm_sim/share/rrm_sim/hook/cmake_prefix_path.sh'
[2.693s] Level 1:colcon.colcon_core.environment:checking '/home/matus/ros2_ws/install/rrm_sim/lib'
[2.694s] Level 1:colcon.colcon_core.environment:checking '/home/matus/ros2_ws/install/rrm_sim/bin'
[2.694s] Level 1:colcon.colcon_core.environment:checking '/home/matus/ros2_ws/install/rrm_sim/lib/pkgconfig/rrm_sim.pc'
[2.694s] Level 1:colcon.colcon_core.environment:checking '/home/matus/ros2_ws/install/rrm_sim/lib/python3.12/site-packages'
[2.695s] Level 1:colcon.colcon_core.environment:checking '/home/matus/ros2_ws/install/rrm_sim/bin'
[2.695s] INFO:colcon.colcon_core.shell:Creating package script '/home/matus/ros2_ws/install/rrm_sim/share/rrm_sim/package.ps1'
[2.697s] INFO:colcon.colcon_core.shell:Creating package descriptor '/home/matus/ros2_ws/install/rrm_sim/share/rrm_sim/package.dsv'
[2.698s] INFO:colcon.colcon_core.shell:Creating package script '/home/matus/ros2_ws/install/rrm_sim/share/rrm_sim/package.sh'
[2.699s] INFO:colcon.colcon_core.shell:Creating package script '/home/matus/ros2_ws/install/rrm_sim/share/rrm_sim/package.bash'
[2.699s] INFO:colcon.colcon_core.shell:Creating package script '/home/matus/ros2_ws/install/rrm_sim/share/rrm_sim/package.zsh'
[2.700s] Level 1:colcon.colcon_core.environment:create_file_with_runtime_dependencies(/home/matus/ros2_ws/install/rrm_sim/share/colcon-core/packages/rrm_sim)
[12.054s] DEBUG:colcon.colcon_core.event_handler.log_command:Invoked command in '/home/matus/ros2_ws/build/block1_matuska' returned '2': CMAKE_PREFIX_PATH=/home/matus/ros2_ws/install/rrm_msgs:/home/matus/ros2_ws/install/matuska_interface:/home/matus/ros2_ws/install/rrm_simple_robot_model:/home/matus/ros2_ws/install/rrm_sim:/home/matus/ros2_ws/install/block1_matuska:/home/matus/ros2_ws/install/eigen_example:/home/matus/ros2_ws/install/cviko1:/home/matus/ros2_ws/install/cv1:/home/matus/ros2_ws/src/install/rrm_simple_robot_model:/home/matus/ros2_ws/src/install/rrm_sim:/home/matus/ros2_ws/src/install/block1_matuska:/home/matus/ros2_ws/src/install/rrm_msgs:/home/matus/ros2_ws/src/install/matuska_interface:/opt/ros/jazzy/opt/gz_math_vendor:/opt/ros/jazzy/opt/gz_utils_vendor:/opt/ros/jazzy/opt/gz_cmake_vendor:/opt/ros/jazzy DEBUGINFOD_URLS=https://debuginfod.ubuntu.com /usr/bin/cmake --build /home/matus/ros2_ws/build/block1_matuska -- -j12 -l12
[12.089s] Level 1:colcon.colcon_core.environment:create_environment_scripts_only(block1_matuska)
[12.089s] Level 1:colcon.colcon_core.environment:checking '/home/matus/ros2_ws/install/block1_matuska' for CMake module files
[12.090s] Level 1:colcon.colcon_core.environment:checking '/home/matus/ros2_ws/install/block1_matuska' for CMake config files
[12.090s] Level 1:colcon.colcon_core.shell:create_environment_hook('block1_matuska', 'cmake_prefix_path')
[12.090s] INFO:colcon.colcon_core.shell:Creating environment hook '/home/matus/ros2_ws/install/block1_matuska/share/block1_matuska/hook/cmake_prefix_path.ps1'
[12.090s] INFO:colcon.colcon_core.shell:Creating environment descriptor '/home/matus/ros2_ws/install/block1_matuska/share/block1_matuska/hook/cmake_prefix_path.dsv'
[12.090s] INFO:colcon.colcon_core.shell:Creating environment hook '/home/matus/ros2_ws/install/block1_matuska/share/block1_matuska/hook/cmake_prefix_path.sh'
[12.091s] Level 1:colcon.colcon_core.environment:checking '/home/matus/ros2_ws/install/block1_matuska/lib'
[12.091s] Level 1:colcon.colcon_core.environment:checking '/home/matus/ros2_ws/install/block1_matuska/bin'
[12.091s] Level 1:colcon.colcon_core.environment:checking '/home/matus/ros2_ws/install/block1_matuska/lib/pkgconfig/block1_matuska.pc'
[12.091s] Level 1:colcon.colcon_core.environment:checking '/home/matus/ros2_ws/install/block1_matuska/lib/python3.12/site-packages'
[12.091s] Level 1:colcon.colcon_core.environment:checking '/home/matus/ros2_ws/install/block1_matuska/bin'
[12.091s] INFO:colcon.colcon_core.shell:Creating package script '/home/matus/ros2_ws/install/block1_matuska/share/block1_matuska/package.ps1'
[12.092s] INFO:colcon.colcon_core.shell:Creating package descriptor '/home/matus/ros2_ws/install/block1_matuska/share/block1_matuska/package.dsv'
[12.092s] INFO:colcon.colcon_core.shell:Creating package script '/home/matus/ros2_ws/install/block1_matuska/share/block1_matuska/package.sh'
[12.092s] INFO:colcon.colcon_core.shell:Creating package script '/home/matus/ros2_ws/install/block1_matuska/share/block1_matuska/package.bash'
[12.093s] INFO:colcon.colcon_core.shell:Creating package script '/home/matus/ros2_ws/install/block1_matuska/share/block1_matuska/package.zsh'
[12.093s] Level 1:colcon.colcon_core.environment:create_file_with_runtime_dependencies(/home/matus/ros2_ws/install/block1_matuska/share/colcon-core/packages/block1_matuska)
[12.104s] DEBUG:colcon.colcon_parallel_executor.executor.parallel:closing loop
[12.104s] DEBUG:colcon.colcon_parallel_executor.executor.parallel:loop closed
[12.104s] DEBUG:colcon.colcon_parallel_executor.executor.parallel:run_until_complete finished with '2'
[12.104s] DEBUG:colcon.colcon_core.event_reactor:joining thread
[12.110s] INFO:colcon.colcon_core.plugin_system:Skipping extension 'colcon_notification.desktop_notification.terminal_notifier': Not used on non-Darwin systems
[12.110s] INFO:colcon.colcon_core.plugin_system:Skipping extension 'colcon_notification.desktop_notification.win32': Not used on non-Windows systems
[12.110s] INFO:colcon.colcon_notification.desktop_notification:Sending desktop notification using 'notify2'
[12.122s] DEBUG:colcon.colcon_core.event_reactor:joined thread
[12.122s] INFO:colcon.colcon_core.shell:Creating prefix script '/home/matus/ros2_ws/install/local_setup.ps1'
[12.123s] INFO:colcon.colcon_core.shell:Creating prefix util module '/home/matus/ros2_ws/install/_local_setup_util_ps1.py'
[12.124s] INFO:colcon.colcon_core.shell:Creating prefix chain script '/home/matus/ros2_ws/install/setup.ps1'
[12.125s] INFO:colcon.colcon_core.shell:Creating prefix script '/home/matus/ros2_ws/install/local_setup.sh'
[12.126s] INFO:colcon.colcon_core.shell:Creating prefix util module '/home/matus/ros2_ws/install/_local_setup_util_sh.py'
[12.126s] INFO:colcon.colcon_core.shell:Creating prefix chain script '/home/matus/ros2_ws/install/setup.sh'
[12.127s] INFO:colcon.colcon_core.shell:Creating prefix script '/home/matus/ros2_ws/install/local_setup.bash'
[12.127s] INFO:colcon.colcon_core.shell:Creating prefix chain script '/home/matus/ros2_ws/install/setup.bash'
[12.128s] INFO:colcon.colcon_core.shell:Creating prefix script '/home/matus/ros2_ws/install/local_setup.zsh'
[12.128s] INFO:colcon.colcon_core.shell:Creating prefix chain script '/home/matus/ros2_ws/install/setup.zsh'
