[0.013s] Invoking command in '/home/matus/ros2_ws/build/block2_matuska': CMAKE_PREFIX_PATH=/home/matus/ros2_ws/install/rrm_msgs:/home/matus/ros2_ws/install/trajectory_visualization:/home/matus/ros2_ws/install/rrm_simple_robot_model:/home/matus/ros2_ws/install/rrm_sim:/home/matus/ros2_ws/install/block2_matuska:/home/matus/ros2_ws/install/block1_matuska:/home/matus/ros2_ws/install/matuska_interface:/home/matus/ros2_ws/install/eigen_example:/home/matus/ros2_ws/install/cviko1:/home/matus/ros2_ws/install/cv1:/home/matus/ros2_ws/install/abb_model:/home/matus/ros2_ws/src/install/rrm_simple_robot_model:/home/matus/ros2_ws/src/install/rrm_sim:/home/matus/ros2_ws/src/install/block1_matuska:/home/matus/ros2_ws/src/install/rrm_msgs:/home/matus/ros2_ws/src/install/matuska_interface:/opt/ros/jazzy/opt/gz_math_vendor:/opt/ros/jazzy/opt/gz_utils_vendor:/opt/ros/jazzy/opt/gz_cmake_vendor:/opt/ros/jazzy DEBUGINFOD_URLS=https://debuginfod.ubuntu.com /usr/bin/cmake --build /home/matus/ros2_ws/build/block2_matuska -- -j12 -l12
[0.084s] [ 50%] [32mBuilding CXX object CMakeFiles/zadanie2_node.dir/src/zadanie2_node.cpp.o[0m
[5.073s] [100%] [32m[1mLinking CXX executable zadanie2_node[0m
[5.247s] [100%] Built target zadanie2_node
[5.258s] Invoked command in '/home/matus/ros2_ws/build/block2_matuska' returned '0': CMAKE_PREFIX_PATH=/home/matus/ros2_ws/install/rrm_msgs:/home/matus/ros2_ws/install/trajectory_visualization:/home/matus/ros2_ws/install/rrm_simple_robot_model:/home/matus/ros2_ws/install/rrm_sim:/home/matus/ros2_ws/install/block2_matuska:/home/matus/ros2_ws/install/block1_matuska:/home/matus/ros2_ws/install/matuska_interface:/home/matus/ros2_ws/install/eigen_example:/home/matus/ros2_ws/install/cviko1:/home/matus/ros2_ws/install/cv1:/home/matus/ros2_ws/install/abb_model:/home/matus/ros2_ws/src/install/rrm_simple_robot_model:/home/matus/ros2_ws/src/install/rrm_sim:/home/matus/ros2_ws/src/install/block1_matuska:/home/matus/ros2_ws/src/install/rrm_msgs:/home/matus/ros2_ws/src/install/matuska_interface:/opt/ros/jazzy/opt/gz_math_vendor:/opt/ros/jazzy/opt/gz_utils_vendor:/opt/ros/jazzy/opt/gz_cmake_vendor:/opt/ros/jazzy DEBUGINFOD_URLS=https://debuginfod.ubuntu.com /usr/bin/cmake --build /home/matus/ros2_ws/build/block2_matuska -- -j12 -l12
[5.282s] Invoking command in '/home/matus/ros2_ws/build/block2_matuska': CMAKE_PREFIX_PATH=/home/matus/ros2_ws/install/rrm_msgs:/home/matus/ros2_ws/install/trajectory_visualization:/home/matus/ros2_ws/install/rrm_simple_robot_model:/home/matus/ros2_ws/install/rrm_sim:/home/matus/ros2_ws/install/block2_matuska:/home/matus/ros2_ws/install/block1_matuska:/home/matus/ros2_ws/install/matuska_interface:/home/matus/ros2_ws/install/eigen_example:/home/matus/ros2_ws/install/cviko1:/home/matus/ros2_ws/install/cv1:/home/matus/ros2_ws/install/abb_model:/home/matus/ros2_ws/src/install/rrm_simple_robot_model:/home/matus/ros2_ws/src/install/rrm_sim:/home/matus/ros2_ws/src/install/block1_matuska:/home/matus/ros2_ws/src/install/rrm_msgs:/home/matus/ros2_ws/src/install/matuska_interface:/opt/ros/jazzy/opt/gz_math_vendor:/opt/ros/jazzy/opt/gz_utils_vendor:/opt/ros/jazzy/opt/gz_cmake_vendor:/opt/ros/jazzy DEBUGINFOD_URLS=https://debuginfod.ubuntu.com /usr/bin/cmake --install /home/matus/ros2_ws/build/block2_matuska
[5.289s] -- Install configuration: ""
[5.290s] -- Installing: /home/matus/ros2_ws/install/block2_matuska/lib/block2_matuska/zadanie2_node
[5.292s] -- Set non-toolchain portion of runtime path of "/home/matus/ros2_ws/install/block2_matuska/lib/block2_matuska/zadanie2_node" to ""
[5.292s] -- Up-to-date: /home/matus/ros2_ws/install/block2_matuska/share/block2_matuska/launch
[5.292s] -- Up-to-date: /home/matus/ros2_ws/install/block2_matuska/share/block2_matuska/launch/zadanie2_launch.xml
[5.292s] -- Up-to-date: /home/matus/ros2_ws/install/block2_matuska/share/ament_index/resource_index/package_run_dependencies/block2_matuska
[5.292s] -- Up-to-date: /home/matus/ros2_ws/install/block2_matuska/share/ament_index/resource_index/parent_prefix_path/block2_matuska
[5.292s] -- Up-to-date: /home/matus/ros2_ws/install/block2_matuska/share/block2_matuska/environment/ament_prefix_path.sh
[5.292s] -- Up-to-date: /home/matus/ros2_ws/install/block2_matuska/share/block2_matuska/environment/ament_prefix_path.dsv
[5.292s] -- Up-to-date: /home/matus/ros2_ws/install/block2_matuska/share/block2_matuska/environment/path.sh
[5.292s] -- Up-to-date: /home/matus/ros2_ws/install/block2_matuska/share/block2_matuska/environment/path.dsv
[5.292s] -- Up-to-date: /home/matus/ros2_ws/install/block2_matuska/share/block2_matuska/local_setup.bash
[5.292s] -- Up-to-date: /home/matus/ros2_ws/install/block2_matuska/share/block2_matuska/local_setup.sh
[5.292s] -- Up-to-date: /home/matus/ros2_ws/install/block2_matuska/share/block2_matuska/local_setup.zsh
[5.293s] -- Up-to-date: /home/matus/ros2_ws/install/block2_matuska/share/block2_matuska/local_setup.dsv
[5.293s] -- Installing: /home/matus/ros2_ws/install/block2_matuska/share/block2_matuska/package.dsv
[5.293s] -- Up-to-date: /home/matus/ros2_ws/install/block2_matuska/share/ament_index/resource_index/packages/block2_matuska
[5.293s] -- Up-to-date: /home/matus/ros2_ws/install/block2_matuska/share/block2_matuska/cmake/block2_matuskaConfig.cmake
[5.293s] -- Up-to-date: /home/matus/ros2_ws/install/block2_matuska/share/block2_matuska/cmake/block2_matuskaConfig-version.cmake
[5.293s] -- Up-to-date: /home/matus/ros2_ws/install/block2_matuska/share/block2_matuska/package.xml
[5.295s] Invoked command in '/home/matus/ros2_ws/build/block2_matuska' returned '0': CMAKE_PREFIX_PATH=/home/matus/ros2_ws/install/rrm_msgs:/home/matus/ros2_ws/install/trajectory_visualization:/home/matus/ros2_ws/install/rrm_simple_robot_model:/home/matus/ros2_ws/install/rrm_sim:/home/matus/ros2_ws/install/block2_matuska:/home/matus/ros2_ws/install/block1_matuska:/home/matus/ros2_ws/install/matuska_interface:/home/matus/ros2_ws/install/eigen_example:/home/matus/ros2_ws/install/cviko1:/home/matus/ros2_ws/install/cv1:/home/matus/ros2_ws/install/abb_model:/home/matus/ros2_ws/src/install/rrm_simple_robot_model:/home/matus/ros2_ws/src/install/rrm_sim:/home/matus/ros2_ws/src/install/block1_matuska:/home/matus/ros2_ws/src/install/rrm_msgs:/home/matus/ros2_ws/src/install/matuska_interface:/opt/ros/jazzy/opt/gz_math_vendor:/opt/ros/jazzy/opt/gz_utils_vendor:/opt/ros/jazzy/opt/gz_cmake_vendor:/opt/ros/jazzy DEBUGINFOD_URLS=https://debuginfod.ubuntu.com /usr/bin/cmake --install /home/matus/ros2_ws/build/block2_matuska
