[0.012s] Invoking command in '/home/matus/ros2_ws/build/block2_matuska': CMAKE_PREFIX_PATH=/home/matus/ros2_ws/install/rrm_msgs:/home/matus/ros2_ws/install/trajectory_visualization:/home/matus/ros2_ws/install/rrm_simple_robot_model:/home/matus/ros2_ws/install/rrm_sim:/home/matus/ros2_ws/install/block2_matuska:/home/matus/ros2_ws/install/block1_matuska:/home/matus/ros2_ws/install/matuska_interface:/home/matus/ros2_ws/install/ik_solver_example:/home/matus/ros2_ws/install/eigen_example:/home/matus/ros2_ws/install/cviko1:/home/matus/ros2_ws/install/cv1:/home/matus/ros2_ws/install/abb_model:/home/matus/ros2_ws/install/abb_irb4600_ikfast:/home/matus/ros2_ws/src/install/rrm_simple_robot_model:/home/matus/ros2_ws/src/install/rrm_sim:/home/matus/ros2_ws/src/install/block1_matuska:/home/matus/ros2_ws/src/install/rrm_msgs:/home/matus/ros2_ws/src/install/matuska_interface:/opt/ros/jazzy/opt/gz_math_vendor:/opt/ros/jazzy/opt/gz_utils_vendor:/opt/ros/jazzy/opt/gz_cmake_vendor:/opt/ros/jazzy DEBUGINFOD_URLS=https://debuginfod.ubuntu.com /usr/bin/cmake --build /home/matus/ros2_ws/build/block2_matuska -- -j12 -l12
[0.067s] [ 75%] [32mBuilding CXX object CMakeFiles/zadanie22_node.dir/src/zadanie22_node.cpp.o[0m
[0.067s] [ 75%] Built target zadanie2_node
[2.615s] In file included from [01m[K/opt/ros/jazzy/include/rclcpp/rclcpp/copy_all_parameter_values.hpp:27[m[K,
[2.615s]                  from [01m[K/opt/ros/jazzy/include/rclcpp/rclcpp/rclcpp.hpp:171[m[K,
[2.615s]                  from [01m[K/home/matus/ros2_ws/src/block2_matuska/src/zadanie22_node.cpp:1[m[K:
[2.615s] [01m[K/home/matus/ros2_ws/src/block2_matuska/src/zadanie22_node.cpp:[m[K In function ‘[01m[Kint[01;32m[K main[m[K(int, char**)[m[K’:
[2.615s] [01m[K/home/matus/ros2_ws/src/block2_matuska/src/zadanie22_node.cpp:185:73:[m[K [01;31m[Kerror: [m[Kno match for ‘[01m[Koperator<<[m[K’ (operand types are ‘[01m[Kstd::basic_ostream<char>[m[K’ and ‘[01m[Kstd::vector<double, std::allocator<double> >[m[K’)
[2.616s]   185 |                 RCLCPP_INFO_STREAM(node->get_logger(), "hodnotyyy = \n" [01;31m[K<<[m[K [32m[Khodnoty1[m[K);
[2.616s]       |                                                                         [01;31m[K^~[m[K [32m[K~~~~~~~~[m[K
[2.616s]       |                                                                            [32m[K|[m[K
[2.616s]       |                                                                            [32m[Kstd::vector<double, std::allocator<double> >[m[K
[2.616s] In file included from [01m[K/usr/include/c++/13/istream:41[m[K,
[2.616s]                  from [01m[K/usr/include/c++/13/sstream:40[m[K,
[2.616s]                  from [01m[K/opt/ros/jazzy/include/rcl_interfaces/rcl_interfaces/srv/detail/list_parameters__traits.hpp:13[m[K,
[2.616s]                  from [01m[K/opt/ros/jazzy/include/rcl_interfaces/rcl_interfaces/srv/list_parameters.hpp:9[m[K,
[2.617s]                  from [01m[K/opt/ros/jazzy/include/rclcpp/rclcpp/copy_all_parameter_values.hpp:21[m[K:
[2.617s] [01m[K/usr/include/c++/13/ostream:110:7:[m[K [01;36m[Knote: [m[Kcandidate: ‘[01m[Kstd::basic_ostream<_CharT, _Traits>::__ostream_type& std::basic_ostream<_CharT, _Traits>::[01;32m[Koperator<<[m[K(__ostream_type& (*)(__ostream_type&)) [35m[K[with _CharT = char; _Traits = std::char_traits<char>; __ostream_type = std::basic_ostream<char>][m[K[m[K’
[2.617s]   110 |       [01;36m[Koperator[m[K<<(__ostream_type& (*__pf)(__ostream_type&))
[2.617s]       |       [01;36m[K^~~~~~~~[m[K
[2.617s] [01m[K/usr/include/c++/13/ostream:110:36:[m[K [01;36m[Knote: [m[K  no known conversion for argument 1 from ‘[01m[Kstd::vector<double, std::allocator<double> >[m[K’ to ‘[01m[Kstd::basic_ostream<char>::__ostream_type& (*)(std::basic_ostream<char>::__ostream_type&)[m[K’ {aka ‘[01m[Kstd::basic_ostream<char>& (*)(std::basic_ostream<char>&)[m[K’}
[2.617s]   110 |       operator<<([01;36m[K__ostream_type& (*__pf)(__ostream_type&)[m[K)
[2.617s]       |                  [01;36m[K~~~~~~~~~~~~~~~~~~^~~~~~~~~~~~~~~~~~~~~~[m[K
[2.618s] [01m[K/usr/include/c++/13/ostream:119:7:[m[K [01;36m[Knote: [m[Kcandidate: ‘[01m[Kstd::basic_ostream<_CharT, _Traits>::__ostream_type& std::basic_ostream<_CharT, _Traits>::[01;32m[Koperator<<[m[K(__ios_type& (*)(__ios_type&)) [35m[K[with _CharT = char; _Traits = std::char_traits<char>; __ostream_type = std::basic_ostream<char>; __ios_type = std::basic_ios<char>][m[K[m[K’
[2.618s]   119 |       [01;36m[Koperator[m[K<<(__ios_type& (*__pf)(__ios_type&))
[2.618s]       |       [01;36m[K^~~~~~~~[m[K
[2.618s] [01m[K/usr/include/c++/13/ostream:119:32:[m[K [01;36m[Knote: [m[K  no known conversion for argument 1 from ‘[01m[Kstd::vector<double, std::allocator<double> >[m[K’ to ‘[01m[Kstd::basic_ostream<char>::__ios_type& (*)(std::basic_ostream<char>::__ios_type&)[m[K’ {aka ‘[01m[Kstd::basic_ios<char>& (*)(std::basic_ios<char>&)[m[K’}
[2.618s]   119 |       operator<<([01;36m[K__ios_type& (*__pf)(__ios_type&)[m[K)
[2.618s]       |                  [01;36m[K~~~~~~~~~~~~~~^~~~~~~~~~~~~~~~~~[m[K
[2.618s] [01m[K/usr/include/c++/13/ostream:129:7:[m[K [01;36m[Knote: [m[Kcandidate: ‘[01m[Kstd::basic_ostream<_CharT, _Traits>::__ostream_type& std::basic_ostream<_CharT, _Traits>::[01;32m[Koperator<<[m[K(std::ios_base& (*)(std::ios_base&)) [35m[K[with _CharT = char; _Traits = std::char_traits<char>; __ostream_type = std::basic_ostream<char>][m[K[m[K’
[2.618s]   129 |       [01;36m[Koperator[m[K<<(ios_base& (*__pf) (ios_base&))
[2.618s]       |       [01;36m[K^~~~~~~~[m[K
[2.619s] [01m[K/usr/include/c++/13/ostream:129:30:[m[K [01;36m[Knote: [m[K  no known conversion for argument 1 from ‘[01m[Kstd::vector<double, std::allocator<double> >[m[K’ to ‘[01m[Kstd::ios_base& (*)(std::ios_base&)[m[K’
[2.619s]   129 |       operator<<([01;36m[Kios_base& (*__pf) (ios_base&)[m[K)
[2.619s]       |                  [01;36m[K~~~~~~~~~~~~^~~~~~~~~~~~~~~~~[m[K
[2.619s] [01m[K/usr/include/c++/13/ostream:168:7:[m[K [01;36m[Knote: [m[Kcandidate: ‘[01m[Kstd::basic_ostream<_CharT, _Traits>::__ostream_type& std::basic_ostream<_CharT, _Traits>::[01;32m[Koperator<<[m[K(long int) [35m[K[with _CharT = char; _Traits = std::char_traits<char>; __ostream_type = std::basic_ostream<char>][m[K[m[K’
[2.619s]   168 |       [01;36m[Koperator[m[K<<(long __n)
[2.619s]       |       [01;36m[K^~~~~~~~[m[K
[2.619s] [01m[K/usr/include/c++/13/ostream:168:23:[m[K [01;36m[Knote: [m[K  no known conversion for argument 1 from ‘[01m[Kstd::vector<double, std::allocator<double> >[m[K’ to ‘[01m[Klong int[m[K’
[2.619s]   168 |       operator<<([01;36m[Klong __n[m[K)
[2.619s]       |                  [01;36m[K~~~~~^~~[m[K
[2.619s] [01m[K/usr/include/c++/13/ostream:172:7:[m[K [01;36m[Knote: [m[Kcandidate: ‘[01m[Kstd::basic_ostream<_CharT, _Traits>::__ostream_type& std::basic_ostream<_CharT, _Traits>::[01;32m[Koperator<<[m[K(long unsigned int) [35m[K[with _CharT = char; _Traits = std::char_traits<char>; __ostream_type = std::basic_ostream<char>][m[K[m[K’
[2.620s]   172 |       [01;36m[Koperator[m[K<<(unsigned long __n)
[2.620s]       |       [01;36m[K^~~~~~~~[m[K
[2.620s] [01m[K/usr/include/c++/13/ostream:172:32:[m[K [01;36m[Knote: [m[K  no known conversion for argument 1 from ‘[01m[Kstd::vector<double, std::allocator<double> >[m[K’ to ‘[01m[Klong unsigned int[m[K’
[2.620s]   172 |       operator<<([01;36m[Kunsigned long __n[m[K)
[2.620s]       |                  [01;36m[K~~~~~~~~~~~~~~^~~[m[K
[2.620s] [01m[K/usr/include/c++/13/ostream:176:7:[m[K [01;36m[Knote: [m[Kcandidate: ‘[01m[Kstd::basic_ostream<_CharT, _Traits>::__ostream_type& std::basic_ostream<_CharT, _Traits>::[01;32m[Koperator<<[m[K(bool) [35m[K[with _CharT = char; _Traits = std::char_traits<char>; __ostream_type = std::basic_ostream<char>][m[K[m[K’
[2.620s]   176 |       [01;36m[Koperator[m[K<<(bool __n)
[2.620s]       |       [01;36m[K^~~~~~~~[m[K
[2.620s] [01m[K/usr/include/c++/13/ostream:176:23:[m[K [01;36m[Knote: [m[K  no known conversion for argument 1 from ‘[01m[Kstd::vector<double, std::allocator<double> >[m[K’ to ‘[01m[Kbool[m[K’
[2.620s]   176 |       operator<<([01;36m[Kbool __n[m[K)
[2.620s]       |                  [01;36m[K~~~~~^~~[m[K
[2.620s] In file included from [01m[K/usr/include/c++/13/ostream:880[m[K:
[2.620s] [01m[K/usr/include/c++/13/bits/ostream.tcc:96:5:[m[K [01;36m[Knote: [m[Kcandidate: ‘[01m[Kstd::basic_ostream<_Ch, _Tr>& std::basic_ostream<_CharT, _Traits>::[01;32m[Koperator<<[m[K(short int) [35m[K[with _CharT = char; _Traits = std::char_traits<char>][m[K[m[K’
[2.621s]    96 |     [01;36m[Kbasic_ostream<_CharT, _Traits>[m[K::
[2.621s]       |     [01;36m[K^~~~~~~~~~~~~~~~~~~~~~~~~~~~~~[m[K
[2.621s] [01m[K/usr/include/c++/13/bits/ostream.tcc:97:22:[m[K [01;36m[Knote: [m[K  no known conversion for argument 1 from ‘[01m[Kstd::vector<double, std::allocator<double> >[m[K’ to ‘[01m[Kshort int[m[K’
[2.621s]    97 |     operator<<([01;36m[Kshort __n[m[K)
[2.621s]       |                [01;36m[K~~~~~~^~~[m[K
[2.621s] [01m[K/usr/include/c++/13/ostream:183:7:[m[K [01;36m[Knote: [m[Kcandidate: ‘[01m[Kstd::basic_ostream<_CharT, _Traits>::__ostream_type& std::basic_ostream<_CharT, _Traits>::[01;32m[Koperator<<[m[K(short unsigned int) [35m[K[with _CharT = char; _Traits = std::char_traits<char>; __ostream_type = std::basic_ostream<char>][m[K[m[K’
[2.621s]   183 |       [01;36m[Koperator[m[K<<(unsigned short __n)
[2.621s]       |       [01;36m[K^~~~~~~~[m[K
[2.621s] [01m[K/usr/include/c++/13/ostream:183:33:[m[K [01;36m[Knote: [m[K  no known conversion for argument 1 from ‘[01m[Kstd::vector<double, std::allocator<double> >[m[K’ to ‘[01m[Kshort unsigned int[m[K’
[2.621s]   183 |       operator<<([01;36m[Kunsigned short __n[m[K)
[2.621s]       |                  [01;36m[K~~~~~~~~~~~~~~~^~~[m[K
[2.622s] [01m[K/usr/include/c++/13/bits/ostream.tcc:110:5:[m[K [01;36m[Knote: [m[Kcandidate: ‘[01m[Kstd::basic_ostream<_Ch, _Tr>& std::basic_ostream<_CharT, _Traits>::[01;32m[Koperator<<[m[K(int) [35m[K[with _CharT = char; _Traits = std::char_traits<char>][m[K[m[K’
[2.622s]   110 |     [01;36m[Kbasic_ostream<_CharT, _Traits>[m[K::
[2.622s]       |     [01;36m[K^~~~~~~~~~~~~~~~~~~~~~~~~~~~~~[m[K
[2.622s] [01m[K/usr/include/c++/13/bits/ostream.tcc:111:20:[m[K [01;36m[Knote: [m[K  no known conversion for argument 1 from ‘[01m[Kstd::vector<double, std::allocator<double> >[m[K’ to ‘[01m[Kint[m[K’
[2.622s]   111 |     operator<<([01;36m[Kint __n[m[K)
[2.622s]       |                [01;36m[K~~~~^~~[m[K
[2.622s] [01m[K/usr/include/c++/13/ostream:194:7:[m[K [01;36m[Knote: [m[Kcandidate: ‘[01m[Kstd::basic_ostream<_CharT, _Traits>::__ostream_type& std::basic_ostream<_CharT, _Traits>::[01;32m[Koperator<<[m[K(unsigned int) [35m[K[with _CharT = char; _Traits = std::char_traits<char>; __ostream_type = std::basic_ostream<char>][m[K[m[K’
[2.622s]   194 |       [01;36m[Koperator[m[K<<(unsigned int __n)
[2.622s]       |       [01;36m[K^~~~~~~~[m[K
[2.622s] [01m[K/usr/include/c++/13/ostream:194:31:[m[K [01;36m[Knote: [m[K  no known conversion for argument 1 from ‘[01m[Kstd::vector<double, std::allocator<double> >[m[K’ to ‘[01m[Kunsigned int[m[K’
[2.623s]   194 |       operator<<([01;36m[Kunsigned int __n[m[K)
[2.623s]       |                  [01;36m[K~~~~~~~~~~~~~^~~[m[K
[2.623s] [01m[K/usr/include/c++/13/ostream:203:7:[m[K [01;36m[Knote: [m[Kcandidate: ‘[01m[Kstd::basic_ostream<_CharT, _Traits>::__ostream_type& std::basic_ostream<_CharT, _Traits>::[01;32m[Koperator<<[m[K(long long int) [35m[K[with _CharT = char; _Traits = std::char_traits<char>; __ostream_type = std::basic_ostream<char>][m[K[m[K’
[2.623s]   203 |       [01;36m[Koperator[m[K<<(long long __n)
[2.623s]       |       [01;36m[K^~~~~~~~[m[K
[2.623s] [01m[K/usr/include/c++/13/ostream:203:28:[m[K [01;36m[Knote: [m[K  no known conversion for argument 1 from ‘[01m[Kstd::vector<double, std::allocator<double> >[m[K’ to ‘[01m[Klong long int[m[K’
[2.623s]   203 |       operator<<([01;36m[Klong long __n[m[K)
[2.623s]       |                  [01;36m[K~~~~~~~~~~^~~[m[K
[2.623s] [01m[K/usr/include/c++/13/ostream:207:7:[m[K [01;36m[Knote: [m[Kcandidate: ‘[01m[Kstd::basic_ostream<_CharT, _Traits>::__ostream_type& std::basic_ostream<_CharT, _Traits>::[01;32m[Koperator<<[m[K(long long unsigned int) [35m[K[with _CharT = char; _Traits = std::char_traits<char>; __ostream_type = std::basic_ostream<char>][m[K[m[K’
[2.623s]   207 |       [01;36m[Koperator[m[K<<(unsigned long long __n)
[2.623s]       |       [01;36m[K^~~~~~~~[m[K
[2.623s] [01m[K/usr/include/c++/13/ostream:207:37:[m[K [01;36m[Knote: [m[K  no known conversion for argument 1 from ‘[01m[Kstd::vector<double, std::allocator<double> >[m[K’ to ‘[01m[Klong long unsigned int[m[K’
[2.624s]   207 |       operator<<([01;36m[Kunsigned long long __n[m[K)
[2.624s]       |                  [01;36m[K~~~~~~~~~~~~~~~~~~~^~~[m[K
[2.624s] [01m[K/usr/include/c++/13/ostream:222:7:[m[K [01;36m[Knote: [m[Kcandidate: ‘[01m[Kstd::basic_ostream<_CharT, _Traits>::__ostream_type& std::basic_ostream<_CharT, _Traits>::[01;32m[Koperator<<[m[K(double) [35m[K[with _CharT = char; _Traits = std::char_traits<char>; __ostream_type = std::basic_ostream<char>][m[K[m[K’
[2.624s]   222 |       [01;36m[Koperator[m[K<<(double __f)
[2.624s]       |       [01;36m[K^~~~~~~~[m[K
[2.624s] [01m[K/usr/include/c++/13/ostream:222:25:[m[K [01;36m[Knote: [m[K  no known conversion for argument 1 from ‘[01m[Kstd::vector<double, std::allocator<double> >[m[K’ to ‘[01m[Kdouble[m[K’
[2.624s]   222 |       operator<<([01;36m[Kdouble __f[m[K)
[2.624s]       |                  [01;36m[K~~~~~~~^~~[m[K
[2.624s] [01m[K/usr/include/c++/13/ostream:226:7:[m[K [01;36m[Knote: [m[Kcandidate: ‘[01m[Kstd::basic_ostream<_CharT, _Traits>::__ostream_type& std::basic_ostream<_CharT, _Traits>::[01;32m[Koperator<<[m[K(float) [35m[K[with _CharT = char; _Traits = std::char_traits<char>; __ostream_type = std::basic_ostream<char>][m[K[m[K’
[2.624s]   226 |       [01;36m[Koperator[m[K<<(float __f)
[2.624s]       |       [01;36m[K^~~~~~~~[m[K
[2.624s] [01m[K/usr/include/c++/13/ostream:226:24:[m[K [01;36m[Knote: [m[K  no known conversion for argument 1 from ‘[01m[Kstd::vector<double, std::allocator<double> >[m[K’ to ‘[01m[Kfloat[m[K’
[2.625s]   226 |       operator<<([01;36m[Kfloat __f[m[K)
[2.625s]       |                  [01;36m[K~~~~~~^~~[m[K
[2.625s] [01m[K/usr/include/c++/13/ostream:234:7:[m[K [01;36m[Knote: [m[Kcandidate: ‘[01m[Kstd::basic_ostream<_CharT, _Traits>::__ostream_type& std::basic_ostream<_CharT, _Traits>::[01;32m[Koperator<<[m[K(long double) [35m[K[with _CharT = char; _Traits = std::char_traits<char>; __ostream_type = std::basic_ostream<char>][m[K[m[K’
[2.625s]   234 |       [01;36m[Koperator[m[K<<(long double __f)
[2.625s]       |       [01;36m[K^~~~~~~~[m[K
[2.625s] [01m[K/usr/include/c++/13/ostream:234:30:[m[K [01;36m[Knote: [m[K  no known conversion for argument 1 from ‘[01m[Kstd::vector<double, std::allocator<double> >[m[K’ to ‘[01m[Klong double[m[K’
[2.625s]   234 |       operator<<([01;36m[Klong double __f[m[K)
[2.625s]       |                  [01;36m[K~~~~~~~~~~~~^~~[m[K
[2.625s] [01m[K/usr/include/c++/13/ostream:292:7:[m[K [01;36m[Knote: [m[Kcandidate: ‘[01m[Kstd::basic_ostream<_CharT, _Traits>::__ostream_type& std::basic_ostream<_CharT, _Traits>::[01;32m[Koperator<<[m[K(const void*) [35m[K[with _CharT = char; _Traits = std::char_traits<char>; __ostream_type = std::basic_ostream<char>][m[K[m[K’
[2.625s]   292 |       [01;36m[Koperator[m[K<<(const void* __p)
[2.625s]       |       [01;36m[K^~~~~~~~[m[K
[2.625s] [01m[K/usr/include/c++/13/ostream:292:30:[m[K [01;36m[Knote: [m[K  no known conversion for argument 1 from ‘[01m[Kstd::vector<double, std::allocator<double> >[m[K’ to ‘[01m[Kconst void*[m[K’
[2.625s]   292 |       operator<<([01;36m[Kconst void* __p[m[K)
[2.625s]       |                  [01;36m[K~~~~~~~~~~~~^~~[m[K
[2.626s] [01m[K/usr/include/c++/13/ostream:297:7:[m[K [01;36m[Knote: [m[Kcandidate: ‘[01m[Kstd::basic_ostream<_CharT, _Traits>::__ostream_type& std::basic_ostream<_CharT, _Traits>::[01;32m[Koperator<<[m[K(std::nullptr_t) [35m[K[with _CharT = char; _Traits = std::char_traits<char>; __ostream_type = std::basic_ostream<char>; std::nullptr_t = std::nullptr_t][m[K[m[K’
[2.626s]   297 |       [01;36m[Koperator[m[K<<(nullptr_t)
[2.626s]       |       [01;36m[K^~~~~~~~[m[K
[2.626s] [01m[K/usr/include/c++/13/ostream:297:18:[m[K [01;36m[Knote: [m[K  no known conversion for argument 1 from ‘[01m[Kstd::vector<double, std::allocator<double> >[m[K’ to ‘[01m[Kstd::nullptr_t[m[K’
[2.626s]   297 |       operator<<([01;36m[Knullptr_t[m[K)
[2.626s]       |                  [01;36m[K^~~~~~~~~[m[K
[2.626s] [01m[K/usr/include/c++/13/bits/ostream.tcc:124:5:[m[K [01;36m[Knote: [m[Kcandidate: ‘[01m[Kstd::basic_ostream<_Ch, _Tr>& std::basic_ostream<_CharT, _Traits>::[01;32m[Koperator<<[m[K(__streambuf_type*) [35m[K[with _CharT = char; _Traits = std::char_traits<char>; __streambuf_type = std::basic_streambuf<char>][m[K[m[K’
[2.626s]   124 |     [01;36m[Kbasic_ostream<_CharT, _Traits>[m[K::
[2.626s]       |     [01;36m[K^~~~~~~~~~~~~~~~~~~~~~~~~~~~~~[m[K
[2.626s] [01m[K/usr/include/c++/13/bits/ostream.tcc:125:34:[m[K [01;36m[Knote: [m[K  no known conversion for argument 1 from ‘[01m[Kstd::vector<double, std::allocator<double> >[m[K’ to ‘[01m[Kstd::basic_ostream<char>::__streambuf_type*[m[K’ {aka ‘[01m[Kstd::basic_streambuf<char>*[m[K’}
[2.626s]   125 |     operator<<([01;36m[K__streambuf_type* __sbin[m[K)
[2.626s]       |                [01;36m[K~~~~~~~~~~~~~~~~~~^~~~~~[m[K
[2.626s] In file included from [01m[K/usr/include/c++/13/memory:80[m[K,
[2.627s]                  from [01m[K/opt/ros/jazzy/include/rclcpp/rclcpp/rclcpp.hpp:169[m[K:
[2.627s] [01m[K/usr/include/c++/13/bits/shared_ptr.h:70:5:[m[K [01;36m[Knote: [m[Kcandidate: ‘[01m[Ktemplate<class _Ch, class _Tr, class _Tp, __gnu_cxx::_Lock_policy _Lp> std::basic_ostream<_Ch, _Tr>& std::[01;32m[Koperator<<[m[K(basic_ostream<_Ch, _Tr>&, const __shared_ptr<_Tp, _Lp>&)[m[K’
[2.627s]    70 |     [01;36m[Koperator[m[K<<(std::basic_ostream<_Ch, _Tr>& __os,
[2.627s]       |     [01;36m[K^~~~~~~~[m[K
[2.627s] [01m[K/usr/include/c++/13/bits/shared_ptr.h:70:5:[m[K [01;36m[Knote: [m[K  template argument deduction/substitution failed:
[2.627s] [01m[K/home/matus/ros2_ws/src/block2_matuska/src/zadanie22_node.cpp:185:76:[m[K [01;36m[Knote: [m[K  ‘[01m[Kstd::vector<double, std::allocator<double> >[m[K’ is not derived from ‘[01m[Kconst std::__shared_ptr<_Tp, _Lp>[m[K’
[2.627s]   185 |                 RCLCPP_INFO_STREAM(node->get_logger(), "hodnotyyy = \n" << [01;36m[Khodnoty1[m[K);
[2.627s]       |                                                                            [01;36m[K^~~~~~~~[m[K
[2.627s] In file included from [01m[K/usr/include/c++/13/bits/basic_string.h:47[m[K,
[2.627s]                  from [01m[K/usr/include/c++/13/string:54[m[K,
[2.628s]                  from [01m[K/opt/ros/jazzy/include/rclcpp/rclcpp/copy_all_parameter_values.hpp:18[m[K:
[2.628s] [01m[K/usr/include/c++/13/string_view:761:5:[m[K [01;36m[Knote: [m[Kcandidate: ‘[01m[Ktemplate<class _CharT, class _Traits> std::basic_ostream<_Ch, _Tr>& std::[01;32m[Koperator<<[m[K(basic_ostream<_Ch, _Tr>&, basic_string_view<_CharT, _Traits>)[m[K’
[2.628s]   761 |     [01;36m[Koperator[m[K<<(basic_ostream<_CharT, _Traits>& __os,
[2.628s]       |     [01;36m[K^~~~~~~~[m[K
[2.628s] [01m[K/usr/include/c++/13/string_view:761:5:[m[K [01;36m[Knote: [m[K  template argument deduction/substitution failed:
[2.628s] [01m[K/home/matus/ros2_ws/src/block2_matuska/src/zadanie22_node.cpp:185:76:[m[K [01;36m[Knote: [m[K  ‘[01m[Kstd::vector<double, std::allocator<double> >[m[K’ is not derived from ‘[01m[Kstd::basic_string_view<_CharT, _Traits>[m[K’
[2.628s]   185 |                 RCLCPP_INFO_STREAM(node->get_logger(), "hodnotyyy = \n" << [01;36m[Khodnoty1[m[K);
[2.628s]       |                                                                            [01;36m[K^~~~~~~~[m[K
[2.628s] [01m[K/usr/include/c++/13/bits/basic_string.h:4032:5:[m[K [01;36m[Knote: [m[Kcandidate: ‘[01m[Ktemplate<class _CharT, class _Traits, class _Alloc> std::basic_ostream<_Ch, _Tr>& std::[01;32m[Koperator<<[m[K(basic_ostream<_Ch, _Tr>&, const __cxx11::basic_string<_CharT, _Traits, _Allocator>&)[m[K’
[2.628s]  4032 |     [01;36m[Koperator[m[K<<(basic_ostream<_CharT, _Traits>& __os,
[2.629s]       |     [01;36m[K^~~~~~~~[m[K
[2.629s] [01m[K/usr/include/c++/13/bits/basic_string.h:4032:5:[m[K [01;36m[Knote: [m[K  template argument deduction/substitution failed:
[2.629s] [01m[K/home/matus/ros2_ws/src/block2_matuska/src/zadanie22_node.cpp:185:76:[m[K [01;36m[Knote: [m[K  ‘[01m[Kstd::vector<double, std::allocator<double> >[m[K’ is not derived from ‘[01m[Kconst std::__cxx11::basic_string<_CharT, _Traits, _Allocator>[m[K’
[2.629s]   185 |                 RCLCPP_INFO_STREAM(node->get_logger(), "hodnotyyy = \n" << [01;36m[Khodnoty1[m[K);
[2.629s]       |                                                                            [01;36m[K^~~~~~~~[m[K
[2.629s] In file included from [01m[K/usr/include/c++/13/bits/memory_resource.h:38[m[K,
[2.629s]                  from [01m[K/usr/include/c++/13/string:58[m[K:
[2.629s] [01m[K/usr/include/c++/13/cstddef:124:5:[m[K [01;36m[Knote: [m[Kcandidate: ‘[01m[Ktemplate<class _IntegerType> constexpr std::__byte_op_t<_IntegerType> std::[01;32m[Koperator<<[m[K(byte, _IntegerType)[m[K’
[2.629s]   124 |     [01;36m[Koperator[m[K<<(byte __b, _IntegerType __shift) noexcept
[2.629s]       |     [01;36m[K^~~~~~~~[m[K
[2.630s] [01m[K/usr/include/c++/13/cstddef:124:5:[m[K [01;36m[Knote: [m[K  template argument deduction/substitution failed:
[2.630s] [01m[K/home/matus/ros2_ws/src/block2_matuska/src/zadanie22_node.cpp:185:17:[m[K [01;36m[Knote: [m[K  cannot convert ‘[01m[Kstd::operator<< <char_traits<char> >(rclcpp_stream_ss_.std::__cxx11::basic_stringstream<char>::<anonymous>.std::basic_iostream<char>::<anonymous>, ((const char*)"hodnotyyy = \012"))[m[K’ (type ‘[01m[Kstd::basic_ostream<char>[m[K’) to type ‘[01m[Kstd::byte[m[K’
[2.630s]   185 |                 [01;36m[KR[m[KCLCPP_INFO_STREAM(node->get_logger(), "hodnotyyy = \n" << hodnoty1);
[2.630s]       |                 [01;36m[K^[m[K
[2.630s] In file included from [01m[K/usr/include/c++/13/bits/ios_base.h:46[m[K,
[2.630s]                  from [01m[K/usr/include/c++/13/ios:44[m[K,
[2.630s]                  from [01m[K/usr/include/c++/13/istream:40[m[K:
[2.630s] [01m[K/usr/include/c++/13/system_error:339:5:[m[K [01;36m[Knote: [m[Kcandidate: ‘[01m[Ktemplate<class _CharT, class _Traits> std::basic_ostream<_Ch, _Tr>& std::[01;32m[Koperator<<[m[K(basic_ostream<_Ch, _Tr>&, const error_code&)[m[K’
[2.630s]   339 |     [01;36m[Koperator[m[K<<(basic_ostream<_CharT, _Traits>& __os, const error_code& __e)
[2.631s]       |     [01;36m[K^~~~~~~~[m[K
[2.631s] [01m[K/usr/include/c++/13/system_error:339:5:[m[K [01;36m[Knote: [m[K  template argument deduction/substitution failed:
[2.631s] [01m[K/home/matus/ros2_ws/src/block2_matuska/src/zadanie22_node.cpp:185:76:[m[K [01;36m[Knote: [m[K  cannot convert ‘[01m[Khodnoty1[m[K’ (type ‘[01m[Kstd::vector<double, std::allocator<double> >[m[K’) to type ‘[01m[Kconst std::error_code&[m[K’
[2.631s]   185 |                 RCLCPP_INFO_STREAM(node->get_logger(), "hodnotyyy = \n" << [01;36m[Khodnoty1[m[K);
[2.631s]       |                                                                            [01;36m[K^~~~~~~~[m[K
[2.631s] [01m[K/usr/include/c++/13/ostream:554:5:[m[K [01;36m[Knote: [m[Kcandidate: ‘[01m[Ktemplate<class _CharT, class _Traits> std::basic_ostream<_Ch, _Tr>& std::[01;32m[Koperator<<[m[K(basic_ostream<_Ch, _Tr>&, _CharT)[m[K’
[2.631s]   554 |     [01;36m[Koperator[m[K<<(basic_ostream<_CharT, _Traits>& __out, _CharT __c)
[2.631s]       |     [01;36m[K^~~~~~~~[m[K
[2.631s] [01m[K/usr/include/c++/13/ostream:554:5:[m[K [01;36m[Knote: [m[K  template argument deduction/substitution failed:
[2.631s] [01m[K/home/matus/ros2_ws/src/block2_matuska/src/zadanie22_node.cpp:185:76:[m[K [01;36m[Knote: [m[K  deduced conflicting types for parameter ‘[01m[K_CharT[m[K’ (‘[01m[Kchar[m[K’ and ‘[01m[Kstd::vector<double, std::allocator<double> >[m[K’)
[2.632s]   185 |                 RCLCPP_INFO_STREAM(node->get_logger(), "hodnotyyy = \n" << [01;36m[Khodnoty1[m[K);
[2.632s]       |                                                                            [01;36m[K^~~~~~~~[m[K
[2.632s] [01m[K/usr/include/c++/13/ostream:564:5:[m[K [01;36m[Knote: [m[Kcandidate: ‘[01m[Ktemplate<class _CharT, class _Traits> std::basic_ostream<_Ch, _Tr>& std::[01;32m[Koperator<<[m[K(basic_ostream<_Ch, _Tr>&, char)[m[K’
[2.632s]   564 |     [01;36m[Koperator[m[K<<(basic_ostream<_CharT, _Traits>& __out, char __c)
[2.632s]       |     [01;36m[K^~~~~~~~[m[K
[2.632s] [01m[K/usr/include/c++/13/ostream:564:5:[m[K [01;36m[Knote: [m[K  template argument deduction/substitution failed:
[2.632s] [01m[K/home/matus/ros2_ws/src/block2_matuska/src/zadanie22_node.cpp:185:76:[m[K [01;36m[Knote: [m[K  cannot convert ‘[01m[Khodnoty1[m[K’ (type ‘[01m[Kstd::vector<double, std::allocator<double> >[m[K’) to type ‘[01m[Kchar[m[K’
[2.632s]   185 |                 RCLCPP_INFO_STREAM(node->get_logger(), "hodnotyyy = \n" << [01;36m[Khodnoty1[m[K);
[2.632s]       |                                                                            [01;36m[K^~~~~~~~[m[K
[2.632s] [01m[K/usr/include/c++/13/ostream:570:5:[m[K [01;36m[Knote: [m[Kcandidate: ‘[01m[Ktemplate<class _Traits> std::basic_ostream<char, _Traits>& std::[01;32m[Koperator<<[m[K(basic_ostream<char, _Traits>&, char)[m[K’
[2.632s]   570 |     [01;36m[Koperator[m[K<<(basic_ostream<char, _Traits>& __out, char __c)
[2.633s]       |     [01;36m[K^~~~~~~~[m[K
[2.633s] [01m[K/usr/include/c++/13/ostream:570:5:[m[K [01;36m[Knote: [m[K  template argument deduction/substitution failed:
[2.633s] [01m[K/home/matus/ros2_ws/src/block2_matuska/src/zadanie22_node.cpp:185:76:[m[K [01;36m[Knote: [m[K  cannot convert ‘[01m[Khodnoty1[m[K’ (type ‘[01m[Kstd::vector<double, std::allocator<double> >[m[K’) to type ‘[01m[Kchar[m[K’
[2.633s]   185 |                 RCLCPP_INFO_STREAM(node->get_logger(), "hodnotyyy = \n" << [01;36m[Khodnoty1[m[K);
[2.633s]       |                                                                            [01;36m[K^~~~~~~~[m[K
[2.633s] [01m[K/usr/include/c++/13/ostream:581:5:[m[K [01;36m[Knote: [m[Kcandidate: ‘[01m[Ktemplate<class _Traits> std::basic_ostream<char, _Traits>& std::[01;32m[Koperator<<[m[K(basic_ostream<char, _Traits>&, signed char)[m[K’
[2.633s]   581 |     [01;36m[Koperator[m[K<<(basic_ostream<char, _Traits>& __out, signed char __c)
[2.633s]       |     [01;36m[K^~~~~~~~[m[K
[2.633s] [01m[K/usr/include/c++/13/ostream:581:5:[m[K [01;36m[Knote: [m[K  template argument deduction/substitution failed:
[2.633s] [01m[K/home/matus/ros2_ws/src/block2_matuska/src/zadanie22_node.cpp:185:76:[m[K [01;36m[Knote: [m[K  cannot convert ‘[01m[Khodnoty1[m[K’ (type ‘[01m[Kstd::vector<double, std::allocator<double> >[m[K’) to type ‘[01m[Ksigned char[m[K’
[2.634s]   185 |                 RCLCPP_INFO_STREAM(node->get_logger(), "hodnotyyy = \n" << [01;36m[Khodnoty1[m[K);
[2.634s]       |                                                                            [01;36m[K^~~~~~~~[m[K
[2.634s] [01m[K/usr/include/c++/13/ostream:586:5:[m[K [01;36m[Knote: [m[Kcandidate: ‘[01m[Ktemplate<class _Traits> std::basic_ostream<char, _Traits>& std::[01;32m[Koperator<<[m[K(basic_ostream<char, _Traits>&, unsigned char)[m[K’
[2.634s]   586 |     [01;36m[Koperator[m[K<<(basic_ostream<char, _Traits>& __out, unsigned char __c)
[2.634s]       |     [01;36m[K^~~~~~~~[m[K
[2.634s] [01m[K/usr/include/c++/13/ostream:586:5:[m[K [01;36m[Knote: [m[K  template argument deduction/substitution failed:
[2.634s] [01m[K/home/matus/ros2_ws/src/block2_matuska/src/zadanie22_node.cpp:185:76:[m[K [01;36m[Knote: [m[K  cannot convert ‘[01m[Khodnoty1[m[K’ (type ‘[01m[Kstd::vector<double, std::allocator<double> >[m[K’) to type ‘[01m[Kunsigned char[m[K’
[2.634s]   185 |                 RCLCPP_INFO_STREAM(node->get_logger(), "hodnotyyy = \n" << [01;36m[Khodnoty1[m[K);
[2.634s]       |                                                                            [01;36m[K^~~~~~~~[m[K
[2.634s] [01m[K/usr/include/c++/13/ostream:645:5:[m[K [01;36m[Knote: [m[Kcandidate: ‘[01m[Ktemplate<class _CharT, class _Traits> std::basic_ostream<_Ch, _Tr>& std::[01;32m[Koperator<<[m[K(basic_ostream<_Ch, _Tr>&, const _CharT*)[m[K’
[2.635s]   645 |     [01;36m[Koperator[m[K<<(basic_ostream<_CharT, _Traits>& __out, const _CharT* __s)
[2.635s]       |     [01;36m[K^~~~~~~~[m[K
[2.635s] [01m[K/usr/include/c++/13/ostream:645:5:[m[K [01;36m[Knote: [m[K  template argument deduction/substitution failed:
[2.635s] [01m[K/home/matus/ros2_ws/src/block2_matuska/src/zadanie22_node.cpp:185:76:[m[K [01;36m[Knote: [m[K  mismatched types ‘[01m[Kconst _CharT*[m[K’ and ‘[01m[Kstd::vector<double, std::allocator<double> >[m[K’
[2.635s]   185 |                 RCLCPP_INFO_STREAM(node->get_logger(), "hodnotyyy = \n" << [01;36m[Khodnoty1[m[K);
[2.635s]       |                                                                            [01;36m[K^~~~~~~~[m[K
[2.635s] [01m[K/usr/include/c++/13/bits/ostream.tcc:307:5:[m[K [01;36m[Knote: [m[Kcandidate: ‘[01m[Ktemplate<class _CharT, class _Traits> std::basic_ostream<_Ch, _Tr>& std::[01;32m[Koperator<<[m[K(basic_ostream<_Ch, _Tr>&, const char*)[m[K’
[2.635s]   307 |     [01;36m[Koperator[m[K<<(basic_ostream<_CharT, _Traits>& __out, const char* __s)
[2.635s]       |     [01;36m[K^~~~~~~~[m[K
[2.635s] [01m[K/usr/include/c++/13/bits/ostream.tcc:307:5:[m[K [01;36m[Knote: [m[K  template argument deduction/substitution failed:
[2.636s] [01m[K/home/matus/ros2_ws/src/block2_matuska/src/zadanie22_node.cpp:185:76:[m[K [01;36m[Knote: [m[K  cannot convert ‘[01m[Khodnoty1[m[K’ (type ‘[01m[Kstd::vector<double, std::allocator<double> >[m[K’) to type ‘[01m[Kconst char*[m[K’
[2.636s]   185 |                 RCLCPP_INFO_STREAM(node->get_logger(), "hodnotyyy = \n" << [01;36m[Khodnoty1[m[K);
[2.636s]       |                                                                            [01;36m[K^~~~~~~~[m[K
[2.636s] [01m[K/usr/include/c++/13/ostream:662:5:[m[K [01;36m[Knote: [m[Kcandidate: ‘[01m[Ktemplate<class _Traits> std::basic_ostream<char, _Traits>& std::[01;32m[Koperator<<[m[K(basic_ostream<char, _Traits>&, const char*)[m[K’
[2.636s]   662 |     [01;36m[Koperator[m[K<<(basic_ostream<char, _Traits>& __out, const char* __s)
[2.636s]       |     [01;36m[K^~~~~~~~[m[K
[2.636s] [01m[K/usr/include/c++/13/ostream:662:5:[m[K [01;36m[Knote: [m[K  template argument deduction/substitution failed:
[2.636s] [01m[K/home/matus/ros2_ws/src/block2_matuska/src/zadanie22_node.cpp:185:76:[m[K [01;36m[Knote: [m[K  cannot convert ‘[01m[Khodnoty1[m[K’ (type ‘[01m[Kstd::vector<double, std::allocator<double> >[m[K’) to type ‘[01m[Kconst char*[m[K’
[2.636s]   185 |                 RCLCPP_INFO_STREAM(node->get_logger(), "hodnotyyy = \n" << [01;36m[Khodnoty1[m[K);
[2.637s]       |                                                                            [01;36m[K^~~~~~~~[m[K
[2.637s] [01m[K/usr/include/c++/13/ostream:675:5:[m[K [01;36m[Knote: [m[Kcandidate: ‘[01m[Ktemplate<class _Traits> std::basic_ostream<char, _Traits>& std::[01;32m[Koperator<<[m[K(basic_ostream<char, _Traits>&, const signed char*)[m[K’
[2.637s]   675 |     [01;36m[Koperator[m[K<<(basic_ostream<char, _Traits>& __out, const signed char* __s)
[2.637s]       |     [01;36m[K^~~~~~~~[m[K
[2.637s] [01m[K/usr/include/c++/13/ostream:675:5:[m[K [01;36m[Knote: [m[K  template argument deduction/substitution failed:
[2.637s] [01m[K/home/matus/ros2_ws/src/block2_matuska/src/zadanie22_node.cpp:185:76:[m[K [01;36m[Knote: [m[K  cannot convert ‘[01m[Khodnoty1[m[K’ (type ‘[01m[Kstd::vector<double, std::allocator<double> >[m[K’) to type ‘[01m[Kconst signed char*[m[K’
[2.637s]   185 |                 RCLCPP_INFO_STREAM(node->get_logger(), "hodnotyyy = \n" << [01;36m[Khodnoty1[m[K);
[2.637s]       |                                                                            [01;36m[K^~~~~~~~[m[K
[2.637s] [01m[K/usr/include/c++/13/ostream:680:5:[m[K [01;36m[Knote: [m[Kcandidate: ‘[01m[Ktemplate<class _Traits> std::basic_ostream<char, _Traits>& std::[01;32m[Koperator<<[m[K(basic_ostream<char, _Traits>&, const unsigned char*)[m[K’
[2.637s]   680 |     [01;36m[Koperator[m[K<<(basic_ostream<char, _Traits>& __out, const unsigned char* __s)
[2.638s]       |     [01;36m[K^~~~~~~~[m[K
[2.638s] [01m[K/usr/include/c++/13/ostream:680:5:[m[K [01;36m[Knote: [m[K  template argument deduction/substitution failed:
[2.638s] [01m[K/home/matus/ros2_ws/src/block2_matuska/src/zadanie22_node.cpp:185:76:[m[K [01;36m[Knote: [m[K  cannot convert ‘[01m[Khodnoty1[m[K’ (type ‘[01m[Kstd::vector<double, std::allocator<double> >[m[K’) to type ‘[01m[Kconst unsigned char*[m[K’
[2.638s]   185 |                 RCLCPP_INFO_STREAM(node->get_logger(), "hodnotyyy = \n" << [01;36m[Khodnoty1[m[K);
[2.638s]       |                                                                            [01;36m[K^~~~~~~~[m[K
[2.638s] [01m[K/usr/include/c++/13/ostream:801:5:[m[K [01;36m[Knote: [m[Kcandidate: ‘[01m[Ktemplate<class _Ostream, class _Tp> _Ostream&& std::[01;32m[Koperator<<[m[K(_Ostream&&, const _Tp&)[m[K’
[2.638s]   801 |     [01;36m[Koperator[m[K<<(_Ostream&& __os, const _Tp& __x)
[2.638s]       |     [01;36m[K^~~~~~~~[m[K
[2.638s] [01m[K/usr/include/c++/13/ostream:801:5:[m[K [01;36m[Knote: [m[K  template argument deduction/substitution failed:
[2.638s] /usr/include/c++/13/ostream: In substitution of ‘[01m[Ktemplate<class _Ostream, class _Tp> _Ostream&& std::[01;32m[Koperator<<[m[K(_Ostream&&, const _Tp&) [35m[K[with _Ostream = std::basic_ostream<char>&; _Tp = std::vector<double, std::allocator<double> >][m[K[m[K’:
[2.639s] [01m[K/home/matus/ros2_ws/src/block2_matuska/src/zadanie22_node.cpp:185:17:[m[K   required from here
[2.639s] [01m[K/usr/include/c++/13/ostream:801:5:[m[K [01;31m[Kerror: [m[Kno type named ‘[01m[Ktype[m[K’ in ‘[01m[Kstruct std::enable_if<false, void>[m[K’
[2.639s] In file included from [01m[K/opt/ros/jazzy/include/rosidl_runtime_cpp/rosidl_runtime_cpp/traits.hpp:19[m[K,
[2.639s]                  from [01m[K/opt/ros/jazzy/include/rcl_interfaces/rcl_interfaces/srv/detail/list_parameters__traits.hpp:18[m[K:
[2.639s] [01m[K/usr/include/c++/13/iomanip:81:5:[m[K [01;36m[Knote: [m[Kcandidate: ‘[01m[Ktemplate<class _CharT, class _Traits> std::basic_ostream<_Ch, _Tr>& std::[01;32m[Koperator<<[m[K(basic_ostream<_Ch, _Tr>&, _Resetiosflags)[m[K’
[2.639s]    81 |     [01;36m[Koperator[m[K<<(basic_ostream<_CharT, _Traits>& __os, _Resetiosflags __f)
[2.639s]       |     [01;36m[K^~~~~~~~[m[K
[2.639s] [01m[K/usr/include/c++/13/iomanip:81:5:[m[K [01;36m[Knote: [m[K  template argument deduction/substitution failed:
[2.640s] [01m[K/home/matus/ros2_ws/src/block2_matuska/src/zadanie22_node.cpp:185:76:[m[K [01;36m[Knote: [m[K  cannot convert ‘[01m[Khodnoty1[m[K’ (type ‘[01m[Kstd::vector<double, std::allocator<double> >[m[K’) to type ‘[01m[Kstd::_Resetiosflags[m[K’
[2.640s]   185 |                 RCLCPP_INFO_STREAM(node->get_logger(), "hodnotyyy = \n" << [01;36m[Khodnoty1[m[K);
[2.640s]       |                                                                            [01;36m[K^~~~~~~~[m[K
[2.640s] [01m[K/usr/include/c++/13/iomanip:111:5:[m[K [01;36m[Knote: [m[Kcandidate: ‘[01m[Ktemplate<class _CharT, class _Traits> std::basic_ostream<_Ch, _Tr>& std::[01;32m[Koperator<<[m[K(basic_ostream<_Ch, _Tr>&, _Setiosflags)[m[K’
[2.640s]   111 |     [01;36m[Koperator[m[K<<(basic_ostream<_CharT, _Traits>& __os, _Setiosflags __f)
[2.640s]       |     [01;36m[K^~~~~~~~[m[K
[2.640s] [01m[K/usr/include/c++/13/iomanip:111:5:[m[K [01;36m[Knote: [m[K  template argument deduction/substitution failed:
[2.640s] [01m[K/home/matus/ros2_ws/src/block2_matuska/src/zadanie22_node.cpp:185:76:[m[K [01;36m[Knote: [m[K  cannot convert ‘[01m[Khodnoty1[m[K’ (type ‘[01m[Kstd::vector<double, std::allocator<double> >[m[K’) to type ‘[01m[Kstd::_Setiosflags[m[K’
[2.640s]   185 |                 RCLCPP_INFO_STREAM(node->get_logger(), "hodnotyyy = \n" << [01;36m[Khodnoty1[m[K);
[2.641s]       |                                                                            [01;36m[K^~~~~~~~[m[K
[2.641s] [01m[K/usr/include/c++/13/iomanip:145:5:[m[K [01;36m[Knote: [m[Kcandidate: ‘[01m[Ktemplate<class _CharT, class _Traits> std::basic_ostream<_Ch, _Tr>& std::[01;32m[Koperator<<[m[K(basic_ostream<_Ch, _Tr>&, _Setbase)[m[K’
[2.641s]   145 |     [01;36m[Koperator[m[K<<(basic_ostream<_CharT, _Traits>& __os, _Setbase __f)
[2.641s]       |     [01;36m[K^~~~~~~~[m[K
[2.641s] [01m[K/usr/include/c++/13/iomanip:145:5:[m[K [01;36m[Knote: [m[K  template argument deduction/substitution failed:
[2.641s] [01m[K/home/matus/ros2_ws/src/block2_matuska/src/zadanie22_node.cpp:185:76:[m[K [01;36m[Knote: [m[K  cannot convert ‘[01m[Khodnoty1[m[K’ (type ‘[01m[Kstd::vector<double, std::allocator<double> >[m[K’) to type ‘[01m[Kstd::_Setbase[m[K’
[2.641s]   185 |                 RCLCPP_INFO_STREAM(node->get_logger(), "hodnotyyy = \n" << [01;36m[Khodnoty1[m[K);
[2.641s]       |                                                                            [01;36m[K^~~~~~~~[m[K
[2.641s] [01m[K/usr/include/c++/13/iomanip:180:5:[m[K [01;36m[Knote: [m[Kcandidate: ‘[01m[Ktemplate<class _CharT, class _Traits> std::basic_ostream<_Ch, _Tr>& std::[01;32m[Koperator<<[m[K(basic_ostream<_Ch, _Tr>&, _Setfill<_CharT>)[m[K’
[2.641s]   180 |     [01;36m[Koperator[m[K<<(basic_ostream<_CharT, _Traits>& __os, _Setfill<_CharT> __f)
[2.642s]       |     [01;36m[K^~~~~~~~[m[K
[2.642s] [01m[K/usr/include/c++/13/iomanip:180:5:[m[K [01;36m[Knote: [m[K  template argument deduction/substitution failed:
[2.642s] [01m[K/home/matus/ros2_ws/src/block2_matuska/src/zadanie22_node.cpp:185:76:[m[K [01;36m[Knote: [m[K  ‘[01m[Kstd::vector<double, std::allocator<double> >[m[K’ is not derived from ‘[01m[Kstd::_Setfill<_CharT>[m[K’
[2.642s]   185 |                 RCLCPP_INFO_STREAM(node->get_logger(), "hodnotyyy = \n" << [01;36m[Khodnoty1[m[K);
[2.642s]       |                                                                            [01;36m[K^~~~~~~~[m[K
[2.642s] [01m[K/usr/include/c++/13/iomanip:210:5:[m[K [01;36m[Knote: [m[Kcandidate: ‘[01m[Ktemplate<class _CharT, class _Traits> std::basic_ostream<_Ch, _Tr>& std::[01;32m[Koperator<<[m[K(basic_ostream<_Ch, _Tr>&, _Setprecision)[m[K’
[2.642s]   210 |     [01;36m[Koperator[m[K<<(basic_ostream<_CharT, _Traits>& __os, _Setprecision __f)
[2.642s]       |     [01;36m[K^~~~~~~~[m[K
[2.642s] [01m[K/usr/include/c++/13/iomanip:210:5:[m[K [01;36m[Knote: [m[K  template argument deduction/substitution failed:
[2.642s] [01m[K/home/matus/ros2_ws/src/block2_matuska/src/zadanie22_node.cpp:185:76:[m[K [01;36m[Knote: [m[K  cannot convert ‘[01m[Khodnoty1[m[K’ (type ‘[01m[Kstd::vector<double, std::allocator<double> >[m[K’) to type ‘[01m[Kstd::_Setprecision[m[K’
[2.643s]   185 |                 RCLCPP_INFO_STREAM(node->get_logger(), "hodnotyyy = \n" << [01;36m[Khodnoty1[m[K);
[2.643s]       |                                                                            [01;36m[K^~~~~~~~[m[K
[2.643s] [01m[K/usr/include/c++/13/iomanip:240:5:[m[K [01;36m[Knote: [m[Kcandidate: ‘[01m[Ktemplate<class _CharT, class _Traits> std::basic_ostream<_Ch, _Tr>& std::[01;32m[Koperator<<[m[K(basic_ostream<_Ch, _Tr>&, _Setw)[m[K’
[2.643s]   240 |     [01;36m[Koperator[m[K<<(basic_ostream<_CharT, _Traits>& __os, _Setw __f)
[2.643s]       |     [01;36m[K^~~~~~~~[m[K
[2.643s] [01m[K/usr/include/c++/13/iomanip:240:5:[m[K [01;36m[Knote: [m[K  template argument deduction/substitution failed:
[2.643s] [01m[K/home/matus/ros2_ws/src/block2_matuska/src/zadanie22_node.cpp:185:76:[m[K [01;36m[Knote: [m[K  cannot convert ‘[01m[Khodnoty1[m[K’ (type ‘[01m[Kstd::vector<double, std::allocator<double> >[m[K’) to type ‘[01m[Kstd::_Setw[m[K’
[2.643s]   185 |                 RCLCPP_INFO_STREAM(node->get_logger(), "hodnotyyy = \n" << [01;36m[Khodnoty1[m[K);
[2.643s]       |                                                                            [01;36m[K^~~~~~~~[m[K
[2.643s] [01m[K/usr/include/c++/13/iomanip:313:5:[m[K [01;36m[Knote: [m[Kcandidate: ‘[01m[Ktemplate<class _CharT, class _Traits, class _MoneyT> std::basic_ostream<_Ch, _Tr>& std::[01;32m[Koperator<<[m[K(basic_ostream<_Ch, _Tr>&, _Put_money<_MoneyT>)[m[K’
[2.644s]   313 |     [01;36m[Koperator[m[K<<(basic_ostream<_CharT, _Traits>& __os, _Put_money<_MoneyT> __f)
[2.644s]       |     [01;36m[K^~~~~~~~[m[K
[2.644s] [01m[K/usr/include/c++/13/iomanip:313:5:[m[K [01;36m[Knote: [m[K  template argument deduction/substitution failed:
[2.644s] [01m[K/home/matus/ros2_ws/src/block2_matuska/src/zadanie22_node.cpp:185:76:[m[K [01;36m[Knote: [m[K  ‘[01m[Kstd::vector<double, std::allocator<double> >[m[K’ is not derived from ‘[01m[Kstd::_Put_money<_MoneyT>[m[K’
[2.644s]   185 |                 RCLCPP_INFO_STREAM(node->get_logger(), "hodnotyyy = \n" << [01;36m[Khodnoty1[m[K);
[2.644s]       |                                                                            [01;36m[K^~~~~~~~[m[K
[2.644s] [01m[K/usr/include/c++/13/iomanip:365:5:[m[K [01;36m[Knote: [m[Kcandidate: ‘[01m[Ktemplate<class _CharT, class _Traits> std::basic_ostream<_Ch, _Tr>& std::[01;32m[Koperator<<[m[K(basic_ostream<_Ch, _Tr>&, _Put_time<_CharT>)[m[K’
[2.644s]   365 |     [01;36m[Koperator[m[K<<(basic_ostream<_CharT, _Traits>& __os, _Put_time<_CharT> __f)
[2.644s]       |     [01;36m[K^~~~~~~~[m[K
[2.644s] [01m[K/usr/include/c++/13/iomanip:365:5:[m[K [01;36m[Knote: [m[K  template argument deduction/substitution failed:
[2.644s] [01m[K/home/matus/ros2_ws/src/block2_matuska/src/zadanie22_node.cpp:185:76:[m[K [01;36m[Knote: [m[K  ‘[01m[Kstd::vector<double, std::allocator<double> >[m[K’ is not derived from ‘[01m[Kstd::_Put_time<_CharT>[m[K’
[2.645s]   185 |                 RCLCPP_INFO_STREAM(node->get_logger(), "hodnotyyy = \n" << [01;36m[Khodnoty1[m[K);
[2.645s]       |                                                                            [01;36m[K^~~~~~~~[m[K
[2.645s] In file included from [01m[K/opt/ros/jazzy/include/rclcpp/rclcpp/executors/multi_threaded_executor.hpp:22[m[K,
[2.645s]                  from [01m[K/opt/ros/jazzy/include/rclcpp/rclcpp/executors.hpp:21[m[K,
[2.645s]                  from [01m[K/opt/ros/jazzy/include/rclcpp/rclcpp/rclcpp.hpp:172[m[K:
[2.645s] [01m[K/usr/include/c++/13/thread:97:5:[m[K [01;36m[Knote: [m[Kcandidate: ‘[01m[Ktemplate<class _CharT, class _Traits> std::basic_ostream<_Ch, _Tr>& std::[01;32m[Koperator<<[m[K(basic_ostream<_Ch, _Tr>&, thread::id)[m[K’
[2.645s]    97 |     [01;36m[Koperator[m[K<<(basic_ostream<_CharT, _Traits>& __out, thread::id __id)
[2.645s]       |     [01;36m[K^~~~~~~~[m[K
[2.645s] [01m[K/usr/include/c++/13/thread:97:5:[m[K [01;36m[Knote: [m[K  template argument deduction/substitution failed:
[2.645s] [01m[K/home/matus/ros2_ws/src/block2_matuska/src/zadanie22_node.cpp:185:76:[m[K [01;36m[Knote: [m[K  cannot convert ‘[01m[Khodnoty1[m[K’ (type ‘[01m[Kstd::vector<double, std::allocator<double> >[m[K’) to type ‘[01m[Kstd::thread::id[m[K’
[2.646s]   185 |                 RCLCPP_INFO_STREAM(node->get_logger(), "hodnotyyy = \n" << [01;36m[Khodnoty1[m[K);
[2.646s]       |                                                                            [01;36m[K^~~~~~~~[m[K
[2.646s] In file included from [01m[K/usr/include/eigen3/Eigen/Core:50[m[K,
[2.646s]                  from [01m[K/usr/include/eigen3/Eigen/Geometry:11[m[K,
[2.646s]                  from [01m[K/home/matus/ros2_ws/install/abb_irb4600_ikfast/include/abb_irb4600_ikfast/abb_irb4600_ikfast/abb_irb4600_ikfast.h:7[m[K,
[2.646s]                  from [01m[K/home/matus/ros2_ws/src/block2_matuska/src/zadanie22_node.cpp:4[m[K:
[2.646s] [01m[K/usr/include/c++/13/complex:558:5:[m[K [01;36m[Knote: [m[Kcandidate: ‘[01m[Ktemplate<class _Tp, class _CharT, class _Traits> std::basic_ostream<_CharT, _Traits>& std::[01;32m[Koperator<<[m[K(basic_ostream<_CharT, _Traits>&, const complex<_Tp>&)[m[K’
[2.646s]   558 |     [01;36m[Koperator[m[K<<(basic_ostream<_CharT, _Traits>& __os, const complex<_Tp>& __x)
[2.646s]       |     [01;36m[K^~~~~~~~[m[K
[2.646s] [01m[K/usr/include/c++/13/complex:558:5:[m[K [01;36m[Knote: [m[K  template argument deduction/substitution failed:
[2.647s] [01m[K/home/matus/ros2_ws/src/block2_matuska/src/zadanie22_node.cpp:185:76:[m[K [01;36m[Knote: [m[K  ‘[01m[Kstd::vector<double, std::allocator<double> >[m[K’ is not derived from ‘[01m[Kconst std::complex<_Tp>[m[K’
[2.647s]   185 |                 RCLCPP_INFO_STREAM(node->get_logger(), "hodnotyyy = \n" << [01;36m[Khodnoty1[m[K);
[2.647s]       |                                                                            [01;36m[K^~~~~~~~[m[K
[5.195s] gmake[2]: *** [CMakeFiles/zadanie22_node.dir/build.make:76: CMakeFiles/zadanie22_node.dir/src/zadanie22_node.cpp.o] Error 1
[5.196s] gmake[1]: *** [CMakeFiles/Makefile2:165: CMakeFiles/zadanie22_node.dir/all] Error 2
[5.196s] gmake: *** [Makefile:146: all] Error 2
[5.198s] Invoked command in '/home/matus/ros2_ws/build/block2_matuska' returned '2': CMAKE_PREFIX_PATH=/home/matus/ros2_ws/install/rrm_msgs:/home/matus/ros2_ws/install/trajectory_visualization:/home/matus/ros2_ws/install/rrm_simple_robot_model:/home/matus/ros2_ws/install/rrm_sim:/home/matus/ros2_ws/install/block2_matuska:/home/matus/ros2_ws/install/block1_matuska:/home/matus/ros2_ws/install/matuska_interface:/home/matus/ros2_ws/install/ik_solver_example:/home/matus/ros2_ws/install/eigen_example:/home/matus/ros2_ws/install/cviko1:/home/matus/ros2_ws/install/cv1:/home/matus/ros2_ws/install/abb_model:/home/matus/ros2_ws/install/abb_irb4600_ikfast:/home/matus/ros2_ws/src/install/rrm_simple_robot_model:/home/matus/ros2_ws/src/install/rrm_sim:/home/matus/ros2_ws/src/install/block1_matuska:/home/matus/ros2_ws/src/install/rrm_msgs:/home/matus/ros2_ws/src/install/matuska_interface:/opt/ros/jazzy/opt/gz_math_vendor:/opt/ros/jazzy/opt/gz_utils_vendor:/opt/ros/jazzy/opt/gz_cmake_vendor:/opt/ros/jazzy DEBUGINFOD_URLS=https://debuginfod.ubuntu.com /usr/bin/cmake --build /home/matus/ros2_ws/build/block2_matuska -- -j12 -l12
