[0.023s] Invoking command in '/home/matus/ros2_ws/src/build/rrm_msgs': CMAKE_PREFIX_PATH=${CMAKE_PREFIX_PATH}:/opt/ros/jazzy DEBUGINFOD_URLS=https://debuginfod.ubuntu.com /usr/bin/cmake --build /home/matus/ros2_ws/src/build/rrm_msgs -- -j12 -l12
[0.116s] [  2%] Built target rrm_msgs__rosidl_generator_type_description
[0.136s] [  2%] Built target ament_cmake_python_copy_rrm_msgs
[0.154s] [  4%] Built target rrm_msgs__cpp
[0.155s] [ 22%] Built target rrm_msgs__rosidl_generator_c
[0.196s] [ 36%] Built target rrm_msgs__rosidl_typesupport_c
[0.196s] [ 40%] Built target rrm_msgs__rosidl_typesupport_introspection_c
[0.196s] [ 50%] Built target rrm_msgs__rosidl_typesupport_introspection_cpp
[0.200s] [ 59%] Built target rrm_msgs__rosidl_typesupport_cpp
[0.201s] [ 68%] Built target rrm_msgs__rosidl_typesupport_fastrtps_c
[0.203s] [ 77%] Built target rrm_msgs__rosidl_typesupport_fastrtps_cpp
[0.245s] [ 77%] Built target rrm_msgs
[0.288s] [ 79%] Built target rrm_msgs__py
[0.335s] [ 86%] Built target rrm_msgs__rosidl_generator_py
[0.377s] [100%] Built target rrm_msgs_s__rosidl_typesupport_fastrtps_c
[0.377s] [100%] Built target rrm_msgs_s__rosidl_typesupport_introspection_c
[0.377s] [100%] Built target rrm_msgs_s__rosidl_typesupport_c
[0.511s] running egg_info
[0.550s] writing rrm_msgs.egg-info/PKG-INFO
[0.550s] writing dependency_links to rrm_msgs.egg-info/dependency_links.txt
[0.551s] writing top-level names to rrm_msgs.egg-info/top_level.txt
[0.655s] reading manifest file 'rrm_msgs.egg-info/SOURCES.txt'
[0.655s] writing manifest file 'rrm_msgs.egg-info/SOURCES.txt'
[0.723s] [100%] Built target ament_cmake_python_build_rrm_msgs_egg
[0.747s] Invoked command in '/home/matus/ros2_ws/src/build/rrm_msgs' returned '0': CMAKE_PREFIX_PATH=${CMAKE_PREFIX_PATH}:/opt/ros/jazzy DEBUGINFOD_URLS=https://debuginfod.ubuntu.com /usr/bin/cmake --build /home/matus/ros2_ws/src/build/rrm_msgs -- -j12 -l12
[0.913s] Invoking command in '/home/matus/ros2_ws/src/build/rrm_msgs': CMAKE_PREFIX_PATH=${CMAKE_PREFIX_PATH}:/opt/ros/jazzy DEBUGINFOD_URLS=https://debuginfod.ubuntu.com /usr/bin/cmake --install /home/matus/ros2_ws/src/build/rrm_msgs
[0.931s] -- Install configuration: ""
[0.932s] -- Up-to-date: /home/matus/ros2_ws/src/install/rrm_msgs/share/ament_index/resource_index/rosidl_interfaces/rrm_msgs
[0.932s] -- Up-to-date: /home/matus/ros2_ws/src/install/rrm_msgs/share/rrm_msgs/msg/Command.json
[0.932s] -- Up-to-date: /home/matus/ros2_ws/src/install/rrm_msgs/share/rrm_msgs/srv/Command.json
[0.933s] -- Up-to-date: /home/matus/ros2_ws/src/install/rrm_msgs/include/rrm_msgs/rrm_msgs
[0.933s] -- Up-to-date: /home/matus/ros2_ws/src/install/rrm_msgs/include/rrm_msgs/rrm_msgs/srv
[0.933s] -- Up-to-date: /home/matus/ros2_ws/src/install/rrm_msgs/include/rrm_msgs/rrm_msgs/srv/command.h
[0.933s] -- Up-to-date: /home/matus/ros2_ws/src/install/rrm_msgs/include/rrm_msgs/rrm_msgs/srv/detail
[0.933s] -- Up-to-date: /home/matus/ros2_ws/src/install/rrm_msgs/include/rrm_msgs/rrm_msgs/srv/detail/command__functions.h
[0.933s] -- Up-to-date: /home/matus/ros2_ws/src/install/rrm_msgs/include/rrm_msgs/rrm_msgs/srv/detail/command__functions.c
[0.933s] -- Up-to-date: /home/matus/ros2_ws/src/install/rrm_msgs/include/rrm_msgs/rrm_msgs/srv/detail/command__description.c
[0.933s] -- Up-to-date: /home/matus/ros2_ws/src/install/rrm_msgs/include/rrm_msgs/rrm_msgs/srv/detail/command__struct.h
[0.933s] -- Up-to-date: /home/matus/ros2_ws/src/install/rrm_msgs/include/rrm_msgs/rrm_msgs/srv/detail/command__type_support.c
[0.934s] -- Up-to-date: /home/matus/ros2_ws/src/install/rrm_msgs/include/rrm_msgs/rrm_msgs/srv/detail/command__type_support.h
[0.934s] -- Up-to-date: /home/matus/ros2_ws/src/install/rrm_msgs/include/rrm_msgs/rrm_msgs/msg
[0.934s] -- Up-to-date: /home/matus/ros2_ws/src/install/rrm_msgs/include/rrm_msgs/rrm_msgs/msg/rosidl_generator_c__visibility_control.h
[0.934s] -- Up-to-date: /home/matus/ros2_ws/src/install/rrm_msgs/include/rrm_msgs/rrm_msgs/msg/command.h
[0.934s] -- Up-to-date: /home/matus/ros2_ws/src/install/rrm_msgs/include/rrm_msgs/rrm_msgs/msg/detail
[0.934s] -- Up-to-date: /home/matus/ros2_ws/src/install/rrm_msgs/include/rrm_msgs/rrm_msgs/msg/detail/command__functions.h
[0.934s] -- Up-to-date: /home/matus/ros2_ws/src/install/rrm_msgs/include/rrm_msgs/rrm_msgs/msg/detail/command__functions.c
[0.934s] -- Up-to-date: /home/matus/ros2_ws/src/install/rrm_msgs/include/rrm_msgs/rrm_msgs/msg/detail/command__description.c
[0.935s] -- Up-to-date: /home/matus/ros2_ws/src/install/rrm_msgs/include/rrm_msgs/rrm_msgs/msg/detail/command__struct.h
[0.935s] -- Up-to-date: /home/matus/ros2_ws/src/install/rrm_msgs/include/rrm_msgs/rrm_msgs/msg/detail/command__type_support.c
[0.935s] -- Up-to-date: /home/matus/ros2_ws/src/install/rrm_msgs/include/rrm_msgs/rrm_msgs/msg/detail/command__type_support.h
[0.935s] -- Up-to-date: /home/matus/ros2_ws/src/install/rrm_msgs/share/rrm_msgs/environment/library_path.sh
[0.935s] -- Up-to-date: /home/matus/ros2_ws/src/install/rrm_msgs/share/rrm_msgs/environment/library_path.dsv
[0.935s] -- Up-to-date: /home/matus/ros2_ws/src/install/rrm_msgs/lib/librrm_msgs__rosidl_generator_c.so
[0.935s] -- Up-to-date: /home/matus/ros2_ws/src/install/rrm_msgs/include/rrm_msgs/rrm_msgs
[0.935s] -- Up-to-date: /home/matus/ros2_ws/src/install/rrm_msgs/include/rrm_msgs/rrm_msgs/srv
[0.935s] -- Up-to-date: /home/matus/ros2_ws/src/install/rrm_msgs/include/rrm_msgs/rrm_msgs/srv/detail
[0.936s] -- Up-to-date: /home/matus/ros2_ws/src/install/rrm_msgs/include/rrm_msgs/rrm_msgs/srv/detail/command__rosidl_typesupport_fastrtps_c.h
[0.936s] -- Up-to-date: /home/matus/ros2_ws/src/install/rrm_msgs/include/rrm_msgs/rrm_msgs/msg
[0.936s] -- Up-to-date: /home/matus/ros2_ws/src/install/rrm_msgs/include/rrm_msgs/rrm_msgs/msg/rosidl_typesupport_fastrtps_c__visibility_control.h
[0.936s] -- Up-to-date: /home/matus/ros2_ws/src/install/rrm_msgs/include/rrm_msgs/rrm_msgs/msg/detail
[0.936s] -- Up-to-date: /home/matus/ros2_ws/src/install/rrm_msgs/include/rrm_msgs/rrm_msgs/msg/detail/command__rosidl_typesupport_fastrtps_c.h
[0.936s] -- Up-to-date: /home/matus/ros2_ws/src/install/rrm_msgs/lib/librrm_msgs__rosidl_typesupport_fastrtps_c.so
[0.936s] -- Up-to-date: /home/matus/ros2_ws/src/install/rrm_msgs/include/rrm_msgs/rrm_msgs
[0.936s] -- Up-to-date: /home/matus/ros2_ws/src/install/rrm_msgs/include/rrm_msgs/rrm_msgs/srv
[0.936s] -- Up-to-date: /home/matus/ros2_ws/src/install/rrm_msgs/include/rrm_msgs/rrm_msgs/srv/detail
[0.937s] -- Up-to-date: /home/matus/ros2_ws/src/install/rrm_msgs/include/rrm_msgs/rrm_msgs/srv/detail/command__rosidl_typesupport_introspection_c.h
[0.937s] -- Up-to-date: /home/matus/ros2_ws/src/install/rrm_msgs/include/rrm_msgs/rrm_msgs/srv/detail/command__type_support.c
[0.937s] -- Up-to-date: /home/matus/ros2_ws/src/install/rrm_msgs/include/rrm_msgs/rrm_msgs/msg
[0.937s] -- Up-to-date: /home/matus/ros2_ws/src/install/rrm_msgs/include/rrm_msgs/rrm_msgs/msg/rosidl_typesupport_introspection_c__visibility_control.h
[0.937s] -- Up-to-date: /home/matus/ros2_ws/src/install/rrm_msgs/include/rrm_msgs/rrm_msgs/msg/detail
[0.937s] -- Up-to-date: /home/matus/ros2_ws/src/install/rrm_msgs/include/rrm_msgs/rrm_msgs/msg/detail/command__rosidl_typesupport_introspection_c.h
[0.937s] -- Up-to-date: /home/matus/ros2_ws/src/install/rrm_msgs/include/rrm_msgs/rrm_msgs/msg/detail/command__type_support.c
[0.937s] -- Up-to-date: /home/matus/ros2_ws/src/install/rrm_msgs/lib/librrm_msgs__rosidl_typesupport_introspection_c.so
[0.937s] -- Up-to-date: /home/matus/ros2_ws/src/install/rrm_msgs/lib/librrm_msgs__rosidl_typesupport_c.so
[0.938s] -- Up-to-date: /home/matus/ros2_ws/src/install/rrm_msgs/include/rrm_msgs/rrm_msgs
[0.938s] -- Up-to-date: /home/matus/ros2_ws/src/install/rrm_msgs/include/rrm_msgs/rrm_msgs/srv
[0.938s] -- Up-to-date: /home/matus/ros2_ws/src/install/rrm_msgs/include/rrm_msgs/rrm_msgs/srv/command.hpp
[0.938s] -- Up-to-date: /home/matus/ros2_ws/src/install/rrm_msgs/include/rrm_msgs/rrm_msgs/srv/detail
[0.938s] -- Up-to-date: /home/matus/ros2_ws/src/install/rrm_msgs/include/rrm_msgs/rrm_msgs/srv/detail/command__struct.hpp
[0.938s] -- Up-to-date: /home/matus/ros2_ws/src/install/rrm_msgs/include/rrm_msgs/rrm_msgs/srv/detail/command__builder.hpp
[0.938s] -- Up-to-date: /home/matus/ros2_ws/src/install/rrm_msgs/include/rrm_msgs/rrm_msgs/srv/detail/command__traits.hpp
[0.938s] -- Up-to-date: /home/matus/ros2_ws/src/install/rrm_msgs/include/rrm_msgs/rrm_msgs/srv/detail/command__type_support.hpp
[0.938s] -- Up-to-date: /home/matus/ros2_ws/src/install/rrm_msgs/include/rrm_msgs/rrm_msgs/msg
[0.939s] -- Up-to-date: /home/matus/ros2_ws/src/install/rrm_msgs/include/rrm_msgs/rrm_msgs/msg/command.hpp
[0.939s] -- Up-to-date: /home/matus/ros2_ws/src/install/rrm_msgs/include/rrm_msgs/rrm_msgs/msg/detail
[0.939s] -- Up-to-date: /home/matus/ros2_ws/src/install/rrm_msgs/include/rrm_msgs/rrm_msgs/msg/detail/command__struct.hpp
[0.939s] -- Up-to-date: /home/matus/ros2_ws/src/install/rrm_msgs/include/rrm_msgs/rrm_msgs/msg/detail/command__builder.hpp
[0.939s] -- Up-to-date: /home/matus/ros2_ws/src/install/rrm_msgs/include/rrm_msgs/rrm_msgs/msg/detail/command__traits.hpp
[0.939s] -- Up-to-date: /home/matus/ros2_ws/src/install/rrm_msgs/include/rrm_msgs/rrm_msgs/msg/detail/command__type_support.hpp
[0.939s] -- Up-to-date: /home/matus/ros2_ws/src/install/rrm_msgs/include/rrm_msgs/rrm_msgs/msg/rosidl_generator_cpp__visibility_control.hpp
[0.939s] -- Up-to-date: /home/matus/ros2_ws/src/install/rrm_msgs/include/rrm_msgs/rrm_msgs
[0.940s] -- Up-to-date: /home/matus/ros2_ws/src/install/rrm_msgs/include/rrm_msgs/rrm_msgs/srv
[0.940s] -- Up-to-date: /home/matus/ros2_ws/src/install/rrm_msgs/include/rrm_msgs/rrm_msgs/srv/detail
[0.940s] -- Up-to-date: /home/matus/ros2_ws/src/install/rrm_msgs/include/rrm_msgs/rrm_msgs/srv/detail/command__rosidl_typesupport_fastrtps_cpp.hpp
[0.940s] -- Up-to-date: /home/matus/ros2_ws/src/install/rrm_msgs/include/rrm_msgs/rrm_msgs/srv/detail/dds_fastrtps
[0.940s] -- Up-to-date: /home/matus/ros2_ws/src/install/rrm_msgs/include/rrm_msgs/rrm_msgs/msg
[0.940s] -- Up-to-date: /home/matus/ros2_ws/src/install/rrm_msgs/include/rrm_msgs/rrm_msgs/msg/rosidl_typesupport_fastrtps_cpp__visibility_control.h
[0.940s] -- Up-to-date: /home/matus/ros2_ws/src/install/rrm_msgs/include/rrm_msgs/rrm_msgs/msg/detail
[0.940s] -- Up-to-date: /home/matus/ros2_ws/src/install/rrm_msgs/include/rrm_msgs/rrm_msgs/msg/detail/command__rosidl_typesupport_fastrtps_cpp.hpp
[0.940s] -- Up-to-date: /home/matus/ros2_ws/src/install/rrm_msgs/include/rrm_msgs/rrm_msgs/msg/detail/dds_fastrtps
[0.941s] -- Up-to-date: /home/matus/ros2_ws/src/install/rrm_msgs/lib/librrm_msgs__rosidl_typesupport_fastrtps_cpp.so
[0.941s] -- Up-to-date: /home/matus/ros2_ws/src/install/rrm_msgs/include/rrm_msgs/rrm_msgs
[0.941s] -- Up-to-date: /home/matus/ros2_ws/src/install/rrm_msgs/include/rrm_msgs/rrm_msgs/srv
[0.941s] -- Up-to-date: /home/matus/ros2_ws/src/install/rrm_msgs/include/rrm_msgs/rrm_msgs/srv/detail
[0.941s] -- Up-to-date: /home/matus/ros2_ws/src/install/rrm_msgs/include/rrm_msgs/rrm_msgs/srv/detail/command__rosidl_typesupport_introspection_cpp.hpp
[0.941s] -- Up-to-date: /home/matus/ros2_ws/src/install/rrm_msgs/include/rrm_msgs/rrm_msgs/srv/detail/command__type_support.cpp
[0.941s] -- Up-to-date: /home/matus/ros2_ws/src/install/rrm_msgs/include/rrm_msgs/rrm_msgs/msg
[0.941s] -- Up-to-date: /home/matus/ros2_ws/src/install/rrm_msgs/include/rrm_msgs/rrm_msgs/msg/detail
[0.941s] -- Up-to-date: /home/matus/ros2_ws/src/install/rrm_msgs/include/rrm_msgs/rrm_msgs/msg/detail/command__rosidl_typesupport_introspection_cpp.hpp
[0.942s] -- Up-to-date: /home/matus/ros2_ws/src/install/rrm_msgs/include/rrm_msgs/rrm_msgs/msg/detail/command__type_support.cpp
[0.942s] -- Up-to-date: /home/matus/ros2_ws/src/install/rrm_msgs/lib/librrm_msgs__rosidl_typesupport_introspection_cpp.so
[0.942s] -- Up-to-date: /home/matus/ros2_ws/src/install/rrm_msgs/lib/librrm_msgs__rosidl_typesupport_cpp.so
[0.942s] -- Up-to-date: /home/matus/ros2_ws/src/install/rrm_msgs/share/rrm_msgs/environment/pythonpath.sh
[0.942s] -- Up-to-date: /home/matus/ros2_ws/src/install/rrm_msgs/share/rrm_msgs/environment/pythonpath.dsv
[0.942s] -- Up-to-date: /home/matus/ros2_ws/src/install/rrm_msgs/lib/python3.12/site-packages/rrm_msgs-0.0.0-py3.12.egg-info
[0.942s] -- Installing: /home/matus/ros2_ws/src/install/rrm_msgs/lib/python3.12/site-packages/rrm_msgs-0.0.0-py3.12.egg-info/SOURCES.txt
[0.942s] -- Installing: /home/matus/ros2_ws/src/install/rrm_msgs/lib/python3.12/site-packages/rrm_msgs-0.0.0-py3.12.egg-info/dependency_links.txt
[0.943s] -- Installing: /home/matus/ros2_ws/src/install/rrm_msgs/lib/python3.12/site-packages/rrm_msgs-0.0.0-py3.12.egg-info/top_level.txt
[0.943s] -- Installing: /home/matus/ros2_ws/src/install/rrm_msgs/lib/python3.12/site-packages/rrm_msgs-0.0.0-py3.12.egg-info/PKG-INFO
[0.943s] -- Up-to-date: /home/matus/ros2_ws/src/install/rrm_msgs/lib/python3.12/site-packages/rrm_msgs
[0.943s] -- Up-to-date: /home/matus/ros2_ws/src/install/rrm_msgs/lib/python3.12/site-packages/rrm_msgs/_rrm_msgs_s.ep.rosidl_typesupport_c.c
[0.943s] -- Up-to-date: /home/matus/ros2_ws/src/install/rrm_msgs/lib/python3.12/site-packages/rrm_msgs/__init__.py
[0.943s] -- Up-to-date: /home/matus/ros2_ws/src/install/rrm_msgs/lib/python3.12/site-packages/rrm_msgs/rrm_msgs_s__rosidl_typesupport_fastrtps_c.so
[0.943s] -- Up-to-date: /home/matus/ros2_ws/src/install/rrm_msgs/lib/python3.12/site-packages/rrm_msgs/_rrm_msgs_s.ep.rosidl_typesupport_fastrtps_c.c
[0.943s] -- Up-to-date: /home/matus/ros2_ws/src/install/rrm_msgs/lib/python3.12/site-packages/rrm_msgs/srv
[0.943s] -- Up-to-date: /home/matus/ros2_ws/src/install/rrm_msgs/lib/python3.12/site-packages/rrm_msgs/srv/__init__.py
[0.943s] -- Up-to-date: /home/matus/ros2_ws/src/install/rrm_msgs/lib/python3.12/site-packages/rrm_msgs/srv/_command_s.c
[0.943s] -- Up-to-date: /home/matus/ros2_ws/src/install/rrm_msgs/lib/python3.12/site-packages/rrm_msgs/srv/_command.py
[0.944s] -- Up-to-date: /home/matus/ros2_ws/src/install/rrm_msgs/lib/python3.12/site-packages/rrm_msgs/rrm_msgs_s__rosidl_typesupport_introspection_c.so
[0.944s] -- Up-to-date: /home/matus/ros2_ws/src/install/rrm_msgs/lib/python3.12/site-packages/rrm_msgs/msg
[0.944s] -- Up-to-date: /home/matus/ros2_ws/src/install/rrm_msgs/lib/python3.12/site-packages/rrm_msgs/msg/__init__.py
[0.944s] -- Up-to-date: /home/matus/ros2_ws/src/install/rrm_msgs/lib/python3.12/site-packages/rrm_msgs/msg/_command_s.c
[0.944s] -- Up-to-date: /home/matus/ros2_ws/src/install/rrm_msgs/lib/python3.12/site-packages/rrm_msgs/msg/_command.py
[0.944s] -- Up-to-date: /home/matus/ros2_ws/src/install/rrm_msgs/lib/python3.12/site-packages/rrm_msgs/_rrm_msgs_s.ep.rosidl_typesupport_introspection_c.c
[0.944s] -- Up-to-date: /home/matus/ros2_ws/src/install/rrm_msgs/lib/python3.12/site-packages/rrm_msgs/rrm_msgs_s__rosidl_typesupport_c.so
[1.007s] Listing '/home/matus/ros2_ws/src/install/rrm_msgs/lib/python3.12/site-packages/rrm_msgs'...
[1.007s] Listing '/home/matus/ros2_ws/src/install/rrm_msgs/lib/python3.12/site-packages/rrm_msgs/msg'...
[1.007s] Listing '/home/matus/ros2_ws/src/install/rrm_msgs/lib/python3.12/site-packages/rrm_msgs/srv'...
[1.008s] -- Up-to-date: /home/matus/ros2_ws/src/install/rrm_msgs/lib/python3.12/site-packages/rrm_msgs/rrm_msgs_s__rosidl_typesupport_fastrtps_c.so
[1.008s] -- Up-to-date: /home/matus/ros2_ws/src/install/rrm_msgs/lib/python3.12/site-packages/rrm_msgs/rrm_msgs_s__rosidl_typesupport_introspection_c.so
[1.009s] -- Up-to-date: /home/matus/ros2_ws/src/install/rrm_msgs/lib/python3.12/site-packages/rrm_msgs/rrm_msgs_s__rosidl_typesupport_c.so
[1.009s] -- Up-to-date: /home/matus/ros2_ws/src/install/rrm_msgs/lib/librrm_msgs__rosidl_generator_py.so
[1.010s] -- Up-to-date: /home/matus/ros2_ws/src/install/rrm_msgs/share/rrm_msgs/msg/Command.idl
[1.010s] -- Up-to-date: /home/matus/ros2_ws/src/install/rrm_msgs/share/rrm_msgs/srv/Command.idl
[1.010s] -- Up-to-date: /home/matus/ros2_ws/src/install/rrm_msgs/share/rrm_msgs/msg/Command.msg
[1.010s] -- Up-to-date: /home/matus/ros2_ws/src/install/rrm_msgs/share/rrm_msgs/srv/Command.srv
[1.011s] -- Up-to-date: /home/matus/ros2_ws/src/install/rrm_msgs/share/ament_index/resource_index/package_run_dependencies/rrm_msgs
[1.011s] -- Up-to-date: /home/matus/ros2_ws/src/install/rrm_msgs/share/ament_index/resource_index/parent_prefix_path/rrm_msgs
[1.011s] -- Up-to-date: /home/matus/ros2_ws/src/install/rrm_msgs/share/rrm_msgs/environment/ament_prefix_path.sh
[1.011s] -- Up-to-date: /home/matus/ros2_ws/src/install/rrm_msgs/share/rrm_msgs/environment/ament_prefix_path.dsv
[1.011s] -- Up-to-date: /home/matus/ros2_ws/src/install/rrm_msgs/share/rrm_msgs/environment/path.sh
[1.011s] -- Up-to-date: /home/matus/ros2_ws/src/install/rrm_msgs/share/rrm_msgs/environment/path.dsv
[1.011s] -- Up-to-date: /home/matus/ros2_ws/src/install/rrm_msgs/share/rrm_msgs/local_setup.bash
[1.011s] -- Up-to-date: /home/matus/ros2_ws/src/install/rrm_msgs/share/rrm_msgs/local_setup.sh
[1.011s] -- Up-to-date: /home/matus/ros2_ws/src/install/rrm_msgs/share/rrm_msgs/local_setup.zsh
[1.011s] -- Up-to-date: /home/matus/ros2_ws/src/install/rrm_msgs/share/rrm_msgs/local_setup.dsv
[1.011s] -- Installing: /home/matus/ros2_ws/src/install/rrm_msgs/share/rrm_msgs/package.dsv
[1.012s] -- Up-to-date: /home/matus/ros2_ws/src/install/rrm_msgs/share/ament_index/resource_index/packages/rrm_msgs
[1.012s] -- Up-to-date: /home/matus/ros2_ws/src/install/rrm_msgs/share/rrm_msgs/cmake/export_rrm_msgs__rosidl_generator_cExport.cmake
[1.012s] -- Up-to-date: /home/matus/ros2_ws/src/install/rrm_msgs/share/rrm_msgs/cmake/export_rrm_msgs__rosidl_generator_cExport-noconfig.cmake
[1.012s] -- Up-to-date: /home/matus/ros2_ws/src/install/rrm_msgs/share/rrm_msgs/cmake/export_rrm_msgs__rosidl_typesupport_fastrtps_cExport.cmake
[1.012s] -- Up-to-date: /home/matus/ros2_ws/src/install/rrm_msgs/share/rrm_msgs/cmake/export_rrm_msgs__rosidl_typesupport_fastrtps_cExport-noconfig.cmake
[1.012s] -- Up-to-date: /home/matus/ros2_ws/src/install/rrm_msgs/share/rrm_msgs/cmake/rrm_msgs__rosidl_typesupport_introspection_cExport.cmake
[1.012s] -- Up-to-date: /home/matus/ros2_ws/src/install/rrm_msgs/share/rrm_msgs/cmake/rrm_msgs__rosidl_typesupport_introspection_cExport-noconfig.cmake
[1.012s] -- Up-to-date: /home/matus/ros2_ws/src/install/rrm_msgs/share/rrm_msgs/cmake/rrm_msgs__rosidl_typesupport_cExport.cmake
[1.012s] -- Up-to-date: /home/matus/ros2_ws/src/install/rrm_msgs/share/rrm_msgs/cmake/rrm_msgs__rosidl_typesupport_cExport-noconfig.cmake
[1.012s] -- Up-to-date: /home/matus/ros2_ws/src/install/rrm_msgs/share/rrm_msgs/cmake/export_rrm_msgs__rosidl_generator_cppExport.cmake
[1.013s] -- Up-to-date: /home/matus/ros2_ws/src/install/rrm_msgs/share/rrm_msgs/cmake/export_rrm_msgs__rosidl_typesupport_fastrtps_cppExport.cmake
[1.013s] -- Up-to-date: /home/matus/ros2_ws/src/install/rrm_msgs/share/rrm_msgs/cmake/export_rrm_msgs__rosidl_typesupport_fastrtps_cppExport-noconfig.cmake
[1.013s] -- Up-to-date: /home/matus/ros2_ws/src/install/rrm_msgs/share/rrm_msgs/cmake/rrm_msgs__rosidl_typesupport_introspection_cppExport.cmake
[1.013s] -- Up-to-date: /home/matus/ros2_ws/src/install/rrm_msgs/share/rrm_msgs/cmake/rrm_msgs__rosidl_typesupport_introspection_cppExport-noconfig.cmake
[1.013s] -- Up-to-date: /home/matus/ros2_ws/src/install/rrm_msgs/share/rrm_msgs/cmake/rrm_msgs__rosidl_typesupport_cppExport.cmake
[1.013s] -- Up-to-date: /home/matus/ros2_ws/src/install/rrm_msgs/share/rrm_msgs/cmake/rrm_msgs__rosidl_typesupport_cppExport-noconfig.cmake
[1.013s] -- Up-to-date: /home/matus/ros2_ws/src/install/rrm_msgs/share/rrm_msgs/cmake/export_rrm_msgs__rosidl_generator_pyExport.cmake
[1.013s] -- Up-to-date: /home/matus/ros2_ws/src/install/rrm_msgs/share/rrm_msgs/cmake/export_rrm_msgs__rosidl_generator_pyExport-noconfig.cmake
[1.013s] -- Up-to-date: /home/matus/ros2_ws/src/install/rrm_msgs/share/rrm_msgs/cmake/rosidl_cmake-extras.cmake
[1.013s] -- Up-to-date: /home/matus/ros2_ws/src/install/rrm_msgs/share/rrm_msgs/cmake/ament_cmake_export_dependencies-extras.cmake
[1.013s] -- Up-to-date: /home/matus/ros2_ws/src/install/rrm_msgs/share/rrm_msgs/cmake/ament_cmake_export_include_directories-extras.cmake
[1.013s] -- Up-to-date: /home/matus/ros2_ws/src/install/rrm_msgs/share/rrm_msgs/cmake/ament_cmake_export_libraries-extras.cmake
[1.014s] -- Up-to-date: /home/matus/ros2_ws/src/install/rrm_msgs/share/rrm_msgs/cmake/ament_cmake_export_targets-extras.cmake
[1.014s] -- Up-to-date: /home/matus/ros2_ws/src/install/rrm_msgs/share/rrm_msgs/cmake/rosidl_cmake_export_typesupport_targets-extras.cmake
[1.014s] -- Up-to-date: /home/matus/ros2_ws/src/install/rrm_msgs/share/rrm_msgs/cmake/rosidl_cmake_export_typesupport_libraries-extras.cmake
[1.014s] -- Up-to-date: /home/matus/ros2_ws/src/install/rrm_msgs/share/rrm_msgs/cmake/rrm_msgsConfig.cmake
[1.014s] -- Up-to-date: /home/matus/ros2_ws/src/install/rrm_msgs/share/rrm_msgs/cmake/rrm_msgsConfig-version.cmake
[1.014s] -- Up-to-date: /home/matus/ros2_ws/src/install/rrm_msgs/share/rrm_msgs/package.xml
[1.017s] Invoked command in '/home/matus/ros2_ws/src/build/rrm_msgs' returned '0': CMAKE_PREFIX_PATH=${CMAKE_PREFIX_PATH}:/opt/ros/jazzy DEBUGINFOD_URLS=https://debuginfod.ubuntu.com /usr/bin/cmake --install /home/matus/ros2_ws/src/build/rrm_msgs
