[0.014s] Invoking command in '/home/matus/ros2_ws/build/block3_matuska': CMAKE_PREFIX_PATH=/home/matus/ros2_ws/install/rrm_msgs:/home/matus/ros2_ws/install/trajectory_visualization:/home/matus/ros2_ws/install/rrm_simple_robot_model:/home/matus/ros2_ws/install/rrm_sim:/home/matus/ros2_ws/install/block3_matuska:/home/matus/ros2_ws/install/block2_matuska:/home/matus/ros2_ws/install/block1_matuska:/home/matus/ros2_ws/install/matuska_interface:/home/matus/ros2_ws/install/ik_solver_example:/home/matus/ros2_ws/install/eigen_example:/home/matus/ros2_ws/install/cviko1:/home/matus/ros2_ws/install/cv1:/home/matus/ros2_ws/install/abb_moveit_config:/home/matus/ros2_ws/install/abb_model:/home/matus/ros2_ws/install/abb_irb4600_ikfast:/home/matus/ros2_ws/src/install/rrm_simple_robot_model:/home/matus/ros2_ws/src/install/rrm_sim:/home/matus/ros2_ws/src/install/block1_matuska:/home/matus/ros2_ws/src/install/rrm_msgs:/home/matus/ros2_ws/src/install/matuska_interface:/opt/ros/jazzy/opt/sdformat_vendor:/opt/ros/jazzy/opt/gz_math_vendor:/opt/ros/jazzy/opt/gz_utils_vendor:/opt/ros/jazzy/opt/gz_tools_vendor:/opt/ros/jazzy/opt/gz_cmake_vendor:/opt/ros/jazzy DEBUGINFOD_URLS=https://debuginfod.ubuntu.com /usr/bin/cmake --build /home/matus/ros2_ws/build/block3_matuska -- -j12 -l12
[0.070s] [ 50%] Built target publisher_node
[0.072s] [100%] Built target zadanie3_node
[0.082s] Invoked command in '/home/matus/ros2_ws/build/block3_matuska' returned '0': CMAKE_PREFIX_PATH=/home/matus/ros2_ws/install/rrm_msgs:/home/matus/ros2_ws/install/trajectory_visualization:/home/matus/ros2_ws/install/rrm_simple_robot_model:/home/matus/ros2_ws/install/rrm_sim:/home/matus/ros2_ws/install/block3_matuska:/home/matus/ros2_ws/install/block2_matuska:/home/matus/ros2_ws/install/block1_matuska:/home/matus/ros2_ws/install/matuska_interface:/home/matus/ros2_ws/install/ik_solver_example:/home/matus/ros2_ws/install/eigen_example:/home/matus/ros2_ws/install/cviko1:/home/matus/ros2_ws/install/cv1:/home/matus/ros2_ws/install/abb_moveit_config:/home/matus/ros2_ws/install/abb_model:/home/matus/ros2_ws/install/abb_irb4600_ikfast:/home/matus/ros2_ws/src/install/rrm_simple_robot_model:/home/matus/ros2_ws/src/install/rrm_sim:/home/matus/ros2_ws/src/install/block1_matuska:/home/matus/ros2_ws/src/install/rrm_msgs:/home/matus/ros2_ws/src/install/matuska_interface:/opt/ros/jazzy/opt/sdformat_vendor:/opt/ros/jazzy/opt/gz_math_vendor:/opt/ros/jazzy/opt/gz_utils_vendor:/opt/ros/jazzy/opt/gz_tools_vendor:/opt/ros/jazzy/opt/gz_cmake_vendor:/opt/ros/jazzy DEBUGINFOD_URLS=https://debuginfod.ubuntu.com /usr/bin/cmake --build /home/matus/ros2_ws/build/block3_matuska -- -j12 -l12
[0.105s] Invoking command in '/home/matus/ros2_ws/build/block3_matuska': CMAKE_PREFIX_PATH=/home/matus/ros2_ws/install/rrm_msgs:/home/matus/ros2_ws/install/trajectory_visualization:/home/matus/ros2_ws/install/rrm_simple_robot_model:/home/matus/ros2_ws/install/rrm_sim:/home/matus/ros2_ws/install/block3_matuska:/home/matus/ros2_ws/install/block2_matuska:/home/matus/ros2_ws/install/block1_matuska:/home/matus/ros2_ws/install/matuska_interface:/home/matus/ros2_ws/install/ik_solver_example:/home/matus/ros2_ws/install/eigen_example:/home/matus/ros2_ws/install/cviko1:/home/matus/ros2_ws/install/cv1:/home/matus/ros2_ws/install/abb_moveit_config:/home/matus/ros2_ws/install/abb_model:/home/matus/ros2_ws/install/abb_irb4600_ikfast:/home/matus/ros2_ws/src/install/rrm_simple_robot_model:/home/matus/ros2_ws/src/install/rrm_sim:/home/matus/ros2_ws/src/install/block1_matuska:/home/matus/ros2_ws/src/install/rrm_msgs:/home/matus/ros2_ws/src/install/matuska_interface:/opt/ros/jazzy/opt/sdformat_vendor:/opt/ros/jazzy/opt/gz_math_vendor:/opt/ros/jazzy/opt/gz_utils_vendor:/opt/ros/jazzy/opt/gz_tools_vendor:/opt/ros/jazzy/opt/gz_cmake_vendor:/opt/ros/jazzy DEBUGINFOD_URLS=https://debuginfod.ubuntu.com /usr/bin/cmake --install /home/matus/ros2_ws/build/block3_matuska
[0.113s] -- Install configuration: ""
[0.113s] -- Up-to-date: /home/matus/ros2_ws/install/block3_matuska/lib/block3_matuska/zadanie3_node
[0.113s] -- Up-to-date: /home/matus/ros2_ws/install/block3_matuska/lib/block3_matuska/publisher_node
[0.115s] -- Up-to-date: /home/matus/ros2_ws/install/block3_matuska/share/ament_index/resource_index/package_run_dependencies/block3_matuska
[0.115s] -- Up-to-date: /home/matus/ros2_ws/install/block3_matuska/share/ament_index/resource_index/parent_prefix_path/block3_matuska
[0.115s] -- Up-to-date: /home/matus/ros2_ws/install/block3_matuska/share/block3_matuska/environment/ament_prefix_path.sh
[0.115s] -- Up-to-date: /home/matus/ros2_ws/install/block3_matuska/share/block3_matuska/environment/ament_prefix_path.dsv
[0.115s] -- Up-to-date: /home/matus/ros2_ws/install/block3_matuska/share/block3_matuska/environment/path.sh
[0.115s] -- Up-to-date: /home/matus/ros2_ws/install/block3_matuska/share/block3_matuska/environment/path.dsv
[0.115s] -- Up-to-date: /home/matus/ros2_ws/install/block3_matuska/share/block3_matuska/local_setup.bash
[0.115s] -- Up-to-date: /home/matus/ros2_ws/install/block3_matuska/share/block3_matuska/local_setup.sh
[0.115s] -- Up-to-date: /home/matus/ros2_ws/install/block3_matuska/share/block3_matuska/local_setup.zsh
[0.115s] -- Up-to-date: /home/matus/ros2_ws/install/block3_matuska/share/block3_matuska/local_setup.dsv
[0.115s] -- Installing: /home/matus/ros2_ws/install/block3_matuska/share/block3_matuska/package.dsv
[0.116s] -- Up-to-date: /home/matus/ros2_ws/install/block3_matuska/share/ament_index/resource_index/packages/block3_matuska
[0.116s] -- Up-to-date: /home/matus/ros2_ws/install/block3_matuska/share/block3_matuska/cmake/block3_matuskaConfig.cmake
[0.116s] -- Up-to-date: /home/matus/ros2_ws/install/block3_matuska/share/block3_matuska/cmake/block3_matuskaConfig-version.cmake
[0.116s] -- Up-to-date: /home/matus/ros2_ws/install/block3_matuska/share/block3_matuska/package.xml
[0.130s] Invoked command in '/home/matus/ros2_ws/build/block3_matuska' returned '0': CMAKE_PREFIX_PATH=/home/matus/ros2_ws/install/rrm_msgs:/home/matus/ros2_ws/install/trajectory_visualization:/home/matus/ros2_ws/install/rrm_simple_robot_model:/home/matus/ros2_ws/install/rrm_sim:/home/matus/ros2_ws/install/block3_matuska:/home/matus/ros2_ws/install/block2_matuska:/home/matus/ros2_ws/install/block1_matuska:/home/matus/ros2_ws/install/matuska_interface:/home/matus/ros2_ws/install/ik_solver_example:/home/matus/ros2_ws/install/eigen_example:/home/matus/ros2_ws/install/cviko1:/home/matus/ros2_ws/install/cv1:/home/matus/ros2_ws/install/abb_moveit_config:/home/matus/ros2_ws/install/abb_model:/home/matus/ros2_ws/install/abb_irb4600_ikfast:/home/matus/ros2_ws/src/install/rrm_simple_robot_model:/home/matus/ros2_ws/src/install/rrm_sim:/home/matus/ros2_ws/src/install/block1_matuska:/home/matus/ros2_ws/src/install/rrm_msgs:/home/matus/ros2_ws/src/install/matuska_interface:/opt/ros/jazzy/opt/sdformat_vendor:/opt/ros/jazzy/opt/gz_math_vendor:/opt/ros/jazzy/opt/gz_utils_vendor:/opt/ros/jazzy/opt/gz_tools_vendor:/opt/ros/jazzy/opt/gz_cmake_vendor:/opt/ros/jazzy DEBUGINFOD_URLS=https://debuginfod.ubuntu.com /usr/bin/cmake --install /home/matus/ros2_ws/build/block3_matuska
