[0.121s] DEBUG:colcon:Command line arguments: ['/usr/bin/colcon', 'build']
[0.121s] DEBUG:colcon:Parsed command line arguments: Namespace(log_base=None, log_level=None, verb_name='build', build_base='build', install_base='install', merge_install=False, symlink_install=False, test_result_base=None, continue_on_error=False, executor='parallel', parallel_workers=12, event_handlers=None, ignore_user_meta=False, metas=['./colcon.meta'], base_paths=['.'], packages_ignore=None, packages_ignore_regex=None, paths=None, packages_up_to=None, packages_up_to_regex=None, packages_above=None, packages_above_and_dependencies=None, packages_above_depth=None, packages_select_by_dep=None, packages_skip_by_dep=None, packages_skip_up_to=None, packages_select_build_failed=False, packages_skip_build_finished=False, packages_select_test_failures=False, packages_skip_test_passed=False, packages_select=None, packages_skip=None, packages_select_regex=None, packages_skip_regex=None, packages_start=None, packages_end=None, allow_overriding=[], cmake_args=None, cmake_target=None, cmake_target_skip_unavailable=False, cmake_clean_cache=False, cmake_clean_first=False, cmake_force_configure=False, ament_cmake_args=None, catkin_cmake_args=None, catkin_skip_building_tests=False, mixin_files=None, mixin=None, verb_parser=<colcon_mixin.mixin.mixin_argument.MixinArgumentDecorator object at 0x7cf5fa54e600>, verb_extension=<colcon_core.verb.build.BuildVerb object at 0x7cf5fa6a8e90>, main=<bound method BuildVerb.main of <colcon_core.verb.build.BuildVerb object at 0x7cf5fa6a8e90>>, mixin_verb=('build',))
[0.161s] Level 1:colcon.colcon_core.package_discovery:discover_packages(colcon_meta) check parameters
[0.161s] Level 1:colcon.colcon_core.package_discovery:discover_packages(recursive) check parameters
[0.162s] Level 1:colcon.colcon_core.package_discovery:discover_packages(ignore) check parameters
[0.162s] Level 1:colcon.colcon_core.package_discovery:discover_packages(path) check parameters
[0.162s] Level 1:colcon.colcon_core.package_discovery:discover_packages(colcon_meta) discover
[0.162s] Level 1:colcon.colcon_core.package_discovery:discover_packages(recursive) discover
[0.162s] INFO:colcon.colcon_core.package_discovery:Crawling recursively for packages in '/home/matus/ros2_ws'
[0.162s] Level 1:colcon.colcon_core.package_identification:_identify(.) by extensions ['ignore', 'ignore_ament_install']
[0.162s] Level 1:colcon.colcon_core.package_identification:_identify(.) by extension 'ignore'
[0.162s] Level 1:colcon.colcon_core.package_identification:_identify(.) by extension 'ignore_ament_install'
[0.162s] Level 1:colcon.colcon_core.package_identification:_identify(.) by extensions ['colcon_pkg']
[0.162s] Level 1:colcon.colcon_core.package_identification:_identify(.) by extension 'colcon_pkg'
[0.162s] Level 1:colcon.colcon_core.package_identification:_identify(.) by extensions ['colcon_meta']
[0.162s] Level 1:colcon.colcon_core.package_identification:_identify(.) by extension 'colcon_meta'
[0.162s] Level 1:colcon.colcon_core.package_identification:_identify(.) by extensions ['ros']
[0.162s] Level 1:colcon.colcon_core.package_identification:_identify(.) by extension 'ros'
[0.190s] Level 1:colcon.colcon_core.package_identification:_identify(.) by extensions ['cmake', 'python']
[0.190s] Level 1:colcon.colcon_core.package_identification:_identify(.) by extension 'cmake'
[0.190s] Level 1:colcon.colcon_core.package_identification:_identify(.) by extension 'python'
[0.190s] Level 1:colcon.colcon_core.package_identification:_identify(.) by extensions ['python_setup_py']
[0.191s] Level 1:colcon.colcon_core.package_identification:_identify(.) by extension 'python_setup_py'
[0.191s] Level 1:colcon.colcon_core.package_identification:_identify(build) by extensions ['ignore', 'ignore_ament_install']
[0.191s] Level 1:colcon.colcon_core.package_identification:_identify(build) by extension 'ignore'
[0.191s] Level 1:colcon.colcon_core.package_identification:_identify(build) ignored
[0.191s] Level 1:colcon.colcon_core.package_identification:_identify(cviko1) by extensions ['ignore', 'ignore_ament_install']
[0.191s] Level 1:colcon.colcon_core.package_identification:_identify(cviko1) by extension 'ignore'
[0.191s] Level 1:colcon.colcon_core.package_identification:_identify(cviko1) by extension 'ignore_ament_install'
[0.191s] Level 1:colcon.colcon_core.package_identification:_identify(cviko1) by extensions ['colcon_pkg']
[0.191s] Level 1:colcon.colcon_core.package_identification:_identify(cviko1) by extension 'colcon_pkg'
[0.191s] Level 1:colcon.colcon_core.package_identification:_identify(cviko1) by extensions ['colcon_meta']
[0.191s] Level 1:colcon.colcon_core.package_identification:_identify(cviko1) by extension 'colcon_meta'
[0.191s] Level 1:colcon.colcon_core.package_identification:_identify(cviko1) by extensions ['ros']
[0.191s] Level 1:colcon.colcon_core.package_identification:_identify(cviko1) by extension 'ros'
[0.194s] DEBUG:colcon.colcon_core.package_identification:Package 'cviko1' with type 'ros.ament_cmake' and name 'cviko1'
[0.194s] Level 1:colcon.colcon_core.package_identification:_identify(install) by extensions ['ignore', 'ignore_ament_install']
[0.194s] Level 1:colcon.colcon_core.package_identification:_identify(install) by extension 'ignore'
[0.194s] Level 1:colcon.colcon_core.package_identification:_identify(install) ignored
[0.194s] Level 1:colcon.colcon_core.package_identification:_identify(log) by extensions ['ignore', 'ignore_ament_install']
[0.194s] Level 1:colcon.colcon_core.package_identification:_identify(log) by extension 'ignore'
[0.194s] Level 1:colcon.colcon_core.package_identification:_identify(log) ignored
[0.195s] Level 1:colcon.colcon_core.package_identification:_identify(src) by extensions ['ignore', 'ignore_ament_install']
[0.195s] Level 1:colcon.colcon_core.package_identification:_identify(src) by extension 'ignore'
[0.195s] Level 1:colcon.colcon_core.package_identification:_identify(src) by extension 'ignore_ament_install'
[0.195s] Level 1:colcon.colcon_core.package_identification:_identify(src) by extensions ['colcon_pkg']
[0.195s] Level 1:colcon.colcon_core.package_identification:_identify(src) by extension 'colcon_pkg'
[0.195s] Level 1:colcon.colcon_core.package_identification:_identify(src) by extensions ['colcon_meta']
[0.195s] Level 1:colcon.colcon_core.package_identification:_identify(src) by extension 'colcon_meta'
[0.195s] Level 1:colcon.colcon_core.package_identification:_identify(src) by extensions ['ros']
[0.195s] Level 1:colcon.colcon_core.package_identification:_identify(src) by extension 'ros'
[0.195s] Level 1:colcon.colcon_core.package_identification:_identify(src) by extensions ['cmake', 'python']
[0.195s] Level 1:colcon.colcon_core.package_identification:_identify(src) by extension 'cmake'
[0.195s] Level 1:colcon.colcon_core.package_identification:_identify(src) by extension 'python'
[0.195s] Level 1:colcon.colcon_core.package_identification:_identify(src) by extensions ['python_setup_py']
[0.195s] Level 1:colcon.colcon_core.package_identification:_identify(src) by extension 'python_setup_py'
[0.195s] Level 1:colcon.colcon_core.package_identification:_identify(src/block1_matuska) by extensions ['ignore', 'ignore_ament_install']
[0.195s] Level 1:colcon.colcon_core.package_identification:_identify(src/block1_matuska) by extension 'ignore'
[0.195s] Level 1:colcon.colcon_core.package_identification:_identify(src/block1_matuska) by extension 'ignore_ament_install'
[0.196s] Level 1:colcon.colcon_core.package_identification:_identify(src/block1_matuska) by extensions ['colcon_pkg']
[0.196s] Level 1:colcon.colcon_core.package_identification:_identify(src/block1_matuska) by extension 'colcon_pkg'
[0.196s] Level 1:colcon.colcon_core.package_identification:_identify(src/block1_matuska) by extensions ['colcon_meta']
[0.196s] Level 1:colcon.colcon_core.package_identification:_identify(src/block1_matuska) by extension 'colcon_meta'
[0.196s] Level 1:colcon.colcon_core.package_identification:_identify(src/block1_matuska) by extensions ['ros']
[0.196s] Level 1:colcon.colcon_core.package_identification:_identify(src/block1_matuska) by extension 'ros'
[0.197s] DEBUG:colcon.colcon_core.package_identification:Package 'src/block1_matuska' with type 'ros.ament_cmake' and name 'block1_matuska'
[0.197s] Level 1:colcon.colcon_core.package_identification:_identify(src/build) by extensions ['ignore', 'ignore_ament_install']
[0.197s] Level 1:colcon.colcon_core.package_identification:_identify(src/build) by extension 'ignore'
[0.197s] Level 1:colcon.colcon_core.package_identification:_identify(src/build) ignored
[0.197s] Level 1:colcon.colcon_core.package_identification:_identify(src/eigen_example) by extensions ['ignore', 'ignore_ament_install']
[0.197s] Level 1:colcon.colcon_core.package_identification:_identify(src/eigen_example) by extension 'ignore'
[0.197s] Level 1:colcon.colcon_core.package_identification:_identify(src/eigen_example) by extension 'ignore_ament_install'
[0.197s] Level 1:colcon.colcon_core.package_identification:_identify(src/eigen_example) by extensions ['colcon_pkg']
[0.197s] Level 1:colcon.colcon_core.package_identification:_identify(src/eigen_example) by extension 'colcon_pkg'
[0.197s] Level 1:colcon.colcon_core.package_identification:_identify(src/eigen_example) by extensions ['colcon_meta']
[0.197s] Level 1:colcon.colcon_core.package_identification:_identify(src/eigen_example) by extension 'colcon_meta'
[0.197s] Level 1:colcon.colcon_core.package_identification:_identify(src/eigen_example) by extensions ['ros']
[0.197s] Level 1:colcon.colcon_core.package_identification:_identify(src/eigen_example) by extension 'ros'
[0.198s] DEBUG:colcon.colcon_core.package_identification:Package 'src/eigen_example' with type 'ros.ament_cmake' and name 'eigen_example'
[0.198s] Level 1:colcon.colcon_core.package_identification:_identify(src/install) by extensions ['ignore', 'ignore_ament_install']
[0.198s] Level 1:colcon.colcon_core.package_identification:_identify(src/install) by extension 'ignore'
[0.198s] Level 1:colcon.colcon_core.package_identification:_identify(src/install) ignored
[0.198s] Level 1:colcon.colcon_core.package_identification:_identify(src/log) by extensions ['ignore', 'ignore_ament_install']
[0.198s] Level 1:colcon.colcon_core.package_identification:_identify(src/log) by extension 'ignore'
[0.198s] Level 1:colcon.colcon_core.package_identification:_identify(src/log) ignored
[0.198s] Level 1:colcon.colcon_core.package_identification:_identify(src/matuska_interface) by extensions ['ignore', 'ignore_ament_install']
[0.199s] Level 1:colcon.colcon_core.package_identification:_identify(src/matuska_interface) by extension 'ignore'
[0.199s] Level 1:colcon.colcon_core.package_identification:_identify(src/matuska_interface) by extension 'ignore_ament_install'
[0.199s] Level 1:colcon.colcon_core.package_identification:_identify(src/matuska_interface) by extensions ['colcon_pkg']
[0.199s] Level 1:colcon.colcon_core.package_identification:_identify(src/matuska_interface) by extension 'colcon_pkg'
[0.199s] Level 1:colcon.colcon_core.package_identification:_identify(src/matuska_interface) by extensions ['colcon_meta']
[0.199s] Level 1:colcon.colcon_core.package_identification:_identify(src/matuska_interface) by extension 'colcon_meta'
[0.199s] Level 1:colcon.colcon_core.package_identification:_identify(src/matuska_interface) by extensions ['ros']
[0.199s] Level 1:colcon.colcon_core.package_identification:_identify(src/matuska_interface) by extension 'ros'
[0.199s] DEBUG:colcon.colcon_core.package_identification:Package 'src/matuska_interface' with type 'ros.ament_cmake' and name 'matuska_interface'
[0.200s] Level 1:colcon.colcon_core.package_identification:_identify(src/msg) by extensions ['ignore', 'ignore_ament_install']
[0.200s] Level 1:colcon.colcon_core.package_identification:_identify(src/msg) by extension 'ignore'
[0.200s] Level 1:colcon.colcon_core.package_identification:_identify(src/msg) by extension 'ignore_ament_install'
[0.200s] Level 1:colcon.colcon_core.package_identification:_identify(src/msg) by extensions ['colcon_pkg']
[0.200s] Level 1:colcon.colcon_core.package_identification:_identify(src/msg) by extension 'colcon_pkg'
[0.200s] Level 1:colcon.colcon_core.package_identification:_identify(src/msg) by extensions ['colcon_meta']
[0.200s] Level 1:colcon.colcon_core.package_identification:_identify(src/msg) by extension 'colcon_meta'
[0.200s] Level 1:colcon.colcon_core.package_identification:_identify(src/msg) by extensions ['ros']
[0.200s] Level 1:colcon.colcon_core.package_identification:_identify(src/msg) by extension 'ros'
[0.200s] Level 1:colcon.colcon_core.package_identification:_identify(src/msg) by extensions ['cmake', 'python']
[0.200s] Level 1:colcon.colcon_core.package_identification:_identify(src/msg) by extension 'cmake'
[0.200s] Level 1:colcon.colcon_core.package_identification:_identify(src/msg) by extension 'python'
[0.200s] Level 1:colcon.colcon_core.package_identification:_identify(src/msg) by extensions ['python_setup_py']
[0.200s] Level 1:colcon.colcon_core.package_identification:_identify(src/msg) by extension 'python_setup_py'
[0.200s] Level 1:colcon.colcon_core.package_identification:_identify(src/rrm) by extensions ['ignore', 'ignore_ament_install']
[0.200s] Level 1:colcon.colcon_core.package_identification:_identify(src/rrm) by extension 'ignore'
[0.200s] Level 1:colcon.colcon_core.package_identification:_identify(src/rrm) by extension 'ignore_ament_install'
[0.200s] Level 1:colcon.colcon_core.package_identification:_identify(src/rrm) by extensions ['colcon_pkg']
[0.200s] Level 1:colcon.colcon_core.package_identification:_identify(src/rrm) by extension 'colcon_pkg'
[0.200s] Level 1:colcon.colcon_core.package_identification:_identify(src/rrm) by extensions ['colcon_meta']
[0.201s] Level 1:colcon.colcon_core.package_identification:_identify(src/rrm) by extension 'colcon_meta'
[0.201s] Level 1:colcon.colcon_core.package_identification:_identify(src/rrm) by extensions ['ros']
[0.201s] Level 1:colcon.colcon_core.package_identification:_identify(src/rrm) by extension 'ros'
[0.201s] Level 1:colcon.colcon_core.package_identification:_identify(src/rrm) by extensions ['cmake', 'python']
[0.201s] Level 1:colcon.colcon_core.package_identification:_identify(src/rrm) by extension 'cmake'
[0.201s] Level 1:colcon.colcon_core.package_identification:_identify(src/rrm) by extension 'python'
[0.201s] Level 1:colcon.colcon_core.package_identification:_identify(src/rrm) by extensions ['python_setup_py']
[0.201s] Level 1:colcon.colcon_core.package_identification:_identify(src/rrm) by extension 'python_setup_py'
[0.201s] Level 1:colcon.colcon_core.package_identification:_identify(src/rrm/rrm_msgs) by extensions ['ignore', 'ignore_ament_install']
[0.201s] Level 1:colcon.colcon_core.package_identification:_identify(src/rrm/rrm_msgs) by extension 'ignore'
[0.201s] Level 1:colcon.colcon_core.package_identification:_identify(src/rrm/rrm_msgs) by extension 'ignore_ament_install'
[0.201s] Level 1:colcon.colcon_core.package_identification:_identify(src/rrm/rrm_msgs) by extensions ['colcon_pkg']
[0.201s] Level 1:colcon.colcon_core.package_identification:_identify(src/rrm/rrm_msgs) by extension 'colcon_pkg'
[0.201s] Level 1:colcon.colcon_core.package_identification:_identify(src/rrm/rrm_msgs) by extensions ['colcon_meta']
[0.201s] Level 1:colcon.colcon_core.package_identification:_identify(src/rrm/rrm_msgs) by extension 'colcon_meta'
[0.201s] Level 1:colcon.colcon_core.package_identification:_identify(src/rrm/rrm_msgs) by extensions ['ros']
[0.201s] Level 1:colcon.colcon_core.package_identification:_identify(src/rrm/rrm_msgs) by extension 'ros'
[0.202s] DEBUG:colcon.colcon_core.package_identification:Package 'src/rrm/rrm_msgs' with type 'ros.ament_cmake' and name 'rrm_msgs'
[0.202s] Level 1:colcon.colcon_core.package_identification:_identify(src/rrm/rrm_sim) by extensions ['ignore', 'ignore_ament_install']
[0.202s] Level 1:colcon.colcon_core.package_identification:_identify(src/rrm/rrm_sim) by extension 'ignore'
[0.202s] Level 1:colcon.colcon_core.package_identification:_identify(src/rrm/rrm_sim) by extension 'ignore_ament_install'
[0.202s] Level 1:colcon.colcon_core.package_identification:_identify(src/rrm/rrm_sim) by extensions ['colcon_pkg']
[0.202s] Level 1:colcon.colcon_core.package_identification:_identify(src/rrm/rrm_sim) by extension 'colcon_pkg'
[0.202s] Level 1:colcon.colcon_core.package_identification:_identify(src/rrm/rrm_sim) by extensions ['colcon_meta']
[0.202s] Level 1:colcon.colcon_core.package_identification:_identify(src/rrm/rrm_sim) by extension 'colcon_meta'
[0.202s] Level 1:colcon.colcon_core.package_identification:_identify(src/rrm/rrm_sim) by extensions ['ros']
[0.202s] Level 1:colcon.colcon_core.package_identification:_identify(src/rrm/rrm_sim) by extension 'ros'
[0.203s] DEBUG:colcon.colcon_core.package_identification:Package 'src/rrm/rrm_sim' with type 'ros.ament_cmake' and name 'rrm_sim'
[0.203s] Level 1:colcon.colcon_core.package_identification:_identify(src/rrm/rrm_simple_robot_model) by extensions ['ignore', 'ignore_ament_install']
[0.203s] Level 1:colcon.colcon_core.package_identification:_identify(src/rrm/rrm_simple_robot_model) by extension 'ignore'
[0.203s] Level 1:colcon.colcon_core.package_identification:_identify(src/rrm/rrm_simple_robot_model) by extension 'ignore_ament_install'
[0.203s] Level 1:colcon.colcon_core.package_identification:_identify(src/rrm/rrm_simple_robot_model) by extensions ['colcon_pkg']
[0.203s] Level 1:colcon.colcon_core.package_identification:_identify(src/rrm/rrm_simple_robot_model) by extension 'colcon_pkg'
[0.203s] Level 1:colcon.colcon_core.package_identification:_identify(src/rrm/rrm_simple_robot_model) by extensions ['colcon_meta']
[0.203s] Level 1:colcon.colcon_core.package_identification:_identify(src/rrm/rrm_simple_robot_model) by extension 'colcon_meta'
[0.203s] Level 1:colcon.colcon_core.package_identification:_identify(src/rrm/rrm_simple_robot_model) by extensions ['ros']
[0.203s] Level 1:colcon.colcon_core.package_identification:_identify(src/rrm/rrm_simple_robot_model) by extension 'ros'
[0.204s] DEBUG:colcon.colcon_core.package_identification:Package 'src/rrm/rrm_simple_robot_model' with type 'ros.ament_cmake' and name 'rrm_simple_robot_model'
[0.204s] Level 1:colcon.colcon_core.package_discovery:discover_packages(recursive) using defaults
[0.204s] Level 1:colcon.colcon_core.package_discovery:discover_packages(ignore) discover
[0.204s] Level 1:colcon.colcon_core.package_discovery:discover_packages(ignore) using defaults
[0.204s] Level 1:colcon.colcon_core.package_discovery:discover_packages(path) discover
[0.204s] Level 1:colcon.colcon_core.package_discovery:discover_packages(path) using defaults
[0.224s] Level 1:colcon.colcon_core.package_discovery:discover_packages(prefix_path) check parameters
[0.224s] Level 1:colcon.colcon_core.package_discovery:discover_packages(prefix_path) discover
[0.227s] DEBUG:colcon.colcon_installed_package_information.package_discovery:Found 8 installed packages in /home/matus/ros2_ws/install
[0.227s] DEBUG:colcon.colcon_installed_package_information.package_discovery:Found 5 installed packages in /home/matus/ros2_ws/src/install
[0.229s] DEBUG:colcon.colcon_installed_package_information.package_discovery:Found 287 installed packages in /opt/ros/jazzy
[0.231s] Level 1:colcon.colcon_core.package_discovery:discover_packages(prefix_path) using defaults
[0.278s] Level 5:colcon.colcon_core.verb:set package 'cviko1' build argument 'cmake_args' from command line to 'None'
[0.278s] Level 5:colcon.colcon_core.verb:set package 'cviko1' build argument 'cmake_target' from command line to 'None'
[0.279s] Level 5:colcon.colcon_core.verb:set package 'cviko1' build argument 'cmake_target_skip_unavailable' from command line to 'False'
[0.279s] Level 5:colcon.colcon_core.verb:set package 'cviko1' build argument 'cmake_clean_cache' from command line to 'False'
[0.279s] Level 5:colcon.colcon_core.verb:set package 'cviko1' build argument 'cmake_clean_first' from command line to 'False'
[0.279s] Level 5:colcon.colcon_core.verb:set package 'cviko1' build argument 'cmake_force_configure' from command line to 'False'
[0.279s] Level 5:colcon.colcon_core.verb:set package 'cviko1' build argument 'ament_cmake_args' from command line to 'None'
[0.279s] Level 5:colcon.colcon_core.verb:set package 'cviko1' build argument 'catkin_cmake_args' from command line to 'None'
[0.279s] Level 5:colcon.colcon_core.verb:set package 'cviko1' build argument 'catkin_skip_building_tests' from command line to 'False'
[0.279s] DEBUG:colcon.colcon_core.verb:Building package 'cviko1' with the following arguments: {'ament_cmake_args': None, 'build_base': '/home/matus/ros2_ws/build/cviko1', 'catkin_cmake_args': None, 'catkin_skip_building_tests': False, 'cmake_args': None, 'cmake_clean_cache': False, 'cmake_clean_first': False, 'cmake_force_configure': False, 'cmake_target': None, 'cmake_target_skip_unavailable': False, 'install_base': '/home/matus/ros2_ws/install/cviko1', 'merge_install': False, 'path': '/home/matus/ros2_ws/cviko1', 'symlink_install': False, 'test_result_base': None}
[0.279s] Level 5:colcon.colcon_core.verb:set package 'eigen_example' build argument 'cmake_args' from command line to 'None'
[0.279s] Level 5:colcon.colcon_core.verb:set package 'eigen_example' build argument 'cmake_target' from command line to 'None'
[0.279s] Level 5:colcon.colcon_core.verb:set package 'eigen_example' build argument 'cmake_target_skip_unavailable' from command line to 'False'
[0.279s] Level 5:colcon.colcon_core.verb:set package 'eigen_example' build argument 'cmake_clean_cache' from command line to 'False'
[0.279s] Level 5:colcon.colcon_core.verb:set package 'eigen_example' build argument 'cmake_clean_first' from command line to 'False'
[0.279s] Level 5:colcon.colcon_core.verb:set package 'eigen_example' build argument 'cmake_force_configure' from command line to 'False'
[0.279s] Level 5:colcon.colcon_core.verb:set package 'eigen_example' build argument 'ament_cmake_args' from command line to 'None'
[0.279s] Level 5:colcon.colcon_core.verb:set package 'eigen_example' build argument 'catkin_cmake_args' from command line to 'None'
[0.279s] Level 5:colcon.colcon_core.verb:set package 'eigen_example' build argument 'catkin_skip_building_tests' from command line to 'False'
[0.279s] DEBUG:colcon.colcon_core.verb:Building package 'eigen_example' with the following arguments: {'ament_cmake_args': None, 'build_base': '/home/matus/ros2_ws/build/eigen_example', 'catkin_cmake_args': None, 'catkin_skip_building_tests': False, 'cmake_args': None, 'cmake_clean_cache': False, 'cmake_clean_first': False, 'cmake_force_configure': False, 'cmake_target': None, 'cmake_target_skip_unavailable': False, 'install_base': '/home/matus/ros2_ws/install/eigen_example', 'merge_install': False, 'path': '/home/matus/ros2_ws/src/eigen_example', 'symlink_install': False, 'test_result_base': None}
[0.279s] Level 5:colcon.colcon_core.verb:set package 'matuska_interface' build argument 'cmake_args' from command line to 'None'
[0.280s] Level 5:colcon.colcon_core.verb:set package 'matuska_interface' build argument 'cmake_target' from command line to 'None'
[0.280s] Level 5:colcon.colcon_core.verb:set package 'matuska_interface' build argument 'cmake_target_skip_unavailable' from command line to 'False'
[0.280s] Level 5:colcon.colcon_core.verb:set package 'matuska_interface' build argument 'cmake_clean_cache' from command line to 'False'
[0.280s] Level 5:colcon.colcon_core.verb:set package 'matuska_interface' build argument 'cmake_clean_first' from command line to 'False'
[0.280s] Level 5:colcon.colcon_core.verb:set package 'matuska_interface' build argument 'cmake_force_configure' from command line to 'False'
[0.280s] Level 5:colcon.colcon_core.verb:set package 'matuska_interface' build argument 'ament_cmake_args' from command line to 'None'
[0.280s] Level 5:colcon.colcon_core.verb:set package 'matuska_interface' build argument 'catkin_cmake_args' from command line to 'None'
[0.280s] Level 5:colcon.colcon_core.verb:set package 'matuska_interface' build argument 'catkin_skip_building_tests' from command line to 'False'
[0.280s] DEBUG:colcon.colcon_core.verb:Building package 'matuska_interface' with the following arguments: {'ament_cmake_args': None, 'build_base': '/home/matus/ros2_ws/build/matuska_interface', 'catkin_cmake_args': None, 'catkin_skip_building_tests': False, 'cmake_args': None, 'cmake_clean_cache': False, 'cmake_clean_first': False, 'cmake_force_configure': False, 'cmake_target': None, 'cmake_target_skip_unavailable': False, 'install_base': '/home/matus/ros2_ws/install/matuska_interface', 'merge_install': False, 'path': '/home/matus/ros2_ws/src/matuska_interface', 'symlink_install': False, 'test_result_base': None}
[0.280s] Level 5:colcon.colcon_core.verb:set package 'rrm_msgs' build argument 'cmake_args' from command line to 'None'
[0.280s] Level 5:colcon.colcon_core.verb:set package 'rrm_msgs' build argument 'cmake_target' from command line to 'None'
[0.280s] Level 5:colcon.colcon_core.verb:set package 'rrm_msgs' build argument 'cmake_target_skip_unavailable' from command line to 'False'
[0.280s] Level 5:colcon.colcon_core.verb:set package 'rrm_msgs' build argument 'cmake_clean_cache' from command line to 'False'
[0.280s] Level 5:colcon.colcon_core.verb:set package 'rrm_msgs' build argument 'cmake_clean_first' from command line to 'False'
[0.280s] Level 5:colcon.colcon_core.verb:set package 'rrm_msgs' build argument 'cmake_force_configure' from command line to 'False'
[0.280s] Level 5:colcon.colcon_core.verb:set package 'rrm_msgs' build argument 'ament_cmake_args' from command line to 'None'
[0.280s] Level 5:colcon.colcon_core.verb:set package 'rrm_msgs' build argument 'catkin_cmake_args' from command line to 'None'
[0.280s] Level 5:colcon.colcon_core.verb:set package 'rrm_msgs' build argument 'catkin_skip_building_tests' from command line to 'False'
[0.280s] DEBUG:colcon.colcon_core.verb:Building package 'rrm_msgs' with the following arguments: {'ament_cmake_args': None, 'build_base': '/home/matus/ros2_ws/build/rrm_msgs', 'catkin_cmake_args': None, 'catkin_skip_building_tests': False, 'cmake_args': None, 'cmake_clean_cache': False, 'cmake_clean_first': False, 'cmake_force_configure': False, 'cmake_target': None, 'cmake_target_skip_unavailable': False, 'install_base': '/home/matus/ros2_ws/install/rrm_msgs', 'merge_install': False, 'path': '/home/matus/ros2_ws/src/rrm/rrm_msgs', 'symlink_install': False, 'test_result_base': None}
[0.280s] Level 5:colcon.colcon_core.verb:set package 'rrm_simple_robot_model' build argument 'cmake_args' from command line to 'None'
[0.280s] Level 5:colcon.colcon_core.verb:set package 'rrm_simple_robot_model' build argument 'cmake_target' from command line to 'None'
[0.281s] Level 5:colcon.colcon_core.verb:set package 'rrm_simple_robot_model' build argument 'cmake_target_skip_unavailable' from command line to 'False'
[0.281s] Level 5:colcon.colcon_core.verb:set package 'rrm_simple_robot_model' build argument 'cmake_clean_cache' from command line to 'False'
[0.281s] Level 5:colcon.colcon_core.verb:set package 'rrm_simple_robot_model' build argument 'cmake_clean_first' from command line to 'False'
[0.281s] Level 5:colcon.colcon_core.verb:set package 'rrm_simple_robot_model' build argument 'cmake_force_configure' from command line to 'False'
[0.281s] Level 5:colcon.colcon_core.verb:set package 'rrm_simple_robot_model' build argument 'ament_cmake_args' from command line to 'None'
[0.281s] Level 5:colcon.colcon_core.verb:set package 'rrm_simple_robot_model' build argument 'catkin_cmake_args' from command line to 'None'
[0.281s] Level 5:colcon.colcon_core.verb:set package 'rrm_simple_robot_model' build argument 'catkin_skip_building_tests' from command line to 'False'
[0.281s] DEBUG:colcon.colcon_core.verb:Building package 'rrm_simple_robot_model' with the following arguments: {'ament_cmake_args': None, 'build_base': '/home/matus/ros2_ws/build/rrm_simple_robot_model', 'catkin_cmake_args': None, 'catkin_skip_building_tests': False, 'cmake_args': None, 'cmake_clean_cache': False, 'cmake_clean_first': False, 'cmake_force_configure': False, 'cmake_target': None, 'cmake_target_skip_unavailable': False, 'install_base': '/home/matus/ros2_ws/install/rrm_simple_robot_model', 'merge_install': False, 'path': '/home/matus/ros2_ws/src/rrm/rrm_simple_robot_model', 'symlink_install': False, 'test_result_base': None}
[0.281s] Level 5:colcon.colcon_core.verb:set package 'block1_matuska' build argument 'cmake_args' from command line to 'None'
[0.281s] Level 5:colcon.colcon_core.verb:set package 'block1_matuska' build argument 'cmake_target' from command line to 'None'
[0.281s] Level 5:colcon.colcon_core.verb:set package 'block1_matuska' build argument 'cmake_target_skip_unavailable' from command line to 'False'
[0.281s] Level 5:colcon.colcon_core.verb:set package 'block1_matuska' build argument 'cmake_clean_cache' from command line to 'False'
[0.281s] Level 5:colcon.colcon_core.verb:set package 'block1_matuska' build argument 'cmake_clean_first' from command line to 'False'
[0.281s] Level 5:colcon.colcon_core.verb:set package 'block1_matuska' build argument 'cmake_force_configure' from command line to 'False'
[0.281s] Level 5:colcon.colcon_core.verb:set package 'block1_matuska' build argument 'ament_cmake_args' from command line to 'None'
[0.281s] Level 5:colcon.colcon_core.verb:set package 'block1_matuska' build argument 'catkin_cmake_args' from command line to 'None'
[0.281s] Level 5:colcon.colcon_core.verb:set package 'block1_matuska' build argument 'catkin_skip_building_tests' from command line to 'False'
[0.281s] DEBUG:colcon.colcon_core.verb:Building package 'block1_matuska' with the following arguments: {'ament_cmake_args': None, 'build_base': '/home/matus/ros2_ws/build/block1_matuska', 'catkin_cmake_args': None, 'catkin_skip_building_tests': False, 'cmake_args': None, 'cmake_clean_cache': False, 'cmake_clean_first': False, 'cmake_force_configure': False, 'cmake_target': None, 'cmake_target_skip_unavailable': False, 'install_base': '/home/matus/ros2_ws/install/block1_matuska', 'merge_install': False, 'path': '/home/matus/ros2_ws/src/block1_matuska', 'symlink_install': False, 'test_result_base': None}
[0.281s] Level 5:colcon.colcon_core.verb:set package 'rrm_sim' build argument 'cmake_args' from command line to 'None'
[0.281s] Level 5:colcon.colcon_core.verb:set package 'rrm_sim' build argument 'cmake_target' from command line to 'None'
[0.281s] Level 5:colcon.colcon_core.verb:set package 'rrm_sim' build argument 'cmake_target_skip_unavailable' from command line to 'False'
[0.281s] Level 5:colcon.colcon_core.verb:set package 'rrm_sim' build argument 'cmake_clean_cache' from command line to 'False'
[0.281s] Level 5:colcon.colcon_core.verb:set package 'rrm_sim' build argument 'cmake_clean_first' from command line to 'False'
[0.281s] Level 5:colcon.colcon_core.verb:set package 'rrm_sim' build argument 'cmake_force_configure' from command line to 'False'
[0.281s] Level 5:colcon.colcon_core.verb:set package 'rrm_sim' build argument 'ament_cmake_args' from command line to 'None'
[0.281s] Level 5:colcon.colcon_core.verb:set package 'rrm_sim' build argument 'catkin_cmake_args' from command line to 'None'
[0.282s] Level 5:colcon.colcon_core.verb:set package 'rrm_sim' build argument 'catkin_skip_building_tests' from command line to 'False'
[0.282s] DEBUG:colcon.colcon_core.verb:Building package 'rrm_sim' with the following arguments: {'ament_cmake_args': None, 'build_base': '/home/matus/ros2_ws/build/rrm_sim', 'catkin_cmake_args': None, 'catkin_skip_building_tests': False, 'cmake_args': None, 'cmake_clean_cache': False, 'cmake_clean_first': False, 'cmake_force_configure': False, 'cmake_target': None, 'cmake_target_skip_unavailable': False, 'install_base': '/home/matus/ros2_ws/install/rrm_sim', 'merge_install': False, 'path': '/home/matus/ros2_ws/src/rrm/rrm_sim', 'symlink_install': False, 'test_result_base': None}
[0.282s] INFO:colcon.colcon_core.executor:Executing jobs using 'parallel' executor
[0.283s] DEBUG:colcon.colcon_parallel_executor.executor.parallel:run_until_complete
[0.283s] INFO:colcon.colcon_ros.task.ament_cmake.build:Building ROS package in '/home/matus/ros2_ws/src/rrm/rrm_msgs' with build type 'ament_cmake'
[0.283s] INFO:colcon.colcon_cmake.task.cmake.build:Building CMake package in '/home/matus/ros2_ws/src/rrm/rrm_msgs'
[0.285s] INFO:colcon.colcon_core.plugin_system:Skipping extension 'colcon_core.shell.bat': Not used on non-Windows systems
[0.285s] INFO:colcon.colcon_core.shell:Skip shell extension 'powershell' for command environment: Not usable outside of PowerShell
[0.286s] DEBUG:colcon.colcon_core.shell:Skip shell extension 'dsv' for command environment
[0.290s] INFO:colcon.colcon_ros.task.ament_cmake.build:Building ROS package in '/home/matus/ros2_ws/src/matuska_interface' with build type 'ament_cmake'
[0.291s] INFO:colcon.colcon_cmake.task.cmake.build:Building CMake package in '/home/matus/ros2_ws/src/matuska_interface'
[0.291s] INFO:colcon.colcon_core.shell:Skip shell extension 'powershell' for command environment: Not usable outside of PowerShell
[0.291s] DEBUG:colcon.colcon_core.shell:Skip shell extension 'dsv' for command environment
[0.295s] INFO:colcon.colcon_ros.task.ament_cmake.build:Building ROS package in '/home/matus/ros2_ws/cviko1' with build type 'ament_cmake'
[0.295s] INFO:colcon.colcon_cmake.task.cmake.build:Building CMake package in '/home/matus/ros2_ws/cviko1'
[0.296s] INFO:colcon.colcon_core.shell:Skip shell extension 'powershell' for command environment: Not usable outside of PowerShell
[0.296s] DEBUG:colcon.colcon_core.shell:Skip shell extension 'dsv' for command environment
[0.300s] INFO:colcon.colcon_ros.task.ament_cmake.build:Building ROS package in '/home/matus/ros2_ws/src/eigen_example' with build type 'ament_cmake'
[0.300s] INFO:colcon.colcon_cmake.task.cmake.build:Building CMake package in '/home/matus/ros2_ws/src/eigen_example'
[0.300s] INFO:colcon.colcon_core.shell:Skip shell extension 'powershell' for command environment: Not usable outside of PowerShell
[0.301s] DEBUG:colcon.colcon_core.shell:Skip shell extension 'dsv' for command environment
[0.305s] INFO:colcon.colcon_ros.task.ament_cmake.build:Building ROS package in '/home/matus/ros2_ws/src/rrm/rrm_simple_robot_model' with build type 'ament_cmake'
[0.305s] INFO:colcon.colcon_cmake.task.cmake.build:Building CMake package in '/home/matus/ros2_ws/src/rrm/rrm_simple_robot_model'
[0.305s] INFO:colcon.colcon_core.shell:Skip shell extension 'powershell' for command environment: Not usable outside of PowerShell
[0.305s] DEBUG:colcon.colcon_core.shell:Skip shell extension 'dsv' for command environment
[0.315s] DEBUG:colcon.colcon_core.event_handler.log_command:Invoking command in '/home/matus/ros2_ws/build/rrm_msgs': CMAKE_PREFIX_PATH=${CMAKE_PREFIX_PATH}:/opt/ros/jazzy DEBUGINFOD_URLS=https://debuginfod.ubuntu.com /usr/bin/cmake --build /home/matus/ros2_ws/build/rrm_msgs -- -j12 -l12
[0.317s] DEBUG:colcon.colcon_core.event_handler.log_command:Invoking command in '/home/matus/ros2_ws/build/matuska_interface': CMAKE_PREFIX_PATH=${CMAKE_PREFIX_PATH}:/opt/ros/jazzy DEBUGINFOD_URLS=https://debuginfod.ubuntu.com /usr/bin/cmake --build /home/matus/ros2_ws/build/matuska_interface -- -j12 -l12
[0.319s] DEBUG:colcon.colcon_core.event_handler.log_command:Invoking command in '/home/matus/ros2_ws/build/cviko1': CMAKE_PREFIX_PATH=${CMAKE_PREFIX_PATH}:/opt/ros/jazzy DEBUGINFOD_URLS=https://debuginfod.ubuntu.com /usr/bin/cmake --build /home/matus/ros2_ws/build/cviko1 -- -j12 -l12
[0.321s] DEBUG:colcon.colcon_core.event_handler.log_command:Invoking command in '/home/matus/ros2_ws/build/eigen_example': CMAKE_PREFIX_PATH=${CMAKE_PREFIX_PATH}:/opt/ros/jazzy DEBUGINFOD_URLS=https://debuginfod.ubuntu.com /usr/bin/cmake --build /home/matus/ros2_ws/build/eigen_example -- -j12 -l12
[0.328s] DEBUG:colcon.colcon_core.event_handler.log_command:Invoking command in '/home/matus/ros2_ws/build/rrm_simple_robot_model': CMAKE_PREFIX_PATH=${CMAKE_PREFIX_PATH}:/opt/ros/jazzy DEBUGINFOD_URLS=https://debuginfod.ubuntu.com /usr/bin/cmake --build /home/matus/ros2_ws/build/rrm_simple_robot_model -- -j12 -l12
[0.376s] DEBUG:colcon.colcon_core.event_handler.log_command:Invoked command in '/home/matus/ros2_ws/build/rrm_simple_robot_model' returned '0': CMAKE_PREFIX_PATH=${CMAKE_PREFIX_PATH}:/opt/ros/jazzy DEBUGINFOD_URLS=https://debuginfod.ubuntu.com /usr/bin/cmake --build /home/matus/ros2_ws/build/rrm_simple_robot_model -- -j12 -l12
[0.398s] DEBUG:colcon.colcon_core.event_handler.log_command:Invoked command in '/home/matus/ros2_ws/build/cviko1' returned '0': CMAKE_PREFIX_PATH=${CMAKE_PREFIX_PATH}:/opt/ros/jazzy DEBUGINFOD_URLS=https://debuginfod.ubuntu.com /usr/bin/cmake --build /home/matus/ros2_ws/build/cviko1 -- -j12 -l12
[0.422s] DEBUG:colcon.colcon_core.event_handler.log_command:Invoking command in '/home/matus/ros2_ws/build/rrm_simple_robot_model': CMAKE_PREFIX_PATH=${CMAKE_PREFIX_PATH}:/opt/ros/jazzy DEBUGINFOD_URLS=https://debuginfod.ubuntu.com /usr/bin/cmake --install /home/matus/ros2_ws/build/rrm_simple_robot_model
[0.429s] DEBUG:colcon.colcon_core.event_handler.log_command:Invoked command in '/home/matus/ros2_ws/build/eigen_example' returned '0': CMAKE_PREFIX_PATH=${CMAKE_PREFIX_PATH}:/opt/ros/jazzy DEBUGINFOD_URLS=https://debuginfod.ubuntu.com /usr/bin/cmake --build /home/matus/ros2_ws/build/eigen_example -- -j12 -l12
[0.440s] Level 1:colcon.colcon_core.environment:create_environment_scripts_only(rrm_simple_robot_model)
[0.441s] DEBUG:colcon.colcon_core.event_handler.log_command:Invoked command in '/home/matus/ros2_ws/build/rrm_simple_robot_model' returned '0': CMAKE_PREFIX_PATH=${CMAKE_PREFIX_PATH}:/opt/ros/jazzy DEBUGINFOD_URLS=https://debuginfod.ubuntu.com /usr/bin/cmake --install /home/matus/ros2_ws/build/rrm_simple_robot_model
[0.444s] Level 1:colcon.colcon_core.environment:checking '/home/matus/ros2_ws/install/rrm_simple_robot_model' for CMake module files
[0.447s] Level 1:colcon.colcon_core.environment:checking '/home/matus/ros2_ws/install/rrm_simple_robot_model' for CMake config files
[0.448s] Level 1:colcon.colcon_core.shell:create_environment_hook('rrm_simple_robot_model', 'cmake_prefix_path')
[0.448s] INFO:colcon.colcon_core.shell:Creating environment hook '/home/matus/ros2_ws/install/rrm_simple_robot_model/share/rrm_simple_robot_model/hook/cmake_prefix_path.ps1'
[0.449s] INFO:colcon.colcon_core.shell:Creating environment descriptor '/home/matus/ros2_ws/install/rrm_simple_robot_model/share/rrm_simple_robot_model/hook/cmake_prefix_path.dsv'
[0.449s] INFO:colcon.colcon_core.shell:Creating environment hook '/home/matus/ros2_ws/install/rrm_simple_robot_model/share/rrm_simple_robot_model/hook/cmake_prefix_path.sh'
[0.451s] Level 1:colcon.colcon_core.environment:checking '/home/matus/ros2_ws/install/rrm_simple_robot_model/bin'
[0.451s] Level 1:colcon.colcon_core.environment:checking '/home/matus/ros2_ws/install/rrm_simple_robot_model/lib/pkgconfig/rrm_simple_robot_model.pc'
[0.451s] Level 1:colcon.colcon_core.environment:checking '/home/matus/ros2_ws/install/rrm_simple_robot_model/lib/python3.12/site-packages'
[0.452s] Level 1:colcon.colcon_core.environment:checking '/home/matus/ros2_ws/install/rrm_simple_robot_model/bin'
[0.452s] INFO:colcon.colcon_core.shell:Creating package script '/home/matus/ros2_ws/install/rrm_simple_robot_model/share/rrm_simple_robot_model/package.ps1'
[0.453s] INFO:colcon.colcon_core.shell:Creating package descriptor '/home/matus/ros2_ws/install/rrm_simple_robot_model/share/rrm_simple_robot_model/package.dsv'
[0.458s] INFO:colcon.colcon_core.shell:Creating package script '/home/matus/ros2_ws/install/rrm_simple_robot_model/share/rrm_simple_robot_model/package.sh'
[0.461s] INFO:colcon.colcon_core.shell:Creating package script '/home/matus/ros2_ws/install/rrm_simple_robot_model/share/rrm_simple_robot_model/package.bash'
[0.462s] INFO:colcon.colcon_core.shell:Creating package script '/home/matus/ros2_ws/install/rrm_simple_robot_model/share/rrm_simple_robot_model/package.zsh'
[0.462s] Level 1:colcon.colcon_core.environment:create_file_with_runtime_dependencies(/home/matus/ros2_ws/install/rrm_simple_robot_model/share/colcon-core/packages/rrm_simple_robot_model)
[0.466s] DEBUG:colcon.colcon_core.event_handler.log_command:Invoking command in '/home/matus/ros2_ws/build/cviko1': CMAKE_PREFIX_PATH=${CMAKE_PREFIX_PATH}:/opt/ros/jazzy DEBUGINFOD_URLS=https://debuginfod.ubuntu.com /usr/bin/cmake --install /home/matus/ros2_ws/build/cviko1
[0.478s] DEBUG:colcon.colcon_core.event_handler.log_command:Invoking command in '/home/matus/ros2_ws/build/eigen_example': CMAKE_PREFIX_PATH=${CMAKE_PREFIX_PATH}:/opt/ros/jazzy DEBUGINFOD_URLS=https://debuginfod.ubuntu.com /usr/bin/cmake --install /home/matus/ros2_ws/build/eigen_example
[0.484s] Level 1:colcon.colcon_core.environment:create_environment_scripts_only(cviko1)
[0.484s] Level 1:colcon.colcon_core.environment:checking '/home/matus/ros2_ws/install/cviko1' for CMake module files
[0.485s] DEBUG:colcon.colcon_core.event_handler.log_command:Invoked command in '/home/matus/ros2_ws/build/cviko1' returned '0': CMAKE_PREFIX_PATH=${CMAKE_PREFIX_PATH}:/opt/ros/jazzy DEBUGINFOD_URLS=https://debuginfod.ubuntu.com /usr/bin/cmake --install /home/matus/ros2_ws/build/cviko1
[0.485s] Level 1:colcon.colcon_core.environment:checking '/home/matus/ros2_ws/install/cviko1' for CMake config files
[0.486s] Level 1:colcon.colcon_core.shell:create_environment_hook('cviko1', 'cmake_prefix_path')
[0.486s] INFO:colcon.colcon_core.shell:Creating environment hook '/home/matus/ros2_ws/install/cviko1/share/cviko1/hook/cmake_prefix_path.ps1'
[0.487s] INFO:colcon.colcon_core.shell:Creating environment descriptor '/home/matus/ros2_ws/install/cviko1/share/cviko1/hook/cmake_prefix_path.dsv'
[0.488s] INFO:colcon.colcon_core.shell:Creating environment hook '/home/matus/ros2_ws/install/cviko1/share/cviko1/hook/cmake_prefix_path.sh'
[0.488s] Level 1:colcon.colcon_core.environment:checking '/home/matus/ros2_ws/install/cviko1/lib'
[0.489s] Level 1:colcon.colcon_core.environment:checking '/home/matus/ros2_ws/install/cviko1/bin'
[0.489s] Level 1:colcon.colcon_core.environment:checking '/home/matus/ros2_ws/install/cviko1/lib/pkgconfig/cviko1.pc'
[0.489s] Level 1:colcon.colcon_core.environment:checking '/home/matus/ros2_ws/install/cviko1/lib/python3.12/site-packages'
[0.489s] Level 1:colcon.colcon_core.environment:checking '/home/matus/ros2_ws/install/cviko1/bin'
[0.489s] INFO:colcon.colcon_core.shell:Creating package script '/home/matus/ros2_ws/install/cviko1/share/cviko1/package.ps1'
[0.490s] INFO:colcon.colcon_core.shell:Creating package descriptor '/home/matus/ros2_ws/install/cviko1/share/cviko1/package.dsv'
[0.490s] INFO:colcon.colcon_core.shell:Creating package script '/home/matus/ros2_ws/install/cviko1/share/cviko1/package.sh'
[0.491s] INFO:colcon.colcon_core.shell:Creating package script '/home/matus/ros2_ws/install/cviko1/share/cviko1/package.bash'
[0.491s] INFO:colcon.colcon_core.shell:Creating package script '/home/matus/ros2_ws/install/cviko1/share/cviko1/package.zsh'
[0.491s] Level 1:colcon.colcon_core.environment:create_file_with_runtime_dependencies(/home/matus/ros2_ws/install/cviko1/share/colcon-core/packages/cviko1)
[0.495s] Level 1:colcon.colcon_core.environment:create_environment_scripts_only(rrm_simple_robot_model)
[0.496s] Level 1:colcon.colcon_core.environment:checking '/home/matus/ros2_ws/install/rrm_simple_robot_model' for CMake module files
[0.496s] Level 1:colcon.colcon_core.environment:checking '/home/matus/ros2_ws/install/rrm_simple_robot_model' for CMake config files
[0.497s] Level 1:colcon.colcon_core.shell:create_environment_hook('rrm_simple_robot_model', 'cmake_prefix_path')
[0.497s] INFO:colcon.colcon_core.shell:Creating environment hook '/home/matus/ros2_ws/install/rrm_simple_robot_model/share/rrm_simple_robot_model/hook/cmake_prefix_path.ps1'
[0.498s] INFO:colcon.colcon_core.shell:Creating environment descriptor '/home/matus/ros2_ws/install/rrm_simple_robot_model/share/rrm_simple_robot_model/hook/cmake_prefix_path.dsv'
[0.498s] INFO:colcon.colcon_core.shell:Creating environment hook '/home/matus/ros2_ws/install/rrm_simple_robot_model/share/rrm_simple_robot_model/hook/cmake_prefix_path.sh'
[0.499s] Level 1:colcon.colcon_core.environment:checking '/home/matus/ros2_ws/install/rrm_simple_robot_model/bin'
[0.499s] Level 1:colcon.colcon_core.environment:checking '/home/matus/ros2_ws/install/rrm_simple_robot_model/lib/pkgconfig/rrm_simple_robot_model.pc'
[0.500s] Level 1:colcon.colcon_core.environment:checking '/home/matus/ros2_ws/install/rrm_simple_robot_model/lib/python3.12/site-packages'
[0.500s] Level 1:colcon.colcon_core.environment:checking '/home/matus/ros2_ws/install/rrm_simple_robot_model/bin'
[0.500s] INFO:colcon.colcon_core.shell:Creating package script '/home/matus/ros2_ws/install/rrm_simple_robot_model/share/rrm_simple_robot_model/package.ps1'
[0.501s] INFO:colcon.colcon_core.shell:Creating package descriptor '/home/matus/ros2_ws/install/rrm_simple_robot_model/share/rrm_simple_robot_model/package.dsv'
[0.502s] INFO:colcon.colcon_core.shell:Creating package script '/home/matus/ros2_ws/install/rrm_simple_robot_model/share/rrm_simple_robot_model/package.sh'
[0.502s] INFO:colcon.colcon_core.shell:Creating package script '/home/matus/ros2_ws/install/rrm_simple_robot_model/share/rrm_simple_robot_model/package.bash'
[0.503s] INFO:colcon.colcon_core.shell:Creating package script '/home/matus/ros2_ws/install/rrm_simple_robot_model/share/rrm_simple_robot_model/package.zsh'
[0.503s] Level 1:colcon.colcon_core.environment:create_file_with_runtime_dependencies(/home/matus/ros2_ws/install/rrm_simple_robot_model/share/colcon-core/packages/rrm_simple_robot_model)
[0.505s] Level 1:colcon.colcon_core.environment:create_environment_scripts_only(eigen_example)
[0.505s] Level 1:colcon.colcon_core.environment:checking '/home/matus/ros2_ws/install/eigen_example' for CMake module files
[0.506s] DEBUG:colcon.colcon_core.event_handler.log_command:Invoked command in '/home/matus/ros2_ws/build/eigen_example' returned '0': CMAKE_PREFIX_PATH=${CMAKE_PREFIX_PATH}:/opt/ros/jazzy DEBUGINFOD_URLS=https://debuginfod.ubuntu.com /usr/bin/cmake --install /home/matus/ros2_ws/build/eigen_example
[0.507s] Level 1:colcon.colcon_core.environment:checking '/home/matus/ros2_ws/install/eigen_example' for CMake config files
[0.507s] Level 1:colcon.colcon_core.shell:create_environment_hook('eigen_example', 'cmake_prefix_path')
[0.507s] INFO:colcon.colcon_core.shell:Creating environment hook '/home/matus/ros2_ws/install/eigen_example/share/eigen_example/hook/cmake_prefix_path.ps1'
[0.508s] INFO:colcon.colcon_core.shell:Creating environment descriptor '/home/matus/ros2_ws/install/eigen_example/share/eigen_example/hook/cmake_prefix_path.dsv'
[0.508s] INFO:colcon.colcon_core.shell:Creating environment hook '/home/matus/ros2_ws/install/eigen_example/share/eigen_example/hook/cmake_prefix_path.sh'
[0.509s] Level 1:colcon.colcon_core.environment:checking '/home/matus/ros2_ws/install/eigen_example/lib'
[0.509s] Level 1:colcon.colcon_core.environment:checking '/home/matus/ros2_ws/install/eigen_example/bin'
[0.509s] Level 1:colcon.colcon_core.environment:checking '/home/matus/ros2_ws/install/eigen_example/lib/pkgconfig/eigen_example.pc'
[0.509s] Level 1:colcon.colcon_core.environment:checking '/home/matus/ros2_ws/install/eigen_example/lib/python3.12/site-packages'
[0.509s] Level 1:colcon.colcon_core.environment:checking '/home/matus/ros2_ws/install/eigen_example/bin'
[0.510s] INFO:colcon.colcon_core.shell:Creating package script '/home/matus/ros2_ws/install/eigen_example/share/eigen_example/package.ps1'
[0.510s] INFO:colcon.colcon_core.shell:Creating package descriptor '/home/matus/ros2_ws/install/eigen_example/share/eigen_example/package.dsv'
[0.510s] INFO:colcon.colcon_core.shell:Creating package script '/home/matus/ros2_ws/install/eigen_example/share/eigen_example/package.sh'
[0.511s] INFO:colcon.colcon_core.shell:Creating package script '/home/matus/ros2_ws/install/eigen_example/share/eigen_example/package.bash'
[0.511s] INFO:colcon.colcon_core.shell:Creating package script '/home/matus/ros2_ws/install/eigen_example/share/eigen_example/package.zsh'
[0.512s] Level 1:colcon.colcon_core.environment:create_file_with_runtime_dependencies(/home/matus/ros2_ws/install/eigen_example/share/colcon-core/packages/eigen_example)
[0.525s] Level 1:colcon.colcon_core.environment:create_environment_scripts_only(cviko1)
[0.525s] Level 1:colcon.colcon_core.environment:checking '/home/matus/ros2_ws/install/cviko1' for CMake module files
[0.526s] Level 1:colcon.colcon_core.environment:checking '/home/matus/ros2_ws/install/cviko1' for CMake config files
[0.527s] Level 1:colcon.colcon_core.shell:create_environment_hook('cviko1', 'cmake_prefix_path')
[0.527s] INFO:colcon.colcon_core.shell:Creating environment hook '/home/matus/ros2_ws/install/cviko1/share/cviko1/hook/cmake_prefix_path.ps1'
[0.528s] INFO:colcon.colcon_core.shell:Creating environment descriptor '/home/matus/ros2_ws/install/cviko1/share/cviko1/hook/cmake_prefix_path.dsv'
[0.528s] INFO:colcon.colcon_core.shell:Creating environment hook '/home/matus/ros2_ws/install/cviko1/share/cviko1/hook/cmake_prefix_path.sh'
[0.529s] Level 1:colcon.colcon_core.environment:checking '/home/matus/ros2_ws/install/cviko1/lib'
[0.529s] Level 1:colcon.colcon_core.environment:checking '/home/matus/ros2_ws/install/cviko1/bin'
[0.529s] Level 1:colcon.colcon_core.environment:checking '/home/matus/ros2_ws/install/cviko1/lib/pkgconfig/cviko1.pc'
[0.529s] Level 1:colcon.colcon_core.environment:checking '/home/matus/ros2_ws/install/cviko1/lib/python3.12/site-packages'
[0.530s] Level 1:colcon.colcon_core.environment:checking '/home/matus/ros2_ws/install/cviko1/bin'
[0.530s] INFO:colcon.colcon_core.shell:Creating package script '/home/matus/ros2_ws/install/cviko1/share/cviko1/package.ps1'
[0.531s] INFO:colcon.colcon_core.shell:Creating package descriptor '/home/matus/ros2_ws/install/cviko1/share/cviko1/package.dsv'
[0.532s] INFO:colcon.colcon_core.shell:Creating package script '/home/matus/ros2_ws/install/cviko1/share/cviko1/package.sh'
[0.532s] INFO:colcon.colcon_core.shell:Creating package script '/home/matus/ros2_ws/install/cviko1/share/cviko1/package.bash'
[0.533s] INFO:colcon.colcon_core.shell:Creating package script '/home/matus/ros2_ws/install/cviko1/share/cviko1/package.zsh'
[0.533s] Level 1:colcon.colcon_core.environment:create_file_with_runtime_dependencies(/home/matus/ros2_ws/install/cviko1/share/colcon-core/packages/cviko1)
[0.543s] Level 1:colcon.colcon_core.environment:create_environment_scripts_only(eigen_example)
[0.543s] Level 1:colcon.colcon_core.environment:checking '/home/matus/ros2_ws/install/eigen_example' for CMake module files
[0.544s] Level 1:colcon.colcon_core.environment:checking '/home/matus/ros2_ws/install/eigen_example' for CMake config files
[0.544s] Level 1:colcon.colcon_core.shell:create_environment_hook('eigen_example', 'cmake_prefix_path')
[0.545s] INFO:colcon.colcon_core.shell:Creating environment hook '/home/matus/ros2_ws/install/eigen_example/share/eigen_example/hook/cmake_prefix_path.ps1'
[0.545s] INFO:colcon.colcon_core.shell:Creating environment descriptor '/home/matus/ros2_ws/install/eigen_example/share/eigen_example/hook/cmake_prefix_path.dsv'
[0.546s] INFO:colcon.colcon_core.shell:Creating environment hook '/home/matus/ros2_ws/install/eigen_example/share/eigen_example/hook/cmake_prefix_path.sh'
[0.547s] Level 1:colcon.colcon_core.environment:checking '/home/matus/ros2_ws/install/eigen_example/lib'
[0.547s] Level 1:colcon.colcon_core.environment:checking '/home/matus/ros2_ws/install/eigen_example/bin'
[0.547s] Level 1:colcon.colcon_core.environment:checking '/home/matus/ros2_ws/install/eigen_example/lib/pkgconfig/eigen_example.pc'
[0.547s] Level 1:colcon.colcon_core.environment:checking '/home/matus/ros2_ws/install/eigen_example/lib/python3.12/site-packages'
[0.547s] Level 1:colcon.colcon_core.environment:checking '/home/matus/ros2_ws/install/eigen_example/bin'
[0.548s] INFO:colcon.colcon_core.shell:Creating package script '/home/matus/ros2_ws/install/eigen_example/share/eigen_example/package.ps1'
[0.549s] INFO:colcon.colcon_core.shell:Creating package descriptor '/home/matus/ros2_ws/install/eigen_example/share/eigen_example/package.dsv'
[0.549s] INFO:colcon.colcon_core.shell:Creating package script '/home/matus/ros2_ws/install/eigen_example/share/eigen_example/package.sh'
[0.550s] INFO:colcon.colcon_core.shell:Creating package script '/home/matus/ros2_ws/install/eigen_example/share/eigen_example/package.bash'
[0.550s] INFO:colcon.colcon_core.shell:Creating package script '/home/matus/ros2_ws/install/eigen_example/share/eigen_example/package.zsh'
[0.551s] Level 1:colcon.colcon_core.environment:create_file_with_runtime_dependencies(/home/matus/ros2_ws/install/eigen_example/share/colcon-core/packages/eigen_example)
[0.773s] DEBUG:colcon.colcon_core.event_handler.log_command:Invoked command in '/home/matus/ros2_ws/build/matuska_interface' returned '0': CMAKE_PREFIX_PATH=${CMAKE_PREFIX_PATH}:/opt/ros/jazzy DEBUGINFOD_URLS=https://debuginfod.ubuntu.com /usr/bin/cmake --build /home/matus/ros2_ws/build/matuska_interface -- -j12 -l12
[0.774s] DEBUG:colcon.colcon_core.event_handler.log_command:Invoked command in '/home/matus/ros2_ws/build/rrm_msgs' returned '0': CMAKE_PREFIX_PATH=${CMAKE_PREFIX_PATH}:/opt/ros/jazzy DEBUGINFOD_URLS=https://debuginfod.ubuntu.com /usr/bin/cmake --build /home/matus/ros2_ws/build/rrm_msgs -- -j12 -l12
[0.828s] DEBUG:colcon.colcon_core.event_handler.log_command:Invoking command in '/home/matus/ros2_ws/build/matuska_interface': CMAKE_PREFIX_PATH=${CMAKE_PREFIX_PATH}:/opt/ros/jazzy DEBUGINFOD_URLS=https://debuginfod.ubuntu.com /usr/bin/cmake --install /home/matus/ros2_ws/build/matuska_interface
[0.848s] DEBUG:colcon.colcon_core.event_handler.log_command:Invoking command in '/home/matus/ros2_ws/build/rrm_msgs': CMAKE_PREFIX_PATH=${CMAKE_PREFIX_PATH}:/opt/ros/jazzy DEBUGINFOD_URLS=https://debuginfod.ubuntu.com /usr/bin/cmake --install /home/matus/ros2_ws/build/rrm_msgs
[0.881s] Level 1:colcon.colcon_core.environment:create_environment_scripts_only(matuska_interface)
[0.881s] Level 1:colcon.colcon_core.environment:checking '/home/matus/ros2_ws/install/matuska_interface' for CMake module files
[0.881s] DEBUG:colcon.colcon_core.event_handler.log_command:Invoked command in '/home/matus/ros2_ws/build/matuska_interface' returned '0': CMAKE_PREFIX_PATH=${CMAKE_PREFIX_PATH}:/opt/ros/jazzy DEBUGINFOD_URLS=https://debuginfod.ubuntu.com /usr/bin/cmake --install /home/matus/ros2_ws/build/matuska_interface
[0.882s] Level 1:colcon.colcon_core.environment:checking '/home/matus/ros2_ws/install/matuska_interface' for CMake config files
[0.882s] Level 1:colcon.colcon_core.shell:create_environment_hook('matuska_interface', 'cmake_prefix_path')
[0.882s] INFO:colcon.colcon_core.shell:Creating environment hook '/home/matus/ros2_ws/install/matuska_interface/share/matuska_interface/hook/cmake_prefix_path.ps1'
[0.882s] INFO:colcon.colcon_core.shell:Creating environment descriptor '/home/matus/ros2_ws/install/matuska_interface/share/matuska_interface/hook/cmake_prefix_path.dsv'
[0.883s] INFO:colcon.colcon_core.shell:Creating environment hook '/home/matus/ros2_ws/install/matuska_interface/share/matuska_interface/hook/cmake_prefix_path.sh'
[0.883s] Level 1:colcon.colcon_core.environment:checking '/home/matus/ros2_ws/install/matuska_interface/lib'
[0.883s] Level 1:colcon.colcon_core.shell:create_environment_hook('matuska_interface', 'ld_library_path_lib')
[0.883s] INFO:colcon.colcon_core.shell:Creating environment hook '/home/matus/ros2_ws/install/matuska_interface/share/matuska_interface/hook/ld_library_path_lib.ps1'
[0.883s] INFO:colcon.colcon_core.shell:Creating environment descriptor '/home/matus/ros2_ws/install/matuska_interface/share/matuska_interface/hook/ld_library_path_lib.dsv'
[0.884s] INFO:colcon.colcon_core.shell:Creating environment hook '/home/matus/ros2_ws/install/matuska_interface/share/matuska_interface/hook/ld_library_path_lib.sh'
[0.884s] Level 1:colcon.colcon_core.environment:checking '/home/matus/ros2_ws/install/matuska_interface/bin'
[0.884s] Level 1:colcon.colcon_core.environment:checking '/home/matus/ros2_ws/install/matuska_interface/lib/pkgconfig/matuska_interface.pc'
[0.884s] Level 1:colcon.colcon_core.environment:checking '/home/matus/ros2_ws/install/matuska_interface/lib/python3.12/site-packages'
[0.884s] Level 1:colcon.colcon_core.shell:create_environment_hook('matuska_interface', 'pythonpath')
[0.884s] INFO:colcon.colcon_core.shell:Creating environment hook '/home/matus/ros2_ws/install/matuska_interface/share/matuska_interface/hook/pythonpath.ps1'
[0.885s] INFO:colcon.colcon_core.shell:Creating environment descriptor '/home/matus/ros2_ws/install/matuska_interface/share/matuska_interface/hook/pythonpath.dsv'
[0.885s] INFO:colcon.colcon_core.shell:Creating environment hook '/home/matus/ros2_ws/install/matuska_interface/share/matuska_interface/hook/pythonpath.sh'
[0.885s] Level 1:colcon.colcon_core.environment:checking '/home/matus/ros2_ws/install/matuska_interface/bin'
[0.885s] INFO:colcon.colcon_core.shell:Creating package script '/home/matus/ros2_ws/install/matuska_interface/share/matuska_interface/package.ps1'
[0.886s] INFO:colcon.colcon_core.shell:Creating package descriptor '/home/matus/ros2_ws/install/matuska_interface/share/matuska_interface/package.dsv'
[0.886s] INFO:colcon.colcon_core.shell:Creating package script '/home/matus/ros2_ws/install/matuska_interface/share/matuska_interface/package.sh'
[0.886s] INFO:colcon.colcon_core.shell:Creating package script '/home/matus/ros2_ws/install/matuska_interface/share/matuska_interface/package.bash'
[0.887s] INFO:colcon.colcon_core.shell:Creating package script '/home/matus/ros2_ws/install/matuska_interface/share/matuska_interface/package.zsh'
[0.887s] Level 1:colcon.colcon_core.environment:create_file_with_runtime_dependencies(/home/matus/ros2_ws/install/matuska_interface/share/colcon-core/packages/matuska_interface)
[0.902s] Level 1:colcon.colcon_core.environment:create_environment_scripts_only(rrm_msgs)
[0.902s] Level 1:colcon.colcon_core.environment:checking '/home/matus/ros2_ws/install/rrm_msgs' for CMake module files
[0.903s] DEBUG:colcon.colcon_core.event_handler.log_command:Invoked command in '/home/matus/ros2_ws/build/rrm_msgs' returned '0': CMAKE_PREFIX_PATH=${CMAKE_PREFIX_PATH}:/opt/ros/jazzy DEBUGINFOD_URLS=https://debuginfod.ubuntu.com /usr/bin/cmake --install /home/matus/ros2_ws/build/rrm_msgs
[0.903s] Level 1:colcon.colcon_core.environment:checking '/home/matus/ros2_ws/install/rrm_msgs' for CMake config files
[0.903s] Level 1:colcon.colcon_core.shell:create_environment_hook('rrm_msgs', 'cmake_prefix_path')
[0.903s] INFO:colcon.colcon_core.shell:Creating environment hook '/home/matus/ros2_ws/install/rrm_msgs/share/rrm_msgs/hook/cmake_prefix_path.ps1'
[0.904s] INFO:colcon.colcon_core.shell:Creating environment descriptor '/home/matus/ros2_ws/install/rrm_msgs/share/rrm_msgs/hook/cmake_prefix_path.dsv'
[0.904s] INFO:colcon.colcon_core.shell:Creating environment hook '/home/matus/ros2_ws/install/rrm_msgs/share/rrm_msgs/hook/cmake_prefix_path.sh'
[0.904s] Level 1:colcon.colcon_core.environment:checking '/home/matus/ros2_ws/install/rrm_msgs/lib'
[0.905s] Level 1:colcon.colcon_core.shell:create_environment_hook('rrm_msgs', 'ld_library_path_lib')
[0.905s] INFO:colcon.colcon_core.shell:Creating environment hook '/home/matus/ros2_ws/install/rrm_msgs/share/rrm_msgs/hook/ld_library_path_lib.ps1'
[0.905s] INFO:colcon.colcon_core.shell:Creating environment descriptor '/home/matus/ros2_ws/install/rrm_msgs/share/rrm_msgs/hook/ld_library_path_lib.dsv'
[0.905s] INFO:colcon.colcon_core.shell:Creating environment hook '/home/matus/ros2_ws/install/rrm_msgs/share/rrm_msgs/hook/ld_library_path_lib.sh'
[0.906s] Level 1:colcon.colcon_core.environment:checking '/home/matus/ros2_ws/install/rrm_msgs/bin'
[0.906s] Level 1:colcon.colcon_core.environment:checking '/home/matus/ros2_ws/install/rrm_msgs/lib/pkgconfig/rrm_msgs.pc'
[0.906s] Level 1:colcon.colcon_core.environment:checking '/home/matus/ros2_ws/install/rrm_msgs/lib/python3.12/site-packages'
[0.906s] Level 1:colcon.colcon_core.shell:create_environment_hook('rrm_msgs', 'pythonpath')
[0.906s] INFO:colcon.colcon_core.shell:Creating environment hook '/home/matus/ros2_ws/install/rrm_msgs/share/rrm_msgs/hook/pythonpath.ps1'
[0.906s] INFO:colcon.colcon_core.shell:Creating environment descriptor '/home/matus/ros2_ws/install/rrm_msgs/share/rrm_msgs/hook/pythonpath.dsv'
[0.907s] INFO:colcon.colcon_core.shell:Creating environment hook '/home/matus/ros2_ws/install/rrm_msgs/share/rrm_msgs/hook/pythonpath.sh'
[0.907s] Level 1:colcon.colcon_core.environment:checking '/home/matus/ros2_ws/install/rrm_msgs/bin'
[0.907s] INFO:colcon.colcon_core.shell:Creating package script '/home/matus/ros2_ws/install/rrm_msgs/share/rrm_msgs/package.ps1'
[0.908s] INFO:colcon.colcon_core.shell:Creating package descriptor '/home/matus/ros2_ws/install/rrm_msgs/share/rrm_msgs/package.dsv'
[0.908s] INFO:colcon.colcon_core.shell:Creating package script '/home/matus/ros2_ws/install/rrm_msgs/share/rrm_msgs/package.sh'
[0.908s] INFO:colcon.colcon_core.shell:Creating package script '/home/matus/ros2_ws/install/rrm_msgs/share/rrm_msgs/package.bash'
[0.909s] INFO:colcon.colcon_core.shell:Creating package script '/home/matus/ros2_ws/install/rrm_msgs/share/rrm_msgs/package.zsh'
[0.909s] Level 1:colcon.colcon_core.environment:create_file_with_runtime_dependencies(/home/matus/ros2_ws/install/rrm_msgs/share/colcon-core/packages/rrm_msgs)
[0.946s] Level 1:colcon.colcon_core.environment:create_environment_scripts_only(matuska_interface)
[0.946s] Level 1:colcon.colcon_core.environment:checking '/home/matus/ros2_ws/install/matuska_interface' for CMake module files
[0.947s] Level 1:colcon.colcon_core.environment:checking '/home/matus/ros2_ws/install/matuska_interface' for CMake config files
[0.947s] Level 1:colcon.colcon_core.shell:create_environment_hook('matuska_interface', 'cmake_prefix_path')
[0.947s] INFO:colcon.colcon_core.shell:Creating environment hook '/home/matus/ros2_ws/install/matuska_interface/share/matuska_interface/hook/cmake_prefix_path.ps1'
[0.948s] INFO:colcon.colcon_core.shell:Creating environment descriptor '/home/matus/ros2_ws/install/matuska_interface/share/matuska_interface/hook/cmake_prefix_path.dsv'
[0.948s] INFO:colcon.colcon_core.shell:Creating environment hook '/home/matus/ros2_ws/install/matuska_interface/share/matuska_interface/hook/cmake_prefix_path.sh'
[0.948s] Level 1:colcon.colcon_core.environment:checking '/home/matus/ros2_ws/install/matuska_interface/lib'
[0.948s] Level 1:colcon.colcon_core.shell:create_environment_hook('matuska_interface', 'ld_library_path_lib')
[0.948s] INFO:colcon.colcon_core.shell:Creating environment hook '/home/matus/ros2_ws/install/matuska_interface/share/matuska_interface/hook/ld_library_path_lib.ps1'
[0.949s] INFO:colcon.colcon_core.shell:Creating environment descriptor '/home/matus/ros2_ws/install/matuska_interface/share/matuska_interface/hook/ld_library_path_lib.dsv'
[0.949s] INFO:colcon.colcon_core.shell:Creating environment hook '/home/matus/ros2_ws/install/matuska_interface/share/matuska_interface/hook/ld_library_path_lib.sh'
[0.949s] Level 1:colcon.colcon_core.environment:checking '/home/matus/ros2_ws/install/matuska_interface/bin'
[0.949s] Level 1:colcon.colcon_core.environment:checking '/home/matus/ros2_ws/install/matuska_interface/lib/pkgconfig/matuska_interface.pc'
[0.949s] Level 1:colcon.colcon_core.environment:checking '/home/matus/ros2_ws/install/matuska_interface/lib/python3.12/site-packages'
[0.949s] Level 1:colcon.colcon_core.shell:create_environment_hook('matuska_interface', 'pythonpath')
[0.950s] INFO:colcon.colcon_core.shell:Creating environment hook '/home/matus/ros2_ws/install/matuska_interface/share/matuska_interface/hook/pythonpath.ps1'
[0.950s] INFO:colcon.colcon_core.shell:Creating environment descriptor '/home/matus/ros2_ws/install/matuska_interface/share/matuska_interface/hook/pythonpath.dsv'
[0.950s] INFO:colcon.colcon_core.shell:Creating environment hook '/home/matus/ros2_ws/install/matuska_interface/share/matuska_interface/hook/pythonpath.sh'
[0.950s] Level 1:colcon.colcon_core.environment:checking '/home/matus/ros2_ws/install/matuska_interface/bin'
[0.951s] INFO:colcon.colcon_core.shell:Creating package script '/home/matus/ros2_ws/install/matuska_interface/share/matuska_interface/package.ps1'
[0.951s] INFO:colcon.colcon_core.shell:Creating package descriptor '/home/matus/ros2_ws/install/matuska_interface/share/matuska_interface/package.dsv'
[0.951s] INFO:colcon.colcon_core.shell:Creating package script '/home/matus/ros2_ws/install/matuska_interface/share/matuska_interface/package.sh'
[0.952s] INFO:colcon.colcon_core.shell:Creating package script '/home/matus/ros2_ws/install/matuska_interface/share/matuska_interface/package.bash'
[0.952s] INFO:colcon.colcon_core.shell:Creating package script '/home/matus/ros2_ws/install/matuska_interface/share/matuska_interface/package.zsh'
[0.952s] Level 1:colcon.colcon_core.environment:create_file_with_runtime_dependencies(/home/matus/ros2_ws/install/matuska_interface/share/colcon-core/packages/matuska_interface)
[0.991s] Level 1:colcon.colcon_core.environment:create_environment_scripts_only(rrm_msgs)
[0.991s] Level 1:colcon.colcon_core.environment:checking '/home/matus/ros2_ws/install/rrm_msgs' for CMake module files
[0.992s] Level 1:colcon.colcon_core.environment:checking '/home/matus/ros2_ws/install/rrm_msgs' for CMake config files
[0.992s] Level 1:colcon.colcon_core.shell:create_environment_hook('rrm_msgs', 'cmake_prefix_path')
[0.992s] INFO:colcon.colcon_core.shell:Creating environment hook '/home/matus/ros2_ws/install/rrm_msgs/share/rrm_msgs/hook/cmake_prefix_path.ps1'
[0.993s] INFO:colcon.colcon_core.shell:Creating environment descriptor '/home/matus/ros2_ws/install/rrm_msgs/share/rrm_msgs/hook/cmake_prefix_path.dsv'
[0.993s] INFO:colcon.colcon_core.shell:Creating environment hook '/home/matus/ros2_ws/install/rrm_msgs/share/rrm_msgs/hook/cmake_prefix_path.sh'
[0.993s] Level 1:colcon.colcon_core.environment:checking '/home/matus/ros2_ws/install/rrm_msgs/lib'
[0.994s] Level 1:colcon.colcon_core.shell:create_environment_hook('rrm_msgs', 'ld_library_path_lib')
[0.994s] INFO:colcon.colcon_core.shell:Creating environment hook '/home/matus/ros2_ws/install/rrm_msgs/share/rrm_msgs/hook/ld_library_path_lib.ps1'
[0.994s] INFO:colcon.colcon_core.shell:Creating environment descriptor '/home/matus/ros2_ws/install/rrm_msgs/share/rrm_msgs/hook/ld_library_path_lib.dsv'
[0.994s] INFO:colcon.colcon_core.shell:Creating environment hook '/home/matus/ros2_ws/install/rrm_msgs/share/rrm_msgs/hook/ld_library_path_lib.sh'
[0.994s] Level 1:colcon.colcon_core.environment:checking '/home/matus/ros2_ws/install/rrm_msgs/bin'
[0.994s] Level 1:colcon.colcon_core.environment:checking '/home/matus/ros2_ws/install/rrm_msgs/lib/pkgconfig/rrm_msgs.pc'
[0.995s] Level 1:colcon.colcon_core.environment:checking '/home/matus/ros2_ws/install/rrm_msgs/lib/python3.12/site-packages'
[0.995s] Level 1:colcon.colcon_core.shell:create_environment_hook('rrm_msgs', 'pythonpath')
[0.995s] INFO:colcon.colcon_core.shell:Creating environment hook '/home/matus/ros2_ws/install/rrm_msgs/share/rrm_msgs/hook/pythonpath.ps1'
[0.995s] INFO:colcon.colcon_core.shell:Creating environment descriptor '/home/matus/ros2_ws/install/rrm_msgs/share/rrm_msgs/hook/pythonpath.dsv'
[0.995s] INFO:colcon.colcon_core.shell:Creating environment hook '/home/matus/ros2_ws/install/rrm_msgs/share/rrm_msgs/hook/pythonpath.sh'
[0.996s] Level 1:colcon.colcon_core.environment:checking '/home/matus/ros2_ws/install/rrm_msgs/bin'
[0.996s] INFO:colcon.colcon_core.shell:Creating package script '/home/matus/ros2_ws/install/rrm_msgs/share/rrm_msgs/package.ps1'
[0.996s] INFO:colcon.colcon_core.shell:Creating package descriptor '/home/matus/ros2_ws/install/rrm_msgs/share/rrm_msgs/package.dsv'
[0.997s] INFO:colcon.colcon_core.shell:Creating package script '/home/matus/ros2_ws/install/rrm_msgs/share/rrm_msgs/package.sh'
[0.997s] INFO:colcon.colcon_core.shell:Creating package script '/home/matus/ros2_ws/install/rrm_msgs/share/rrm_msgs/package.bash'
[0.997s] INFO:colcon.colcon_core.shell:Creating package script '/home/matus/ros2_ws/install/rrm_msgs/share/rrm_msgs/package.zsh'
[0.997s] Level 1:colcon.colcon_core.environment:create_file_with_runtime_dependencies(/home/matus/ros2_ws/install/rrm_msgs/share/colcon-core/packages/rrm_msgs)
[0.998s] INFO:colcon.colcon_ros.task.ament_cmake.build:Building ROS package in '/home/matus/ros2_ws/src/block1_matuska' with build type 'ament_cmake'
[0.998s] INFO:colcon.colcon_cmake.task.cmake.build:Building CMake package in '/home/matus/ros2_ws/src/block1_matuska'
[0.998s] INFO:colcon.colcon_core.shell:Skip shell extension 'powershell' for command environment: Not usable outside of PowerShell
[0.998s] DEBUG:colcon.colcon_core.shell:Skip shell extension 'dsv' for command environment
[1.002s] INFO:colcon.colcon_ros.task.ament_cmake.build:Building ROS package in '/home/matus/ros2_ws/src/rrm/rrm_sim' with build type 'ament_cmake'
[1.002s] INFO:colcon.colcon_cmake.task.cmake.build:Building CMake package in '/home/matus/ros2_ws/src/rrm/rrm_sim'
[1.003s] INFO:colcon.colcon_core.shell:Skip shell extension 'powershell' for command environment: Not usable outside of PowerShell
[1.003s] DEBUG:colcon.colcon_core.shell:Skip shell extension 'dsv' for command environment
[1.011s] DEBUG:colcon.colcon_core.event_handler.log_command:Invoking command in '/home/matus/ros2_ws/build/block1_matuska': CMAKE_PREFIX_PATH=/home/matus/ros2_ws/install/rrm_msgs:/home/matus/ros2_ws/install/matuska_interface:/home/matus/ros2_ws/install/rrm_simple_robot_model:/home/matus/ros2_ws/install/rrm_sim:/home/matus/ros2_ws/install/block1_matuska:/home/matus/ros2_ws/install/eigen_example:/home/matus/ros2_ws/install/cviko1:/home/matus/ros2_ws/install/cv1:/home/matus/ros2_ws/src/install/rrm_simple_robot_model:/home/matus/ros2_ws/src/install/rrm_sim:/home/matus/ros2_ws/src/install/block1_matuska:/home/matus/ros2_ws/src/install/rrm_msgs:/home/matus/ros2_ws/src/install/matuska_interface:/opt/ros/jazzy/opt/gz_math_vendor:/opt/ros/jazzy/opt/gz_utils_vendor:/opt/ros/jazzy/opt/gz_cmake_vendor:/opt/ros/jazzy DEBUGINFOD_URLS=https://debuginfod.ubuntu.com /usr/bin/cmake --build /home/matus/ros2_ws/build/block1_matuska -- -j12 -l12
[1.012s] DEBUG:colcon.colcon_core.event_handler.log_command:Invoking command in '/home/matus/ros2_ws/build/rrm_sim': CMAKE_PREFIX_PATH=/home/matus/ros2_ws/install/rrm_msgs:/home/matus/ros2_ws/install/rrm_simple_robot_model:/home/matus/ros2_ws/install/rrm_sim:/home/matus/ros2_ws/install/block1_matuska:/home/matus/ros2_ws/install/matuska_interface:/home/matus/ros2_ws/install/eigen_example:/home/matus/ros2_ws/install/cviko1:/home/matus/ros2_ws/install/cv1:/home/matus/ros2_ws/src/install/rrm_simple_robot_model:/home/matus/ros2_ws/src/install/rrm_sim:/home/matus/ros2_ws/src/install/block1_matuska:/home/matus/ros2_ws/src/install/rrm_msgs:/home/matus/ros2_ws/src/install/matuska_interface:/opt/ros/jazzy/opt/gz_math_vendor:/opt/ros/jazzy/opt/gz_utils_vendor:/opt/ros/jazzy/opt/gz_cmake_vendor:/opt/ros/jazzy DEBUGINFOD_URLS=https://debuginfod.ubuntu.com /usr/bin/cmake --build /home/matus/ros2_ws/build/rrm_sim -- -j12 -l12
[1.077s] DEBUG:colcon.colcon_core.event_handler.log_command:Invoked command in '/home/matus/ros2_ws/build/rrm_sim' returned '0': CMAKE_PREFIX_PATH=/home/matus/ros2_ws/install/rrm_msgs:/home/matus/ros2_ws/install/rrm_simple_robot_model:/home/matus/ros2_ws/install/rrm_sim:/home/matus/ros2_ws/install/block1_matuska:/home/matus/ros2_ws/install/matuska_interface:/home/matus/ros2_ws/install/eigen_example:/home/matus/ros2_ws/install/cviko1:/home/matus/ros2_ws/install/cv1:/home/matus/ros2_ws/src/install/rrm_simple_robot_model:/home/matus/ros2_ws/src/install/rrm_sim:/home/matus/ros2_ws/src/install/block1_matuska:/home/matus/ros2_ws/src/install/rrm_msgs:/home/matus/ros2_ws/src/install/matuska_interface:/opt/ros/jazzy/opt/gz_math_vendor:/opt/ros/jazzy/opt/gz_utils_vendor:/opt/ros/jazzy/opt/gz_cmake_vendor:/opt/ros/jazzy DEBUGINFOD_URLS=https://debuginfod.ubuntu.com /usr/bin/cmake --build /home/matus/ros2_ws/build/rrm_sim -- -j12 -l12
[1.106s] DEBUG:colcon.colcon_core.event_handler.log_command:Invoking command in '/home/matus/ros2_ws/build/rrm_sim': CMAKE_PREFIX_PATH=/home/matus/ros2_ws/install/rrm_msgs:/home/matus/ros2_ws/install/rrm_simple_robot_model:/home/matus/ros2_ws/install/rrm_sim:/home/matus/ros2_ws/install/block1_matuska:/home/matus/ros2_ws/install/matuska_interface:/home/matus/ros2_ws/install/eigen_example:/home/matus/ros2_ws/install/cviko1:/home/matus/ros2_ws/install/cv1:/home/matus/ros2_ws/src/install/rrm_simple_robot_model:/home/matus/ros2_ws/src/install/rrm_sim:/home/matus/ros2_ws/src/install/block1_matuska:/home/matus/ros2_ws/src/install/rrm_msgs:/home/matus/ros2_ws/src/install/matuska_interface:/opt/ros/jazzy/opt/gz_math_vendor:/opt/ros/jazzy/opt/gz_utils_vendor:/opt/ros/jazzy/opt/gz_cmake_vendor:/opt/ros/jazzy DEBUGINFOD_URLS=https://debuginfod.ubuntu.com /usr/bin/cmake --install /home/matus/ros2_ws/build/rrm_sim
[1.117s] Level 1:colcon.colcon_core.environment:create_environment_scripts_only(rrm_sim)
[1.117s] Level 1:colcon.colcon_core.environment:checking '/home/matus/ros2_ws/install/rrm_sim' for CMake module files
[1.118s] DEBUG:colcon.colcon_core.event_handler.log_command:Invoked command in '/home/matus/ros2_ws/build/rrm_sim' returned '0': CMAKE_PREFIX_PATH=/home/matus/ros2_ws/install/rrm_msgs:/home/matus/ros2_ws/install/rrm_simple_robot_model:/home/matus/ros2_ws/install/rrm_sim:/home/matus/ros2_ws/install/block1_matuska:/home/matus/ros2_ws/install/matuska_interface:/home/matus/ros2_ws/install/eigen_example:/home/matus/ros2_ws/install/cviko1:/home/matus/ros2_ws/install/cv1:/home/matus/ros2_ws/src/install/rrm_simple_robot_model:/home/matus/ros2_ws/src/install/rrm_sim:/home/matus/ros2_ws/src/install/block1_matuska:/home/matus/ros2_ws/src/install/rrm_msgs:/home/matus/ros2_ws/src/install/matuska_interface:/opt/ros/jazzy/opt/gz_math_vendor:/opt/ros/jazzy/opt/gz_utils_vendor:/opt/ros/jazzy/opt/gz_cmake_vendor:/opt/ros/jazzy DEBUGINFOD_URLS=https://debuginfod.ubuntu.com /usr/bin/cmake --install /home/matus/ros2_ws/build/rrm_sim
[1.118s] Level 1:colcon.colcon_core.environment:checking '/home/matus/ros2_ws/install/rrm_sim' for CMake config files
[1.118s] Level 1:colcon.colcon_core.shell:create_environment_hook('rrm_sim', 'cmake_prefix_path')
[1.118s] INFO:colcon.colcon_core.shell:Creating environment hook '/home/matus/ros2_ws/install/rrm_sim/share/rrm_sim/hook/cmake_prefix_path.ps1'
[1.119s] INFO:colcon.colcon_core.shell:Creating environment descriptor '/home/matus/ros2_ws/install/rrm_sim/share/rrm_sim/hook/cmake_prefix_path.dsv'
[1.119s] INFO:colcon.colcon_core.shell:Creating environment hook '/home/matus/ros2_ws/install/rrm_sim/share/rrm_sim/hook/cmake_prefix_path.sh'
[1.119s] Level 1:colcon.colcon_core.environment:checking '/home/matus/ros2_ws/install/rrm_sim/lib'
[1.119s] Level 1:colcon.colcon_core.environment:checking '/home/matus/ros2_ws/install/rrm_sim/bin'
[1.119s] Level 1:colcon.colcon_core.environment:checking '/home/matus/ros2_ws/install/rrm_sim/lib/pkgconfig/rrm_sim.pc'
[1.120s] Level 1:colcon.colcon_core.environment:checking '/home/matus/ros2_ws/install/rrm_sim/lib/python3.12/site-packages'
[1.120s] Level 1:colcon.colcon_core.environment:checking '/home/matus/ros2_ws/install/rrm_sim/bin'
[1.120s] INFO:colcon.colcon_core.shell:Creating package script '/home/matus/ros2_ws/install/rrm_sim/share/rrm_sim/package.ps1'
[1.120s] INFO:colcon.colcon_core.shell:Creating package descriptor '/home/matus/ros2_ws/install/rrm_sim/share/rrm_sim/package.dsv'
[1.120s] INFO:colcon.colcon_core.shell:Creating package script '/home/matus/ros2_ws/install/rrm_sim/share/rrm_sim/package.sh'
[1.121s] INFO:colcon.colcon_core.shell:Creating package script '/home/matus/ros2_ws/install/rrm_sim/share/rrm_sim/package.bash'
[1.121s] INFO:colcon.colcon_core.shell:Creating package script '/home/matus/ros2_ws/install/rrm_sim/share/rrm_sim/package.zsh'
[1.121s] Level 1:colcon.colcon_core.environment:create_file_with_runtime_dependencies(/home/matus/ros2_ws/install/rrm_sim/share/colcon-core/packages/rrm_sim)
[1.149s] Level 1:colcon.colcon_core.environment:create_environment_scripts_only(rrm_sim)
[1.149s] Level 1:colcon.colcon_core.environment:checking '/home/matus/ros2_ws/install/rrm_sim' for CMake module files
[1.150s] Level 1:colcon.colcon_core.environment:checking '/home/matus/ros2_ws/install/rrm_sim' for CMake config files
[1.150s] Level 1:colcon.colcon_core.shell:create_environment_hook('rrm_sim', 'cmake_prefix_path')
[1.151s] INFO:colcon.colcon_core.shell:Creating environment hook '/home/matus/ros2_ws/install/rrm_sim/share/rrm_sim/hook/cmake_prefix_path.ps1'
[1.151s] INFO:colcon.colcon_core.shell:Creating environment descriptor '/home/matus/ros2_ws/install/rrm_sim/share/rrm_sim/hook/cmake_prefix_path.dsv'
[1.151s] INFO:colcon.colcon_core.shell:Creating environment hook '/home/matus/ros2_ws/install/rrm_sim/share/rrm_sim/hook/cmake_prefix_path.sh'
[1.152s] Level 1:colcon.colcon_core.environment:checking '/home/matus/ros2_ws/install/rrm_sim/lib'
[1.152s] Level 1:colcon.colcon_core.environment:checking '/home/matus/ros2_ws/install/rrm_sim/bin'
[1.152s] Level 1:colcon.colcon_core.environment:checking '/home/matus/ros2_ws/install/rrm_sim/lib/pkgconfig/rrm_sim.pc'
[1.152s] Level 1:colcon.colcon_core.environment:checking '/home/matus/ros2_ws/install/rrm_sim/lib/python3.12/site-packages'
[1.152s] Level 1:colcon.colcon_core.environment:checking '/home/matus/ros2_ws/install/rrm_sim/bin'
[1.152s] INFO:colcon.colcon_core.shell:Creating package script '/home/matus/ros2_ws/install/rrm_sim/share/rrm_sim/package.ps1'
[1.153s] INFO:colcon.colcon_core.shell:Creating package descriptor '/home/matus/ros2_ws/install/rrm_sim/share/rrm_sim/package.dsv'
[1.153s] INFO:colcon.colcon_core.shell:Creating package script '/home/matus/ros2_ws/install/rrm_sim/share/rrm_sim/package.sh'
[1.153s] INFO:colcon.colcon_core.shell:Creating package script '/home/matus/ros2_ws/install/rrm_sim/share/rrm_sim/package.bash'
[1.154s] INFO:colcon.colcon_core.shell:Creating package script '/home/matus/ros2_ws/install/rrm_sim/share/rrm_sim/package.zsh'
[1.154s] Level 1:colcon.colcon_core.environment:create_file_with_runtime_dependencies(/home/matus/ros2_ws/install/rrm_sim/share/colcon-core/packages/rrm_sim)
[10.251s] DEBUG:colcon.colcon_core.event_handler.log_command:Invoked command in '/home/matus/ros2_ws/build/block1_matuska' returned '0': CMAKE_PREFIX_PATH=/home/matus/ros2_ws/install/rrm_msgs:/home/matus/ros2_ws/install/matuska_interface:/home/matus/ros2_ws/install/rrm_simple_robot_model:/home/matus/ros2_ws/install/rrm_sim:/home/matus/ros2_ws/install/block1_matuska:/home/matus/ros2_ws/install/eigen_example:/home/matus/ros2_ws/install/cviko1:/home/matus/ros2_ws/install/cv1:/home/matus/ros2_ws/src/install/rrm_simple_robot_model:/home/matus/ros2_ws/src/install/rrm_sim:/home/matus/ros2_ws/src/install/block1_matuska:/home/matus/ros2_ws/src/install/rrm_msgs:/home/matus/ros2_ws/src/install/matuska_interface:/opt/ros/jazzy/opt/gz_math_vendor:/opt/ros/jazzy/opt/gz_utils_vendor:/opt/ros/jazzy/opt/gz_cmake_vendor:/opt/ros/jazzy DEBUGINFOD_URLS=https://debuginfod.ubuntu.com /usr/bin/cmake --build /home/matus/ros2_ws/build/block1_matuska -- -j12 -l12
[10.284s] DEBUG:colcon.colcon_core.event_handler.log_command:Invoking command in '/home/matus/ros2_ws/build/block1_matuska': CMAKE_PREFIX_PATH=/home/matus/ros2_ws/install/rrm_msgs:/home/matus/ros2_ws/install/matuska_interface:/home/matus/ros2_ws/install/rrm_simple_robot_model:/home/matus/ros2_ws/install/rrm_sim:/home/matus/ros2_ws/install/block1_matuska:/home/matus/ros2_ws/install/eigen_example:/home/matus/ros2_ws/install/cviko1:/home/matus/ros2_ws/install/cv1:/home/matus/ros2_ws/src/install/rrm_simple_robot_model:/home/matus/ros2_ws/src/install/rrm_sim:/home/matus/ros2_ws/src/install/block1_matuska:/home/matus/ros2_ws/src/install/rrm_msgs:/home/matus/ros2_ws/src/install/matuska_interface:/opt/ros/jazzy/opt/gz_math_vendor:/opt/ros/jazzy/opt/gz_utils_vendor:/opt/ros/jazzy/opt/gz_cmake_vendor:/opt/ros/jazzy DEBUGINFOD_URLS=https://debuginfod.ubuntu.com /usr/bin/cmake --install /home/matus/ros2_ws/build/block1_matuska
[10.300s] Level 1:colcon.colcon_core.environment:create_environment_scripts_only(block1_matuska)
[10.301s] DEBUG:colcon.colcon_core.event_handler.log_command:Invoked command in '/home/matus/ros2_ws/build/block1_matuska' returned '0': CMAKE_PREFIX_PATH=/home/matus/ros2_ws/install/rrm_msgs:/home/matus/ros2_ws/install/matuska_interface:/home/matus/ros2_ws/install/rrm_simple_robot_model:/home/matus/ros2_ws/install/rrm_sim:/home/matus/ros2_ws/install/block1_matuska:/home/matus/ros2_ws/install/eigen_example:/home/matus/ros2_ws/install/cviko1:/home/matus/ros2_ws/install/cv1:/home/matus/ros2_ws/src/install/rrm_simple_robot_model:/home/matus/ros2_ws/src/install/rrm_sim:/home/matus/ros2_ws/src/install/block1_matuska:/home/matus/ros2_ws/src/install/rrm_msgs:/home/matus/ros2_ws/src/install/matuska_interface:/opt/ros/jazzy/opt/gz_math_vendor:/opt/ros/jazzy/opt/gz_utils_vendor:/opt/ros/jazzy/opt/gz_cmake_vendor:/opt/ros/jazzy DEBUGINFOD_URLS=https://debuginfod.ubuntu.com /usr/bin/cmake --install /home/matus/ros2_ws/build/block1_matuska
[10.301s] Level 1:colcon.colcon_core.environment:checking '/home/matus/ros2_ws/install/block1_matuska' for CMake module files
[10.302s] Level 1:colcon.colcon_core.environment:checking '/home/matus/ros2_ws/install/block1_matuska' for CMake config files
[10.302s] Level 1:colcon.colcon_core.shell:create_environment_hook('block1_matuska', 'cmake_prefix_path')
[10.302s] INFO:colcon.colcon_core.shell:Creating environment hook '/home/matus/ros2_ws/install/block1_matuska/share/block1_matuska/hook/cmake_prefix_path.ps1'
[10.302s] INFO:colcon.colcon_core.shell:Creating environment descriptor '/home/matus/ros2_ws/install/block1_matuska/share/block1_matuska/hook/cmake_prefix_path.dsv'
[10.302s] INFO:colcon.colcon_core.shell:Creating environment hook '/home/matus/ros2_ws/install/block1_matuska/share/block1_matuska/hook/cmake_prefix_path.sh'
[10.303s] Level 1:colcon.colcon_core.environment:checking '/home/matus/ros2_ws/install/block1_matuska/lib'
[10.303s] Level 1:colcon.colcon_core.environment:checking '/home/matus/ros2_ws/install/block1_matuska/bin'
[10.303s] Level 1:colcon.colcon_core.environment:checking '/home/matus/ros2_ws/install/block1_matuska/lib/pkgconfig/block1_matuska.pc'
[10.303s] Level 1:colcon.colcon_core.environment:checking '/home/matus/ros2_ws/install/block1_matuska/lib/python3.12/site-packages'
[10.303s] Level 1:colcon.colcon_core.environment:checking '/home/matus/ros2_ws/install/block1_matuska/bin'
[10.303s] INFO:colcon.colcon_core.shell:Creating package script '/home/matus/ros2_ws/install/block1_matuska/share/block1_matuska/package.ps1'
[10.304s] INFO:colcon.colcon_core.shell:Creating package descriptor '/home/matus/ros2_ws/install/block1_matuska/share/block1_matuska/package.dsv'
[10.304s] INFO:colcon.colcon_core.shell:Creating package script '/home/matus/ros2_ws/install/block1_matuska/share/block1_matuska/package.sh'
[10.304s] INFO:colcon.colcon_core.shell:Creating package script '/home/matus/ros2_ws/install/block1_matuska/share/block1_matuska/package.bash'
[10.304s] INFO:colcon.colcon_core.shell:Creating package script '/home/matus/ros2_ws/install/block1_matuska/share/block1_matuska/package.zsh'
[10.305s] Level 1:colcon.colcon_core.environment:create_file_with_runtime_dependencies(/home/matus/ros2_ws/install/block1_matuska/share/colcon-core/packages/block1_matuska)
[10.335s] Level 1:colcon.colcon_core.environment:create_environment_scripts_only(block1_matuska)
[10.335s] Level 1:colcon.colcon_core.environment:checking '/home/matus/ros2_ws/install/block1_matuska' for CMake module files
[10.336s] Level 1:colcon.colcon_core.environment:checking '/home/matus/ros2_ws/install/block1_matuska' for CMake config files
[10.336s] Level 1:colcon.colcon_core.shell:create_environment_hook('block1_matuska', 'cmake_prefix_path')
[10.337s] INFO:colcon.colcon_core.shell:Creating environment hook '/home/matus/ros2_ws/install/block1_matuska/share/block1_matuska/hook/cmake_prefix_path.ps1'
[10.337s] INFO:colcon.colcon_core.shell:Creating environment descriptor '/home/matus/ros2_ws/install/block1_matuska/share/block1_matuska/hook/cmake_prefix_path.dsv'
[10.337s] INFO:colcon.colcon_core.shell:Creating environment hook '/home/matus/ros2_ws/install/block1_matuska/share/block1_matuska/hook/cmake_prefix_path.sh'
[10.337s] Level 1:colcon.colcon_core.environment:checking '/home/matus/ros2_ws/install/block1_matuska/lib'
[10.338s] Level 1:colcon.colcon_core.environment:checking '/home/matus/ros2_ws/install/block1_matuska/bin'
[10.338s] Level 1:colcon.colcon_core.environment:checking '/home/matus/ros2_ws/install/block1_matuska/lib/pkgconfig/block1_matuska.pc'
[10.338s] Level 1:colcon.colcon_core.environment:checking '/home/matus/ros2_ws/install/block1_matuska/lib/python3.12/site-packages'
[10.338s] Level 1:colcon.colcon_core.environment:checking '/home/matus/ros2_ws/install/block1_matuska/bin'
[10.338s] INFO:colcon.colcon_core.shell:Creating package script '/home/matus/ros2_ws/install/block1_matuska/share/block1_matuska/package.ps1'
[10.338s] INFO:colcon.colcon_core.shell:Creating package descriptor '/home/matus/ros2_ws/install/block1_matuska/share/block1_matuska/package.dsv'
[10.339s] INFO:colcon.colcon_core.shell:Creating package script '/home/matus/ros2_ws/install/block1_matuska/share/block1_matuska/package.sh'
[10.339s] INFO:colcon.colcon_core.shell:Creating package script '/home/matus/ros2_ws/install/block1_matuska/share/block1_matuska/package.bash'
[10.339s] INFO:colcon.colcon_core.shell:Creating package script '/home/matus/ros2_ws/install/block1_matuska/share/block1_matuska/package.zsh'
[10.339s] Level 1:colcon.colcon_core.environment:create_file_with_runtime_dependencies(/home/matus/ros2_ws/install/block1_matuska/share/colcon-core/packages/block1_matuska)
[10.340s] DEBUG:colcon.colcon_parallel_executor.executor.parallel:closing loop
[10.340s] DEBUG:colcon.colcon_parallel_executor.executor.parallel:loop closed
[10.340s] DEBUG:colcon.colcon_parallel_executor.executor.parallel:run_until_complete finished with '0'
[10.340s] DEBUG:colcon.colcon_core.event_reactor:joining thread
[10.345s] INFO:colcon.colcon_core.plugin_system:Skipping extension 'colcon_notification.desktop_notification.terminal_notifier': Not used on non-Darwin systems
[10.345s] INFO:colcon.colcon_core.plugin_system:Skipping extension 'colcon_notification.desktop_notification.win32': Not used on non-Windows systems
[10.345s] INFO:colcon.colcon_notification.desktop_notification:Sending desktop notification using 'notify2'
[10.355s] DEBUG:colcon.colcon_core.event_reactor:joined thread
[10.356s] INFO:colcon.colcon_core.shell:Creating prefix script '/home/matus/ros2_ws/install/local_setup.ps1'
[10.357s] INFO:colcon.colcon_core.shell:Creating prefix util module '/home/matus/ros2_ws/install/_local_setup_util_ps1.py'
[10.357s] INFO:colcon.colcon_core.shell:Creating prefix chain script '/home/matus/ros2_ws/install/setup.ps1'
[10.358s] INFO:colcon.colcon_core.shell:Creating prefix script '/home/matus/ros2_ws/install/local_setup.sh'
[10.359s] INFO:colcon.colcon_core.shell:Creating prefix util module '/home/matus/ros2_ws/install/_local_setup_util_sh.py'
[10.359s] INFO:colcon.colcon_core.shell:Creating prefix chain script '/home/matus/ros2_ws/install/setup.sh'
[10.360s] INFO:colcon.colcon_core.shell:Creating prefix script '/home/matus/ros2_ws/install/local_setup.bash'
[10.360s] INFO:colcon.colcon_core.shell:Creating prefix chain script '/home/matus/ros2_ws/install/setup.bash'
[10.361s] INFO:colcon.colcon_core.shell:Creating prefix script '/home/matus/ros2_ws/install/local_setup.zsh'
[10.361s] INFO:colcon.colcon_core.shell:Creating prefix chain script '/home/matus/ros2_ws/install/setup.zsh'
