[0.019s] Invoking command in '/home/matus/ros2_ws/build/rrm_msgs': CMAKE_PREFIX_PATH=${CMAKE_PREFIX_PATH}:/opt/ros/jazzy DEBUGINFOD_URLS=https://debuginfod.ubuntu.com /usr/bin/cmake --build /home/matus/ros2_ws/build/rrm_msgs -- -j12 -l12
[0.078s] [  2%] Built target rrm_msgs__rosidl_generator_type_description
[0.089s] [  2%] Built target ament_cmake_python_copy_rrm_msgs
[0.101s] [  4%] Built target rrm_msgs__cpp
[0.103s] [ 22%] Built target rrm_msgs__rosidl_generator_c
[0.133s] [ 40%] Built target rrm_msgs__rosidl_typesupport_introspection_cpp
[0.133s] [ 40%] Built target rrm_msgs__rosidl_typesupport_c
[0.134s] [ 50%] Built target rrm_msgs__rosidl_typesupport_introspection_c
[0.135s] [ 59%] Built target rrm_msgs__rosidl_typesupport_cpp
[0.138s] [ 77%] Built target rrm_msgs__rosidl_typesupport_fastrtps_c
[0.139s] [ 77%] Built target rrm_msgs__rosidl_typesupport_fastrtps_cpp
[0.163s] [ 77%] Built target rrm_msgs
[0.190s] [ 79%] Built target rrm_msgs__py
[0.219s] [ 86%] Built target rrm_msgs__rosidl_generator_py
[0.246s] [100%] Built target rrm_msgs_s__rosidl_typesupport_introspection_c
[0.246s] [100%] Built target rrm_msgs_s__rosidl_typesupport_fastrtps_c
[0.247s] [100%] Built target rrm_msgs_s__rosidl_typesupport_c
[0.346s] running egg_info
[0.370s] writing rrm_msgs.egg-info/PKG-INFO
[0.370s] writing dependency_links to rrm_msgs.egg-info/dependency_links.txt
[0.370s] writing top-level names to rrm_msgs.egg-info/top_level.txt
[0.433s] reading manifest file 'rrm_msgs.egg-info/SOURCES.txt'
[0.433s] writing manifest file 'rrm_msgs.egg-info/SOURCES.txt'
[0.461s] [100%] Built target ament_cmake_python_build_rrm_msgs_egg
