[0.075s] Invoking command in '/home/matus/ros2_ws/build/abb_model': CMAKE_PREFIX_PATH=${CMAKE_PREFIX_PATH}:/opt/ros/jazzy DEBUGINFOD_URLS=https://debuginfod.ubuntu.com /usr/bin/cmake --build /home/matus/ros2_ws/build/abb_model -- -j12 -l12
[0.189s] Invoked command in '/home/matus/ros2_ws/build/abb_model' returned '0': CMAKE_PREFIX_PATH=${CMAKE_PREFIX_PATH}:/opt/ros/jazzy DEBUGINFOD_URLS=https://debuginfod.ubuntu.com /usr/bin/cmake --build /home/matus/ros2_ws/build/abb_model -- -j12 -l12
[0.286s] Invoking command in '/home/matus/ros2_ws/build/abb_model': CMAKE_PREFIX_PATH=${CMAKE_PREFIX_PATH}:/opt/ros/jazzy DEBUGINFOD_URLS=https://debuginfod.ubuntu.com /usr/bin/cmake --install /home/matus/ros2_ws/build/abb_model
[0.315s] -- Install configuration: ""
[0.316s] -- Up-to-date: /home/matus/ros2_ws/install/abb_model/share/abb_model/urdf
[0.317s] -- Up-to-date: /home/matus/ros2_ws/install/abb_model/share/abb_model/urdf/abb_irb4600_60_205.xacro
[0.318s] -- Up-to-date: /home/matus/ros2_ws/install/abb_model/share/abb_model/urdf/robot.urdf
[0.318s] -- Up-to-date: /home/matus/ros2_ws/install/abb_model/share/abb_model/urdf/abb_irb4600_60_205_macro.xacro
[0.319s] -- Up-to-date: /home/matus/ros2_ws/install/abb_model/share/abb_model/urdf/camera_macro.xacro
[0.320s] -- Up-to-date: /home/matus/ros2_ws/install/abb_model/share/abb_model/urdf/camera.xacro
[0.320s] -- Up-to-date: /home/matus/ros2_ws/install/abb_model/share/abb_model/config
[0.320s] -- Up-to-date: /home/matus/ros2_ws/install/abb_model/share/abb_model/config/urdf.rviz
[0.320s] -- Up-to-date: /home/matus/ros2_ws/install/abb_model/share/abb_model/launch
[0.320s] -- Up-to-date: /home/matus/ros2_ws/install/abb_model/share/abb_model/launch/rsp_irb4600.launch.xml
[0.323s] -- Up-to-date: /home/matus/ros2_ws/install/abb_model/share/abb_model/launch/rsp_irb4600.launch.py
[0.324s] -- Up-to-date: /home/matus/ros2_ws/install/abb_model/share/abb_model/launch/test_irb4600.launch.xml
[0.324s] -- Up-to-date: /home/matus/ros2_ws/install/abb_model/share/abb_model/launch/test_irb4600.launch.py
[0.324s] -- Up-to-date: /home/matus/ros2_ws/install/abb_model/share/abb_model/meshes
[0.324s] -- Up-to-date: /home/matus/ros2_ws/install/abb_model/share/abb_model/meshes/abb_irb4600_60_205
[0.324s] -- Up-to-date: /home/matus/ros2_ws/install/abb_model/share/abb_model/meshes/abb_irb4600_60_205/collision
[0.325s] -- Up-to-date: /home/matus/ros2_ws/install/abb_model/share/abb_model/meshes/abb_irb4600_60_205/collision/link_6.stl
[0.325s] -- Up-to-date: /home/matus/ros2_ws/install/abb_model/share/abb_model/meshes/abb_irb4600_60_205/collision/link_4.stl
[0.325s] -- Up-to-date: /home/matus/ros2_ws/install/abb_model/share/abb_model/meshes/abb_irb4600_60_205/collision/link_3.stl
[0.326s] -- Up-to-date: /home/matus/ros2_ws/install/abb_model/share/abb_model/meshes/abb_irb4600_60_205/collision/link_1.stl
[0.326s] -- Up-to-date: /home/matus/ros2_ws/install/abb_model/share/abb_model/meshes/abb_irb4600_60_205/collision/link_2.stl
[0.327s] -- Up-to-date: /home/matus/ros2_ws/install/abb_model/share/abb_model/meshes/abb_irb4600_60_205/collision/base_link.stl
[0.327s] -- Up-to-date: /home/matus/ros2_ws/install/abb_model/share/abb_model/meshes/abb_irb4600_60_205/collision/mount.stl
[0.327s] -- Up-to-date: /home/matus/ros2_ws/install/abb_model/share/abb_model/meshes/abb_irb4600_60_205/collision/link_5.stl
[0.327s] -- Up-to-date: /home/matus/ros2_ws/install/abb_model/share/abb_model/meshes/abb_irb4600_60_205/visual
[0.328s] -- Up-to-date: /home/matus/ros2_ws/install/abb_model/share/abb_model/meshes/abb_irb4600_60_205/visual/link_6.stl
[0.328s] -- Up-to-date: /home/matus/ros2_ws/install/abb_model/share/abb_model/meshes/abb_irb4600_60_205/visual/link_4.stl
[0.328s] -- Up-to-date: /home/matus/ros2_ws/install/abb_model/share/abb_model/meshes/abb_irb4600_60_205/visual/link_3.stl
[0.329s] -- Up-to-date: /home/matus/ros2_ws/install/abb_model/share/abb_model/meshes/abb_irb4600_60_205/visual/link_1.stl
[0.329s] -- Up-to-date: /home/matus/ros2_ws/install/abb_model/share/abb_model/meshes/abb_irb4600_60_205/visual/link_2.stl
[0.329s] -- Up-to-date: /home/matus/ros2_ws/install/abb_model/share/abb_model/meshes/abb_irb4600_60_205/visual/base_link.stl
[0.329s] -- Up-to-date: /home/matus/ros2_ws/install/abb_model/share/abb_model/meshes/abb_irb4600_60_205/visual/mount.stl
[0.329s] -- Up-to-date: /home/matus/ros2_ws/install/abb_model/share/abb_model/meshes/abb_irb4600_60_205/visual/link_5.stl
[0.329s] -- Up-to-date: /home/matus/ros2_ws/install/abb_model/share/abb_model/meshes/kinect
[0.330s] -- Up-to-date: /home/matus/ros2_ws/install/abb_model/share/abb_model/meshes/kinect/collision
[0.330s] -- Up-to-date: /home/matus/ros2_ws/install/abb_model/share/abb_model/meshes/kinect/collision/kinect_sensor.stl
[0.330s] -- Up-to-date: /home/matus/ros2_ws/install/abb_model/share/abb_model/meshes/kinect/collision/kinect_sensor_empty.stl
[0.330s] -- Up-to-date: /home/matus/ros2_ws/install/abb_model/share/abb_model/meshes/kinect/visual
[0.330s] -- Up-to-date: /home/matus/ros2_ws/install/abb_model/share/abb_model/meshes/kinect/visual/kinect_sensor.stl
[0.330s] -- Up-to-date: /home/matus/ros2_ws/install/abb_model/share/abb_model/meshes/kinect/visual/kinect_sensor_empty.stl
[0.330s] -- Up-to-date: /home/matus/ros2_ws/install/abb_model/share/ament_index/resource_index/package_run_dependencies/abb_model
[0.331s] -- Up-to-date: /home/matus/ros2_ws/install/abb_model/share/ament_index/resource_index/parent_prefix_path/abb_model
[0.331s] -- Up-to-date: /home/matus/ros2_ws/install/abb_model/share/abb_model/environment/ament_prefix_path.sh
[0.331s] -- Up-to-date: /home/matus/ros2_ws/install/abb_model/share/abb_model/environment/ament_prefix_path.dsv
[0.331s] -- Up-to-date: /home/matus/ros2_ws/install/abb_model/share/abb_model/environment/path.sh
[0.331s] -- Up-to-date: /home/matus/ros2_ws/install/abb_model/share/abb_model/environment/path.dsv
[0.331s] -- Up-to-date: /home/matus/ros2_ws/install/abb_model/share/abb_model/local_setup.bash
[0.332s] -- Up-to-date: /home/matus/ros2_ws/install/abb_model/share/abb_model/local_setup.sh
[0.332s] -- Up-to-date: /home/matus/ros2_ws/install/abb_model/share/abb_model/local_setup.zsh
[0.335s] -- Up-to-date: /home/matus/ros2_ws/install/abb_model/share/abb_model/local_setup.dsv
[0.335s] -- Installing: /home/matus/ros2_ws/install/abb_model/share/abb_model/package.dsv
[0.336s] -- Up-to-date: /home/matus/ros2_ws/install/abb_model/share/ament_index/resource_index/packages/abb_model
[0.339s] -- Up-to-date: /home/matus/ros2_ws/install/abb_model/share/abb_model/cmake/abb_modelConfig.cmake
[0.339s] -- Up-to-date: /home/matus/ros2_ws/install/abb_model/share/abb_model/cmake/abb_modelConfig-version.cmake
[0.339s] -- Up-to-date: /home/matus/ros2_ws/install/abb_model/share/abb_model/package.xml
[0.366s] Invoked command in '/home/matus/ros2_ws/build/abb_model' returned '0': CMAKE_PREFIX_PATH=${CMAKE_PREFIX_PATH}:/opt/ros/jazzy DEBUGINFOD_URLS=https://debuginfod.ubuntu.com /usr/bin/cmake --install /home/matus/ros2_ws/build/abb_model
