[0.031s] Invoking command in '/home/matus/ros2_ws/build/abb_irb4600_ikfast': CMAKE_PREFIX_PATH=${CMAKE_PREFIX_PATH}:/opt/ros/jazzy DEBUGINFOD_URLS=https://debuginfod.ubuntu.com /usr/bin/cmake --build /home/matus/ros2_ws/build/abb_irb4600_ikfast -- -j12 -l12
[0.244s] [100%] Built target abb_irb4600_ikfast
[0.331s] Invoked command in '/home/matus/ros2_ws/build/abb_irb4600_ikfast' returned '0': CMAKE_PREFIX_PATH=${CMAKE_PREFIX_PATH}:/opt/ros/jazzy DEBUGINFOD_URLS=https://debuginfod.ubuntu.com /usr/bin/cmake --build /home/matus/ros2_ws/build/abb_irb4600_ikfast -- -j12 -l12
[0.640s] Invoking command in '/home/matus/ros2_ws/build/abb_irb4600_ikfast': CMAKE_PREFIX_PATH=${CMAKE_PREFIX_PATH}:/opt/ros/jazzy DEBUGINFOD_URLS=https://debuginfod.ubuntu.com /usr/bin/cmake --install /home/matus/ros2_ws/build/abb_irb4600_ikfast
[0.692s] -- Install configuration: ""
[0.692s] -- Up-to-date: /home/matus/ros2_ws/install/abb_irb4600_ikfast/include/abb_irb4600_ikfast
[0.693s] -- Up-to-date: /home/matus/ros2_ws/install/abb_irb4600_ikfast/include/abb_irb4600_ikfast/abb_irb4600_ikfast
[0.694s] -- Up-to-date: /home/matus/ros2_ws/install/abb_irb4600_ikfast/include/abb_irb4600_ikfast/abb_irb4600_ikfast/abb_irb4600_ikfast.h
[0.695s] -- Up-to-date: /home/matus/ros2_ws/install/abb_irb4600_ikfast/lib/libabb_irb4600_ikfast.a
[0.703s] -- Up-to-date: /home/matus/ros2_ws/install/abb_irb4600_ikfast/share/abb_irb4600_ikfast/environment/library_path.sh
[0.705s] -- Up-to-date: /home/matus/ros2_ws/install/abb_irb4600_ikfast/share/abb_irb4600_ikfast/environment/library_path.dsv
[0.706s] -- Up-to-date: /home/matus/ros2_ws/install/abb_irb4600_ikfast/share/ament_index/resource_index/package_run_dependencies/abb_irb4600_ikfast
[0.706s] -- Up-to-date: /home/matus/ros2_ws/install/abb_irb4600_ikfast/share/ament_index/resource_index/parent_prefix_path/abb_irb4600_ikfast
[0.706s] -- Up-to-date: /home/matus/ros2_ws/install/abb_irb4600_ikfast/share/abb_irb4600_ikfast/environment/ament_prefix_path.sh
[0.706s] -- Up-to-date: /home/matus/ros2_ws/install/abb_irb4600_ikfast/share/abb_irb4600_ikfast/environment/ament_prefix_path.dsv
[0.706s] -- Up-to-date: /home/matus/ros2_ws/install/abb_irb4600_ikfast/share/abb_irb4600_ikfast/environment/path.sh
[0.706s] -- Up-to-date: /home/matus/ros2_ws/install/abb_irb4600_ikfast/share/abb_irb4600_ikfast/environment/path.dsv
[0.707s] -- Up-to-date: /home/matus/ros2_ws/install/abb_irb4600_ikfast/share/abb_irb4600_ikfast/local_setup.bash
[0.707s] -- Up-to-date: /home/matus/ros2_ws/install/abb_irb4600_ikfast/share/abb_irb4600_ikfast/local_setup.sh
[0.707s] -- Up-to-date: /home/matus/ros2_ws/install/abb_irb4600_ikfast/share/abb_irb4600_ikfast/local_setup.zsh
[0.707s] -- Up-to-date: /home/matus/ros2_ws/install/abb_irb4600_ikfast/share/abb_irb4600_ikfast/local_setup.dsv
[0.707s] -- Installing: /home/matus/ros2_ws/install/abb_irb4600_ikfast/share/abb_irb4600_ikfast/package.dsv
[0.707s] -- Up-to-date: /home/matus/ros2_ws/install/abb_irb4600_ikfast/share/ament_index/resource_index/packages/abb_irb4600_ikfast
[0.707s] -- Up-to-date: /home/matus/ros2_ws/install/abb_irb4600_ikfast/share/abb_irb4600_ikfast/cmake/ament_cmake_export_include_directories-extras.cmake
[0.708s] -- Up-to-date: /home/matus/ros2_ws/install/abb_irb4600_ikfast/share/abb_irb4600_ikfast/cmake/ament_cmake_export_libraries-extras.cmake
[0.709s] -- Up-to-date: /home/matus/ros2_ws/install/abb_irb4600_ikfast/share/abb_irb4600_ikfast/cmake/abb_irb4600_ikfastConfig.cmake
[0.710s] -- Up-to-date: /home/matus/ros2_ws/install/abb_irb4600_ikfast/share/abb_irb4600_ikfast/cmake/abb_irb4600_ikfastConfig-version.cmake
[0.711s] -- Up-to-date: /home/matus/ros2_ws/install/abb_irb4600_ikfast/share/abb_irb4600_ikfast/package.xml
[0.760s] Invoked command in '/home/matus/ros2_ws/build/abb_irb4600_ikfast' returned '0': CMAKE_PREFIX_PATH=${CMAKE_PREFIX_PATH}:/opt/ros/jazzy DEBUGINFOD_URLS=https://debuginfod.ubuntu.com /usr/bin/cmake --install /home/matus/ros2_ws/build/abb_irb4600_ikfast
