[0.086s] DEBUG:colcon:Command line arguments: ['/usr/bin/colcon', 'build']
[0.086s] DEBUG:colcon:Parsed command line arguments: Namespace(log_base=None, log_level=None, verb_name='build', build_base='build', install_base='install', merge_install=False, symlink_install=False, test_result_base=None, continue_on_error=False, executor='parallel', parallel_workers=12, event_handlers=None, ignore_user_meta=False, metas=['./colcon.meta'], base_paths=['.'], packages_ignore=None, packages_ignore_regex=None, paths=None, packages_up_to=None, packages_up_to_regex=None, packages_above=None, packages_above_and_dependencies=None, packages_above_depth=None, packages_select_by_dep=None, packages_skip_by_dep=None, packages_skip_up_to=None, packages_select_build_failed=False, packages_skip_build_finished=False, packages_select_test_failures=False, packages_skip_test_passed=False, packages_select=None, packages_skip=None, packages_select_regex=None, packages_skip_regex=None, packages_start=None, packages_end=None, allow_overriding=[], cmake_args=None, cmake_target=None, cmake_target_skip_unavailable=False, cmake_clean_cache=False, cmake_clean_first=False, cmake_force_configure=False, ament_cmake_args=None, catkin_cmake_args=None, catkin_skip_building_tests=False, mixin_files=None, mixin=None, verb_parser=<colcon_mixin.mixin.mixin_argument.MixinArgumentDecorator object at 0x7b33fe98e390>, verb_extension=<colcon_core.verb.build.BuildVerb object at 0x7b33feab0fb0>, main=<bound method BuildVerb.main of <colcon_core.verb.build.BuildVerb object at 0x7b33feab0fb0>>, mixin_verb=('build',))
[0.115s] Level 1:colcon.colcon_core.package_discovery:discover_packages(colcon_meta) check parameters
[0.115s] Level 1:colcon.colcon_core.package_discovery:discover_packages(recursive) check parameters
[0.115s] Level 1:colcon.colcon_core.package_discovery:discover_packages(ignore) check parameters
[0.115s] Level 1:colcon.colcon_core.package_discovery:discover_packages(path) check parameters
[0.115s] Level 1:colcon.colcon_core.package_discovery:discover_packages(colcon_meta) discover
[0.115s] Level 1:colcon.colcon_core.package_discovery:discover_packages(recursive) discover
[0.115s] INFO:colcon.colcon_core.package_discovery:Crawling recursively for packages in '/home/matus/ros2_ws/src'
[0.115s] Level 1:colcon.colcon_core.package_identification:_identify(.) by extensions ['ignore', 'ignore_ament_install']
[0.115s] Level 1:colcon.colcon_core.package_identification:_identify(.) by extension 'ignore'
[0.115s] Level 1:colcon.colcon_core.package_identification:_identify(.) by extension 'ignore_ament_install'
[0.115s] Level 1:colcon.colcon_core.package_identification:_identify(.) by extensions ['colcon_pkg']
[0.115s] Level 1:colcon.colcon_core.package_identification:_identify(.) by extension 'colcon_pkg'
[0.115s] Level 1:colcon.colcon_core.package_identification:_identify(.) by extensions ['colcon_meta']
[0.115s] Level 1:colcon.colcon_core.package_identification:_identify(.) by extension 'colcon_meta'
[0.115s] Level 1:colcon.colcon_core.package_identification:_identify(.) by extensions ['ros']
[0.115s] Level 1:colcon.colcon_core.package_identification:_identify(.) by extension 'ros'
[0.135s] Level 1:colcon.colcon_core.package_identification:_identify(.) by extensions ['cmake', 'python']
[0.135s] Level 1:colcon.colcon_core.package_identification:_identify(.) by extension 'cmake'
[0.135s] Level 1:colcon.colcon_core.package_identification:_identify(.) by extension 'python'
[0.135s] Level 1:colcon.colcon_core.package_identification:_identify(.) by extensions ['python_setup_py']
[0.135s] Level 1:colcon.colcon_core.package_identification:_identify(.) by extension 'python_setup_py'
[0.135s] Level 1:colcon.colcon_core.package_identification:_identify(block1_matuska) by extensions ['ignore', 'ignore_ament_install']
[0.135s] Level 1:colcon.colcon_core.package_identification:_identify(block1_matuska) by extension 'ignore'
[0.135s] Level 1:colcon.colcon_core.package_identification:_identify(block1_matuska) by extension 'ignore_ament_install'
[0.135s] Level 1:colcon.colcon_core.package_identification:_identify(block1_matuska) by extensions ['colcon_pkg']
[0.135s] Level 1:colcon.colcon_core.package_identification:_identify(block1_matuska) by extension 'colcon_pkg'
[0.135s] Level 1:colcon.colcon_core.package_identification:_identify(block1_matuska) by extensions ['colcon_meta']
[0.135s] Level 1:colcon.colcon_core.package_identification:_identify(block1_matuska) by extension 'colcon_meta'
[0.135s] Level 1:colcon.colcon_core.package_identification:_identify(block1_matuska) by extensions ['ros']
[0.135s] Level 1:colcon.colcon_core.package_identification:_identify(block1_matuska) by extension 'ros'
[0.137s] DEBUG:colcon.colcon_core.package_identification:Package 'block1_matuska' with type 'ros.ament_cmake' and name 'block1_matuska'
[0.137s] Level 1:colcon.colcon_core.package_identification:_identify(build) by extensions ['ignore', 'ignore_ament_install']
[0.137s] Level 1:colcon.colcon_core.package_identification:_identify(build) by extension 'ignore'
[0.137s] Level 1:colcon.colcon_core.package_identification:_identify(build) ignored
[0.137s] Level 1:colcon.colcon_core.package_identification:_identify(install) by extensions ['ignore', 'ignore_ament_install']
[0.137s] Level 1:colcon.colcon_core.package_identification:_identify(install) by extension 'ignore'
[0.137s] Level 1:colcon.colcon_core.package_identification:_identify(install) ignored
[0.137s] Level 1:colcon.colcon_core.package_identification:_identify(log) by extensions ['ignore', 'ignore_ament_install']
[0.137s] Level 1:colcon.colcon_core.package_identification:_identify(log) by extension 'ignore'
[0.137s] Level 1:colcon.colcon_core.package_identification:_identify(log) ignored
[0.137s] Level 1:colcon.colcon_core.package_identification:_identify(rrm) by extensions ['ignore', 'ignore_ament_install']
[0.138s] Level 1:colcon.colcon_core.package_identification:_identify(rrm) by extension 'ignore'
[0.138s] Level 1:colcon.colcon_core.package_identification:_identify(rrm) by extension 'ignore_ament_install'
[0.138s] Level 1:colcon.colcon_core.package_identification:_identify(rrm) by extensions ['colcon_pkg']
[0.138s] Level 1:colcon.colcon_core.package_identification:_identify(rrm) by extension 'colcon_pkg'
[0.138s] Level 1:colcon.colcon_core.package_identification:_identify(rrm) by extensions ['colcon_meta']
[0.138s] Level 1:colcon.colcon_core.package_identification:_identify(rrm) by extension 'colcon_meta'
[0.138s] Level 1:colcon.colcon_core.package_identification:_identify(rrm) by extensions ['ros']
[0.138s] Level 1:colcon.colcon_core.package_identification:_identify(rrm) by extension 'ros'
[0.138s] Level 1:colcon.colcon_core.package_identification:_identify(rrm) by extensions ['cmake', 'python']
[0.138s] Level 1:colcon.colcon_core.package_identification:_identify(rrm) by extension 'cmake'
[0.138s] Level 1:colcon.colcon_core.package_identification:_identify(rrm) by extension 'python'
[0.138s] Level 1:colcon.colcon_core.package_identification:_identify(rrm) by extensions ['python_setup_py']
[0.138s] Level 1:colcon.colcon_core.package_identification:_identify(rrm) by extension 'python_setup_py'
[0.138s] Level 1:colcon.colcon_core.package_identification:_identify(rrm/rrm_msgs) by extensions ['ignore', 'ignore_ament_install']
[0.138s] Level 1:colcon.colcon_core.package_identification:_identify(rrm/rrm_msgs) by extension 'ignore'
[0.138s] Level 1:colcon.colcon_core.package_identification:_identify(rrm/rrm_msgs) by extension 'ignore_ament_install'
[0.138s] Level 1:colcon.colcon_core.package_identification:_identify(rrm/rrm_msgs) by extensions ['colcon_pkg']
[0.138s] Level 1:colcon.colcon_core.package_identification:_identify(rrm/rrm_msgs) by extension 'colcon_pkg'
[0.138s] Level 1:colcon.colcon_core.package_identification:_identify(rrm/rrm_msgs) by extensions ['colcon_meta']
[0.138s] Level 1:colcon.colcon_core.package_identification:_identify(rrm/rrm_msgs) by extension 'colcon_meta'
[0.138s] Level 1:colcon.colcon_core.package_identification:_identify(rrm/rrm_msgs) by extensions ['ros']
[0.138s] Level 1:colcon.colcon_core.package_identification:_identify(rrm/rrm_msgs) by extension 'ros'
[0.139s] DEBUG:colcon.colcon_core.package_identification:Package 'rrm/rrm_msgs' with type 'ros.ament_cmake' and name 'rrm_msgs'
[0.139s] Level 1:colcon.colcon_core.package_identification:_identify(rrm/rrm_sim) by extensions ['ignore', 'ignore_ament_install']
[0.139s] Level 1:colcon.colcon_core.package_identification:_identify(rrm/rrm_sim) by extension 'ignore'
[0.139s] Level 1:colcon.colcon_core.package_identification:_identify(rrm/rrm_sim) by extension 'ignore_ament_install'
[0.139s] Level 1:colcon.colcon_core.package_identification:_identify(rrm/rrm_sim) by extensions ['colcon_pkg']
[0.139s] Level 1:colcon.colcon_core.package_identification:_identify(rrm/rrm_sim) by extension 'colcon_pkg'
[0.139s] Level 1:colcon.colcon_core.package_identification:_identify(rrm/rrm_sim) by extensions ['colcon_meta']
[0.139s] Level 1:colcon.colcon_core.package_identification:_identify(rrm/rrm_sim) by extension 'colcon_meta'
[0.139s] Level 1:colcon.colcon_core.package_identification:_identify(rrm/rrm_sim) by extensions ['ros']
[0.139s] Level 1:colcon.colcon_core.package_identification:_identify(rrm/rrm_sim) by extension 'ros'
[0.139s] DEBUG:colcon.colcon_core.package_identification:Package 'rrm/rrm_sim' with type 'ros.ament_cmake' and name 'rrm_sim'
[0.139s] Level 1:colcon.colcon_core.package_identification:_identify(rrm/rrm_simple_robot_model) by extensions ['ignore', 'ignore_ament_install']
[0.139s] Level 1:colcon.colcon_core.package_identification:_identify(rrm/rrm_simple_robot_model) by extension 'ignore'
[0.139s] Level 1:colcon.colcon_core.package_identification:_identify(rrm/rrm_simple_robot_model) by extension 'ignore_ament_install'
[0.139s] Level 1:colcon.colcon_core.package_identification:_identify(rrm/rrm_simple_robot_model) by extensions ['colcon_pkg']
[0.139s] Level 1:colcon.colcon_core.package_identification:_identify(rrm/rrm_simple_robot_model) by extension 'colcon_pkg'
[0.140s] Level 1:colcon.colcon_core.package_identification:_identify(rrm/rrm_simple_robot_model) by extensions ['colcon_meta']
[0.140s] Level 1:colcon.colcon_core.package_identification:_identify(rrm/rrm_simple_robot_model) by extension 'colcon_meta'
[0.140s] Level 1:colcon.colcon_core.package_identification:_identify(rrm/rrm_simple_robot_model) by extensions ['ros']
[0.140s] Level 1:colcon.colcon_core.package_identification:_identify(rrm/rrm_simple_robot_model) by extension 'ros'
[0.140s] DEBUG:colcon.colcon_core.package_identification:Package 'rrm/rrm_simple_robot_model' with type 'ros.ament_cmake' and name 'rrm_simple_robot_model'
[0.140s] Level 1:colcon.colcon_core.package_discovery:discover_packages(recursive) using defaults
[0.140s] Level 1:colcon.colcon_core.package_discovery:discover_packages(ignore) discover
[0.140s] Level 1:colcon.colcon_core.package_discovery:discover_packages(ignore) using defaults
[0.140s] Level 1:colcon.colcon_core.package_discovery:discover_packages(path) discover
[0.140s] Level 1:colcon.colcon_core.package_discovery:discover_packages(path) using defaults
[0.153s] Level 1:colcon.colcon_core.package_discovery:discover_packages(prefix_path) check parameters
[0.153s] Level 1:colcon.colcon_core.package_discovery:discover_packages(prefix_path) discover
[0.155s] DEBUG:colcon.colcon_installed_package_information.package_discovery:Found 6 installed packages in /home/matus/ros2_ws/install
[0.156s] DEBUG:colcon.colcon_installed_package_information.package_discovery:Found 285 installed packages in /opt/ros/jazzy
[0.156s] Level 1:colcon.colcon_core.package_discovery:discover_packages(prefix_path) using defaults
[0.188s] Level 5:colcon.colcon_core.verb:set package 'rrm_msgs' build argument 'cmake_args' from command line to 'None'
[0.188s] Level 5:colcon.colcon_core.verb:set package 'rrm_msgs' build argument 'cmake_target' from command line to 'None'
[0.188s] Level 5:colcon.colcon_core.verb:set package 'rrm_msgs' build argument 'cmake_target_skip_unavailable' from command line to 'False'
[0.188s] Level 5:colcon.colcon_core.verb:set package 'rrm_msgs' build argument 'cmake_clean_cache' from command line to 'False'
[0.188s] Level 5:colcon.colcon_core.verb:set package 'rrm_msgs' build argument 'cmake_clean_first' from command line to 'False'
[0.188s] Level 5:colcon.colcon_core.verb:set package 'rrm_msgs' build argument 'cmake_force_configure' from command line to 'False'
[0.188s] Level 5:colcon.colcon_core.verb:set package 'rrm_msgs' build argument 'ament_cmake_args' from command line to 'None'
[0.188s] Level 5:colcon.colcon_core.verb:set package 'rrm_msgs' build argument 'catkin_cmake_args' from command line to 'None'
[0.188s] Level 5:colcon.colcon_core.verb:set package 'rrm_msgs' build argument 'catkin_skip_building_tests' from command line to 'False'
[0.188s] DEBUG:colcon.colcon_core.verb:Building package 'rrm_msgs' with the following arguments: {'ament_cmake_args': None, 'build_base': '/home/matus/ros2_ws/src/build/rrm_msgs', 'catkin_cmake_args': None, 'catkin_skip_building_tests': False, 'cmake_args': None, 'cmake_clean_cache': False, 'cmake_clean_first': False, 'cmake_force_configure': False, 'cmake_target': None, 'cmake_target_skip_unavailable': False, 'install_base': '/home/matus/ros2_ws/src/install/rrm_msgs', 'merge_install': False, 'path': '/home/matus/ros2_ws/src/rrm/rrm_msgs', 'symlink_install': False, 'test_result_base': None}
[0.189s] Level 5:colcon.colcon_core.verb:set package 'rrm_simple_robot_model' build argument 'cmake_args' from command line to 'None'
[0.189s] Level 5:colcon.colcon_core.verb:set package 'rrm_simple_robot_model' build argument 'cmake_target' from command line to 'None'
[0.189s] Level 5:colcon.colcon_core.verb:set package 'rrm_simple_robot_model' build argument 'cmake_target_skip_unavailable' from command line to 'False'
[0.189s] Level 5:colcon.colcon_core.verb:set package 'rrm_simple_robot_model' build argument 'cmake_clean_cache' from command line to 'False'
[0.189s] Level 5:colcon.colcon_core.verb:set package 'rrm_simple_robot_model' build argument 'cmake_clean_first' from command line to 'False'
[0.189s] Level 5:colcon.colcon_core.verb:set package 'rrm_simple_robot_model' build argument 'cmake_force_configure' from command line to 'False'
[0.189s] Level 5:colcon.colcon_core.verb:set package 'rrm_simple_robot_model' build argument 'ament_cmake_args' from command line to 'None'
[0.189s] Level 5:colcon.colcon_core.verb:set package 'rrm_simple_robot_model' build argument 'catkin_cmake_args' from command line to 'None'
[0.189s] Level 5:colcon.colcon_core.verb:set package 'rrm_simple_robot_model' build argument 'catkin_skip_building_tests' from command line to 'False'
[0.189s] DEBUG:colcon.colcon_core.verb:Building package 'rrm_simple_robot_model' with the following arguments: {'ament_cmake_args': None, 'build_base': '/home/matus/ros2_ws/src/build/rrm_simple_robot_model', 'catkin_cmake_args': None, 'catkin_skip_building_tests': False, 'cmake_args': None, 'cmake_clean_cache': False, 'cmake_clean_first': False, 'cmake_force_configure': False, 'cmake_target': None, 'cmake_target_skip_unavailable': False, 'install_base': '/home/matus/ros2_ws/src/install/rrm_simple_robot_model', 'merge_install': False, 'path': '/home/matus/ros2_ws/src/rrm/rrm_simple_robot_model', 'symlink_install': False, 'test_result_base': None}
[0.189s] Level 5:colcon.colcon_core.verb:set package 'block1_matuska' build argument 'cmake_args' from command line to 'None'
[0.189s] Level 5:colcon.colcon_core.verb:set package 'block1_matuska' build argument 'cmake_target' from command line to 'None'
[0.189s] Level 5:colcon.colcon_core.verb:set package 'block1_matuska' build argument 'cmake_target_skip_unavailable' from command line to 'False'
[0.189s] Level 5:colcon.colcon_core.verb:set package 'block1_matuska' build argument 'cmake_clean_cache' from command line to 'False'
[0.189s] Level 5:colcon.colcon_core.verb:set package 'block1_matuska' build argument 'cmake_clean_first' from command line to 'False'
[0.189s] Level 5:colcon.colcon_core.verb:set package 'block1_matuska' build argument 'cmake_force_configure' from command line to 'False'
[0.189s] Level 5:colcon.colcon_core.verb:set package 'block1_matuska' build argument 'ament_cmake_args' from command line to 'None'
[0.189s] Level 5:colcon.colcon_core.verb:set package 'block1_matuska' build argument 'catkin_cmake_args' from command line to 'None'
[0.189s] Level 5:colcon.colcon_core.verb:set package 'block1_matuska' build argument 'catkin_skip_building_tests' from command line to 'False'
[0.189s] DEBUG:colcon.colcon_core.verb:Building package 'block1_matuska' with the following arguments: {'ament_cmake_args': None, 'build_base': '/home/matus/ros2_ws/src/build/block1_matuska', 'catkin_cmake_args': None, 'catkin_skip_building_tests': False, 'cmake_args': None, 'cmake_clean_cache': False, 'cmake_clean_first': False, 'cmake_force_configure': False, 'cmake_target': None, 'cmake_target_skip_unavailable': False, 'install_base': '/home/matus/ros2_ws/src/install/block1_matuska', 'merge_install': False, 'path': '/home/matus/ros2_ws/src/block1_matuska', 'symlink_install': False, 'test_result_base': None}
[0.189s] Level 5:colcon.colcon_core.verb:set package 'rrm_sim' build argument 'cmake_args' from command line to 'None'
[0.189s] Level 5:colcon.colcon_core.verb:set package 'rrm_sim' build argument 'cmake_target' from command line to 'None'
[0.189s] Level 5:colcon.colcon_core.verb:set package 'rrm_sim' build argument 'cmake_target_skip_unavailable' from command line to 'False'
[0.189s] Level 5:colcon.colcon_core.verb:set package 'rrm_sim' build argument 'cmake_clean_cache' from command line to 'False'
[0.189s] Level 5:colcon.colcon_core.verb:set package 'rrm_sim' build argument 'cmake_clean_first' from command line to 'False'
[0.189s] Level 5:colcon.colcon_core.verb:set package 'rrm_sim' build argument 'cmake_force_configure' from command line to 'False'
[0.189s] Level 5:colcon.colcon_core.verb:set package 'rrm_sim' build argument 'ament_cmake_args' from command line to 'None'
[0.190s] Level 5:colcon.colcon_core.verb:set package 'rrm_sim' build argument 'catkin_cmake_args' from command line to 'None'
[0.190s] Level 5:colcon.colcon_core.verb:set package 'rrm_sim' build argument 'catkin_skip_building_tests' from command line to 'False'
[0.190s] DEBUG:colcon.colcon_core.verb:Building package 'rrm_sim' with the following arguments: {'ament_cmake_args': None, 'build_base': '/home/matus/ros2_ws/src/build/rrm_sim', 'catkin_cmake_args': None, 'catkin_skip_building_tests': False, 'cmake_args': None, 'cmake_clean_cache': False, 'cmake_clean_first': False, 'cmake_force_configure': False, 'cmake_target': None, 'cmake_target_skip_unavailable': False, 'install_base': '/home/matus/ros2_ws/src/install/rrm_sim', 'merge_install': False, 'path': '/home/matus/ros2_ws/src/rrm/rrm_sim', 'symlink_install': False, 'test_result_base': None}
[0.190s] INFO:colcon.colcon_core.executor:Executing jobs using 'parallel' executor
[0.191s] DEBUG:colcon.colcon_parallel_executor.executor.parallel:run_until_complete
[0.191s] INFO:colcon.colcon_ros.task.ament_cmake.build:Building ROS package in '/home/matus/ros2_ws/src/rrm/rrm_msgs' with build type 'ament_cmake'
[0.191s] INFO:colcon.colcon_cmake.task.cmake.build:Building CMake package in '/home/matus/ros2_ws/src/rrm/rrm_msgs'
[0.192s] INFO:colcon.colcon_core.plugin_system:Skipping extension 'colcon_core.shell.bat': Not used on non-Windows systems
[0.192s] INFO:colcon.colcon_core.shell:Skip shell extension 'powershell' for command environment: Not usable outside of PowerShell
[0.192s] DEBUG:colcon.colcon_core.shell:Skip shell extension 'dsv' for command environment
[0.195s] INFO:colcon.colcon_ros.task.ament_cmake.build:Building ROS package in '/home/matus/ros2_ws/src/rrm/rrm_simple_robot_model' with build type 'ament_cmake'
[0.195s] INFO:colcon.colcon_cmake.task.cmake.build:Building CMake package in '/home/matus/ros2_ws/src/rrm/rrm_simple_robot_model'
[0.195s] INFO:colcon.colcon_core.shell:Skip shell extension 'powershell' for command environment: Not usable outside of PowerShell
[0.196s] DEBUG:colcon.colcon_core.shell:Skip shell extension 'dsv' for command environment
[0.202s] DEBUG:colcon.colcon_core.event_handler.log_command:Invoking command in '/home/matus/ros2_ws/src/build/rrm_msgs': CMAKE_PREFIX_PATH=${CMAKE_PREFIX_PATH}:/opt/ros/jazzy DEBUGINFOD_URLS=https://debuginfod.ubuntu.com /usr/bin/cmake --build /home/matus/ros2_ws/src/build/rrm_msgs -- -j12 -l12
[0.205s] DEBUG:colcon.colcon_core.event_handler.log_command:Invoking command in '/home/matus/ros2_ws/src/build/rrm_simple_robot_model': CMAKE_PREFIX_PATH=${CMAKE_PREFIX_PATH}:/opt/ros/jazzy DEBUGINFOD_URLS=https://debuginfod.ubuntu.com /usr/bin/cmake --build /home/matus/ros2_ws/src/build/rrm_simple_robot_model -- -j12 -l12
[0.241s] DEBUG:colcon.colcon_core.event_handler.log_command:Invoked command in '/home/matus/ros2_ws/src/build/rrm_simple_robot_model' returned '0': CMAKE_PREFIX_PATH=${CMAKE_PREFIX_PATH}:/opt/ros/jazzy DEBUGINFOD_URLS=https://debuginfod.ubuntu.com /usr/bin/cmake --build /home/matus/ros2_ws/src/build/rrm_simple_robot_model -- -j12 -l12
[0.268s] DEBUG:colcon.colcon_core.event_handler.log_command:Invoking command in '/home/matus/ros2_ws/src/build/rrm_simple_robot_model': CMAKE_PREFIX_PATH=${CMAKE_PREFIX_PATH}:/opt/ros/jazzy DEBUGINFOD_URLS=https://debuginfod.ubuntu.com /usr/bin/cmake --install /home/matus/ros2_ws/src/build/rrm_simple_robot_model
[0.281s] Level 1:colcon.colcon_core.environment:create_environment_scripts_only(rrm_simple_robot_model)
[0.281s] DEBUG:colcon.colcon_core.event_handler.log_command:Invoked command in '/home/matus/ros2_ws/src/build/rrm_simple_robot_model' returned '0': CMAKE_PREFIX_PATH=${CMAKE_PREFIX_PATH}:/opt/ros/jazzy DEBUGINFOD_URLS=https://debuginfod.ubuntu.com /usr/bin/cmake --install /home/matus/ros2_ws/src/build/rrm_simple_robot_model
[0.284s] Level 1:colcon.colcon_core.environment:checking '/home/matus/ros2_ws/src/install/rrm_simple_robot_model' for CMake module files
[0.284s] Level 1:colcon.colcon_core.environment:checking '/home/matus/ros2_ws/src/install/rrm_simple_robot_model' for CMake config files
[0.285s] Level 1:colcon.colcon_core.shell:create_environment_hook('rrm_simple_robot_model', 'cmake_prefix_path')
[0.285s] INFO:colcon.colcon_core.shell:Creating environment hook '/home/matus/ros2_ws/src/install/rrm_simple_robot_model/share/rrm_simple_robot_model/hook/cmake_prefix_path.ps1'
[0.286s] INFO:colcon.colcon_core.shell:Creating environment descriptor '/home/matus/ros2_ws/src/install/rrm_simple_robot_model/share/rrm_simple_robot_model/hook/cmake_prefix_path.dsv'
[0.286s] INFO:colcon.colcon_core.shell:Creating environment hook '/home/matus/ros2_ws/src/install/rrm_simple_robot_model/share/rrm_simple_robot_model/hook/cmake_prefix_path.sh'
[0.287s] Level 1:colcon.colcon_core.environment:checking '/home/matus/ros2_ws/src/install/rrm_simple_robot_model/bin'
[0.287s] Level 1:colcon.colcon_core.environment:checking '/home/matus/ros2_ws/src/install/rrm_simple_robot_model/lib/pkgconfig/rrm_simple_robot_model.pc'
[0.287s] Level 1:colcon.colcon_core.environment:checking '/home/matus/ros2_ws/src/install/rrm_simple_robot_model/lib/python3.12/site-packages'
[0.288s] Level 1:colcon.colcon_core.environment:checking '/home/matus/ros2_ws/src/install/rrm_simple_robot_model/bin'
[0.288s] INFO:colcon.colcon_core.shell:Creating package script '/home/matus/ros2_ws/src/install/rrm_simple_robot_model/share/rrm_simple_robot_model/package.ps1'
[0.289s] INFO:colcon.colcon_core.shell:Creating package descriptor '/home/matus/ros2_ws/src/install/rrm_simple_robot_model/share/rrm_simple_robot_model/package.dsv'
[0.290s] INFO:colcon.colcon_core.shell:Creating package script '/home/matus/ros2_ws/src/install/rrm_simple_robot_model/share/rrm_simple_robot_model/package.sh'
[0.291s] INFO:colcon.colcon_core.shell:Creating package script '/home/matus/ros2_ws/src/install/rrm_simple_robot_model/share/rrm_simple_robot_model/package.bash'
[0.291s] INFO:colcon.colcon_core.shell:Creating package script '/home/matus/ros2_ws/src/install/rrm_simple_robot_model/share/rrm_simple_robot_model/package.zsh'
[0.292s] Level 1:colcon.colcon_core.environment:create_file_with_runtime_dependencies(/home/matus/ros2_ws/src/install/rrm_simple_robot_model/share/colcon-core/packages/rrm_simple_robot_model)
[0.313s] Level 1:colcon.colcon_core.environment:create_environment_scripts_only(rrm_simple_robot_model)
[0.313s] Level 1:colcon.colcon_core.environment:checking '/home/matus/ros2_ws/src/install/rrm_simple_robot_model' for CMake module files
[0.313s] Level 1:colcon.colcon_core.environment:checking '/home/matus/ros2_ws/src/install/rrm_simple_robot_model' for CMake config files
[0.313s] Level 1:colcon.colcon_core.shell:create_environment_hook('rrm_simple_robot_model', 'cmake_prefix_path')
[0.313s] INFO:colcon.colcon_core.shell:Creating environment hook '/home/matus/ros2_ws/src/install/rrm_simple_robot_model/share/rrm_simple_robot_model/hook/cmake_prefix_path.ps1'
[0.314s] INFO:colcon.colcon_core.shell:Creating environment descriptor '/home/matus/ros2_ws/src/install/rrm_simple_robot_model/share/rrm_simple_robot_model/hook/cmake_prefix_path.dsv'
[0.314s] INFO:colcon.colcon_core.shell:Creating environment hook '/home/matus/ros2_ws/src/install/rrm_simple_robot_model/share/rrm_simple_robot_model/hook/cmake_prefix_path.sh'
[0.314s] Level 1:colcon.colcon_core.environment:checking '/home/matus/ros2_ws/src/install/rrm_simple_robot_model/bin'
[0.315s] Level 1:colcon.colcon_core.environment:checking '/home/matus/ros2_ws/src/install/rrm_simple_robot_model/lib/pkgconfig/rrm_simple_robot_model.pc'
[0.315s] Level 1:colcon.colcon_core.environment:checking '/home/matus/ros2_ws/src/install/rrm_simple_robot_model/lib/python3.12/site-packages'
[0.315s] Level 1:colcon.colcon_core.environment:checking '/home/matus/ros2_ws/src/install/rrm_simple_robot_model/bin'
[0.315s] INFO:colcon.colcon_core.shell:Creating package script '/home/matus/ros2_ws/src/install/rrm_simple_robot_model/share/rrm_simple_robot_model/package.ps1'
[0.315s] INFO:colcon.colcon_core.shell:Creating package descriptor '/home/matus/ros2_ws/src/install/rrm_simple_robot_model/share/rrm_simple_robot_model/package.dsv'
[0.316s] INFO:colcon.colcon_core.shell:Creating package script '/home/matus/ros2_ws/src/install/rrm_simple_robot_model/share/rrm_simple_robot_model/package.sh'
[0.316s] INFO:colcon.colcon_core.shell:Creating package script '/home/matus/ros2_ws/src/install/rrm_simple_robot_model/share/rrm_simple_robot_model/package.bash'
[0.316s] INFO:colcon.colcon_core.shell:Creating package script '/home/matus/ros2_ws/src/install/rrm_simple_robot_model/share/rrm_simple_robot_model/package.zsh'
[0.317s] Level 1:colcon.colcon_core.environment:create_file_with_runtime_dependencies(/home/matus/ros2_ws/src/install/rrm_simple_robot_model/share/colcon-core/packages/rrm_simple_robot_model)
[0.556s] DEBUG:colcon.colcon_core.event_handler.log_command:Invoked command in '/home/matus/ros2_ws/src/build/rrm_msgs' returned '0': CMAKE_PREFIX_PATH=${CMAKE_PREFIX_PATH}:/opt/ros/jazzy DEBUGINFOD_URLS=https://debuginfod.ubuntu.com /usr/bin/cmake --build /home/matus/ros2_ws/src/build/rrm_msgs -- -j12 -l12
[0.661s] DEBUG:colcon.colcon_core.event_handler.log_command:Invoking command in '/home/matus/ros2_ws/src/build/rrm_msgs': CMAKE_PREFIX_PATH=${CMAKE_PREFIX_PATH}:/opt/ros/jazzy DEBUGINFOD_URLS=https://debuginfod.ubuntu.com /usr/bin/cmake --install /home/matus/ros2_ws/src/build/rrm_msgs
[0.712s] Level 1:colcon.colcon_core.environment:create_environment_scripts_only(rrm_msgs)
[0.713s] Level 1:colcon.colcon_core.environment:checking '/home/matus/ros2_ws/src/install/rrm_msgs' for CMake module files
[0.713s] DEBUG:colcon.colcon_core.event_handler.log_command:Invoked command in '/home/matus/ros2_ws/src/build/rrm_msgs' returned '0': CMAKE_PREFIX_PATH=${CMAKE_PREFIX_PATH}:/opt/ros/jazzy DEBUGINFOD_URLS=https://debuginfod.ubuntu.com /usr/bin/cmake --install /home/matus/ros2_ws/src/build/rrm_msgs
[0.714s] Level 1:colcon.colcon_core.environment:checking '/home/matus/ros2_ws/src/install/rrm_msgs' for CMake config files
[0.714s] Level 1:colcon.colcon_core.shell:create_environment_hook('rrm_msgs', 'cmake_prefix_path')
[0.714s] INFO:colcon.colcon_core.shell:Creating environment hook '/home/matus/ros2_ws/src/install/rrm_msgs/share/rrm_msgs/hook/cmake_prefix_path.ps1'
[0.714s] INFO:colcon.colcon_core.shell:Creating environment descriptor '/home/matus/ros2_ws/src/install/rrm_msgs/share/rrm_msgs/hook/cmake_prefix_path.dsv'
[0.715s] INFO:colcon.colcon_core.shell:Creating environment hook '/home/matus/ros2_ws/src/install/rrm_msgs/share/rrm_msgs/hook/cmake_prefix_path.sh'
[0.715s] Level 1:colcon.colcon_core.environment:checking '/home/matus/ros2_ws/src/install/rrm_msgs/lib'
[0.715s] Level 1:colcon.colcon_core.shell:create_environment_hook('rrm_msgs', 'ld_library_path_lib')
[0.715s] INFO:colcon.colcon_core.shell:Creating environment hook '/home/matus/ros2_ws/src/install/rrm_msgs/share/rrm_msgs/hook/ld_library_path_lib.ps1'
[0.716s] INFO:colcon.colcon_core.shell:Creating environment descriptor '/home/matus/ros2_ws/src/install/rrm_msgs/share/rrm_msgs/hook/ld_library_path_lib.dsv'
[0.716s] INFO:colcon.colcon_core.shell:Creating environment hook '/home/matus/ros2_ws/src/install/rrm_msgs/share/rrm_msgs/hook/ld_library_path_lib.sh'
[0.716s] Level 1:colcon.colcon_core.environment:checking '/home/matus/ros2_ws/src/install/rrm_msgs/bin'
[0.716s] Level 1:colcon.colcon_core.environment:checking '/home/matus/ros2_ws/src/install/rrm_msgs/lib/pkgconfig/rrm_msgs.pc'
[0.716s] Level 1:colcon.colcon_core.environment:checking '/home/matus/ros2_ws/src/install/rrm_msgs/lib/python3.12/site-packages'
[0.716s] Level 1:colcon.colcon_core.shell:create_environment_hook('rrm_msgs', 'pythonpath')
[0.716s] INFO:colcon.colcon_core.shell:Creating environment hook '/home/matus/ros2_ws/src/install/rrm_msgs/share/rrm_msgs/hook/pythonpath.ps1'
[0.717s] INFO:colcon.colcon_core.shell:Creating environment descriptor '/home/matus/ros2_ws/src/install/rrm_msgs/share/rrm_msgs/hook/pythonpath.dsv'
[0.717s] INFO:colcon.colcon_core.shell:Creating environment hook '/home/matus/ros2_ws/src/install/rrm_msgs/share/rrm_msgs/hook/pythonpath.sh'
[0.717s] Level 1:colcon.colcon_core.environment:checking '/home/matus/ros2_ws/src/install/rrm_msgs/bin'
[0.717s] INFO:colcon.colcon_core.shell:Creating package script '/home/matus/ros2_ws/src/install/rrm_msgs/share/rrm_msgs/package.ps1'
[0.718s] INFO:colcon.colcon_core.shell:Creating package descriptor '/home/matus/ros2_ws/src/install/rrm_msgs/share/rrm_msgs/package.dsv'
[0.718s] INFO:colcon.colcon_core.shell:Creating package script '/home/matus/ros2_ws/src/install/rrm_msgs/share/rrm_msgs/package.sh'
[0.719s] INFO:colcon.colcon_core.shell:Creating package script '/home/matus/ros2_ws/src/install/rrm_msgs/share/rrm_msgs/package.bash'
[0.719s] INFO:colcon.colcon_core.shell:Creating package script '/home/matus/ros2_ws/src/install/rrm_msgs/share/rrm_msgs/package.zsh'
[0.719s] Level 1:colcon.colcon_core.environment:create_file_with_runtime_dependencies(/home/matus/ros2_ws/src/install/rrm_msgs/share/colcon-core/packages/rrm_msgs)
[0.815s] Level 1:colcon.colcon_core.environment:create_environment_scripts_only(rrm_msgs)
[0.815s] Level 1:colcon.colcon_core.environment:checking '/home/matus/ros2_ws/src/install/rrm_msgs' for CMake module files
[0.816s] Level 1:colcon.colcon_core.environment:checking '/home/matus/ros2_ws/src/install/rrm_msgs' for CMake config files
[0.816s] Level 1:colcon.colcon_core.shell:create_environment_hook('rrm_msgs', 'cmake_prefix_path')
[0.816s] INFO:colcon.colcon_core.shell:Creating environment hook '/home/matus/ros2_ws/src/install/rrm_msgs/share/rrm_msgs/hook/cmake_prefix_path.ps1'
[0.816s] INFO:colcon.colcon_core.shell:Creating environment descriptor '/home/matus/ros2_ws/src/install/rrm_msgs/share/rrm_msgs/hook/cmake_prefix_path.dsv'
[0.817s] INFO:colcon.colcon_core.shell:Creating environment hook '/home/matus/ros2_ws/src/install/rrm_msgs/share/rrm_msgs/hook/cmake_prefix_path.sh'
[0.817s] Level 1:colcon.colcon_core.environment:checking '/home/matus/ros2_ws/src/install/rrm_msgs/lib'
[0.817s] Level 1:colcon.colcon_core.shell:create_environment_hook('rrm_msgs', 'ld_library_path_lib')
[0.817s] INFO:colcon.colcon_core.shell:Creating environment hook '/home/matus/ros2_ws/src/install/rrm_msgs/share/rrm_msgs/hook/ld_library_path_lib.ps1'
[0.817s] INFO:colcon.colcon_core.shell:Creating environment descriptor '/home/matus/ros2_ws/src/install/rrm_msgs/share/rrm_msgs/hook/ld_library_path_lib.dsv'
[0.818s] INFO:colcon.colcon_core.shell:Creating environment hook '/home/matus/ros2_ws/src/install/rrm_msgs/share/rrm_msgs/hook/ld_library_path_lib.sh'
[0.818s] Level 1:colcon.colcon_core.environment:checking '/home/matus/ros2_ws/src/install/rrm_msgs/bin'
[0.818s] Level 1:colcon.colcon_core.environment:checking '/home/matus/ros2_ws/src/install/rrm_msgs/lib/pkgconfig/rrm_msgs.pc'
[0.818s] Level 1:colcon.colcon_core.environment:checking '/home/matus/ros2_ws/src/install/rrm_msgs/lib/python3.12/site-packages'
[0.818s] Level 1:colcon.colcon_core.shell:create_environment_hook('rrm_msgs', 'pythonpath')
[0.818s] INFO:colcon.colcon_core.shell:Creating environment hook '/home/matus/ros2_ws/src/install/rrm_msgs/share/rrm_msgs/hook/pythonpath.ps1'
[0.819s] INFO:colcon.colcon_core.shell:Creating environment descriptor '/home/matus/ros2_ws/src/install/rrm_msgs/share/rrm_msgs/hook/pythonpath.dsv'
[0.819s] INFO:colcon.colcon_core.shell:Creating environment hook '/home/matus/ros2_ws/src/install/rrm_msgs/share/rrm_msgs/hook/pythonpath.sh'
[0.819s] Level 1:colcon.colcon_core.environment:checking '/home/matus/ros2_ws/src/install/rrm_msgs/bin'
[0.820s] INFO:colcon.colcon_core.shell:Creating package script '/home/matus/ros2_ws/src/install/rrm_msgs/share/rrm_msgs/package.ps1'
[0.820s] INFO:colcon.colcon_core.shell:Creating package descriptor '/home/matus/ros2_ws/src/install/rrm_msgs/share/rrm_msgs/package.dsv'
[0.820s] INFO:colcon.colcon_core.shell:Creating package script '/home/matus/ros2_ws/src/install/rrm_msgs/share/rrm_msgs/package.sh'
[0.821s] INFO:colcon.colcon_core.shell:Creating package script '/home/matus/ros2_ws/src/install/rrm_msgs/share/rrm_msgs/package.bash'
[0.821s] INFO:colcon.colcon_core.shell:Creating package script '/home/matus/ros2_ws/src/install/rrm_msgs/share/rrm_msgs/package.zsh'
[0.821s] Level 1:colcon.colcon_core.environment:create_file_with_runtime_dependencies(/home/matus/ros2_ws/src/install/rrm_msgs/share/colcon-core/packages/rrm_msgs)
[0.822s] INFO:colcon.colcon_ros.task.ament_cmake.build:Building ROS package in '/home/matus/ros2_ws/src/block1_matuska' with build type 'ament_cmake'
[0.822s] INFO:colcon.colcon_cmake.task.cmake.build:Building CMake package in '/home/matus/ros2_ws/src/block1_matuska'
[0.822s] INFO:colcon.colcon_core.shell:Skip shell extension 'powershell' for command environment: Not usable outside of PowerShell
[0.822s] DEBUG:colcon.colcon_core.shell:Skip shell extension 'dsv' for command environment
[0.826s] INFO:colcon.colcon_ros.task.ament_cmake.build:Building ROS package in '/home/matus/ros2_ws/src/rrm/rrm_sim' with build type 'ament_cmake'
[0.826s] INFO:colcon.colcon_cmake.task.cmake.build:Building CMake package in '/home/matus/ros2_ws/src/rrm/rrm_sim'
[0.826s] INFO:colcon.colcon_core.shell:Skip shell extension 'powershell' for command environment: Not usable outside of PowerShell
[0.826s] DEBUG:colcon.colcon_core.shell:Skip shell extension 'dsv' for command environment
[0.833s] DEBUG:colcon.colcon_core.event_handler.log_command:Invoking command in '/home/matus/ros2_ws/src/build/block1_matuska': AMENT_PREFIX_PATH=/home/matus/ros2_ws/src/install/rrm_msgs:${AMENT_PREFIX_PATH} CMAKE_PREFIX_PATH=/home/matus/ros2_ws/src/install/rrm_msgs:/home/matus/ros2_ws/install/cviko1:/home/matus/ros2_ws/install/rrm_simple_robot_model:/home/matus/ros2_ws/install/rrm_sim:/home/matus/ros2_ws/install/block1_matuska:/home/matus/ros2_ws/install/rrm_msgs:/home/matus/ros2_ws/install/cv1:/opt/ros/jazzy/opt/gz_math_vendor:/opt/ros/jazzy/opt/gz_utils_vendor:/opt/ros/jazzy/opt/gz_cmake_vendor:/opt/ros/jazzy DEBUGINFOD_URLS=https://debuginfod.ubuntu.com LD_LIBRARY_PATH=/home/matus/ros2_ws/src/install/rrm_msgs/lib:${LD_LIBRARY_PATH} PYTHONPATH=/home/matus/ros2_ws/src/install/rrm_msgs/lib/python3.12/site-packages:${PYTHONPATH} /usr/bin/cmake --build /home/matus/ros2_ws/src/build/block1_matuska -- -j12 -l12
[0.836s] DEBUG:colcon.colcon_core.event_handler.log_command:Invoking command in '/home/matus/ros2_ws/src/build/rrm_sim': AMENT_PREFIX_PATH=/home/matus/ros2_ws/src/install/rrm_msgs:${AMENT_PREFIX_PATH} CMAKE_PREFIX_PATH=/home/matus/ros2_ws/src/install/rrm_msgs:/home/matus/ros2_ws/install/cviko1:/home/matus/ros2_ws/install/rrm_simple_robot_model:/home/matus/ros2_ws/install/rrm_sim:/home/matus/ros2_ws/install/block1_matuska:/home/matus/ros2_ws/install/rrm_msgs:/home/matus/ros2_ws/install/cv1:/opt/ros/jazzy/opt/gz_math_vendor:/opt/ros/jazzy/opt/gz_utils_vendor:/opt/ros/jazzy/opt/gz_cmake_vendor:/opt/ros/jazzy DEBUGINFOD_URLS=https://debuginfod.ubuntu.com LD_LIBRARY_PATH=/home/matus/ros2_ws/src/install/rrm_msgs/lib:${LD_LIBRARY_PATH} PYTHONPATH=/home/matus/ros2_ws/src/install/rrm_msgs/lib/python3.12/site-packages:${PYTHONPATH} /usr/bin/cmake --build /home/matus/ros2_ws/src/build/rrm_sim -- -j12 -l12
[0.905s] DEBUG:colcon.colcon_core.event_handler.log_command:Invoked command in '/home/matus/ros2_ws/src/build/rrm_sim' returned '0': AMENT_PREFIX_PATH=/home/matus/ros2_ws/src/install/rrm_msgs:${AMENT_PREFIX_PATH} CMAKE_PREFIX_PATH=/home/matus/ros2_ws/src/install/rrm_msgs:/home/matus/ros2_ws/install/cviko1:/home/matus/ros2_ws/install/rrm_simple_robot_model:/home/matus/ros2_ws/install/rrm_sim:/home/matus/ros2_ws/install/block1_matuska:/home/matus/ros2_ws/install/rrm_msgs:/home/matus/ros2_ws/install/cv1:/opt/ros/jazzy/opt/gz_math_vendor:/opt/ros/jazzy/opt/gz_utils_vendor:/opt/ros/jazzy/opt/gz_cmake_vendor:/opt/ros/jazzy DEBUGINFOD_URLS=https://debuginfod.ubuntu.com LD_LIBRARY_PATH=/home/matus/ros2_ws/src/install/rrm_msgs/lib:${LD_LIBRARY_PATH} PYTHONPATH=/home/matus/ros2_ws/src/install/rrm_msgs/lib/python3.12/site-packages:${PYTHONPATH} /usr/bin/cmake --build /home/matus/ros2_ws/src/build/rrm_sim -- -j12 -l12
[0.933s] DEBUG:colcon.colcon_core.event_handler.log_command:Invoking command in '/home/matus/ros2_ws/src/build/rrm_sim': AMENT_PREFIX_PATH=/home/matus/ros2_ws/src/install/rrm_msgs:${AMENT_PREFIX_PATH} CMAKE_PREFIX_PATH=/home/matus/ros2_ws/src/install/rrm_msgs:/home/matus/ros2_ws/install/cviko1:/home/matus/ros2_ws/install/rrm_simple_robot_model:/home/matus/ros2_ws/install/rrm_sim:/home/matus/ros2_ws/install/block1_matuska:/home/matus/ros2_ws/install/rrm_msgs:/home/matus/ros2_ws/install/cv1:/opt/ros/jazzy/opt/gz_math_vendor:/opt/ros/jazzy/opt/gz_utils_vendor:/opt/ros/jazzy/opt/gz_cmake_vendor:/opt/ros/jazzy DEBUGINFOD_URLS=https://debuginfod.ubuntu.com LD_LIBRARY_PATH=/home/matus/ros2_ws/src/install/rrm_msgs/lib:${LD_LIBRARY_PATH} PYTHONPATH=/home/matus/ros2_ws/src/install/rrm_msgs/lib/python3.12/site-packages:${PYTHONPATH} /usr/bin/cmake --install /home/matus/ros2_ws/src/build/rrm_sim
[0.943s] Level 1:colcon.colcon_core.environment:create_environment_scripts_only(rrm_sim)
[0.943s] Level 1:colcon.colcon_core.environment:checking '/home/matus/ros2_ws/src/install/rrm_sim' for CMake module files
[0.944s] DEBUG:colcon.colcon_core.event_handler.log_command:Invoked command in '/home/matus/ros2_ws/src/build/rrm_sim' returned '0': AMENT_PREFIX_PATH=/home/matus/ros2_ws/src/install/rrm_msgs:${AMENT_PREFIX_PATH} CMAKE_PREFIX_PATH=/home/matus/ros2_ws/src/install/rrm_msgs:/home/matus/ros2_ws/install/cviko1:/home/matus/ros2_ws/install/rrm_simple_robot_model:/home/matus/ros2_ws/install/rrm_sim:/home/matus/ros2_ws/install/block1_matuska:/home/matus/ros2_ws/install/rrm_msgs:/home/matus/ros2_ws/install/cv1:/opt/ros/jazzy/opt/gz_math_vendor:/opt/ros/jazzy/opt/gz_utils_vendor:/opt/ros/jazzy/opt/gz_cmake_vendor:/opt/ros/jazzy DEBUGINFOD_URLS=https://debuginfod.ubuntu.com LD_LIBRARY_PATH=/home/matus/ros2_ws/src/install/rrm_msgs/lib:${LD_LIBRARY_PATH} PYTHONPATH=/home/matus/ros2_ws/src/install/rrm_msgs/lib/python3.12/site-packages:${PYTHONPATH} /usr/bin/cmake --install /home/matus/ros2_ws/src/build/rrm_sim
[0.944s] Level 1:colcon.colcon_core.environment:checking '/home/matus/ros2_ws/src/install/rrm_sim' for CMake config files
[0.944s] Level 1:colcon.colcon_core.shell:create_environment_hook('rrm_sim', 'cmake_prefix_path')
[0.944s] INFO:colcon.colcon_core.shell:Creating environment hook '/home/matus/ros2_ws/src/install/rrm_sim/share/rrm_sim/hook/cmake_prefix_path.ps1'
[0.944s] INFO:colcon.colcon_core.shell:Creating environment descriptor '/home/matus/ros2_ws/src/install/rrm_sim/share/rrm_sim/hook/cmake_prefix_path.dsv'
[0.945s] INFO:colcon.colcon_core.shell:Creating environment hook '/home/matus/ros2_ws/src/install/rrm_sim/share/rrm_sim/hook/cmake_prefix_path.sh'
[0.945s] Level 1:colcon.colcon_core.environment:checking '/home/matus/ros2_ws/src/install/rrm_sim/lib'
[0.945s] Level 1:colcon.colcon_core.environment:checking '/home/matus/ros2_ws/src/install/rrm_sim/bin'
[0.945s] Level 1:colcon.colcon_core.environment:checking '/home/matus/ros2_ws/src/install/rrm_sim/lib/pkgconfig/rrm_sim.pc'
[0.945s] Level 1:colcon.colcon_core.environment:checking '/home/matus/ros2_ws/src/install/rrm_sim/lib/python3.12/site-packages'
[0.945s] Level 1:colcon.colcon_core.environment:checking '/home/matus/ros2_ws/src/install/rrm_sim/bin'
[0.946s] INFO:colcon.colcon_core.shell:Creating package script '/home/matus/ros2_ws/src/install/rrm_sim/share/rrm_sim/package.ps1'
[0.946s] INFO:colcon.colcon_core.shell:Creating package descriptor '/home/matus/ros2_ws/src/install/rrm_sim/share/rrm_sim/package.dsv'
[0.946s] INFO:colcon.colcon_core.shell:Creating package script '/home/matus/ros2_ws/src/install/rrm_sim/share/rrm_sim/package.sh'
[0.946s] INFO:colcon.colcon_core.shell:Creating package script '/home/matus/ros2_ws/src/install/rrm_sim/share/rrm_sim/package.bash'
[0.947s] INFO:colcon.colcon_core.shell:Creating package script '/home/matus/ros2_ws/src/install/rrm_sim/share/rrm_sim/package.zsh'
[0.947s] Level 1:colcon.colcon_core.environment:create_file_with_runtime_dependencies(/home/matus/ros2_ws/src/install/rrm_sim/share/colcon-core/packages/rrm_sim)
[0.971s] Level 1:colcon.colcon_core.environment:create_environment_scripts_only(rrm_sim)
[0.971s] Level 1:colcon.colcon_core.environment:checking '/home/matus/ros2_ws/src/install/rrm_sim' for CMake module files
[0.972s] Level 1:colcon.colcon_core.environment:checking '/home/matus/ros2_ws/src/install/rrm_sim' for CMake config files
[0.972s] Level 1:colcon.colcon_core.shell:create_environment_hook('rrm_sim', 'cmake_prefix_path')
[0.972s] INFO:colcon.colcon_core.shell:Creating environment hook '/home/matus/ros2_ws/src/install/rrm_sim/share/rrm_sim/hook/cmake_prefix_path.ps1'
[0.972s] INFO:colcon.colcon_core.shell:Creating environment descriptor '/home/matus/ros2_ws/src/install/rrm_sim/share/rrm_sim/hook/cmake_prefix_path.dsv'
[0.972s] INFO:colcon.colcon_core.shell:Creating environment hook '/home/matus/ros2_ws/src/install/rrm_sim/share/rrm_sim/hook/cmake_prefix_path.sh'
[0.973s] Level 1:colcon.colcon_core.environment:checking '/home/matus/ros2_ws/src/install/rrm_sim/lib'
[0.973s] Level 1:colcon.colcon_core.environment:checking '/home/matus/ros2_ws/src/install/rrm_sim/bin'
[0.973s] Level 1:colcon.colcon_core.environment:checking '/home/matus/ros2_ws/src/install/rrm_sim/lib/pkgconfig/rrm_sim.pc'
[0.973s] Level 1:colcon.colcon_core.environment:checking '/home/matus/ros2_ws/src/install/rrm_sim/lib/python3.12/site-packages'
[0.973s] Level 1:colcon.colcon_core.environment:checking '/home/matus/ros2_ws/src/install/rrm_sim/bin'
[0.973s] INFO:colcon.colcon_core.shell:Creating package script '/home/matus/ros2_ws/src/install/rrm_sim/share/rrm_sim/package.ps1'
[0.974s] INFO:colcon.colcon_core.shell:Creating package descriptor '/home/matus/ros2_ws/src/install/rrm_sim/share/rrm_sim/package.dsv'
[0.974s] INFO:colcon.colcon_core.shell:Creating package script '/home/matus/ros2_ws/src/install/rrm_sim/share/rrm_sim/package.sh'
[0.974s] INFO:colcon.colcon_core.shell:Creating package script '/home/matus/ros2_ws/src/install/rrm_sim/share/rrm_sim/package.bash'
[0.974s] INFO:colcon.colcon_core.shell:Creating package script '/home/matus/ros2_ws/src/install/rrm_sim/share/rrm_sim/package.zsh'
[0.975s] Level 1:colcon.colcon_core.environment:create_file_with_runtime_dependencies(/home/matus/ros2_ws/src/install/rrm_sim/share/colcon-core/packages/rrm_sim)
[3.942s] DEBUG:colcon.colcon_core.event_handler.log_command:Invoked command in '/home/matus/ros2_ws/src/build/block1_matuska' returned '2': AMENT_PREFIX_PATH=/home/matus/ros2_ws/src/install/rrm_msgs:${AMENT_PREFIX_PATH} CMAKE_PREFIX_PATH=/home/matus/ros2_ws/src/install/rrm_msgs:/home/matus/ros2_ws/install/cviko1:/home/matus/ros2_ws/install/rrm_simple_robot_model:/home/matus/ros2_ws/install/rrm_sim:/home/matus/ros2_ws/install/block1_matuska:/home/matus/ros2_ws/install/rrm_msgs:/home/matus/ros2_ws/install/cv1:/opt/ros/jazzy/opt/gz_math_vendor:/opt/ros/jazzy/opt/gz_utils_vendor:/opt/ros/jazzy/opt/gz_cmake_vendor:/opt/ros/jazzy DEBUGINFOD_URLS=https://debuginfod.ubuntu.com LD_LIBRARY_PATH=/home/matus/ros2_ws/src/install/rrm_msgs/lib:${LD_LIBRARY_PATH} PYTHONPATH=/home/matus/ros2_ws/src/install/rrm_msgs/lib/python3.12/site-packages:${PYTHONPATH} /usr/bin/cmake --build /home/matus/ros2_ws/src/build/block1_matuska -- -j12 -l12
[3.972s] Level 1:colcon.colcon_core.environment:create_environment_scripts_only(block1_matuska)
[3.972s] Level 1:colcon.colcon_core.environment:checking '/home/matus/ros2_ws/src/install/block1_matuska' for CMake module files
[3.973s] Level 1:colcon.colcon_core.environment:checking '/home/matus/ros2_ws/src/install/block1_matuska' for CMake config files
[3.973s] Level 1:colcon.colcon_core.shell:create_environment_hook('block1_matuska', 'cmake_prefix_path')
[3.973s] INFO:colcon.colcon_core.shell:Creating environment hook '/home/matus/ros2_ws/src/install/block1_matuska/share/block1_matuska/hook/cmake_prefix_path.ps1'
[3.974s] INFO:colcon.colcon_core.shell:Creating environment descriptor '/home/matus/ros2_ws/src/install/block1_matuska/share/block1_matuska/hook/cmake_prefix_path.dsv'
[3.974s] INFO:colcon.colcon_core.shell:Creating environment hook '/home/matus/ros2_ws/src/install/block1_matuska/share/block1_matuska/hook/cmake_prefix_path.sh'
[3.974s] Level 1:colcon.colcon_core.environment:checking '/home/matus/ros2_ws/src/install/block1_matuska/lib'
[3.974s] Level 1:colcon.colcon_core.environment:checking '/home/matus/ros2_ws/src/install/block1_matuska/bin'
[3.974s] Level 1:colcon.colcon_core.environment:checking '/home/matus/ros2_ws/src/install/block1_matuska/lib/pkgconfig/block1_matuska.pc'
[3.975s] Level 1:colcon.colcon_core.environment:checking '/home/matus/ros2_ws/src/install/block1_matuska/lib/python3.12/site-packages'
[3.975s] Level 1:colcon.colcon_core.environment:checking '/home/matus/ros2_ws/src/install/block1_matuska/bin'
[3.975s] INFO:colcon.colcon_core.shell:Creating package script '/home/matus/ros2_ws/src/install/block1_matuska/share/block1_matuska/package.ps1'
[3.975s] INFO:colcon.colcon_core.shell:Creating package descriptor '/home/matus/ros2_ws/src/install/block1_matuska/share/block1_matuska/package.dsv'
[3.975s] INFO:colcon.colcon_core.shell:Creating package script '/home/matus/ros2_ws/src/install/block1_matuska/share/block1_matuska/package.sh'
[3.976s] INFO:colcon.colcon_core.shell:Creating package script '/home/matus/ros2_ws/src/install/block1_matuska/share/block1_matuska/package.bash'
[3.976s] INFO:colcon.colcon_core.shell:Creating package script '/home/matus/ros2_ws/src/install/block1_matuska/share/block1_matuska/package.zsh'
[3.976s] Level 1:colcon.colcon_core.environment:create_file_with_runtime_dependencies(/home/matus/ros2_ws/src/install/block1_matuska/share/colcon-core/packages/block1_matuska)
[3.987s] DEBUG:colcon.colcon_parallel_executor.executor.parallel:closing loop
[3.987s] DEBUG:colcon.colcon_parallel_executor.executor.parallel:loop closed
[3.987s] DEBUG:colcon.colcon_parallel_executor.executor.parallel:run_until_complete finished with '2'
[3.987s] DEBUG:colcon.colcon_core.event_reactor:joining thread
[3.992s] INFO:colcon.colcon_core.plugin_system:Skipping extension 'colcon_notification.desktop_notification.terminal_notifier': Not used on non-Darwin systems
[3.992s] INFO:colcon.colcon_core.plugin_system:Skipping extension 'colcon_notification.desktop_notification.win32': Not used on non-Windows systems
[3.992s] INFO:colcon.colcon_notification.desktop_notification:Sending desktop notification using 'notify2'
[4.003s] DEBUG:colcon.colcon_core.event_reactor:joined thread
[4.004s] INFO:colcon.colcon_core.shell:Creating prefix script '/home/matus/ros2_ws/src/install/local_setup.ps1'
[4.005s] INFO:colcon.colcon_core.shell:Creating prefix util module '/home/matus/ros2_ws/src/install/_local_setup_util_ps1.py'
[4.006s] INFO:colcon.colcon_core.shell:Creating prefix chain script '/home/matus/ros2_ws/src/install/setup.ps1'
[4.007s] INFO:colcon.colcon_core.shell:Creating prefix script '/home/matus/ros2_ws/src/install/local_setup.sh'
[4.007s] INFO:colcon.colcon_core.shell:Creating prefix util module '/home/matus/ros2_ws/src/install/_local_setup_util_sh.py'
[4.008s] INFO:colcon.colcon_core.shell:Creating prefix chain script '/home/matus/ros2_ws/src/install/setup.sh'
[4.008s] INFO:colcon.colcon_core.shell:Creating prefix script '/home/matus/ros2_ws/src/install/local_setup.bash'
[4.009s] INFO:colcon.colcon_core.shell:Creating prefix chain script '/home/matus/ros2_ws/src/install/setup.bash'
[4.010s] INFO:colcon.colcon_core.shell:Creating prefix script '/home/matus/ros2_ws/src/install/local_setup.zsh'
[4.010s] INFO:colcon.colcon_core.shell:Creating prefix chain script '/home/matus/ros2_ws/src/install/setup.zsh'
