[100%] Built target zadanie22_node
[100%] Built target zadanie2_node
-- Install configuration: ""
-- Up-to-date: /home/matus/ros2_ws/install/block2_matuska/lib/block2_matuska/zadanie2_node
-- Up-to-date: /home/matus/ros2_ws/install/block2_matuska/lib/block2_matuska/zadanie22_node
-- Up-to-date: /home/matus/ros2_ws/install/block2_matuska/share/block2_matuska/launch
-- Up-to-date: /home/matus/ros2_ws/install/block2_matuska/share/block2_matuska/launch/zadanie2_launch.xml
-- Installing: /home/matus/ros2_ws/install/block2_matuska/share/block2_matuska/launch/zadanie22_launch.xml
-- Up-to-date: /home/matus/ros2_ws/install/block2_matuska/share/ament_index/resource_index/package_run_dependencies/block2_matuska
-- Up-to-date: /home/matus/ros2_ws/install/block2_matuska/share/ament_index/resource_index/parent_prefix_path/block2_matuska
-- Up-to-date: /home/matus/ros2_ws/install/block2_matuska/share/block2_matuska/environment/ament_prefix_path.sh
-- Up-to-date: /home/matus/ros2_ws/install/block2_matuska/share/block2_matuska/environment/ament_prefix_path.dsv
-- Up-to-date: /home/matus/ros2_ws/install/block2_matuska/share/block2_matuska/environment/path.sh
-- Up-to-date: /home/matus/ros2_ws/install/block2_matuska/share/block2_matuska/environment/path.dsv
-- Up-to-date: /home/matus/ros2_ws/install/block2_matuska/share/block2_matuska/local_setup.bash
-- Up-to-date: /home/matus/ros2_ws/install/block2_matuska/share/block2_matuska/local_setup.sh
-- Up-to-date: /home/matus/ros2_ws/install/block2_matuska/share/block2_matuska/local_setup.zsh
-- Up-to-date: /home/matus/ros2_ws/install/block2_matuska/share/block2_matuska/local_setup.dsv
-- Installing: /home/matus/ros2_ws/install/block2_matuska/share/block2_matuska/package.dsv
-- Up-to-date: /home/matus/ros2_ws/install/block2_matuska/share/ament_index/resource_index/packages/block2_matuska
-- Up-to-date: /home/matus/ros2_ws/install/block2_matuska/share/block2_matuska/cmake/block2_matuskaConfig.cmake
-- Up-to-date: /home/matus/ros2_ws/install/block2_matuska/share/block2_matuska/cmake/block2_matuskaConfig-version.cmake
-- Up-to-date: /home/matus/ros2_ws/install/block2_matuska/share/block2_matuska/package.xml
