[0.011s] Invoking command in '/home/matus/ros2_ws/build/cv1': CMAKE_PREFIX_PATH=${CMAKE_PREFIX_PATH}:/opt/ros/jazzy DEBUGINFOD_URLS=https://debuginfod.ubuntu.com /usr/bin/cmake /home/matus/ros2_ws/src/cv1 -DCMAKE_INSTALL_PREFIX=/home/matus/ros2_ws/install/cv1
[0.082s] -- The C compiler identification is GNU 13.2.0
[0.154s] -- The CXX compiler identification is GNU 13.2.0
[0.177s] -- Detecting C compiler ABI info
[0.294s] -- Detecting C compiler ABI info - done
[0.304s] -- Check for working C compiler: /usr/bin/cc - skipped
[0.305s] -- Detecting C compile features
[0.305s] -- Detecting C compile features - done
[0.317s] -- Detecting CXX compiler ABI info
[0.441s] -- Detecting CXX compiler ABI info - done
[0.451s] -- Check for working CXX compiler: /usr/bin/c++ - skipped
[0.451s] -- Detecting CXX compile features
[0.452s] -- Detecting CXX compile features - done
[0.455s] -- Found ament_cmake: 2.5.2 (/opt/ros/jazzy/share/ament_cmake/cmake)
[0.615s] -- Found Python3: /usr/bin/python3 (found version "3.12.3") found components: Interpreter 
[0.702s] -- Found rclcpp: 28.1.5 (/opt/ros/jazzy/share/rclcpp/cmake)
[0.732s] -- Found rosidl_generator_c: 4.6.4 (/opt/ros/jazzy/share/rosidl_generator_c/cmake)
[0.742s] -- Found rosidl_generator_cpp: 4.6.4 (/opt/ros/jazzy/share/rosidl_generator_cpp/cmake)
[0.754s] -- Using all available rosidl_typesupport_c: rosidl_typesupport_fastrtps_c;rosidl_typesupport_introspection_c
[0.767s] -- Using all available rosidl_typesupport_cpp: rosidl_typesupport_fastrtps_cpp;rosidl_typesupport_introspection_cpp
[0.826s] -- Found rmw_implementation_cmake: 7.3.1 (/opt/ros/jazzy/share/rmw_implementation_cmake/cmake)
[0.828s] -- Found rmw_fastrtps_cpp: 8.4.1 (/opt/ros/jazzy/share/rmw_fastrtps_cpp/cmake)
[0.904s] -- Found OpenSSL: /usr/lib/x86_64-linux-gnu/libcrypto.so (found version "3.0.13")  
[0.919s] -- Found FastRTPS: /opt/ros/jazzy/include (Required is at least version "2.13") 
[0.938s] -- Using RMW implementation 'rmw_fastrtps_cpp' as default
[0.995s] -- Found ament_lint_auto: 0.17.1 (/opt/ros/jazzy/share/ament_lint_auto/cmake)
[1.070s] -- Added test 'cppcheck' to perform static code analysis on C / C++ code
[1.071s] -- Configured cppcheck include dirs: $<BUILD_INTERFACE:/home/matus/ros2_ws/src/cv1/include>
[1.071s] -- Configured cppcheck exclude dirs and/or files: 
[1.071s] -- Added test 'lint_cmake' to check CMake code style
[1.072s] -- Added test 'uncrustify' to check C / C++ code style
[1.072s] -- Configured uncrustify additional arguments: 
[1.072s] -- Added test 'xmllint' to check XML markup files
[1.073s] -- Configuring done (1.1s)
[1.081s] -- Generating done (0.0s)
[1.082s] -- Build files have been written to: /home/matus/ros2_ws/build/cv1
[1.092s] Invoked command in '/home/matus/ros2_ws/build/cv1' returned '0': CMAKE_PREFIX_PATH=${CMAKE_PREFIX_PATH}:/opt/ros/jazzy DEBUGINFOD_URLS=https://debuginfod.ubuntu.com /usr/bin/cmake /home/matus/ros2_ws/src/cv1 -DCMAKE_INSTALL_PREFIX=/home/matus/ros2_ws/install/cv1
[1.093s] Invoking command in '/home/matus/ros2_ws/build/cv1': CMAKE_PREFIX_PATH=${CMAKE_PREFIX_PATH}:/opt/ros/jazzy DEBUGINFOD_URLS=https://debuginfod.ubuntu.com /usr/bin/cmake --build /home/matus/ros2_ws/build/cv1 -- -j12 -l12
[1.139s] [ 50%] [32mBuilding CXX object CMakeFiles/cv1_node.dir/src/cv1_node.cpp.o[0m
[1.175s] [100%] [32m[1mLinking CXX executable cv1_node[0m
[1.238s] [100%] Built target cv1_node
[1.249s] Invoked command in '/home/matus/ros2_ws/build/cv1' returned '0': CMAKE_PREFIX_PATH=${CMAKE_PREFIX_PATH}:/opt/ros/jazzy DEBUGINFOD_URLS=https://debuginfod.ubuntu.com /usr/bin/cmake --build /home/matus/ros2_ws/build/cv1 -- -j12 -l12
[1.285s] Invoking command in '/home/matus/ros2_ws/build/cv1': CMAKE_PREFIX_PATH=${CMAKE_PREFIX_PATH}:/opt/ros/jazzy DEBUGINFOD_URLS=https://debuginfod.ubuntu.com /usr/bin/cmake --install /home/matus/ros2_ws/build/cv1
[1.291s] -- Install configuration: ""
[1.291s] -- Installing: /home/matus/ros2_ws/install/cv1/lib/cv1/cv1_node
[1.291s] -- Set non-toolchain portion of runtime path of "/home/matus/ros2_ws/install/cv1/lib/cv1/cv1_node" to ""
[1.291s] -- Installing: /home/matus/ros2_ws/install/cv1/share/ament_index/resource_index/package_run_dependencies/cv1
[1.291s] -- Installing: /home/matus/ros2_ws/install/cv1/share/ament_index/resource_index/parent_prefix_path/cv1
[1.292s] -- Installing: /home/matus/ros2_ws/install/cv1/share/cv1/environment/ament_prefix_path.sh
[1.292s] -- Installing: /home/matus/ros2_ws/install/cv1/share/cv1/environment/ament_prefix_path.dsv
[1.292s] -- Installing: /home/matus/ros2_ws/install/cv1/share/cv1/environment/path.sh
[1.292s] -- Installing: /home/matus/ros2_ws/install/cv1/share/cv1/environment/path.dsv
[1.292s] -- Installing: /home/matus/ros2_ws/install/cv1/share/cv1/local_setup.bash
[1.292s] -- Installing: /home/matus/ros2_ws/install/cv1/share/cv1/local_setup.sh
[1.292s] -- Installing: /home/matus/ros2_ws/install/cv1/share/cv1/local_setup.zsh
[1.292s] -- Installing: /home/matus/ros2_ws/install/cv1/share/cv1/local_setup.dsv
[1.292s] -- Installing: /home/matus/ros2_ws/install/cv1/share/cv1/package.dsv
[1.293s] -- Installing: /home/matus/ros2_ws/install/cv1/share/ament_index/resource_index/packages/cv1
[1.293s] -- Installing: /home/matus/ros2_ws/install/cv1/share/cv1/cmake/cv1Config.cmake
[1.293s] -- Installing: /home/matus/ros2_ws/install/cv1/share/cv1/cmake/cv1Config-version.cmake
[1.293s] -- Installing: /home/matus/ros2_ws/install/cv1/share/cv1/package.xml
[1.295s] Invoked command in '/home/matus/ros2_ws/build/cv1' returned '0': CMAKE_PREFIX_PATH=${CMAKE_PREFIX_PATH}:/opt/ros/jazzy DEBUGINFOD_URLS=https://debuginfod.ubuntu.com /usr/bin/cmake --install /home/matus/ros2_ws/build/cv1
