[0.009s] Invoking command in '/home/matus/ros2_ws/build/block1_matuska': CMAKE_PREFIX_PATH=/home/matus/ros2_ws/install/rrm_msgs:/home/matus/ros2_ws/install/cviko1:/home/matus/ros2_ws/install/rrm_simple_robot_model:/home/matus/ros2_ws/install/rrm_sim:/home/matus/ros2_ws/install/block1_matuska:/home/matus/ros2_ws/install/cv1:/opt/ros/jazzy/opt/gz_math_vendor:/opt/ros/jazzy/opt/gz_utils_vendor:/opt/ros/jazzy/opt/gz_cmake_vendor:/opt/ros/jazzy DEBUGINFOD_URLS=https://debuginfod.ubuntu.com /usr/bin/cmake --build /home/matus/ros2_ws/build/block1_matuska -- -j12 -l12
[0.057s] gmake[2]: Warning: File 'teleop_node' has modification time 4668 s in the future
[0.058s] gmake[2]: warning:  Clock skew detected.  Your build may be incomplete.
[0.066s] [100%] Built target teleop_node
[0.078s] Invoked command in '/home/matus/ros2_ws/build/block1_matuska' returned '0': CMAKE_PREFIX_PATH=/home/matus/ros2_ws/install/rrm_msgs:/home/matus/ros2_ws/install/cviko1:/home/matus/ros2_ws/install/rrm_simple_robot_model:/home/matus/ros2_ws/install/rrm_sim:/home/matus/ros2_ws/install/block1_matuska:/home/matus/ros2_ws/install/cv1:/opt/ros/jazzy/opt/gz_math_vendor:/opt/ros/jazzy/opt/gz_utils_vendor:/opt/ros/jazzy/opt/gz_cmake_vendor:/opt/ros/jazzy DEBUGINFOD_URLS=https://debuginfod.ubuntu.com /usr/bin/cmake --build /home/matus/ros2_ws/build/block1_matuska -- -j12 -l12
[0.100s] Invoking command in '/home/matus/ros2_ws/build/block1_matuska': CMAKE_PREFIX_PATH=/home/matus/ros2_ws/install/rrm_msgs:/home/matus/ros2_ws/install/cviko1:/home/matus/ros2_ws/install/rrm_simple_robot_model:/home/matus/ros2_ws/install/rrm_sim:/home/matus/ros2_ws/install/block1_matuska:/home/matus/ros2_ws/install/cv1:/opt/ros/jazzy/opt/gz_math_vendor:/opt/ros/jazzy/opt/gz_utils_vendor:/opt/ros/jazzy/opt/gz_cmake_vendor:/opt/ros/jazzy DEBUGINFOD_URLS=https://debuginfod.ubuntu.com /usr/bin/cmake --install /home/matus/ros2_ws/build/block1_matuska
[0.108s] -- Install configuration: ""
[0.108s] -- Up-to-date: /home/matus/ros2_ws/install/block1_matuska/lib/block1_matuska/teleop_node
[0.108s] -- Up-to-date: /home/matus/ros2_ws/install/block1_matuska/share/ament_index/resource_index/package_run_dependencies/block1_matuska
[0.108s] -- Up-to-date: /home/matus/ros2_ws/install/block1_matuska/share/ament_index/resource_index/parent_prefix_path/block1_matuska
[0.108s] -- Up-to-date: /home/matus/ros2_ws/install/block1_matuska/share/block1_matuska/environment/ament_prefix_path.sh
[0.109s] -- Up-to-date: /home/matus/ros2_ws/install/block1_matuska/share/block1_matuska/environment/ament_prefix_path.dsv
[0.109s] -- Up-to-date: /home/matus/ros2_ws/install/block1_matuska/share/block1_matuska/environment/path.sh
[0.109s] -- Up-to-date: /home/matus/ros2_ws/install/block1_matuska/share/block1_matuska/environment/path.dsv
[0.109s] -- Up-to-date: /home/matus/ros2_ws/install/block1_matuska/share/block1_matuska/local_setup.bash
[0.109s] -- Up-to-date: /home/matus/ros2_ws/install/block1_matuska/share/block1_matuska/local_setup.sh
[0.109s] -- Up-to-date: /home/matus/ros2_ws/install/block1_matuska/share/block1_matuska/local_setup.zsh
[0.109s] -- Up-to-date: /home/matus/ros2_ws/install/block1_matuska/share/block1_matuska/local_setup.dsv
[0.109s] -- Installing: /home/matus/ros2_ws/install/block1_matuska/share/block1_matuska/package.dsv
[0.109s] -- Up-to-date: /home/matus/ros2_ws/install/block1_matuska/share/ament_index/resource_index/packages/block1_matuska
[0.109s] -- Up-to-date: /home/matus/ros2_ws/install/block1_matuska/share/block1_matuska/cmake/block1_matuskaConfig.cmake
[0.109s] -- Up-to-date: /home/matus/ros2_ws/install/block1_matuska/share/block1_matuska/cmake/block1_matuskaConfig-version.cmake
[0.109s] -- Up-to-date: /home/matus/ros2_ws/install/block1_matuska/share/block1_matuska/package.xml
[0.111s] Invoked command in '/home/matus/ros2_ws/build/block1_matuska' returned '0': CMAKE_PREFIX_PATH=/home/matus/ros2_ws/install/rrm_msgs:/home/matus/ros2_ws/install/cviko1:/home/matus/ros2_ws/install/rrm_simple_robot_model:/home/matus/ros2_ws/install/rrm_sim:/home/matus/ros2_ws/install/block1_matuska:/home/matus/ros2_ws/install/cv1:/opt/ros/jazzy/opt/gz_math_vendor:/opt/ros/jazzy/opt/gz_utils_vendor:/opt/ros/jazzy/opt/gz_cmake_vendor:/opt/ros/jazzy DEBUGINFOD_URLS=https://debuginfod.ubuntu.com /usr/bin/cmake --install /home/matus/ros2_ws/build/block1_matuska
