[0.017s] Invoking command in '/home/matus/ros2_ws/src/build/rrm_sim': AMENT_PREFIX_PATH=/home/matus/ros2_ws/src/install/rrm_msgs:${AMENT_PREFIX_PATH} CMAKE_PREFIX_PATH=/home/matus/ros2_ws/src/install/rrm_msgs:/home/matus/ros2_ws/install/cviko1:/home/matus/ros2_ws/install/rrm_simple_robot_model:/home/matus/ros2_ws/install/rrm_sim:/home/matus/ros2_ws/install/block1_matuska:/home/matus/ros2_ws/install/rrm_msgs:/home/matus/ros2_ws/install/cv1:/opt/ros/jazzy/opt/gz_math_vendor:/opt/ros/jazzy/opt/gz_utils_vendor:/opt/ros/jazzy/opt/gz_cmake_vendor:/opt/ros/jazzy DEBUGINFOD_URLS=https://debuginfod.ubuntu.com LD_LIBRARY_PATH=/home/matus/ros2_ws/src/install/rrm_msgs/lib:${LD_LIBRARY_PATH} PYTHONPATH=/home/matus/ros2_ws/src/install/rrm_msgs/lib/python3.12/site-packages:${PYTHONPATH} /usr/bin/cmake --build /home/matus/ros2_ws/src/build/rrm_sim -- -j12 -l12
[0.129s] [100%] Built target robot_sim_node
[0.149s] Invoked command in '/home/matus/ros2_ws/src/build/rrm_sim' returned '0': AMENT_PREFIX_PATH=/home/matus/ros2_ws/src/install/rrm_msgs:${AMENT_PREFIX_PATH} CMAKE_PREFIX_PATH=/home/matus/ros2_ws/src/install/rrm_msgs:/home/matus/ros2_ws/install/cviko1:/home/matus/ros2_ws/install/rrm_simple_robot_model:/home/matus/ros2_ws/install/rrm_sim:/home/matus/ros2_ws/install/block1_matuska:/home/matus/ros2_ws/install/rrm_msgs:/home/matus/ros2_ws/install/cv1:/opt/ros/jazzy/opt/gz_math_vendor:/opt/ros/jazzy/opt/gz_utils_vendor:/opt/ros/jazzy/opt/gz_cmake_vendor:/opt/ros/jazzy DEBUGINFOD_URLS=https://debuginfod.ubuntu.com LD_LIBRARY_PATH=/home/matus/ros2_ws/src/install/rrm_msgs/lib:${LD_LIBRARY_PATH} PYTHONPATH=/home/matus/ros2_ws/src/install/rrm_msgs/lib/python3.12/site-packages:${PYTHONPATH} /usr/bin/cmake --build /home/matus/ros2_ws/src/build/rrm_sim -- -j12 -l12
[0.203s] Invoking command in '/home/matus/ros2_ws/src/build/rrm_sim': AMENT_PREFIX_PATH=/home/matus/ros2_ws/src/install/rrm_msgs:${AMENT_PREFIX_PATH} CMAKE_PREFIX_PATH=/home/matus/ros2_ws/src/install/rrm_msgs:/home/matus/ros2_ws/install/cviko1:/home/matus/ros2_ws/install/rrm_simple_robot_model:/home/matus/ros2_ws/install/rrm_sim:/home/matus/ros2_ws/install/block1_matuska:/home/matus/ros2_ws/install/rrm_msgs:/home/matus/ros2_ws/install/cv1:/opt/ros/jazzy/opt/gz_math_vendor:/opt/ros/jazzy/opt/gz_utils_vendor:/opt/ros/jazzy/opt/gz_cmake_vendor:/opt/ros/jazzy DEBUGINFOD_URLS=https://debuginfod.ubuntu.com LD_LIBRARY_PATH=/home/matus/ros2_ws/src/install/rrm_msgs/lib:${LD_LIBRARY_PATH} PYTHONPATH=/home/matus/ros2_ws/src/install/rrm_msgs/lib/python3.12/site-packages:${PYTHONPATH} /usr/bin/cmake --install /home/matus/ros2_ws/src/build/rrm_sim
[0.216s] -- Install configuration: ""
[0.217s] -- Up-to-date: /home/matus/ros2_ws/src/install/rrm_sim/lib/rrm_sim/robot_sim_node
[0.217s] -- Up-to-date: /home/matus/ros2_ws/src/install/rrm_sim/share/rrm_sim/launch
[0.217s] -- Up-to-date: /home/matus/ros2_ws/src/install/rrm_sim/share/rrm_sim/launch/rrm_sim.launch.xml
[0.217s] -- Up-to-date: /home/matus/ros2_ws/src/install/rrm_sim/share/ament_index/resource_index/package_run_dependencies/rrm_sim
[0.217s] -- Up-to-date: /home/matus/ros2_ws/src/install/rrm_sim/share/ament_index/resource_index/parent_prefix_path/rrm_sim
[0.217s] -- Up-to-date: /home/matus/ros2_ws/src/install/rrm_sim/share/rrm_sim/environment/ament_prefix_path.sh
[0.218s] -- Up-to-date: /home/matus/ros2_ws/src/install/rrm_sim/share/rrm_sim/environment/ament_prefix_path.dsv
[0.218s] -- Up-to-date: /home/matus/ros2_ws/src/install/rrm_sim/share/rrm_sim/environment/path.sh
[0.218s] -- Up-to-date: /home/matus/ros2_ws/src/install/rrm_sim/share/rrm_sim/environment/path.dsv
[0.218s] -- Up-to-date: /home/matus/ros2_ws/src/install/rrm_sim/share/rrm_sim/local_setup.bash
[0.218s] -- Up-to-date: /home/matus/ros2_ws/src/install/rrm_sim/share/rrm_sim/local_setup.sh
[0.218s] -- Up-to-date: /home/matus/ros2_ws/src/install/rrm_sim/share/rrm_sim/local_setup.zsh
[0.218s] -- Up-to-date: /home/matus/ros2_ws/src/install/rrm_sim/share/rrm_sim/local_setup.dsv
[0.218s] -- Installing: /home/matus/ros2_ws/src/install/rrm_sim/share/rrm_sim/package.dsv
[0.218s] -- Up-to-date: /home/matus/ros2_ws/src/install/rrm_sim/share/ament_index/resource_index/packages/rrm_sim
[0.218s] -- Up-to-date: /home/matus/ros2_ws/src/install/rrm_sim/share/rrm_sim/cmake/rrm_simConfig.cmake
[0.218s] -- Up-to-date: /home/matus/ros2_ws/src/install/rrm_sim/share/rrm_sim/cmake/rrm_simConfig-version.cmake
[0.218s] -- Up-to-date: /home/matus/ros2_ws/src/install/rrm_sim/share/rrm_sim/package.xml
[0.221s] Invoked command in '/home/matus/ros2_ws/src/build/rrm_sim' returned '0': AMENT_PREFIX_PATH=/home/matus/ros2_ws/src/install/rrm_msgs:${AMENT_PREFIX_PATH} CMAKE_PREFIX_PATH=/home/matus/ros2_ws/src/install/rrm_msgs:/home/matus/ros2_ws/install/cviko1:/home/matus/ros2_ws/install/rrm_simple_robot_model:/home/matus/ros2_ws/install/rrm_sim:/home/matus/ros2_ws/install/block1_matuska:/home/matus/ros2_ws/install/rrm_msgs:/home/matus/ros2_ws/install/cv1:/opt/ros/jazzy/opt/gz_math_vendor:/opt/ros/jazzy/opt/gz_utils_vendor:/opt/ros/jazzy/opt/gz_cmake_vendor:/opt/ros/jazzy DEBUGINFOD_URLS=https://debuginfod.ubuntu.com LD_LIBRARY_PATH=/home/matus/ros2_ws/src/install/rrm_msgs/lib:${LD_LIBRARY_PATH} PYTHONPATH=/home/matus/ros2_ws/src/install/rrm_msgs/lib/python3.12/site-packages:${PYTHONPATH} /usr/bin/cmake --install /home/matus/ros2_ws/src/build/rrm_sim
