[0.115s] DEBUG:colcon:Command line arguments: ['/usr/bin/colcon', 'build']
[0.115s] DEBUG:colcon:Parsed command line arguments: Namespace(log_base=None, log_level=None, verb_name='build', build_base='build', install_base='install', merge_install=False, symlink_install=False, test_result_base=None, continue_on_error=False, executor='parallel', parallel_workers=12, event_handlers=None, ignore_user_meta=False, metas=['./colcon.meta'], base_paths=['.'], packages_ignore=None, packages_ignore_regex=None, paths=None, packages_up_to=None, packages_up_to_regex=None, packages_above=None, packages_above_and_dependencies=None, packages_above_depth=None, packages_select_by_dep=None, packages_skip_by_dep=None, packages_skip_up_to=None, packages_select_build_failed=False, packages_skip_build_finished=False, packages_select_test_failures=False, packages_skip_test_passed=False, packages_select=None, packages_skip=None, packages_select_regex=None, packages_skip_regex=None, packages_start=None, packages_end=None, allow_overriding=[], cmake_args=None, cmake_target=None, cmake_target_skip_unavailable=False, cmake_clean_cache=False, cmake_clean_first=False, cmake_force_configure=False, ament_cmake_args=None, catkin_cmake_args=None, catkin_skip_building_tests=False, mixin_files=None, mixin=None, verb_parser=<colcon_mixin.mixin.mixin_argument.MixinArgumentDecorator object at 0x727144586510>, verb_extension=<colcon_core.verb.build.BuildVerb object at 0x727144626390>, main=<bound method BuildVerb.main of <colcon_core.verb.build.BuildVerb object at 0x727144626390>>, mixin_verb=('build',))
[0.153s] Level 1:colcon.colcon_core.package_discovery:discover_packages(colcon_meta) check parameters
[0.153s] Level 1:colcon.colcon_core.package_discovery:discover_packages(recursive) check parameters
[0.154s] Level 1:colcon.colcon_core.package_discovery:discover_packages(ignore) check parameters
[0.154s] Level 1:colcon.colcon_core.package_discovery:discover_packages(path) check parameters
[0.154s] Level 1:colcon.colcon_core.package_discovery:discover_packages(colcon_meta) discover
[0.154s] Level 1:colcon.colcon_core.package_discovery:discover_packages(recursive) discover
[0.154s] INFO:colcon.colcon_core.package_discovery:Crawling recursively for packages in '/home/matus/ros2_ws'
[0.154s] Level 1:colcon.colcon_core.package_identification:_identify(.) by extensions ['ignore', 'ignore_ament_install']
[0.154s] Level 1:colcon.colcon_core.package_identification:_identify(.) by extension 'ignore'
[0.154s] Level 1:colcon.colcon_core.package_identification:_identify(.) by extension 'ignore_ament_install'
[0.154s] Level 1:colcon.colcon_core.package_identification:_identify(.) by extensions ['colcon_pkg']
[0.154s] Level 1:colcon.colcon_core.package_identification:_identify(.) by extension 'colcon_pkg'
[0.154s] Level 1:colcon.colcon_core.package_identification:_identify(.) by extensions ['colcon_meta']
[0.154s] Level 1:colcon.colcon_core.package_identification:_identify(.) by extension 'colcon_meta'
[0.154s] Level 1:colcon.colcon_core.package_identification:_identify(.) by extensions ['ros']
[0.154s] Level 1:colcon.colcon_core.package_identification:_identify(.) by extension 'ros'
[0.180s] Level 1:colcon.colcon_core.package_identification:_identify(.) by extensions ['cmake', 'python']
[0.180s] Level 1:colcon.colcon_core.package_identification:_identify(.) by extension 'cmake'
[0.180s] Level 1:colcon.colcon_core.package_identification:_identify(.) by extension 'python'
[0.180s] Level 1:colcon.colcon_core.package_identification:_identify(.) by extensions ['python_setup_py']
[0.180s] Level 1:colcon.colcon_core.package_identification:_identify(.) by extension 'python_setup_py'
[0.180s] Level 1:colcon.colcon_core.package_identification:_identify(build) by extensions ['ignore', 'ignore_ament_install']
[0.181s] Level 1:colcon.colcon_core.package_identification:_identify(build) by extension 'ignore'
[0.181s] Level 1:colcon.colcon_core.package_identification:_identify(build) ignored
[0.181s] Level 1:colcon.colcon_core.package_identification:_identify(cviko1) by extensions ['ignore', 'ignore_ament_install']
[0.181s] Level 1:colcon.colcon_core.package_identification:_identify(cviko1) by extension 'ignore'
[0.181s] Level 1:colcon.colcon_core.package_identification:_identify(cviko1) by extension 'ignore_ament_install'
[0.181s] Level 1:colcon.colcon_core.package_identification:_identify(cviko1) by extensions ['colcon_pkg']
[0.181s] Level 1:colcon.colcon_core.package_identification:_identify(cviko1) by extension 'colcon_pkg'
[0.181s] Level 1:colcon.colcon_core.package_identification:_identify(cviko1) by extensions ['colcon_meta']
[0.181s] Level 1:colcon.colcon_core.package_identification:_identify(cviko1) by extension 'colcon_meta'
[0.181s] Level 1:colcon.colcon_core.package_identification:_identify(cviko1) by extensions ['ros']
[0.181s] Level 1:colcon.colcon_core.package_identification:_identify(cviko1) by extension 'ros'
[0.183s] DEBUG:colcon.colcon_core.package_identification:Package 'cviko1' with type 'ros.ament_cmake' and name 'cviko1'
[0.184s] Level 1:colcon.colcon_core.package_identification:_identify(install) by extensions ['ignore', 'ignore_ament_install']
[0.184s] Level 1:colcon.colcon_core.package_identification:_identify(install) by extension 'ignore'
[0.184s] Level 1:colcon.colcon_core.package_identification:_identify(install) ignored
[0.184s] Level 1:colcon.colcon_core.package_identification:_identify(log) by extensions ['ignore', 'ignore_ament_install']
[0.184s] Level 1:colcon.colcon_core.package_identification:_identify(log) by extension 'ignore'
[0.184s] Level 1:colcon.colcon_core.package_identification:_identify(log) ignored
[0.184s] Level 1:colcon.colcon_core.package_identification:_identify(src) by extensions ['ignore', 'ignore_ament_install']
[0.184s] Level 1:colcon.colcon_core.package_identification:_identify(src) by extension 'ignore'
[0.184s] Level 1:colcon.colcon_core.package_identification:_identify(src) by extension 'ignore_ament_install'
[0.184s] Level 1:colcon.colcon_core.package_identification:_identify(src) by extensions ['colcon_pkg']
[0.184s] Level 1:colcon.colcon_core.package_identification:_identify(src) by extension 'colcon_pkg'
[0.184s] Level 1:colcon.colcon_core.package_identification:_identify(src) by extensions ['colcon_meta']
[0.184s] Level 1:colcon.colcon_core.package_identification:_identify(src) by extension 'colcon_meta'
[0.184s] Level 1:colcon.colcon_core.package_identification:_identify(src) by extensions ['ros']
[0.184s] Level 1:colcon.colcon_core.package_identification:_identify(src) by extension 'ros'
[0.184s] Level 1:colcon.colcon_core.package_identification:_identify(src) by extensions ['cmake', 'python']
[0.184s] Level 1:colcon.colcon_core.package_identification:_identify(src) by extension 'cmake'
[0.184s] Level 1:colcon.colcon_core.package_identification:_identify(src) by extension 'python'
[0.185s] Level 1:colcon.colcon_core.package_identification:_identify(src) by extensions ['python_setup_py']
[0.185s] Level 1:colcon.colcon_core.package_identification:_identify(src) by extension 'python_setup_py'
[0.185s] Level 1:colcon.colcon_core.package_identification:_identify(src/block1_matuska) by extensions ['ignore', 'ignore_ament_install']
[0.185s] Level 1:colcon.colcon_core.package_identification:_identify(src/block1_matuska) by extension 'ignore'
[0.185s] Level 1:colcon.colcon_core.package_identification:_identify(src/block1_matuska) by extension 'ignore_ament_install'
[0.185s] Level 1:colcon.colcon_core.package_identification:_identify(src/block1_matuska) by extensions ['colcon_pkg']
[0.185s] Level 1:colcon.colcon_core.package_identification:_identify(src/block1_matuska) by extension 'colcon_pkg'
[0.185s] Level 1:colcon.colcon_core.package_identification:_identify(src/block1_matuska) by extensions ['colcon_meta']
[0.185s] Level 1:colcon.colcon_core.package_identification:_identify(src/block1_matuska) by extension 'colcon_meta'
[0.185s] Level 1:colcon.colcon_core.package_identification:_identify(src/block1_matuska) by extensions ['ros']
[0.185s] Level 1:colcon.colcon_core.package_identification:_identify(src/block1_matuska) by extension 'ros'
[0.186s] DEBUG:colcon.colcon_core.package_identification:Package 'src/block1_matuska' with type 'ros.ament_cmake' and name 'block1_matuska'
[0.186s] Level 1:colcon.colcon_core.package_identification:_identify(src/build) by extensions ['ignore', 'ignore_ament_install']
[0.186s] Level 1:colcon.colcon_core.package_identification:_identify(src/build) by extension 'ignore'
[0.186s] Level 1:colcon.colcon_core.package_identification:_identify(src/build) ignored
[0.186s] Level 1:colcon.colcon_core.package_identification:_identify(src/install) by extensions ['ignore', 'ignore_ament_install']
[0.186s] Level 1:colcon.colcon_core.package_identification:_identify(src/install) by extension 'ignore'
[0.186s] Level 1:colcon.colcon_core.package_identification:_identify(src/install) ignored
[0.186s] Level 1:colcon.colcon_core.package_identification:_identify(src/log) by extensions ['ignore', 'ignore_ament_install']
[0.186s] Level 1:colcon.colcon_core.package_identification:_identify(src/log) by extension 'ignore'
[0.186s] Level 1:colcon.colcon_core.package_identification:_identify(src/log) ignored
[0.186s] Level 1:colcon.colcon_core.package_identification:_identify(src/rrm) by extensions ['ignore', 'ignore_ament_install']
[0.186s] Level 1:colcon.colcon_core.package_identification:_identify(src/rrm) by extension 'ignore'
[0.186s] Level 1:colcon.colcon_core.package_identification:_identify(src/rrm) by extension 'ignore_ament_install'
[0.186s] Level 1:colcon.colcon_core.package_identification:_identify(src/rrm) by extensions ['colcon_pkg']
[0.187s] Level 1:colcon.colcon_core.package_identification:_identify(src/rrm) by extension 'colcon_pkg'
[0.187s] Level 1:colcon.colcon_core.package_identification:_identify(src/rrm) by extensions ['colcon_meta']
[0.187s] Level 1:colcon.colcon_core.package_identification:_identify(src/rrm) by extension 'colcon_meta'
[0.187s] Level 1:colcon.colcon_core.package_identification:_identify(src/rrm) by extensions ['ros']
[0.187s] Level 1:colcon.colcon_core.package_identification:_identify(src/rrm) by extension 'ros'
[0.187s] Level 1:colcon.colcon_core.package_identification:_identify(src/rrm) by extensions ['cmake', 'python']
[0.187s] Level 1:colcon.colcon_core.package_identification:_identify(src/rrm) by extension 'cmake'
[0.187s] Level 1:colcon.colcon_core.package_identification:_identify(src/rrm) by extension 'python'
[0.187s] Level 1:colcon.colcon_core.package_identification:_identify(src/rrm) by extensions ['python_setup_py']
[0.187s] Level 1:colcon.colcon_core.package_identification:_identify(src/rrm) by extension 'python_setup_py'
[0.187s] Level 1:colcon.colcon_core.package_identification:_identify(src/rrm/rrm_msgs) by extensions ['ignore', 'ignore_ament_install']
[0.187s] Level 1:colcon.colcon_core.package_identification:_identify(src/rrm/rrm_msgs) by extension 'ignore'
[0.187s] Level 1:colcon.colcon_core.package_identification:_identify(src/rrm/rrm_msgs) by extension 'ignore_ament_install'
[0.187s] Level 1:colcon.colcon_core.package_identification:_identify(src/rrm/rrm_msgs) by extensions ['colcon_pkg']
[0.187s] Level 1:colcon.colcon_core.package_identification:_identify(src/rrm/rrm_msgs) by extension 'colcon_pkg'
[0.187s] Level 1:colcon.colcon_core.package_identification:_identify(src/rrm/rrm_msgs) by extensions ['colcon_meta']
[0.187s] Level 1:colcon.colcon_core.package_identification:_identify(src/rrm/rrm_msgs) by extension 'colcon_meta'
[0.187s] Level 1:colcon.colcon_core.package_identification:_identify(src/rrm/rrm_msgs) by extensions ['ros']
[0.187s] Level 1:colcon.colcon_core.package_identification:_identify(src/rrm/rrm_msgs) by extension 'ros'
[0.188s] DEBUG:colcon.colcon_core.package_identification:Package 'src/rrm/rrm_msgs' with type 'ros.ament_cmake' and name 'rrm_msgs'
[0.188s] Level 1:colcon.colcon_core.package_identification:_identify(src/rrm/rrm_sim) by extensions ['ignore', 'ignore_ament_install']
[0.188s] Level 1:colcon.colcon_core.package_identification:_identify(src/rrm/rrm_sim) by extension 'ignore'
[0.188s] Level 1:colcon.colcon_core.package_identification:_identify(src/rrm/rrm_sim) by extension 'ignore_ament_install'
[0.188s] Level 1:colcon.colcon_core.package_identification:_identify(src/rrm/rrm_sim) by extensions ['colcon_pkg']
[0.188s] Level 1:colcon.colcon_core.package_identification:_identify(src/rrm/rrm_sim) by extension 'colcon_pkg'
[0.188s] Level 1:colcon.colcon_core.package_identification:_identify(src/rrm/rrm_sim) by extensions ['colcon_meta']
[0.188s] Level 1:colcon.colcon_core.package_identification:_identify(src/rrm/rrm_sim) by extension 'colcon_meta'
[0.188s] Level 1:colcon.colcon_core.package_identification:_identify(src/rrm/rrm_sim) by extensions ['ros']
[0.188s] Level 1:colcon.colcon_core.package_identification:_identify(src/rrm/rrm_sim) by extension 'ros'
[0.189s] DEBUG:colcon.colcon_core.package_identification:Package 'src/rrm/rrm_sim' with type 'ros.ament_cmake' and name 'rrm_sim'
[0.189s] Level 1:colcon.colcon_core.package_identification:_identify(src/rrm/rrm_simple_robot_model) by extensions ['ignore', 'ignore_ament_install']
[0.189s] Level 1:colcon.colcon_core.package_identification:_identify(src/rrm/rrm_simple_robot_model) by extension 'ignore'
[0.189s] Level 1:colcon.colcon_core.package_identification:_identify(src/rrm/rrm_simple_robot_model) by extension 'ignore_ament_install'
[0.189s] Level 1:colcon.colcon_core.package_identification:_identify(src/rrm/rrm_simple_robot_model) by extensions ['colcon_pkg']
[0.189s] Level 1:colcon.colcon_core.package_identification:_identify(src/rrm/rrm_simple_robot_model) by extension 'colcon_pkg'
[0.189s] Level 1:colcon.colcon_core.package_identification:_identify(src/rrm/rrm_simple_robot_model) by extensions ['colcon_meta']
[0.189s] Level 1:colcon.colcon_core.package_identification:_identify(src/rrm/rrm_simple_robot_model) by extension 'colcon_meta'
[0.189s] Level 1:colcon.colcon_core.package_identification:_identify(src/rrm/rrm_simple_robot_model) by extensions ['ros']
[0.189s] Level 1:colcon.colcon_core.package_identification:_identify(src/rrm/rrm_simple_robot_model) by extension 'ros'
[0.190s] DEBUG:colcon.colcon_core.package_identification:Package 'src/rrm/rrm_simple_robot_model' with type 'ros.ament_cmake' and name 'rrm_simple_robot_model'
[0.190s] Level 1:colcon.colcon_core.package_discovery:discover_packages(recursive) using defaults
[0.190s] Level 1:colcon.colcon_core.package_discovery:discover_packages(ignore) discover
[0.190s] Level 1:colcon.colcon_core.package_discovery:discover_packages(ignore) using defaults
[0.190s] Level 1:colcon.colcon_core.package_discovery:discover_packages(path) discover
[0.190s] Level 1:colcon.colcon_core.package_discovery:discover_packages(path) using defaults
[0.208s] Level 1:colcon.colcon_core.package_discovery:discover_packages(prefix_path) check parameters
[0.208s] Level 1:colcon.colcon_core.package_discovery:discover_packages(prefix_path) discover
[0.211s] DEBUG:colcon.colcon_installed_package_information.package_discovery:Found 6 installed packages in /home/matus/ros2_ws/install
[0.212s] DEBUG:colcon.colcon_installed_package_information.package_discovery:Found 285 installed packages in /opt/ros/jazzy
[0.213s] Level 1:colcon.colcon_core.package_discovery:discover_packages(prefix_path) using defaults
[0.257s] Level 5:colcon.colcon_core.verb:set package 'cviko1' build argument 'cmake_args' from command line to 'None'
[0.257s] Level 5:colcon.colcon_core.verb:set package 'cviko1' build argument 'cmake_target' from command line to 'None'
[0.257s] Level 5:colcon.colcon_core.verb:set package 'cviko1' build argument 'cmake_target_skip_unavailable' from command line to 'False'
[0.257s] Level 5:colcon.colcon_core.verb:set package 'cviko1' build argument 'cmake_clean_cache' from command line to 'False'
[0.257s] Level 5:colcon.colcon_core.verb:set package 'cviko1' build argument 'cmake_clean_first' from command line to 'False'
[0.257s] Level 5:colcon.colcon_core.verb:set package 'cviko1' build argument 'cmake_force_configure' from command line to 'False'
[0.257s] Level 5:colcon.colcon_core.verb:set package 'cviko1' build argument 'ament_cmake_args' from command line to 'None'
[0.257s] Level 5:colcon.colcon_core.verb:set package 'cviko1' build argument 'catkin_cmake_args' from command line to 'None'
[0.257s] Level 5:colcon.colcon_core.verb:set package 'cviko1' build argument 'catkin_skip_building_tests' from command line to 'False'
[0.257s] DEBUG:colcon.colcon_core.verb:Building package 'cviko1' with the following arguments: {'ament_cmake_args': None, 'build_base': '/home/matus/ros2_ws/build/cviko1', 'catkin_cmake_args': None, 'catkin_skip_building_tests': False, 'cmake_args': None, 'cmake_clean_cache': False, 'cmake_clean_first': False, 'cmake_force_configure': False, 'cmake_target': None, 'cmake_target_skip_unavailable': False, 'install_base': '/home/matus/ros2_ws/install/cviko1', 'merge_install': False, 'path': '/home/matus/ros2_ws/cviko1', 'symlink_install': False, 'test_result_base': None}
[0.257s] Level 5:colcon.colcon_core.verb:set package 'rrm_msgs' build argument 'cmake_args' from command line to 'None'
[0.258s] Level 5:colcon.colcon_core.verb:set package 'rrm_msgs' build argument 'cmake_target' from command line to 'None'
[0.258s] Level 5:colcon.colcon_core.verb:set package 'rrm_msgs' build argument 'cmake_target_skip_unavailable' from command line to 'False'
[0.258s] Level 5:colcon.colcon_core.verb:set package 'rrm_msgs' build argument 'cmake_clean_cache' from command line to 'False'
[0.258s] Level 5:colcon.colcon_core.verb:set package 'rrm_msgs' build argument 'cmake_clean_first' from command line to 'False'
[0.258s] Level 5:colcon.colcon_core.verb:set package 'rrm_msgs' build argument 'cmake_force_configure' from command line to 'False'
[0.258s] Level 5:colcon.colcon_core.verb:set package 'rrm_msgs' build argument 'ament_cmake_args' from command line to 'None'
[0.258s] Level 5:colcon.colcon_core.verb:set package 'rrm_msgs' build argument 'catkin_cmake_args' from command line to 'None'
[0.258s] Level 5:colcon.colcon_core.verb:set package 'rrm_msgs' build argument 'catkin_skip_building_tests' from command line to 'False'
[0.258s] DEBUG:colcon.colcon_core.verb:Building package 'rrm_msgs' with the following arguments: {'ament_cmake_args': None, 'build_base': '/home/matus/ros2_ws/build/rrm_msgs', 'catkin_cmake_args': None, 'catkin_skip_building_tests': False, 'cmake_args': None, 'cmake_clean_cache': False, 'cmake_clean_first': False, 'cmake_force_configure': False, 'cmake_target': None, 'cmake_target_skip_unavailable': False, 'install_base': '/home/matus/ros2_ws/install/rrm_msgs', 'merge_install': False, 'path': '/home/matus/ros2_ws/src/rrm/rrm_msgs', 'symlink_install': False, 'test_result_base': None}
[0.258s] Level 5:colcon.colcon_core.verb:set package 'rrm_simple_robot_model' build argument 'cmake_args' from command line to 'None'
[0.258s] Level 5:colcon.colcon_core.verb:set package 'rrm_simple_robot_model' build argument 'cmake_target' from command line to 'None'
[0.258s] Level 5:colcon.colcon_core.verb:set package 'rrm_simple_robot_model' build argument 'cmake_target_skip_unavailable' from command line to 'False'
[0.258s] Level 5:colcon.colcon_core.verb:set package 'rrm_simple_robot_model' build argument 'cmake_clean_cache' from command line to 'False'
[0.258s] Level 5:colcon.colcon_core.verb:set package 'rrm_simple_robot_model' build argument 'cmake_clean_first' from command line to 'False'
[0.258s] Level 5:colcon.colcon_core.verb:set package 'rrm_simple_robot_model' build argument 'cmake_force_configure' from command line to 'False'
[0.258s] Level 5:colcon.colcon_core.verb:set package 'rrm_simple_robot_model' build argument 'ament_cmake_args' from command line to 'None'
[0.258s] Level 5:colcon.colcon_core.verb:set package 'rrm_simple_robot_model' build argument 'catkin_cmake_args' from command line to 'None'
[0.258s] Level 5:colcon.colcon_core.verb:set package 'rrm_simple_robot_model' build argument 'catkin_skip_building_tests' from command line to 'False'
[0.258s] DEBUG:colcon.colcon_core.verb:Building package 'rrm_simple_robot_model' with the following arguments: {'ament_cmake_args': None, 'build_base': '/home/matus/ros2_ws/build/rrm_simple_robot_model', 'catkin_cmake_args': None, 'catkin_skip_building_tests': False, 'cmake_args': None, 'cmake_clean_cache': False, 'cmake_clean_first': False, 'cmake_force_configure': False, 'cmake_target': None, 'cmake_target_skip_unavailable': False, 'install_base': '/home/matus/ros2_ws/install/rrm_simple_robot_model', 'merge_install': False, 'path': '/home/matus/ros2_ws/src/rrm/rrm_simple_robot_model', 'symlink_install': False, 'test_result_base': None}
[0.258s] Level 5:colcon.colcon_core.verb:set package 'block1_matuska' build argument 'cmake_args' from command line to 'None'
[0.258s] Level 5:colcon.colcon_core.verb:set package 'block1_matuska' build argument 'cmake_target' from command line to 'None'
[0.258s] Level 5:colcon.colcon_core.verb:set package 'block1_matuska' build argument 'cmake_target_skip_unavailable' from command line to 'False'
[0.258s] Level 5:colcon.colcon_core.verb:set package 'block1_matuska' build argument 'cmake_clean_cache' from command line to 'False'
[0.258s] Level 5:colcon.colcon_core.verb:set package 'block1_matuska' build argument 'cmake_clean_first' from command line to 'False'
[0.259s] Level 5:colcon.colcon_core.verb:set package 'block1_matuska' build argument 'cmake_force_configure' from command line to 'False'
[0.259s] Level 5:colcon.colcon_core.verb:set package 'block1_matuska' build argument 'ament_cmake_args' from command line to 'None'
[0.259s] Level 5:colcon.colcon_core.verb:set package 'block1_matuska' build argument 'catkin_cmake_args' from command line to 'None'
[0.259s] Level 5:colcon.colcon_core.verb:set package 'block1_matuska' build argument 'catkin_skip_building_tests' from command line to 'False'
[0.259s] DEBUG:colcon.colcon_core.verb:Building package 'block1_matuska' with the following arguments: {'ament_cmake_args': None, 'build_base': '/home/matus/ros2_ws/build/block1_matuska', 'catkin_cmake_args': None, 'catkin_skip_building_tests': False, 'cmake_args': None, 'cmake_clean_cache': False, 'cmake_clean_first': False, 'cmake_force_configure': False, 'cmake_target': None, 'cmake_target_skip_unavailable': False, 'install_base': '/home/matus/ros2_ws/install/block1_matuska', 'merge_install': False, 'path': '/home/matus/ros2_ws/src/block1_matuska', 'symlink_install': False, 'test_result_base': None}
[0.259s] Level 5:colcon.colcon_core.verb:set package 'rrm_sim' build argument 'cmake_args' from command line to 'None'
[0.259s] Level 5:colcon.colcon_core.verb:set package 'rrm_sim' build argument 'cmake_target' from command line to 'None'
[0.259s] Level 5:colcon.colcon_core.verb:set package 'rrm_sim' build argument 'cmake_target_skip_unavailable' from command line to 'False'
[0.259s] Level 5:colcon.colcon_core.verb:set package 'rrm_sim' build argument 'cmake_clean_cache' from command line to 'False'
[0.259s] Level 5:colcon.colcon_core.verb:set package 'rrm_sim' build argument 'cmake_clean_first' from command line to 'False'
[0.259s] Level 5:colcon.colcon_core.verb:set package 'rrm_sim' build argument 'cmake_force_configure' from command line to 'False'
[0.259s] Level 5:colcon.colcon_core.verb:set package 'rrm_sim' build argument 'ament_cmake_args' from command line to 'None'
[0.259s] Level 5:colcon.colcon_core.verb:set package 'rrm_sim' build argument 'catkin_cmake_args' from command line to 'None'
[0.259s] Level 5:colcon.colcon_core.verb:set package 'rrm_sim' build argument 'catkin_skip_building_tests' from command line to 'False'
[0.259s] DEBUG:colcon.colcon_core.verb:Building package 'rrm_sim' with the following arguments: {'ament_cmake_args': None, 'build_base': '/home/matus/ros2_ws/build/rrm_sim', 'catkin_cmake_args': None, 'catkin_skip_building_tests': False, 'cmake_args': None, 'cmake_clean_cache': False, 'cmake_clean_first': False, 'cmake_force_configure': False, 'cmake_target': None, 'cmake_target_skip_unavailable': False, 'install_base': '/home/matus/ros2_ws/install/rrm_sim', 'merge_install': False, 'path': '/home/matus/ros2_ws/src/rrm/rrm_sim', 'symlink_install': False, 'test_result_base': None}
[0.259s] INFO:colcon.colcon_core.executor:Executing jobs using 'parallel' executor
[0.261s] DEBUG:colcon.colcon_parallel_executor.executor.parallel:run_until_complete
[0.261s] INFO:colcon.colcon_ros.task.ament_cmake.build:Building ROS package in '/home/matus/ros2_ws/src/rrm/rrm_msgs' with build type 'ament_cmake'
[0.261s] INFO:colcon.colcon_cmake.task.cmake.build:Building CMake package in '/home/matus/ros2_ws/src/rrm/rrm_msgs'
[0.263s] INFO:colcon.colcon_core.plugin_system:Skipping extension 'colcon_core.shell.bat': Not used on non-Windows systems
[0.263s] INFO:colcon.colcon_core.shell:Skip shell extension 'powershell' for command environment: Not usable outside of PowerShell
[0.263s] DEBUG:colcon.colcon_core.shell:Skip shell extension 'dsv' for command environment
[0.267s] INFO:colcon.colcon_ros.task.ament_cmake.build:Building ROS package in '/home/matus/ros2_ws/cviko1' with build type 'ament_cmake'
[0.267s] INFO:colcon.colcon_cmake.task.cmake.build:Building CMake package in '/home/matus/ros2_ws/cviko1'
[0.267s] INFO:colcon.colcon_core.shell:Skip shell extension 'powershell' for command environment: Not usable outside of PowerShell
[0.267s] DEBUG:colcon.colcon_core.shell:Skip shell extension 'dsv' for command environment
[0.271s] INFO:colcon.colcon_ros.task.ament_cmake.build:Building ROS package in '/home/matus/ros2_ws/src/rrm/rrm_simple_robot_model' with build type 'ament_cmake'
[0.271s] INFO:colcon.colcon_cmake.task.cmake.build:Building CMake package in '/home/matus/ros2_ws/src/rrm/rrm_simple_robot_model'
[0.271s] INFO:colcon.colcon_core.shell:Skip shell extension 'powershell' for command environment: Not usable outside of PowerShell
[0.271s] DEBUG:colcon.colcon_core.shell:Skip shell extension 'dsv' for command environment
[0.280s] DEBUG:colcon.colcon_core.event_handler.log_command:Invoking command in '/home/matus/ros2_ws/build/rrm_msgs': CMAKE_PREFIX_PATH=${CMAKE_PREFIX_PATH}:/opt/ros/jazzy DEBUGINFOD_URLS=https://debuginfod.ubuntu.com /usr/bin/cmake --build /home/matus/ros2_ws/build/rrm_msgs -- -j12 -l12
[0.283s] DEBUG:colcon.colcon_core.event_handler.log_command:Invoking command in '/home/matus/ros2_ws/build/cviko1': CMAKE_PREFIX_PATH=${CMAKE_PREFIX_PATH}:/opt/ros/jazzy DEBUGINFOD_URLS=https://debuginfod.ubuntu.com /usr/bin/cmake --build /home/matus/ros2_ws/build/cviko1 -- -j12 -l12
[0.288s] DEBUG:colcon.colcon_core.event_handler.log_command:Invoking command in '/home/matus/ros2_ws/build/rrm_simple_robot_model': CMAKE_PREFIX_PATH=${CMAKE_PREFIX_PATH}:/opt/ros/jazzy DEBUGINFOD_URLS=https://debuginfod.ubuntu.com /usr/bin/cmake --build /home/matus/ros2_ws/build/rrm_simple_robot_model -- -j12 -l12
[0.331s] DEBUG:colcon.colcon_core.event_handler.log_command:Invoked command in '/home/matus/ros2_ws/build/rrm_simple_robot_model' returned '0': CMAKE_PREFIX_PATH=${CMAKE_PREFIX_PATH}:/opt/ros/jazzy DEBUGINFOD_URLS=https://debuginfod.ubuntu.com /usr/bin/cmake --build /home/matus/ros2_ws/build/rrm_simple_robot_model -- -j12 -l12
[0.366s] DEBUG:colcon.colcon_core.event_handler.log_command:Invoking command in '/home/matus/ros2_ws/build/rrm_simple_robot_model': CMAKE_PREFIX_PATH=${CMAKE_PREFIX_PATH}:/opt/ros/jazzy DEBUGINFOD_URLS=https://debuginfod.ubuntu.com /usr/bin/cmake --install /home/matus/ros2_ws/build/rrm_simple_robot_model
[0.383s] Level 1:colcon.colcon_core.environment:create_environment_scripts_only(rrm_simple_robot_model)
[0.384s] DEBUG:colcon.colcon_core.event_handler.log_command:Invoked command in '/home/matus/ros2_ws/build/rrm_simple_robot_model' returned '0': CMAKE_PREFIX_PATH=${CMAKE_PREFIX_PATH}:/opt/ros/jazzy DEBUGINFOD_URLS=https://debuginfod.ubuntu.com /usr/bin/cmake --install /home/matus/ros2_ws/build/rrm_simple_robot_model
[0.387s] Level 1:colcon.colcon_core.environment:checking '/home/matus/ros2_ws/install/rrm_simple_robot_model' for CMake module files
[0.388s] Level 1:colcon.colcon_core.environment:checking '/home/matus/ros2_ws/install/rrm_simple_robot_model' for CMake config files
[0.389s] Level 1:colcon.colcon_core.shell:create_environment_hook('rrm_simple_robot_model', 'cmake_prefix_path')
[0.389s] INFO:colcon.colcon_core.shell:Creating environment hook '/home/matus/ros2_ws/install/rrm_simple_robot_model/share/rrm_simple_robot_model/hook/cmake_prefix_path.ps1'
[0.390s] INFO:colcon.colcon_core.shell:Creating environment descriptor '/home/matus/ros2_ws/install/rrm_simple_robot_model/share/rrm_simple_robot_model/hook/cmake_prefix_path.dsv'
[0.390s] INFO:colcon.colcon_core.shell:Creating environment hook '/home/matus/ros2_ws/install/rrm_simple_robot_model/share/rrm_simple_robot_model/hook/cmake_prefix_path.sh'
[0.391s] Level 1:colcon.colcon_core.environment:checking '/home/matus/ros2_ws/install/rrm_simple_robot_model/bin'
[0.391s] Level 1:colcon.colcon_core.environment:checking '/home/matus/ros2_ws/install/rrm_simple_robot_model/lib/pkgconfig/rrm_simple_robot_model.pc'
[0.392s] Level 1:colcon.colcon_core.environment:checking '/home/matus/ros2_ws/install/rrm_simple_robot_model/lib/python3.12/site-packages'
[0.392s] Level 1:colcon.colcon_core.environment:checking '/home/matus/ros2_ws/install/rrm_simple_robot_model/bin'
[0.392s] INFO:colcon.colcon_core.shell:Creating package script '/home/matus/ros2_ws/install/rrm_simple_robot_model/share/rrm_simple_robot_model/package.ps1'
[0.393s] INFO:colcon.colcon_core.shell:Creating package descriptor '/home/matus/ros2_ws/install/rrm_simple_robot_model/share/rrm_simple_robot_model/package.dsv'
[0.393s] INFO:colcon.colcon_core.shell:Creating package script '/home/matus/ros2_ws/install/rrm_simple_robot_model/share/rrm_simple_robot_model/package.sh'
[0.394s] INFO:colcon.colcon_core.shell:Creating package script '/home/matus/ros2_ws/install/rrm_simple_robot_model/share/rrm_simple_robot_model/package.bash'
[0.394s] INFO:colcon.colcon_core.shell:Creating package script '/home/matus/ros2_ws/install/rrm_simple_robot_model/share/rrm_simple_robot_model/package.zsh'
[0.395s] Level 1:colcon.colcon_core.environment:create_file_with_runtime_dependencies(/home/matus/ros2_ws/install/rrm_simple_robot_model/share/colcon-core/packages/rrm_simple_robot_model)
[0.420s] Level 1:colcon.colcon_core.environment:create_environment_scripts_only(rrm_simple_robot_model)
[0.420s] Level 1:colcon.colcon_core.environment:checking '/home/matus/ros2_ws/install/rrm_simple_robot_model' for CMake module files
[0.421s] Level 1:colcon.colcon_core.environment:checking '/home/matus/ros2_ws/install/rrm_simple_robot_model' for CMake config files
[0.421s] Level 1:colcon.colcon_core.shell:create_environment_hook('rrm_simple_robot_model', 'cmake_prefix_path')
[0.421s] INFO:colcon.colcon_core.shell:Creating environment hook '/home/matus/ros2_ws/install/rrm_simple_robot_model/share/rrm_simple_robot_model/hook/cmake_prefix_path.ps1'
[0.422s] INFO:colcon.colcon_core.shell:Creating environment descriptor '/home/matus/ros2_ws/install/rrm_simple_robot_model/share/rrm_simple_robot_model/hook/cmake_prefix_path.dsv'
[0.422s] INFO:colcon.colcon_core.shell:Creating environment hook '/home/matus/ros2_ws/install/rrm_simple_robot_model/share/rrm_simple_robot_model/hook/cmake_prefix_path.sh'
[0.422s] Level 1:colcon.colcon_core.environment:checking '/home/matus/ros2_ws/install/rrm_simple_robot_model/bin'
[0.423s] Level 1:colcon.colcon_core.environment:checking '/home/matus/ros2_ws/install/rrm_simple_robot_model/lib/pkgconfig/rrm_simple_robot_model.pc'
[0.423s] Level 1:colcon.colcon_core.environment:checking '/home/matus/ros2_ws/install/rrm_simple_robot_model/lib/python3.12/site-packages'
[0.423s] Level 1:colcon.colcon_core.environment:checking '/home/matus/ros2_ws/install/rrm_simple_robot_model/bin'
[0.423s] INFO:colcon.colcon_core.shell:Creating package script '/home/matus/ros2_ws/install/rrm_simple_robot_model/share/rrm_simple_robot_model/package.ps1'
[0.424s] INFO:colcon.colcon_core.shell:Creating package descriptor '/home/matus/ros2_ws/install/rrm_simple_robot_model/share/rrm_simple_robot_model/package.dsv'
[0.424s] INFO:colcon.colcon_core.shell:Creating package script '/home/matus/ros2_ws/install/rrm_simple_robot_model/share/rrm_simple_robot_model/package.sh'
[0.425s] INFO:colcon.colcon_core.shell:Creating package script '/home/matus/ros2_ws/install/rrm_simple_robot_model/share/rrm_simple_robot_model/package.bash'
[0.425s] INFO:colcon.colcon_core.shell:Creating package script '/home/matus/ros2_ws/install/rrm_simple_robot_model/share/rrm_simple_robot_model/package.zsh'
[0.426s] Level 1:colcon.colcon_core.environment:create_file_with_runtime_dependencies(/home/matus/ros2_ws/install/rrm_simple_robot_model/share/colcon-core/packages/rrm_simple_robot_model)
[0.671s] DEBUG:colcon.colcon_core.event_handler.log_command:Invoked command in '/home/matus/ros2_ws/build/rrm_msgs' returned '0': CMAKE_PREFIX_PATH=${CMAKE_PREFIX_PATH}:/opt/ros/jazzy DEBUGINFOD_URLS=https://debuginfod.ubuntu.com /usr/bin/cmake --build /home/matus/ros2_ws/build/rrm_msgs -- -j12 -l12
[0.767s] DEBUG:colcon.colcon_core.event_handler.log_command:Invoking command in '/home/matus/ros2_ws/build/rrm_msgs': CMAKE_PREFIX_PATH=${CMAKE_PREFIX_PATH}:/opt/ros/jazzy DEBUGINFOD_URLS=https://debuginfod.ubuntu.com /usr/bin/cmake --install /home/matus/ros2_ws/build/rrm_msgs
[0.817s] Level 1:colcon.colcon_core.environment:create_environment_scripts_only(rrm_msgs)
[0.817s] Level 1:colcon.colcon_core.environment:checking '/home/matus/ros2_ws/install/rrm_msgs' for CMake module files
[0.818s] DEBUG:colcon.colcon_core.event_handler.log_command:Invoked command in '/home/matus/ros2_ws/build/rrm_msgs' returned '0': CMAKE_PREFIX_PATH=${CMAKE_PREFIX_PATH}:/opt/ros/jazzy DEBUGINFOD_URLS=https://debuginfod.ubuntu.com /usr/bin/cmake --install /home/matus/ros2_ws/build/rrm_msgs
[0.818s] Level 1:colcon.colcon_core.environment:checking '/home/matus/ros2_ws/install/rrm_msgs' for CMake config files
[0.818s] Level 1:colcon.colcon_core.shell:create_environment_hook('rrm_msgs', 'cmake_prefix_path')
[0.818s] INFO:colcon.colcon_core.shell:Creating environment hook '/home/matus/ros2_ws/install/rrm_msgs/share/rrm_msgs/hook/cmake_prefix_path.ps1'
[0.819s] INFO:colcon.colcon_core.shell:Creating environment descriptor '/home/matus/ros2_ws/install/rrm_msgs/share/rrm_msgs/hook/cmake_prefix_path.dsv'
[0.819s] INFO:colcon.colcon_core.shell:Creating environment hook '/home/matus/ros2_ws/install/rrm_msgs/share/rrm_msgs/hook/cmake_prefix_path.sh'
[0.819s] Level 1:colcon.colcon_core.environment:checking '/home/matus/ros2_ws/install/rrm_msgs/lib'
[0.820s] Level 1:colcon.colcon_core.shell:create_environment_hook('rrm_msgs', 'ld_library_path_lib')
[0.820s] INFO:colcon.colcon_core.shell:Creating environment hook '/home/matus/ros2_ws/install/rrm_msgs/share/rrm_msgs/hook/ld_library_path_lib.ps1'
[0.820s] INFO:colcon.colcon_core.shell:Creating environment descriptor '/home/matus/ros2_ws/install/rrm_msgs/share/rrm_msgs/hook/ld_library_path_lib.dsv'
[0.820s] INFO:colcon.colcon_core.shell:Creating environment hook '/home/matus/ros2_ws/install/rrm_msgs/share/rrm_msgs/hook/ld_library_path_lib.sh'
[0.820s] Level 1:colcon.colcon_core.environment:checking '/home/matus/ros2_ws/install/rrm_msgs/bin'
[0.820s] Level 1:colcon.colcon_core.environment:checking '/home/matus/ros2_ws/install/rrm_msgs/lib/pkgconfig/rrm_msgs.pc'
[0.821s] Level 1:colcon.colcon_core.environment:checking '/home/matus/ros2_ws/install/rrm_msgs/lib/python3.12/site-packages'
[0.821s] Level 1:colcon.colcon_core.shell:create_environment_hook('rrm_msgs', 'pythonpath')
[0.821s] INFO:colcon.colcon_core.shell:Creating environment hook '/home/matus/ros2_ws/install/rrm_msgs/share/rrm_msgs/hook/pythonpath.ps1'
[0.821s] INFO:colcon.colcon_core.shell:Creating environment descriptor '/home/matus/ros2_ws/install/rrm_msgs/share/rrm_msgs/hook/pythonpath.dsv'
[0.821s] INFO:colcon.colcon_core.shell:Creating environment hook '/home/matus/ros2_ws/install/rrm_msgs/share/rrm_msgs/hook/pythonpath.sh'
[0.822s] Level 1:colcon.colcon_core.environment:checking '/home/matus/ros2_ws/install/rrm_msgs/bin'
[0.822s] INFO:colcon.colcon_core.shell:Creating package script '/home/matus/ros2_ws/install/rrm_msgs/share/rrm_msgs/package.ps1'
[0.822s] INFO:colcon.colcon_core.shell:Creating package descriptor '/home/matus/ros2_ws/install/rrm_msgs/share/rrm_msgs/package.dsv'
[0.822s] INFO:colcon.colcon_core.shell:Creating package script '/home/matus/ros2_ws/install/rrm_msgs/share/rrm_msgs/package.sh'
[0.823s] INFO:colcon.colcon_core.shell:Creating package script '/home/matus/ros2_ws/install/rrm_msgs/share/rrm_msgs/package.bash'
[0.823s] INFO:colcon.colcon_core.shell:Creating package script '/home/matus/ros2_ws/install/rrm_msgs/share/rrm_msgs/package.zsh'
[0.823s] Level 1:colcon.colcon_core.environment:create_file_with_runtime_dependencies(/home/matus/ros2_ws/install/rrm_msgs/share/colcon-core/packages/rrm_msgs)
[0.827s] DEBUG:colcon.colcon_core.event_handler.log_command:Invoked command in '/home/matus/ros2_ws/build/cviko1' returned '2': CMAKE_PREFIX_PATH=${CMAKE_PREFIX_PATH}:/opt/ros/jazzy DEBUGINFOD_URLS=https://debuginfod.ubuntu.com /usr/bin/cmake --build /home/matus/ros2_ws/build/cviko1 -- -j12 -l12
[0.847s] Level 1:colcon.colcon_core.environment:create_environment_scripts_only(cviko1)
[0.847s] Level 1:colcon.colcon_core.environment:checking '/home/matus/ros2_ws/install/cviko1' for CMake module files
[0.848s] Level 1:colcon.colcon_core.environment:checking '/home/matus/ros2_ws/install/cviko1' for CMake config files
[0.848s] Level 1:colcon.colcon_core.shell:create_environment_hook('cviko1', 'cmake_prefix_path')
[0.848s] INFO:colcon.colcon_core.shell:Creating environment hook '/home/matus/ros2_ws/install/cviko1/share/cviko1/hook/cmake_prefix_path.ps1'
[0.849s] INFO:colcon.colcon_core.shell:Creating environment descriptor '/home/matus/ros2_ws/install/cviko1/share/cviko1/hook/cmake_prefix_path.dsv'
[0.849s] INFO:colcon.colcon_core.shell:Creating environment hook '/home/matus/ros2_ws/install/cviko1/share/cviko1/hook/cmake_prefix_path.sh'
[0.849s] Level 1:colcon.colcon_core.environment:checking '/home/matus/ros2_ws/install/cviko1/lib'
[0.849s] Level 1:colcon.colcon_core.environment:checking '/home/matus/ros2_ws/install/cviko1/bin'
[0.849s] Level 1:colcon.colcon_core.environment:checking '/home/matus/ros2_ws/install/cviko1/lib/pkgconfig/cviko1.pc'
[0.850s] Level 1:colcon.colcon_core.environment:checking '/home/matus/ros2_ws/install/cviko1/lib/python3.12/site-packages'
[0.850s] Level 1:colcon.colcon_core.environment:checking '/home/matus/ros2_ws/install/cviko1/bin'
[0.850s] INFO:colcon.colcon_core.shell:Creating package script '/home/matus/ros2_ws/install/cviko1/share/cviko1/package.ps1'
[0.850s] INFO:colcon.colcon_core.shell:Creating package descriptor '/home/matus/ros2_ws/install/cviko1/share/cviko1/package.dsv'
[0.850s] INFO:colcon.colcon_core.shell:Creating package script '/home/matus/ros2_ws/install/cviko1/share/cviko1/package.sh'
[0.851s] INFO:colcon.colcon_core.shell:Creating package script '/home/matus/ros2_ws/install/cviko1/share/cviko1/package.bash'
[0.851s] INFO:colcon.colcon_core.shell:Creating package script '/home/matus/ros2_ws/install/cviko1/share/cviko1/package.zsh'
[0.851s] Level 1:colcon.colcon_core.environment:create_file_with_runtime_dependencies(/home/matus/ros2_ws/install/cviko1/share/colcon-core/packages/cviko1)
[0.920s] DEBUG:colcon.colcon_parallel_executor.executor.parallel:closing loop
[0.920s] DEBUG:colcon.colcon_parallel_executor.executor.parallel:loop closed
[0.920s] DEBUG:colcon.colcon_parallel_executor.executor.parallel:run_until_complete finished with '2'
[0.920s] DEBUG:colcon.colcon_core.event_reactor:joining thread
[0.925s] INFO:colcon.colcon_core.plugin_system:Skipping extension 'colcon_notification.desktop_notification.terminal_notifier': Not used on non-Darwin systems
[0.925s] INFO:colcon.colcon_core.plugin_system:Skipping extension 'colcon_notification.desktop_notification.win32': Not used on non-Windows systems
[0.925s] INFO:colcon.colcon_notification.desktop_notification:Sending desktop notification using 'notify2'
[0.936s] DEBUG:colcon.colcon_core.event_reactor:joined thread
[0.936s] INFO:colcon.colcon_core.shell:Creating prefix script '/home/matus/ros2_ws/install/local_setup.ps1'
[0.937s] INFO:colcon.colcon_core.shell:Creating prefix util module '/home/matus/ros2_ws/install/_local_setup_util_ps1.py'
[0.938s] INFO:colcon.colcon_core.shell:Creating prefix chain script '/home/matus/ros2_ws/install/setup.ps1'
[0.939s] INFO:colcon.colcon_core.shell:Creating prefix script '/home/matus/ros2_ws/install/local_setup.sh'
[0.939s] INFO:colcon.colcon_core.shell:Creating prefix util module '/home/matus/ros2_ws/install/_local_setup_util_sh.py'
[0.939s] INFO:colcon.colcon_core.shell:Creating prefix chain script '/home/matus/ros2_ws/install/setup.sh'
[0.940s] INFO:colcon.colcon_core.shell:Creating prefix script '/home/matus/ros2_ws/install/local_setup.bash'
[0.940s] INFO:colcon.colcon_core.shell:Creating prefix chain script '/home/matus/ros2_ws/install/setup.bash'
[0.941s] INFO:colcon.colcon_core.shell:Creating prefix script '/home/matus/ros2_ws/install/local_setup.zsh'
[0.942s] INFO:colcon.colcon_core.shell:Creating prefix chain script '/home/matus/ros2_ws/install/setup.zsh'
