[0.027s] Invoking command in '/home/matus/ros2_ws/build/rrm_msgs': CMAKE_PREFIX_PATH=${CMAKE_PREFIX_PATH}:/opt/ros/jazzy DEBUGINFOD_URLS=https://debuginfod.ubuntu.com /usr/bin/cmake --build /home/matus/ros2_ws/build/rrm_msgs -- -j12 -l12
[0.117s] [  2%] Built target rrm_msgs__rosidl_generator_type_description
[0.135s] [  2%] Built target ament_cmake_python_copy_rrm_msgs
[0.152s] [  4%] Built target rrm_msgs__cpp
[0.158s] [ 22%] Built target rrm_msgs__rosidl_generator_c
[0.206s] [ 31%] Built target rrm_msgs__rosidl_typesupport_introspection_cpp
[0.206s] [ 43%] Built target rrm_msgs__rosidl_typesupport_c
[0.206s] [ 56%] Built target rrm_msgs__rosidl_typesupport_cpp
[0.207s] [ 59%] Built target rrm_msgs__rosidl_typesupport_introspection_c
[0.208s] [ 68%] Built target rrm_msgs__rosidl_typesupport_fastrtps_c
[0.211s] [ 77%] Built target rrm_msgs__rosidl_typesupport_fastrtps_cpp
[0.249s] [ 77%] Built target rrm_msgs
[0.290s] [ 79%] Built target rrm_msgs__py
[0.338s] [ 86%] Built target rrm_msgs__rosidl_generator_py
[0.380s] [100%] Built target rrm_msgs_s__rosidl_typesupport_introspection_c
[0.380s] [100%] Built target rrm_msgs_s__rosidl_typesupport_c
[0.380s] [100%] Built target rrm_msgs_s__rosidl_typesupport_fastrtps_c
[0.523s] running egg_info
[0.556s] writing rrm_msgs.egg-info/PKG-INFO
[0.556s] writing dependency_links to rrm_msgs.egg-info/dependency_links.txt
[0.557s] writing top-level names to rrm_msgs.egg-info/top_level.txt
[0.652s] reading manifest file 'rrm_msgs.egg-info/SOURCES.txt'
[0.652s] writing manifest file 'rrm_msgs.egg-info/SOURCES.txt'
[0.712s] [100%] Built target ament_cmake_python_build_rrm_msgs_egg
[0.734s] Invoked command in '/home/matus/ros2_ws/build/rrm_msgs' returned '0': CMAKE_PREFIX_PATH=${CMAKE_PREFIX_PATH}:/opt/ros/jazzy DEBUGINFOD_URLS=https://debuginfod.ubuntu.com /usr/bin/cmake --build /home/matus/ros2_ws/build/rrm_msgs -- -j12 -l12
[0.910s] Invoking command in '/home/matus/ros2_ws/build/rrm_msgs': CMAKE_PREFIX_PATH=${CMAKE_PREFIX_PATH}:/opt/ros/jazzy DEBUGINFOD_URLS=https://debuginfod.ubuntu.com /usr/bin/cmake --install /home/matus/ros2_ws/build/rrm_msgs
[0.926s] -- Install configuration: ""
[0.926s] -- Up-to-date: /home/matus/ros2_ws/install/rrm_msgs/share/ament_index/resource_index/rosidl_interfaces/rrm_msgs
[0.927s] -- Up-to-date: /home/matus/ros2_ws/install/rrm_msgs/share/rrm_msgs/msg/Command.json
[0.927s] -- Up-to-date: /home/matus/ros2_ws/install/rrm_msgs/share/rrm_msgs/srv/Command.json
[0.927s] -- Up-to-date: /home/matus/ros2_ws/install/rrm_msgs/include/rrm_msgs/rrm_msgs
[0.927s] -- Up-to-date: /home/matus/ros2_ws/install/rrm_msgs/include/rrm_msgs/rrm_msgs/srv
[0.927s] -- Up-to-date: /home/matus/ros2_ws/install/rrm_msgs/include/rrm_msgs/rrm_msgs/srv/command.h
[0.928s] -- Up-to-date: /home/matus/ros2_ws/install/rrm_msgs/include/rrm_msgs/rrm_msgs/srv/detail
[0.928s] -- Up-to-date: /home/matus/ros2_ws/install/rrm_msgs/include/rrm_msgs/rrm_msgs/srv/detail/command__functions.h
[0.928s] -- Up-to-date: /home/matus/ros2_ws/install/rrm_msgs/include/rrm_msgs/rrm_msgs/srv/detail/command__functions.c
[0.928s] -- Up-to-date: /home/matus/ros2_ws/install/rrm_msgs/include/rrm_msgs/rrm_msgs/srv/detail/command__description.c
[0.928s] -- Up-to-date: /home/matus/ros2_ws/install/rrm_msgs/include/rrm_msgs/rrm_msgs/srv/detail/command__struct.h
[0.928s] -- Up-to-date: /home/matus/ros2_ws/install/rrm_msgs/include/rrm_msgs/rrm_msgs/srv/detail/command__type_support.c
[0.928s] -- Up-to-date: /home/matus/ros2_ws/install/rrm_msgs/include/rrm_msgs/rrm_msgs/srv/detail/command__type_support.h
[0.928s] -- Up-to-date: /home/matus/ros2_ws/install/rrm_msgs/include/rrm_msgs/rrm_msgs/msg
[0.929s] -- Up-to-date: /home/matus/ros2_ws/install/rrm_msgs/include/rrm_msgs/rrm_msgs/msg/rosidl_generator_c__visibility_control.h
[0.929s] -- Up-to-date: /home/matus/ros2_ws/install/rrm_msgs/include/rrm_msgs/rrm_msgs/msg/command.h
[0.929s] -- Up-to-date: /home/matus/ros2_ws/install/rrm_msgs/include/rrm_msgs/rrm_msgs/msg/detail
[0.929s] -- Up-to-date: /home/matus/ros2_ws/install/rrm_msgs/include/rrm_msgs/rrm_msgs/msg/detail/command__functions.h
[0.929s] -- Up-to-date: /home/matus/ros2_ws/install/rrm_msgs/include/rrm_msgs/rrm_msgs/msg/detail/command__functions.c
[0.929s] -- Up-to-date: /home/matus/ros2_ws/install/rrm_msgs/include/rrm_msgs/rrm_msgs/msg/detail/command__description.c
[0.929s] -- Up-to-date: /home/matus/ros2_ws/install/rrm_msgs/include/rrm_msgs/rrm_msgs/msg/detail/command__struct.h
[0.929s] -- Up-to-date: /home/matus/ros2_ws/install/rrm_msgs/include/rrm_msgs/rrm_msgs/msg/detail/command__type_support.c
[0.930s] -- Up-to-date: /home/matus/ros2_ws/install/rrm_msgs/include/rrm_msgs/rrm_msgs/msg/detail/command__type_support.h
[0.930s] -- Up-to-date: /home/matus/ros2_ws/install/rrm_msgs/share/rrm_msgs/environment/library_path.sh
[0.930s] -- Up-to-date: /home/matus/ros2_ws/install/rrm_msgs/share/rrm_msgs/environment/library_path.dsv
[0.930s] -- Up-to-date: /home/matus/ros2_ws/install/rrm_msgs/lib/librrm_msgs__rosidl_generator_c.so
[0.930s] -- Up-to-date: /home/matus/ros2_ws/install/rrm_msgs/include/rrm_msgs/rrm_msgs
[0.930s] -- Up-to-date: /home/matus/ros2_ws/install/rrm_msgs/include/rrm_msgs/rrm_msgs/srv
[0.930s] -- Up-to-date: /home/matus/ros2_ws/install/rrm_msgs/include/rrm_msgs/rrm_msgs/srv/detail
[0.930s] -- Up-to-date: /home/matus/ros2_ws/install/rrm_msgs/include/rrm_msgs/rrm_msgs/srv/detail/command__rosidl_typesupport_fastrtps_c.h
[0.930s] -- Up-to-date: /home/matus/ros2_ws/install/rrm_msgs/include/rrm_msgs/rrm_msgs/msg
[0.931s] -- Up-to-date: /home/matus/ros2_ws/install/rrm_msgs/include/rrm_msgs/rrm_msgs/msg/rosidl_typesupport_fastrtps_c__visibility_control.h
[0.931s] -- Up-to-date: /home/matus/ros2_ws/install/rrm_msgs/include/rrm_msgs/rrm_msgs/msg/detail
[0.931s] -- Up-to-date: /home/matus/ros2_ws/install/rrm_msgs/include/rrm_msgs/rrm_msgs/msg/detail/command__rosidl_typesupport_fastrtps_c.h
[0.931s] -- Up-to-date: /home/matus/ros2_ws/install/rrm_msgs/lib/librrm_msgs__rosidl_typesupport_fastrtps_c.so
[0.931s] -- Up-to-date: /home/matus/ros2_ws/install/rrm_msgs/include/rrm_msgs/rrm_msgs
[0.931s] -- Up-to-date: /home/matus/ros2_ws/install/rrm_msgs/include/rrm_msgs/rrm_msgs/srv
[0.931s] -- Up-to-date: /home/matus/ros2_ws/install/rrm_msgs/include/rrm_msgs/rrm_msgs/srv/detail
[0.931s] -- Up-to-date: /home/matus/ros2_ws/install/rrm_msgs/include/rrm_msgs/rrm_msgs/srv/detail/command__rosidl_typesupport_introspection_c.h
[0.931s] -- Up-to-date: /home/matus/ros2_ws/install/rrm_msgs/include/rrm_msgs/rrm_msgs/srv/detail/command__type_support.c
[0.931s] -- Up-to-date: /home/matus/ros2_ws/install/rrm_msgs/include/rrm_msgs/rrm_msgs/msg
[0.932s] -- Up-to-date: /home/matus/ros2_ws/install/rrm_msgs/include/rrm_msgs/rrm_msgs/msg/rosidl_typesupport_introspection_c__visibility_control.h
[0.932s] -- Up-to-date: /home/matus/ros2_ws/install/rrm_msgs/include/rrm_msgs/rrm_msgs/msg/detail
[0.932s] -- Up-to-date: /home/matus/ros2_ws/install/rrm_msgs/include/rrm_msgs/rrm_msgs/msg/detail/command__rosidl_typesupport_introspection_c.h
[0.932s] -- Up-to-date: /home/matus/ros2_ws/install/rrm_msgs/include/rrm_msgs/rrm_msgs/msg/detail/command__type_support.c
[0.932s] -- Up-to-date: /home/matus/ros2_ws/install/rrm_msgs/lib/librrm_msgs__rosidl_typesupport_introspection_c.so
[0.932s] -- Up-to-date: /home/matus/ros2_ws/install/rrm_msgs/lib/librrm_msgs__rosidl_typesupport_c.so
[0.932s] -- Up-to-date: /home/matus/ros2_ws/install/rrm_msgs/include/rrm_msgs/rrm_msgs
[0.932s] -- Up-to-date: /home/matus/ros2_ws/install/rrm_msgs/include/rrm_msgs/rrm_msgs/srv
[0.932s] -- Up-to-date: /home/matus/ros2_ws/install/rrm_msgs/include/rrm_msgs/rrm_msgs/srv/command.hpp
[0.933s] -- Up-to-date: /home/matus/ros2_ws/install/rrm_msgs/include/rrm_msgs/rrm_msgs/srv/detail
[0.933s] -- Up-to-date: /home/matus/ros2_ws/install/rrm_msgs/include/rrm_msgs/rrm_msgs/srv/detail/command__struct.hpp
[0.933s] -- Up-to-date: /home/matus/ros2_ws/install/rrm_msgs/include/rrm_msgs/rrm_msgs/srv/detail/command__builder.hpp
[0.933s] -- Up-to-date: /home/matus/ros2_ws/install/rrm_msgs/include/rrm_msgs/rrm_msgs/srv/detail/command__traits.hpp
[0.933s] -- Up-to-date: /home/matus/ros2_ws/install/rrm_msgs/include/rrm_msgs/rrm_msgs/srv/detail/command__type_support.hpp
[0.933s] -- Up-to-date: /home/matus/ros2_ws/install/rrm_msgs/include/rrm_msgs/rrm_msgs/msg
[0.933s] -- Up-to-date: /home/matus/ros2_ws/install/rrm_msgs/include/rrm_msgs/rrm_msgs/msg/command.hpp
[0.933s] -- Up-to-date: /home/matus/ros2_ws/install/rrm_msgs/include/rrm_msgs/rrm_msgs/msg/detail
[0.934s] -- Up-to-date: /home/matus/ros2_ws/install/rrm_msgs/include/rrm_msgs/rrm_msgs/msg/detail/command__struct.hpp
[0.934s] -- Up-to-date: /home/matus/ros2_ws/install/rrm_msgs/include/rrm_msgs/rrm_msgs/msg/detail/command__builder.hpp
[0.934s] -- Up-to-date: /home/matus/ros2_ws/install/rrm_msgs/include/rrm_msgs/rrm_msgs/msg/detail/command__traits.hpp
[0.934s] -- Up-to-date: /home/matus/ros2_ws/install/rrm_msgs/include/rrm_msgs/rrm_msgs/msg/detail/command__type_support.hpp
[0.934s] -- Up-to-date: /home/matus/ros2_ws/install/rrm_msgs/include/rrm_msgs/rrm_msgs/msg/rosidl_generator_cpp__visibility_control.hpp
[0.934s] -- Up-to-date: /home/matus/ros2_ws/install/rrm_msgs/include/rrm_msgs/rrm_msgs
[0.934s] -- Up-to-date: /home/matus/ros2_ws/install/rrm_msgs/include/rrm_msgs/rrm_msgs/srv
[0.934s] -- Up-to-date: /home/matus/ros2_ws/install/rrm_msgs/include/rrm_msgs/rrm_msgs/srv/detail
[0.935s] -- Up-to-date: /home/matus/ros2_ws/install/rrm_msgs/include/rrm_msgs/rrm_msgs/srv/detail/command__rosidl_typesupport_fastrtps_cpp.hpp
[0.935s] -- Up-to-date: /home/matus/ros2_ws/install/rrm_msgs/include/rrm_msgs/rrm_msgs/srv/detail/dds_fastrtps
[0.935s] -- Up-to-date: /home/matus/ros2_ws/install/rrm_msgs/include/rrm_msgs/rrm_msgs/msg
[0.935s] -- Up-to-date: /home/matus/ros2_ws/install/rrm_msgs/include/rrm_msgs/rrm_msgs/msg/rosidl_typesupport_fastrtps_cpp__visibility_control.h
[0.935s] -- Up-to-date: /home/matus/ros2_ws/install/rrm_msgs/include/rrm_msgs/rrm_msgs/msg/detail
[0.935s] -- Up-to-date: /home/matus/ros2_ws/install/rrm_msgs/include/rrm_msgs/rrm_msgs/msg/detail/command__rosidl_typesupport_fastrtps_cpp.hpp
[0.935s] -- Up-to-date: /home/matus/ros2_ws/install/rrm_msgs/include/rrm_msgs/rrm_msgs/msg/detail/dds_fastrtps
[0.935s] -- Up-to-date: /home/matus/ros2_ws/install/rrm_msgs/lib/librrm_msgs__rosidl_typesupport_fastrtps_cpp.so
[0.936s] -- Up-to-date: /home/matus/ros2_ws/install/rrm_msgs/include/rrm_msgs/rrm_msgs
[0.936s] -- Up-to-date: /home/matus/ros2_ws/install/rrm_msgs/include/rrm_msgs/rrm_msgs/srv
[0.936s] -- Up-to-date: /home/matus/ros2_ws/install/rrm_msgs/include/rrm_msgs/rrm_msgs/srv/detail
[0.936s] -- Up-to-date: /home/matus/ros2_ws/install/rrm_msgs/include/rrm_msgs/rrm_msgs/srv/detail/command__rosidl_typesupport_introspection_cpp.hpp
[0.936s] -- Up-to-date: /home/matus/ros2_ws/install/rrm_msgs/include/rrm_msgs/rrm_msgs/srv/detail/command__type_support.cpp
[0.936s] -- Up-to-date: /home/matus/ros2_ws/install/rrm_msgs/include/rrm_msgs/rrm_msgs/msg
[0.936s] -- Up-to-date: /home/matus/ros2_ws/install/rrm_msgs/include/rrm_msgs/rrm_msgs/msg/detail
[0.936s] -- Up-to-date: /home/matus/ros2_ws/install/rrm_msgs/include/rrm_msgs/rrm_msgs/msg/detail/command__rosidl_typesupport_introspection_cpp.hpp
[0.937s] -- Up-to-date: /home/matus/ros2_ws/install/rrm_msgs/include/rrm_msgs/rrm_msgs/msg/detail/command__type_support.cpp
[0.937s] -- Up-to-date: /home/matus/ros2_ws/install/rrm_msgs/lib/librrm_msgs__rosidl_typesupport_introspection_cpp.so
[0.937s] -- Up-to-date: /home/matus/ros2_ws/install/rrm_msgs/lib/librrm_msgs__rosidl_typesupport_cpp.so
[0.937s] -- Up-to-date: /home/matus/ros2_ws/install/rrm_msgs/share/rrm_msgs/environment/pythonpath.sh
[0.937s] -- Up-to-date: /home/matus/ros2_ws/install/rrm_msgs/share/rrm_msgs/environment/pythonpath.dsv
[0.937s] -- Up-to-date: /home/matus/ros2_ws/install/rrm_msgs/lib/python3.12/site-packages/rrm_msgs-0.0.0-py3.12.egg-info
[0.937s] -- Installing: /home/matus/ros2_ws/install/rrm_msgs/lib/python3.12/site-packages/rrm_msgs-0.0.0-py3.12.egg-info/SOURCES.txt
[0.937s] -- Installing: /home/matus/ros2_ws/install/rrm_msgs/lib/python3.12/site-packages/rrm_msgs-0.0.0-py3.12.egg-info/dependency_links.txt
[0.937s] -- Installing: /home/matus/ros2_ws/install/rrm_msgs/lib/python3.12/site-packages/rrm_msgs-0.0.0-py3.12.egg-info/top_level.txt
[0.938s] -- Installing: /home/matus/ros2_ws/install/rrm_msgs/lib/python3.12/site-packages/rrm_msgs-0.0.0-py3.12.egg-info/PKG-INFO
[0.938s] -- Up-to-date: /home/matus/ros2_ws/install/rrm_msgs/lib/python3.12/site-packages/rrm_msgs
[0.938s] -- Up-to-date: /home/matus/ros2_ws/install/rrm_msgs/lib/python3.12/site-packages/rrm_msgs/_rrm_msgs_s.ep.rosidl_typesupport_c.c
[0.938s] -- Up-to-date: /home/matus/ros2_ws/install/rrm_msgs/lib/python3.12/site-packages/rrm_msgs/__init__.py
[0.938s] -- Up-to-date: /home/matus/ros2_ws/install/rrm_msgs/lib/python3.12/site-packages/rrm_msgs/rrm_msgs_s__rosidl_typesupport_fastrtps_c.so
[0.938s] -- Up-to-date: /home/matus/ros2_ws/install/rrm_msgs/lib/python3.12/site-packages/rrm_msgs/_rrm_msgs_s.ep.rosidl_typesupport_fastrtps_c.c
[0.938s] -- Up-to-date: /home/matus/ros2_ws/install/rrm_msgs/lib/python3.12/site-packages/rrm_msgs/srv
[0.938s] -- Up-to-date: /home/matus/ros2_ws/install/rrm_msgs/lib/python3.12/site-packages/rrm_msgs/srv/__init__.py
[0.938s] -- Up-to-date: /home/matus/ros2_ws/install/rrm_msgs/lib/python3.12/site-packages/rrm_msgs/srv/_command_s.c
[0.939s] -- Up-to-date: /home/matus/ros2_ws/install/rrm_msgs/lib/python3.12/site-packages/rrm_msgs/srv/_command.py
[0.939s] -- Up-to-date: /home/matus/ros2_ws/install/rrm_msgs/lib/python3.12/site-packages/rrm_msgs/rrm_msgs_s__rosidl_typesupport_introspection_c.so
[0.939s] -- Up-to-date: /home/matus/ros2_ws/install/rrm_msgs/lib/python3.12/site-packages/rrm_msgs/msg
[0.939s] -- Up-to-date: /home/matus/ros2_ws/install/rrm_msgs/lib/python3.12/site-packages/rrm_msgs/msg/__init__.py
[0.939s] -- Up-to-date: /home/matus/ros2_ws/install/rrm_msgs/lib/python3.12/site-packages/rrm_msgs/msg/_command_s.c
[0.939s] -- Up-to-date: /home/matus/ros2_ws/install/rrm_msgs/lib/python3.12/site-packages/rrm_msgs/msg/_command.py
[0.939s] -- Up-to-date: /home/matus/ros2_ws/install/rrm_msgs/lib/python3.12/site-packages/rrm_msgs/_rrm_msgs_s.ep.rosidl_typesupport_introspection_c.c
[0.939s] -- Up-to-date: /home/matus/ros2_ws/install/rrm_msgs/lib/python3.12/site-packages/rrm_msgs/rrm_msgs_s__rosidl_typesupport_c.so
[0.989s] Listing '/home/matus/ros2_ws/install/rrm_msgs/lib/python3.12/site-packages/rrm_msgs'...
[0.989s] Listing '/home/matus/ros2_ws/install/rrm_msgs/lib/python3.12/site-packages/rrm_msgs/msg'...
[0.989s] Listing '/home/matus/ros2_ws/install/rrm_msgs/lib/python3.12/site-packages/rrm_msgs/srv'...
[0.997s] -- Up-to-date: /home/matus/ros2_ws/install/rrm_msgs/lib/python3.12/site-packages/rrm_msgs/rrm_msgs_s__rosidl_typesupport_fastrtps_c.so
[0.998s] -- Up-to-date: /home/matus/ros2_ws/install/rrm_msgs/lib/python3.12/site-packages/rrm_msgs/rrm_msgs_s__rosidl_typesupport_introspection_c.so
[0.998s] -- Up-to-date: /home/matus/ros2_ws/install/rrm_msgs/lib/python3.12/site-packages/rrm_msgs/rrm_msgs_s__rosidl_typesupport_c.so
[0.999s] -- Up-to-date: /home/matus/ros2_ws/install/rrm_msgs/lib/librrm_msgs__rosidl_generator_py.so
[0.999s] -- Up-to-date: /home/matus/ros2_ws/install/rrm_msgs/share/rrm_msgs/msg/Command.idl
[0.999s] -- Up-to-date: /home/matus/ros2_ws/install/rrm_msgs/share/rrm_msgs/srv/Command.idl
[0.999s] -- Up-to-date: /home/matus/ros2_ws/install/rrm_msgs/share/rrm_msgs/msg/Command.msg
[1.000s] -- Up-to-date: /home/matus/ros2_ws/install/rrm_msgs/share/rrm_msgs/srv/Command.srv
[1.000s] -- Up-to-date: /home/matus/ros2_ws/install/rrm_msgs/share/ament_index/resource_index/package_run_dependencies/rrm_msgs
[1.000s] -- Up-to-date: /home/matus/ros2_ws/install/rrm_msgs/share/ament_index/resource_index/parent_prefix_path/rrm_msgs
[1.000s] -- Up-to-date: /home/matus/ros2_ws/install/rrm_msgs/share/rrm_msgs/environment/ament_prefix_path.sh
[1.000s] -- Up-to-date: /home/matus/ros2_ws/install/rrm_msgs/share/rrm_msgs/environment/ament_prefix_path.dsv
[1.000s] -- Up-to-date: /home/matus/ros2_ws/install/rrm_msgs/share/rrm_msgs/environment/path.sh
[1.000s] -- Up-to-date: /home/matus/ros2_ws/install/rrm_msgs/share/rrm_msgs/environment/path.dsv
[1.000s] -- Up-to-date: /home/matus/ros2_ws/install/rrm_msgs/share/rrm_msgs/local_setup.bash
[1.001s] -- Up-to-date: /home/matus/ros2_ws/install/rrm_msgs/share/rrm_msgs/local_setup.sh
[1.001s] -- Up-to-date: /home/matus/ros2_ws/install/rrm_msgs/share/rrm_msgs/local_setup.zsh
[1.001s] -- Up-to-date: /home/matus/ros2_ws/install/rrm_msgs/share/rrm_msgs/local_setup.dsv
[1.001s] -- Installing: /home/matus/ros2_ws/install/rrm_msgs/share/rrm_msgs/package.dsv
[1.001s] -- Up-to-date: /home/matus/ros2_ws/install/rrm_msgs/share/ament_index/resource_index/packages/rrm_msgs
[1.001s] -- Up-to-date: /home/matus/ros2_ws/install/rrm_msgs/share/rrm_msgs/cmake/export_rrm_msgs__rosidl_generator_cExport.cmake
[1.001s] -- Up-to-date: /home/matus/ros2_ws/install/rrm_msgs/share/rrm_msgs/cmake/export_rrm_msgs__rosidl_generator_cExport-noconfig.cmake
[1.001s] -- Up-to-date: /home/matus/ros2_ws/install/rrm_msgs/share/rrm_msgs/cmake/export_rrm_msgs__rosidl_typesupport_fastrtps_cExport.cmake
[1.002s] -- Up-to-date: /home/matus/ros2_ws/install/rrm_msgs/share/rrm_msgs/cmake/export_rrm_msgs__rosidl_typesupport_fastrtps_cExport-noconfig.cmake
[1.002s] -- Up-to-date: /home/matus/ros2_ws/install/rrm_msgs/share/rrm_msgs/cmake/rrm_msgs__rosidl_typesupport_introspection_cExport.cmake
[1.002s] -- Up-to-date: /home/matus/ros2_ws/install/rrm_msgs/share/rrm_msgs/cmake/rrm_msgs__rosidl_typesupport_introspection_cExport-noconfig.cmake
[1.002s] -- Up-to-date: /home/matus/ros2_ws/install/rrm_msgs/share/rrm_msgs/cmake/rrm_msgs__rosidl_typesupport_cExport.cmake
[1.002s] -- Up-to-date: /home/matus/ros2_ws/install/rrm_msgs/share/rrm_msgs/cmake/rrm_msgs__rosidl_typesupport_cExport-noconfig.cmake
[1.002s] -- Up-to-date: /home/matus/ros2_ws/install/rrm_msgs/share/rrm_msgs/cmake/export_rrm_msgs__rosidl_generator_cppExport.cmake
[1.002s] -- Up-to-date: /home/matus/ros2_ws/install/rrm_msgs/share/rrm_msgs/cmake/export_rrm_msgs__rosidl_typesupport_fastrtps_cppExport.cmake
[1.002s] -- Up-to-date: /home/matus/ros2_ws/install/rrm_msgs/share/rrm_msgs/cmake/export_rrm_msgs__rosidl_typesupport_fastrtps_cppExport-noconfig.cmake
[1.003s] -- Up-to-date: /home/matus/ros2_ws/install/rrm_msgs/share/rrm_msgs/cmake/rrm_msgs__rosidl_typesupport_introspection_cppExport.cmake
[1.003s] -- Up-to-date: /home/matus/ros2_ws/install/rrm_msgs/share/rrm_msgs/cmake/rrm_msgs__rosidl_typesupport_introspection_cppExport-noconfig.cmake
[1.003s] -- Up-to-date: /home/matus/ros2_ws/install/rrm_msgs/share/rrm_msgs/cmake/rrm_msgs__rosidl_typesupport_cppExport.cmake
[1.003s] -- Up-to-date: /home/matus/ros2_ws/install/rrm_msgs/share/rrm_msgs/cmake/rrm_msgs__rosidl_typesupport_cppExport-noconfig.cmake
[1.003s] -- Up-to-date: /home/matus/ros2_ws/install/rrm_msgs/share/rrm_msgs/cmake/export_rrm_msgs__rosidl_generator_pyExport.cmake
[1.003s] -- Up-to-date: /home/matus/ros2_ws/install/rrm_msgs/share/rrm_msgs/cmake/export_rrm_msgs__rosidl_generator_pyExport-noconfig.cmake
[1.003s] -- Up-to-date: /home/matus/ros2_ws/install/rrm_msgs/share/rrm_msgs/cmake/rosidl_cmake-extras.cmake
[1.003s] -- Up-to-date: /home/matus/ros2_ws/install/rrm_msgs/share/rrm_msgs/cmake/ament_cmake_export_dependencies-extras.cmake
[1.004s] -- Up-to-date: /home/matus/ros2_ws/install/rrm_msgs/share/rrm_msgs/cmake/ament_cmake_export_include_directories-extras.cmake
[1.004s] -- Up-to-date: /home/matus/ros2_ws/install/rrm_msgs/share/rrm_msgs/cmake/ament_cmake_export_libraries-extras.cmake
[1.004s] -- Up-to-date: /home/matus/ros2_ws/install/rrm_msgs/share/rrm_msgs/cmake/ament_cmake_export_targets-extras.cmake
[1.004s] -- Up-to-date: /home/matus/ros2_ws/install/rrm_msgs/share/rrm_msgs/cmake/rosidl_cmake_export_typesupport_targets-extras.cmake
[1.004s] -- Up-to-date: /home/matus/ros2_ws/install/rrm_msgs/share/rrm_msgs/cmake/rosidl_cmake_export_typesupport_libraries-extras.cmake
[1.004s] -- Up-to-date: /home/matus/ros2_ws/install/rrm_msgs/share/rrm_msgs/cmake/rrm_msgsConfig.cmake
[1.004s] -- Up-to-date: /home/matus/ros2_ws/install/rrm_msgs/share/rrm_msgs/cmake/rrm_msgsConfig-version.cmake
[1.004s] -- Up-to-date: /home/matus/ros2_ws/install/rrm_msgs/share/rrm_msgs/package.xml
[1.008s] Invoked command in '/home/matus/ros2_ws/build/rrm_msgs' returned '0': CMAKE_PREFIX_PATH=${CMAKE_PREFIX_PATH}:/opt/ros/jazzy DEBUGINFOD_URLS=https://debuginfod.ubuntu.com /usr/bin/cmake --install /home/matus/ros2_ws/build/rrm_msgs
