[0.023s] Invoking command in '/home/matus/ros2_ws/build/ik_solver_example': CMAKE_PREFIX_PATH=/home/matus/ros2_ws/install/abb_irb4600_ikfast:/home/matus/ros2_ws/install/trajectory_visualization:/home/matus/ros2_ws/install/rrm_simple_robot_model:/home/matus/ros2_ws/install/rrm_sim:/home/matus/ros2_ws/install/block2_matuska:/home/matus/ros2_ws/install/block1_matuska:/home/matus/ros2_ws/install/rrm_msgs:/home/matus/ros2_ws/install/matuska_interface:/home/matus/ros2_ws/install/ik_solver_example:/home/matus/ros2_ws/install/eigen_example:/home/matus/ros2_ws/install/cviko1:/home/matus/ros2_ws/install/cv1:/home/matus/ros2_ws/install/abb_model:/home/matus/ros2_ws/src/install/rrm_simple_robot_model:/home/matus/ros2_ws/src/install/rrm_sim:/home/matus/ros2_ws/src/install/block1_matuska:/home/matus/ros2_ws/src/install/rrm_msgs:/home/matus/ros2_ws/src/install/matuska_interface:/opt/ros/jazzy/opt/gz_math_vendor:/opt/ros/jazzy/opt/gz_utils_vendor:/opt/ros/jazzy/opt/gz_cmake_vendor:/opt/ros/jazzy DEBUGINFOD_URLS=https://debuginfod.ubuntu.com /usr/bin/cmake --build /home/matus/ros2_ws/build/ik_solver_example -- -j12 -l12
[0.078s] [100%] Built target ik_solver_example
[0.089s] Invoked command in '/home/matus/ros2_ws/build/ik_solver_example' returned '0': CMAKE_PREFIX_PATH=/home/matus/ros2_ws/install/abb_irb4600_ikfast:/home/matus/ros2_ws/install/trajectory_visualization:/home/matus/ros2_ws/install/rrm_simple_robot_model:/home/matus/ros2_ws/install/rrm_sim:/home/matus/ros2_ws/install/block2_matuska:/home/matus/ros2_ws/install/block1_matuska:/home/matus/ros2_ws/install/rrm_msgs:/home/matus/ros2_ws/install/matuska_interface:/home/matus/ros2_ws/install/ik_solver_example:/home/matus/ros2_ws/install/eigen_example:/home/matus/ros2_ws/install/cviko1:/home/matus/ros2_ws/install/cv1:/home/matus/ros2_ws/install/abb_model:/home/matus/ros2_ws/src/install/rrm_simple_robot_model:/home/matus/ros2_ws/src/install/rrm_sim:/home/matus/ros2_ws/src/install/block1_matuska:/home/matus/ros2_ws/src/install/rrm_msgs:/home/matus/ros2_ws/src/install/matuska_interface:/opt/ros/jazzy/opt/gz_math_vendor:/opt/ros/jazzy/opt/gz_utils_vendor:/opt/ros/jazzy/opt/gz_cmake_vendor:/opt/ros/jazzy DEBUGINFOD_URLS=https://debuginfod.ubuntu.com /usr/bin/cmake --build /home/matus/ros2_ws/build/ik_solver_example -- -j12 -l12
[0.112s] Invoking command in '/home/matus/ros2_ws/build/ik_solver_example': CMAKE_PREFIX_PATH=/home/matus/ros2_ws/install/abb_irb4600_ikfast:/home/matus/ros2_ws/install/trajectory_visualization:/home/matus/ros2_ws/install/rrm_simple_robot_model:/home/matus/ros2_ws/install/rrm_sim:/home/matus/ros2_ws/install/block2_matuska:/home/matus/ros2_ws/install/block1_matuska:/home/matus/ros2_ws/install/rrm_msgs:/home/matus/ros2_ws/install/matuska_interface:/home/matus/ros2_ws/install/ik_solver_example:/home/matus/ros2_ws/install/eigen_example:/home/matus/ros2_ws/install/cviko1:/home/matus/ros2_ws/install/cv1:/home/matus/ros2_ws/install/abb_model:/home/matus/ros2_ws/src/install/rrm_simple_robot_model:/home/matus/ros2_ws/src/install/rrm_sim:/home/matus/ros2_ws/src/install/block1_matuska:/home/matus/ros2_ws/src/install/rrm_msgs:/home/matus/ros2_ws/src/install/matuska_interface:/opt/ros/jazzy/opt/gz_math_vendor:/opt/ros/jazzy/opt/gz_utils_vendor:/opt/ros/jazzy/opt/gz_cmake_vendor:/opt/ros/jazzy DEBUGINFOD_URLS=https://debuginfod.ubuntu.com /usr/bin/cmake --install /home/matus/ros2_ws/build/ik_solver_example
[0.119s] -- Install configuration: ""
[0.119s] -- Up-to-date: /home/matus/ros2_ws/install/ik_solver_example/lib/ik_solver_example/ik_solver_example
[0.119s] -- Up-to-date: /home/matus/ros2_ws/install/ik_solver_example/share/ament_index/resource_index/package_run_dependencies/ik_solver_example
[0.120s] -- Up-to-date: /home/matus/ros2_ws/install/ik_solver_example/share/ament_index/resource_index/parent_prefix_path/ik_solver_example
[0.120s] -- Up-to-date: /home/matus/ros2_ws/install/ik_solver_example/share/ik_solver_example/environment/ament_prefix_path.sh
[0.120s] -- Up-to-date: /home/matus/ros2_ws/install/ik_solver_example/share/ik_solver_example/environment/ament_prefix_path.dsv
[0.120s] -- Up-to-date: /home/matus/ros2_ws/install/ik_solver_example/share/ik_solver_example/environment/path.sh
[0.120s] -- Up-to-date: /home/matus/ros2_ws/install/ik_solver_example/share/ik_solver_example/environment/path.dsv
[0.120s] -- Up-to-date: /home/matus/ros2_ws/install/ik_solver_example/share/ik_solver_example/local_setup.bash
[0.120s] -- Up-to-date: /home/matus/ros2_ws/install/ik_solver_example/share/ik_solver_example/local_setup.sh
[0.120s] -- Up-to-date: /home/matus/ros2_ws/install/ik_solver_example/share/ik_solver_example/local_setup.zsh
[0.121s] -- Up-to-date: /home/matus/ros2_ws/install/ik_solver_example/share/ik_solver_example/local_setup.dsv
[0.121s] -- Installing: /home/matus/ros2_ws/install/ik_solver_example/share/ik_solver_example/package.dsv
[0.121s] -- Up-to-date: /home/matus/ros2_ws/install/ik_solver_example/share/ament_index/resource_index/packages/ik_solver_example
[0.121s] -- Up-to-date: /home/matus/ros2_ws/install/ik_solver_example/share/ik_solver_example/cmake/ik_solver_exampleConfig.cmake
[0.121s] -- Up-to-date: /home/matus/ros2_ws/install/ik_solver_example/share/ik_solver_example/cmake/ik_solver_exampleConfig-version.cmake
[0.121s] -- Up-to-date: /home/matus/ros2_ws/install/ik_solver_example/share/ik_solver_example/package.xml
[0.122s] Invoked command in '/home/matus/ros2_ws/build/ik_solver_example' returned '0': CMAKE_PREFIX_PATH=/home/matus/ros2_ws/install/abb_irb4600_ikfast:/home/matus/ros2_ws/install/trajectory_visualization:/home/matus/ros2_ws/install/rrm_simple_robot_model:/home/matus/ros2_ws/install/rrm_sim:/home/matus/ros2_ws/install/block2_matuska:/home/matus/ros2_ws/install/block1_matuska:/home/matus/ros2_ws/install/rrm_msgs:/home/matus/ros2_ws/install/matuska_interface:/home/matus/ros2_ws/install/ik_solver_example:/home/matus/ros2_ws/install/eigen_example:/home/matus/ros2_ws/install/cviko1:/home/matus/ros2_ws/install/cv1:/home/matus/ros2_ws/install/abb_model:/home/matus/ros2_ws/src/install/rrm_simple_robot_model:/home/matus/ros2_ws/src/install/rrm_sim:/home/matus/ros2_ws/src/install/block1_matuska:/home/matus/ros2_ws/src/install/rrm_msgs:/home/matus/ros2_ws/src/install/matuska_interface:/opt/ros/jazzy/opt/gz_math_vendor:/opt/ros/jazzy/opt/gz_utils_vendor:/opt/ros/jazzy/opt/gz_cmake_vendor:/opt/ros/jazzy DEBUGINFOD_URLS=https://debuginfod.ubuntu.com /usr/bin/cmake --install /home/matus/ros2_ws/build/ik_solver_example
