[0.015s] Invoking command in '/home/matus/ros2_ws/build/cviko1': CMAKE_PREFIX_PATH=${CMAKE_PREFIX_PATH}:/opt/ros/jazzy DEBUGINFOD_URLS=https://debuginfod.ubuntu.com /usr/bin/cmake --build /home/matus/ros2_ws/build/cviko1 -- -j12 -l12
[0.085s] [ 33%] [32mBuilding CXX object CMakeFiles/cviko1_node.dir/src/cviko1_node.cpp.o[0m
[0.086s] [ 66%] [32mBuilding CXX object CMakeFiles/cviko1_node.dir/src/robot.cpp.o[0m
[2.219s] [01m[K/home/matus/ros2_ws/cviko1/src/cviko1_node.cpp:[m[K In function ‘[01m[Kint[01;32m[K main[m[K(int, char**)[m[K’:
[2.219s] [01m[K/home/matus/ros2_ws/cviko1/src/cviko1_node.cpp:41:19:[m[K [01;31m[Kerror: [m[Kno matching function for call to ‘[01m[KRobot::move(double&)[m[K’
[2.219s]    41 |         [01;31m[Krobot.move(move_amount)[m[K;
[2.219s]       |         [01;31m[K~~~~~~~~~~^~~~~~~~~~~~~[m[K
[2.219s] In file included from [01m[K/home/matus/ros2_ws/cviko1/src/cviko1_node.cpp:3[m[K:
[2.219s] [01m[K/home/matus/ros2_ws/cviko1/include/cviko1/robot.hpp:7:10:[m[K [01;36m[Knote: [m[Kcandidate: ‘[01m[Kvoid Robot::[01;32m[Kmove[m[K(double, double)[m[K’
[2.219s]     7 |     void [01;36m[Kmove[m[K(double dx, double dy);
[2.219s]       |          [01;36m[K^~~~[m[K
[2.219s] [01m[K/home/matus/ros2_ws/cviko1/include/cviko1/robot.hpp:7:10:[m[K [01;36m[Knote: [m[K  candidate expects 2 arguments, 1 provided
[2.219s] In file included from [01m[K/opt/ros/jazzy/include/rclcpp/rclcpp/logging.hpp:24[m[K,
[2.219s]                  from [01m[K/opt/ros/jazzy/include/rclcpp/rclcpp/copy_all_parameter_values.hpp:27[m[K,
[2.220s]                  from [01m[K/opt/ros/jazzy/include/rclcpp/rclcpp/rclcpp.hpp:171[m[K,
[2.220s]                  from [01m[K/home/matus/ros2_ws/cviko1/src/cviko1_node.cpp:2[m[K:
[2.220s] [01m[K/home/matus/ros2_ws/cviko1/src/cviko1_node.cpp:42:73:[m[K [01;31m[Kerror: [m[K‘[01m[Kclass Robot[m[K’ has no member named ‘[01m[KgetCurrentPosition[m[K’
[2.220s]    42 | RCLCPP_INFO(node->get_logger(), "Aktuálna pozícia: %.2f", robot.[01;31m[KgetCurrentPosition[m[K());
[2.220s]       |                                                                 [01;31m[K^~~~~~~~~~~~~~~~~~[m[K
[2.220s] 
[2.812s] gmake[2]: *** [CMakeFiles/cviko1_node.dir/build.make:76: CMakeFiles/cviko1_node.dir/src/cviko1_node.cpp.o] Error 1
[2.812s] gmake[1]: *** [CMakeFiles/Makefile2:137: CMakeFiles/cviko1_node.dir/all] Error 2
[2.813s] gmake: *** [Makefile:146: all] Error 2
[2.816s] Invoked command in '/home/matus/ros2_ws/build/cviko1' returned '2': CMAKE_PREFIX_PATH=${CMAKE_PREFIX_PATH}:/opt/ros/jazzy DEBUGINFOD_URLS=https://debuginfod.ubuntu.com /usr/bin/cmake --build /home/matus/ros2_ws/build/cviko1 -- -j12 -l12
