[0.017s] Invoking command in '/home/matus/ros2_ws/build/cviko1': CMAKE_PREFIX_PATH=${CMAKE_PREFIX_PATH}:/opt/ros/jazzy DEBUGINFOD_URLS=https://debuginfod.ubuntu.com /usr/bin/cmake --build /home/matus/ros2_ws/build/cviko1 -- -j12 -l12
[0.072s] [ 50%] [32mBuilding CXX object CMakeFiles/cviko1_node.dir/src/cviko1_node.cpp.o[0m
[0.129s] [100%] [32m[1mLinking CXX executable cviko1_node[0m
[0.213s] [100%] Built target cviko1_node
[0.228s] Invoked command in '/home/matus/ros2_ws/build/cviko1' returned '0': CMAKE_PREFIX_PATH=${CMAKE_PREFIX_PATH}:/opt/ros/jazzy DEBUGINFOD_URLS=https://debuginfod.ubuntu.com /usr/bin/cmake --build /home/matus/ros2_ws/build/cviko1 -- -j12 -l12
[0.257s] Invoking command in '/home/matus/ros2_ws/build/cviko1': CMAKE_PREFIX_PATH=${CMAKE_PREFIX_PATH}:/opt/ros/jazzy DEBUGINFOD_URLS=https://debuginfod.ubuntu.com /usr/bin/cmake --install /home/matus/ros2_ws/build/cviko1
[0.266s] -- Install configuration: ""
[0.267s] -- Installing: /home/matus/ros2_ws/install/cviko1/lib/cviko1/cviko1_node
[0.267s] -- Set non-toolchain portion of runtime path of "/home/matus/ros2_ws/install/cviko1/lib/cviko1/cviko1_node" to ""
[0.267s] -- Up-to-date: /home/matus/ros2_ws/install/cviko1/share/ament_index/resource_index/package_run_dependencies/cviko1
[0.268s] -- Up-to-date: /home/matus/ros2_ws/install/cviko1/share/ament_index/resource_index/parent_prefix_path/cviko1
[0.268s] -- Up-to-date: /home/matus/ros2_ws/install/cviko1/share/cviko1/environment/ament_prefix_path.sh
[0.268s] -- Up-to-date: /home/matus/ros2_ws/install/cviko1/share/cviko1/environment/ament_prefix_path.dsv
[0.268s] -- Up-to-date: /home/matus/ros2_ws/install/cviko1/share/cviko1/environment/path.sh
[0.268s] -- Up-to-date: /home/matus/ros2_ws/install/cviko1/share/cviko1/environment/path.dsv
[0.268s] -- Up-to-date: /home/matus/ros2_ws/install/cviko1/share/cviko1/local_setup.bash
[0.268s] -- Up-to-date: /home/matus/ros2_ws/install/cviko1/share/cviko1/local_setup.sh
[0.269s] -- Up-to-date: /home/matus/ros2_ws/install/cviko1/share/cviko1/local_setup.zsh
[0.269s] -- Up-to-date: /home/matus/ros2_ws/install/cviko1/share/cviko1/local_setup.dsv
[0.269s] -- Installing: /home/matus/ros2_ws/install/cviko1/share/cviko1/package.dsv
[0.269s] -- Up-to-date: /home/matus/ros2_ws/install/cviko1/share/ament_index/resource_index/packages/cviko1
[0.269s] -- Up-to-date: /home/matus/ros2_ws/install/cviko1/share/cviko1/cmake/cviko1Config.cmake
[0.269s] -- Up-to-date: /home/matus/ros2_ws/install/cviko1/share/cviko1/cmake/cviko1Config-version.cmake
[0.269s] -- Up-to-date: /home/matus/ros2_ws/install/cviko1/share/cviko1/package.xml
[0.270s] Invoked command in '/home/matus/ros2_ws/build/cviko1' returned '0': CMAKE_PREFIX_PATH=${CMAKE_PREFIX_PATH}:/opt/ros/jazzy DEBUGINFOD_URLS=https://debuginfod.ubuntu.com /usr/bin/cmake --install /home/matus/ros2_ws/build/cviko1
