[0.009s] Invoking command in '/home/matus/ros2_ws/build/rrm_sim': CMAKE_PREFIX_PATH=/home/matus/ros2_ws/install/rrm_msgs:/home/matus/ros2_ws/install/rrm_simple_robot_model:/home/matus/ros2_ws/install/rrm_sim:/home/matus/ros2_ws/install/block1_matuska:/home/matus/ros2_ws/install/matuska_interface:/home/matus/ros2_ws/install/eigen_example:/home/matus/ros2_ws/install/cviko1:/home/matus/ros2_ws/install/cv1:/home/matus/ros2_ws/src/install/rrm_simple_robot_model:/home/matus/ros2_ws/src/install/rrm_sim:/home/matus/ros2_ws/src/install/block1_matuska:/home/matus/ros2_ws/src/install/rrm_msgs:/home/matus/ros2_ws/src/install/matuska_interface:/opt/ros/jazzy/opt/gz_math_vendor:/opt/ros/jazzy/opt/gz_utils_vendor:/opt/ros/jazzy/opt/gz_cmake_vendor:/opt/ros/jazzy DEBUGINFOD_URLS=https://debuginfod.ubuntu.com /usr/bin/cmake --build /home/matus/ros2_ws/build/rrm_sim -- -j12 -l12
[0.060s] [ 33%] [32mBuilding CXX object CMakeFiles/robot_sim_node.dir/src/motion.cpp.o[0m
[2.896s] [ 66%] [32m[1mLinking CXX executable robot_sim_node[0m
[3.167s] [100%] Built target robot_sim_node
[3.178s] Invoked command in '/home/matus/ros2_ws/build/rrm_sim' returned '0': CMAKE_PREFIX_PATH=/home/matus/ros2_ws/install/rrm_msgs:/home/matus/ros2_ws/install/rrm_simple_robot_model:/home/matus/ros2_ws/install/rrm_sim:/home/matus/ros2_ws/install/block1_matuska:/home/matus/ros2_ws/install/matuska_interface:/home/matus/ros2_ws/install/eigen_example:/home/matus/ros2_ws/install/cviko1:/home/matus/ros2_ws/install/cv1:/home/matus/ros2_ws/src/install/rrm_simple_robot_model:/home/matus/ros2_ws/src/install/rrm_sim:/home/matus/ros2_ws/src/install/block1_matuska:/home/matus/ros2_ws/src/install/rrm_msgs:/home/matus/ros2_ws/src/install/matuska_interface:/opt/ros/jazzy/opt/gz_math_vendor:/opt/ros/jazzy/opt/gz_utils_vendor:/opt/ros/jazzy/opt/gz_cmake_vendor:/opt/ros/jazzy DEBUGINFOD_URLS=https://debuginfod.ubuntu.com /usr/bin/cmake --build /home/matus/ros2_ws/build/rrm_sim -- -j12 -l12
[3.203s] Invoking command in '/home/matus/ros2_ws/build/rrm_sim': CMAKE_PREFIX_PATH=/home/matus/ros2_ws/install/rrm_msgs:/home/matus/ros2_ws/install/rrm_simple_robot_model:/home/matus/ros2_ws/install/rrm_sim:/home/matus/ros2_ws/install/block1_matuska:/home/matus/ros2_ws/install/matuska_interface:/home/matus/ros2_ws/install/eigen_example:/home/matus/ros2_ws/install/cviko1:/home/matus/ros2_ws/install/cv1:/home/matus/ros2_ws/src/install/rrm_simple_robot_model:/home/matus/ros2_ws/src/install/rrm_sim:/home/matus/ros2_ws/src/install/block1_matuska:/home/matus/ros2_ws/src/install/rrm_msgs:/home/matus/ros2_ws/src/install/matuska_interface:/opt/ros/jazzy/opt/gz_math_vendor:/opt/ros/jazzy/opt/gz_utils_vendor:/opt/ros/jazzy/opt/gz_cmake_vendor:/opt/ros/jazzy DEBUGINFOD_URLS=https://debuginfod.ubuntu.com /usr/bin/cmake --install /home/matus/ros2_ws/build/rrm_sim
[3.210s] -- Install configuration: ""
[3.211s] -- Installing: /home/matus/ros2_ws/install/rrm_sim/lib/rrm_sim/robot_sim_node
[3.216s] -- Set non-toolchain portion of runtime path of "/home/matus/ros2_ws/install/rrm_sim/lib/rrm_sim/robot_sim_node" to ""
[3.216s] -- Up-to-date: /home/matus/ros2_ws/install/rrm_sim/share/rrm_sim/launch
[3.217s] -- Up-to-date: /home/matus/ros2_ws/install/rrm_sim/share/rrm_sim/launch/rrm_sim.launch.xml
[3.217s] -- Up-to-date: /home/matus/ros2_ws/install/rrm_sim/share/ament_index/resource_index/package_run_dependencies/rrm_sim
[3.217s] -- Up-to-date: /home/matus/ros2_ws/install/rrm_sim/share/ament_index/resource_index/parent_prefix_path/rrm_sim
[3.217s] -- Up-to-date: /home/matus/ros2_ws/install/rrm_sim/share/rrm_sim/environment/ament_prefix_path.sh
[3.217s] -- Up-to-date: /home/matus/ros2_ws/install/rrm_sim/share/rrm_sim/environment/ament_prefix_path.dsv
[3.217s] -- Up-to-date: /home/matus/ros2_ws/install/rrm_sim/share/rrm_sim/environment/path.sh
[3.217s] -- Up-to-date: /home/matus/ros2_ws/install/rrm_sim/share/rrm_sim/environment/path.dsv
[3.217s] -- Up-to-date: /home/matus/ros2_ws/install/rrm_sim/share/rrm_sim/local_setup.bash
[3.217s] -- Up-to-date: /home/matus/ros2_ws/install/rrm_sim/share/rrm_sim/local_setup.sh
[3.217s] -- Up-to-date: /home/matus/ros2_ws/install/rrm_sim/share/rrm_sim/local_setup.zsh
[3.217s] -- Up-to-date: /home/matus/ros2_ws/install/rrm_sim/share/rrm_sim/local_setup.dsv
[3.217s] -- Installing: /home/matus/ros2_ws/install/rrm_sim/share/rrm_sim/package.dsv
[3.218s] -- Up-to-date: /home/matus/ros2_ws/install/rrm_sim/share/ament_index/resource_index/packages/rrm_sim
[3.218s] -- Up-to-date: /home/matus/ros2_ws/install/rrm_sim/share/rrm_sim/cmake/rrm_simConfig.cmake
[3.218s] -- Up-to-date: /home/matus/ros2_ws/install/rrm_sim/share/rrm_sim/cmake/rrm_simConfig-version.cmake
[3.218s] -- Up-to-date: /home/matus/ros2_ws/install/rrm_sim/share/rrm_sim/package.xml
[3.219s] Invoked command in '/home/matus/ros2_ws/build/rrm_sim' returned '0': CMAKE_PREFIX_PATH=/home/matus/ros2_ws/install/rrm_msgs:/home/matus/ros2_ws/install/rrm_simple_robot_model:/home/matus/ros2_ws/install/rrm_sim:/home/matus/ros2_ws/install/block1_matuska:/home/matus/ros2_ws/install/matuska_interface:/home/matus/ros2_ws/install/eigen_example:/home/matus/ros2_ws/install/cviko1:/home/matus/ros2_ws/install/cv1:/home/matus/ros2_ws/src/install/rrm_simple_robot_model:/home/matus/ros2_ws/src/install/rrm_sim:/home/matus/ros2_ws/src/install/block1_matuska:/home/matus/ros2_ws/src/install/rrm_msgs:/home/matus/ros2_ws/src/install/matuska_interface:/opt/ros/jazzy/opt/gz_math_vendor:/opt/ros/jazzy/opt/gz_utils_vendor:/opt/ros/jazzy/opt/gz_cmake_vendor:/opt/ros/jazzy DEBUGINFOD_URLS=https://debuginfod.ubuntu.com /usr/bin/cmake --install /home/matus/ros2_ws/build/rrm_sim
