[100%] Built target abb_irb4600_ikfast
-- Install configuration: ""
-- Up-to-date: /home/matus/ros2_ws/install/abb_irb4600_ikfast/include/abb_irb4600_ikfast
-- Up-to-date: /home/matus/ros2_ws/install/abb_irb4600_ikfast/include/abb_irb4600_ikfast/abb_irb4600_ikfast
-- Up-to-date: /home/matus/ros2_ws/install/abb_irb4600_ikfast/include/abb_irb4600_ikfast/abb_irb4600_ikfast/abb_irb4600_ikfast.h
-- Up-to-date: /home/matus/ros2_ws/install/abb_irb4600_ikfast/lib/libabb_irb4600_ikfast.a
-- Up-to-date: /home/matus/ros2_ws/install/abb_irb4600_ikfast/share/abb_irb4600_ikfast/environment/library_path.sh
-- Up-to-date: /home/matus/ros2_ws/install/abb_irb4600_ikfast/share/abb_irb4600_ikfast/environment/library_path.dsv
-- Up-to-date: /home/matus/ros2_ws/install/abb_irb4600_ikfast/share/ament_index/resource_index/package_run_dependencies/abb_irb4600_ikfast
-- Up-to-date: /home/matus/ros2_ws/install/abb_irb4600_ikfast/share/ament_index/resource_index/parent_prefix_path/abb_irb4600_ikfast
-- Up-to-date: /home/matus/ros2_ws/install/abb_irb4600_ikfast/share/abb_irb4600_ikfast/environment/ament_prefix_path.sh
-- Up-to-date: /home/matus/ros2_ws/install/abb_irb4600_ikfast/share/abb_irb4600_ikfast/environment/ament_prefix_path.dsv
-- Up-to-date: /home/matus/ros2_ws/install/abb_irb4600_ikfast/share/abb_irb4600_ikfast/environment/path.sh
-- Up-to-date: /home/matus/ros2_ws/install/abb_irb4600_ikfast/share/abb_irb4600_ikfast/environment/path.dsv
-- Up-to-date: /home/matus/ros2_ws/install/abb_irb4600_ikfast/share/abb_irb4600_ikfast/local_setup.bash
-- Up-to-date: /home/matus/ros2_ws/install/abb_irb4600_ikfast/share/abb_irb4600_ikfast/local_setup.sh
-- Up-to-date: /home/matus/ros2_ws/install/abb_irb4600_ikfast/share/abb_irb4600_ikfast/local_setup.zsh
-- Up-to-date: /home/matus/ros2_ws/install/abb_irb4600_ikfast/share/abb_irb4600_ikfast/local_setup.dsv
-- Installing: /home/matus/ros2_ws/install/abb_irb4600_ikfast/share/abb_irb4600_ikfast/package.dsv
-- Up-to-date: /home/matus/ros2_ws/install/abb_irb4600_ikfast/share/ament_index/resource_index/packages/abb_irb4600_ikfast
-- Up-to-date: /home/matus/ros2_ws/install/abb_irb4600_ikfast/share/abb_irb4600_ikfast/cmake/ament_cmake_export_include_directories-extras.cmake
-- Up-to-date: /home/matus/ros2_ws/install/abb_irb4600_ikfast/share/abb_irb4600_ikfast/cmake/ament_cmake_export_libraries-extras.cmake
-- Up-to-date: /home/matus/ros2_ws/install/abb_irb4600_ikfast/share/abb_irb4600_ikfast/cmake/abb_irb4600_ikfastConfig.cmake
-- Up-to-date: /home/matus/ros2_ws/install/abb_irb4600_ikfast/share/abb_irb4600_ikfast/cmake/abb_irb4600_ikfastConfig-version.cmake
-- Up-to-date: /home/matus/ros2_ws/install/abb_irb4600_ikfast/share/abb_irb4600_ikfast/package.xml
