[0.010s] Invoking command in '/home/matus/ros2_ws/build/cv1': DEBUGINFOD_URLS=https://debuginfod.ubuntu.com /usr/bin/cmake --build /home/matus/ros2_ws/build/cv1 -- -j12 -l12
[0.071s] [100%] Built target cv1_node
[0.085s] Invoked command in '/home/matus/ros2_ws/build/cv1' returned '0': DEBUGINFOD_URLS=https://debuginfod.ubuntu.com /usr/bin/cmake --build /home/matus/ros2_ws/build/cv1 -- -j12 -l12
[0.128s] Invoking command in '/home/matus/ros2_ws/build/cv1': DEBUGINFOD_URLS=https://debuginfod.ubuntu.com /usr/bin/cmake --install /home/matus/ros2_ws/build/cv1
[0.135s] -- Install configuration: ""
[0.136s] -- Up-to-date: /home/matus/ros2_ws/install/cv1/lib/cv1/cv1_node
[0.136s] -- Up-to-date: /home/matus/ros2_ws/install/cv1/share/ament_index/resource_index/package_run_dependencies/cv1
[0.136s] -- Up-to-date: /home/matus/ros2_ws/install/cv1/share/ament_index/resource_index/parent_prefix_path/cv1
[0.136s] -- Up-to-date: /home/matus/ros2_ws/install/cv1/share/cv1/environment/ament_prefix_path.sh
[0.136s] -- Up-to-date: /home/matus/ros2_ws/install/cv1/share/cv1/environment/ament_prefix_path.dsv
[0.136s] -- Up-to-date: /home/matus/ros2_ws/install/cv1/share/cv1/environment/path.sh
[0.136s] -- Up-to-date: /home/matus/ros2_ws/install/cv1/share/cv1/environment/path.dsv
[0.137s] -- Up-to-date: /home/matus/ros2_ws/install/cv1/share/cv1/local_setup.bash
[0.137s] -- Up-to-date: /home/matus/ros2_ws/install/cv1/share/cv1/local_setup.sh
[0.137s] -- Up-to-date: /home/matus/ros2_ws/install/cv1/share/cv1/local_setup.zsh
[0.137s] -- Up-to-date: /home/matus/ros2_ws/install/cv1/share/cv1/local_setup.dsv
[0.137s] -- Up-to-date: /home/matus/ros2_ws/install/cv1/share/cv1/package.dsv
[0.137s] -- Up-to-date: /home/matus/ros2_ws/install/cv1/share/ament_index/resource_index/packages/cv1
[0.137s] -- Up-to-date: /home/matus/ros2_ws/install/cv1/share/cv1/cmake/cv1Config.cmake
[0.137s] -- Up-to-date: /home/matus/ros2_ws/install/cv1/share/cv1/cmake/cv1Config-version.cmake
[0.137s] -- Up-to-date: /home/matus/ros2_ws/install/cv1/share/cv1/package.xml
[0.139s] Invoked command in '/home/matus/ros2_ws/build/cv1' returned '0': DEBUGINFOD_URLS=https://debuginfod.ubuntu.com /usr/bin/cmake --install /home/matus/ros2_ws/build/cv1
