[0.034s] Invoking command in '/home/matus/ros2_ws/build/rrm_msgs': CMAKE_PREFIX_PATH=${CMAKE_PREFIX_PATH}:/opt/ros/jazzy DEBUGINFOD_URLS=https://debuginfod.ubuntu.com /usr/bin/cmake --build /home/matus/ros2_ws/build/rrm_msgs -- -j12 -l12
[0.085s] [  2%] Built target rrm_msgs__rosidl_generator_type_description
[0.098s] [  2%] Built target ament_cmake_python_copy_rrm_msgs
[0.111s] [  4%] Built target rrm_msgs__cpp
[0.115s] [ 22%] Built target rrm_msgs__rosidl_generator_c
[0.148s] [ 25%] [32mBuilding CXX object CMakeFiles/rrm_msgs__rosidl_typesupport_fastrtps_c.dir/rosidl_typesupport_fastrtps_c/rrm_msgs/msg/detail/command__type_support_c.cpp.o[0m
[0.148s] [ 27%] [32mBuilding CXX object CMakeFiles/rrm_msgs__rosidl_typesupport_introspection_cpp.dir/rosidl_typesupport_introspection_cpp/rrm_msgs/srv/detail/command__type_support.cpp.o[0m
[0.155s] [ 29%] [32mBuilding CXX object CMakeFiles/rrm_msgs__rosidl_typesupport_introspection_cpp.dir/rosidl_typesupport_introspection_cpp/rrm_msgs/msg/detail/command__type_support.cpp.o[0m
[0.159s] [ 38%] Built target rrm_msgs__rosidl_typesupport_c
[0.166s] [ 40%] [32mBuilding CXX object CMakeFiles/rrm_msgs__rosidl_typesupport_cpp.dir/rosidl_typesupport_cpp/rrm_msgs/msg/command__type_support.cpp.o[0m
[0.166s] [ 50%] Built target rrm_msgs__rosidl_typesupport_introspection_c
[0.169s] [ 52%] [32mBuilding CXX object CMakeFiles/rrm_msgs__rosidl_typesupport_fastrtps_c.dir/rosidl_typesupport_fastrtps_c/rrm_msgs/srv/detail/command__type_support_c.cpp.o[0m
[0.170s] [ 54%] [32mBuilding CXX object CMakeFiles/rrm_msgs__rosidl_typesupport_cpp.dir/rosidl_typesupport_cpp/rrm_msgs/srv/command__type_support.cpp.o[0m
[0.181s] [ 56%] [32mBuilding CXX object CMakeFiles/rrm_msgs__rosidl_typesupport_fastrtps_cpp.dir/rosidl_typesupport_fastrtps_cpp/rrm_msgs/msg/detail/dds_fastrtps/command__type_support.cpp.o[0m
[0.184s] [ 59%] [32mBuilding CXX object CMakeFiles/rrm_msgs__rosidl_typesupport_fastrtps_cpp.dir/rosidl_typesupport_fastrtps_cpp/rrm_msgs/srv/detail/dds_fastrtps/command__type_support.cpp.o[0m
[0.451s] running egg_info
[0.530s] writing rrm_msgs.egg-info/PKG-INFO
[0.530s] writing dependency_links to rrm_msgs.egg-info/dependency_links.txt
[0.530s] writing top-level names to rrm_msgs.egg-info/top_level.txt
[0.651s] reading manifest file 'rrm_msgs.egg-info/SOURCES.txt'
[0.660s] writing manifest file 'rrm_msgs.egg-info/SOURCES.txt'
[0.817s] [ 59%] Built target ament_cmake_python_build_rrm_msgs_egg
[0.977s] [ 61%] [32m[1mLinking CXX shared library librrm_msgs__rosidl_typesupport_cpp.so[0m
[1.128s] [ 63%] Built target rrm_msgs__rosidl_typesupport_cpp
[1.137s] [ 65%] [32m[1mLinking CXX shared library librrm_msgs__rosidl_typesupport_introspection_cpp.so[0m
[1.229s] [ 68%] Built target rrm_msgs__rosidl_typesupport_introspection_cpp
[1.232s] [ 70%] [32m[1mLinking CXX shared library librrm_msgs__rosidl_typesupport_fastrtps_c.so[0m
[1.311s] [ 72%] Built target rrm_msgs__rosidl_typesupport_fastrtps_c
[1.366s] [ 75%] [32m[1mLinking CXX shared library librrm_msgs__rosidl_typesupport_fastrtps_cpp.so[0m
[1.435s] [ 77%] Built target rrm_msgs__rosidl_typesupport_fastrtps_cpp
[1.454s] [ 77%] Built target rrm_msgs
[1.475s] [ 79%] Built target rrm_msgs__py
[1.498s] [ 84%] [32mBuilding C object CMakeFiles/rrm_msgs__rosidl_generator_py.dir/rosidl_generator_py/rrm_msgs/msg/_command_s.c.o[0m
[1.498s] [ 84%] [32mBuilding C object CMakeFiles/rrm_msgs__rosidl_generator_py.dir/rosidl_generator_py/rrm_msgs/srv/_command_s.c.o[0m
[1.650s] [ 86%] [32m[1mLinking C shared library librrm_msgs__rosidl_generator_py.so[0m
[1.691s] [ 86%] Built target rrm_msgs__rosidl_generator_py
[1.713s] [ 88%] [32mBuilding C object CMakeFiles/rrm_msgs_s__rosidl_typesupport_c.dir/rosidl_generator_py/rrm_msgs/_rrm_msgs_s.ep.rosidl_typesupport_c.c.o[0m
[1.713s] [ 90%] [32mBuilding C object CMakeFiles/rrm_msgs_s__rosidl_typesupport_introspection_c.dir/rosidl_generator_py/rrm_msgs/_rrm_msgs_s.ep.rosidl_typesupport_introspection_c.c.o[0m
[1.714s] [ 93%] [32mBuilding C object CMakeFiles/rrm_msgs_s__rosidl_typesupport_fastrtps_c.dir/rosidl_generator_py/rrm_msgs/_rrm_msgs_s.ep.rosidl_typesupport_fastrtps_c.c.o[0m
[1.820s] [ 95%] [32m[1mLinking C shared module rosidl_generator_py/rrm_msgs/rrm_msgs_s__rosidl_typesupport_c.so[0m
[1.850s] [ 95%] Built target rrm_msgs_s__rosidl_typesupport_c
[1.860s] [ 97%] [32m[1mLinking C shared module rosidl_generator_py/rrm_msgs/rrm_msgs_s__rosidl_typesupport_introspection_c.so[0m
[1.862s] [100%] [32m[1mLinking C shared module rosidl_generator_py/rrm_msgs/rrm_msgs_s__rosidl_typesupport_fastrtps_c.so[0m
[1.890s] [100%] Built target rrm_msgs_s__rosidl_typesupport_fastrtps_c
[1.890s] [100%] Built target rrm_msgs_s__rosidl_typesupport_introspection_c
[1.903s] Invoked command in '/home/matus/ros2_ws/build/rrm_msgs' returned '0': CMAKE_PREFIX_PATH=${CMAKE_PREFIX_PATH}:/opt/ros/jazzy DEBUGINFOD_URLS=https://debuginfod.ubuntu.com /usr/bin/cmake --build /home/matus/ros2_ws/build/rrm_msgs -- -j12 -l12
[1.977s] Invoking command in '/home/matus/ros2_ws/build/rrm_msgs': CMAKE_PREFIX_PATH=${CMAKE_PREFIX_PATH}:/opt/ros/jazzy DEBUGINFOD_URLS=https://debuginfod.ubuntu.com /usr/bin/cmake --install /home/matus/ros2_ws/build/rrm_msgs
[1.985s] -- Install configuration: ""
[1.986s] -- Up-to-date: /home/matus/ros2_ws/install/rrm_msgs/share/ament_index/resource_index/rosidl_interfaces/rrm_msgs
[1.986s] -- Up-to-date: /home/matus/ros2_ws/install/rrm_msgs/share/rrm_msgs/msg/Command.json
[1.986s] -- Up-to-date: /home/matus/ros2_ws/install/rrm_msgs/share/rrm_msgs/srv/Command.json
[1.986s] -- Up-to-date: /home/matus/ros2_ws/install/rrm_msgs/include/rrm_msgs/rrm_msgs
[1.986s] -- Up-to-date: /home/matus/ros2_ws/install/rrm_msgs/include/rrm_msgs/rrm_msgs/srv
[1.986s] -- Up-to-date: /home/matus/ros2_ws/install/rrm_msgs/include/rrm_msgs/rrm_msgs/srv/command.h
[1.986s] -- Up-to-date: /home/matus/ros2_ws/install/rrm_msgs/include/rrm_msgs/rrm_msgs/srv/detail
[1.986s] -- Up-to-date: /home/matus/ros2_ws/install/rrm_msgs/include/rrm_msgs/rrm_msgs/srv/detail/command__functions.h
[1.986s] -- Up-to-date: /home/matus/ros2_ws/install/rrm_msgs/include/rrm_msgs/rrm_msgs/srv/detail/command__functions.c
[1.986s] -- Up-to-date: /home/matus/ros2_ws/install/rrm_msgs/include/rrm_msgs/rrm_msgs/srv/detail/command__description.c
[1.986s] -- Up-to-date: /home/matus/ros2_ws/install/rrm_msgs/include/rrm_msgs/rrm_msgs/srv/detail/command__struct.h
[1.986s] -- Up-to-date: /home/matus/ros2_ws/install/rrm_msgs/include/rrm_msgs/rrm_msgs/srv/detail/command__type_support.c
[1.987s] -- Up-to-date: /home/matus/ros2_ws/install/rrm_msgs/include/rrm_msgs/rrm_msgs/srv/detail/command__type_support.h
[1.987s] -- Up-to-date: /home/matus/ros2_ws/install/rrm_msgs/include/rrm_msgs/rrm_msgs/msg
[1.987s] -- Up-to-date: /home/matus/ros2_ws/install/rrm_msgs/include/rrm_msgs/rrm_msgs/msg/rosidl_generator_c__visibility_control.h
[1.987s] -- Up-to-date: /home/matus/ros2_ws/install/rrm_msgs/include/rrm_msgs/rrm_msgs/msg/command.h
[1.987s] -- Up-to-date: /home/matus/ros2_ws/install/rrm_msgs/include/rrm_msgs/rrm_msgs/msg/detail
[1.987s] -- Up-to-date: /home/matus/ros2_ws/install/rrm_msgs/include/rrm_msgs/rrm_msgs/msg/detail/command__functions.h
[1.987s] -- Up-to-date: /home/matus/ros2_ws/install/rrm_msgs/include/rrm_msgs/rrm_msgs/msg/detail/command__functions.c
[1.987s] -- Up-to-date: /home/matus/ros2_ws/install/rrm_msgs/include/rrm_msgs/rrm_msgs/msg/detail/command__description.c
[1.987s] -- Up-to-date: /home/matus/ros2_ws/install/rrm_msgs/include/rrm_msgs/rrm_msgs/msg/detail/command__struct.h
[1.987s] -- Up-to-date: /home/matus/ros2_ws/install/rrm_msgs/include/rrm_msgs/rrm_msgs/msg/detail/command__type_support.c
[1.987s] -- Up-to-date: /home/matus/ros2_ws/install/rrm_msgs/include/rrm_msgs/rrm_msgs/msg/detail/command__type_support.h
[1.987s] -- Up-to-date: /home/matus/ros2_ws/install/rrm_msgs/share/rrm_msgs/environment/library_path.sh
[1.987s] -- Up-to-date: /home/matus/ros2_ws/install/rrm_msgs/share/rrm_msgs/environment/library_path.dsv
[1.987s] -- Up-to-date: /home/matus/ros2_ws/install/rrm_msgs/lib/librrm_msgs__rosidl_generator_c.so
[1.987s] -- Up-to-date: /home/matus/ros2_ws/install/rrm_msgs/include/rrm_msgs/rrm_msgs
[1.987s] -- Up-to-date: /home/matus/ros2_ws/install/rrm_msgs/include/rrm_msgs/rrm_msgs/srv
[1.987s] -- Up-to-date: /home/matus/ros2_ws/install/rrm_msgs/include/rrm_msgs/rrm_msgs/srv/detail
[1.987s] -- Up-to-date: /home/matus/ros2_ws/install/rrm_msgs/include/rrm_msgs/rrm_msgs/srv/detail/command__rosidl_typesupport_fastrtps_c.h
[1.988s] -- Up-to-date: /home/matus/ros2_ws/install/rrm_msgs/include/rrm_msgs/rrm_msgs/msg
[1.988s] -- Up-to-date: /home/matus/ros2_ws/install/rrm_msgs/include/rrm_msgs/rrm_msgs/msg/rosidl_typesupport_fastrtps_c__visibility_control.h
[1.988s] -- Up-to-date: /home/matus/ros2_ws/install/rrm_msgs/include/rrm_msgs/rrm_msgs/msg/detail
[1.988s] -- Up-to-date: /home/matus/ros2_ws/install/rrm_msgs/include/rrm_msgs/rrm_msgs/msg/detail/command__rosidl_typesupport_fastrtps_c.h
[1.988s] -- Installing: /home/matus/ros2_ws/install/rrm_msgs/lib/librrm_msgs__rosidl_typesupport_fastrtps_c.so
[1.988s] -- Set non-toolchain portion of runtime path of "/home/matus/ros2_ws/install/rrm_msgs/lib/librrm_msgs__rosidl_typesupport_fastrtps_c.so" to ""
[1.988s] -- Up-to-date: /home/matus/ros2_ws/install/rrm_msgs/include/rrm_msgs/rrm_msgs
[1.988s] -- Up-to-date: /home/matus/ros2_ws/install/rrm_msgs/include/rrm_msgs/rrm_msgs/srv
[1.988s] -- Up-to-date: /home/matus/ros2_ws/install/rrm_msgs/include/rrm_msgs/rrm_msgs/srv/detail
[1.988s] -- Up-to-date: /home/matus/ros2_ws/install/rrm_msgs/include/rrm_msgs/rrm_msgs/srv/detail/command__rosidl_typesupport_introspection_c.h
[1.988s] -- Up-to-date: /home/matus/ros2_ws/install/rrm_msgs/include/rrm_msgs/rrm_msgs/srv/detail/command__type_support.c
[1.988s] -- Up-to-date: /home/matus/ros2_ws/install/rrm_msgs/include/rrm_msgs/rrm_msgs/msg
[1.988s] -- Up-to-date: /home/matus/ros2_ws/install/rrm_msgs/include/rrm_msgs/rrm_msgs/msg/rosidl_typesupport_introspection_c__visibility_control.h
[1.988s] -- Up-to-date: /home/matus/ros2_ws/install/rrm_msgs/include/rrm_msgs/rrm_msgs/msg/detail
[1.988s] -- Up-to-date: /home/matus/ros2_ws/install/rrm_msgs/include/rrm_msgs/rrm_msgs/msg/detail/command__rosidl_typesupport_introspection_c.h
[1.988s] -- Up-to-date: /home/matus/ros2_ws/install/rrm_msgs/include/rrm_msgs/rrm_msgs/msg/detail/command__type_support.c
[1.988s] -- Up-to-date: /home/matus/ros2_ws/install/rrm_msgs/lib/librrm_msgs__rosidl_typesupport_introspection_c.so
[1.989s] -- Up-to-date: /home/matus/ros2_ws/install/rrm_msgs/lib/librrm_msgs__rosidl_typesupport_c.so
[1.989s] -- Up-to-date: /home/matus/ros2_ws/install/rrm_msgs/include/rrm_msgs/rrm_msgs
[1.989s] -- Up-to-date: /home/matus/ros2_ws/install/rrm_msgs/include/rrm_msgs/rrm_msgs/srv
[1.989s] -- Up-to-date: /home/matus/ros2_ws/install/rrm_msgs/include/rrm_msgs/rrm_msgs/srv/command.hpp
[1.989s] -- Up-to-date: /home/matus/ros2_ws/install/rrm_msgs/include/rrm_msgs/rrm_msgs/srv/detail
[1.989s] -- Up-to-date: /home/matus/ros2_ws/install/rrm_msgs/include/rrm_msgs/rrm_msgs/srv/detail/command__struct.hpp
[1.989s] -- Up-to-date: /home/matus/ros2_ws/install/rrm_msgs/include/rrm_msgs/rrm_msgs/srv/detail/command__builder.hpp
[1.989s] -- Up-to-date: /home/matus/ros2_ws/install/rrm_msgs/include/rrm_msgs/rrm_msgs/srv/detail/command__traits.hpp
[1.989s] -- Up-to-date: /home/matus/ros2_ws/install/rrm_msgs/include/rrm_msgs/rrm_msgs/srv/detail/command__type_support.hpp
[1.989s] -- Up-to-date: /home/matus/ros2_ws/install/rrm_msgs/include/rrm_msgs/rrm_msgs/msg
[1.989s] -- Up-to-date: /home/matus/ros2_ws/install/rrm_msgs/include/rrm_msgs/rrm_msgs/msg/command.hpp
[1.990s] -- Up-to-date: /home/matus/ros2_ws/install/rrm_msgs/include/rrm_msgs/rrm_msgs/msg/detail
[1.990s] -- Up-to-date: /home/matus/ros2_ws/install/rrm_msgs/include/rrm_msgs/rrm_msgs/msg/detail/command__struct.hpp
[1.990s] -- Up-to-date: /home/matus/ros2_ws/install/rrm_msgs/include/rrm_msgs/rrm_msgs/msg/detail/command__builder.hpp
[1.990s] -- Up-to-date: /home/matus/ros2_ws/install/rrm_msgs/include/rrm_msgs/rrm_msgs/msg/detail/command__traits.hpp
[1.990s] -- Up-to-date: /home/matus/ros2_ws/install/rrm_msgs/include/rrm_msgs/rrm_msgs/msg/detail/command__type_support.hpp
[1.990s] -- Up-to-date: /home/matus/ros2_ws/install/rrm_msgs/include/rrm_msgs/rrm_msgs/msg/rosidl_generator_cpp__visibility_control.hpp
[1.990s] -- Up-to-date: /home/matus/ros2_ws/install/rrm_msgs/include/rrm_msgs/rrm_msgs
[1.990s] -- Up-to-date: /home/matus/ros2_ws/install/rrm_msgs/include/rrm_msgs/rrm_msgs/srv
[1.990s] -- Up-to-date: /home/matus/ros2_ws/install/rrm_msgs/include/rrm_msgs/rrm_msgs/srv/detail
[1.990s] -- Up-to-date: /home/matus/ros2_ws/install/rrm_msgs/include/rrm_msgs/rrm_msgs/srv/detail/command__rosidl_typesupport_fastrtps_cpp.hpp
[1.990s] -- Up-to-date: /home/matus/ros2_ws/install/rrm_msgs/include/rrm_msgs/rrm_msgs/srv/detail/dds_fastrtps
[1.990s] -- Up-to-date: /home/matus/ros2_ws/install/rrm_msgs/include/rrm_msgs/rrm_msgs/msg
[1.990s] -- Up-to-date: /home/matus/ros2_ws/install/rrm_msgs/include/rrm_msgs/rrm_msgs/msg/rosidl_typesupport_fastrtps_cpp__visibility_control.h
[1.990s] -- Up-to-date: /home/matus/ros2_ws/install/rrm_msgs/include/rrm_msgs/rrm_msgs/msg/detail
[1.990s] -- Up-to-date: /home/matus/ros2_ws/install/rrm_msgs/include/rrm_msgs/rrm_msgs/msg/detail/command__rosidl_typesupport_fastrtps_cpp.hpp
[1.990s] -- Up-to-date: /home/matus/ros2_ws/install/rrm_msgs/include/rrm_msgs/rrm_msgs/msg/detail/dds_fastrtps
[1.990s] -- Installing: /home/matus/ros2_ws/install/rrm_msgs/lib/librrm_msgs__rosidl_typesupport_fastrtps_cpp.so
[1.991s] -- Set non-toolchain portion of runtime path of "/home/matus/ros2_ws/install/rrm_msgs/lib/librrm_msgs__rosidl_typesupport_fastrtps_cpp.so" to ""
[1.991s] -- Up-to-date: /home/matus/ros2_ws/install/rrm_msgs/include/rrm_msgs/rrm_msgs
[1.991s] -- Up-to-date: /home/matus/ros2_ws/install/rrm_msgs/include/rrm_msgs/rrm_msgs/srv
[1.991s] -- Up-to-date: /home/matus/ros2_ws/install/rrm_msgs/include/rrm_msgs/rrm_msgs/srv/detail
[1.991s] -- Up-to-date: /home/matus/ros2_ws/install/rrm_msgs/include/rrm_msgs/rrm_msgs/srv/detail/command__rosidl_typesupport_introspection_cpp.hpp
[1.991s] -- Up-to-date: /home/matus/ros2_ws/install/rrm_msgs/include/rrm_msgs/rrm_msgs/srv/detail/command__type_support.cpp
[1.991s] -- Up-to-date: /home/matus/ros2_ws/install/rrm_msgs/include/rrm_msgs/rrm_msgs/msg
[1.991s] -- Up-to-date: /home/matus/ros2_ws/install/rrm_msgs/include/rrm_msgs/rrm_msgs/msg/detail
[1.991s] -- Up-to-date: /home/matus/ros2_ws/install/rrm_msgs/include/rrm_msgs/rrm_msgs/msg/detail/command__rosidl_typesupport_introspection_cpp.hpp
[1.991s] -- Up-to-date: /home/matus/ros2_ws/install/rrm_msgs/include/rrm_msgs/rrm_msgs/msg/detail/command__type_support.cpp
[1.991s] -- Installing: /home/matus/ros2_ws/install/rrm_msgs/lib/librrm_msgs__rosidl_typesupport_introspection_cpp.so
[1.992s] -- Set non-toolchain portion of runtime path of "/home/matus/ros2_ws/install/rrm_msgs/lib/librrm_msgs__rosidl_typesupport_introspection_cpp.so" to ""
[1.992s] -- Installing: /home/matus/ros2_ws/install/rrm_msgs/lib/librrm_msgs__rosidl_typesupport_cpp.so
[1.992s] -- Set non-toolchain portion of runtime path of "/home/matus/ros2_ws/install/rrm_msgs/lib/librrm_msgs__rosidl_typesupport_cpp.so" to ""
[1.992s] -- Up-to-date: /home/matus/ros2_ws/install/rrm_msgs/share/rrm_msgs/environment/pythonpath.sh
[1.992s] -- Up-to-date: /home/matus/ros2_ws/install/rrm_msgs/share/rrm_msgs/environment/pythonpath.dsv
[1.992s] -- Up-to-date: /home/matus/ros2_ws/install/rrm_msgs/lib/python3.12/site-packages/rrm_msgs-0.0.0-py3.12.egg-info
[1.992s] -- Installing: /home/matus/ros2_ws/install/rrm_msgs/lib/python3.12/site-packages/rrm_msgs-0.0.0-py3.12.egg-info/SOURCES.txt
[1.992s] -- Installing: /home/matus/ros2_ws/install/rrm_msgs/lib/python3.12/site-packages/rrm_msgs-0.0.0-py3.12.egg-info/dependency_links.txt
[1.993s] -- Installing: /home/matus/ros2_ws/install/rrm_msgs/lib/python3.12/site-packages/rrm_msgs-0.0.0-py3.12.egg-info/top_level.txt
[1.993s] -- Installing: /home/matus/ros2_ws/install/rrm_msgs/lib/python3.12/site-packages/rrm_msgs-0.0.0-py3.12.egg-info/PKG-INFO
[1.993s] -- Up-to-date: /home/matus/ros2_ws/install/rrm_msgs/lib/python3.12/site-packages/rrm_msgs
[1.993s] -- Up-to-date: /home/matus/ros2_ws/install/rrm_msgs/lib/python3.12/site-packages/rrm_msgs/_rrm_msgs_s.ep.rosidl_typesupport_c.c
[1.993s] -- Up-to-date: /home/matus/ros2_ws/install/rrm_msgs/lib/python3.12/site-packages/rrm_msgs/__init__.py
[1.993s] -- Installing: /home/matus/ros2_ws/install/rrm_msgs/lib/python3.12/site-packages/rrm_msgs/rrm_msgs_s__rosidl_typesupport_fastrtps_c.so
[1.993s] -- Up-to-date: /home/matus/ros2_ws/install/rrm_msgs/lib/python3.12/site-packages/rrm_msgs/_rrm_msgs_s.ep.rosidl_typesupport_fastrtps_c.c
[1.993s] -- Up-to-date: /home/matus/ros2_ws/install/rrm_msgs/lib/python3.12/site-packages/rrm_msgs/srv
[1.993s] -- Up-to-date: /home/matus/ros2_ws/install/rrm_msgs/lib/python3.12/site-packages/rrm_msgs/srv/__init__.py
[1.993s] -- Up-to-date: /home/matus/ros2_ws/install/rrm_msgs/lib/python3.12/site-packages/rrm_msgs/srv/_command_s.c
[1.993s] -- Up-to-date: /home/matus/ros2_ws/install/rrm_msgs/lib/python3.12/site-packages/rrm_msgs/srv/_command.py
[1.993s] -- Installing: /home/matus/ros2_ws/install/rrm_msgs/lib/python3.12/site-packages/rrm_msgs/rrm_msgs_s__rosidl_typesupport_introspection_c.so
[1.994s] -- Up-to-date: /home/matus/ros2_ws/install/rrm_msgs/lib/python3.12/site-packages/rrm_msgs/msg
[1.994s] -- Up-to-date: /home/matus/ros2_ws/install/rrm_msgs/lib/python3.12/site-packages/rrm_msgs/msg/__init__.py
[1.994s] -- Up-to-date: /home/matus/ros2_ws/install/rrm_msgs/lib/python3.12/site-packages/rrm_msgs/msg/_command_s.c
[1.994s] -- Up-to-date: /home/matus/ros2_ws/install/rrm_msgs/lib/python3.12/site-packages/rrm_msgs/msg/_command.py
[1.994s] -- Up-to-date: /home/matus/ros2_ws/install/rrm_msgs/lib/python3.12/site-packages/rrm_msgs/_rrm_msgs_s.ep.rosidl_typesupport_introspection_c.c
[1.994s] -- Installing: /home/matus/ros2_ws/install/rrm_msgs/lib/python3.12/site-packages/rrm_msgs/rrm_msgs_s__rosidl_typesupport_c.so
[2.022s] Listing '/home/matus/ros2_ws/install/rrm_msgs/lib/python3.12/site-packages/rrm_msgs'...
[2.022s] Listing '/home/matus/ros2_ws/install/rrm_msgs/lib/python3.12/site-packages/rrm_msgs/msg'...
[2.022s] Listing '/home/matus/ros2_ws/install/rrm_msgs/lib/python3.12/site-packages/rrm_msgs/srv'...
[2.028s] -- Installing: /home/matus/ros2_ws/install/rrm_msgs/lib/python3.12/site-packages/rrm_msgs/rrm_msgs_s__rosidl_typesupport_fastrtps_c.so
[2.028s] -- Set non-toolchain portion of runtime path of "/home/matus/ros2_ws/install/rrm_msgs/lib/python3.12/site-packages/rrm_msgs/rrm_msgs_s__rosidl_typesupport_fastrtps_c.so" to ""
[2.028s] -- Installing: /home/matus/ros2_ws/install/rrm_msgs/lib/python3.12/site-packages/rrm_msgs/rrm_msgs_s__rosidl_typesupport_introspection_c.so
[2.029s] -- Set non-toolchain portion of runtime path of "/home/matus/ros2_ws/install/rrm_msgs/lib/python3.12/site-packages/rrm_msgs/rrm_msgs_s__rosidl_typesupport_introspection_c.so" to ""
[2.029s] -- Installing: /home/matus/ros2_ws/install/rrm_msgs/lib/python3.12/site-packages/rrm_msgs/rrm_msgs_s__rosidl_typesupport_c.so
[2.029s] -- Set non-toolchain portion of runtime path of "/home/matus/ros2_ws/install/rrm_msgs/lib/python3.12/site-packages/rrm_msgs/rrm_msgs_s__rosidl_typesupport_c.so" to ""
[2.029s] -- Installing: /home/matus/ros2_ws/install/rrm_msgs/lib/librrm_msgs__rosidl_generator_py.so
[2.029s] -- Set non-toolchain portion of runtime path of "/home/matus/ros2_ws/install/rrm_msgs/lib/librrm_msgs__rosidl_generator_py.so" to ""
[2.030s] -- Up-to-date: /home/matus/ros2_ws/install/rrm_msgs/share/rrm_msgs/msg/Command.idl
[2.030s] -- Up-to-date: /home/matus/ros2_ws/install/rrm_msgs/share/rrm_msgs/srv/Command.idl
[2.030s] -- Up-to-date: /home/matus/ros2_ws/install/rrm_msgs/share/rrm_msgs/msg/Command.msg
[2.030s] -- Up-to-date: /home/matus/ros2_ws/install/rrm_msgs/share/rrm_msgs/srv/Command.srv
[2.030s] -- Up-to-date: /home/matus/ros2_ws/install/rrm_msgs/share/ament_index/resource_index/package_run_dependencies/rrm_msgs
[2.030s] -- Up-to-date: /home/matus/ros2_ws/install/rrm_msgs/share/ament_index/resource_index/parent_prefix_path/rrm_msgs
[2.030s] -- Up-to-date: /home/matus/ros2_ws/install/rrm_msgs/share/rrm_msgs/environment/ament_prefix_path.sh
[2.030s] -- Up-to-date: /home/matus/ros2_ws/install/rrm_msgs/share/rrm_msgs/environment/ament_prefix_path.dsv
[2.030s] -- Up-to-date: /home/matus/ros2_ws/install/rrm_msgs/share/rrm_msgs/environment/path.sh
[2.030s] -- Up-to-date: /home/matus/ros2_ws/install/rrm_msgs/share/rrm_msgs/environment/path.dsv
[2.030s] -- Up-to-date: /home/matus/ros2_ws/install/rrm_msgs/share/rrm_msgs/local_setup.bash
[2.030s] -- Up-to-date: /home/matus/ros2_ws/install/rrm_msgs/share/rrm_msgs/local_setup.sh
[2.030s] -- Up-to-date: /home/matus/ros2_ws/install/rrm_msgs/share/rrm_msgs/local_setup.zsh
[2.030s] -- Up-to-date: /home/matus/ros2_ws/install/rrm_msgs/share/rrm_msgs/local_setup.dsv
[2.030s] -- Installing: /home/matus/ros2_ws/install/rrm_msgs/share/rrm_msgs/package.dsv
[2.030s] -- Up-to-date: /home/matus/ros2_ws/install/rrm_msgs/share/ament_index/resource_index/packages/rrm_msgs
[2.030s] -- Up-to-date: /home/matus/ros2_ws/install/rrm_msgs/share/rrm_msgs/cmake/export_rrm_msgs__rosidl_generator_cExport.cmake
[2.030s] -- Up-to-date: /home/matus/ros2_ws/install/rrm_msgs/share/rrm_msgs/cmake/export_rrm_msgs__rosidl_generator_cExport-noconfig.cmake
[2.031s] -- Up-to-date: /home/matus/ros2_ws/install/rrm_msgs/share/rrm_msgs/cmake/export_rrm_msgs__rosidl_typesupport_fastrtps_cExport.cmake
[2.031s] -- Up-to-date: /home/matus/ros2_ws/install/rrm_msgs/share/rrm_msgs/cmake/export_rrm_msgs__rosidl_typesupport_fastrtps_cExport-noconfig.cmake
[2.031s] -- Up-to-date: /home/matus/ros2_ws/install/rrm_msgs/share/rrm_msgs/cmake/rrm_msgs__rosidl_typesupport_introspection_cExport.cmake
[2.031s] -- Up-to-date: /home/matus/ros2_ws/install/rrm_msgs/share/rrm_msgs/cmake/rrm_msgs__rosidl_typesupport_introspection_cExport-noconfig.cmake
[2.031s] -- Up-to-date: /home/matus/ros2_ws/install/rrm_msgs/share/rrm_msgs/cmake/rrm_msgs__rosidl_typesupport_cExport.cmake
[2.031s] -- Up-to-date: /home/matus/ros2_ws/install/rrm_msgs/share/rrm_msgs/cmake/rrm_msgs__rosidl_typesupport_cExport-noconfig.cmake
[2.031s] -- Up-to-date: /home/matus/ros2_ws/install/rrm_msgs/share/rrm_msgs/cmake/export_rrm_msgs__rosidl_generator_cppExport.cmake
[2.031s] -- Up-to-date: /home/matus/ros2_ws/install/rrm_msgs/share/rrm_msgs/cmake/export_rrm_msgs__rosidl_typesupport_fastrtps_cppExport.cmake
[2.031s] -- Up-to-date: /home/matus/ros2_ws/install/rrm_msgs/share/rrm_msgs/cmake/export_rrm_msgs__rosidl_typesupport_fastrtps_cppExport-noconfig.cmake
[2.031s] -- Up-to-date: /home/matus/ros2_ws/install/rrm_msgs/share/rrm_msgs/cmake/rrm_msgs__rosidl_typesupport_introspection_cppExport.cmake
[2.031s] -- Up-to-date: /home/matus/ros2_ws/install/rrm_msgs/share/rrm_msgs/cmake/rrm_msgs__rosidl_typesupport_introspection_cppExport-noconfig.cmake
[2.031s] -- Up-to-date: /home/matus/ros2_ws/install/rrm_msgs/share/rrm_msgs/cmake/rrm_msgs__rosidl_typesupport_cppExport.cmake
[2.031s] -- Up-to-date: /home/matus/ros2_ws/install/rrm_msgs/share/rrm_msgs/cmake/rrm_msgs__rosidl_typesupport_cppExport-noconfig.cmake
[2.031s] -- Up-to-date: /home/matus/ros2_ws/install/rrm_msgs/share/rrm_msgs/cmake/export_rrm_msgs__rosidl_generator_pyExport.cmake
[2.031s] -- Up-to-date: /home/matus/ros2_ws/install/rrm_msgs/share/rrm_msgs/cmake/export_rrm_msgs__rosidl_generator_pyExport-noconfig.cmake
[2.031s] -- Up-to-date: /home/matus/ros2_ws/install/rrm_msgs/share/rrm_msgs/cmake/rosidl_cmake-extras.cmake
[2.031s] -- Up-to-date: /home/matus/ros2_ws/install/rrm_msgs/share/rrm_msgs/cmake/ament_cmake_export_dependencies-extras.cmake
[2.031s] -- Up-to-date: /home/matus/ros2_ws/install/rrm_msgs/share/rrm_msgs/cmake/ament_cmake_export_include_directories-extras.cmake
[2.032s] -- Up-to-date: /home/matus/ros2_ws/install/rrm_msgs/share/rrm_msgs/cmake/ament_cmake_export_libraries-extras.cmake
[2.032s] -- Up-to-date: /home/matus/ros2_ws/install/rrm_msgs/share/rrm_msgs/cmake/ament_cmake_export_targets-extras.cmake
[2.032s] -- Up-to-date: /home/matus/ros2_ws/install/rrm_msgs/share/rrm_msgs/cmake/rosidl_cmake_export_typesupport_targets-extras.cmake
[2.032s] -- Up-to-date: /home/matus/ros2_ws/install/rrm_msgs/share/rrm_msgs/cmake/rosidl_cmake_export_typesupport_libraries-extras.cmake
[2.032s] -- Up-to-date: /home/matus/ros2_ws/install/rrm_msgs/share/rrm_msgs/cmake/rrm_msgsConfig.cmake
[2.032s] -- Up-to-date: /home/matus/ros2_ws/install/rrm_msgs/share/rrm_msgs/cmake/rrm_msgsConfig-version.cmake
[2.032s] -- Up-to-date: /home/matus/ros2_ws/install/rrm_msgs/share/rrm_msgs/package.xml
[2.034s] Invoked command in '/home/matus/ros2_ws/build/rrm_msgs' returned '0': CMAKE_PREFIX_PATH=${CMAKE_PREFIX_PATH}:/opt/ros/jazzy DEBUGINFOD_URLS=https://debuginfod.ubuntu.com /usr/bin/cmake --install /home/matus/ros2_ws/build/rrm_msgs
