[0.013s] Invoking command in '/home/matus/ros2_ws/src/build/rrm_msgs': CMAKE_PREFIX_PATH=${CMAKE_PREFIX_PATH}:/opt/ros/jazzy DEBUGINFOD_URLS=https://debuginfod.ubuntu.com /usr/bin/cmake /home/matus/ros2_ws/src/rrm/rrm_msgs -DCMAKE_INSTALL_PREFIX=/home/matus/ros2_ws/src/install/rrm_msgs
[0.079s] -- The C compiler identification is GNU 13.2.0
[0.145s] -- The CXX compiler identification is GNU 13.2.0
[0.165s] -- Detecting C compiler ABI info
[0.270s] -- Detecting C compiler ABI info - done
[0.280s] -- Check for working C compiler: /usr/bin/cc - skipped
[0.280s] -- Detecting C compile features
[0.280s] -- Detecting C compile features - done
[0.291s] -- Detecting CXX compiler ABI info
[0.406s] -- Detecting CXX compiler ABI info - done
[0.414s] -- Check for working CXX compiler: /usr/bin/c++ - skipped
[0.414s] -- Detecting CXX compile features
[0.414s] -- Detecting CXX compile features - done
[0.417s] -- Found ament_cmake: 2.5.2 (/opt/ros/jazzy/share/ament_cmake/cmake)
[0.535s] -- Found Python3: /usr/bin/python3 (found version "3.12.3") found components: Interpreter 
[0.625s] -- Found rosidl_default_generators: 1.6.0 (/opt/ros/jazzy/share/rosidl_default_generators/cmake)
[0.630s] -- Using all available rosidl_typesupport_c: rosidl_typesupport_fastrtps_c;rosidl_typesupport_introspection_c
[0.673s] -- Using all available rosidl_typesupport_cpp: rosidl_typesupport_fastrtps_cpp;rosidl_typesupport_introspection_cpp
[0.709s] -- Found rosidl_adapter: 4.6.4 (/opt/ros/jazzy/share/rosidl_adapter/cmake)
[1.197s] -- Found ament_cmake_ros: 0.12.0 (/opt/ros/jazzy/share/ament_cmake_ros/cmake)
[1.541s] -- Using all available rosidl_typesupport_c: rosidl_typesupport_fastrtps_c;rosidl_typesupport_introspection_c
[1.997s] -- Using all available rosidl_typesupport_cpp: rosidl_typesupport_fastrtps_cpp;rosidl_typesupport_introspection_cpp
[1.999s] -- Found python_cmake_module: 0.11.1 (/opt/ros/jazzy/share/python_cmake_module/cmake)
[2.111s] -- Found PythonExtra: /usr/bin/python3  
[2.463s] -- Found Python3: /usr/bin/python3 (found version "3.12.3") found components: Interpreter Development NumPy Development.Module Development.Embed 
[2.492s] -- Found ament_lint_auto: 0.17.1 (/opt/ros/jazzy/share/ament_lint_auto/cmake)
[2.512s] -- Added test 'copyright' to check source files copyright and LICENSE
[2.514s] -- Added test 'lint_cmake' to check CMake code style
[2.515s] -- Added test 'xmllint' to check XML markup files
[2.517s] -- Configuring done (2.5s)
[2.547s] -- Generating done (0.0s)
[2.550s] -- Build files have been written to: /home/matus/ros2_ws/src/build/rrm_msgs
[2.561s] Invoked command in '/home/matus/ros2_ws/src/build/rrm_msgs' returned '0': CMAKE_PREFIX_PATH=${CMAKE_PREFIX_PATH}:/opt/ros/jazzy DEBUGINFOD_URLS=https://debuginfod.ubuntu.com /usr/bin/cmake /home/matus/ros2_ws/src/rrm/rrm_msgs -DCMAKE_INSTALL_PREFIX=/home/matus/ros2_ws/src/install/rrm_msgs
[2.563s] Invoking command in '/home/matus/ros2_ws/src/build/rrm_msgs': CMAKE_PREFIX_PATH=${CMAKE_PREFIX_PATH}:/opt/ros/jazzy DEBUGINFOD_URLS=https://debuginfod.ubuntu.com /usr/bin/cmake --build /home/matus/ros2_ws/src/build/rrm_msgs -- -j12 -l12
[2.609s] [  2%] [34m[1mGenerating type hashes for ROS interfaces[0m
[2.617s] [  2%] Built target ament_cmake_python_copy_rrm_msgs
[2.771s] [  2%] Built target rrm_msgs__rosidl_generator_type_description
[2.780s] [  4%] [34m[1mGenerating C code for ROS interfaces[0m
[2.791s] [  6%] [34m[1mGenerating C++ code for ROS interfaces[0m
[2.795s] running egg_info
[2.795s] creating rrm_msgs.egg-info
[2.812s] writing rrm_msgs.egg-info/PKG-INFO
[2.812s] writing dependency_links to rrm_msgs.egg-info/dependency_links.txt
[2.812s] writing top-level names to rrm_msgs.egg-info/top_level.txt
[2.812s] writing manifest file 'rrm_msgs.egg-info/SOURCES.txt'
[2.862s] reading manifest file 'rrm_msgs.egg-info/SOURCES.txt'
[2.863s] writing manifest file 'rrm_msgs.egg-info/SOURCES.txt'
[2.888s] [  6%] Built target ament_cmake_python_build_rrm_msgs_egg
[3.037s] [  6%] Built target rrm_msgs__cpp
[3.064s] [ 20%] [32mBuilding C object CMakeFiles/rrm_msgs__rosidl_generator_c.dir/rosidl_generator_c/rrm_msgs/srv/detail/command__functions.c.o[0m
[3.065s] [ 20%] [32mBuilding C object CMakeFiles/rrm_msgs__rosidl_generator_c.dir/rosidl_generator_c/rrm_msgs/msg/detail/command__functions.c.o[0m
[3.065s] [ 20%] [32mBuilding C object CMakeFiles/rrm_msgs__rosidl_generator_c.dir/rosidl_generator_c/rrm_msgs/srv/detail/command__description.c.o[0m
[3.065s] [ 20%] [32mBuilding C object CMakeFiles/rrm_msgs__rosidl_generator_c.dir/rosidl_generator_c/rrm_msgs/srv/detail/command__type_support.c.o[0m
[3.065s] [ 20%] [32mBuilding C object CMakeFiles/rrm_msgs__rosidl_generator_c.dir/rosidl_generator_c/rrm_msgs/msg/detail/command__description.c.o[0m
[3.065s] [ 20%] [32mBuilding C object CMakeFiles/rrm_msgs__rosidl_generator_c.dir/rosidl_generator_c/rrm_msgs/msg/detail/command__type_support.c.o[0m
[3.135s] [ 22%] [32m[1mLinking C shared library librrm_msgs__rosidl_generator_c.so[0m
[3.173s] [ 22%] Built target rrm_msgs__rosidl_generator_c
[3.184s] [ 29%] [34m[1mGenerating C++ type support for eProsima Fast-RTPS[0m
[3.184s] [ 29%] [34m[1mGenerating C type support for eProsima Fast-RTPS[0m
[3.184s] [ 31%] [34m[1mGenerating C++ type support dispatch for ROS interfaces[0m
[3.184s] [ 31%] [34m[1mGenerating C++ introspection for ROS interfaces[0m
[3.184s] [ 34%] [34m[1mGenerating C type support dispatch for ROS interfaces[0m
[3.185s] [ 36%] [34m[1mGenerating C introspection for ROS interfaces[0m
[3.411s] [ 38%] [32mBuilding CXX object CMakeFiles/rrm_msgs__rosidl_typesupport_cpp.dir/rosidl_typesupport_cpp/rrm_msgs/msg/command__type_support.cpp.o[0m
[3.411s] [ 40%] [32mBuilding CXX object CMakeFiles/rrm_msgs__rosidl_typesupport_cpp.dir/rosidl_typesupport_cpp/rrm_msgs/srv/command__type_support.cpp.o[0m
[3.423s] [ 45%] [32mBuilding CXX object CMakeFiles/rrm_msgs__rosidl_typesupport_c.dir/rosidl_typesupport_c/rrm_msgs/srv/command__type_support.cpp.o[0m
[3.423s] [ 45%] [32mBuilding CXX object CMakeFiles/rrm_msgs__rosidl_typesupport_c.dir/rosidl_typesupport_c/rrm_msgs/msg/command__type_support.cpp.o[0m
[3.457s] [ 47%] [32mBuilding C object CMakeFiles/rrm_msgs__rosidl_typesupport_introspection_c.dir/rosidl_typesupport_introspection_c/rrm_msgs/msg/detail/command__type_support.c.o[0m
[3.460s] [ 50%] [32mBuilding C object CMakeFiles/rrm_msgs__rosidl_typesupport_introspection_c.dir/rosidl_typesupport_introspection_c/rrm_msgs/srv/detail/command__type_support.c.o[0m
[3.481s] [ 52%] [32mBuilding CXX object CMakeFiles/rrm_msgs__rosidl_typesupport_introspection_cpp.dir/rosidl_typesupport_introspection_cpp/rrm_msgs/msg/detail/command__type_support.cpp.o[0m
[3.481s] [ 54%] [32mBuilding CXX object CMakeFiles/rrm_msgs__rosidl_typesupport_introspection_cpp.dir/rosidl_typesupport_introspection_cpp/rrm_msgs/srv/detail/command__type_support.cpp.o[0m
[3.488s] [ 56%] [32m[1mLinking CXX shared library librrm_msgs__rosidl_typesupport_c.so[0m
[3.492s] [ 61%] [32mBuilding CXX object CMakeFiles/rrm_msgs__rosidl_typesupport_fastrtps_cpp.dir/rosidl_typesupport_fastrtps_cpp/rrm_msgs/msg/detail/dds_fastrtps/command__type_support.cpp.o[0m
[3.492s] [ 61%] [32mBuilding CXX object CMakeFiles/rrm_msgs__rosidl_typesupport_fastrtps_cpp.dir/rosidl_typesupport_fastrtps_cpp/rrm_msgs/srv/detail/dds_fastrtps/command__type_support.cpp.o[0m
[3.536s] [ 63%] [32m[1mLinking C shared library librrm_msgs__rosidl_typesupport_introspection_c.so[0m
[3.541s] [ 68%] [32mBuilding CXX object CMakeFiles/rrm_msgs__rosidl_typesupport_fastrtps_c.dir/rosidl_typesupport_fastrtps_c/rrm_msgs/srv/detail/command__type_support_c.cpp.o[0m
[3.541s] [ 68%] [32mBuilding CXX object CMakeFiles/rrm_msgs__rosidl_typesupport_fastrtps_c.dir/rosidl_typesupport_fastrtps_c/rrm_msgs/msg/detail/command__type_support_c.cpp.o[0m
[3.548s] [ 68%] Built target rrm_msgs__rosidl_typesupport_c
[3.574s] [ 68%] Built target rrm_msgs__rosidl_typesupport_introspection_c
[3.895s] [ 70%] [32m[1mLinking CXX shared library librrm_msgs__rosidl_typesupport_cpp.so[0m
[3.979s] [ 70%] Built target rrm_msgs__rosidl_typesupport_cpp
[4.138s] [ 72%] [32m[1mLinking CXX shared library librrm_msgs__rosidl_typesupport_introspection_cpp.so[0m
[4.208s] [ 75%] [32m[1mLinking CXX shared library librrm_msgs__rosidl_typesupport_fastrtps_c.so[0m
[4.210s] [ 75%] Built target rrm_msgs__rosidl_typesupport_introspection_cpp
[4.238s] [ 77%] [32m[1mLinking CXX shared library librrm_msgs__rosidl_typesupport_fastrtps_cpp.so[0m
[4.274s] [ 77%] Built target rrm_msgs__rosidl_typesupport_fastrtps_c
[4.308s] [ 77%] Built target rrm_msgs__rosidl_typesupport_fastrtps_cpp
[4.327s] [ 77%] Built target rrm_msgs
[4.347s] [ 79%] [34m[1mGenerating Python code for ROS interfaces[0m
[4.671s] [ 79%] Built target rrm_msgs__py
[4.692s] [ 84%] [32mBuilding C object CMakeFiles/rrm_msgs__rosidl_generator_py.dir/rosidl_generator_py/rrm_msgs/msg/_command_s.c.o[0m
[4.692s] [ 84%] [32mBuilding C object CMakeFiles/rrm_msgs__rosidl_generator_py.dir/rosidl_generator_py/rrm_msgs/srv/_command_s.c.o[0m
[4.843s] [ 86%] [32m[1mLinking C shared library librrm_msgs__rosidl_generator_py.so[0m
[4.884s] [ 86%] Built target rrm_msgs__rosidl_generator_py
[4.903s] [ 93%] [32mBuilding C object CMakeFiles/rrm_msgs_s__rosidl_typesupport_fastrtps_c.dir/rosidl_generator_py/rrm_msgs/_rrm_msgs_s.ep.rosidl_typesupport_fastrtps_c.c.o[0m
[4.903s] [ 93%] [32mBuilding C object CMakeFiles/rrm_msgs_s__rosidl_typesupport_c.dir/rosidl_generator_py/rrm_msgs/_rrm_msgs_s.ep.rosidl_typesupport_c.c.o[0m
[4.903s] [ 93%] [32mBuilding C object CMakeFiles/rrm_msgs_s__rosidl_typesupport_introspection_c.dir/rosidl_generator_py/rrm_msgs/_rrm_msgs_s.ep.rosidl_typesupport_introspection_c.c.o[0m
[5.003s] [ 97%] [32m[1mLinking C shared module rosidl_generator_py/rrm_msgs/rrm_msgs_s__rosidl_typesupport_introspection_c.so[0m
[5.003s] [ 97%] [32m[1mLinking C shared module rosidl_generator_py/rrm_msgs/rrm_msgs_s__rosidl_typesupport_c.so[0m
[5.007s] [100%] [32m[1mLinking C shared module rosidl_generator_py/rrm_msgs/rrm_msgs_s__rosidl_typesupport_fastrtps_c.so[0m
[5.035s] [100%] Built target rrm_msgs_s__rosidl_typesupport_c
[5.036s] [100%] Built target rrm_msgs_s__rosidl_typesupport_introspection_c
[5.040s] [100%] Built target rrm_msgs_s__rosidl_typesupport_fastrtps_c
[5.051s] Invoked command in '/home/matus/ros2_ws/src/build/rrm_msgs' returned '0': CMAKE_PREFIX_PATH=${CMAKE_PREFIX_PATH}:/opt/ros/jazzy DEBUGINFOD_URLS=https://debuginfod.ubuntu.com /usr/bin/cmake --build /home/matus/ros2_ws/src/build/rrm_msgs -- -j12 -l12
[5.141s] Invoking command in '/home/matus/ros2_ws/src/build/rrm_msgs': CMAKE_PREFIX_PATH=${CMAKE_PREFIX_PATH}:/opt/ros/jazzy DEBUGINFOD_URLS=https://debuginfod.ubuntu.com /usr/bin/cmake --install /home/matus/ros2_ws/src/build/rrm_msgs
[5.149s] -- Install configuration: ""
[5.150s] -- Installing: /home/matus/ros2_ws/src/install/rrm_msgs/share/ament_index/resource_index/rosidl_interfaces/rrm_msgs
[5.150s] -- Installing: /home/matus/ros2_ws/src/install/rrm_msgs/share/rrm_msgs/msg/Command.json
[5.150s] -- Installing: /home/matus/ros2_ws/src/install/rrm_msgs/share/rrm_msgs/srv/Command.json
[5.150s] -- Installing: /home/matus/ros2_ws/src/install/rrm_msgs/include/rrm_msgs/rrm_msgs
[5.150s] -- Installing: /home/matus/ros2_ws/src/install/rrm_msgs/include/rrm_msgs/rrm_msgs/srv
[5.150s] -- Installing: /home/matus/ros2_ws/src/install/rrm_msgs/include/rrm_msgs/rrm_msgs/srv/command.h
[5.151s] -- Installing: /home/matus/ros2_ws/src/install/rrm_msgs/include/rrm_msgs/rrm_msgs/srv/detail
[5.151s] -- Installing: /home/matus/ros2_ws/src/install/rrm_msgs/include/rrm_msgs/rrm_msgs/srv/detail/command__functions.h
[5.151s] -- Installing: /home/matus/ros2_ws/src/install/rrm_msgs/include/rrm_msgs/rrm_msgs/srv/detail/command__functions.c
[5.151s] -- Installing: /home/matus/ros2_ws/src/install/rrm_msgs/include/rrm_msgs/rrm_msgs/srv/detail/command__description.c
[5.151s] -- Installing: /home/matus/ros2_ws/src/install/rrm_msgs/include/rrm_msgs/rrm_msgs/srv/detail/command__struct.h
[5.151s] -- Installing: /home/matus/ros2_ws/src/install/rrm_msgs/include/rrm_msgs/rrm_msgs/srv/detail/command__type_support.c
[5.151s] -- Installing: /home/matus/ros2_ws/src/install/rrm_msgs/include/rrm_msgs/rrm_msgs/srv/detail/command__type_support.h
[5.151s] -- Installing: /home/matus/ros2_ws/src/install/rrm_msgs/include/rrm_msgs/rrm_msgs/msg
[5.151s] -- Installing: /home/matus/ros2_ws/src/install/rrm_msgs/include/rrm_msgs/rrm_msgs/msg/rosidl_generator_c__visibility_control.h
[5.151s] -- Installing: /home/matus/ros2_ws/src/install/rrm_msgs/include/rrm_msgs/rrm_msgs/msg/command.h
[5.152s] -- Installing: /home/matus/ros2_ws/src/install/rrm_msgs/include/rrm_msgs/rrm_msgs/msg/detail
[5.152s] -- Installing: /home/matus/ros2_ws/src/install/rrm_msgs/include/rrm_msgs/rrm_msgs/msg/detail/command__functions.h
[5.152s] -- Installing: /home/matus/ros2_ws/src/install/rrm_msgs/include/rrm_msgs/rrm_msgs/msg/detail/command__functions.c
[5.152s] -- Installing: /home/matus/ros2_ws/src/install/rrm_msgs/include/rrm_msgs/rrm_msgs/msg/detail/command__description.c
[5.152s] -- Installing: /home/matus/ros2_ws/src/install/rrm_msgs/include/rrm_msgs/rrm_msgs/msg/detail/command__struct.h
[5.152s] -- Installing: /home/matus/ros2_ws/src/install/rrm_msgs/include/rrm_msgs/rrm_msgs/msg/detail/command__type_support.c
[5.152s] -- Installing: /home/matus/ros2_ws/src/install/rrm_msgs/include/rrm_msgs/rrm_msgs/msg/detail/command__type_support.h
[5.152s] -- Installing: /home/matus/ros2_ws/src/install/rrm_msgs/share/rrm_msgs/environment/library_path.sh
[5.152s] -- Installing: /home/matus/ros2_ws/src/install/rrm_msgs/share/rrm_msgs/environment/library_path.dsv
[5.153s] -- Installing: /home/matus/ros2_ws/src/install/rrm_msgs/lib/librrm_msgs__rosidl_generator_c.so
[5.153s] -- Set non-toolchain portion of runtime path of "/home/matus/ros2_ws/src/install/rrm_msgs/lib/librrm_msgs__rosidl_generator_c.so" to ""
[5.153s] -- Up-to-date: /home/matus/ros2_ws/src/install/rrm_msgs/include/rrm_msgs/rrm_msgs
[5.153s] -- Up-to-date: /home/matus/ros2_ws/src/install/rrm_msgs/include/rrm_msgs/rrm_msgs/srv
[5.154s] -- Up-to-date: /home/matus/ros2_ws/src/install/rrm_msgs/include/rrm_msgs/rrm_msgs/srv/detail
[5.154s] -- Installing: /home/matus/ros2_ws/src/install/rrm_msgs/include/rrm_msgs/rrm_msgs/srv/detail/command__rosidl_typesupport_fastrtps_c.h
[5.154s] -- Up-to-date: /home/matus/ros2_ws/src/install/rrm_msgs/include/rrm_msgs/rrm_msgs/msg
[5.154s] -- Installing: /home/matus/ros2_ws/src/install/rrm_msgs/include/rrm_msgs/rrm_msgs/msg/rosidl_typesupport_fastrtps_c__visibility_control.h
[5.154s] -- Up-to-date: /home/matus/ros2_ws/src/install/rrm_msgs/include/rrm_msgs/rrm_msgs/msg/detail
[5.154s] -- Installing: /home/matus/ros2_ws/src/install/rrm_msgs/include/rrm_msgs/rrm_msgs/msg/detail/command__rosidl_typesupport_fastrtps_c.h
[5.154s] -- Installing: /home/matus/ros2_ws/src/install/rrm_msgs/lib/librrm_msgs__rosidl_typesupport_fastrtps_c.so
[5.155s] -- Set non-toolchain portion of runtime path of "/home/matus/ros2_ws/src/install/rrm_msgs/lib/librrm_msgs__rosidl_typesupport_fastrtps_c.so" to ""
[5.155s] -- Up-to-date: /home/matus/ros2_ws/src/install/rrm_msgs/include/rrm_msgs/rrm_msgs
[5.155s] -- Up-to-date: /home/matus/ros2_ws/src/install/rrm_msgs/include/rrm_msgs/rrm_msgs/srv
[5.155s] -- Up-to-date: /home/matus/ros2_ws/src/install/rrm_msgs/include/rrm_msgs/rrm_msgs/srv/detail
[5.155s] -- Installing: /home/matus/ros2_ws/src/install/rrm_msgs/include/rrm_msgs/rrm_msgs/srv/detail/command__rosidl_typesupport_introspection_c.h
[5.155s] -- Installing: /home/matus/ros2_ws/src/install/rrm_msgs/include/rrm_msgs/rrm_msgs/srv/detail/command__type_support.c
[5.155s] -- Up-to-date: /home/matus/ros2_ws/src/install/rrm_msgs/include/rrm_msgs/rrm_msgs/msg
[5.155s] -- Installing: /home/matus/ros2_ws/src/install/rrm_msgs/include/rrm_msgs/rrm_msgs/msg/rosidl_typesupport_introspection_c__visibility_control.h
[5.155s] -- Up-to-date: /home/matus/ros2_ws/src/install/rrm_msgs/include/rrm_msgs/rrm_msgs/msg/detail
[5.155s] -- Installing: /home/matus/ros2_ws/src/install/rrm_msgs/include/rrm_msgs/rrm_msgs/msg/detail/command__rosidl_typesupport_introspection_c.h
[5.155s] -- Installing: /home/matus/ros2_ws/src/install/rrm_msgs/include/rrm_msgs/rrm_msgs/msg/detail/command__type_support.c
[5.155s] -- Installing: /home/matus/ros2_ws/src/install/rrm_msgs/lib/librrm_msgs__rosidl_typesupport_introspection_c.so
[5.155s] -- Set non-toolchain portion of runtime path of "/home/matus/ros2_ws/src/install/rrm_msgs/lib/librrm_msgs__rosidl_typesupport_introspection_c.so" to ""
[5.155s] -- Installing: /home/matus/ros2_ws/src/install/rrm_msgs/lib/librrm_msgs__rosidl_typesupport_c.so
[5.155s] -- Set non-toolchain portion of runtime path of "/home/matus/ros2_ws/src/install/rrm_msgs/lib/librrm_msgs__rosidl_typesupport_c.so" to ""
[5.156s] -- Up-to-date: /home/matus/ros2_ws/src/install/rrm_msgs/include/rrm_msgs/rrm_msgs
[5.156s] -- Up-to-date: /home/matus/ros2_ws/src/install/rrm_msgs/include/rrm_msgs/rrm_msgs/srv
[5.156s] -- Installing: /home/matus/ros2_ws/src/install/rrm_msgs/include/rrm_msgs/rrm_msgs/srv/command.hpp
[5.156s] -- Up-to-date: /home/matus/ros2_ws/src/install/rrm_msgs/include/rrm_msgs/rrm_msgs/srv/detail
[5.156s] -- Installing: /home/matus/ros2_ws/src/install/rrm_msgs/include/rrm_msgs/rrm_msgs/srv/detail/command__struct.hpp
[5.156s] -- Installing: /home/matus/ros2_ws/src/install/rrm_msgs/include/rrm_msgs/rrm_msgs/srv/detail/command__builder.hpp
[5.156s] -- Installing: /home/matus/ros2_ws/src/install/rrm_msgs/include/rrm_msgs/rrm_msgs/srv/detail/command__traits.hpp
[5.156s] -- Installing: /home/matus/ros2_ws/src/install/rrm_msgs/include/rrm_msgs/rrm_msgs/srv/detail/command__type_support.hpp
[5.156s] -- Up-to-date: /home/matus/ros2_ws/src/install/rrm_msgs/include/rrm_msgs/rrm_msgs/msg
[5.156s] -- Installing: /home/matus/ros2_ws/src/install/rrm_msgs/include/rrm_msgs/rrm_msgs/msg/command.hpp
[5.156s] -- Up-to-date: /home/matus/ros2_ws/src/install/rrm_msgs/include/rrm_msgs/rrm_msgs/msg/detail
[5.156s] -- Installing: /home/matus/ros2_ws/src/install/rrm_msgs/include/rrm_msgs/rrm_msgs/msg/detail/command__struct.hpp
[5.157s] -- Installing: /home/matus/ros2_ws/src/install/rrm_msgs/include/rrm_msgs/rrm_msgs/msg/detail/command__builder.hpp
[5.157s] -- Installing: /home/matus/ros2_ws/src/install/rrm_msgs/include/rrm_msgs/rrm_msgs/msg/detail/command__traits.hpp
[5.157s] -- Installing: /home/matus/ros2_ws/src/install/rrm_msgs/include/rrm_msgs/rrm_msgs/msg/detail/command__type_support.hpp
[5.157s] -- Installing: /home/matus/ros2_ws/src/install/rrm_msgs/include/rrm_msgs/rrm_msgs/msg/rosidl_generator_cpp__visibility_control.hpp
[5.157s] -- Up-to-date: /home/matus/ros2_ws/src/install/rrm_msgs/include/rrm_msgs/rrm_msgs
[5.157s] -- Up-to-date: /home/matus/ros2_ws/src/install/rrm_msgs/include/rrm_msgs/rrm_msgs/srv
[5.157s] -- Up-to-date: /home/matus/ros2_ws/src/install/rrm_msgs/include/rrm_msgs/rrm_msgs/srv/detail
[5.157s] -- Installing: /home/matus/ros2_ws/src/install/rrm_msgs/include/rrm_msgs/rrm_msgs/srv/detail/command__rosidl_typesupport_fastrtps_cpp.hpp
[5.157s] -- Installing: /home/matus/ros2_ws/src/install/rrm_msgs/include/rrm_msgs/rrm_msgs/srv/detail/dds_fastrtps
[5.157s] -- Up-to-date: /home/matus/ros2_ws/src/install/rrm_msgs/include/rrm_msgs/rrm_msgs/msg
[5.157s] -- Installing: /home/matus/ros2_ws/src/install/rrm_msgs/include/rrm_msgs/rrm_msgs/msg/rosidl_typesupport_fastrtps_cpp__visibility_control.h
[5.157s] -- Up-to-date: /home/matus/ros2_ws/src/install/rrm_msgs/include/rrm_msgs/rrm_msgs/msg/detail
[5.158s] -- Installing: /home/matus/ros2_ws/src/install/rrm_msgs/include/rrm_msgs/rrm_msgs/msg/detail/command__rosidl_typesupport_fastrtps_cpp.hpp
[5.158s] -- Installing: /home/matus/ros2_ws/src/install/rrm_msgs/include/rrm_msgs/rrm_msgs/msg/detail/dds_fastrtps
[5.158s] -- Installing: /home/matus/ros2_ws/src/install/rrm_msgs/lib/librrm_msgs__rosidl_typesupport_fastrtps_cpp.so
[5.158s] -- Set non-toolchain portion of runtime path of "/home/matus/ros2_ws/src/install/rrm_msgs/lib/librrm_msgs__rosidl_typesupport_fastrtps_cpp.so" to ""
[5.158s] -- Up-to-date: /home/matus/ros2_ws/src/install/rrm_msgs/include/rrm_msgs/rrm_msgs
[5.158s] -- Up-to-date: /home/matus/ros2_ws/src/install/rrm_msgs/include/rrm_msgs/rrm_msgs/srv
[5.158s] -- Up-to-date: /home/matus/ros2_ws/src/install/rrm_msgs/include/rrm_msgs/rrm_msgs/srv/detail
[5.158s] -- Installing: /home/matus/ros2_ws/src/install/rrm_msgs/include/rrm_msgs/rrm_msgs/srv/detail/command__rosidl_typesupport_introspection_cpp.hpp
[5.158s] -- Installing: /home/matus/ros2_ws/src/install/rrm_msgs/include/rrm_msgs/rrm_msgs/srv/detail/command__type_support.cpp
[5.159s] -- Up-to-date: /home/matus/ros2_ws/src/install/rrm_msgs/include/rrm_msgs/rrm_msgs/msg
[5.159s] -- Up-to-date: /home/matus/ros2_ws/src/install/rrm_msgs/include/rrm_msgs/rrm_msgs/msg/detail
[5.159s] -- Installing: /home/matus/ros2_ws/src/install/rrm_msgs/include/rrm_msgs/rrm_msgs/msg/detail/command__rosidl_typesupport_introspection_cpp.hpp
[5.159s] -- Installing: /home/matus/ros2_ws/src/install/rrm_msgs/include/rrm_msgs/rrm_msgs/msg/detail/command__type_support.cpp
[5.159s] -- Installing: /home/matus/ros2_ws/src/install/rrm_msgs/lib/librrm_msgs__rosidl_typesupport_introspection_cpp.so
[5.159s] -- Set non-toolchain portion of runtime path of "/home/matus/ros2_ws/src/install/rrm_msgs/lib/librrm_msgs__rosidl_typesupport_introspection_cpp.so" to ""
[5.159s] -- Installing: /home/matus/ros2_ws/src/install/rrm_msgs/lib/librrm_msgs__rosidl_typesupport_cpp.so
[5.160s] -- Set non-toolchain portion of runtime path of "/home/matus/ros2_ws/src/install/rrm_msgs/lib/librrm_msgs__rosidl_typesupport_cpp.so" to ""
[5.160s] -- Installing: /home/matus/ros2_ws/src/install/rrm_msgs/share/rrm_msgs/environment/pythonpath.sh
[5.160s] -- Installing: /home/matus/ros2_ws/src/install/rrm_msgs/share/rrm_msgs/environment/pythonpath.dsv
[5.160s] -- Installing: /home/matus/ros2_ws/src/install/rrm_msgs/lib/python3.12/site-packages/rrm_msgs-0.0.0-py3.12.egg-info
[5.160s] -- Installing: /home/matus/ros2_ws/src/install/rrm_msgs/lib/python3.12/site-packages/rrm_msgs-0.0.0-py3.12.egg-info/SOURCES.txt
[5.160s] -- Installing: /home/matus/ros2_ws/src/install/rrm_msgs/lib/python3.12/site-packages/rrm_msgs-0.0.0-py3.12.egg-info/dependency_links.txt
[5.160s] -- Installing: /home/matus/ros2_ws/src/install/rrm_msgs/lib/python3.12/site-packages/rrm_msgs-0.0.0-py3.12.egg-info/top_level.txt
[5.160s] -- Installing: /home/matus/ros2_ws/src/install/rrm_msgs/lib/python3.12/site-packages/rrm_msgs-0.0.0-py3.12.egg-info/PKG-INFO
[5.161s] -- Installing: /home/matus/ros2_ws/src/install/rrm_msgs/lib/python3.12/site-packages/rrm_msgs
[5.161s] -- Installing: /home/matus/ros2_ws/src/install/rrm_msgs/lib/python3.12/site-packages/rrm_msgs/_rrm_msgs_s.ep.rosidl_typesupport_c.c
[5.161s] -- Installing: /home/matus/ros2_ws/src/install/rrm_msgs/lib/python3.12/site-packages/rrm_msgs/__init__.py
[5.161s] -- Installing: /home/matus/ros2_ws/src/install/rrm_msgs/lib/python3.12/site-packages/rrm_msgs/rrm_msgs_s__rosidl_typesupport_fastrtps_c.so
[5.161s] -- Installing: /home/matus/ros2_ws/src/install/rrm_msgs/lib/python3.12/site-packages/rrm_msgs/_rrm_msgs_s.ep.rosidl_typesupport_fastrtps_c.c
[5.161s] -- Installing: /home/matus/ros2_ws/src/install/rrm_msgs/lib/python3.12/site-packages/rrm_msgs/srv
[5.161s] -- Installing: /home/matus/ros2_ws/src/install/rrm_msgs/lib/python3.12/site-packages/rrm_msgs/srv/__init__.py
[5.161s] -- Installing: /home/matus/ros2_ws/src/install/rrm_msgs/lib/python3.12/site-packages/rrm_msgs/srv/_command_s.c
[5.161s] -- Installing: /home/matus/ros2_ws/src/install/rrm_msgs/lib/python3.12/site-packages/rrm_msgs/srv/_command.py
[5.161s] -- Installing: /home/matus/ros2_ws/src/install/rrm_msgs/lib/python3.12/site-packages/rrm_msgs/rrm_msgs_s__rosidl_typesupport_introspection_c.so
[5.162s] -- Installing: /home/matus/ros2_ws/src/install/rrm_msgs/lib/python3.12/site-packages/rrm_msgs/msg
[5.162s] -- Installing: /home/matus/ros2_ws/src/install/rrm_msgs/lib/python3.12/site-packages/rrm_msgs/msg/__init__.py
[5.162s] -- Installing: /home/matus/ros2_ws/src/install/rrm_msgs/lib/python3.12/site-packages/rrm_msgs/msg/_command_s.c
[5.162s] -- Installing: /home/matus/ros2_ws/src/install/rrm_msgs/lib/python3.12/site-packages/rrm_msgs/msg/_command.py
[5.162s] -- Installing: /home/matus/ros2_ws/src/install/rrm_msgs/lib/python3.12/site-packages/rrm_msgs/_rrm_msgs_s.ep.rosidl_typesupport_introspection_c.c
[5.162s] -- Installing: /home/matus/ros2_ws/src/install/rrm_msgs/lib/python3.12/site-packages/rrm_msgs/rrm_msgs_s__rosidl_typesupport_c.so
[5.195s] Listing '/home/matus/ros2_ws/src/install/rrm_msgs/lib/python3.12/site-packages/rrm_msgs'...
[5.195s] Compiling '/home/matus/ros2_ws/src/install/rrm_msgs/lib/python3.12/site-packages/rrm_msgs/__init__.py'...
[5.195s] Listing '/home/matus/ros2_ws/src/install/rrm_msgs/lib/python3.12/site-packages/rrm_msgs/msg'...
[5.195s] Compiling '/home/matus/ros2_ws/src/install/rrm_msgs/lib/python3.12/site-packages/rrm_msgs/msg/__init__.py'...
[5.196s] Compiling '/home/matus/ros2_ws/src/install/rrm_msgs/lib/python3.12/site-packages/rrm_msgs/msg/_command.py'...
[5.196s] Listing '/home/matus/ros2_ws/src/install/rrm_msgs/lib/python3.12/site-packages/rrm_msgs/srv'...
[5.196s] Compiling '/home/matus/ros2_ws/src/install/rrm_msgs/lib/python3.12/site-packages/rrm_msgs/srv/__init__.py'...
[5.196s] Compiling '/home/matus/ros2_ws/src/install/rrm_msgs/lib/python3.12/site-packages/rrm_msgs/srv/_command.py'...
[5.200s] -- Installing: /home/matus/ros2_ws/src/install/rrm_msgs/lib/python3.12/site-packages/rrm_msgs/rrm_msgs_s__rosidl_typesupport_fastrtps_c.so
[5.200s] -- Set non-toolchain portion of runtime path of "/home/matus/ros2_ws/src/install/rrm_msgs/lib/python3.12/site-packages/rrm_msgs/rrm_msgs_s__rosidl_typesupport_fastrtps_c.so" to ""
[5.201s] -- Installing: /home/matus/ros2_ws/src/install/rrm_msgs/lib/python3.12/site-packages/rrm_msgs/rrm_msgs_s__rosidl_typesupport_introspection_c.so
[5.201s] -- Set non-toolchain portion of runtime path of "/home/matus/ros2_ws/src/install/rrm_msgs/lib/python3.12/site-packages/rrm_msgs/rrm_msgs_s__rosidl_typesupport_introspection_c.so" to ""
[5.201s] -- Installing: /home/matus/ros2_ws/src/install/rrm_msgs/lib/python3.12/site-packages/rrm_msgs/rrm_msgs_s__rosidl_typesupport_c.so
[5.201s] -- Set non-toolchain portion of runtime path of "/home/matus/ros2_ws/src/install/rrm_msgs/lib/python3.12/site-packages/rrm_msgs/rrm_msgs_s__rosidl_typesupport_c.so" to ""
[5.201s] -- Installing: /home/matus/ros2_ws/src/install/rrm_msgs/lib/librrm_msgs__rosidl_generator_py.so
[5.202s] -- Set non-toolchain portion of runtime path of "/home/matus/ros2_ws/src/install/rrm_msgs/lib/librrm_msgs__rosidl_generator_py.so" to ""
[5.202s] -- Installing: /home/matus/ros2_ws/src/install/rrm_msgs/share/rrm_msgs/msg/Command.idl
[5.202s] -- Installing: /home/matus/ros2_ws/src/install/rrm_msgs/share/rrm_msgs/srv/Command.idl
[5.202s] -- Installing: /home/matus/ros2_ws/src/install/rrm_msgs/share/rrm_msgs/msg/Command.msg
[5.202s] -- Installing: /home/matus/ros2_ws/src/install/rrm_msgs/share/rrm_msgs/srv/Command.srv
[5.202s] -- Installing: /home/matus/ros2_ws/src/install/rrm_msgs/share/ament_index/resource_index/package_run_dependencies/rrm_msgs
[5.202s] -- Installing: /home/matus/ros2_ws/src/install/rrm_msgs/share/ament_index/resource_index/parent_prefix_path/rrm_msgs
[5.202s] -- Installing: /home/matus/ros2_ws/src/install/rrm_msgs/share/rrm_msgs/environment/ament_prefix_path.sh
[5.203s] -- Installing: /home/matus/ros2_ws/src/install/rrm_msgs/share/rrm_msgs/environment/ament_prefix_path.dsv
[5.203s] -- Installing: /home/matus/ros2_ws/src/install/rrm_msgs/share/rrm_msgs/environment/path.sh
[5.203s] -- Installing: /home/matus/ros2_ws/src/install/rrm_msgs/share/rrm_msgs/environment/path.dsv
[5.203s] -- Installing: /home/matus/ros2_ws/src/install/rrm_msgs/share/rrm_msgs/local_setup.bash
[5.203s] -- Installing: /home/matus/ros2_ws/src/install/rrm_msgs/share/rrm_msgs/local_setup.sh
[5.203s] -- Installing: /home/matus/ros2_ws/src/install/rrm_msgs/share/rrm_msgs/local_setup.zsh
[5.203s] -- Installing: /home/matus/ros2_ws/src/install/rrm_msgs/share/rrm_msgs/local_setup.dsv
[5.203s] -- Installing: /home/matus/ros2_ws/src/install/rrm_msgs/share/rrm_msgs/package.dsv
[5.204s] -- Installing: /home/matus/ros2_ws/src/install/rrm_msgs/share/ament_index/resource_index/packages/rrm_msgs
[5.204s] -- Installing: /home/matus/ros2_ws/src/install/rrm_msgs/share/rrm_msgs/cmake/export_rrm_msgs__rosidl_generator_cExport.cmake
[5.204s] -- Installing: /home/matus/ros2_ws/src/install/rrm_msgs/share/rrm_msgs/cmake/export_rrm_msgs__rosidl_generator_cExport-noconfig.cmake
[5.204s] -- Installing: /home/matus/ros2_ws/src/install/rrm_msgs/share/rrm_msgs/cmake/export_rrm_msgs__rosidl_typesupport_fastrtps_cExport.cmake
[5.204s] -- Installing: /home/matus/ros2_ws/src/install/rrm_msgs/share/rrm_msgs/cmake/export_rrm_msgs__rosidl_typesupport_fastrtps_cExport-noconfig.cmake
[5.204s] -- Installing: /home/matus/ros2_ws/src/install/rrm_msgs/share/rrm_msgs/cmake/rrm_msgs__rosidl_typesupport_introspection_cExport.cmake
[5.204s] -- Installing: /home/matus/ros2_ws/src/install/rrm_msgs/share/rrm_msgs/cmake/rrm_msgs__rosidl_typesupport_introspection_cExport-noconfig.cmake
[5.205s] -- Installing: /home/matus/ros2_ws/src/install/rrm_msgs/share/rrm_msgs/cmake/rrm_msgs__rosidl_typesupport_cExport.cmake
[5.205s] -- Installing: /home/matus/ros2_ws/src/install/rrm_msgs/share/rrm_msgs/cmake/rrm_msgs__rosidl_typesupport_cExport-noconfig.cmake
[5.205s] -- Installing: /home/matus/ros2_ws/src/install/rrm_msgs/share/rrm_msgs/cmake/export_rrm_msgs__rosidl_generator_cppExport.cmake
[5.205s] -- Installing: /home/matus/ros2_ws/src/install/rrm_msgs/share/rrm_msgs/cmake/export_rrm_msgs__rosidl_typesupport_fastrtps_cppExport.cmake
[5.205s] -- Installing: /home/matus/ros2_ws/src/install/rrm_msgs/share/rrm_msgs/cmake/export_rrm_msgs__rosidl_typesupport_fastrtps_cppExport-noconfig.cmake
[5.205s] -- Installing: /home/matus/ros2_ws/src/install/rrm_msgs/share/rrm_msgs/cmake/rrm_msgs__rosidl_typesupport_introspection_cppExport.cmake
[5.205s] -- Installing: /home/matus/ros2_ws/src/install/rrm_msgs/share/rrm_msgs/cmake/rrm_msgs__rosidl_typesupport_introspection_cppExport-noconfig.cmake
[5.206s] -- Installing: /home/matus/ros2_ws/src/install/rrm_msgs/share/rrm_msgs/cmake/rrm_msgs__rosidl_typesupport_cppExport.cmake
[5.206s] -- Installing: /home/matus/ros2_ws/src/install/rrm_msgs/share/rrm_msgs/cmake/rrm_msgs__rosidl_typesupport_cppExport-noconfig.cmake
[5.206s] -- Installing: /home/matus/ros2_ws/src/install/rrm_msgs/share/rrm_msgs/cmake/export_rrm_msgs__rosidl_generator_pyExport.cmake
[5.206s] -- Installing: /home/matus/ros2_ws/src/install/rrm_msgs/share/rrm_msgs/cmake/export_rrm_msgs__rosidl_generator_pyExport-noconfig.cmake
[5.206s] -- Installing: /home/matus/ros2_ws/src/install/rrm_msgs/share/rrm_msgs/cmake/rosidl_cmake-extras.cmake
[5.206s] -- Installing: /home/matus/ros2_ws/src/install/rrm_msgs/share/rrm_msgs/cmake/ament_cmake_export_dependencies-extras.cmake
[5.206s] -- Installing: /home/matus/ros2_ws/src/install/rrm_msgs/share/rrm_msgs/cmake/ament_cmake_export_include_directories-extras.cmake
[5.206s] -- Installing: /home/matus/ros2_ws/src/install/rrm_msgs/share/rrm_msgs/cmake/ament_cmake_export_libraries-extras.cmake
[5.207s] -- Installing: /home/matus/ros2_ws/src/install/rrm_msgs/share/rrm_msgs/cmake/ament_cmake_export_targets-extras.cmake
[5.207s] -- Installing: /home/matus/ros2_ws/src/install/rrm_msgs/share/rrm_msgs/cmake/rosidl_cmake_export_typesupport_targets-extras.cmake
[5.207s] -- Installing: /home/matus/ros2_ws/src/install/rrm_msgs/share/rrm_msgs/cmake/rosidl_cmake_export_typesupport_libraries-extras.cmake
[5.207s] -- Installing: /home/matus/ros2_ws/src/install/rrm_msgs/share/rrm_msgs/cmake/rrm_msgsConfig.cmake
[5.207s] -- Installing: /home/matus/ros2_ws/src/install/rrm_msgs/share/rrm_msgs/cmake/rrm_msgsConfig-version.cmake
[5.207s] -- Installing: /home/matus/ros2_ws/src/install/rrm_msgs/share/rrm_msgs/package.xml
[5.210s] Invoked command in '/home/matus/ros2_ws/src/build/rrm_msgs' returned '0': CMAKE_PREFIX_PATH=${CMAKE_PREFIX_PATH}:/opt/ros/jazzy DEBUGINFOD_URLS=https://debuginfod.ubuntu.com /usr/bin/cmake --install /home/matus/ros2_ws/src/build/rrm_msgs
