[0.021s] Invoking command in '/home/matus/ros2_ws/src/build/rrm_msgs': CMAKE_PREFIX_PATH=${CMAKE_PREFIX_PATH}:/opt/ros/jazzy DEBUGINFOD_URLS=https://debuginfod.ubuntu.com /usr/bin/cmake --build /home/matus/ros2_ws/src/build/rrm_msgs -- -j12 -l12
[0.113s] [  2%] Built target rrm_msgs__rosidl_generator_type_description
[0.127s] [  2%] Built target ament_cmake_python_copy_rrm_msgs
[0.148s] [  4%] Built target rrm_msgs__cpp
[0.149s] [ 22%] Built target rrm_msgs__rosidl_generator_c
[0.194s] [ 38%] Built target rrm_msgs__rosidl_typesupport_c
[0.194s] [ 40%] Built target rrm_msgs__rosidl_typesupport_introspection_cpp
[0.195s] [ 52%] Built target rrm_msgs__rosidl_typesupport_introspection_c
[0.195s] [ 59%] Built target rrm_msgs__rosidl_typesupport_fastrtps_c
[0.199s] [ 68%] Built target rrm_msgs__rosidl_typesupport_cpp
[0.204s] [ 77%] Built target rrm_msgs__rosidl_typesupport_fastrtps_cpp
[0.243s] [ 77%] Built target rrm_msgs
[0.282s] [ 79%] Built target rrm_msgs__py
[0.324s] [ 86%] Built target rrm_msgs__rosidl_generator_py
[0.363s] [ 97%] Built target rrm_msgs_s__rosidl_typesupport_fastrtps_c
[0.363s] [ 97%] Built target rrm_msgs_s__rosidl_typesupport_introspection_c
[0.363s] [100%] Built target rrm_msgs_s__rosidl_typesupport_c
[0.499s] running egg_info
[0.539s] writing rrm_msgs.egg-info/PKG-INFO
[0.539s] writing dependency_links to rrm_msgs.egg-info/dependency_links.txt
[0.540s] writing top-level names to rrm_msgs.egg-info/top_level.txt
[0.604s] reading manifest file 'rrm_msgs.egg-info/SOURCES.txt'
[0.605s] writing manifest file 'rrm_msgs.egg-info/SOURCES.txt'
[0.640s] [100%] Built target ament_cmake_python_build_rrm_msgs_egg
[0.653s] Invoked command in '/home/matus/ros2_ws/src/build/rrm_msgs' returned '0': CMAKE_PREFIX_PATH=${CMAKE_PREFIX_PATH}:/opt/ros/jazzy DEBUGINFOD_URLS=https://debuginfod.ubuntu.com /usr/bin/cmake --build /home/matus/ros2_ws/src/build/rrm_msgs -- -j12 -l12
[0.751s] Invoking command in '/home/matus/ros2_ws/src/build/rrm_msgs': CMAKE_PREFIX_PATH=${CMAKE_PREFIX_PATH}:/opt/ros/jazzy DEBUGINFOD_URLS=https://debuginfod.ubuntu.com /usr/bin/cmake --install /home/matus/ros2_ws/src/build/rrm_msgs
[0.759s] -- Install configuration: ""
[0.759s] -- Up-to-date: /home/matus/ros2_ws/src/install/rrm_msgs/share/ament_index/resource_index/rosidl_interfaces/rrm_msgs
[0.760s] -- Up-to-date: /home/matus/ros2_ws/src/install/rrm_msgs/share/rrm_msgs/msg/Command.json
[0.760s] -- Up-to-date: /home/matus/ros2_ws/src/install/rrm_msgs/share/rrm_msgs/srv/Command.json
[0.760s] -- Up-to-date: /home/matus/ros2_ws/src/install/rrm_msgs/include/rrm_msgs/rrm_msgs
[0.760s] -- Up-to-date: /home/matus/ros2_ws/src/install/rrm_msgs/include/rrm_msgs/rrm_msgs/srv
[0.760s] -- Up-to-date: /home/matus/ros2_ws/src/install/rrm_msgs/include/rrm_msgs/rrm_msgs/srv/command.h
[0.760s] -- Up-to-date: /home/matus/ros2_ws/src/install/rrm_msgs/include/rrm_msgs/rrm_msgs/srv/detail
[0.760s] -- Up-to-date: /home/matus/ros2_ws/src/install/rrm_msgs/include/rrm_msgs/rrm_msgs/srv/detail/command__functions.h
[0.760s] -- Up-to-date: /home/matus/ros2_ws/src/install/rrm_msgs/include/rrm_msgs/rrm_msgs/srv/detail/command__functions.c
[0.760s] -- Up-to-date: /home/matus/ros2_ws/src/install/rrm_msgs/include/rrm_msgs/rrm_msgs/srv/detail/command__description.c
[0.760s] -- Up-to-date: /home/matus/ros2_ws/src/install/rrm_msgs/include/rrm_msgs/rrm_msgs/srv/detail/command__struct.h
[0.760s] -- Up-to-date: /home/matus/ros2_ws/src/install/rrm_msgs/include/rrm_msgs/rrm_msgs/srv/detail/command__type_support.c
[0.761s] -- Up-to-date: /home/matus/ros2_ws/src/install/rrm_msgs/include/rrm_msgs/rrm_msgs/srv/detail/command__type_support.h
[0.761s] -- Up-to-date: /home/matus/ros2_ws/src/install/rrm_msgs/include/rrm_msgs/rrm_msgs/msg
[0.761s] -- Up-to-date: /home/matus/ros2_ws/src/install/rrm_msgs/include/rrm_msgs/rrm_msgs/msg/rosidl_generator_c__visibility_control.h
[0.761s] -- Up-to-date: /home/matus/ros2_ws/src/install/rrm_msgs/include/rrm_msgs/rrm_msgs/msg/command.h
[0.761s] -- Up-to-date: /home/matus/ros2_ws/src/install/rrm_msgs/include/rrm_msgs/rrm_msgs/msg/detail
[0.761s] -- Up-to-date: /home/matus/ros2_ws/src/install/rrm_msgs/include/rrm_msgs/rrm_msgs/msg/detail/command__functions.h
[0.761s] -- Up-to-date: /home/matus/ros2_ws/src/install/rrm_msgs/include/rrm_msgs/rrm_msgs/msg/detail/command__functions.c
[0.761s] -- Up-to-date: /home/matus/ros2_ws/src/install/rrm_msgs/include/rrm_msgs/rrm_msgs/msg/detail/command__description.c
[0.761s] -- Up-to-date: /home/matus/ros2_ws/src/install/rrm_msgs/include/rrm_msgs/rrm_msgs/msg/detail/command__struct.h
[0.761s] -- Up-to-date: /home/matus/ros2_ws/src/install/rrm_msgs/include/rrm_msgs/rrm_msgs/msg/detail/command__type_support.c
[0.761s] -- Up-to-date: /home/matus/ros2_ws/src/install/rrm_msgs/include/rrm_msgs/rrm_msgs/msg/detail/command__type_support.h
[0.761s] -- Up-to-date: /home/matus/ros2_ws/src/install/rrm_msgs/share/rrm_msgs/environment/library_path.sh
[0.761s] -- Up-to-date: /home/matus/ros2_ws/src/install/rrm_msgs/share/rrm_msgs/environment/library_path.dsv
[0.761s] -- Up-to-date: /home/matus/ros2_ws/src/install/rrm_msgs/lib/librrm_msgs__rosidl_generator_c.so
[0.761s] -- Up-to-date: /home/matus/ros2_ws/src/install/rrm_msgs/include/rrm_msgs/rrm_msgs
[0.761s] -- Up-to-date: /home/matus/ros2_ws/src/install/rrm_msgs/include/rrm_msgs/rrm_msgs/srv
[0.761s] -- Up-to-date: /home/matus/ros2_ws/src/install/rrm_msgs/include/rrm_msgs/rrm_msgs/srv/detail
[0.761s] -- Up-to-date: /home/matus/ros2_ws/src/install/rrm_msgs/include/rrm_msgs/rrm_msgs/srv/detail/command__rosidl_typesupport_fastrtps_c.h
[0.762s] -- Up-to-date: /home/matus/ros2_ws/src/install/rrm_msgs/include/rrm_msgs/rrm_msgs/msg
[0.762s] -- Up-to-date: /home/matus/ros2_ws/src/install/rrm_msgs/include/rrm_msgs/rrm_msgs/msg/rosidl_typesupport_fastrtps_c__visibility_control.h
[0.762s] -- Up-to-date: /home/matus/ros2_ws/src/install/rrm_msgs/include/rrm_msgs/rrm_msgs/msg/detail
[0.762s] -- Up-to-date: /home/matus/ros2_ws/src/install/rrm_msgs/include/rrm_msgs/rrm_msgs/msg/detail/command__rosidl_typesupport_fastrtps_c.h
[0.762s] -- Up-to-date: /home/matus/ros2_ws/src/install/rrm_msgs/lib/librrm_msgs__rosidl_typesupport_fastrtps_c.so
[0.762s] -- Up-to-date: /home/matus/ros2_ws/src/install/rrm_msgs/include/rrm_msgs/rrm_msgs
[0.762s] -- Up-to-date: /home/matus/ros2_ws/src/install/rrm_msgs/include/rrm_msgs/rrm_msgs/srv
[0.762s] -- Up-to-date: /home/matus/ros2_ws/src/install/rrm_msgs/include/rrm_msgs/rrm_msgs/srv/detail
[0.762s] -- Up-to-date: /home/matus/ros2_ws/src/install/rrm_msgs/include/rrm_msgs/rrm_msgs/srv/detail/command__rosidl_typesupport_introspection_c.h
[0.762s] -- Up-to-date: /home/matus/ros2_ws/src/install/rrm_msgs/include/rrm_msgs/rrm_msgs/srv/detail/command__type_support.c
[0.762s] -- Up-to-date: /home/matus/ros2_ws/src/install/rrm_msgs/include/rrm_msgs/rrm_msgs/msg
[0.762s] -- Up-to-date: /home/matus/ros2_ws/src/install/rrm_msgs/include/rrm_msgs/rrm_msgs/msg/rosidl_typesupport_introspection_c__visibility_control.h
[0.762s] -- Up-to-date: /home/matus/ros2_ws/src/install/rrm_msgs/include/rrm_msgs/rrm_msgs/msg/detail
[0.762s] -- Up-to-date: /home/matus/ros2_ws/src/install/rrm_msgs/include/rrm_msgs/rrm_msgs/msg/detail/command__rosidl_typesupport_introspection_c.h
[0.762s] -- Up-to-date: /home/matus/ros2_ws/src/install/rrm_msgs/include/rrm_msgs/rrm_msgs/msg/detail/command__type_support.c
[0.762s] -- Up-to-date: /home/matus/ros2_ws/src/install/rrm_msgs/lib/librrm_msgs__rosidl_typesupport_introspection_c.so
[0.762s] -- Up-to-date: /home/matus/ros2_ws/src/install/rrm_msgs/lib/librrm_msgs__rosidl_typesupport_c.so
[0.762s] -- Up-to-date: /home/matus/ros2_ws/src/install/rrm_msgs/include/rrm_msgs/rrm_msgs
[0.762s] -- Up-to-date: /home/matus/ros2_ws/src/install/rrm_msgs/include/rrm_msgs/rrm_msgs/srv
[0.763s] -- Up-to-date: /home/matus/ros2_ws/src/install/rrm_msgs/include/rrm_msgs/rrm_msgs/srv/command.hpp
[0.763s] -- Up-to-date: /home/matus/ros2_ws/src/install/rrm_msgs/include/rrm_msgs/rrm_msgs/srv/detail
[0.763s] -- Up-to-date: /home/matus/ros2_ws/src/install/rrm_msgs/include/rrm_msgs/rrm_msgs/srv/detail/command__struct.hpp
[0.763s] -- Up-to-date: /home/matus/ros2_ws/src/install/rrm_msgs/include/rrm_msgs/rrm_msgs/srv/detail/command__builder.hpp
[0.763s] -- Up-to-date: /home/matus/ros2_ws/src/install/rrm_msgs/include/rrm_msgs/rrm_msgs/srv/detail/command__traits.hpp
[0.763s] -- Up-to-date: /home/matus/ros2_ws/src/install/rrm_msgs/include/rrm_msgs/rrm_msgs/srv/detail/command__type_support.hpp
[0.763s] -- Up-to-date: /home/matus/ros2_ws/src/install/rrm_msgs/include/rrm_msgs/rrm_msgs/msg
[0.763s] -- Up-to-date: /home/matus/ros2_ws/src/install/rrm_msgs/include/rrm_msgs/rrm_msgs/msg/command.hpp
[0.763s] -- Up-to-date: /home/matus/ros2_ws/src/install/rrm_msgs/include/rrm_msgs/rrm_msgs/msg/detail
[0.763s] -- Up-to-date: /home/matus/ros2_ws/src/install/rrm_msgs/include/rrm_msgs/rrm_msgs/msg/detail/command__struct.hpp
[0.763s] -- Up-to-date: /home/matus/ros2_ws/src/install/rrm_msgs/include/rrm_msgs/rrm_msgs/msg/detail/command__builder.hpp
[0.763s] -- Up-to-date: /home/matus/ros2_ws/src/install/rrm_msgs/include/rrm_msgs/rrm_msgs/msg/detail/command__traits.hpp
[0.763s] -- Up-to-date: /home/matus/ros2_ws/src/install/rrm_msgs/include/rrm_msgs/rrm_msgs/msg/detail/command__type_support.hpp
[0.763s] -- Up-to-date: /home/matus/ros2_ws/src/install/rrm_msgs/include/rrm_msgs/rrm_msgs/msg/rosidl_generator_cpp__visibility_control.hpp
[0.763s] -- Up-to-date: /home/matus/ros2_ws/src/install/rrm_msgs/include/rrm_msgs/rrm_msgs
[0.763s] -- Up-to-date: /home/matus/ros2_ws/src/install/rrm_msgs/include/rrm_msgs/rrm_msgs/srv
[0.763s] -- Up-to-date: /home/matus/ros2_ws/src/install/rrm_msgs/include/rrm_msgs/rrm_msgs/srv/detail
[0.763s] -- Up-to-date: /home/matus/ros2_ws/src/install/rrm_msgs/include/rrm_msgs/rrm_msgs/srv/detail/command__rosidl_typesupport_fastrtps_cpp.hpp
[0.763s] -- Up-to-date: /home/matus/ros2_ws/src/install/rrm_msgs/include/rrm_msgs/rrm_msgs/srv/detail/dds_fastrtps
[0.763s] -- Up-to-date: /home/matus/ros2_ws/src/install/rrm_msgs/include/rrm_msgs/rrm_msgs/msg
[0.763s] -- Up-to-date: /home/matus/ros2_ws/src/install/rrm_msgs/include/rrm_msgs/rrm_msgs/msg/rosidl_typesupport_fastrtps_cpp__visibility_control.h
[0.764s] -- Up-to-date: /home/matus/ros2_ws/src/install/rrm_msgs/include/rrm_msgs/rrm_msgs/msg/detail
[0.764s] -- Up-to-date: /home/matus/ros2_ws/src/install/rrm_msgs/include/rrm_msgs/rrm_msgs/msg/detail/command__rosidl_typesupport_fastrtps_cpp.hpp
[0.764s] -- Up-to-date: /home/matus/ros2_ws/src/install/rrm_msgs/include/rrm_msgs/rrm_msgs/msg/detail/dds_fastrtps
[0.764s] -- Up-to-date: /home/matus/ros2_ws/src/install/rrm_msgs/lib/librrm_msgs__rosidl_typesupport_fastrtps_cpp.so
[0.764s] -- Up-to-date: /home/matus/ros2_ws/src/install/rrm_msgs/include/rrm_msgs/rrm_msgs
[0.764s] -- Up-to-date: /home/matus/ros2_ws/src/install/rrm_msgs/include/rrm_msgs/rrm_msgs/srv
[0.764s] -- Up-to-date: /home/matus/ros2_ws/src/install/rrm_msgs/include/rrm_msgs/rrm_msgs/srv/detail
[0.764s] -- Up-to-date: /home/matus/ros2_ws/src/install/rrm_msgs/include/rrm_msgs/rrm_msgs/srv/detail/command__rosidl_typesupport_introspection_cpp.hpp
[0.764s] -- Up-to-date: /home/matus/ros2_ws/src/install/rrm_msgs/include/rrm_msgs/rrm_msgs/srv/detail/command__type_support.cpp
[0.764s] -- Up-to-date: /home/matus/ros2_ws/src/install/rrm_msgs/include/rrm_msgs/rrm_msgs/msg
[0.764s] -- Up-to-date: /home/matus/ros2_ws/src/install/rrm_msgs/include/rrm_msgs/rrm_msgs/msg/detail
[0.764s] -- Up-to-date: /home/matus/ros2_ws/src/install/rrm_msgs/include/rrm_msgs/rrm_msgs/msg/detail/command__rosidl_typesupport_introspection_cpp.hpp
[0.764s] -- Up-to-date: /home/matus/ros2_ws/src/install/rrm_msgs/include/rrm_msgs/rrm_msgs/msg/detail/command__type_support.cpp
[0.764s] -- Up-to-date: /home/matus/ros2_ws/src/install/rrm_msgs/lib/librrm_msgs__rosidl_typesupport_introspection_cpp.so
[0.764s] -- Up-to-date: /home/matus/ros2_ws/src/install/rrm_msgs/lib/librrm_msgs__rosidl_typesupport_cpp.so
[0.764s] -- Up-to-date: /home/matus/ros2_ws/src/install/rrm_msgs/share/rrm_msgs/environment/pythonpath.sh
[0.764s] -- Up-to-date: /home/matus/ros2_ws/src/install/rrm_msgs/share/rrm_msgs/environment/pythonpath.dsv
[0.764s] -- Up-to-date: /home/matus/ros2_ws/src/install/rrm_msgs/lib/python3.12/site-packages/rrm_msgs-0.0.0-py3.12.egg-info
[0.764s] -- Installing: /home/matus/ros2_ws/src/install/rrm_msgs/lib/python3.12/site-packages/rrm_msgs-0.0.0-py3.12.egg-info/SOURCES.txt
[0.764s] -- Installing: /home/matus/ros2_ws/src/install/rrm_msgs/lib/python3.12/site-packages/rrm_msgs-0.0.0-py3.12.egg-info/dependency_links.txt
[0.764s] -- Installing: /home/matus/ros2_ws/src/install/rrm_msgs/lib/python3.12/site-packages/rrm_msgs-0.0.0-py3.12.egg-info/top_level.txt
[0.765s] -- Installing: /home/matus/ros2_ws/src/install/rrm_msgs/lib/python3.12/site-packages/rrm_msgs-0.0.0-py3.12.egg-info/PKG-INFO
[0.765s] -- Up-to-date: /home/matus/ros2_ws/src/install/rrm_msgs/lib/python3.12/site-packages/rrm_msgs
[0.765s] -- Up-to-date: /home/matus/ros2_ws/src/install/rrm_msgs/lib/python3.12/site-packages/rrm_msgs/_rrm_msgs_s.ep.rosidl_typesupport_c.c
[0.765s] -- Up-to-date: /home/matus/ros2_ws/src/install/rrm_msgs/lib/python3.12/site-packages/rrm_msgs/__init__.py
[0.765s] -- Up-to-date: /home/matus/ros2_ws/src/install/rrm_msgs/lib/python3.12/site-packages/rrm_msgs/rrm_msgs_s__rosidl_typesupport_fastrtps_c.so
[0.765s] -- Up-to-date: /home/matus/ros2_ws/src/install/rrm_msgs/lib/python3.12/site-packages/rrm_msgs/_rrm_msgs_s.ep.rosidl_typesupport_fastrtps_c.c
[0.765s] -- Up-to-date: /home/matus/ros2_ws/src/install/rrm_msgs/lib/python3.12/site-packages/rrm_msgs/srv
[0.765s] -- Up-to-date: /home/matus/ros2_ws/src/install/rrm_msgs/lib/python3.12/site-packages/rrm_msgs/srv/__init__.py
[0.765s] -- Up-to-date: /home/matus/ros2_ws/src/install/rrm_msgs/lib/python3.12/site-packages/rrm_msgs/srv/_command_s.c
[0.765s] -- Up-to-date: /home/matus/ros2_ws/src/install/rrm_msgs/lib/python3.12/site-packages/rrm_msgs/srv/_command.py
[0.765s] -- Up-to-date: /home/matus/ros2_ws/src/install/rrm_msgs/lib/python3.12/site-packages/rrm_msgs/rrm_msgs_s__rosidl_typesupport_introspection_c.so
[0.765s] -- Up-to-date: /home/matus/ros2_ws/src/install/rrm_msgs/lib/python3.12/site-packages/rrm_msgs/msg
[0.765s] -- Up-to-date: /home/matus/ros2_ws/src/install/rrm_msgs/lib/python3.12/site-packages/rrm_msgs/msg/__init__.py
[0.765s] -- Up-to-date: /home/matus/ros2_ws/src/install/rrm_msgs/lib/python3.12/site-packages/rrm_msgs/msg/_command_s.c
[0.765s] -- Up-to-date: /home/matus/ros2_ws/src/install/rrm_msgs/lib/python3.12/site-packages/rrm_msgs/msg/_command.py
[0.765s] -- Up-to-date: /home/matus/ros2_ws/src/install/rrm_msgs/lib/python3.12/site-packages/rrm_msgs/_rrm_msgs_s.ep.rosidl_typesupport_introspection_c.c
[0.765s] -- Up-to-date: /home/matus/ros2_ws/src/install/rrm_msgs/lib/python3.12/site-packages/rrm_msgs/rrm_msgs_s__rosidl_typesupport_c.so
[0.792s] Listing '/home/matus/ros2_ws/src/install/rrm_msgs/lib/python3.12/site-packages/rrm_msgs'...
[0.792s] Listing '/home/matus/ros2_ws/src/install/rrm_msgs/lib/python3.12/site-packages/rrm_msgs/msg'...
[0.792s] Listing '/home/matus/ros2_ws/src/install/rrm_msgs/lib/python3.12/site-packages/rrm_msgs/srv'...
[0.797s] -- Up-to-date: /home/matus/ros2_ws/src/install/rrm_msgs/lib/python3.12/site-packages/rrm_msgs/rrm_msgs_s__rosidl_typesupport_fastrtps_c.so
[0.797s] -- Up-to-date: /home/matus/ros2_ws/src/install/rrm_msgs/lib/python3.12/site-packages/rrm_msgs/rrm_msgs_s__rosidl_typesupport_introspection_c.so
[0.797s] -- Up-to-date: /home/matus/ros2_ws/src/install/rrm_msgs/lib/python3.12/site-packages/rrm_msgs/rrm_msgs_s__rosidl_typesupport_c.so
[0.798s] -- Up-to-date: /home/matus/ros2_ws/src/install/rrm_msgs/lib/librrm_msgs__rosidl_generator_py.so
[0.798s] -- Up-to-date: /home/matus/ros2_ws/src/install/rrm_msgs/share/rrm_msgs/msg/Command.idl
[0.798s] -- Up-to-date: /home/matus/ros2_ws/src/install/rrm_msgs/share/rrm_msgs/srv/Command.idl
[0.798s] -- Up-to-date: /home/matus/ros2_ws/src/install/rrm_msgs/share/rrm_msgs/msg/Command.msg
[0.798s] -- Up-to-date: /home/matus/ros2_ws/src/install/rrm_msgs/share/rrm_msgs/srv/Command.srv
[0.798s] -- Up-to-date: /home/matus/ros2_ws/src/install/rrm_msgs/share/ament_index/resource_index/package_run_dependencies/rrm_msgs
[0.798s] -- Up-to-date: /home/matus/ros2_ws/src/install/rrm_msgs/share/ament_index/resource_index/parent_prefix_path/rrm_msgs
[0.798s] -- Up-to-date: /home/matus/ros2_ws/src/install/rrm_msgs/share/rrm_msgs/environment/ament_prefix_path.sh
[0.798s] -- Up-to-date: /home/matus/ros2_ws/src/install/rrm_msgs/share/rrm_msgs/environment/ament_prefix_path.dsv
[0.798s] -- Up-to-date: /home/matus/ros2_ws/src/install/rrm_msgs/share/rrm_msgs/environment/path.sh
[0.798s] -- Up-to-date: /home/matus/ros2_ws/src/install/rrm_msgs/share/rrm_msgs/environment/path.dsv
[0.799s] -- Up-to-date: /home/matus/ros2_ws/src/install/rrm_msgs/share/rrm_msgs/local_setup.bash
[0.799s] -- Up-to-date: /home/matus/ros2_ws/src/install/rrm_msgs/share/rrm_msgs/local_setup.sh
[0.799s] -- Up-to-date: /home/matus/ros2_ws/src/install/rrm_msgs/share/rrm_msgs/local_setup.zsh
[0.799s] -- Up-to-date: /home/matus/ros2_ws/src/install/rrm_msgs/share/rrm_msgs/local_setup.dsv
[0.799s] -- Installing: /home/matus/ros2_ws/src/install/rrm_msgs/share/rrm_msgs/package.dsv
[0.799s] -- Up-to-date: /home/matus/ros2_ws/src/install/rrm_msgs/share/ament_index/resource_index/packages/rrm_msgs
[0.799s] -- Up-to-date: /home/matus/ros2_ws/src/install/rrm_msgs/share/rrm_msgs/cmake/export_rrm_msgs__rosidl_generator_cExport.cmake
[0.799s] -- Up-to-date: /home/matus/ros2_ws/src/install/rrm_msgs/share/rrm_msgs/cmake/export_rrm_msgs__rosidl_generator_cExport-noconfig.cmake
[0.799s] -- Up-to-date: /home/matus/ros2_ws/src/install/rrm_msgs/share/rrm_msgs/cmake/export_rrm_msgs__rosidl_typesupport_fastrtps_cExport.cmake
[0.799s] -- Up-to-date: /home/matus/ros2_ws/src/install/rrm_msgs/share/rrm_msgs/cmake/export_rrm_msgs__rosidl_typesupport_fastrtps_cExport-noconfig.cmake
[0.799s] -- Up-to-date: /home/matus/ros2_ws/src/install/rrm_msgs/share/rrm_msgs/cmake/rrm_msgs__rosidl_typesupport_introspection_cExport.cmake
[0.799s] -- Up-to-date: /home/matus/ros2_ws/src/install/rrm_msgs/share/rrm_msgs/cmake/rrm_msgs__rosidl_typesupport_introspection_cExport-noconfig.cmake
[0.799s] -- Up-to-date: /home/matus/ros2_ws/src/install/rrm_msgs/share/rrm_msgs/cmake/rrm_msgs__rosidl_typesupport_cExport.cmake
[0.799s] -- Up-to-date: /home/matus/ros2_ws/src/install/rrm_msgs/share/rrm_msgs/cmake/rrm_msgs__rosidl_typesupport_cExport-noconfig.cmake
[0.799s] -- Up-to-date: /home/matus/ros2_ws/src/install/rrm_msgs/share/rrm_msgs/cmake/export_rrm_msgs__rosidl_generator_cppExport.cmake
[0.799s] -- Up-to-date: /home/matus/ros2_ws/src/install/rrm_msgs/share/rrm_msgs/cmake/export_rrm_msgs__rosidl_typesupport_fastrtps_cppExport.cmake
[0.800s] -- Up-to-date: /home/matus/ros2_ws/src/install/rrm_msgs/share/rrm_msgs/cmake/export_rrm_msgs__rosidl_typesupport_fastrtps_cppExport-noconfig.cmake
[0.800s] -- Up-to-date: /home/matus/ros2_ws/src/install/rrm_msgs/share/rrm_msgs/cmake/rrm_msgs__rosidl_typesupport_introspection_cppExport.cmake
[0.800s] -- Up-to-date: /home/matus/ros2_ws/src/install/rrm_msgs/share/rrm_msgs/cmake/rrm_msgs__rosidl_typesupport_introspection_cppExport-noconfig.cmake
[0.800s] -- Up-to-date: /home/matus/ros2_ws/src/install/rrm_msgs/share/rrm_msgs/cmake/rrm_msgs__rosidl_typesupport_cppExport.cmake
[0.800s] -- Up-to-date: /home/matus/ros2_ws/src/install/rrm_msgs/share/rrm_msgs/cmake/rrm_msgs__rosidl_typesupport_cppExport-noconfig.cmake
[0.800s] -- Up-to-date: /home/matus/ros2_ws/src/install/rrm_msgs/share/rrm_msgs/cmake/export_rrm_msgs__rosidl_generator_pyExport.cmake
[0.800s] -- Up-to-date: /home/matus/ros2_ws/src/install/rrm_msgs/share/rrm_msgs/cmake/export_rrm_msgs__rosidl_generator_pyExport-noconfig.cmake
[0.800s] -- Up-to-date: /home/matus/ros2_ws/src/install/rrm_msgs/share/rrm_msgs/cmake/rosidl_cmake-extras.cmake
[0.800s] -- Up-to-date: /home/matus/ros2_ws/src/install/rrm_msgs/share/rrm_msgs/cmake/ament_cmake_export_dependencies-extras.cmake
[0.800s] -- Up-to-date: /home/matus/ros2_ws/src/install/rrm_msgs/share/rrm_msgs/cmake/ament_cmake_export_include_directories-extras.cmake
[0.800s] -- Up-to-date: /home/matus/ros2_ws/src/install/rrm_msgs/share/rrm_msgs/cmake/ament_cmake_export_libraries-extras.cmake
[0.800s] -- Up-to-date: /home/matus/ros2_ws/src/install/rrm_msgs/share/rrm_msgs/cmake/ament_cmake_export_targets-extras.cmake
[0.800s] -- Up-to-date: /home/matus/ros2_ws/src/install/rrm_msgs/share/rrm_msgs/cmake/rosidl_cmake_export_typesupport_targets-extras.cmake
[0.800s] -- Up-to-date: /home/matus/ros2_ws/src/install/rrm_msgs/share/rrm_msgs/cmake/rosidl_cmake_export_typesupport_libraries-extras.cmake
[0.800s] -- Up-to-date: /home/matus/ros2_ws/src/install/rrm_msgs/share/rrm_msgs/cmake/rrm_msgsConfig.cmake
[0.800s] -- Up-to-date: /home/matus/ros2_ws/src/install/rrm_msgs/share/rrm_msgs/cmake/rrm_msgsConfig-version.cmake
[0.800s] -- Up-to-date: /home/matus/ros2_ws/src/install/rrm_msgs/share/rrm_msgs/package.xml
[0.802s] Invoked command in '/home/matus/ros2_ws/src/build/rrm_msgs' returned '0': CMAKE_PREFIX_PATH=${CMAKE_PREFIX_PATH}:/opt/ros/jazzy DEBUGINFOD_URLS=https://debuginfod.ubuntu.com /usr/bin/cmake --install /home/matus/ros2_ws/src/build/rrm_msgs
