[0.015s] Invoking command in '/home/matus/ros2_ws/build/rrm_sim': CMAKE_PREFIX_PATH=/home/matus/ros2_ws/install/rrm_msgs:/home/matus/ros2_ws/install/rrm_simple_robot_model:/home/matus/ros2_ws/install/rrm_sim:/home/matus/ros2_ws/install/block1_matuska:/home/matus/ros2_ws/install/cviko1:/home/matus/ros2_ws/install/cv1:/opt/ros/jazzy/opt/gz_math_vendor:/opt/ros/jazzy/opt/gz_utils_vendor:/opt/ros/jazzy/opt/gz_cmake_vendor:/opt/ros/jazzy DEBUGINFOD_URLS=https://debuginfod.ubuntu.com /usr/bin/cmake --build /home/matus/ros2_ws/build/rrm_sim -- -j12 -l12
[0.109s] [100%] Built target robot_sim_node
[0.128s] Invoked command in '/home/matus/ros2_ws/build/rrm_sim' returned '0': CMAKE_PREFIX_PATH=/home/matus/ros2_ws/install/rrm_msgs:/home/matus/ros2_ws/install/rrm_simple_robot_model:/home/matus/ros2_ws/install/rrm_sim:/home/matus/ros2_ws/install/block1_matuska:/home/matus/ros2_ws/install/cviko1:/home/matus/ros2_ws/install/cv1:/opt/ros/jazzy/opt/gz_math_vendor:/opt/ros/jazzy/opt/gz_utils_vendor:/opt/ros/jazzy/opt/gz_cmake_vendor:/opt/ros/jazzy DEBUGINFOD_URLS=https://debuginfod.ubuntu.com /usr/bin/cmake --build /home/matus/ros2_ws/build/rrm_sim -- -j12 -l12
[0.174s] Invoking command in '/home/matus/ros2_ws/build/rrm_sim': CMAKE_PREFIX_PATH=/home/matus/ros2_ws/install/rrm_msgs:/home/matus/ros2_ws/install/rrm_simple_robot_model:/home/matus/ros2_ws/install/rrm_sim:/home/matus/ros2_ws/install/block1_matuska:/home/matus/ros2_ws/install/cviko1:/home/matus/ros2_ws/install/cv1:/opt/ros/jazzy/opt/gz_math_vendor:/opt/ros/jazzy/opt/gz_utils_vendor:/opt/ros/jazzy/opt/gz_cmake_vendor:/opt/ros/jazzy DEBUGINFOD_URLS=https://debuginfod.ubuntu.com /usr/bin/cmake --install /home/matus/ros2_ws/build/rrm_sim
[0.188s] -- Install configuration: ""
[0.188s] -- Up-to-date: /home/matus/ros2_ws/install/rrm_sim/lib/rrm_sim/robot_sim_node
[0.189s] -- Up-to-date: /home/matus/ros2_ws/install/rrm_sim/share/rrm_sim/launch
[0.189s] -- Up-to-date: /home/matus/ros2_ws/install/rrm_sim/share/rrm_sim/launch/rrm_sim.launch.xml
[0.189s] -- Up-to-date: /home/matus/ros2_ws/install/rrm_sim/share/ament_index/resource_index/package_run_dependencies/rrm_sim
[0.189s] -- Up-to-date: /home/matus/ros2_ws/install/rrm_sim/share/ament_index/resource_index/parent_prefix_path/rrm_sim
[0.189s] -- Up-to-date: /home/matus/ros2_ws/install/rrm_sim/share/rrm_sim/environment/ament_prefix_path.sh
[0.189s] -- Up-to-date: /home/matus/ros2_ws/install/rrm_sim/share/rrm_sim/environment/ament_prefix_path.dsv
[0.189s] -- Up-to-date: /home/matus/ros2_ws/install/rrm_sim/share/rrm_sim/environment/path.sh
[0.190s] -- Up-to-date: /home/matus/ros2_ws/install/rrm_sim/share/rrm_sim/environment/path.dsv
[0.190s] -- Up-to-date: /home/matus/ros2_ws/install/rrm_sim/share/rrm_sim/local_setup.bash
[0.190s] -- Up-to-date: /home/matus/ros2_ws/install/rrm_sim/share/rrm_sim/local_setup.sh
[0.190s] -- Up-to-date: /home/matus/ros2_ws/install/rrm_sim/share/rrm_sim/local_setup.zsh
[0.190s] -- Up-to-date: /home/matus/ros2_ws/install/rrm_sim/share/rrm_sim/local_setup.dsv
[0.190s] -- Installing: /home/matus/ros2_ws/install/rrm_sim/share/rrm_sim/package.dsv
[0.190s] -- Up-to-date: /home/matus/ros2_ws/install/rrm_sim/share/ament_index/resource_index/packages/rrm_sim
[0.190s] -- Up-to-date: /home/matus/ros2_ws/install/rrm_sim/share/rrm_sim/cmake/rrm_simConfig.cmake
[0.190s] -- Up-to-date: /home/matus/ros2_ws/install/rrm_sim/share/rrm_sim/cmake/rrm_simConfig-version.cmake
[0.191s] -- Up-to-date: /home/matus/ros2_ws/install/rrm_sim/share/rrm_sim/package.xml
[0.194s] Invoked command in '/home/matus/ros2_ws/build/rrm_sim' returned '0': CMAKE_PREFIX_PATH=/home/matus/ros2_ws/install/rrm_msgs:/home/matus/ros2_ws/install/rrm_simple_robot_model:/home/matus/ros2_ws/install/rrm_sim:/home/matus/ros2_ws/install/block1_matuska:/home/matus/ros2_ws/install/cviko1:/home/matus/ros2_ws/install/cv1:/opt/ros/jazzy/opt/gz_math_vendor:/opt/ros/jazzy/opt/gz_utils_vendor:/opt/ros/jazzy/opt/gz_cmake_vendor:/opt/ros/jazzy DEBUGINFOD_URLS=https://debuginfod.ubuntu.com /usr/bin/cmake --install /home/matus/ros2_ws/build/rrm_sim
