[0.017s] Invoking command in '/home/matus/ros2_ws/build/block1_matuska': CMAKE_PREFIX_PATH=/home/matus/ros2_ws/install/rrm_msgs:/home/matus/ros2_ws/install/rrm_simple_robot_model:/home/matus/ros2_ws/install/rrm_sim:/home/matus/ros2_ws/install/block1_matuska:/home/matus/ros2_ws/install/cviko1:/home/matus/ros2_ws/install/cv1:/opt/ros/jazzy/opt/gz_math_vendor:/opt/ros/jazzy/opt/gz_utils_vendor:/opt/ros/jazzy/opt/gz_cmake_vendor:/opt/ros/jazzy DEBUGINFOD_URLS=https://debuginfod.ubuntu.com /usr/bin/cmake --build /home/matus/ros2_ws/build/block1_matuska -- -j12 -l12
[0.120s] [ 50%] Built target logger_node
[0.125s] [ 75%] [32mBuilding CXX object CMakeFiles/teleop_node.dir/src/teleop_node.cpp.o[0m
[3.839s] [100%] [32m[1mLinking CXX executable teleop_node[0m
[3.957s] [100%] Built target teleop_node
[3.968s] Invoked command in '/home/matus/ros2_ws/build/block1_matuska' returned '0': CMAKE_PREFIX_PATH=/home/matus/ros2_ws/install/rrm_msgs:/home/matus/ros2_ws/install/rrm_simple_robot_model:/home/matus/ros2_ws/install/rrm_sim:/home/matus/ros2_ws/install/block1_matuska:/home/matus/ros2_ws/install/cviko1:/home/matus/ros2_ws/install/cv1:/opt/ros/jazzy/opt/gz_math_vendor:/opt/ros/jazzy/opt/gz_utils_vendor:/opt/ros/jazzy/opt/gz_cmake_vendor:/opt/ros/jazzy DEBUGINFOD_URLS=https://debuginfod.ubuntu.com /usr/bin/cmake --build /home/matus/ros2_ws/build/block1_matuska -- -j12 -l12
[4.002s] Invoking command in '/home/matus/ros2_ws/build/block1_matuska': CMAKE_PREFIX_PATH=/home/matus/ros2_ws/install/rrm_msgs:/home/matus/ros2_ws/install/rrm_simple_robot_model:/home/matus/ros2_ws/install/rrm_sim:/home/matus/ros2_ws/install/block1_matuska:/home/matus/ros2_ws/install/cviko1:/home/matus/ros2_ws/install/cv1:/opt/ros/jazzy/opt/gz_math_vendor:/opt/ros/jazzy/opt/gz_utils_vendor:/opt/ros/jazzy/opt/gz_cmake_vendor:/opt/ros/jazzy DEBUGINFOD_URLS=https://debuginfod.ubuntu.com /usr/bin/cmake --install /home/matus/ros2_ws/build/block1_matuska
[4.009s] -- Install configuration: ""
[4.009s] -- Installing: /home/matus/ros2_ws/install/block1_matuska/lib/block1_matuska/teleop_node
[4.010s] -- Set non-toolchain portion of runtime path of "/home/matus/ros2_ws/install/block1_matuska/lib/block1_matuska/teleop_node" to ""
[4.010s] -- Up-to-date: /home/matus/ros2_ws/install/block1_matuska/lib/block1_matuska/logger_node
[4.010s] -- Up-to-date: /home/matus/ros2_ws/install/block1_matuska/share/ament_index/resource_index/package_run_dependencies/block1_matuska
[4.010s] -- Up-to-date: /home/matus/ros2_ws/install/block1_matuska/share/ament_index/resource_index/parent_prefix_path/block1_matuska
[4.010s] -- Up-to-date: /home/matus/ros2_ws/install/block1_matuska/share/block1_matuska/environment/ament_prefix_path.sh
[4.011s] -- Up-to-date: /home/matus/ros2_ws/install/block1_matuska/share/block1_matuska/environment/ament_prefix_path.dsv
[4.011s] -- Up-to-date: /home/matus/ros2_ws/install/block1_matuska/share/block1_matuska/environment/path.sh
[4.011s] -- Up-to-date: /home/matus/ros2_ws/install/block1_matuska/share/block1_matuska/environment/path.dsv
[4.011s] -- Up-to-date: /home/matus/ros2_ws/install/block1_matuska/share/block1_matuska/local_setup.bash
[4.011s] -- Up-to-date: /home/matus/ros2_ws/install/block1_matuska/share/block1_matuska/local_setup.sh
[4.011s] -- Up-to-date: /home/matus/ros2_ws/install/block1_matuska/share/block1_matuska/local_setup.zsh
[4.011s] -- Up-to-date: /home/matus/ros2_ws/install/block1_matuska/share/block1_matuska/local_setup.dsv
[4.011s] -- Installing: /home/matus/ros2_ws/install/block1_matuska/share/block1_matuska/package.dsv
[4.011s] -- Up-to-date: /home/matus/ros2_ws/install/block1_matuska/share/ament_index/resource_index/packages/block1_matuska
[4.011s] -- Up-to-date: /home/matus/ros2_ws/install/block1_matuska/share/block1_matuska/cmake/block1_matuskaConfig.cmake
[4.011s] -- Up-to-date: /home/matus/ros2_ws/install/block1_matuska/share/block1_matuska/cmake/block1_matuskaConfig-version.cmake
[4.011s] -- Up-to-date: /home/matus/ros2_ws/install/block1_matuska/share/block1_matuska/package.xml
[4.013s] Invoked command in '/home/matus/ros2_ws/build/block1_matuska' returned '0': CMAKE_PREFIX_PATH=/home/matus/ros2_ws/install/rrm_msgs:/home/matus/ros2_ws/install/rrm_simple_robot_model:/home/matus/ros2_ws/install/rrm_sim:/home/matus/ros2_ws/install/block1_matuska:/home/matus/ros2_ws/install/cviko1:/home/matus/ros2_ws/install/cv1:/opt/ros/jazzy/opt/gz_math_vendor:/opt/ros/jazzy/opt/gz_utils_vendor:/opt/ros/jazzy/opt/gz_cmake_vendor:/opt/ros/jazzy DEBUGINFOD_URLS=https://debuginfod.ubuntu.com /usr/bin/cmake --install /home/matus/ros2_ws/build/block1_matuska
