[0.166s] DEBUG:colcon:Command line arguments: ['/usr/bin/colcon', 'build']
[0.166s] DEBUG:colcon:Parsed command line arguments: Namespace(log_base=None, log_level=None, verb_name='build', build_base='build', install_base='install', merge_install=False, symlink_install=False, test_result_base=None, continue_on_error=False, executor='parallel', parallel_workers=12, event_handlers=None, ignore_user_meta=False, metas=['./colcon.meta'], base_paths=['.'], packages_ignore=None, packages_ignore_regex=None, paths=None, packages_up_to=None, packages_up_to_regex=None, packages_above=None, packages_above_and_dependencies=None, packages_above_depth=None, packages_select_by_dep=None, packages_skip_by_dep=None, packages_skip_up_to=None, packages_select_build_failed=False, packages_skip_build_finished=False, packages_select_test_failures=False, packages_skip_test_passed=False, packages_select=None, packages_skip=None, packages_select_regex=None, packages_skip_regex=None, packages_start=None, packages_end=None, allow_overriding=[], cmake_args=None, cmake_target=None, cmake_target_skip_unavailable=False, cmake_clean_cache=False, cmake_clean_first=False, cmake_force_configure=False, ament_cmake_args=None, catkin_cmake_args=None, catkin_skip_building_tests=False, mixin_files=None, mixin=None, verb_parser=<colcon_mixin.mixin.mixin_argument.MixinArgumentDecorator object at 0x7276edc92570>, verb_extension=<colcon_core.verb.build.BuildVerb object at 0x7276eece2000>, main=<bound method BuildVerb.main of <colcon_core.verb.build.BuildVerb object at 0x7276eece2000>>, mixin_verb=('build',))
[0.241s] Level 1:colcon.colcon_core.package_discovery:discover_packages(colcon_meta) check parameters
[0.241s] Level 1:colcon.colcon_core.package_discovery:discover_packages(recursive) check parameters
[0.241s] Level 1:colcon.colcon_core.package_discovery:discover_packages(ignore) check parameters
[0.241s] Level 1:colcon.colcon_core.package_discovery:discover_packages(path) check parameters
[0.242s] Level 1:colcon.colcon_core.package_discovery:discover_packages(colcon_meta) discover
[0.242s] Level 1:colcon.colcon_core.package_discovery:discover_packages(recursive) discover
[0.242s] INFO:colcon.colcon_core.package_discovery:Crawling recursively for packages in '/home/matus/ros2_ws/src'
[0.242s] Level 1:colcon.colcon_core.package_identification:_identify(.) by extensions ['ignore', 'ignore_ament_install']
[0.242s] Level 1:colcon.colcon_core.package_identification:_identify(.) by extension 'ignore'
[0.242s] Level 1:colcon.colcon_core.package_identification:_identify(.) by extension 'ignore_ament_install'
[0.242s] Level 1:colcon.colcon_core.package_identification:_identify(.) by extensions ['colcon_pkg']
[0.242s] Level 1:colcon.colcon_core.package_identification:_identify(.) by extension 'colcon_pkg'
[0.242s] Level 1:colcon.colcon_core.package_identification:_identify(.) by extensions ['colcon_meta']
[0.242s] Level 1:colcon.colcon_core.package_identification:_identify(.) by extension 'colcon_meta'
[0.242s] Level 1:colcon.colcon_core.package_identification:_identify(.) by extensions ['ros']
[0.242s] Level 1:colcon.colcon_core.package_identification:_identify(.) by extension 'ros'
[0.280s] Level 1:colcon.colcon_core.package_identification:_identify(.) by extensions ['cmake', 'python']
[0.280s] Level 1:colcon.colcon_core.package_identification:_identify(.) by extension 'cmake'
[0.280s] Level 1:colcon.colcon_core.package_identification:_identify(.) by extension 'python'
[0.280s] Level 1:colcon.colcon_core.package_identification:_identify(.) by extensions ['python_setup_py']
[0.280s] Level 1:colcon.colcon_core.package_identification:_identify(.) by extension 'python_setup_py'
[0.280s] Level 1:colcon.colcon_core.package_identification:_identify(block1_matuska) by extensions ['ignore', 'ignore_ament_install']
[0.280s] Level 1:colcon.colcon_core.package_identification:_identify(block1_matuska) by extension 'ignore'
[0.280s] Level 1:colcon.colcon_core.package_identification:_identify(block1_matuska) by extension 'ignore_ament_install'
[0.280s] Level 1:colcon.colcon_core.package_identification:_identify(block1_matuska) by extensions ['colcon_pkg']
[0.281s] Level 1:colcon.colcon_core.package_identification:_identify(block1_matuska) by extension 'colcon_pkg'
[0.281s] Level 1:colcon.colcon_core.package_identification:_identify(block1_matuska) by extensions ['colcon_meta']
[0.281s] Level 1:colcon.colcon_core.package_identification:_identify(block1_matuska) by extension 'colcon_meta'
[0.281s] Level 1:colcon.colcon_core.package_identification:_identify(block1_matuska) by extensions ['ros']
[0.281s] Level 1:colcon.colcon_core.package_identification:_identify(block1_matuska) by extension 'ros'
[0.284s] DEBUG:colcon.colcon_core.package_identification:Package 'block1_matuska' with type 'ros.ament_cmake' and name 'block1_matuska'
[0.284s] Level 1:colcon.colcon_core.package_identification:_identify(build) by extensions ['ignore', 'ignore_ament_install']
[0.285s] Level 1:colcon.colcon_core.package_identification:_identify(build) by extension 'ignore'
[0.285s] Level 1:colcon.colcon_core.package_identification:_identify(build) ignored
[0.285s] Level 1:colcon.colcon_core.package_identification:_identify(install) by extensions ['ignore', 'ignore_ament_install']
[0.285s] Level 1:colcon.colcon_core.package_identification:_identify(install) by extension 'ignore'
[0.285s] Level 1:colcon.colcon_core.package_identification:_identify(install) ignored
[0.285s] Level 1:colcon.colcon_core.package_identification:_identify(log) by extensions ['ignore', 'ignore_ament_install']
[0.285s] Level 1:colcon.colcon_core.package_identification:_identify(log) by extension 'ignore'
[0.285s] Level 1:colcon.colcon_core.package_identification:_identify(log) ignored
[0.285s] Level 1:colcon.colcon_core.package_identification:_identify(rrm) by extensions ['ignore', 'ignore_ament_install']
[0.285s] Level 1:colcon.colcon_core.package_identification:_identify(rrm) by extension 'ignore'
[0.286s] Level 1:colcon.colcon_core.package_identification:_identify(rrm) by extension 'ignore_ament_install'
[0.286s] Level 1:colcon.colcon_core.package_identification:_identify(rrm) by extensions ['colcon_pkg']
[0.286s] Level 1:colcon.colcon_core.package_identification:_identify(rrm) by extension 'colcon_pkg'
[0.286s] Level 1:colcon.colcon_core.package_identification:_identify(rrm) by extensions ['colcon_meta']
[0.286s] Level 1:colcon.colcon_core.package_identification:_identify(rrm) by extension 'colcon_meta'
[0.286s] Level 1:colcon.colcon_core.package_identification:_identify(rrm) by extensions ['ros']
[0.286s] Level 1:colcon.colcon_core.package_identification:_identify(rrm) by extension 'ros'
[0.286s] Level 1:colcon.colcon_core.package_identification:_identify(rrm) by extensions ['cmake', 'python']
[0.286s] Level 1:colcon.colcon_core.package_identification:_identify(rrm) by extension 'cmake'
[0.286s] Level 1:colcon.colcon_core.package_identification:_identify(rrm) by extension 'python'
[0.286s] Level 1:colcon.colcon_core.package_identification:_identify(rrm) by extensions ['python_setup_py']
[0.286s] Level 1:colcon.colcon_core.package_identification:_identify(rrm) by extension 'python_setup_py'
[0.286s] Level 1:colcon.colcon_core.package_identification:_identify(rrm/rrm_msgs) by extensions ['ignore', 'ignore_ament_install']
[0.286s] Level 1:colcon.colcon_core.package_identification:_identify(rrm/rrm_msgs) by extension 'ignore'
[0.286s] Level 1:colcon.colcon_core.package_identification:_identify(rrm/rrm_msgs) by extension 'ignore_ament_install'
[0.287s] Level 1:colcon.colcon_core.package_identification:_identify(rrm/rrm_msgs) by extensions ['colcon_pkg']
[0.287s] Level 1:colcon.colcon_core.package_identification:_identify(rrm/rrm_msgs) by extension 'colcon_pkg'
[0.287s] Level 1:colcon.colcon_core.package_identification:_identify(rrm/rrm_msgs) by extensions ['colcon_meta']
[0.287s] Level 1:colcon.colcon_core.package_identification:_identify(rrm/rrm_msgs) by extension 'colcon_meta'
[0.287s] Level 1:colcon.colcon_core.package_identification:_identify(rrm/rrm_msgs) by extensions ['ros']
[0.287s] Level 1:colcon.colcon_core.package_identification:_identify(rrm/rrm_msgs) by extension 'ros'
[0.287s] DEBUG:colcon.colcon_core.package_identification:Package 'rrm/rrm_msgs' with type 'ros.ament_cmake' and name 'rrm_msgs'
[0.288s] Level 1:colcon.colcon_core.package_identification:_identify(rrm/rrm_sim) by extensions ['ignore', 'ignore_ament_install']
[0.288s] Level 1:colcon.colcon_core.package_identification:_identify(rrm/rrm_sim) by extension 'ignore'
[0.288s] Level 1:colcon.colcon_core.package_identification:_identify(rrm/rrm_sim) by extension 'ignore_ament_install'
[0.288s] Level 1:colcon.colcon_core.package_identification:_identify(rrm/rrm_sim) by extensions ['colcon_pkg']
[0.288s] Level 1:colcon.colcon_core.package_identification:_identify(rrm/rrm_sim) by extension 'colcon_pkg'
[0.288s] Level 1:colcon.colcon_core.package_identification:_identify(rrm/rrm_sim) by extensions ['colcon_meta']
[0.288s] Level 1:colcon.colcon_core.package_identification:_identify(rrm/rrm_sim) by extension 'colcon_meta'
[0.288s] Level 1:colcon.colcon_core.package_identification:_identify(rrm/rrm_sim) by extensions ['ros']
[0.288s] Level 1:colcon.colcon_core.package_identification:_identify(rrm/rrm_sim) by extension 'ros'
[0.289s] DEBUG:colcon.colcon_core.package_identification:Package 'rrm/rrm_sim' with type 'ros.ament_cmake' and name 'rrm_sim'
[0.289s] Level 1:colcon.colcon_core.package_identification:_identify(rrm/rrm_simple_robot_model) by extensions ['ignore', 'ignore_ament_install']
[0.289s] Level 1:colcon.colcon_core.package_identification:_identify(rrm/rrm_simple_robot_model) by extension 'ignore'
[0.289s] Level 1:colcon.colcon_core.package_identification:_identify(rrm/rrm_simple_robot_model) by extension 'ignore_ament_install'
[0.289s] Level 1:colcon.colcon_core.package_identification:_identify(rrm/rrm_simple_robot_model) by extensions ['colcon_pkg']
[0.289s] Level 1:colcon.colcon_core.package_identification:_identify(rrm/rrm_simple_robot_model) by extension 'colcon_pkg'
[0.289s] Level 1:colcon.colcon_core.package_identification:_identify(rrm/rrm_simple_robot_model) by extensions ['colcon_meta']
[0.289s] Level 1:colcon.colcon_core.package_identification:_identify(rrm/rrm_simple_robot_model) by extension 'colcon_meta'
[0.290s] Level 1:colcon.colcon_core.package_identification:_identify(rrm/rrm_simple_robot_model) by extensions ['ros']
[0.290s] Level 1:colcon.colcon_core.package_identification:_identify(rrm/rrm_simple_robot_model) by extension 'ros'
[0.290s] DEBUG:colcon.colcon_core.package_identification:Package 'rrm/rrm_simple_robot_model' with type 'ros.ament_cmake' and name 'rrm_simple_robot_model'
[0.290s] Level 1:colcon.colcon_core.package_discovery:discover_packages(recursive) using defaults
[0.290s] Level 1:colcon.colcon_core.package_discovery:discover_packages(ignore) discover
[0.290s] Level 1:colcon.colcon_core.package_discovery:discover_packages(ignore) using defaults
[0.290s] Level 1:colcon.colcon_core.package_discovery:discover_packages(path) discover
[0.291s] Level 1:colcon.colcon_core.package_discovery:discover_packages(path) using defaults
[0.317s] Level 1:colcon.colcon_core.package_discovery:discover_packages(prefix_path) check parameters
[0.317s] Level 1:colcon.colcon_core.package_discovery:discover_packages(prefix_path) discover
[0.320s] DEBUG:colcon.colcon_installed_package_information.package_discovery:Found 6 installed packages in /home/matus/ros2_ws/install
[0.322s] DEBUG:colcon.colcon_installed_package_information.package_discovery:Found 285 installed packages in /opt/ros/jazzy
[0.323s] Level 1:colcon.colcon_core.package_discovery:discover_packages(prefix_path) using defaults
[0.384s] Level 5:colcon.colcon_core.verb:set package 'rrm_msgs' build argument 'cmake_args' from command line to 'None'
[0.384s] Level 5:colcon.colcon_core.verb:set package 'rrm_msgs' build argument 'cmake_target' from command line to 'None'
[0.384s] Level 5:colcon.colcon_core.verb:set package 'rrm_msgs' build argument 'cmake_target_skip_unavailable' from command line to 'False'
[0.384s] Level 5:colcon.colcon_core.verb:set package 'rrm_msgs' build argument 'cmake_clean_cache' from command line to 'False'
[0.385s] Level 5:colcon.colcon_core.verb:set package 'rrm_msgs' build argument 'cmake_clean_first' from command line to 'False'
[0.385s] Level 5:colcon.colcon_core.verb:set package 'rrm_msgs' build argument 'cmake_force_configure' from command line to 'False'
[0.385s] Level 5:colcon.colcon_core.verb:set package 'rrm_msgs' build argument 'ament_cmake_args' from command line to 'None'
[0.385s] Level 5:colcon.colcon_core.verb:set package 'rrm_msgs' build argument 'catkin_cmake_args' from command line to 'None'
[0.385s] Level 5:colcon.colcon_core.verb:set package 'rrm_msgs' build argument 'catkin_skip_building_tests' from command line to 'False'
[0.385s] DEBUG:colcon.colcon_core.verb:Building package 'rrm_msgs' with the following arguments: {'ament_cmake_args': None, 'build_base': '/home/matus/ros2_ws/src/build/rrm_msgs', 'catkin_cmake_args': None, 'catkin_skip_building_tests': False, 'cmake_args': None, 'cmake_clean_cache': False, 'cmake_clean_first': False, 'cmake_force_configure': False, 'cmake_target': None, 'cmake_target_skip_unavailable': False, 'install_base': '/home/matus/ros2_ws/src/install/rrm_msgs', 'merge_install': False, 'path': '/home/matus/ros2_ws/src/rrm/rrm_msgs', 'symlink_install': False, 'test_result_base': None}
[0.385s] Level 5:colcon.colcon_core.verb:set package 'rrm_simple_robot_model' build argument 'cmake_args' from command line to 'None'
[0.385s] Level 5:colcon.colcon_core.verb:set package 'rrm_simple_robot_model' build argument 'cmake_target' from command line to 'None'
[0.385s] Level 5:colcon.colcon_core.verb:set package 'rrm_simple_robot_model' build argument 'cmake_target_skip_unavailable' from command line to 'False'
[0.385s] Level 5:colcon.colcon_core.verb:set package 'rrm_simple_robot_model' build argument 'cmake_clean_cache' from command line to 'False'
[0.385s] Level 5:colcon.colcon_core.verb:set package 'rrm_simple_robot_model' build argument 'cmake_clean_first' from command line to 'False'
[0.385s] Level 5:colcon.colcon_core.verb:set package 'rrm_simple_robot_model' build argument 'cmake_force_configure' from command line to 'False'
[0.385s] Level 5:colcon.colcon_core.verb:set package 'rrm_simple_robot_model' build argument 'ament_cmake_args' from command line to 'None'
[0.385s] Level 5:colcon.colcon_core.verb:set package 'rrm_simple_robot_model' build argument 'catkin_cmake_args' from command line to 'None'
[0.385s] Level 5:colcon.colcon_core.verb:set package 'rrm_simple_robot_model' build argument 'catkin_skip_building_tests' from command line to 'False'
[0.385s] DEBUG:colcon.colcon_core.verb:Building package 'rrm_simple_robot_model' with the following arguments: {'ament_cmake_args': None, 'build_base': '/home/matus/ros2_ws/src/build/rrm_simple_robot_model', 'catkin_cmake_args': None, 'catkin_skip_building_tests': False, 'cmake_args': None, 'cmake_clean_cache': False, 'cmake_clean_first': False, 'cmake_force_configure': False, 'cmake_target': None, 'cmake_target_skip_unavailable': False, 'install_base': '/home/matus/ros2_ws/src/install/rrm_simple_robot_model', 'merge_install': False, 'path': '/home/matus/ros2_ws/src/rrm/rrm_simple_robot_model', 'symlink_install': False, 'test_result_base': None}
[0.386s] Level 5:colcon.colcon_core.verb:set package 'block1_matuska' build argument 'cmake_args' from command line to 'None'
[0.386s] Level 5:colcon.colcon_core.verb:set package 'block1_matuska' build argument 'cmake_target' from command line to 'None'
[0.386s] Level 5:colcon.colcon_core.verb:set package 'block1_matuska' build argument 'cmake_target_skip_unavailable' from command line to 'False'
[0.386s] Level 5:colcon.colcon_core.verb:set package 'block1_matuska' build argument 'cmake_clean_cache' from command line to 'False'
[0.386s] Level 5:colcon.colcon_core.verb:set package 'block1_matuska' build argument 'cmake_clean_first' from command line to 'False'
[0.386s] Level 5:colcon.colcon_core.verb:set package 'block1_matuska' build argument 'cmake_force_configure' from command line to 'False'
[0.386s] Level 5:colcon.colcon_core.verb:set package 'block1_matuska' build argument 'ament_cmake_args' from command line to 'None'
[0.386s] Level 5:colcon.colcon_core.verb:set package 'block1_matuska' build argument 'catkin_cmake_args' from command line to 'None'
[0.386s] Level 5:colcon.colcon_core.verb:set package 'block1_matuska' build argument 'catkin_skip_building_tests' from command line to 'False'
[0.386s] DEBUG:colcon.colcon_core.verb:Building package 'block1_matuska' with the following arguments: {'ament_cmake_args': None, 'build_base': '/home/matus/ros2_ws/src/build/block1_matuska', 'catkin_cmake_args': None, 'catkin_skip_building_tests': False, 'cmake_args': None, 'cmake_clean_cache': False, 'cmake_clean_first': False, 'cmake_force_configure': False, 'cmake_target': None, 'cmake_target_skip_unavailable': False, 'install_base': '/home/matus/ros2_ws/src/install/block1_matuska', 'merge_install': False, 'path': '/home/matus/ros2_ws/src/block1_matuska', 'symlink_install': False, 'test_result_base': None}
[0.386s] Level 5:colcon.colcon_core.verb:set package 'rrm_sim' build argument 'cmake_args' from command line to 'None'
[0.386s] Level 5:colcon.colcon_core.verb:set package 'rrm_sim' build argument 'cmake_target' from command line to 'None'
[0.387s] Level 5:colcon.colcon_core.verb:set package 'rrm_sim' build argument 'cmake_target_skip_unavailable' from command line to 'False'
[0.387s] Level 5:colcon.colcon_core.verb:set package 'rrm_sim' build argument 'cmake_clean_cache' from command line to 'False'
[0.387s] Level 5:colcon.colcon_core.verb:set package 'rrm_sim' build argument 'cmake_clean_first' from command line to 'False'
[0.387s] Level 5:colcon.colcon_core.verb:set package 'rrm_sim' build argument 'cmake_force_configure' from command line to 'False'
[0.387s] Level 5:colcon.colcon_core.verb:set package 'rrm_sim' build argument 'ament_cmake_args' from command line to 'None'
[0.387s] Level 5:colcon.colcon_core.verb:set package 'rrm_sim' build argument 'catkin_cmake_args' from command line to 'None'
[0.387s] Level 5:colcon.colcon_core.verb:set package 'rrm_sim' build argument 'catkin_skip_building_tests' from command line to 'False'
[0.387s] DEBUG:colcon.colcon_core.verb:Building package 'rrm_sim' with the following arguments: {'ament_cmake_args': None, 'build_base': '/home/matus/ros2_ws/src/build/rrm_sim', 'catkin_cmake_args': None, 'catkin_skip_building_tests': False, 'cmake_args': None, 'cmake_clean_cache': False, 'cmake_clean_first': False, 'cmake_force_configure': False, 'cmake_target': None, 'cmake_target_skip_unavailable': False, 'install_base': '/home/matus/ros2_ws/src/install/rrm_sim', 'merge_install': False, 'path': '/home/matus/ros2_ws/src/rrm/rrm_sim', 'symlink_install': False, 'test_result_base': None}
[0.387s] INFO:colcon.colcon_core.executor:Executing jobs using 'parallel' executor
[0.388s] DEBUG:colcon.colcon_parallel_executor.executor.parallel:run_until_complete
[0.388s] INFO:colcon.colcon_ros.task.ament_cmake.build:Building ROS package in '/home/matus/ros2_ws/src/rrm/rrm_msgs' with build type 'ament_cmake'
[0.389s] INFO:colcon.colcon_cmake.task.cmake.build:Building CMake package in '/home/matus/ros2_ws/src/rrm/rrm_msgs'
[0.392s] INFO:colcon.colcon_core.plugin_system:Skipping extension 'colcon_core.shell.bat': Not used on non-Windows systems
[0.392s] INFO:colcon.colcon_core.shell:Skip shell extension 'powershell' for command environment: Not usable outside of PowerShell
[0.392s] DEBUG:colcon.colcon_core.shell:Skip shell extension 'dsv' for command environment
[0.409s] INFO:colcon.colcon_ros.task.ament_cmake.build:Building ROS package in '/home/matus/ros2_ws/src/rrm/rrm_simple_robot_model' with build type 'ament_cmake'
[0.409s] INFO:colcon.colcon_cmake.task.cmake.build:Building CMake package in '/home/matus/ros2_ws/src/rrm/rrm_simple_robot_model'
[0.409s] INFO:colcon.colcon_core.shell:Skip shell extension 'powershell' for command environment: Not usable outside of PowerShell
[0.410s] DEBUG:colcon.colcon_core.shell:Skip shell extension 'dsv' for command environment
[0.424s] DEBUG:colcon.colcon_core.event_handler.log_command:Invoking command in '/home/matus/ros2_ws/src/build/rrm_msgs': CMAKE_PREFIX_PATH=${CMAKE_PREFIX_PATH}:/opt/ros/jazzy DEBUGINFOD_URLS=https://debuginfod.ubuntu.com /usr/bin/cmake --build /home/matus/ros2_ws/src/build/rrm_msgs -- -j12 -l12
[0.431s] DEBUG:colcon.colcon_core.event_handler.log_command:Invoking command in '/home/matus/ros2_ws/src/build/rrm_simple_robot_model': CMAKE_PREFIX_PATH=${CMAKE_PREFIX_PATH}:/opt/ros/jazzy DEBUGINFOD_URLS=https://debuginfod.ubuntu.com /usr/bin/cmake --build /home/matus/ros2_ws/src/build/rrm_simple_robot_model -- -j12 -l12
[0.505s] DEBUG:colcon.colcon_core.event_handler.log_command:Invoked command in '/home/matus/ros2_ws/src/build/rrm_simple_robot_model' returned '0': CMAKE_PREFIX_PATH=${CMAKE_PREFIX_PATH}:/opt/ros/jazzy DEBUGINFOD_URLS=https://debuginfod.ubuntu.com /usr/bin/cmake --build /home/matus/ros2_ws/src/build/rrm_simple_robot_model -- -j12 -l12
[0.563s] DEBUG:colcon.colcon_core.event_handler.log_command:Invoking command in '/home/matus/ros2_ws/src/build/rrm_simple_robot_model': CMAKE_PREFIX_PATH=${CMAKE_PREFIX_PATH}:/opt/ros/jazzy DEBUGINFOD_URLS=https://debuginfod.ubuntu.com /usr/bin/cmake --install /home/matus/ros2_ws/src/build/rrm_simple_robot_model
[0.589s] Level 1:colcon.colcon_core.environment:create_environment_scripts_only(rrm_simple_robot_model)
[0.589s] DEBUG:colcon.colcon_core.event_handler.log_command:Invoked command in '/home/matus/ros2_ws/src/build/rrm_simple_robot_model' returned '0': CMAKE_PREFIX_PATH=${CMAKE_PREFIX_PATH}:/opt/ros/jazzy DEBUGINFOD_URLS=https://debuginfod.ubuntu.com /usr/bin/cmake --install /home/matus/ros2_ws/src/build/rrm_simple_robot_model
[0.593s] Level 1:colcon.colcon_core.environment:checking '/home/matus/ros2_ws/src/install/rrm_simple_robot_model' for CMake module files
[0.595s] Level 1:colcon.colcon_core.environment:checking '/home/matus/ros2_ws/src/install/rrm_simple_robot_model' for CMake config files
[0.595s] Level 1:colcon.colcon_core.shell:create_environment_hook('rrm_simple_robot_model', 'cmake_prefix_path')
[0.596s] INFO:colcon.colcon_core.shell:Creating environment hook '/home/matus/ros2_ws/src/install/rrm_simple_robot_model/share/rrm_simple_robot_model/hook/cmake_prefix_path.ps1'
[0.597s] INFO:colcon.colcon_core.shell:Creating environment descriptor '/home/matus/ros2_ws/src/install/rrm_simple_robot_model/share/rrm_simple_robot_model/hook/cmake_prefix_path.dsv'
[0.597s] INFO:colcon.colcon_core.shell:Creating environment hook '/home/matus/ros2_ws/src/install/rrm_simple_robot_model/share/rrm_simple_robot_model/hook/cmake_prefix_path.sh'
[0.599s] Level 1:colcon.colcon_core.environment:checking '/home/matus/ros2_ws/src/install/rrm_simple_robot_model/bin'
[0.599s] Level 1:colcon.colcon_core.environment:checking '/home/matus/ros2_ws/src/install/rrm_simple_robot_model/lib/pkgconfig/rrm_simple_robot_model.pc'
[0.599s] Level 1:colcon.colcon_core.environment:checking '/home/matus/ros2_ws/src/install/rrm_simple_robot_model/lib/python3.12/site-packages'
[0.600s] Level 1:colcon.colcon_core.environment:checking '/home/matus/ros2_ws/src/install/rrm_simple_robot_model/bin'
[0.600s] INFO:colcon.colcon_core.shell:Creating package script '/home/matus/ros2_ws/src/install/rrm_simple_robot_model/share/rrm_simple_robot_model/package.ps1'
[0.601s] INFO:colcon.colcon_core.shell:Creating package descriptor '/home/matus/ros2_ws/src/install/rrm_simple_robot_model/share/rrm_simple_robot_model/package.dsv'
[0.602s] INFO:colcon.colcon_core.shell:Creating package script '/home/matus/ros2_ws/src/install/rrm_simple_robot_model/share/rrm_simple_robot_model/package.sh'
[0.603s] INFO:colcon.colcon_core.shell:Creating package script '/home/matus/ros2_ws/src/install/rrm_simple_robot_model/share/rrm_simple_robot_model/package.bash'
[0.604s] INFO:colcon.colcon_core.shell:Creating package script '/home/matus/ros2_ws/src/install/rrm_simple_robot_model/share/rrm_simple_robot_model/package.zsh'
[0.604s] Level 1:colcon.colcon_core.environment:create_file_with_runtime_dependencies(/home/matus/ros2_ws/src/install/rrm_simple_robot_model/share/colcon-core/packages/rrm_simple_robot_model)
[0.647s] Level 1:colcon.colcon_core.environment:create_environment_scripts_only(rrm_simple_robot_model)
[0.648s] Level 1:colcon.colcon_core.environment:checking '/home/matus/ros2_ws/src/install/rrm_simple_robot_model' for CMake module files
[0.648s] Level 1:colcon.colcon_core.environment:checking '/home/matus/ros2_ws/src/install/rrm_simple_robot_model' for CMake config files
[0.649s] Level 1:colcon.colcon_core.shell:create_environment_hook('rrm_simple_robot_model', 'cmake_prefix_path')
[0.649s] INFO:colcon.colcon_core.shell:Creating environment hook '/home/matus/ros2_ws/src/install/rrm_simple_robot_model/share/rrm_simple_robot_model/hook/cmake_prefix_path.ps1'
[0.650s] INFO:colcon.colcon_core.shell:Creating environment descriptor '/home/matus/ros2_ws/src/install/rrm_simple_robot_model/share/rrm_simple_robot_model/hook/cmake_prefix_path.dsv'
[0.650s] INFO:colcon.colcon_core.shell:Creating environment hook '/home/matus/ros2_ws/src/install/rrm_simple_robot_model/share/rrm_simple_robot_model/hook/cmake_prefix_path.sh'
[0.651s] Level 1:colcon.colcon_core.environment:checking '/home/matus/ros2_ws/src/install/rrm_simple_robot_model/bin'
[0.651s] Level 1:colcon.colcon_core.environment:checking '/home/matus/ros2_ws/src/install/rrm_simple_robot_model/lib/pkgconfig/rrm_simple_robot_model.pc'
[0.651s] Level 1:colcon.colcon_core.environment:checking '/home/matus/ros2_ws/src/install/rrm_simple_robot_model/lib/python3.12/site-packages'
[0.652s] Level 1:colcon.colcon_core.environment:checking '/home/matus/ros2_ws/src/install/rrm_simple_robot_model/bin'
[0.652s] INFO:colcon.colcon_core.shell:Creating package script '/home/matus/ros2_ws/src/install/rrm_simple_robot_model/share/rrm_simple_robot_model/package.ps1'
[0.652s] INFO:colcon.colcon_core.shell:Creating package descriptor '/home/matus/ros2_ws/src/install/rrm_simple_robot_model/share/rrm_simple_robot_model/package.dsv'
[0.653s] INFO:colcon.colcon_core.shell:Creating package script '/home/matus/ros2_ws/src/install/rrm_simple_robot_model/share/rrm_simple_robot_model/package.sh'
[0.654s] INFO:colcon.colcon_core.shell:Creating package script '/home/matus/ros2_ws/src/install/rrm_simple_robot_model/share/rrm_simple_robot_model/package.bash'
[0.654s] INFO:colcon.colcon_core.shell:Creating package script '/home/matus/ros2_ws/src/install/rrm_simple_robot_model/share/rrm_simple_robot_model/package.zsh'
[0.655s] Level 1:colcon.colcon_core.environment:create_file_with_runtime_dependencies(/home/matus/ros2_ws/src/install/rrm_simple_robot_model/share/colcon-core/packages/rrm_simple_robot_model)
[1.137s] DEBUG:colcon.colcon_core.event_handler.log_command:Invoked command in '/home/matus/ros2_ws/src/build/rrm_msgs' returned '0': CMAKE_PREFIX_PATH=${CMAKE_PREFIX_PATH}:/opt/ros/jazzy DEBUGINFOD_URLS=https://debuginfod.ubuntu.com /usr/bin/cmake --build /home/matus/ros2_ws/src/build/rrm_msgs -- -j12 -l12
[1.310s] DEBUG:colcon.colcon_core.event_handler.log_command:Invoking command in '/home/matus/ros2_ws/src/build/rrm_msgs': CMAKE_PREFIX_PATH=${CMAKE_PREFIX_PATH}:/opt/ros/jazzy DEBUGINFOD_URLS=https://debuginfod.ubuntu.com /usr/bin/cmake --install /home/matus/ros2_ws/src/build/rrm_msgs
[1.431s] Level 1:colcon.colcon_core.environment:create_environment_scripts_only(rrm_msgs)
[1.432s] Level 1:colcon.colcon_core.environment:checking '/home/matus/ros2_ws/src/install/rrm_msgs' for CMake module files
[1.432s] DEBUG:colcon.colcon_core.event_handler.log_command:Invoked command in '/home/matus/ros2_ws/src/build/rrm_msgs' returned '0': CMAKE_PREFIX_PATH=${CMAKE_PREFIX_PATH}:/opt/ros/jazzy DEBUGINFOD_URLS=https://debuginfod.ubuntu.com /usr/bin/cmake --install /home/matus/ros2_ws/src/build/rrm_msgs
[1.433s] Level 1:colcon.colcon_core.environment:checking '/home/matus/ros2_ws/src/install/rrm_msgs' for CMake config files
[1.434s] Level 1:colcon.colcon_core.shell:create_environment_hook('rrm_msgs', 'cmake_prefix_path')
[1.434s] INFO:colcon.colcon_core.shell:Creating environment hook '/home/matus/ros2_ws/src/install/rrm_msgs/share/rrm_msgs/hook/cmake_prefix_path.ps1'
[1.435s] INFO:colcon.colcon_core.shell:Creating environment descriptor '/home/matus/ros2_ws/src/install/rrm_msgs/share/rrm_msgs/hook/cmake_prefix_path.dsv'
[1.435s] INFO:colcon.colcon_core.shell:Creating environment hook '/home/matus/ros2_ws/src/install/rrm_msgs/share/rrm_msgs/hook/cmake_prefix_path.sh'
[1.436s] Level 1:colcon.colcon_core.environment:checking '/home/matus/ros2_ws/src/install/rrm_msgs/lib'
[1.436s] Level 1:colcon.colcon_core.shell:create_environment_hook('rrm_msgs', 'ld_library_path_lib')
[1.437s] INFO:colcon.colcon_core.shell:Creating environment hook '/home/matus/ros2_ws/src/install/rrm_msgs/share/rrm_msgs/hook/ld_library_path_lib.ps1'
[1.437s] INFO:colcon.colcon_core.shell:Creating environment descriptor '/home/matus/ros2_ws/src/install/rrm_msgs/share/rrm_msgs/hook/ld_library_path_lib.dsv'
[1.438s] INFO:colcon.colcon_core.shell:Creating environment hook '/home/matus/ros2_ws/src/install/rrm_msgs/share/rrm_msgs/hook/ld_library_path_lib.sh'
[1.438s] Level 1:colcon.colcon_core.environment:checking '/home/matus/ros2_ws/src/install/rrm_msgs/bin'
[1.438s] Level 1:colcon.colcon_core.environment:checking '/home/matus/ros2_ws/src/install/rrm_msgs/lib/pkgconfig/rrm_msgs.pc'
[1.439s] Level 1:colcon.colcon_core.environment:checking '/home/matus/ros2_ws/src/install/rrm_msgs/lib/python3.12/site-packages'
[1.439s] Level 1:colcon.colcon_core.shell:create_environment_hook('rrm_msgs', 'pythonpath')
[1.439s] INFO:colcon.colcon_core.shell:Creating environment hook '/home/matus/ros2_ws/src/install/rrm_msgs/share/rrm_msgs/hook/pythonpath.ps1'
[1.439s] INFO:colcon.colcon_core.shell:Creating environment descriptor '/home/matus/ros2_ws/src/install/rrm_msgs/share/rrm_msgs/hook/pythonpath.dsv'
[1.440s] INFO:colcon.colcon_core.shell:Creating environment hook '/home/matus/ros2_ws/src/install/rrm_msgs/share/rrm_msgs/hook/pythonpath.sh'
[1.441s] Level 1:colcon.colcon_core.environment:checking '/home/matus/ros2_ws/src/install/rrm_msgs/bin'
[1.441s] INFO:colcon.colcon_core.shell:Creating package script '/home/matus/ros2_ws/src/install/rrm_msgs/share/rrm_msgs/package.ps1'
[1.442s] INFO:colcon.colcon_core.shell:Creating package descriptor '/home/matus/ros2_ws/src/install/rrm_msgs/share/rrm_msgs/package.dsv'
[1.442s] INFO:colcon.colcon_core.shell:Creating package script '/home/matus/ros2_ws/src/install/rrm_msgs/share/rrm_msgs/package.sh'
[1.443s] INFO:colcon.colcon_core.shell:Creating package script '/home/matus/ros2_ws/src/install/rrm_msgs/share/rrm_msgs/package.bash'
[1.443s] INFO:colcon.colcon_core.shell:Creating package script '/home/matus/ros2_ws/src/install/rrm_msgs/share/rrm_msgs/package.zsh'
[1.444s] Level 1:colcon.colcon_core.environment:create_file_with_runtime_dependencies(/home/matus/ros2_ws/src/install/rrm_msgs/share/colcon-core/packages/rrm_msgs)
[1.620s] Level 1:colcon.colcon_core.environment:create_environment_scripts_only(rrm_msgs)
[1.620s] Level 1:colcon.colcon_core.environment:checking '/home/matus/ros2_ws/src/install/rrm_msgs' for CMake module files
[1.621s] Level 1:colcon.colcon_core.environment:checking '/home/matus/ros2_ws/src/install/rrm_msgs' for CMake config files
[1.622s] Level 1:colcon.colcon_core.shell:create_environment_hook('rrm_msgs', 'cmake_prefix_path')
[1.622s] INFO:colcon.colcon_core.shell:Creating environment hook '/home/matus/ros2_ws/src/install/rrm_msgs/share/rrm_msgs/hook/cmake_prefix_path.ps1'
[1.623s] INFO:colcon.colcon_core.shell:Creating environment descriptor '/home/matus/ros2_ws/src/install/rrm_msgs/share/rrm_msgs/hook/cmake_prefix_path.dsv'
[1.623s] INFO:colcon.colcon_core.shell:Creating environment hook '/home/matus/ros2_ws/src/install/rrm_msgs/share/rrm_msgs/hook/cmake_prefix_path.sh'
[1.624s] Level 1:colcon.colcon_core.environment:checking '/home/matus/ros2_ws/src/install/rrm_msgs/lib'
[1.624s] Level 1:colcon.colcon_core.shell:create_environment_hook('rrm_msgs', 'ld_library_path_lib')
[1.624s] INFO:colcon.colcon_core.shell:Creating environment hook '/home/matus/ros2_ws/src/install/rrm_msgs/share/rrm_msgs/hook/ld_library_path_lib.ps1'
[1.624s] INFO:colcon.colcon_core.shell:Creating environment descriptor '/home/matus/ros2_ws/src/install/rrm_msgs/share/rrm_msgs/hook/ld_library_path_lib.dsv'
[1.625s] INFO:colcon.colcon_core.shell:Creating environment hook '/home/matus/ros2_ws/src/install/rrm_msgs/share/rrm_msgs/hook/ld_library_path_lib.sh'
[1.625s] Level 1:colcon.colcon_core.environment:checking '/home/matus/ros2_ws/src/install/rrm_msgs/bin'
[1.625s] Level 1:colcon.colcon_core.environment:checking '/home/matus/ros2_ws/src/install/rrm_msgs/lib/pkgconfig/rrm_msgs.pc'
[1.626s] Level 1:colcon.colcon_core.environment:checking '/home/matus/ros2_ws/src/install/rrm_msgs/lib/python3.12/site-packages'
[1.626s] Level 1:colcon.colcon_core.shell:create_environment_hook('rrm_msgs', 'pythonpath')
[1.626s] INFO:colcon.colcon_core.shell:Creating environment hook '/home/matus/ros2_ws/src/install/rrm_msgs/share/rrm_msgs/hook/pythonpath.ps1'
[1.627s] INFO:colcon.colcon_core.shell:Creating environment descriptor '/home/matus/ros2_ws/src/install/rrm_msgs/share/rrm_msgs/hook/pythonpath.dsv'
[1.627s] INFO:colcon.colcon_core.shell:Creating environment hook '/home/matus/ros2_ws/src/install/rrm_msgs/share/rrm_msgs/hook/pythonpath.sh'
[1.628s] Level 1:colcon.colcon_core.environment:checking '/home/matus/ros2_ws/src/install/rrm_msgs/bin'
[1.628s] INFO:colcon.colcon_core.shell:Creating package script '/home/matus/ros2_ws/src/install/rrm_msgs/share/rrm_msgs/package.ps1'
[1.629s] INFO:colcon.colcon_core.shell:Creating package descriptor '/home/matus/ros2_ws/src/install/rrm_msgs/share/rrm_msgs/package.dsv'
[1.629s] INFO:colcon.colcon_core.shell:Creating package script '/home/matus/ros2_ws/src/install/rrm_msgs/share/rrm_msgs/package.sh'
[1.630s] INFO:colcon.colcon_core.shell:Creating package script '/home/matus/ros2_ws/src/install/rrm_msgs/share/rrm_msgs/package.bash'
[1.631s] INFO:colcon.colcon_core.shell:Creating package script '/home/matus/ros2_ws/src/install/rrm_msgs/share/rrm_msgs/package.zsh'
[1.631s] Level 1:colcon.colcon_core.environment:create_file_with_runtime_dependencies(/home/matus/ros2_ws/src/install/rrm_msgs/share/colcon-core/packages/rrm_msgs)
[1.632s] INFO:colcon.colcon_ros.task.ament_cmake.build:Building ROS package in '/home/matus/ros2_ws/src/block1_matuska' with build type 'ament_cmake'
[1.632s] INFO:colcon.colcon_cmake.task.cmake.build:Building CMake package in '/home/matus/ros2_ws/src/block1_matuska'
[1.632s] INFO:colcon.colcon_core.shell:Skip shell extension 'powershell' for command environment: Not usable outside of PowerShell
[1.632s] DEBUG:colcon.colcon_core.shell:Skip shell extension 'dsv' for command environment
[1.638s] INFO:colcon.colcon_ros.task.ament_cmake.build:Building ROS package in '/home/matus/ros2_ws/src/rrm/rrm_sim' with build type 'ament_cmake'
[1.639s] INFO:colcon.colcon_cmake.task.cmake.build:Building CMake package in '/home/matus/ros2_ws/src/rrm/rrm_sim'
[1.639s] INFO:colcon.colcon_core.shell:Skip shell extension 'powershell' for command environment: Not usable outside of PowerShell
[1.639s] DEBUG:colcon.colcon_core.shell:Skip shell extension 'dsv' for command environment
[1.652s] DEBUG:colcon.colcon_core.event_handler.log_command:Invoking command in '/home/matus/ros2_ws/src/build/block1_matuska': AMENT_PREFIX_PATH=/home/matus/ros2_ws/src/install/rrm_msgs:${AMENT_PREFIX_PATH} CMAKE_PREFIX_PATH=/home/matus/ros2_ws/src/install/rrm_msgs:/home/matus/ros2_ws/install/cviko1:/home/matus/ros2_ws/install/rrm_simple_robot_model:/home/matus/ros2_ws/install/rrm_sim:/home/matus/ros2_ws/install/block1_matuska:/home/matus/ros2_ws/install/rrm_msgs:/home/matus/ros2_ws/install/cv1:/opt/ros/jazzy/opt/gz_math_vendor:/opt/ros/jazzy/opt/gz_utils_vendor:/opt/ros/jazzy/opt/gz_cmake_vendor:/opt/ros/jazzy DEBUGINFOD_URLS=https://debuginfod.ubuntu.com LD_LIBRARY_PATH=/home/matus/ros2_ws/src/install/rrm_msgs/lib:${LD_LIBRARY_PATH} PYTHONPATH=/home/matus/ros2_ws/src/install/rrm_msgs/lib/python3.12/site-packages:${PYTHONPATH} /usr/bin/cmake --build /home/matus/ros2_ws/src/build/block1_matuska -- -j12 -l12
[1.658s] DEBUG:colcon.colcon_core.event_handler.log_command:Invoking command in '/home/matus/ros2_ws/src/build/rrm_sim': AMENT_PREFIX_PATH=/home/matus/ros2_ws/src/install/rrm_msgs:${AMENT_PREFIX_PATH} CMAKE_PREFIX_PATH=/home/matus/ros2_ws/src/install/rrm_msgs:/home/matus/ros2_ws/install/cviko1:/home/matus/ros2_ws/install/rrm_simple_robot_model:/home/matus/ros2_ws/install/rrm_sim:/home/matus/ros2_ws/install/block1_matuska:/home/matus/ros2_ws/install/rrm_msgs:/home/matus/ros2_ws/install/cv1:/opt/ros/jazzy/opt/gz_math_vendor:/opt/ros/jazzy/opt/gz_utils_vendor:/opt/ros/jazzy/opt/gz_cmake_vendor:/opt/ros/jazzy DEBUGINFOD_URLS=https://debuginfod.ubuntu.com LD_LIBRARY_PATH=/home/matus/ros2_ws/src/install/rrm_msgs/lib:${LD_LIBRARY_PATH} PYTHONPATH=/home/matus/ros2_ws/src/install/rrm_msgs/lib/python3.12/site-packages:${PYTHONPATH} /usr/bin/cmake --build /home/matus/ros2_ws/src/build/rrm_sim -- -j12 -l12
[1.790s] DEBUG:colcon.colcon_core.event_handler.log_command:Invoked command in '/home/matus/ros2_ws/src/build/rrm_sim' returned '0': AMENT_PREFIX_PATH=/home/matus/ros2_ws/src/install/rrm_msgs:${AMENT_PREFIX_PATH} CMAKE_PREFIX_PATH=/home/matus/ros2_ws/src/install/rrm_msgs:/home/matus/ros2_ws/install/cviko1:/home/matus/ros2_ws/install/rrm_simple_robot_model:/home/matus/ros2_ws/install/rrm_sim:/home/matus/ros2_ws/install/block1_matuska:/home/matus/ros2_ws/install/rrm_msgs:/home/matus/ros2_ws/install/cv1:/opt/ros/jazzy/opt/gz_math_vendor:/opt/ros/jazzy/opt/gz_utils_vendor:/opt/ros/jazzy/opt/gz_cmake_vendor:/opt/ros/jazzy DEBUGINFOD_URLS=https://debuginfod.ubuntu.com LD_LIBRARY_PATH=/home/matus/ros2_ws/src/install/rrm_msgs/lib:${LD_LIBRARY_PATH} PYTHONPATH=/home/matus/ros2_ws/src/install/rrm_msgs/lib/python3.12/site-packages:${PYTHONPATH} /usr/bin/cmake --build /home/matus/ros2_ws/src/build/rrm_sim -- -j12 -l12
[1.846s] DEBUG:colcon.colcon_core.event_handler.log_command:Invoking command in '/home/matus/ros2_ws/src/build/rrm_sim': AMENT_PREFIX_PATH=/home/matus/ros2_ws/src/install/rrm_msgs:${AMENT_PREFIX_PATH} CMAKE_PREFIX_PATH=/home/matus/ros2_ws/src/install/rrm_msgs:/home/matus/ros2_ws/install/cviko1:/home/matus/ros2_ws/install/rrm_simple_robot_model:/home/matus/ros2_ws/install/rrm_sim:/home/matus/ros2_ws/install/block1_matuska:/home/matus/ros2_ws/install/rrm_msgs:/home/matus/ros2_ws/install/cv1:/opt/ros/jazzy/opt/gz_math_vendor:/opt/ros/jazzy/opt/gz_utils_vendor:/opt/ros/jazzy/opt/gz_cmake_vendor:/opt/ros/jazzy DEBUGINFOD_URLS=https://debuginfod.ubuntu.com LD_LIBRARY_PATH=/home/matus/ros2_ws/src/install/rrm_msgs/lib:${LD_LIBRARY_PATH} PYTHONPATH=/home/matus/ros2_ws/src/install/rrm_msgs/lib/python3.12/site-packages:${PYTHONPATH} /usr/bin/cmake --install /home/matus/ros2_ws/src/build/rrm_sim
[1.881s] Level 1:colcon.colcon_core.environment:create_environment_scripts_only(rrm_sim)
[1.882s] Level 1:colcon.colcon_core.environment:checking '/home/matus/ros2_ws/src/install/rrm_sim' for CMake module files
[1.883s] DEBUG:colcon.colcon_core.event_handler.log_command:Invoked command in '/home/matus/ros2_ws/src/build/rrm_sim' returned '0': AMENT_PREFIX_PATH=/home/matus/ros2_ws/src/install/rrm_msgs:${AMENT_PREFIX_PATH} CMAKE_PREFIX_PATH=/home/matus/ros2_ws/src/install/rrm_msgs:/home/matus/ros2_ws/install/cviko1:/home/matus/ros2_ws/install/rrm_simple_robot_model:/home/matus/ros2_ws/install/rrm_sim:/home/matus/ros2_ws/install/block1_matuska:/home/matus/ros2_ws/install/rrm_msgs:/home/matus/ros2_ws/install/cv1:/opt/ros/jazzy/opt/gz_math_vendor:/opt/ros/jazzy/opt/gz_utils_vendor:/opt/ros/jazzy/opt/gz_cmake_vendor:/opt/ros/jazzy DEBUGINFOD_URLS=https://debuginfod.ubuntu.com LD_LIBRARY_PATH=/home/matus/ros2_ws/src/install/rrm_msgs/lib:${LD_LIBRARY_PATH} PYTHONPATH=/home/matus/ros2_ws/src/install/rrm_msgs/lib/python3.12/site-packages:${PYTHONPATH} /usr/bin/cmake --install /home/matus/ros2_ws/src/build/rrm_sim
[1.883s] Level 1:colcon.colcon_core.environment:checking '/home/matus/ros2_ws/src/install/rrm_sim' for CMake config files
[1.884s] Level 1:colcon.colcon_core.shell:create_environment_hook('rrm_sim', 'cmake_prefix_path')
[1.884s] INFO:colcon.colcon_core.shell:Creating environment hook '/home/matus/ros2_ws/src/install/rrm_sim/share/rrm_sim/hook/cmake_prefix_path.ps1'
[1.885s] INFO:colcon.colcon_core.shell:Creating environment descriptor '/home/matus/ros2_ws/src/install/rrm_sim/share/rrm_sim/hook/cmake_prefix_path.dsv'
[1.885s] INFO:colcon.colcon_core.shell:Creating environment hook '/home/matus/ros2_ws/src/install/rrm_sim/share/rrm_sim/hook/cmake_prefix_path.sh'
[1.886s] Level 1:colcon.colcon_core.environment:checking '/home/matus/ros2_ws/src/install/rrm_sim/lib'
[1.887s] Level 1:colcon.colcon_core.environment:checking '/home/matus/ros2_ws/src/install/rrm_sim/bin'
[1.887s] Level 1:colcon.colcon_core.environment:checking '/home/matus/ros2_ws/src/install/rrm_sim/lib/pkgconfig/rrm_sim.pc'
[1.887s] Level 1:colcon.colcon_core.environment:checking '/home/matus/ros2_ws/src/install/rrm_sim/lib/python3.12/site-packages'
[1.887s] Level 1:colcon.colcon_core.environment:checking '/home/matus/ros2_ws/src/install/rrm_sim/bin'
[1.888s] INFO:colcon.colcon_core.shell:Creating package script '/home/matus/ros2_ws/src/install/rrm_sim/share/rrm_sim/package.ps1'
[1.888s] INFO:colcon.colcon_core.shell:Creating package descriptor '/home/matus/ros2_ws/src/install/rrm_sim/share/rrm_sim/package.dsv'
[1.889s] INFO:colcon.colcon_core.shell:Creating package script '/home/matus/ros2_ws/src/install/rrm_sim/share/rrm_sim/package.sh'
[1.890s] INFO:colcon.colcon_core.shell:Creating package script '/home/matus/ros2_ws/src/install/rrm_sim/share/rrm_sim/package.bash'
[1.890s] INFO:colcon.colcon_core.shell:Creating package script '/home/matus/ros2_ws/src/install/rrm_sim/share/rrm_sim/package.zsh'
[1.890s] Level 1:colcon.colcon_core.environment:create_file_with_runtime_dependencies(/home/matus/ros2_ws/src/install/rrm_sim/share/colcon-core/packages/rrm_sim)
[1.938s] Level 1:colcon.colcon_core.environment:create_environment_scripts_only(rrm_sim)
[1.938s] Level 1:colcon.colcon_core.environment:checking '/home/matus/ros2_ws/src/install/rrm_sim' for CMake module files
[1.939s] Level 1:colcon.colcon_core.environment:checking '/home/matus/ros2_ws/src/install/rrm_sim' for CMake config files
[1.939s] Level 1:colcon.colcon_core.shell:create_environment_hook('rrm_sim', 'cmake_prefix_path')
[1.939s] INFO:colcon.colcon_core.shell:Creating environment hook '/home/matus/ros2_ws/src/install/rrm_sim/share/rrm_sim/hook/cmake_prefix_path.ps1'
[1.939s] INFO:colcon.colcon_core.shell:Creating environment descriptor '/home/matus/ros2_ws/src/install/rrm_sim/share/rrm_sim/hook/cmake_prefix_path.dsv'
[1.940s] INFO:colcon.colcon_core.shell:Creating environment hook '/home/matus/ros2_ws/src/install/rrm_sim/share/rrm_sim/hook/cmake_prefix_path.sh'
[1.940s] Level 1:colcon.colcon_core.environment:checking '/home/matus/ros2_ws/src/install/rrm_sim/lib'
[1.940s] Level 1:colcon.colcon_core.environment:checking '/home/matus/ros2_ws/src/install/rrm_sim/bin'
[1.940s] Level 1:colcon.colcon_core.environment:checking '/home/matus/ros2_ws/src/install/rrm_sim/lib/pkgconfig/rrm_sim.pc'
[1.941s] Level 1:colcon.colcon_core.environment:checking '/home/matus/ros2_ws/src/install/rrm_sim/lib/python3.12/site-packages'
[1.941s] Level 1:colcon.colcon_core.environment:checking '/home/matus/ros2_ws/src/install/rrm_sim/bin'
[1.941s] INFO:colcon.colcon_core.shell:Creating package script '/home/matus/ros2_ws/src/install/rrm_sim/share/rrm_sim/package.ps1'
[1.941s] INFO:colcon.colcon_core.shell:Creating package descriptor '/home/matus/ros2_ws/src/install/rrm_sim/share/rrm_sim/package.dsv'
[1.942s] INFO:colcon.colcon_core.shell:Creating package script '/home/matus/ros2_ws/src/install/rrm_sim/share/rrm_sim/package.sh'
[1.942s] INFO:colcon.colcon_core.shell:Creating package script '/home/matus/ros2_ws/src/install/rrm_sim/share/rrm_sim/package.bash'
[1.942s] INFO:colcon.colcon_core.shell:Creating package script '/home/matus/ros2_ws/src/install/rrm_sim/share/rrm_sim/package.zsh'
[1.943s] Level 1:colcon.colcon_core.environment:create_file_with_runtime_dependencies(/home/matus/ros2_ws/src/install/rrm_sim/share/colcon-core/packages/rrm_sim)
[4.873s] DEBUG:colcon.colcon_core.event_handler.log_command:Invoked command in '/home/matus/ros2_ws/src/build/block1_matuska' returned '2': AMENT_PREFIX_PATH=/home/matus/ros2_ws/src/install/rrm_msgs:${AMENT_PREFIX_PATH} CMAKE_PREFIX_PATH=/home/matus/ros2_ws/src/install/rrm_msgs:/home/matus/ros2_ws/install/cviko1:/home/matus/ros2_ws/install/rrm_simple_robot_model:/home/matus/ros2_ws/install/rrm_sim:/home/matus/ros2_ws/install/block1_matuska:/home/matus/ros2_ws/install/rrm_msgs:/home/matus/ros2_ws/install/cv1:/opt/ros/jazzy/opt/gz_math_vendor:/opt/ros/jazzy/opt/gz_utils_vendor:/opt/ros/jazzy/opt/gz_cmake_vendor:/opt/ros/jazzy DEBUGINFOD_URLS=https://debuginfod.ubuntu.com LD_LIBRARY_PATH=/home/matus/ros2_ws/src/install/rrm_msgs/lib:${LD_LIBRARY_PATH} PYTHONPATH=/home/matus/ros2_ws/src/install/rrm_msgs/lib/python3.12/site-packages:${PYTHONPATH} /usr/bin/cmake --build /home/matus/ros2_ws/src/build/block1_matuska -- -j12 -l12
[4.904s] Level 1:colcon.colcon_core.environment:create_environment_scripts_only(block1_matuska)
[4.904s] Level 1:colcon.colcon_core.environment:checking '/home/matus/ros2_ws/src/install/block1_matuska' for CMake module files
[4.905s] Level 1:colcon.colcon_core.environment:checking '/home/matus/ros2_ws/src/install/block1_matuska' for CMake config files
[4.906s] Level 1:colcon.colcon_core.shell:create_environment_hook('block1_matuska', 'cmake_prefix_path')
[4.906s] INFO:colcon.colcon_core.shell:Creating environment hook '/home/matus/ros2_ws/src/install/block1_matuska/share/block1_matuska/hook/cmake_prefix_path.ps1'
[4.907s] INFO:colcon.colcon_core.shell:Creating environment descriptor '/home/matus/ros2_ws/src/install/block1_matuska/share/block1_matuska/hook/cmake_prefix_path.dsv'
[4.907s] INFO:colcon.colcon_core.shell:Creating environment hook '/home/matus/ros2_ws/src/install/block1_matuska/share/block1_matuska/hook/cmake_prefix_path.sh'
[4.907s] Level 1:colcon.colcon_core.environment:checking '/home/matus/ros2_ws/src/install/block1_matuska/lib'
[4.907s] Level 1:colcon.colcon_core.environment:checking '/home/matus/ros2_ws/src/install/block1_matuska/bin'
[4.907s] Level 1:colcon.colcon_core.environment:checking '/home/matus/ros2_ws/src/install/block1_matuska/lib/pkgconfig/block1_matuska.pc'
[4.907s] Level 1:colcon.colcon_core.environment:checking '/home/matus/ros2_ws/src/install/block1_matuska/lib/python3.12/site-packages'
[4.908s] Level 1:colcon.colcon_core.environment:checking '/home/matus/ros2_ws/src/install/block1_matuska/bin'
[4.908s] INFO:colcon.colcon_core.shell:Creating package script '/home/matus/ros2_ws/src/install/block1_matuska/share/block1_matuska/package.ps1'
[4.908s] INFO:colcon.colcon_core.shell:Creating package descriptor '/home/matus/ros2_ws/src/install/block1_matuska/share/block1_matuska/package.dsv'
[4.908s] INFO:colcon.colcon_core.shell:Creating package script '/home/matus/ros2_ws/src/install/block1_matuska/share/block1_matuska/package.sh'
[4.909s] INFO:colcon.colcon_core.shell:Creating package script '/home/matus/ros2_ws/src/install/block1_matuska/share/block1_matuska/package.bash'
[4.909s] INFO:colcon.colcon_core.shell:Creating package script '/home/matus/ros2_ws/src/install/block1_matuska/share/block1_matuska/package.zsh'
[4.909s] Level 1:colcon.colcon_core.environment:create_file_with_runtime_dependencies(/home/matus/ros2_ws/src/install/block1_matuska/share/colcon-core/packages/block1_matuska)
[4.920s] DEBUG:colcon.colcon_parallel_executor.executor.parallel:closing loop
[4.920s] DEBUG:colcon.colcon_parallel_executor.executor.parallel:loop closed
[4.920s] DEBUG:colcon.colcon_parallel_executor.executor.parallel:run_until_complete finished with '2'
[4.920s] DEBUG:colcon.colcon_core.event_reactor:joining thread
[4.926s] INFO:colcon.colcon_core.plugin_system:Skipping extension 'colcon_notification.desktop_notification.terminal_notifier': Not used on non-Darwin systems
[4.926s] INFO:colcon.colcon_core.plugin_system:Skipping extension 'colcon_notification.desktop_notification.win32': Not used on non-Windows systems
[4.926s] INFO:colcon.colcon_notification.desktop_notification:Sending desktop notification using 'notify2'
[4.938s] DEBUG:colcon.colcon_core.event_reactor:joined thread
[4.938s] INFO:colcon.colcon_core.shell:Creating prefix script '/home/matus/ros2_ws/src/install/local_setup.ps1'
[4.939s] INFO:colcon.colcon_core.shell:Creating prefix util module '/home/matus/ros2_ws/src/install/_local_setup_util_ps1.py'
[4.940s] INFO:colcon.colcon_core.shell:Creating prefix chain script '/home/matus/ros2_ws/src/install/setup.ps1'
[4.941s] INFO:colcon.colcon_core.shell:Creating prefix script '/home/matus/ros2_ws/src/install/local_setup.sh'
[4.941s] INFO:colcon.colcon_core.shell:Creating prefix util module '/home/matus/ros2_ws/src/install/_local_setup_util_sh.py'
[4.941s] INFO:colcon.colcon_core.shell:Creating prefix chain script '/home/matus/ros2_ws/src/install/setup.sh'
[4.942s] INFO:colcon.colcon_core.shell:Creating prefix script '/home/matus/ros2_ws/src/install/local_setup.bash'
[4.942s] INFO:colcon.colcon_core.shell:Creating prefix chain script '/home/matus/ros2_ws/src/install/setup.bash'
[4.943s] INFO:colcon.colcon_core.shell:Creating prefix script '/home/matus/ros2_ws/src/install/local_setup.zsh'
[4.943s] INFO:colcon.colcon_core.shell:Creating prefix chain script '/home/matus/ros2_ws/src/install/setup.zsh'
