[0.021s] Invoking command in '/home/matus/ros2_ws/src/build/rrm_msgs': CMAKE_PREFIX_PATH=${CMAKE_PREFIX_PATH}:/opt/ros/jazzy DEBUGINFOD_URLS=https://debuginfod.ubuntu.com /usr/bin/cmake --build /home/matus/ros2_ws/src/build/rrm_msgs -- -j12 -l12
[0.108s] [  2%] Built target rrm_msgs__rosidl_generator_type_description
[0.127s] [  2%] Built target ament_cmake_python_copy_rrm_msgs
[0.146s] [ 20%] Built target rrm_msgs__rosidl_generator_c
[0.146s] [ 22%] Built target rrm_msgs__cpp
[0.185s] [ 31%] Built target rrm_msgs__rosidl_typesupport_introspection_c
[0.186s] [ 40%] Built target rrm_msgs__rosidl_typesupport_c
[0.186s] [ 50%] Built target rrm_msgs__rosidl_typesupport_fastrtps_cpp
[0.189s] [ 59%] Built target rrm_msgs__rosidl_typesupport_fastrtps_c
[0.225s] [ 75%] Built target rrm_msgs__rosidl_typesupport_introspection_cpp
[0.226s] [ 77%] Built target rrm_msgs__rosidl_typesupport_cpp
[0.262s] [ 77%] Built target rrm_msgs
[0.300s] [ 79%] Built target rrm_msgs__py
[0.343s] [ 86%] Built target rrm_msgs__rosidl_generator_py
[0.382s] [ 95%] Built target rrm_msgs_s__rosidl_typesupport_fastrtps_c
[0.382s] [ 95%] Built target rrm_msgs_s__rosidl_typesupport_introspection_c
[0.383s] [100%] Built target rrm_msgs_s__rosidl_typesupport_c
[0.508s] running egg_info
[0.546s] writing rrm_msgs.egg-info/PKG-INFO
[0.546s] writing dependency_links to rrm_msgs.egg-info/dependency_links.txt
[0.546s] writing top-level names to rrm_msgs.egg-info/top_level.txt
[0.650s] reading manifest file 'rrm_msgs.egg-info/SOURCES.txt'
[0.651s] writing manifest file 'rrm_msgs.egg-info/SOURCES.txt'
[0.701s] [100%] Built target ament_cmake_python_build_rrm_msgs_egg
[0.724s] Invoked command in '/home/matus/ros2_ws/src/build/rrm_msgs' returned '0': CMAKE_PREFIX_PATH=${CMAKE_PREFIX_PATH}:/opt/ros/jazzy DEBUGINFOD_URLS=https://debuginfod.ubuntu.com /usr/bin/cmake --build /home/matus/ros2_ws/src/build/rrm_msgs -- -j12 -l12
[0.892s] Invoking command in '/home/matus/ros2_ws/src/build/rrm_msgs': CMAKE_PREFIX_PATH=${CMAKE_PREFIX_PATH}:/opt/ros/jazzy DEBUGINFOD_URLS=https://debuginfod.ubuntu.com /usr/bin/cmake --install /home/matus/ros2_ws/src/build/rrm_msgs
[0.907s] -- Install configuration: ""
[0.907s] -- Up-to-date: /home/matus/ros2_ws/src/install/rrm_msgs/share/ament_index/resource_index/rosidl_interfaces/rrm_msgs
[0.907s] -- Up-to-date: /home/matus/ros2_ws/src/install/rrm_msgs/share/rrm_msgs/msg/Command.json
[0.908s] -- Up-to-date: /home/matus/ros2_ws/src/install/rrm_msgs/share/rrm_msgs/srv/Command.json
[0.908s] -- Up-to-date: /home/matus/ros2_ws/src/install/rrm_msgs/include/rrm_msgs/rrm_msgs
[0.908s] -- Up-to-date: /home/matus/ros2_ws/src/install/rrm_msgs/include/rrm_msgs/rrm_msgs/srv
[0.908s] -- Up-to-date: /home/matus/ros2_ws/src/install/rrm_msgs/include/rrm_msgs/rrm_msgs/srv/command.h
[0.908s] -- Up-to-date: /home/matus/ros2_ws/src/install/rrm_msgs/include/rrm_msgs/rrm_msgs/srv/detail
[0.908s] -- Up-to-date: /home/matus/ros2_ws/src/install/rrm_msgs/include/rrm_msgs/rrm_msgs/srv/detail/command__functions.h
[0.908s] -- Up-to-date: /home/matus/ros2_ws/src/install/rrm_msgs/include/rrm_msgs/rrm_msgs/srv/detail/command__functions.c
[0.908s] -- Up-to-date: /home/matus/ros2_ws/src/install/rrm_msgs/include/rrm_msgs/rrm_msgs/srv/detail/command__description.c
[0.909s] -- Up-to-date: /home/matus/ros2_ws/src/install/rrm_msgs/include/rrm_msgs/rrm_msgs/srv/detail/command__struct.h
[0.909s] -- Up-to-date: /home/matus/ros2_ws/src/install/rrm_msgs/include/rrm_msgs/rrm_msgs/srv/detail/command__type_support.c
[0.909s] -- Up-to-date: /home/matus/ros2_ws/src/install/rrm_msgs/include/rrm_msgs/rrm_msgs/srv/detail/command__type_support.h
[0.909s] -- Up-to-date: /home/matus/ros2_ws/src/install/rrm_msgs/include/rrm_msgs/rrm_msgs/msg
[0.909s] -- Up-to-date: /home/matus/ros2_ws/src/install/rrm_msgs/include/rrm_msgs/rrm_msgs/msg/rosidl_generator_c__visibility_control.h
[0.909s] -- Up-to-date: /home/matus/ros2_ws/src/install/rrm_msgs/include/rrm_msgs/rrm_msgs/msg/command.h
[0.910s] -- Up-to-date: /home/matus/ros2_ws/src/install/rrm_msgs/include/rrm_msgs/rrm_msgs/msg/detail
[0.910s] -- Up-to-date: /home/matus/ros2_ws/src/install/rrm_msgs/include/rrm_msgs/rrm_msgs/msg/detail/command__functions.h
[0.910s] -- Up-to-date: /home/matus/ros2_ws/src/install/rrm_msgs/include/rrm_msgs/rrm_msgs/msg/detail/command__functions.c
[0.910s] -- Up-to-date: /home/matus/ros2_ws/src/install/rrm_msgs/include/rrm_msgs/rrm_msgs/msg/detail/command__description.c
[0.910s] -- Up-to-date: /home/matus/ros2_ws/src/install/rrm_msgs/include/rrm_msgs/rrm_msgs/msg/detail/command__struct.h
[0.910s] -- Up-to-date: /home/matus/ros2_ws/src/install/rrm_msgs/include/rrm_msgs/rrm_msgs/msg/detail/command__type_support.c
[0.911s] -- Up-to-date: /home/matus/ros2_ws/src/install/rrm_msgs/include/rrm_msgs/rrm_msgs/msg/detail/command__type_support.h
[0.911s] -- Up-to-date: /home/matus/ros2_ws/src/install/rrm_msgs/share/rrm_msgs/environment/library_path.sh
[0.911s] -- Up-to-date: /home/matus/ros2_ws/src/install/rrm_msgs/share/rrm_msgs/environment/library_path.dsv
[0.911s] -- Up-to-date: /home/matus/ros2_ws/src/install/rrm_msgs/lib/librrm_msgs__rosidl_generator_c.so
[0.911s] -- Up-to-date: /home/matus/ros2_ws/src/install/rrm_msgs/include/rrm_msgs/rrm_msgs
[0.911s] -- Up-to-date: /home/matus/ros2_ws/src/install/rrm_msgs/include/rrm_msgs/rrm_msgs/srv
[0.911s] -- Up-to-date: /home/matus/ros2_ws/src/install/rrm_msgs/include/rrm_msgs/rrm_msgs/srv/detail
[0.911s] -- Up-to-date: /home/matus/ros2_ws/src/install/rrm_msgs/include/rrm_msgs/rrm_msgs/srv/detail/command__rosidl_typesupport_fastrtps_c.h
[0.912s] -- Up-to-date: /home/matus/ros2_ws/src/install/rrm_msgs/include/rrm_msgs/rrm_msgs/msg
[0.912s] -- Up-to-date: /home/matus/ros2_ws/src/install/rrm_msgs/include/rrm_msgs/rrm_msgs/msg/rosidl_typesupport_fastrtps_c__visibility_control.h
[0.912s] -- Up-to-date: /home/matus/ros2_ws/src/install/rrm_msgs/include/rrm_msgs/rrm_msgs/msg/detail
[0.912s] -- Up-to-date: /home/matus/ros2_ws/src/install/rrm_msgs/include/rrm_msgs/rrm_msgs/msg/detail/command__rosidl_typesupport_fastrtps_c.h
[0.912s] -- Up-to-date: /home/matus/ros2_ws/src/install/rrm_msgs/lib/librrm_msgs__rosidl_typesupport_fastrtps_c.so
[0.912s] -- Up-to-date: /home/matus/ros2_ws/src/install/rrm_msgs/include/rrm_msgs/rrm_msgs
[0.912s] -- Up-to-date: /home/matus/ros2_ws/src/install/rrm_msgs/include/rrm_msgs/rrm_msgs/srv
[0.912s] -- Up-to-date: /home/matus/ros2_ws/src/install/rrm_msgs/include/rrm_msgs/rrm_msgs/srv/detail
[0.912s] -- Up-to-date: /home/matus/ros2_ws/src/install/rrm_msgs/include/rrm_msgs/rrm_msgs/srv/detail/command__rosidl_typesupport_introspection_c.h
[0.913s] -- Up-to-date: /home/matus/ros2_ws/src/install/rrm_msgs/include/rrm_msgs/rrm_msgs/srv/detail/command__type_support.c
[0.913s] -- Up-to-date: /home/matus/ros2_ws/src/install/rrm_msgs/include/rrm_msgs/rrm_msgs/msg
[0.913s] -- Up-to-date: /home/matus/ros2_ws/src/install/rrm_msgs/include/rrm_msgs/rrm_msgs/msg/rosidl_typesupport_introspection_c__visibility_control.h
[0.913s] -- Up-to-date: /home/matus/ros2_ws/src/install/rrm_msgs/include/rrm_msgs/rrm_msgs/msg/detail
[0.913s] -- Up-to-date: /home/matus/ros2_ws/src/install/rrm_msgs/include/rrm_msgs/rrm_msgs/msg/detail/command__rosidl_typesupport_introspection_c.h
[0.913s] -- Up-to-date: /home/matus/ros2_ws/src/install/rrm_msgs/include/rrm_msgs/rrm_msgs/msg/detail/command__type_support.c
[0.913s] -- Up-to-date: /home/matus/ros2_ws/src/install/rrm_msgs/lib/librrm_msgs__rosidl_typesupport_introspection_c.so
[0.913s] -- Up-to-date: /home/matus/ros2_ws/src/install/rrm_msgs/lib/librrm_msgs__rosidl_typesupport_c.so
[0.914s] -- Up-to-date: /home/matus/ros2_ws/src/install/rrm_msgs/include/rrm_msgs/rrm_msgs
[0.914s] -- Up-to-date: /home/matus/ros2_ws/src/install/rrm_msgs/include/rrm_msgs/rrm_msgs/srv
[0.914s] -- Up-to-date: /home/matus/ros2_ws/src/install/rrm_msgs/include/rrm_msgs/rrm_msgs/srv/command.hpp
[0.914s] -- Up-to-date: /home/matus/ros2_ws/src/install/rrm_msgs/include/rrm_msgs/rrm_msgs/srv/detail
[0.914s] -- Up-to-date: /home/matus/ros2_ws/src/install/rrm_msgs/include/rrm_msgs/rrm_msgs/srv/detail/command__struct.hpp
[0.914s] -- Up-to-date: /home/matus/ros2_ws/src/install/rrm_msgs/include/rrm_msgs/rrm_msgs/srv/detail/command__builder.hpp
[0.914s] -- Up-to-date: /home/matus/ros2_ws/src/install/rrm_msgs/include/rrm_msgs/rrm_msgs/srv/detail/command__traits.hpp
[0.914s] -- Up-to-date: /home/matus/ros2_ws/src/install/rrm_msgs/include/rrm_msgs/rrm_msgs/srv/detail/command__type_support.hpp
[0.915s] -- Up-to-date: /home/matus/ros2_ws/src/install/rrm_msgs/include/rrm_msgs/rrm_msgs/msg
[0.915s] -- Up-to-date: /home/matus/ros2_ws/src/install/rrm_msgs/include/rrm_msgs/rrm_msgs/msg/command.hpp
[0.915s] -- Up-to-date: /home/matus/ros2_ws/src/install/rrm_msgs/include/rrm_msgs/rrm_msgs/msg/detail
[0.915s] -- Up-to-date: /home/matus/ros2_ws/src/install/rrm_msgs/include/rrm_msgs/rrm_msgs/msg/detail/command__struct.hpp
[0.915s] -- Up-to-date: /home/matus/ros2_ws/src/install/rrm_msgs/include/rrm_msgs/rrm_msgs/msg/detail/command__builder.hpp
[0.915s] -- Up-to-date: /home/matus/ros2_ws/src/install/rrm_msgs/include/rrm_msgs/rrm_msgs/msg/detail/command__traits.hpp
[0.915s] -- Up-to-date: /home/matus/ros2_ws/src/install/rrm_msgs/include/rrm_msgs/rrm_msgs/msg/detail/command__type_support.hpp
[0.915s] -- Up-to-date: /home/matus/ros2_ws/src/install/rrm_msgs/include/rrm_msgs/rrm_msgs/msg/rosidl_generator_cpp__visibility_control.hpp
[0.915s] -- Up-to-date: /home/matus/ros2_ws/src/install/rrm_msgs/include/rrm_msgs/rrm_msgs
[0.916s] -- Up-to-date: /home/matus/ros2_ws/src/install/rrm_msgs/include/rrm_msgs/rrm_msgs/srv
[0.916s] -- Up-to-date: /home/matus/ros2_ws/src/install/rrm_msgs/include/rrm_msgs/rrm_msgs/srv/detail
[0.916s] -- Up-to-date: /home/matus/ros2_ws/src/install/rrm_msgs/include/rrm_msgs/rrm_msgs/srv/detail/command__rosidl_typesupport_fastrtps_cpp.hpp
[0.916s] -- Up-to-date: /home/matus/ros2_ws/src/install/rrm_msgs/include/rrm_msgs/rrm_msgs/srv/detail/dds_fastrtps
[0.916s] -- Up-to-date: /home/matus/ros2_ws/src/install/rrm_msgs/include/rrm_msgs/rrm_msgs/msg
[0.916s] -- Up-to-date: /home/matus/ros2_ws/src/install/rrm_msgs/include/rrm_msgs/rrm_msgs/msg/rosidl_typesupport_fastrtps_cpp__visibility_control.h
[0.916s] -- Up-to-date: /home/matus/ros2_ws/src/install/rrm_msgs/include/rrm_msgs/rrm_msgs/msg/detail
[0.916s] -- Up-to-date: /home/matus/ros2_ws/src/install/rrm_msgs/include/rrm_msgs/rrm_msgs/msg/detail/command__rosidl_typesupport_fastrtps_cpp.hpp
[0.916s] -- Up-to-date: /home/matus/ros2_ws/src/install/rrm_msgs/include/rrm_msgs/rrm_msgs/msg/detail/dds_fastrtps
[0.917s] -- Up-to-date: /home/matus/ros2_ws/src/install/rrm_msgs/lib/librrm_msgs__rosidl_typesupport_fastrtps_cpp.so
[0.917s] -- Up-to-date: /home/matus/ros2_ws/src/install/rrm_msgs/include/rrm_msgs/rrm_msgs
[0.917s] -- Up-to-date: /home/matus/ros2_ws/src/install/rrm_msgs/include/rrm_msgs/rrm_msgs/srv
[0.917s] -- Up-to-date: /home/matus/ros2_ws/src/install/rrm_msgs/include/rrm_msgs/rrm_msgs/srv/detail
[0.917s] -- Up-to-date: /home/matus/ros2_ws/src/install/rrm_msgs/include/rrm_msgs/rrm_msgs/srv/detail/command__rosidl_typesupport_introspection_cpp.hpp
[0.917s] -- Up-to-date: /home/matus/ros2_ws/src/install/rrm_msgs/include/rrm_msgs/rrm_msgs/srv/detail/command__type_support.cpp
[0.917s] -- Up-to-date: /home/matus/ros2_ws/src/install/rrm_msgs/include/rrm_msgs/rrm_msgs/msg
[0.917s] -- Up-to-date: /home/matus/ros2_ws/src/install/rrm_msgs/include/rrm_msgs/rrm_msgs/msg/detail
[0.917s] -- Up-to-date: /home/matus/ros2_ws/src/install/rrm_msgs/include/rrm_msgs/rrm_msgs/msg/detail/command__rosidl_typesupport_introspection_cpp.hpp
[0.917s] -- Up-to-date: /home/matus/ros2_ws/src/install/rrm_msgs/include/rrm_msgs/rrm_msgs/msg/detail/command__type_support.cpp
[0.918s] -- Up-to-date: /home/matus/ros2_ws/src/install/rrm_msgs/lib/librrm_msgs__rosidl_typesupport_introspection_cpp.so
[0.918s] -- Up-to-date: /home/matus/ros2_ws/src/install/rrm_msgs/lib/librrm_msgs__rosidl_typesupport_cpp.so
[0.918s] -- Up-to-date: /home/matus/ros2_ws/src/install/rrm_msgs/share/rrm_msgs/environment/pythonpath.sh
[0.918s] -- Up-to-date: /home/matus/ros2_ws/src/install/rrm_msgs/share/rrm_msgs/environment/pythonpath.dsv
[0.918s] -- Up-to-date: /home/matus/ros2_ws/src/install/rrm_msgs/lib/python3.12/site-packages/rrm_msgs-0.0.0-py3.12.egg-info
[0.918s] -- Installing: /home/matus/ros2_ws/src/install/rrm_msgs/lib/python3.12/site-packages/rrm_msgs-0.0.0-py3.12.egg-info/SOURCES.txt
[0.918s] -- Installing: /home/matus/ros2_ws/src/install/rrm_msgs/lib/python3.12/site-packages/rrm_msgs-0.0.0-py3.12.egg-info/dependency_links.txt
[0.918s] -- Installing: /home/matus/ros2_ws/src/install/rrm_msgs/lib/python3.12/site-packages/rrm_msgs-0.0.0-py3.12.egg-info/top_level.txt
[0.919s] -- Installing: /home/matus/ros2_ws/src/install/rrm_msgs/lib/python3.12/site-packages/rrm_msgs-0.0.0-py3.12.egg-info/PKG-INFO
[0.919s] -- Up-to-date: /home/matus/ros2_ws/src/install/rrm_msgs/lib/python3.12/site-packages/rrm_msgs
[0.919s] -- Up-to-date: /home/matus/ros2_ws/src/install/rrm_msgs/lib/python3.12/site-packages/rrm_msgs/_rrm_msgs_s.ep.rosidl_typesupport_c.c
[0.919s] -- Up-to-date: /home/matus/ros2_ws/src/install/rrm_msgs/lib/python3.12/site-packages/rrm_msgs/__init__.py
[0.919s] -- Up-to-date: /home/matus/ros2_ws/src/install/rrm_msgs/lib/python3.12/site-packages/rrm_msgs/rrm_msgs_s__rosidl_typesupport_fastrtps_c.so
[0.919s] -- Up-to-date: /home/matus/ros2_ws/src/install/rrm_msgs/lib/python3.12/site-packages/rrm_msgs/_rrm_msgs_s.ep.rosidl_typesupport_fastrtps_c.c
[0.919s] -- Up-to-date: /home/matus/ros2_ws/src/install/rrm_msgs/lib/python3.12/site-packages/rrm_msgs/srv
[0.919s] -- Up-to-date: /home/matus/ros2_ws/src/install/rrm_msgs/lib/python3.12/site-packages/rrm_msgs/srv/__init__.py
[0.919s] -- Up-to-date: /home/matus/ros2_ws/src/install/rrm_msgs/lib/python3.12/site-packages/rrm_msgs/srv/_command_s.c
[0.919s] -- Up-to-date: /home/matus/ros2_ws/src/install/rrm_msgs/lib/python3.12/site-packages/rrm_msgs/srv/_command.py
[0.920s] -- Up-to-date: /home/matus/ros2_ws/src/install/rrm_msgs/lib/python3.12/site-packages/rrm_msgs/rrm_msgs_s__rosidl_typesupport_introspection_c.so
[0.920s] -- Up-to-date: /home/matus/ros2_ws/src/install/rrm_msgs/lib/python3.12/site-packages/rrm_msgs/msg
[0.920s] -- Up-to-date: /home/matus/ros2_ws/src/install/rrm_msgs/lib/python3.12/site-packages/rrm_msgs/msg/__init__.py
[0.920s] -- Up-to-date: /home/matus/ros2_ws/src/install/rrm_msgs/lib/python3.12/site-packages/rrm_msgs/msg/_command_s.c
[0.920s] -- Up-to-date: /home/matus/ros2_ws/src/install/rrm_msgs/lib/python3.12/site-packages/rrm_msgs/msg/_command.py
[0.920s] -- Up-to-date: /home/matus/ros2_ws/src/install/rrm_msgs/lib/python3.12/site-packages/rrm_msgs/_rrm_msgs_s.ep.rosidl_typesupport_introspection_c.c
[0.920s] -- Up-to-date: /home/matus/ros2_ws/src/install/rrm_msgs/lib/python3.12/site-packages/rrm_msgs/rrm_msgs_s__rosidl_typesupport_c.so
[0.974s] Listing '/home/matus/ros2_ws/src/install/rrm_msgs/lib/python3.12/site-packages/rrm_msgs'...
[0.974s] Listing '/home/matus/ros2_ws/src/install/rrm_msgs/lib/python3.12/site-packages/rrm_msgs/msg'...
[0.974s] Listing '/home/matus/ros2_ws/src/install/rrm_msgs/lib/python3.12/site-packages/rrm_msgs/srv'...
[0.983s] -- Up-to-date: /home/matus/ros2_ws/src/install/rrm_msgs/lib/python3.12/site-packages/rrm_msgs/rrm_msgs_s__rosidl_typesupport_fastrtps_c.so
[0.983s] -- Up-to-date: /home/matus/ros2_ws/src/install/rrm_msgs/lib/python3.12/site-packages/rrm_msgs/rrm_msgs_s__rosidl_typesupport_introspection_c.so
[0.984s] -- Up-to-date: /home/matus/ros2_ws/src/install/rrm_msgs/lib/python3.12/site-packages/rrm_msgs/rrm_msgs_s__rosidl_typesupport_c.so
[0.984s] -- Up-to-date: /home/matus/ros2_ws/src/install/rrm_msgs/lib/librrm_msgs__rosidl_generator_py.so
[0.985s] -- Up-to-date: /home/matus/ros2_ws/src/install/rrm_msgs/share/rrm_msgs/msg/Command.idl
[0.985s] -- Up-to-date: /home/matus/ros2_ws/src/install/rrm_msgs/share/rrm_msgs/srv/Command.idl
[0.985s] -- Up-to-date: /home/matus/ros2_ws/src/install/rrm_msgs/share/rrm_msgs/msg/Command.msg
[0.985s] -- Up-to-date: /home/matus/ros2_ws/src/install/rrm_msgs/share/rrm_msgs/srv/Command.srv
[0.986s] -- Up-to-date: /home/matus/ros2_ws/src/install/rrm_msgs/share/ament_index/resource_index/package_run_dependencies/rrm_msgs
[0.986s] -- Up-to-date: /home/matus/ros2_ws/src/install/rrm_msgs/share/ament_index/resource_index/parent_prefix_path/rrm_msgs
[0.986s] -- Up-to-date: /home/matus/ros2_ws/src/install/rrm_msgs/share/rrm_msgs/environment/ament_prefix_path.sh
[0.986s] -- Up-to-date: /home/matus/ros2_ws/src/install/rrm_msgs/share/rrm_msgs/environment/ament_prefix_path.dsv
[0.986s] -- Up-to-date: /home/matus/ros2_ws/src/install/rrm_msgs/share/rrm_msgs/environment/path.sh
[0.986s] -- Up-to-date: /home/matus/ros2_ws/src/install/rrm_msgs/share/rrm_msgs/environment/path.dsv
[0.986s] -- Up-to-date: /home/matus/ros2_ws/src/install/rrm_msgs/share/rrm_msgs/local_setup.bash
[0.987s] -- Up-to-date: /home/matus/ros2_ws/src/install/rrm_msgs/share/rrm_msgs/local_setup.sh
[0.987s] -- Up-to-date: /home/matus/ros2_ws/src/install/rrm_msgs/share/rrm_msgs/local_setup.zsh
[0.987s] -- Up-to-date: /home/matus/ros2_ws/src/install/rrm_msgs/share/rrm_msgs/local_setup.dsv
[0.987s] -- Installing: /home/matus/ros2_ws/src/install/rrm_msgs/share/rrm_msgs/package.dsv
[0.987s] -- Up-to-date: /home/matus/ros2_ws/src/install/rrm_msgs/share/ament_index/resource_index/packages/rrm_msgs
[0.987s] -- Up-to-date: /home/matus/ros2_ws/src/install/rrm_msgs/share/rrm_msgs/cmake/export_rrm_msgs__rosidl_generator_cExport.cmake
[0.987s] -- Up-to-date: /home/matus/ros2_ws/src/install/rrm_msgs/share/rrm_msgs/cmake/export_rrm_msgs__rosidl_generator_cExport-noconfig.cmake
[0.987s] -- Up-to-date: /home/matus/ros2_ws/src/install/rrm_msgs/share/rrm_msgs/cmake/export_rrm_msgs__rosidl_typesupport_fastrtps_cExport.cmake
[0.988s] -- Up-to-date: /home/matus/ros2_ws/src/install/rrm_msgs/share/rrm_msgs/cmake/export_rrm_msgs__rosidl_typesupport_fastrtps_cExport-noconfig.cmake
[0.988s] -- Up-to-date: /home/matus/ros2_ws/src/install/rrm_msgs/share/rrm_msgs/cmake/rrm_msgs__rosidl_typesupport_introspection_cExport.cmake
[0.988s] -- Up-to-date: /home/matus/ros2_ws/src/install/rrm_msgs/share/rrm_msgs/cmake/rrm_msgs__rosidl_typesupport_introspection_cExport-noconfig.cmake
[0.988s] -- Up-to-date: /home/matus/ros2_ws/src/install/rrm_msgs/share/rrm_msgs/cmake/rrm_msgs__rosidl_typesupport_cExport.cmake
[0.988s] -- Up-to-date: /home/matus/ros2_ws/src/install/rrm_msgs/share/rrm_msgs/cmake/rrm_msgs__rosidl_typesupport_cExport-noconfig.cmake
[0.989s] -- Up-to-date: /home/matus/ros2_ws/src/install/rrm_msgs/share/rrm_msgs/cmake/export_rrm_msgs__rosidl_generator_cppExport.cmake
[0.989s] -- Up-to-date: /home/matus/ros2_ws/src/install/rrm_msgs/share/rrm_msgs/cmake/export_rrm_msgs__rosidl_typesupport_fastrtps_cppExport.cmake
[0.989s] -- Up-to-date: /home/matus/ros2_ws/src/install/rrm_msgs/share/rrm_msgs/cmake/export_rrm_msgs__rosidl_typesupport_fastrtps_cppExport-noconfig.cmake
[0.989s] -- Up-to-date: /home/matus/ros2_ws/src/install/rrm_msgs/share/rrm_msgs/cmake/rrm_msgs__rosidl_typesupport_introspection_cppExport.cmake
[0.989s] -- Up-to-date: /home/matus/ros2_ws/src/install/rrm_msgs/share/rrm_msgs/cmake/rrm_msgs__rosidl_typesupport_introspection_cppExport-noconfig.cmake
[0.989s] -- Up-to-date: /home/matus/ros2_ws/src/install/rrm_msgs/share/rrm_msgs/cmake/rrm_msgs__rosidl_typesupport_cppExport.cmake
[0.989s] -- Up-to-date: /home/matus/ros2_ws/src/install/rrm_msgs/share/rrm_msgs/cmake/rrm_msgs__rosidl_typesupport_cppExport-noconfig.cmake
[0.989s] -- Up-to-date: /home/matus/ros2_ws/src/install/rrm_msgs/share/rrm_msgs/cmake/export_rrm_msgs__rosidl_generator_pyExport.cmake
[0.989s] -- Up-to-date: /home/matus/ros2_ws/src/install/rrm_msgs/share/rrm_msgs/cmake/export_rrm_msgs__rosidl_generator_pyExport-noconfig.cmake
[0.989s] -- Up-to-date: /home/matus/ros2_ws/src/install/rrm_msgs/share/rrm_msgs/cmake/rosidl_cmake-extras.cmake
[0.989s] -- Up-to-date: /home/matus/ros2_ws/src/install/rrm_msgs/share/rrm_msgs/cmake/ament_cmake_export_dependencies-extras.cmake
[0.990s] -- Up-to-date: /home/matus/ros2_ws/src/install/rrm_msgs/share/rrm_msgs/cmake/ament_cmake_export_include_directories-extras.cmake
[0.990s] -- Up-to-date: /home/matus/ros2_ws/src/install/rrm_msgs/share/rrm_msgs/cmake/ament_cmake_export_libraries-extras.cmake
[0.990s] -- Up-to-date: /home/matus/ros2_ws/src/install/rrm_msgs/share/rrm_msgs/cmake/ament_cmake_export_targets-extras.cmake
[0.990s] -- Up-to-date: /home/matus/ros2_ws/src/install/rrm_msgs/share/rrm_msgs/cmake/rosidl_cmake_export_typesupport_targets-extras.cmake
[0.990s] -- Up-to-date: /home/matus/ros2_ws/src/install/rrm_msgs/share/rrm_msgs/cmake/rosidl_cmake_export_typesupport_libraries-extras.cmake
[0.990s] -- Up-to-date: /home/matus/ros2_ws/src/install/rrm_msgs/share/rrm_msgs/cmake/rrm_msgsConfig.cmake
[0.990s] -- Up-to-date: /home/matus/ros2_ws/src/install/rrm_msgs/share/rrm_msgs/cmake/rrm_msgsConfig-version.cmake
[0.990s] -- Up-to-date: /home/matus/ros2_ws/src/install/rrm_msgs/share/rrm_msgs/package.xml
[0.993s] Invoked command in '/home/matus/ros2_ws/src/build/rrm_msgs' returned '0': CMAKE_PREFIX_PATH=${CMAKE_PREFIX_PATH}:/opt/ros/jazzy DEBUGINFOD_URLS=https://debuginfod.ubuntu.com /usr/bin/cmake --install /home/matus/ros2_ws/src/build/rrm_msgs
