[0.016s] Invoking command in '/home/matus/ros2_ws/build/block2_matuska': CMAKE_PREFIX_PATH=/home/matus/ros2_ws/install/rrm_msgs:/home/matus/ros2_ws/install/trajectory_visualization:/home/matus/ros2_ws/install/rrm_simple_robot_model:/home/matus/ros2_ws/install/rrm_sim:/home/matus/ros2_ws/install/block3_matuska:/home/matus/ros2_ws/install/block2_matuska:/home/matus/ros2_ws/install/block1_matuska:/home/matus/ros2_ws/install/matuska_interface:/home/matus/ros2_ws/install/ik_solver_example:/home/matus/ros2_ws/install/eigen_example:/home/matus/ros2_ws/install/cviko1:/home/matus/ros2_ws/install/cv1:/home/matus/ros2_ws/install/abb_moveit_config:/home/matus/ros2_ws/install/abb_model:/home/matus/ros2_ws/install/abb_irb4600_ikfast:/home/matus/ros2_ws/src/install/rrm_simple_robot_model:/home/matus/ros2_ws/src/install/rrm_sim:/home/matus/ros2_ws/src/install/block1_matuska:/home/matus/ros2_ws/src/install/rrm_msgs:/home/matus/ros2_ws/src/install/matuska_interface:/opt/ros/jazzy/opt/sdformat_vendor:/opt/ros/jazzy/opt/gz_math_vendor:/opt/ros/jazzy/opt/gz_utils_vendor:/opt/ros/jazzy/opt/gz_tools_vendor:/opt/ros/jazzy/opt/gz_cmake_vendor:/opt/ros/jazzy DEBUGINFOD_URLS=https://debuginfod.ubuntu.com /usr/bin/cmake --build /home/matus/ros2_ws/build/block2_matuska -- -j12 -l12
[0.074s] [100%] Built target zadanie2_node
[0.074s] [100%] Built target zadanie22_node
[0.086s] Invoked command in '/home/matus/ros2_ws/build/block2_matuska' returned '0': CMAKE_PREFIX_PATH=/home/matus/ros2_ws/install/rrm_msgs:/home/matus/ros2_ws/install/trajectory_visualization:/home/matus/ros2_ws/install/rrm_simple_robot_model:/home/matus/ros2_ws/install/rrm_sim:/home/matus/ros2_ws/install/block3_matuska:/home/matus/ros2_ws/install/block2_matuska:/home/matus/ros2_ws/install/block1_matuska:/home/matus/ros2_ws/install/matuska_interface:/home/matus/ros2_ws/install/ik_solver_example:/home/matus/ros2_ws/install/eigen_example:/home/matus/ros2_ws/install/cviko1:/home/matus/ros2_ws/install/cv1:/home/matus/ros2_ws/install/abb_moveit_config:/home/matus/ros2_ws/install/abb_model:/home/matus/ros2_ws/install/abb_irb4600_ikfast:/home/matus/ros2_ws/src/install/rrm_simple_robot_model:/home/matus/ros2_ws/src/install/rrm_sim:/home/matus/ros2_ws/src/install/block1_matuska:/home/matus/ros2_ws/src/install/rrm_msgs:/home/matus/ros2_ws/src/install/matuska_interface:/opt/ros/jazzy/opt/sdformat_vendor:/opt/ros/jazzy/opt/gz_math_vendor:/opt/ros/jazzy/opt/gz_utils_vendor:/opt/ros/jazzy/opt/gz_tools_vendor:/opt/ros/jazzy/opt/gz_cmake_vendor:/opt/ros/jazzy DEBUGINFOD_URLS=https://debuginfod.ubuntu.com /usr/bin/cmake --build /home/matus/ros2_ws/build/block2_matuska -- -j12 -l12
[0.112s] Invoking command in '/home/matus/ros2_ws/build/block2_matuska': CMAKE_PREFIX_PATH=/home/matus/ros2_ws/install/rrm_msgs:/home/matus/ros2_ws/install/trajectory_visualization:/home/matus/ros2_ws/install/rrm_simple_robot_model:/home/matus/ros2_ws/install/rrm_sim:/home/matus/ros2_ws/install/block3_matuska:/home/matus/ros2_ws/install/block2_matuska:/home/matus/ros2_ws/install/block1_matuska:/home/matus/ros2_ws/install/matuska_interface:/home/matus/ros2_ws/install/ik_solver_example:/home/matus/ros2_ws/install/eigen_example:/home/matus/ros2_ws/install/cviko1:/home/matus/ros2_ws/install/cv1:/home/matus/ros2_ws/install/abb_moveit_config:/home/matus/ros2_ws/install/abb_model:/home/matus/ros2_ws/install/abb_irb4600_ikfast:/home/matus/ros2_ws/src/install/rrm_simple_robot_model:/home/matus/ros2_ws/src/install/rrm_sim:/home/matus/ros2_ws/src/install/block1_matuska:/home/matus/ros2_ws/src/install/rrm_msgs:/home/matus/ros2_ws/src/install/matuska_interface:/opt/ros/jazzy/opt/sdformat_vendor:/opt/ros/jazzy/opt/gz_math_vendor:/opt/ros/jazzy/opt/gz_utils_vendor:/opt/ros/jazzy/opt/gz_tools_vendor:/opt/ros/jazzy/opt/gz_cmake_vendor:/opt/ros/jazzy DEBUGINFOD_URLS=https://debuginfod.ubuntu.com /usr/bin/cmake --install /home/matus/ros2_ws/build/block2_matuska
[0.118s] -- Install configuration: ""
[0.119s] -- Up-to-date: /home/matus/ros2_ws/install/block2_matuska/lib/block2_matuska/zadanie2_node
[0.119s] -- Up-to-date: /home/matus/ros2_ws/install/block2_matuska/lib/block2_matuska/zadanie22_node
[0.120s] -- Up-to-date: /home/matus/ros2_ws/install/block2_matuska/share/block2_matuska/launch
[0.120s] -- Up-to-date: /home/matus/ros2_ws/install/block2_matuska/share/block2_matuska/launch/zadanie2_launch.xml
[0.120s] -- Up-to-date: /home/matus/ros2_ws/install/block2_matuska/share/block2_matuska/launch/zadanie22_launch.xml
[0.121s] -- Up-to-date: /home/matus/ros2_ws/install/block2_matuska/share/ament_index/resource_index/package_run_dependencies/block2_matuska
[0.121s] -- Up-to-date: /home/matus/ros2_ws/install/block2_matuska/share/ament_index/resource_index/parent_prefix_path/block2_matuska
[0.121s] -- Up-to-date: /home/matus/ros2_ws/install/block2_matuska/share/block2_matuska/environment/ament_prefix_path.sh
[0.121s] -- Up-to-date: /home/matus/ros2_ws/install/block2_matuska/share/block2_matuska/environment/ament_prefix_path.dsv
[0.121s] -- Up-to-date: /home/matus/ros2_ws/install/block2_matuska/share/block2_matuska/environment/path.sh
[0.121s] -- Up-to-date: /home/matus/ros2_ws/install/block2_matuska/share/block2_matuska/environment/path.dsv
[0.121s] -- Up-to-date: /home/matus/ros2_ws/install/block2_matuska/share/block2_matuska/local_setup.bash
[0.122s] -- Up-to-date: /home/matus/ros2_ws/install/block2_matuska/share/block2_matuska/local_setup.sh
[0.122s] -- Up-to-date: /home/matus/ros2_ws/install/block2_matuska/share/block2_matuska/local_setup.zsh
[0.122s] -- Up-to-date: /home/matus/ros2_ws/install/block2_matuska/share/block2_matuska/local_setup.dsv
[0.122s] -- Installing: /home/matus/ros2_ws/install/block2_matuska/share/block2_matuska/package.dsv
[0.122s] -- Up-to-date: /home/matus/ros2_ws/install/block2_matuska/share/ament_index/resource_index/packages/block2_matuska
[0.122s] -- Up-to-date: /home/matus/ros2_ws/install/block2_matuska/share/block2_matuska/cmake/block2_matuskaConfig.cmake
[0.122s] -- Up-to-date: /home/matus/ros2_ws/install/block2_matuska/share/block2_matuska/cmake/block2_matuskaConfig-version.cmake
[0.122s] -- Up-to-date: /home/matus/ros2_ws/install/block2_matuska/share/block2_matuska/package.xml
[0.128s] Invoked command in '/home/matus/ros2_ws/build/block2_matuska' returned '0': CMAKE_PREFIX_PATH=/home/matus/ros2_ws/install/rrm_msgs:/home/matus/ros2_ws/install/trajectory_visualization:/home/matus/ros2_ws/install/rrm_simple_robot_model:/home/matus/ros2_ws/install/rrm_sim:/home/matus/ros2_ws/install/block3_matuska:/home/matus/ros2_ws/install/block2_matuska:/home/matus/ros2_ws/install/block1_matuska:/home/matus/ros2_ws/install/matuska_interface:/home/matus/ros2_ws/install/ik_solver_example:/home/matus/ros2_ws/install/eigen_example:/home/matus/ros2_ws/install/cviko1:/home/matus/ros2_ws/install/cv1:/home/matus/ros2_ws/install/abb_moveit_config:/home/matus/ros2_ws/install/abb_model:/home/matus/ros2_ws/install/abb_irb4600_ikfast:/home/matus/ros2_ws/src/install/rrm_simple_robot_model:/home/matus/ros2_ws/src/install/rrm_sim:/home/matus/ros2_ws/src/install/block1_matuska:/home/matus/ros2_ws/src/install/rrm_msgs:/home/matus/ros2_ws/src/install/matuska_interface:/opt/ros/jazzy/opt/sdformat_vendor:/opt/ros/jazzy/opt/gz_math_vendor:/opt/ros/jazzy/opt/gz_utils_vendor:/opt/ros/jazzy/opt/gz_tools_vendor:/opt/ros/jazzy/opt/gz_cmake_vendor:/opt/ros/jazzy DEBUGINFOD_URLS=https://debuginfod.ubuntu.com /usr/bin/cmake --install /home/matus/ros2_ws/build/block2_matuska
