-- Found ament_cmake: 2.5.2 (/opt/ros/jazzy/share/ament_cmake/cmake)
-- Found rclcpp: 28.1.5 (/opt/ros/jazzy/share/rclcpp/cmake)
-- Found rosidl_generator_c: 4.6.4 (/opt/ros/jazzy/share/rosidl_generator_c/cmake)
-- Found rosidl_generator_cpp: 4.6.4 (/opt/ros/jazzy/share/rosidl_generator_cpp/cmake)
-- Using all available rosidl_typesupport_c: rosidl_typesupport_fastrtps_c;rosidl_typesupport_introspection_c
-- Using all available rosidl_typesupport_cpp: rosidl_typesupport_fastrtps_cpp;rosidl_typesupport_introspection_cpp
-- Found rmw_implementation_cmake: 7.3.1 (/opt/ros/jazzy/share/rmw_implementation_cmake/cmake)
-- Found rmw_fastrtps_cpp: 8.4.1 (/opt/ros/jazzy/share/rmw_fastrtps_cpp/cmake)
-- Using RMW implementation 'rmw_fastrtps_cpp' as default
-- Found moveit_core: 2.10.0 (/opt/ros/jazzy/share/moveit_core/cmake)
-- Found Boost: /usr/lib/x86_64-linux-gnu/cmake/Boost-1.83.0/BoostConfig.cmake (found version "1.83.0") found components: chrono date_time filesystem iostreams program_options regex serialization system thread 
-- Found parameter_traits: 0.3.9 (/opt/ros/jazzy/share/parameter_traits/cmake)
-- Found rclcpp_lifecycle: 28.1.5 (/opt/ros/jazzy/share/rclcpp_lifecycle/cmake)
-- Found Boost: /usr/lib/x86_64-linux-gnu/cmake/Boost-1.83.0/BoostConfig.cmake (found version "1.83.0") found components: filesystem 
-- Ensuring Eigen3 include directory is part of orocos-kdl CMake target
-- Found moveit_ros_planning_interface: 2.10.0 (/opt/ros/jazzy/share/moveit_ros_planning_interface/cmake)
-- Found Boost: /usr/lib/x86_64-linux-gnu/cmake/Boost-1.83.0/BoostConfig.cmake (found version "1.83.0") found components: date_time filesystem program_options system thread 
-- Found Boost: /usr/lib/x86_64-linux-gnu/cmake/Boost-1.83.0/BoostConfig.cmake (found version "1.83.0") found components: system filesystem date_time program_options thread chrono 
-- Found Boost: /usr/lib/x86_64-linux-gnu/cmake/Boost-1.83.0/BoostConfig.cmake (found version "1.83.0") found components: thread system filesystem regex date_time program_options 
-- Found Boost: /usr/lib/x86_64-linux-gnu/cmake/Boost-1.83.0/BoostConfig.cmake (found version "1.83.0") found components: system filesystem date_time program_options thread 
-- Found ament_lint_auto: 0.17.1 (/opt/ros/jazzy/share/ament_lint_auto/cmake)
-- Added test 'cppcheck' to perform static code analysis on C / C++ code
-- Configured cppcheck include dirs: $<BUILD_INTERFACE:/home/matus/ros2_ws/src/block3_matuska/include>
-- Configured cppcheck exclude dirs and/or files: 
-- Added test 'lint_cmake' to check CMake code style
-- Added test 'uncrustify' to check C / C++ code style
-- Configured uncrustify additional arguments: 
-- Added test 'xmllint' to check XML markup files
-- Configuring done (1.0s)
-- Generating done (0.0s)
-- Build files have been written to: /home/matus/ros2_ws/build/block3_matuska
[ 25%] [32mBuilding CXX object CMakeFiles/publisher_node.dir/src/publisher_node.cpp.o[0m
[ 50%] [32mBuilding CXX object CMakeFiles/zadanie3_node.dir/src/zadanie3_node.cpp.o[0m
[ 75%] [32m[1mLinking CXX executable publisher_node[0m
[ 75%] Built target publisher_node
[01m[K/home/matus/ros2_ws/src/block3_matuska/src/zadanie3_node.cpp:[m[K In function ‘[01m[Kint[01;32m[K main[m[K(int, char**)[m[K’:
[01m[K/home/matus/ros2_ws/src/block3_matuska/src/zadanie3_node.cpp:27:40:[m[K [01;35m[Kwarning: [m[Kunused variable ‘[01m[Kjoint_model_group[m[K’ [[01;35m[K]8;;https://gcc.gnu.org/onlinedocs/gcc/Warning-Options.html#index-Wunused-variable-Wunused-variable]8;;[m[K]
   27 |   const moveit::core::JointModelGroup* [01;35m[Kjoint_model_group[m[K =
      |                                        [01;35m[K^~~~~~~~~~~~~~~~~[m[K
[100%] [32m[1mLinking CXX executable zadanie3_node[0m
[100%] Built target zadanie3_node
-- Install configuration: ""
-- Installing: /home/matus/ros2_ws/install/block3_matuska/lib/block3_matuska/zadanie3_node
-- Set non-toolchain portion of runtime path of "/home/matus/ros2_ws/install/block3_matuska/lib/block3_matuska/zadanie3_node" to ""
-- Installing: /home/matus/ros2_ws/install/block3_matuska/lib/block3_matuska/publisher_node
-- Set non-toolchain portion of runtime path of "/home/matus/ros2_ws/install/block3_matuska/lib/block3_matuska/publisher_node" to ""
-- Up-to-date: /home/matus/ros2_ws/install/block3_matuska/share/ament_index/resource_index/package_run_dependencies/block3_matuska
-- Up-to-date: /home/matus/ros2_ws/install/block3_matuska/share/ament_index/resource_index/parent_prefix_path/block3_matuska
-- Up-to-date: /home/matus/ros2_ws/install/block3_matuska/share/block3_matuska/environment/ament_prefix_path.sh
-- Up-to-date: /home/matus/ros2_ws/install/block3_matuska/share/block3_matuska/environment/ament_prefix_path.dsv
-- Up-to-date: /home/matus/ros2_ws/install/block3_matuska/share/block3_matuska/environment/path.sh
-- Up-to-date: /home/matus/ros2_ws/install/block3_matuska/share/block3_matuska/environment/path.dsv
-- Up-to-date: /home/matus/ros2_ws/install/block3_matuska/share/block3_matuska/local_setup.bash
-- Up-to-date: /home/matus/ros2_ws/install/block3_matuska/share/block3_matuska/local_setup.sh
-- Up-to-date: /home/matus/ros2_ws/install/block3_matuska/share/block3_matuska/local_setup.zsh
-- Up-to-date: /home/matus/ros2_ws/install/block3_matuska/share/block3_matuska/local_setup.dsv
-- Installing: /home/matus/ros2_ws/install/block3_matuska/share/block3_matuska/package.dsv
-- Up-to-date: /home/matus/ros2_ws/install/block3_matuska/share/ament_index/resource_index/packages/block3_matuska
-- Up-to-date: /home/matus/ros2_ws/install/block3_matuska/share/block3_matuska/cmake/block3_matuskaConfig.cmake
-- Up-to-date: /home/matus/ros2_ws/install/block3_matuska/share/block3_matuska/cmake/block3_matuskaConfig-version.cmake
-- Up-to-date: /home/matus/ros2_ws/install/block3_matuska/share/block3_matuska/package.xml
