[0.013s] Invoking command in '/home/matus/ros2_ws/build/block3_matuska': CMAKE_PREFIX_PATH=/home/matus/ros2_ws/install/rrm_msgs:/home/matus/ros2_ws/install/trajectory_visualization:/home/matus/ros2_ws/install/rrm_simple_robot_model:/home/matus/ros2_ws/install/rrm_sim:/home/matus/ros2_ws/install/block3_matuska:/home/matus/ros2_ws/install/block2_matuska:/home/matus/ros2_ws/install/block1_matuska:/home/matus/ros2_ws/install/matuska_interface:/home/matus/ros2_ws/install/ik_solver_example:/home/matus/ros2_ws/install/eigen_example:/home/matus/ros2_ws/install/cviko1:/home/matus/ros2_ws/install/cv1:/home/matus/ros2_ws/install/abb_moveit_config:/home/matus/ros2_ws/install/abb_model:/home/matus/ros2_ws/install/abb_irb4600_ikfast:/home/matus/ros2_ws/src/install/rrm_simple_robot_model:/home/matus/ros2_ws/src/install/rrm_sim:/home/matus/ros2_ws/src/install/block1_matuska:/home/matus/ros2_ws/src/install/rrm_msgs:/home/matus/ros2_ws/src/install/matuska_interface:/opt/ros/jazzy/opt/sdformat_vendor:/opt/ros/jazzy/opt/gz_math_vendor:/opt/ros/jazzy/opt/gz_utils_vendor:/opt/ros/jazzy/opt/gz_tools_vendor:/opt/ros/jazzy/opt/gz_cmake_vendor:/opt/ros/jazzy DEBUGINFOD_URLS=https://debuginfod.ubuntu.com /usr/bin/cmake --build /home/matus/ros2_ws/build/block3_matuska -- -j12 -l12
[0.038s] -- Found ament_cmake: 2.5.2 (/opt/ros/jazzy/share/ament_cmake/cmake)
[0.219s] -- Found rclcpp: 28.1.5 (/opt/ros/jazzy/share/rclcpp/cmake)
[0.240s] -- Found rosidl_generator_c: 4.6.4 (/opt/ros/jazzy/share/rosidl_generator_c/cmake)
[0.247s] -- Found rosidl_generator_cpp: 4.6.4 (/opt/ros/jazzy/share/rosidl_generator_cpp/cmake)
[0.256s] -- Using all available rosidl_typesupport_c: rosidl_typesupport_fastrtps_c;rosidl_typesupport_introspection_c
[0.267s] -- Using all available rosidl_typesupport_cpp: rosidl_typesupport_fastrtps_cpp;rosidl_typesupport_introspection_cpp
[0.315s] -- Found rmw_implementation_cmake: 7.3.1 (/opt/ros/jazzy/share/rmw_implementation_cmake/cmake)
[0.317s] -- Found rmw_fastrtps_cpp: 8.4.1 (/opt/ros/jazzy/share/rmw_fastrtps_cpp/cmake)
[0.370s] -- Using RMW implementation 'rmw_fastrtps_cpp' as default
[0.421s] -- Found moveit_core: 2.10.0 (/opt/ros/jazzy/share/moveit_core/cmake)
[0.433s] -- Found Boost: /usr/lib/x86_64-linux-gnu/cmake/Boost-1.83.0/BoostConfig.cmake (found version "1.83.0") found components: chrono date_time filesystem iostreams program_options regex serialization system thread 
[0.455s] -- Found parameter_traits: 0.3.9 (/opt/ros/jazzy/share/parameter_traits/cmake)
[0.459s] -- Found rclcpp_lifecycle: 28.1.5 (/opt/ros/jazzy/share/rclcpp_lifecycle/cmake)
[0.485s] -- Found Boost: /usr/lib/x86_64-linux-gnu/cmake/Boost-1.83.0/BoostConfig.cmake (found version "1.83.0") found components: filesystem 
[0.582s] -- Ensuring Eigen3 include directory is part of orocos-kdl CMake target
[0.836s] -- Found moveit_ros_planning_interface: 2.10.0 (/opt/ros/jazzy/share/moveit_ros_planning_interface/cmake)
[0.840s] -- Found Boost: /usr/lib/x86_64-linux-gnu/cmake/Boost-1.83.0/BoostConfig.cmake (found version "1.83.0") found components: date_time filesystem program_options system thread 
[0.850s] -- Found Boost: /usr/lib/x86_64-linux-gnu/cmake/Boost-1.83.0/BoostConfig.cmake (found version "1.83.0") found components: system filesystem date_time program_options thread chrono 
[0.894s] -- Found Boost: /usr/lib/x86_64-linux-gnu/cmake/Boost-1.83.0/BoostConfig.cmake (found version "1.83.0") found components: thread system filesystem regex date_time program_options 
[0.914s] -- Found Boost: /usr/lib/x86_64-linux-gnu/cmake/Boost-1.83.0/BoostConfig.cmake (found version "1.83.0") found components: system filesystem date_time program_options thread 
[0.955s] -- Found ament_lint_auto: 0.17.1 (/opt/ros/jazzy/share/ament_lint_auto/cmake)
[1.029s] -- Added test 'cppcheck' to perform static code analysis on C / C++ code
[1.029s] -- Configured cppcheck include dirs: $<BUILD_INTERFACE:/home/matus/ros2_ws/src/block3_matuska/include>
[1.029s] -- Configured cppcheck exclude dirs and/or files: 
[1.029s] -- Added test 'lint_cmake' to check CMake code style
[1.030s] -- Added test 'uncrustify' to check C / C++ code style
[1.030s] -- Configured uncrustify additional arguments: 
[1.030s] -- Added test 'xmllint' to check XML markup files
[1.030s] -- Configuring done (1.0s)
[1.059s] -- Generating done (0.0s)
[1.061s] -- Build files have been written to: /home/matus/ros2_ws/build/block3_matuska
[1.101s] [ 25%] [32mBuilding CXX object CMakeFiles/publisher_node.dir/src/publisher_node.cpp.o[0m
[1.114s] [ 50%] [32mBuilding CXX object CMakeFiles/zadanie3_node.dir/src/zadanie3_node.cpp.o[0m
[5.199s] [ 75%] [32m[1mLinking CXX executable publisher_node[0m
[5.346s] [ 75%] Built target publisher_node
[5.528s] [01m[K/home/matus/ros2_ws/src/block3_matuska/src/zadanie3_node.cpp:[m[K In function ‘[01m[Kint[01;32m[K main[m[K(int, char**)[m[K’:
[5.528s] [01m[K/home/matus/ros2_ws/src/block3_matuska/src/zadanie3_node.cpp:27:40:[m[K [01;35m[Kwarning: [m[Kunused variable ‘[01m[Kjoint_model_group[m[K’ [[01;35m[K]8;;https://gcc.gnu.org/onlinedocs/gcc/Warning-Options.html#index-Wunused-variable-Wunused-variable]8;;[m[K]
[5.528s]    27 |   const moveit::core::JointModelGroup* [01;35m[Kjoint_model_group[m[K =
[5.528s]       |                                        [01;35m[K^~~~~~~~~~~~~~~~~[m[K
[8.719s] [100%] [32m[1mLinking CXX executable zadanie3_node[0m
[9.026s] [100%] Built target zadanie3_node
[9.037s] Invoked command in '/home/matus/ros2_ws/build/block3_matuska' returned '0': CMAKE_PREFIX_PATH=/home/matus/ros2_ws/install/rrm_msgs:/home/matus/ros2_ws/install/trajectory_visualization:/home/matus/ros2_ws/install/rrm_simple_robot_model:/home/matus/ros2_ws/install/rrm_sim:/home/matus/ros2_ws/install/block3_matuska:/home/matus/ros2_ws/install/block2_matuska:/home/matus/ros2_ws/install/block1_matuska:/home/matus/ros2_ws/install/matuska_interface:/home/matus/ros2_ws/install/ik_solver_example:/home/matus/ros2_ws/install/eigen_example:/home/matus/ros2_ws/install/cviko1:/home/matus/ros2_ws/install/cv1:/home/matus/ros2_ws/install/abb_moveit_config:/home/matus/ros2_ws/install/abb_model:/home/matus/ros2_ws/install/abb_irb4600_ikfast:/home/matus/ros2_ws/src/install/rrm_simple_robot_model:/home/matus/ros2_ws/src/install/rrm_sim:/home/matus/ros2_ws/src/install/block1_matuska:/home/matus/ros2_ws/src/install/rrm_msgs:/home/matus/ros2_ws/src/install/matuska_interface:/opt/ros/jazzy/opt/sdformat_vendor:/opt/ros/jazzy/opt/gz_math_vendor:/opt/ros/jazzy/opt/gz_utils_vendor:/opt/ros/jazzy/opt/gz_tools_vendor:/opt/ros/jazzy/opt/gz_cmake_vendor:/opt/ros/jazzy DEBUGINFOD_URLS=https://debuginfod.ubuntu.com /usr/bin/cmake --build /home/matus/ros2_ws/build/block3_matuska -- -j12 -l12
[9.066s] Invoking command in '/home/matus/ros2_ws/build/block3_matuska': CMAKE_PREFIX_PATH=/home/matus/ros2_ws/install/rrm_msgs:/home/matus/ros2_ws/install/trajectory_visualization:/home/matus/ros2_ws/install/rrm_simple_robot_model:/home/matus/ros2_ws/install/rrm_sim:/home/matus/ros2_ws/install/block3_matuska:/home/matus/ros2_ws/install/block2_matuska:/home/matus/ros2_ws/install/block1_matuska:/home/matus/ros2_ws/install/matuska_interface:/home/matus/ros2_ws/install/ik_solver_example:/home/matus/ros2_ws/install/eigen_example:/home/matus/ros2_ws/install/cviko1:/home/matus/ros2_ws/install/cv1:/home/matus/ros2_ws/install/abb_moveit_config:/home/matus/ros2_ws/install/abb_model:/home/matus/ros2_ws/install/abb_irb4600_ikfast:/home/matus/ros2_ws/src/install/rrm_simple_robot_model:/home/matus/ros2_ws/src/install/rrm_sim:/home/matus/ros2_ws/src/install/block1_matuska:/home/matus/ros2_ws/src/install/rrm_msgs:/home/matus/ros2_ws/src/install/matuska_interface:/opt/ros/jazzy/opt/sdformat_vendor:/opt/ros/jazzy/opt/gz_math_vendor:/opt/ros/jazzy/opt/gz_utils_vendor:/opt/ros/jazzy/opt/gz_tools_vendor:/opt/ros/jazzy/opt/gz_cmake_vendor:/opt/ros/jazzy DEBUGINFOD_URLS=https://debuginfod.ubuntu.com /usr/bin/cmake --install /home/matus/ros2_ws/build/block3_matuska
[9.073s] -- Install configuration: ""
[9.074s] -- Installing: /home/matus/ros2_ws/install/block3_matuska/lib/block3_matuska/zadanie3_node
[9.075s] -- Set non-toolchain portion of runtime path of "/home/matus/ros2_ws/install/block3_matuska/lib/block3_matuska/zadanie3_node" to ""
[9.075s] -- Installing: /home/matus/ros2_ws/install/block3_matuska/lib/block3_matuska/publisher_node
[9.076s] -- Set non-toolchain portion of runtime path of "/home/matus/ros2_ws/install/block3_matuska/lib/block3_matuska/publisher_node" to ""
[9.076s] -- Up-to-date: /home/matus/ros2_ws/install/block3_matuska/share/ament_index/resource_index/package_run_dependencies/block3_matuska
[9.077s] -- Up-to-date: /home/matus/ros2_ws/install/block3_matuska/share/ament_index/resource_index/parent_prefix_path/block3_matuska
[9.077s] -- Up-to-date: /home/matus/ros2_ws/install/block3_matuska/share/block3_matuska/environment/ament_prefix_path.sh
[9.077s] -- Up-to-date: /home/matus/ros2_ws/install/block3_matuska/share/block3_matuska/environment/ament_prefix_path.dsv
[9.077s] -- Up-to-date: /home/matus/ros2_ws/install/block3_matuska/share/block3_matuska/environment/path.sh
[9.077s] -- Up-to-date: /home/matus/ros2_ws/install/block3_matuska/share/block3_matuska/environment/path.dsv
[9.077s] -- Up-to-date: /home/matus/ros2_ws/install/block3_matuska/share/block3_matuska/local_setup.bash
[9.077s] -- Up-to-date: /home/matus/ros2_ws/install/block3_matuska/share/block3_matuska/local_setup.sh
[9.077s] -- Up-to-date: /home/matus/ros2_ws/install/block3_matuska/share/block3_matuska/local_setup.zsh
[9.077s] -- Up-to-date: /home/matus/ros2_ws/install/block3_matuska/share/block3_matuska/local_setup.dsv
[9.077s] -- Installing: /home/matus/ros2_ws/install/block3_matuska/share/block3_matuska/package.dsv
[9.077s] -- Up-to-date: /home/matus/ros2_ws/install/block3_matuska/share/ament_index/resource_index/packages/block3_matuska
[9.077s] -- Up-to-date: /home/matus/ros2_ws/install/block3_matuska/share/block3_matuska/cmake/block3_matuskaConfig.cmake
[9.077s] -- Up-to-date: /home/matus/ros2_ws/install/block3_matuska/share/block3_matuska/cmake/block3_matuskaConfig-version.cmake
[9.077s] -- Up-to-date: /home/matus/ros2_ws/install/block3_matuska/share/block3_matuska/package.xml
[9.079s] Invoked command in '/home/matus/ros2_ws/build/block3_matuska' returned '0': CMAKE_PREFIX_PATH=/home/matus/ros2_ws/install/rrm_msgs:/home/matus/ros2_ws/install/trajectory_visualization:/home/matus/ros2_ws/install/rrm_simple_robot_model:/home/matus/ros2_ws/install/rrm_sim:/home/matus/ros2_ws/install/block3_matuska:/home/matus/ros2_ws/install/block2_matuska:/home/matus/ros2_ws/install/block1_matuska:/home/matus/ros2_ws/install/matuska_interface:/home/matus/ros2_ws/install/ik_solver_example:/home/matus/ros2_ws/install/eigen_example:/home/matus/ros2_ws/install/cviko1:/home/matus/ros2_ws/install/cv1:/home/matus/ros2_ws/install/abb_moveit_config:/home/matus/ros2_ws/install/abb_model:/home/matus/ros2_ws/install/abb_irb4600_ikfast:/home/matus/ros2_ws/src/install/rrm_simple_robot_model:/home/matus/ros2_ws/src/install/rrm_sim:/home/matus/ros2_ws/src/install/block1_matuska:/home/matus/ros2_ws/src/install/rrm_msgs:/home/matus/ros2_ws/src/install/matuska_interface:/opt/ros/jazzy/opt/sdformat_vendor:/opt/ros/jazzy/opt/gz_math_vendor:/opt/ros/jazzy/opt/gz_utils_vendor:/opt/ros/jazzy/opt/gz_tools_vendor:/opt/ros/jazzy/opt/gz_cmake_vendor:/opt/ros/jazzy DEBUGINFOD_URLS=https://debuginfod.ubuntu.com /usr/bin/cmake --install /home/matus/ros2_ws/build/block3_matuska
