-- Install configuration: ""
-- Up-to-date: /home/matus/ros2_ws/install/abb_model/share/abb_model/urdf
-- Up-to-date: /home/matus/ros2_ws/install/abb_model/share/abb_model/urdf/abb_irb4600_60_205.xacro
-- Installing: /home/matus/ros2_ws/install/abb_model/share/abb_model/urdf/robot.urdf
-- Up-to-date: /home/matus/ros2_ws/install/abb_model/share/abb_model/urdf/abb_irb4600_60_205_macro.xacro
-- Installing: /home/matus/ros2_ws/install/abb_model/share/abb_model/urdf/camera_macro.xacro
-- Up-to-date: /home/matus/ros2_ws/install/abb_model/share/abb_model/urdf/camera.xacro
-- Up-to-date: /home/matus/ros2_ws/install/abb_model/share/abb_model/config
-- Up-to-date: /home/matus/ros2_ws/install/abb_model/share/abb_model/config/urdf.rviz
-- Up-to-date: /home/matus/ros2_ws/install/abb_model/share/abb_model/launch
-- Up-to-date: /home/matus/ros2_ws/install/abb_model/share/abb_model/launch/rsp_irb4600.launch.xml
-- Up-to-date: /home/matus/ros2_ws/install/abb_model/share/abb_model/launch/rsp_irb4600.launch.py
-- Up-to-date: /home/matus/ros2_ws/install/abb_model/share/abb_model/launch/test_irb4600.launch.xml
-- Up-to-date: /home/matus/ros2_ws/install/abb_model/share/abb_model/launch/test_irb4600.launch.py
-- Up-to-date: /home/matus/ros2_ws/install/abb_model/share/abb_model/meshes
-- Up-to-date: /home/matus/ros2_ws/install/abb_model/share/abb_model/meshes/abb_irb4600_60_205
-- Up-to-date: /home/matus/ros2_ws/install/abb_model/share/abb_model/meshes/abb_irb4600_60_205/collision
-- Up-to-date: /home/matus/ros2_ws/install/abb_model/share/abb_model/meshes/abb_irb4600_60_205/collision/link_6.stl
-- Up-to-date: /home/matus/ros2_ws/install/abb_model/share/abb_model/meshes/abb_irb4600_60_205/collision/link_4.stl
-- Up-to-date: /home/matus/ros2_ws/install/abb_model/share/abb_model/meshes/abb_irb4600_60_205/collision/link_3.stl
-- Up-to-date: /home/matus/ros2_ws/install/abb_model/share/abb_model/meshes/abb_irb4600_60_205/collision/link_1.stl
-- Up-to-date: /home/matus/ros2_ws/install/abb_model/share/abb_model/meshes/abb_irb4600_60_205/collision/link_2.stl
-- Up-to-date: /home/matus/ros2_ws/install/abb_model/share/abb_model/meshes/abb_irb4600_60_205/collision/base_link.stl
-- Up-to-date: /home/matus/ros2_ws/install/abb_model/share/abb_model/meshes/abb_irb4600_60_205/collision/mount.stl
-- Up-to-date: /home/matus/ros2_ws/install/abb_model/share/abb_model/meshes/abb_irb4600_60_205/collision/link_5.stl
-- Up-to-date: /home/matus/ros2_ws/install/abb_model/share/abb_model/meshes/abb_irb4600_60_205/visual
-- Up-to-date: /home/matus/ros2_ws/install/abb_model/share/abb_model/meshes/abb_irb4600_60_205/visual/link_6.stl
-- Up-to-date: /home/matus/ros2_ws/install/abb_model/share/abb_model/meshes/abb_irb4600_60_205/visual/link_4.stl
-- Up-to-date: /home/matus/ros2_ws/install/abb_model/share/abb_model/meshes/abb_irb4600_60_205/visual/link_3.stl
-- Up-to-date: /home/matus/ros2_ws/install/abb_model/share/abb_model/meshes/abb_irb4600_60_205/visual/link_1.stl
-- Up-to-date: /home/matus/ros2_ws/install/abb_model/share/abb_model/meshes/abb_irb4600_60_205/visual/link_2.stl
-- Up-to-date: /home/matus/ros2_ws/install/abb_model/share/abb_model/meshes/abb_irb4600_60_205/visual/base_link.stl
-- Up-to-date: /home/matus/ros2_ws/install/abb_model/share/abb_model/meshes/abb_irb4600_60_205/visual/mount.stl
-- Up-to-date: /home/matus/ros2_ws/install/abb_model/share/abb_model/meshes/abb_irb4600_60_205/visual/link_5.stl
-- Up-to-date: /home/matus/ros2_ws/install/abb_model/share/abb_model/meshes/kinect
-- Up-to-date: /home/matus/ros2_ws/install/abb_model/share/abb_model/meshes/kinect/collision
-- Installing: /home/matus/ros2_ws/install/abb_model/share/abb_model/meshes/kinect/collision/truck.stl
-- Up-to-date: /home/matus/ros2_ws/install/abb_model/share/abb_model/meshes/kinect/collision/kinect_sensor.stl
-- Up-to-date: /home/matus/ros2_ws/install/abb_model/share/abb_model/meshes/kinect/collision/kinect_sensor_empty.stl
-- Up-to-date: /home/matus/ros2_ws/install/abb_model/share/abb_model/meshes/kinect/visual
-- Installing: /home/matus/ros2_ws/install/abb_model/share/abb_model/meshes/kinect/visual/truck.stl
-- Up-to-date: /home/matus/ros2_ws/install/abb_model/share/abb_model/meshes/kinect/visual/kinect_sensor.stl
-- Up-to-date: /home/matus/ros2_ws/install/abb_model/share/abb_model/meshes/kinect/visual/kinect_sensor_empty.stl
-- Up-to-date: /home/matus/ros2_ws/install/abb_model/share/ament_index/resource_index/package_run_dependencies/abb_model
-- Up-to-date: /home/matus/ros2_ws/install/abb_model/share/ament_index/resource_index/parent_prefix_path/abb_model
-- Up-to-date: /home/matus/ros2_ws/install/abb_model/share/abb_model/environment/ament_prefix_path.sh
-- Up-to-date: /home/matus/ros2_ws/install/abb_model/share/abb_model/environment/ament_prefix_path.dsv
-- Up-to-date: /home/matus/ros2_ws/install/abb_model/share/abb_model/environment/path.sh
-- Up-to-date: /home/matus/ros2_ws/install/abb_model/share/abb_model/environment/path.dsv
-- Up-to-date: /home/matus/ros2_ws/install/abb_model/share/abb_model/local_setup.bash
-- Up-to-date: /home/matus/ros2_ws/install/abb_model/share/abb_model/local_setup.sh
-- Up-to-date: /home/matus/ros2_ws/install/abb_model/share/abb_model/local_setup.zsh
-- Up-to-date: /home/matus/ros2_ws/install/abb_model/share/abb_model/local_setup.dsv
-- Installing: /home/matus/ros2_ws/install/abb_model/share/abb_model/package.dsv
-- Up-to-date: /home/matus/ros2_ws/install/abb_model/share/ament_index/resource_index/packages/abb_model
-- Up-to-date: /home/matus/ros2_ws/install/abb_model/share/abb_model/cmake/abb_modelConfig.cmake
-- Up-to-date: /home/matus/ros2_ws/install/abb_model/share/abb_model/cmake/abb_modelConfig-version.cmake
-- Up-to-date: /home/matus/ros2_ws/install/abb_model/share/abb_model/package.xml
