[0.036s] Invoking command in '/home/matus/ros2_ws/build/eigen_example': CMAKE_PREFIX_PATH=${CMAKE_PREFIX_PATH}:/opt/ros/jazzy DEBUGINFOD_URLS=https://debuginfod.ubuntu.com /usr/bin/cmake --build /home/matus/ros2_ws/build/eigen_example -- -j12 -l12
[0.443s] [100%] Built target eigen_example
[0.627s] Invoked command in '/home/matus/ros2_ws/build/eigen_example' returned '0': CMAKE_PREFIX_PATH=${CMAKE_PREFIX_PATH}:/opt/ros/jazzy DEBUGINFOD_URLS=https://debuginfod.ubuntu.com /usr/bin/cmake --build /home/matus/ros2_ws/build/eigen_example -- -j12 -l12
[0.836s] Invoking command in '/home/matus/ros2_ws/build/eigen_example': CMAKE_PREFIX_PATH=${CMAKE_PREFIX_PATH}:/opt/ros/jazzy DEBUGINFOD_URLS=https://debuginfod.ubuntu.com /usr/bin/cmake --install /home/matus/ros2_ws/build/eigen_example
[0.897s] -- Install configuration: ""
[0.897s] -- Up-to-date: /home/matus/ros2_ws/install/eigen_example/lib/eigen_example/eigen_example
[0.897s] -- Up-to-date: /home/matus/ros2_ws/install/eigen_example/share/ament_index/resource_index/package_run_dependencies/eigen_example
[0.906s] -- Up-to-date: /home/matus/ros2_ws/install/eigen_example/share/ament_index/resource_index/parent_prefix_path/eigen_example
[0.908s] -- Up-to-date: /home/matus/ros2_ws/install/eigen_example/share/eigen_example/environment/ament_prefix_path.sh
[0.914s] -- Up-to-date: /home/matus/ros2_ws/install/eigen_example/share/eigen_example/environment/ament_prefix_path.dsv
[0.916s] -- Up-to-date: /home/matus/ros2_ws/install/eigen_example/share/eigen_example/environment/path.sh
[0.917s] -- Up-to-date: /home/matus/ros2_ws/install/eigen_example/share/eigen_example/environment/path.dsv
[0.918s] -- Up-to-date: /home/matus/ros2_ws/install/eigen_example/share/eigen_example/local_setup.bash
[0.919s] -- Up-to-date: /home/matus/ros2_ws/install/eigen_example/share/eigen_example/local_setup.sh
[0.921s] -- Up-to-date: /home/matus/ros2_ws/install/eigen_example/share/eigen_example/local_setup.zsh
[0.922s] -- Up-to-date: /home/matus/ros2_ws/install/eigen_example/share/eigen_example/local_setup.dsv
[0.923s] -- Installing: /home/matus/ros2_ws/install/eigen_example/share/eigen_example/package.dsv
[0.924s] -- Up-to-date: /home/matus/ros2_ws/install/eigen_example/share/ament_index/resource_index/packages/eigen_example
[0.925s] -- Up-to-date: /home/matus/ros2_ws/install/eigen_example/share/eigen_example/cmake/eigen_exampleConfig.cmake
[0.926s] -- Up-to-date: /home/matus/ros2_ws/install/eigen_example/share/eigen_example/cmake/eigen_exampleConfig-version.cmake
[0.927s] -- Up-to-date: /home/matus/ros2_ws/install/eigen_example/share/eigen_example/package.xml
[0.937s] Invoked command in '/home/matus/ros2_ws/build/eigen_example' returned '0': CMAKE_PREFIX_PATH=${CMAKE_PREFIX_PATH}:/opt/ros/jazzy DEBUGINFOD_URLS=https://debuginfod.ubuntu.com /usr/bin/cmake --install /home/matus/ros2_ws/build/eigen_example
