[0.015s] Invoking command in '/home/matus/ros2_ws/build/cv1': CMAKE_PREFIX_PATH=${CMAKE_PREFIX_PATH}:/opt/ros/jazzy DEBUGINFOD_URLS=https://debuginfod.ubuntu.com /usr/bin/cmake --build /home/matus/ros2_ws/build/cv1 -- -j12 -l12
[0.068s] -- Found ament_cmake: 2.5.2 (/opt/ros/jazzy/share/ament_cmake/cmake)
[0.329s] -- Found rclcpp: 28.1.5 (/opt/ros/jazzy/share/rclcpp/cmake)
[0.366s] -- Found rosidl_generator_c: 4.6.4 (/opt/ros/jazzy/share/rosidl_generator_c/cmake)
[0.378s] -- Found rosidl_generator_cpp: 4.6.4 (/opt/ros/jazzy/share/rosidl_generator_cpp/cmake)
[0.394s] -- Using all available rosidl_typesupport_c: rosidl_typesupport_fastrtps_c;rosidl_typesupport_introspection_c
[0.412s] -- Using all available rosidl_typesupport_cpp: rosidl_typesupport_fastrtps_cpp;rosidl_typesupport_introspection_cpp
[0.494s] -- Found rmw_implementation_cmake: 7.3.1 (/opt/ros/jazzy/share/rmw_implementation_cmake/cmake)
[0.497s] -- Found rmw_fastrtps_cpp: 8.4.1 (/opt/ros/jazzy/share/rmw_fastrtps_cpp/cmake)
[0.577s] -- Using RMW implementation 'rmw_fastrtps_cpp' as default
[0.663s] -- Found ament_lint_auto: 0.17.1 (/opt/ros/jazzy/share/ament_lint_auto/cmake)
[0.758s] -- Added test 'cppcheck' to perform static code analysis on C / C++ code
[0.758s] -- Configured cppcheck include dirs: $<BUILD_INTERFACE:/home/matus/ros2_ws/src/cv1/include>
[0.758s] -- Configured cppcheck exclude dirs and/or files: 
[0.758s] -- Added test 'lint_cmake' to check CMake code style
[0.759s] -- Added test 'uncrustify' to check C / C++ code style
[0.759s] -- Configured uncrustify additional arguments: 
[0.759s] -- Added test 'xmllint' to check XML markup files
[0.760s] -- Configuring done (0.7s)
[0.771s] -- Generating done (0.0s)
[0.772s] -- Build files have been written to: /home/matus/ros2_ws/build/cv1
[0.805s] [ 50%] [32mBuilding CXX object CMakeFiles/cv1_node.dir/src/cv1_node.cpp.o[0m
[0.880s] [100%] [32m[1mLinking CXX executable cv1_node[0m
[0.955s] [100%] Built target cv1_node
[0.968s] Invoked command in '/home/matus/ros2_ws/build/cv1' returned '0': CMAKE_PREFIX_PATH=${CMAKE_PREFIX_PATH}:/opt/ros/jazzy DEBUGINFOD_URLS=https://debuginfod.ubuntu.com /usr/bin/cmake --build /home/matus/ros2_ws/build/cv1 -- -j12 -l12
[0.992s] Invoking command in '/home/matus/ros2_ws/build/cv1': CMAKE_PREFIX_PATH=${CMAKE_PREFIX_PATH}:/opt/ros/jazzy DEBUGINFOD_URLS=https://debuginfod.ubuntu.com /usr/bin/cmake --install /home/matus/ros2_ws/build/cv1
[0.999s] -- Install configuration: ""
[0.999s] -- Installing: /home/matus/ros2_ws/install/cv1/lib/cv1/cv1_node
[0.999s] -- Set non-toolchain portion of runtime path of "/home/matus/ros2_ws/install/cv1/lib/cv1/cv1_node" to ""
[0.999s] -- Up-to-date: /home/matus/ros2_ws/install/cv1/share/ament_index/resource_index/package_run_dependencies/cv1
[1.000s] -- Installing: /home/matus/ros2_ws/install/cv1/share/ament_index/resource_index/parent_prefix_path/cv1
[1.000s] -- Up-to-date: /home/matus/ros2_ws/install/cv1/share/cv1/environment/ament_prefix_path.sh
[1.000s] -- Up-to-date: /home/matus/ros2_ws/install/cv1/share/cv1/environment/ament_prefix_path.dsv
[1.000s] -- Up-to-date: /home/matus/ros2_ws/install/cv1/share/cv1/environment/path.sh
[1.000s] -- Up-to-date: /home/matus/ros2_ws/install/cv1/share/cv1/environment/path.dsv
[1.000s] -- Up-to-date: /home/matus/ros2_ws/install/cv1/share/cv1/local_setup.bash
[1.000s] -- Up-to-date: /home/matus/ros2_ws/install/cv1/share/cv1/local_setup.sh
[1.000s] -- Up-to-date: /home/matus/ros2_ws/install/cv1/share/cv1/local_setup.zsh
[1.000s] -- Up-to-date: /home/matus/ros2_ws/install/cv1/share/cv1/local_setup.dsv
[1.000s] -- Installing: /home/matus/ros2_ws/install/cv1/share/cv1/package.dsv
[1.000s] -- Up-to-date: /home/matus/ros2_ws/install/cv1/share/ament_index/resource_index/packages/cv1
[1.001s] -- Up-to-date: /home/matus/ros2_ws/install/cv1/share/cv1/cmake/cv1Config.cmake
[1.001s] -- Up-to-date: /home/matus/ros2_ws/install/cv1/share/cv1/cmake/cv1Config-version.cmake
[1.001s] -- Installing: /home/matus/ros2_ws/install/cv1/share/cv1/package.xml
[1.002s] Invoked command in '/home/matus/ros2_ws/build/cv1' returned '0': CMAKE_PREFIX_PATH=${CMAKE_PREFIX_PATH}:/opt/ros/jazzy DEBUGINFOD_URLS=https://debuginfod.ubuntu.com /usr/bin/cmake --install /home/matus/ros2_ws/build/cv1
