[0.036s] Invoking command in '/home/matus/ros2_ws/build/matuska_interface': CMAKE_PREFIX_PATH=${CMAKE_PREFIX_PATH}:/opt/ros/jazzy DEBUGINFOD_URLS=https://debuginfod.ubuntu.com /usr/bin/cmake --build /home/matus/ros2_ws/build/matuska_interface -- -j12 -l12
[0.097s] [  2%] Built target matuska_interface__rosidl_generator_type_description
[0.113s] [  2%] Built target ament_cmake_python_copy_matuska_interface
[0.128s] [  5%] Built target matuska_interface__cpp
[0.129s] [ 20%] Built target matuska_interface__rosidl_generator_c
[0.165s] [ 38%] Built target matuska_interface__rosidl_typesupport_fastrtps_cpp
[0.166s] [ 38%] Built target matuska_interface__rosidl_typesupport_cpp
[0.173s] [ 47%] Built target matuska_interface__rosidl_typesupport_introspection_c
[0.177s] [ 55%] Built target matuska_interface__rosidl_typesupport_c
[0.191s] [ 64%] Built target matuska_interface__rosidl_typesupport_introspection_cpp
[0.191s] [ 73%] Built target matuska_interface__rosidl_typesupport_fastrtps_c
[0.213s] [ 73%] Built target matuska_interface
[0.240s] [ 76%] Built target matuska_interface__py
[0.269s] [ 82%] Built target matuska_interface__rosidl_generator_py
[0.299s] [ 88%] Built target matuska_interface_s__rosidl_typesupport_fastrtps_c
[0.300s] [ 94%] Built target matuska_interface_s__rosidl_typesupport_introspection_c
[0.301s] [100%] Built target matuska_interface_s__rosidl_typesupport_c
[0.442s] running egg_info
[0.466s] writing matuska_interface.egg-info/PKG-INFO
[0.466s] writing dependency_links to matuska_interface.egg-info/dependency_links.txt
[0.466s] writing top-level names to matuska_interface.egg-info/top_level.txt
[0.533s] reading manifest file 'matuska_interface.egg-info/SOURCES.txt'
[0.534s] writing manifest file 'matuska_interface.egg-info/SOURCES.txt'
[0.570s] [100%] Built target ament_cmake_python_build_matuska_interface_egg
[0.586s] Invoked command in '/home/matus/ros2_ws/build/matuska_interface' returned '0': CMAKE_PREFIX_PATH=${CMAKE_PREFIX_PATH}:/opt/ros/jazzy DEBUGINFOD_URLS=https://debuginfod.ubuntu.com /usr/bin/cmake --build /home/matus/ros2_ws/build/matuska_interface -- -j12 -l12
[0.661s] Invoking command in '/home/matus/ros2_ws/build/matuska_interface': CMAKE_PREFIX_PATH=${CMAKE_PREFIX_PATH}:/opt/ros/jazzy DEBUGINFOD_URLS=https://debuginfod.ubuntu.com /usr/bin/cmake --install /home/matus/ros2_ws/build/matuska_interface
[0.671s] -- Install configuration: ""
[0.671s] -- Up-to-date: /home/matus/ros2_ws/install/matuska_interface/share/ament_index/resource_index/rosidl_interfaces/matuska_interface
[0.672s] -- Up-to-date: /home/matus/ros2_ws/install/matuska_interface/share/matuska_interface/srv/TeachPosition.json
[0.672s] -- Up-to-date: /home/matus/ros2_ws/install/matuska_interface/include/matuska_interface/matuska_interface
[0.672s] -- Up-to-date: /home/matus/ros2_ws/install/matuska_interface/include/matuska_interface/matuska_interface/srv
[0.672s] -- Up-to-date: /home/matus/ros2_ws/install/matuska_interface/include/matuska_interface/matuska_interface/srv/teach_position.h
[0.672s] -- Up-to-date: /home/matus/ros2_ws/install/matuska_interface/include/matuska_interface/matuska_interface/srv/detail
[0.672s] -- Up-to-date: /home/matus/ros2_ws/install/matuska_interface/include/matuska_interface/matuska_interface/srv/detail/teach_position__description.c
[0.672s] -- Up-to-date: /home/matus/ros2_ws/install/matuska_interface/include/matuska_interface/matuska_interface/srv/detail/teach_position__functions.c
[0.672s] -- Up-to-date: /home/matus/ros2_ws/install/matuska_interface/include/matuska_interface/matuska_interface/srv/detail/teach_position__type_support.h
[0.672s] -- Up-to-date: /home/matus/ros2_ws/install/matuska_interface/include/matuska_interface/matuska_interface/srv/detail/teach_position__functions.h
[0.673s] -- Up-to-date: /home/matus/ros2_ws/install/matuska_interface/include/matuska_interface/matuska_interface/srv/detail/teach_position__struct.h
[0.673s] -- Up-to-date: /home/matus/ros2_ws/install/matuska_interface/include/matuska_interface/matuska_interface/srv/detail/teach_position__type_support.c
[0.673s] -- Up-to-date: /home/matus/ros2_ws/install/matuska_interface/include/matuska_interface/matuska_interface/msg
[0.673s] -- Up-to-date: /home/matus/ros2_ws/install/matuska_interface/include/matuska_interface/matuska_interface/msg/rosidl_generator_c__visibility_control.h
[0.673s] -- Up-to-date: /home/matus/ros2_ws/install/matuska_interface/share/matuska_interface/environment/library_path.sh
[0.673s] -- Up-to-date: /home/matus/ros2_ws/install/matuska_interface/share/matuska_interface/environment/library_path.dsv
[0.673s] -- Up-to-date: /home/matus/ros2_ws/install/matuska_interface/lib/libmatuska_interface__rosidl_generator_c.so
[0.673s] -- Up-to-date: /home/matus/ros2_ws/install/matuska_interface/include/matuska_interface/matuska_interface
[0.674s] -- Up-to-date: /home/matus/ros2_ws/install/matuska_interface/include/matuska_interface/matuska_interface/srv
[0.674s] -- Up-to-date: /home/matus/ros2_ws/install/matuska_interface/include/matuska_interface/matuska_interface/srv/detail
[0.674s] -- Up-to-date: /home/matus/ros2_ws/install/matuska_interface/include/matuska_interface/matuska_interface/srv/detail/teach_position__rosidl_typesupport_fastrtps_c.h
[0.674s] -- Up-to-date: /home/matus/ros2_ws/install/matuska_interface/include/matuska_interface/matuska_interface/msg
[0.674s] -- Up-to-date: /home/matus/ros2_ws/install/matuska_interface/include/matuska_interface/matuska_interface/msg/rosidl_typesupport_fastrtps_c__visibility_control.h
[0.674s] -- Up-to-date: /home/matus/ros2_ws/install/matuska_interface/lib/libmatuska_interface__rosidl_typesupport_fastrtps_c.so
[0.674s] -- Up-to-date: /home/matus/ros2_ws/install/matuska_interface/include/matuska_interface/matuska_interface
[0.674s] -- Up-to-date: /home/matus/ros2_ws/install/matuska_interface/include/matuska_interface/matuska_interface/srv
[0.674s] -- Up-to-date: /home/matus/ros2_ws/install/matuska_interface/include/matuska_interface/matuska_interface/srv/detail
[0.675s] -- Up-to-date: /home/matus/ros2_ws/install/matuska_interface/include/matuska_interface/matuska_interface/srv/detail/teach_position__rosidl_typesupport_introspection_c.h
[0.675s] -- Up-to-date: /home/matus/ros2_ws/install/matuska_interface/include/matuska_interface/matuska_interface/srv/detail/teach_position__type_support.c
[0.675s] -- Up-to-date: /home/matus/ros2_ws/install/matuska_interface/include/matuska_interface/matuska_interface/msg
[0.675s] -- Up-to-date: /home/matus/ros2_ws/install/matuska_interface/include/matuska_interface/matuska_interface/msg/rosidl_typesupport_introspection_c__visibility_control.h
[0.675s] -- Up-to-date: /home/matus/ros2_ws/install/matuska_interface/lib/libmatuska_interface__rosidl_typesupport_introspection_c.so
[0.675s] -- Up-to-date: /home/matus/ros2_ws/install/matuska_interface/lib/libmatuska_interface__rosidl_typesupport_c.so
[0.675s] -- Up-to-date: /home/matus/ros2_ws/install/matuska_interface/include/matuska_interface/matuska_interface
[0.675s] -- Up-to-date: /home/matus/ros2_ws/install/matuska_interface/include/matuska_interface/matuska_interface/srv
[0.675s] -- Up-to-date: /home/matus/ros2_ws/install/matuska_interface/include/matuska_interface/matuska_interface/srv/detail
[0.675s] -- Up-to-date: /home/matus/ros2_ws/install/matuska_interface/include/matuska_interface/matuska_interface/srv/detail/teach_position__builder.hpp
[0.676s] -- Up-to-date: /home/matus/ros2_ws/install/matuska_interface/include/matuska_interface/matuska_interface/srv/detail/teach_position__struct.hpp
[0.676s] -- Up-to-date: /home/matus/ros2_ws/install/matuska_interface/include/matuska_interface/matuska_interface/srv/detail/teach_position__traits.hpp
[0.676s] -- Up-to-date: /home/matus/ros2_ws/install/matuska_interface/include/matuska_interface/matuska_interface/srv/detail/teach_position__type_support.hpp
[0.676s] -- Up-to-date: /home/matus/ros2_ws/install/matuska_interface/include/matuska_interface/matuska_interface/srv/teach_position.hpp
[0.676s] -- Up-to-date: /home/matus/ros2_ws/install/matuska_interface/include/matuska_interface/matuska_interface/msg
[0.676s] -- Up-to-date: /home/matus/ros2_ws/install/matuska_interface/include/matuska_interface/matuska_interface/msg/rosidl_generator_cpp__visibility_control.hpp
[0.676s] -- Up-to-date: /home/matus/ros2_ws/install/matuska_interface/include/matuska_interface/matuska_interface
[0.676s] -- Up-to-date: /home/matus/ros2_ws/install/matuska_interface/include/matuska_interface/matuska_interface/srv
[0.677s] -- Up-to-date: /home/matus/ros2_ws/install/matuska_interface/include/matuska_interface/matuska_interface/srv/detail
[0.677s] -- Up-to-date: /home/matus/ros2_ws/install/matuska_interface/include/matuska_interface/matuska_interface/srv/detail/teach_position__rosidl_typesupport_fastrtps_cpp.hpp
[0.677s] -- Up-to-date: /home/matus/ros2_ws/install/matuska_interface/include/matuska_interface/matuska_interface/srv/detail/dds_fastrtps
[0.677s] -- Up-to-date: /home/matus/ros2_ws/install/matuska_interface/include/matuska_interface/matuska_interface/msg
[0.677s] -- Up-to-date: /home/matus/ros2_ws/install/matuska_interface/include/matuska_interface/matuska_interface/msg/rosidl_typesupport_fastrtps_cpp__visibility_control.h
[0.677s] -- Up-to-date: /home/matus/ros2_ws/install/matuska_interface/lib/libmatuska_interface__rosidl_typesupport_fastrtps_cpp.so
[0.677s] -- Up-to-date: /home/matus/ros2_ws/install/matuska_interface/include/matuska_interface/matuska_interface
[0.677s] -- Up-to-date: /home/matus/ros2_ws/install/matuska_interface/include/matuska_interface/matuska_interface/srv
[0.677s] -- Up-to-date: /home/matus/ros2_ws/install/matuska_interface/include/matuska_interface/matuska_interface/srv/detail
[0.677s] -- Up-to-date: /home/matus/ros2_ws/install/matuska_interface/include/matuska_interface/matuska_interface/srv/detail/teach_position__type_support.cpp
[0.678s] -- Up-to-date: /home/matus/ros2_ws/install/matuska_interface/include/matuska_interface/matuska_interface/srv/detail/teach_position__rosidl_typesupport_introspection_cpp.hpp
[0.678s] -- Up-to-date: /home/matus/ros2_ws/install/matuska_interface/lib/libmatuska_interface__rosidl_typesupport_introspection_cpp.so
[0.678s] -- Up-to-date: /home/matus/ros2_ws/install/matuska_interface/lib/libmatuska_interface__rosidl_typesupport_cpp.so
[0.678s] -- Up-to-date: /home/matus/ros2_ws/install/matuska_interface/share/matuska_interface/environment/pythonpath.sh
[0.678s] -- Up-to-date: /home/matus/ros2_ws/install/matuska_interface/share/matuska_interface/environment/pythonpath.dsv
[0.678s] -- Up-to-date: /home/matus/ros2_ws/install/matuska_interface/lib/python3.12/site-packages/matuska_interface-0.0.0-py3.12.egg-info
[0.678s] -- Installing: /home/matus/ros2_ws/install/matuska_interface/lib/python3.12/site-packages/matuska_interface-0.0.0-py3.12.egg-info/SOURCES.txt
[0.678s] -- Installing: /home/matus/ros2_ws/install/matuska_interface/lib/python3.12/site-packages/matuska_interface-0.0.0-py3.12.egg-info/dependency_links.txt
[0.678s] -- Installing: /home/matus/ros2_ws/install/matuska_interface/lib/python3.12/site-packages/matuska_interface-0.0.0-py3.12.egg-info/top_level.txt
[0.678s] -- Installing: /home/matus/ros2_ws/install/matuska_interface/lib/python3.12/site-packages/matuska_interface-0.0.0-py3.12.egg-info/PKG-INFO
[0.678s] -- Up-to-date: /home/matus/ros2_ws/install/matuska_interface/lib/python3.12/site-packages/matuska_interface
[0.679s] -- Up-to-date: /home/matus/ros2_ws/install/matuska_interface/lib/python3.12/site-packages/matuska_interface/__init__.py
[0.679s] -- Up-to-date: /home/matus/ros2_ws/install/matuska_interface/lib/python3.12/site-packages/matuska_interface/_matuska_interface_s.ep.rosidl_typesupport_introspection_c.c
[0.679s] -- Up-to-date: /home/matus/ros2_ws/install/matuska_interface/lib/python3.12/site-packages/matuska_interface/matuska_interface_s__rosidl_typesupport_c.so
[0.679s] -- Up-to-date: /home/matus/ros2_ws/install/matuska_interface/lib/python3.12/site-packages/matuska_interface/_matuska_interface_s.ep.rosidl_typesupport_c.c
[0.679s] -- Up-to-date: /home/matus/ros2_ws/install/matuska_interface/lib/python3.12/site-packages/matuska_interface/srv
[0.679s] -- Up-to-date: /home/matus/ros2_ws/install/matuska_interface/lib/python3.12/site-packages/matuska_interface/srv/__init__.py
[0.679s] -- Up-to-date: /home/matus/ros2_ws/install/matuska_interface/lib/python3.12/site-packages/matuska_interface/srv/_teach_position_s.c
[0.679s] -- Up-to-date: /home/matus/ros2_ws/install/matuska_interface/lib/python3.12/site-packages/matuska_interface/srv/_teach_position.py
[0.679s] -- Up-to-date: /home/matus/ros2_ws/install/matuska_interface/lib/python3.12/site-packages/matuska_interface/_matuska_interface_s.ep.rosidl_typesupport_fastrtps_c.c
[0.679s] -- Up-to-date: /home/matus/ros2_ws/install/matuska_interface/lib/python3.12/site-packages/matuska_interface/matuska_interface_s__rosidl_typesupport_introspection_c.so
[0.679s] -- Up-to-date: /home/matus/ros2_ws/install/matuska_interface/lib/python3.12/site-packages/matuska_interface/matuska_interface_s__rosidl_typesupport_fastrtps_c.so
[0.717s] Listing '/home/matus/ros2_ws/install/matuska_interface/lib/python3.12/site-packages/matuska_interface'...
[0.717s] Listing '/home/matus/ros2_ws/install/matuska_interface/lib/python3.12/site-packages/matuska_interface/srv'...
[0.723s] -- Up-to-date: /home/matus/ros2_ws/install/matuska_interface/lib/python3.12/site-packages/matuska_interface/matuska_interface_s__rosidl_typesupport_fastrtps_c.so
[0.724s] -- Up-to-date: /home/matus/ros2_ws/install/matuska_interface/lib/python3.12/site-packages/matuska_interface/matuska_interface_s__rosidl_typesupport_introspection_c.so
[0.724s] -- Up-to-date: /home/matus/ros2_ws/install/matuska_interface/lib/python3.12/site-packages/matuska_interface/matuska_interface_s__rosidl_typesupport_c.so
[0.725s] -- Up-to-date: /home/matus/ros2_ws/install/matuska_interface/lib/libmatuska_interface__rosidl_generator_py.so
[0.725s] -- Up-to-date: /home/matus/ros2_ws/install/matuska_interface/share/matuska_interface/srv/TeachPosition.idl
[0.725s] -- Up-to-date: /home/matus/ros2_ws/install/matuska_interface/share/matuska_interface/srv/TeachPosition.srv
[0.725s] -- Up-to-date: /home/matus/ros2_ws/install/matuska_interface/share/ament_index/resource_index/package_run_dependencies/matuska_interface
[0.725s] -- Up-to-date: /home/matus/ros2_ws/install/matuska_interface/share/ament_index/resource_index/parent_prefix_path/matuska_interface
[0.726s] -- Up-to-date: /home/matus/ros2_ws/install/matuska_interface/share/matuska_interface/environment/ament_prefix_path.sh
[0.726s] -- Up-to-date: /home/matus/ros2_ws/install/matuska_interface/share/matuska_interface/environment/ament_prefix_path.dsv
[0.726s] -- Up-to-date: /home/matus/ros2_ws/install/matuska_interface/share/matuska_interface/environment/path.sh
[0.726s] -- Up-to-date: /home/matus/ros2_ws/install/matuska_interface/share/matuska_interface/environment/path.dsv
[0.726s] -- Up-to-date: /home/matus/ros2_ws/install/matuska_interface/share/matuska_interface/local_setup.bash
[0.726s] -- Up-to-date: /home/matus/ros2_ws/install/matuska_interface/share/matuska_interface/local_setup.sh
[0.726s] -- Up-to-date: /home/matus/ros2_ws/install/matuska_interface/share/matuska_interface/local_setup.zsh
[0.727s] -- Up-to-date: /home/matus/ros2_ws/install/matuska_interface/share/matuska_interface/local_setup.dsv
[0.727s] -- Installing: /home/matus/ros2_ws/install/matuska_interface/share/matuska_interface/package.dsv
[0.727s] -- Up-to-date: /home/matus/ros2_ws/install/matuska_interface/share/ament_index/resource_index/packages/matuska_interface
[0.727s] -- Up-to-date: /home/matus/ros2_ws/install/matuska_interface/share/matuska_interface/cmake/export_matuska_interface__rosidl_generator_cExport.cmake
[0.727s] -- Up-to-date: /home/matus/ros2_ws/install/matuska_interface/share/matuska_interface/cmake/export_matuska_interface__rosidl_generator_cExport-noconfig.cmake
[0.727s] -- Up-to-date: /home/matus/ros2_ws/install/matuska_interface/share/matuska_interface/cmake/export_matuska_interface__rosidl_typesupport_fastrtps_cExport.cmake
[0.727s] -- Up-to-date: /home/matus/ros2_ws/install/matuska_interface/share/matuska_interface/cmake/export_matuska_interface__rosidl_typesupport_fastrtps_cExport-noconfig.cmake
[0.727s] -- Up-to-date: /home/matus/ros2_ws/install/matuska_interface/share/matuska_interface/cmake/matuska_interface__rosidl_typesupport_introspection_cExport.cmake
[0.728s] -- Up-to-date: /home/matus/ros2_ws/install/matuska_interface/share/matuska_interface/cmake/matuska_interface__rosidl_typesupport_introspection_cExport-noconfig.cmake
[0.728s] -- Up-to-date: /home/matus/ros2_ws/install/matuska_interface/share/matuska_interface/cmake/matuska_interface__rosidl_typesupport_cExport.cmake
[0.728s] -- Up-to-date: /home/matus/ros2_ws/install/matuska_interface/share/matuska_interface/cmake/matuska_interface__rosidl_typesupport_cExport-noconfig.cmake
[0.728s] -- Up-to-date: /home/matus/ros2_ws/install/matuska_interface/share/matuska_interface/cmake/export_matuska_interface__rosidl_generator_cppExport.cmake
[0.728s] -- Up-to-date: /home/matus/ros2_ws/install/matuska_interface/share/matuska_interface/cmake/export_matuska_interface__rosidl_typesupport_fastrtps_cppExport.cmake
[0.728s] -- Up-to-date: /home/matus/ros2_ws/install/matuska_interface/share/matuska_interface/cmake/export_matuska_interface__rosidl_typesupport_fastrtps_cppExport-noconfig.cmake
[0.728s] -- Up-to-date: /home/matus/ros2_ws/install/matuska_interface/share/matuska_interface/cmake/matuska_interface__rosidl_typesupport_introspection_cppExport.cmake
[0.729s] -- Up-to-date: /home/matus/ros2_ws/install/matuska_interface/share/matuska_interface/cmake/matuska_interface__rosidl_typesupport_introspection_cppExport-noconfig.cmake
[0.729s] -- Up-to-date: /home/matus/ros2_ws/install/matuska_interface/share/matuska_interface/cmake/matuska_interface__rosidl_typesupport_cppExport.cmake
[0.729s] -- Up-to-date: /home/matus/ros2_ws/install/matuska_interface/share/matuska_interface/cmake/matuska_interface__rosidl_typesupport_cppExport-noconfig.cmake
[0.729s] -- Up-to-date: /home/matus/ros2_ws/install/matuska_interface/share/matuska_interface/cmake/export_matuska_interface__rosidl_generator_pyExport.cmake
[0.729s] -- Up-to-date: /home/matus/ros2_ws/install/matuska_interface/share/matuska_interface/cmake/export_matuska_interface__rosidl_generator_pyExport-noconfig.cmake
[0.729s] -- Up-to-date: /home/matus/ros2_ws/install/matuska_interface/share/matuska_interface/cmake/rosidl_cmake-extras.cmake
[0.729s] -- Up-to-date: /home/matus/ros2_ws/install/matuska_interface/share/matuska_interface/cmake/ament_cmake_export_dependencies-extras.cmake
[0.729s] -- Up-to-date: /home/matus/ros2_ws/install/matuska_interface/share/matuska_interface/cmake/ament_cmake_export_include_directories-extras.cmake
[0.730s] -- Up-to-date: /home/matus/ros2_ws/install/matuska_interface/share/matuska_interface/cmake/ament_cmake_export_libraries-extras.cmake
[0.730s] -- Up-to-date: /home/matus/ros2_ws/install/matuska_interface/share/matuska_interface/cmake/ament_cmake_export_targets-extras.cmake
[0.730s] -- Up-to-date: /home/matus/ros2_ws/install/matuska_interface/share/matuska_interface/cmake/rosidl_cmake_export_typesupport_targets-extras.cmake
[0.730s] -- Up-to-date: /home/matus/ros2_ws/install/matuska_interface/share/matuska_interface/cmake/rosidl_cmake_export_typesupport_libraries-extras.cmake
[0.730s] -- Up-to-date: /home/matus/ros2_ws/install/matuska_interface/share/matuska_interface/cmake/matuska_interfaceConfig.cmake
[0.730s] -- Up-to-date: /home/matus/ros2_ws/install/matuska_interface/share/matuska_interface/cmake/matuska_interfaceConfig-version.cmake
[0.730s] -- Up-to-date: /home/matus/ros2_ws/install/matuska_interface/share/matuska_interface/package.xml
[0.733s] Invoked command in '/home/matus/ros2_ws/build/matuska_interface' returned '0': CMAKE_PREFIX_PATH=${CMAKE_PREFIX_PATH}:/opt/ros/jazzy DEBUGINFOD_URLS=https://debuginfod.ubuntu.com /usr/bin/cmake --install /home/matus/ros2_ws/build/matuska_interface
