[0.015s] Invoking command in '/home/matus/ros2_ws/build/cviko1': CMAKE_PREFIX_PATH=${CMAKE_PREFIX_PATH}:/opt/ros/jazzy DEBUGINFOD_URLS=https://debuginfod.ubuntu.com /usr/bin/cmake /home/matus/ros2_ws/cviko1 -DCMAKE_INSTALL_PREFIX=/home/matus/ros2_ws/install/cviko1
[0.096s] -- The C compiler identification is GNU 13.2.0
[0.174s] -- The CXX compiler identification is GNU 13.2.0
[0.196s] -- Detecting C compiler ABI info
[0.306s] -- Detecting C compiler ABI info - done
[0.316s] -- Check for working C compiler: /usr/bin/cc - skipped
[0.316s] -- Detecting C compile features
[0.317s] -- Detecting C compile features - done
[0.329s] -- Detecting CXX compiler ABI info
[0.453s] -- Detecting CXX compiler ABI info - done
[0.464s] -- Check for working CXX compiler: /usr/bin/c++ - skipped
[0.464s] -- Detecting CXX compile features
[0.464s] -- Detecting CXX compile features - done
[0.469s] -- Found ament_cmake: 2.5.2 (/opt/ros/jazzy/share/ament_cmake/cmake)
[0.634s] -- Found Python3: /usr/bin/python3 (found version "3.12.3") found components: Interpreter 
[0.720s] -- Found rclcpp: 28.1.5 (/opt/ros/jazzy/share/rclcpp/cmake)
[0.753s] -- Found rosidl_generator_c: 4.6.4 (/opt/ros/jazzy/share/rosidl_generator_c/cmake)
[0.765s] -- Found rosidl_generator_cpp: 4.6.4 (/opt/ros/jazzy/share/rosidl_generator_cpp/cmake)
[0.779s] -- Using all available rosidl_typesupport_c: rosidl_typesupport_fastrtps_c;rosidl_typesupport_introspection_c
[0.794s] -- Using all available rosidl_typesupport_cpp: rosidl_typesupport_fastrtps_cpp;rosidl_typesupport_introspection_cpp
[0.861s] -- Found rmw_implementation_cmake: 7.3.1 (/opt/ros/jazzy/share/rmw_implementation_cmake/cmake)
[0.864s] -- Found rmw_fastrtps_cpp: 8.4.1 (/opt/ros/jazzy/share/rmw_fastrtps_cpp/cmake)
[0.941s] -- Found OpenSSL: /usr/lib/x86_64-linux-gnu/libcrypto.so (found version "3.0.13")  
[0.955s] -- Found FastRTPS: /opt/ros/jazzy/include (Required is at least version "2.13") 
[0.974s] -- Using RMW implementation 'rmw_fastrtps_cpp' as default
[1.035s] -- Found ament_lint_auto: 0.17.1 (/opt/ros/jazzy/share/ament_lint_auto/cmake)
[1.115s] -- Added test 'cppcheck' to perform static code analysis on C / C++ code
[1.115s] -- Configured cppcheck include dirs: $<BUILD_INTERFACE:/home/matus/ros2_ws/cviko1/include>
[1.115s] -- Configured cppcheck exclude dirs and/or files: 
[1.116s] -- Added test 'lint_cmake' to check CMake code style
[1.116s] -- Added test 'uncrustify' to check C / C++ code style
[1.116s] -- Configured uncrustify additional arguments: 
[1.117s] -- Added test 'xmllint' to check XML markup files
[1.118s] -- Configuring done (1.1s)
[1.126s] -- Generating done (0.0s)
[1.127s] -- Build files have been written to: /home/matus/ros2_ws/build/cviko1
[1.135s] Invoked command in '/home/matus/ros2_ws/build/cviko1' returned '0': CMAKE_PREFIX_PATH=${CMAKE_PREFIX_PATH}:/opt/ros/jazzy DEBUGINFOD_URLS=https://debuginfod.ubuntu.com /usr/bin/cmake /home/matus/ros2_ws/cviko1 -DCMAKE_INSTALL_PREFIX=/home/matus/ros2_ws/install/cviko1
[1.136s] Invoking command in '/home/matus/ros2_ws/build/cviko1': CMAKE_PREFIX_PATH=${CMAKE_PREFIX_PATH}:/opt/ros/jazzy DEBUGINFOD_URLS=https://debuginfod.ubuntu.com /usr/bin/cmake --build /home/matus/ros2_ws/build/cviko1 -- -j12 -l12
[1.183s] [ 50%] [32mBuilding CXX object CMakeFiles/cviko1_node.dir/src/cviko1_node.cpp.o[0m
[1.219s] [100%] [32m[1mLinking CXX executable cviko1_node[0m
[1.279s] [100%] Built target cviko1_node
[1.290s] Invoked command in '/home/matus/ros2_ws/build/cviko1' returned '0': CMAKE_PREFIX_PATH=${CMAKE_PREFIX_PATH}:/opt/ros/jazzy DEBUGINFOD_URLS=https://debuginfod.ubuntu.com /usr/bin/cmake --build /home/matus/ros2_ws/build/cviko1 -- -j12 -l12
[1.322s] Invoking command in '/home/matus/ros2_ws/build/cviko1': CMAKE_PREFIX_PATH=${CMAKE_PREFIX_PATH}:/opt/ros/jazzy DEBUGINFOD_URLS=https://debuginfod.ubuntu.com /usr/bin/cmake --install /home/matus/ros2_ws/build/cviko1
[1.328s] -- Install configuration: ""
[1.329s] -- Installing: /home/matus/ros2_ws/install/cviko1/lib/cviko1/cviko1_node
[1.329s] -- Set non-toolchain portion of runtime path of "/home/matus/ros2_ws/install/cviko1/lib/cviko1/cviko1_node" to ""
[1.329s] -- Installing: /home/matus/ros2_ws/install/cviko1/share/ament_index/resource_index/package_run_dependencies/cviko1
[1.329s] -- Installing: /home/matus/ros2_ws/install/cviko1/share/ament_index/resource_index/parent_prefix_path/cviko1
[1.329s] -- Installing: /home/matus/ros2_ws/install/cviko1/share/cviko1/environment/ament_prefix_path.sh
[1.329s] -- Installing: /home/matus/ros2_ws/install/cviko1/share/cviko1/environment/ament_prefix_path.dsv
[1.330s] -- Installing: /home/matus/ros2_ws/install/cviko1/share/cviko1/environment/path.sh
[1.330s] -- Installing: /home/matus/ros2_ws/install/cviko1/share/cviko1/environment/path.dsv
[1.330s] -- Installing: /home/matus/ros2_ws/install/cviko1/share/cviko1/local_setup.bash
[1.330s] -- Installing: /home/matus/ros2_ws/install/cviko1/share/cviko1/local_setup.sh
[1.330s] -- Installing: /home/matus/ros2_ws/install/cviko1/share/cviko1/local_setup.zsh
[1.330s] -- Installing: /home/matus/ros2_ws/install/cviko1/share/cviko1/local_setup.dsv
[1.330s] -- Installing: /home/matus/ros2_ws/install/cviko1/share/cviko1/package.dsv
[1.330s] -- Installing: /home/matus/ros2_ws/install/cviko1/share/ament_index/resource_index/packages/cviko1
[1.330s] -- Installing: /home/matus/ros2_ws/install/cviko1/share/cviko1/cmake/cviko1Config.cmake
[1.331s] -- Installing: /home/matus/ros2_ws/install/cviko1/share/cviko1/cmake/cviko1Config-version.cmake
[1.331s] -- Installing: /home/matus/ros2_ws/install/cviko1/share/cviko1/package.xml
[1.333s] Invoked command in '/home/matus/ros2_ws/build/cviko1' returned '0': CMAKE_PREFIX_PATH=${CMAKE_PREFIX_PATH}:/opt/ros/jazzy DEBUGINFOD_URLS=https://debuginfod.ubuntu.com /usr/bin/cmake --install /home/matus/ros2_ws/build/cviko1
