[0.014s] Invoking command in '/home/matus/ros2_ws/build/block1_matuska': CMAKE_PREFIX_PATH=/home/matus/ros2_ws/install/rrm_msgs:/home/matus/ros2_ws/install/matuska_interface:/home/matus/ros2_ws/install/rrm_simple_robot_model:/home/matus/ros2_ws/install/rrm_sim:/home/matus/ros2_ws/install/block1_matuska:/home/matus/ros2_ws/install/cviko1:/home/matus/ros2_ws/install/cv1:/home/matus/ros2_ws/src/install/rrm_simple_robot_model:/home/matus/ros2_ws/src/install/rrm_sim:/home/matus/ros2_ws/src/install/block1_matuska:/home/matus/ros2_ws/src/install/rrm_msgs:/home/matus/ros2_ws/src/install/matuska_interface:/opt/ros/jazzy/opt/gz_math_vendor:/opt/ros/jazzy/opt/gz_utils_vendor:/opt/ros/jazzy/opt/gz_cmake_vendor:/opt/ros/jazzy DEBUGINFOD_URLS=https://debuginfod.ubuntu.com /usr/bin/cmake --build /home/matus/ros2_ws/build/block1_matuska -- -j12 -l12
[0.077s] [ 50%] [32mBuilding CXX object CMakeFiles/logger_node.dir/src/logger_node.cpp.o[0m
[0.077s] [ 75%] Built target teleop_node
[2.151s] [01m[K/home/matus/ros2_ws/src/block1_matuska/src/logger_node.cpp:[m[K In member function ‘[01m[Kvoid JointLogger::[01;32m[Kteach_position_callback[m[K(std::shared_ptr<matuska_interface::srv::TeachPosition_Request_<std::allocator<void> > >, std::shared_ptr<matuska_interface::srv::TeachPosition_Response_<std::allocator<void> > >)[m[K’:
[2.151s] [01m[K/home/matus/ros2_ws/src/block1_matuska/src/logger_node.cpp:35:7:[m[K [01;35m[Kwarning: [m[Kunused variable ‘[01m[Kvelocity[m[K’ [[01;35m[K]8;;https://gcc.gnu.org/onlinedocs/gcc/Warning-Options.html#index-Wunused-variable-Wunused-variable]8;;[m[K]
[2.151s]    35 | float [01;35m[Kvelocity[m[K = request->velocity;
[2.151s]       |       [01;35m[K^~~~~~~~[m[K
[7.129s] [100%] [32m[1mLinking CXX executable logger_node[0m
[7.386s] [100%] Built target logger_node
[7.397s] Invoked command in '/home/matus/ros2_ws/build/block1_matuska' returned '0': CMAKE_PREFIX_PATH=/home/matus/ros2_ws/install/rrm_msgs:/home/matus/ros2_ws/install/matuska_interface:/home/matus/ros2_ws/install/rrm_simple_robot_model:/home/matus/ros2_ws/install/rrm_sim:/home/matus/ros2_ws/install/block1_matuska:/home/matus/ros2_ws/install/cviko1:/home/matus/ros2_ws/install/cv1:/home/matus/ros2_ws/src/install/rrm_simple_robot_model:/home/matus/ros2_ws/src/install/rrm_sim:/home/matus/ros2_ws/src/install/block1_matuska:/home/matus/ros2_ws/src/install/rrm_msgs:/home/matus/ros2_ws/src/install/matuska_interface:/opt/ros/jazzy/opt/gz_math_vendor:/opt/ros/jazzy/opt/gz_utils_vendor:/opt/ros/jazzy/opt/gz_cmake_vendor:/opt/ros/jazzy DEBUGINFOD_URLS=https://debuginfod.ubuntu.com /usr/bin/cmake --build /home/matus/ros2_ws/build/block1_matuska -- -j12 -l12
[7.429s] Invoking command in '/home/matus/ros2_ws/build/block1_matuska': CMAKE_PREFIX_PATH=/home/matus/ros2_ws/install/rrm_msgs:/home/matus/ros2_ws/install/matuska_interface:/home/matus/ros2_ws/install/rrm_simple_robot_model:/home/matus/ros2_ws/install/rrm_sim:/home/matus/ros2_ws/install/block1_matuska:/home/matus/ros2_ws/install/cviko1:/home/matus/ros2_ws/install/cv1:/home/matus/ros2_ws/src/install/rrm_simple_robot_model:/home/matus/ros2_ws/src/install/rrm_sim:/home/matus/ros2_ws/src/install/block1_matuska:/home/matus/ros2_ws/src/install/rrm_msgs:/home/matus/ros2_ws/src/install/matuska_interface:/opt/ros/jazzy/opt/gz_math_vendor:/opt/ros/jazzy/opt/gz_utils_vendor:/opt/ros/jazzy/opt/gz_cmake_vendor:/opt/ros/jazzy DEBUGINFOD_URLS=https://debuginfod.ubuntu.com /usr/bin/cmake --install /home/matus/ros2_ws/build/block1_matuska
[7.437s] -- Install configuration: ""
[7.438s] -- Up-to-date: /home/matus/ros2_ws/install/block1_matuska/lib/block1_matuska/teleop_node
[7.438s] -- Installing: /home/matus/ros2_ws/install/block1_matuska/lib/block1_matuska/logger_node
[7.443s] -- Set non-toolchain portion of runtime path of "/home/matus/ros2_ws/install/block1_matuska/lib/block1_matuska/logger_node" to ""
[7.443s] -- Up-to-date: /home/matus/ros2_ws/install/block1_matuska/share/ament_index/resource_index/package_run_dependencies/block1_matuska
[7.443s] -- Up-to-date: /home/matus/ros2_ws/install/block1_matuska/share/ament_index/resource_index/parent_prefix_path/block1_matuska
[7.443s] -- Up-to-date: /home/matus/ros2_ws/install/block1_matuska/share/block1_matuska/environment/ament_prefix_path.sh
[7.443s] -- Up-to-date: /home/matus/ros2_ws/install/block1_matuska/share/block1_matuska/environment/ament_prefix_path.dsv
[7.443s] -- Up-to-date: /home/matus/ros2_ws/install/block1_matuska/share/block1_matuska/environment/path.sh
[7.444s] -- Up-to-date: /home/matus/ros2_ws/install/block1_matuska/share/block1_matuska/environment/path.dsv
[7.444s] -- Up-to-date: /home/matus/ros2_ws/install/block1_matuska/share/block1_matuska/local_setup.bash
[7.444s] -- Up-to-date: /home/matus/ros2_ws/install/block1_matuska/share/block1_matuska/local_setup.sh
[7.444s] -- Up-to-date: /home/matus/ros2_ws/install/block1_matuska/share/block1_matuska/local_setup.zsh
[7.444s] -- Up-to-date: /home/matus/ros2_ws/install/block1_matuska/share/block1_matuska/local_setup.dsv
[7.444s] -- Installing: /home/matus/ros2_ws/install/block1_matuska/share/block1_matuska/package.dsv
[7.444s] -- Up-to-date: /home/matus/ros2_ws/install/block1_matuska/share/ament_index/resource_index/packages/block1_matuska
[7.444s] -- Up-to-date: /home/matus/ros2_ws/install/block1_matuska/share/block1_matuska/cmake/block1_matuskaConfig.cmake
[7.444s] -- Up-to-date: /home/matus/ros2_ws/install/block1_matuska/share/block1_matuska/cmake/block1_matuskaConfig-version.cmake
[7.444s] -- Up-to-date: /home/matus/ros2_ws/install/block1_matuska/share/block1_matuska/package.xml
[7.445s] Invoked command in '/home/matus/ros2_ws/build/block1_matuska' returned '0': CMAKE_PREFIX_PATH=/home/matus/ros2_ws/install/rrm_msgs:/home/matus/ros2_ws/install/matuska_interface:/home/matus/ros2_ws/install/rrm_simple_robot_model:/home/matus/ros2_ws/install/rrm_sim:/home/matus/ros2_ws/install/block1_matuska:/home/matus/ros2_ws/install/cviko1:/home/matus/ros2_ws/install/cv1:/home/matus/ros2_ws/src/install/rrm_simple_robot_model:/home/matus/ros2_ws/src/install/rrm_sim:/home/matus/ros2_ws/src/install/block1_matuska:/home/matus/ros2_ws/src/install/rrm_msgs:/home/matus/ros2_ws/src/install/matuska_interface:/opt/ros/jazzy/opt/gz_math_vendor:/opt/ros/jazzy/opt/gz_utils_vendor:/opt/ros/jazzy/opt/gz_cmake_vendor:/opt/ros/jazzy DEBUGINFOD_URLS=https://debuginfod.ubuntu.com /usr/bin/cmake --install /home/matus/ros2_ws/build/block1_matuska
