[0.012s] Invoking command in '/home/matus/ros2_ws/build/block1_matuska': CMAKE_PREFIX_PATH=/home/matus/ros2_ws/install/rrm_msgs:/home/matus/ros2_ws/install/matuska_interface:/home/matus/ros2_ws/install/rrm_simple_robot_model:/home/matus/ros2_ws/install/rrm_sim:/home/matus/ros2_ws/install/block1_matuska:/home/matus/ros2_ws/install/cviko1:/home/matus/ros2_ws/install/cv1:/home/matus/ros2_ws/src/install/rrm_simple_robot_model:/home/matus/ros2_ws/src/install/rrm_sim:/home/matus/ros2_ws/src/install/block1_matuska:/home/matus/ros2_ws/src/install/rrm_msgs:/home/matus/ros2_ws/src/install/matuska_interface:/opt/ros/jazzy/opt/gz_math_vendor:/opt/ros/jazzy/opt/gz_utils_vendor:/opt/ros/jazzy/opt/gz_cmake_vendor:/opt/ros/jazzy DEBUGINFOD_URLS=https://debuginfod.ubuntu.com /usr/bin/cmake --build /home/matus/ros2_ws/build/block1_matuska -- -j12 -l12
[0.034s] -- Found ament_cmake: 2.5.2 (/opt/ros/jazzy/share/ament_cmake/cmake)
[0.204s] -- Found rclcpp: 28.1.5 (/opt/ros/jazzy/share/rclcpp/cmake)
[0.225s] -- Found rosidl_generator_c: 4.6.4 (/opt/ros/jazzy/share/rosidl_generator_c/cmake)
[0.232s] -- Found rosidl_generator_cpp: 4.6.4 (/opt/ros/jazzy/share/rosidl_generator_cpp/cmake)
[0.241s] -- Using all available rosidl_typesupport_c: rosidl_typesupport_fastrtps_c;rosidl_typesupport_introspection_c
[0.251s] -- Using all available rosidl_typesupport_cpp: rosidl_typesupport_fastrtps_cpp;rosidl_typesupport_introspection_cpp
[0.301s] -- Found rmw_implementation_cmake: 7.3.1 (/opt/ros/jazzy/share/rmw_implementation_cmake/cmake)
[0.302s] -- Found rmw_fastrtps_cpp: 8.4.1 (/opt/ros/jazzy/share/rmw_fastrtps_cpp/cmake)
[0.356s] -- Using RMW implementation 'rmw_fastrtps_cpp' as default
[0.406s] -- Found rrm_msgs: 0.0.0 (/home/matus/ros2_ws/install/rrm_msgs/share/rrm_msgs/cmake)
[0.417s] -- Found sensor_msgs: 5.3.5 (/opt/ros/jazzy/share/sensor_msgs/cmake)
[0.464s] -- Found matuska_interface: 0.0.0 (/home/matus/ros2_ws/install/matuska_interface/share/matuska_interface/cmake)
[0.478s] -- Found ament_lint_auto: 0.17.1 (/opt/ros/jazzy/share/ament_lint_auto/cmake)
[0.549s] -- Added test 'cppcheck' to perform static code analysis on C / C++ code
[0.549s] -- Configured cppcheck include dirs: $<BUILD_INTERFACE:/home/matus/ros2_ws/src/block1_matuska/include>
[0.549s] -- Configured cppcheck exclude dirs and/or files: 
[0.550s] -- Added test 'lint_cmake' to check CMake code style
[0.550s] -- Added test 'uncrustify' to check C / C++ code style
[0.550s] -- Configured uncrustify additional arguments: 
[0.551s] -- Added test 'xmllint' to check XML markup files
[0.551s] -- Configuring done (0.5s)
[0.565s] -- Generating done (0.0s)
[0.567s] -- Build files have been written to: /home/matus/ros2_ws/build/block1_matuska
[0.609s] [ 50%] [32mBuilding CXX object CMakeFiles/logger_node.dir/src/logger_node.cpp.o[0m
[0.610s] [ 50%] [32mBuilding CXX object CMakeFiles/teleop_node.dir/src/teleop_node.cpp.o[0m
[2.618s] In file included from [01m[K/home/matus/ros2_ws/src/block1_matuska/src/logger_node.cpp:2[m[K:
[2.618s] [01m[K/home/matus/ros2_ws/src/block1_matuska/include/logger_node.hpp:10:60:[m[K [01;31m[Kerror: [m[K‘[01m[Kmatuska_interface[m[K’ was not declared in this scope
[2.618s]    10 |         void teach_position_callback(const std::shared_ptr<[01;31m[Kmatuska_interface[m[K::srv::TeachPosition::Request> request,
[2.618s]       |                                                            [01;31m[K^~~~~~~~~~~~~~~~~[m[K
[2.618s] [01m[K/home/matus/ros2_ws/src/block1_matuska/include/logger_node.hpp:10:106:[m[K [01;31m[Kerror: [m[Ktemplate argument 1 is invalid
[2.619s]    10 |         void teach_position_callback(const std::shared_ptr<matuska_interface::srv::TeachPosition::Request[01;31m[K>[m[K request,
[2.619s]       |                                                                                                          [01;31m[K^[m[K
[2.625s] [01m[K/home/matus/ros2_ws/src/block1_matuska/include/logger_node.hpp:10:60:[m[K [01;31m[Kerror: [m[K‘[01m[Kmatuska_interface[m[K’ was not declared in this scope
[2.626s]    10 |         void teach_position_callback(const std::shared_ptr<[01;31m[Kmatuska_interface[m[K::srv::TeachPosition::Request> request,
[2.626s]       |                                                            [01;31m[K^~~~~~~~~~~~~~~~~[m[K
[2.626s] [01m[K/home/matus/ros2_ws/src/block1_matuska/include/logger_node.hpp:10:106:[m[K [01;31m[Kerror: [m[Ktemplate argument 1 is invalid
[2.626s]    10 |         void teach_position_callback(const std::shared_ptr<matuska_interface::srv::TeachPosition::Request[01;31m[K>[m[K request,
[2.626s]       |                                                                                                          [01;31m[K^[m[K
[2.633s] [01m[K/home/matus/ros2_ws/src/block1_matuska/include/logger_node.hpp:10:60:[m[K [01;31m[Kerror: [m[K‘[01m[Kmatuska_interface[m[K’ was not declared in this scope
[2.633s]    10 |         void teach_position_callback(const std::shared_ptr<[01;31m[Kmatuska_interface[m[K::srv::TeachPosition::Request> request,
[2.633s]       |                                                            [01;31m[K^~~~~~~~~~~~~~~~~[m[K
[2.633s] [01m[K/home/matus/ros2_ws/src/block1_matuska/include/logger_node.hpp:10:106:[m[K [01;31m[Kerror: [m[Ktemplate argument 1 is invalid
[2.633s]    10 |         void teach_position_callback(const std::shared_ptr<matuska_interface::srv::TeachPosition::Request[01;31m[K>[m[K request,
[2.634s]       |                                                                                                          [01;31m[K^[m[K
[2.634s] [01m[K/home/matus/ros2_ws/src/block1_matuska/include/logger_node.hpp:10:44:[m[K [01;31m[Kerror: [m[Kinvalid template-id
[2.634s]    10 |         void teach_position_callback(const [01;31m[Kstd[m[K::shared_ptr<matuska_interface::srv::TeachPosition::Request> request,
[2.634s]       |                                            [01;31m[K^~~[m[K
[2.634s] [01m[K/home/matus/ros2_ws/src/block1_matuska/include/logger_node.hpp:10:60:[m[K [01;31m[Kerror: [m[K‘[01m[Kmatuska_interface[m[K’ has not been declared
[2.634s]    10 |         void teach_position_callback(const std::shared_ptr<[01;31m[Kmatuska_interface[m[K::srv::TeachPosition::Request> request,
[2.634s]       |                                                            [01;31m[K^~~~~~~~~~~~~~~~~[m[K
[2.634s] [01m[K/home/matus/ros2_ws/src/block1_matuska/include/logger_node.hpp:10:38:[m[K [01;31m[Kerror: [m[Kmissing template argument list after ‘[01m[Kstd::shared_ptr[m[K’; template placeholder not permitted in parameter
[2.634s]    10 |         void teach_position_callback([01;31m[Kconst[m[K std::shared_ptr<matuska_interface::srv::TeachPosition::Request> request,
[2.634s]       |                                      [01;31m[K^~~~~[m[K
[2.634s]       |                                           [32m[K<>[m[K
[2.634s] In file included from [01m[K/usr/include/c++/13/bits/shared_ptr.h:53[m[K,
[2.634s]                  from [01m[K/usr/include/c++/13/memory:80[m[K,
[2.634s]                  from [01m[K/opt/ros/jazzy/include/rclcpp/rclcpp/rclcpp.hpp:169[m[K,
[2.634s]                  from [01m[K/home/matus/ros2_ws/src/block1_matuska/src/logger_node.cpp:1[m[K:
[2.634s] [01m[K/usr/include/c++/13/bits/shared_ptr_base.h:395:11:[m[K [01;36m[Knote: [m[K‘[01m[Ktemplate<class _Tp> class std::shared_ptr[m[K’ declared here
[2.634s]   395 |     class [01;36m[Kshared_ptr[m[K;
[2.634s]       |           [01;36m[K^~~~~~~~~~[m[K
[2.640s] [01m[K/home/matus/ros2_ws/src/block1_matuska/include/logger_node.hpp:11:57:[m[K [01;31m[Kerror: [m[K‘[01m[Kmatuska_interface[m[K’ was not declared in this scope
[2.641s]    11 |                                         std::shared_ptr<[01;31m[Kmatuska_interface[m[K::srv::TeachPosition::Response> response);
[2.641s]       |                                                         [01;31m[K^~~~~~~~~~~~~~~~~[m[K
[2.641s] [01m[K/home/matus/ros2_ws/src/block1_matuska/include/logger_node.hpp:11:104:[m[K [01;31m[Kerror: [m[Ktemplate argument 1 is invalid
[2.641s]    11 |                                         std::shared_ptr<matuska_interface::srv::TeachPosition::Response[01;31m[K>[m[K response);
[2.641s]       |                                                                                                        [01;31m[K^[m[K
[2.648s] [01m[K/home/matus/ros2_ws/src/block1_matuska/include/logger_node.hpp:11:57:[m[K [01;31m[Kerror: [m[K‘[01m[Kmatuska_interface[m[K’ was not declared in this scope
[2.648s]    11 |                                         std::shared_ptr<[01;31m[Kmatuska_interface[m[K::srv::TeachPosition::Response> response);
[2.648s]       |                                                         [01;31m[K^~~~~~~~~~~~~~~~~[m[K
[2.648s] [01m[K/home/matus/ros2_ws/src/block1_matuska/include/logger_node.hpp:11:104:[m[K [01;31m[Kerror: [m[Ktemplate argument 1 is invalid
[2.648s]    11 |                                         std::shared_ptr<matuska_interface::srv::TeachPosition::Response[01;31m[K>[m[K response);
[2.648s]       |                                                                                                        [01;31m[K^[m[K
[2.656s] [01m[K/home/matus/ros2_ws/src/block1_matuska/include/logger_node.hpp:11:57:[m[K [01;31m[Kerror: [m[K‘[01m[Kmatuska_interface[m[K’ was not declared in this scope
[2.656s]    11 |                                         std::shared_ptr<[01;31m[Kmatuska_interface[m[K::srv::TeachPosition::Response> response);
[2.656s]       |                                                         [01;31m[K^~~~~~~~~~~~~~~~~[m[K
[2.656s] [01m[K/home/matus/ros2_ws/src/block1_matuska/include/logger_node.hpp:11:104:[m[K [01;31m[Kerror: [m[Ktemplate argument 1 is invalid
[2.656s]    11 |                                         std::shared_ptr<matuska_interface::srv::TeachPosition::Response[01;31m[K>[m[K response);
[2.656s]       |                                                                                                        [01;31m[K^[m[K
[2.656s] [01m[K/home/matus/ros2_ws/src/block1_matuska/include/logger_node.hpp:11:41:[m[K [01;31m[Kerror: [m[Kinvalid template-id
[2.656s]    11 |                                         [01;31m[Kstd[m[K::shared_ptr<matuska_interface::srv::TeachPosition::Response> response);
[2.656s]       |                                         [01;31m[K^~~[m[K
[2.657s] [01m[K/home/matus/ros2_ws/src/block1_matuska/include/logger_node.hpp:11:57:[m[K [01;31m[Kerror: [m[K‘[01m[Kmatuska_interface[m[K’ has not been declared
[2.657s]    11 |                                         std::shared_ptr<[01;31m[Kmatuska_interface[m[K::srv::TeachPosition::Response> response);
[2.657s]       |                                                         [01;31m[K^~~~~~~~~~~~~~~~~[m[K
[2.657s] [01m[K/home/matus/ros2_ws/src/block1_matuska/include/logger_node.hpp:11:41:[m[K [01;31m[Kerror: [m[Kmissing template argument list after ‘[01m[Kstd::shared_ptr[m[K’; template placeholder not permitted in parameter
[2.657s]    11 |                                         [01;31m[Kstd[m[K::shared_ptr<matuska_interface::srv::TeachPosition::Response> response);
[2.657s]       |                                         [01;31m[K^~~[m[K
[2.657s]       |                                            [32m[K<>[m[K
[2.657s] [01m[K/usr/include/c++/13/bits/shared_ptr_base.h:395:11:[m[K [01;36m[Knote: [m[K‘[01m[Ktemplate<class _Tp> class std::shared_ptr[m[K’ declared here
[2.657s]   395 |     class [01;36m[Kshared_ptr[m[K;
[2.657s]       |           [01;36m[K^~~~~~~~~~[m[K
[2.657s] [01m[K/home/matus/ros2_ws/src/block1_matuska/include/logger_node.hpp:14:9:[m[K [01;31m[Kerror: [m[K‘[01m[Krclcpp[m[K’ does not name a type
[2.657s]    14 |         [01;31m[Krclcpp[m[K:Subscription<sensor_msgs::msg::JointState>::SharedPtr subscribtion_;
[2.657s]       |         [01;31m[K^~~~~~[m[K
[2.664s] [01m[K/home/matus/ros2_ws/src/block1_matuska/include/logger_node.hpp:15:25:[m[K [01;31m[Kerror: [m[K‘[01m[Kmatuska_interface[m[K’ was not declared in this scope
[2.664s]    15 |         rclcpp::Service<[01;31m[Kmatuska_interface[m[K::srv::TeachPosition>::SharedPtr service_;
[2.664s]       |                         [01;31m[K^~~~~~~~~~~~~~~~~[m[K
[2.665s] [01m[K/home/matus/ros2_ws/src/block1_matuska/include/logger_node.hpp:15:62:[m[K [01;31m[Kerror: [m[Ktemplate argument 1 is invalid
[2.665s]    15 |         rclcpp::Service<matuska_interface::srv::TeachPosition[01;31m[K>[m[K::SharedPtr service_;
[2.665s]       |                                                              [01;31m[K^[m[K
[2.665s] [01m[K/home/matus/ros2_ws/src/block1_matuska/include/logger_node.hpp:15:65:[m[K [01;31m[Kerror: [m[Kexpected ‘[01m[K;[m[K’ at end of member declaration
[2.665s]    15 |         rclcpp::Service<matuska_interface::srv::TeachPosition>::[01;31m[KSharedPtr[m[K service_;
[2.665s]       |                                                                 [01;31m[K^~~~~~~~~[m[K
[2.665s]       |                                                                          [32m[K;[m[K
[2.665s] [01m[K/home/matus/ros2_ws/src/block1_matuska/include/logger_node.hpp:15:75:[m[K [01;31m[Kerror: [m[K‘[01m[Kservice_[m[K’ does not name a type
[2.665s]    15 |         rclcpp::Service<matuska_interface::srv::TeachPosition>::SharedPtr [01;31m[Kservice_[m[K;
[2.665s]       |                                                                           [01;31m[K^~~~~~~~[m[K
[2.693s] [01m[K/home/matus/ros2_ws/src/block1_matuska/src/logger_node.cpp:[m[K In constructor ‘[01m[KJointLogger::[01;32m[KJointLogger[m[K()[m[K’:
[2.693s] [01m[K/home/matus/ros2_ws/src/block1_matuska/src/logger_node.cpp:9:5:[m[K [01;31m[Kerror: [m[K‘[01m[Ksubscription_[m[K’ was not declared in this scope; did you mean ‘[01m[Krmw_subscription_t[m[K’?
[2.694s]     9 |     [01;31m[Ksubscription_[m[K = this->create_subscription<sensor_msgs::msg::JointState>(
[2.694s]       |     [01;31m[K^~~~~~~~~~~~~[m[K
[2.694s]       |     [32m[Krmw_subscription_t[m[K
[2.727s] [01m[K/home/matus/ros2_ws/src/block1_matuska/src/logger_node.cpp:12:5:[m[K [01;31m[Kerror: [m[K‘[01m[Kservice_[m[K’ was not declared in this scope; did you mean ‘[01m[Kservice_msgs[m[K’?
[2.727s]    12 |     [01;31m[Kservice_[m[K = this->create_service<matuska_interface::srv::TeachPosition>("TeachPosition",
[2.727s]       |     [01;31m[K^~~~~~~~[m[K
[2.727s]       |     [32m[Kservice_msgs[m[K
[2.744s] [01m[K/home/matus/ros2_ws/src/block1_matuska/src/logger_node.cpp:[m[K At global scope:
[2.744s] [01m[K/home/matus/ros2_ws/src/block1_matuska/src/logger_node.cpp:32:6:[m[K [01;31m[Kerror: [m[Kno declaration matches ‘[01m[Kvoid JointLogger::[01;32m[Kteach_position_callback[m[K(std::shared_ptr<matuska_interface::srv::TeachPosition_Request_<std::allocator<void> > >, std::shared_ptr<matuska_interface::srv::TeachPosition_Response_<std::allocator<void> > >)[m[K’
[2.744s]    32 | void [01;31m[KJointLogger[m[K::teach_position_callback(const std::shared_ptr<matuska_interface::srv::TeachPosition::Request>request, std::shared_ptr<matuska_interface::srv::TeachPosition::Response> response)
[2.744s]       |      [01;31m[K^~~~~~~~~~~[m[K
[2.744s] [01m[K/home/matus/ros2_ws/src/block1_matuska/include/logger_node.hpp:10:14:[m[K [01;36m[Knote: [m[Kcandidate is: ‘[01m[Kvoid JointLogger::[01;32m[Kteach_position_callback[m[K(...)[m[K’
[2.744s]    10 |         void [01;36m[Kteach_position_callback[m[K(const std::shared_ptr<matuska_interface::srv::TeachPosition::Request> request,
[2.744s]       |              [01;36m[K^~~~~~~~~~~~~~~~~~~~~~~[m[K
[2.744s] [01m[K/home/matus/ros2_ws/src/block1_matuska/include/logger_node.hpp:4:7:[m[K [01;36m[Knote: [m[K‘[01m[Kclass JointLogger[m[K’ defined here
[2.745s]     4 | class [01;36m[KJointLogger[m[K : public rclcpp::Node
[2.745s]       |       [01;36m[K^~~~~~~~~~~[m[K
[3.176s] In file included from [01m[K/opt/ros/jazzy/include/rclcpp/rclcpp/client.hpp:42[m[K,
[3.176s]                  from [01m[K/opt/ros/jazzy/include/rclcpp/rclcpp/callback_group.hpp:24[m[K,
[3.176s]                  from [01m[K/opt/ros/jazzy/include/rclcpp/rclcpp/any_executable.hpp:20[m[K,
[3.176s]                  from [01m[K/opt/ros/jazzy/include/rclcpp/rclcpp/memory_strategy.hpp:25[m[K,
[3.177s]                  from [01m[K/opt/ros/jazzy/include/rclcpp/rclcpp/memory_strategies.hpp:18[m[K,
[3.177s]                  from [01m[K/opt/ros/jazzy/include/rclcpp/rclcpp/executor_options.hpp:22[m[K,
[3.177s]                  from [01m[K/opt/ros/jazzy/include/rclcpp/rclcpp/executor.hpp:38[m[K,
[3.177s]                  from [01m[K/opt/ros/jazzy/include/rclcpp/rclcpp/executors/multi_threaded_executor.hpp:25[m[K,
[3.177s]                  from [01m[K/opt/ros/jazzy/include/rclcpp/rclcpp/executors.hpp:21[m[K,
[3.177s]                  from [01m[K/opt/ros/jazzy/include/rclcpp/rclcpp/rclcpp.hpp:172[m[K:
[3.177s] /opt/ros/jazzy/include/rclcpp/rclcpp/function_traits.hpp: In instantiation of ‘[01m[Kstruct rclcpp::function_traits::function_traits<std::_Bind<void (JointLogger::*(JointLogger*, std::_Placeholder<1>, std::_Placeholder<2>))(...)> >[m[K’:
[3.177s] [01m[K/opt/ros/jazzy/include/rclcpp/rclcpp/function_traits.hpp:165:8:[m[K   required from ‘[01m[Kstruct rclcpp::function_traits::same_arguments<std::_Bind<void (JointLogger::*(JointLogger*, std::_Placeholder<1>, std::_Placeholder<2>))(...)>, std::function<void(std::shared_ptr<matuska_interface::srv::TeachPosition_Request_<std::allocator<void> > >, std::shared_ptr<matuska_interface::srv::TeachPosition_Response_<std::allocator<void> > >)> >[m[K’
[3.177s] [01m[K/opt/ros/jazzy/include/rclcpp/rclcpp/any_service_callback.hpp:76:10:[m[K   required from ‘[01m[Kvoid rclcpp::AnyServiceCallback<ServiceT>::[01;32m[Kset[m[K(CallbackT&&) [35m[K[with CallbackT = std::_Bind<void (JointLogger::*(JointLogger*, std::_Placeholder<1>, std::_Placeholder<2>))(...)>; typename std::enable_if<(! rclcpp::detail::can_be_nullptr<CallbackT>::value), int>::type <anonymous> = 0; ServiceT = matuska_interface::srv::TeachPosition][m[K[m[K’
[3.177s] [01m[K/opt/ros/jazzy/include/rclcpp/rclcpp/create_service.hpp:69:27:[m[K   required from ‘[01m[Ktypename rclcpp::Service<ServiceT>::SharedPtr rclcpp::[01;32m[Kcreate_service[m[K(std::shared_ptr<node_interfaces::NodeBaseInterface>, std::shared_ptr<node_interfaces::NodeServicesInterface>, const std::string&, CallbackT&&, const rmw_qos_profile_t&, CallbackGroup::SharedPtr) [35m[K[with ServiceT = matuska_interface::srv::TeachPosition; CallbackT = std::_Bind<void (JointLogger::*(JointLogger*, std::_Placeholder<1>, std::_Placeholder<2>))(...)>; typename Service<ServiceT>::SharedPtr = std::shared_ptr<Service<matuska_interface::srv::TeachPosition> >; std::string = std::__cxx11::basic_string<char>; rmw_qos_profile_t = rmw_qos_profile_s; CallbackGroup::SharedPtr = std::shared_ptr<CallbackGroup>][m[K[m[K’
[3.177s] [01m[K/opt/ros/jazzy/include/rclcpp/rclcpp/create_service.hpp:51:45:[m[K   required from ‘[01m[Ktypename rclcpp::Service<ServiceT>::SharedPtr rclcpp::[01;32m[Kcreate_service[m[K(std::shared_ptr<node_interfaces::NodeBaseInterface>, std::shared_ptr<node_interfaces::NodeServicesInterface>, const std::string&, CallbackT&&, const QoS&, CallbackGroup::SharedPtr) [35m[K[with ServiceT = matuska_interface::srv::TeachPosition; CallbackT = std::_Bind<void (JointLogger::*(JointLogger*, std::_Placeholder<1>, std::_Placeholder<2>))(...)>; typename Service<ServiceT>::SharedPtr = std::shared_ptr<Service<matuska_interface::srv::TeachPosition> >; std::string = std::__cxx11::basic_string<char>; CallbackGroup::SharedPtr = std::shared_ptr<CallbackGroup>][m[K[m[K’
[3.177s] [01m[K/opt/ros/jazzy/include/rclcpp/rclcpp/node_impl.hpp:181:53:[m[K   required from ‘[01m[Ktypename rclcpp::Service<ServiceT>::SharedPtr rclcpp::Node::[01;32m[Kcreate_service[m[K(const std::string&, CallbackT&&, const rclcpp::QoS&, rclcpp::CallbackGroup::SharedPtr) [35m[K[with ServiceT = matuska_interface::srv::TeachPosition; CallbackT = std::_Bind<void (JointLogger::*(JointLogger*, std::_Placeholder<1>, std::_Placeholder<2>))(...)>; typename rclcpp::Service<ServiceT>::SharedPtr = std::shared_ptr<rclcpp::Service<matuska_interface::srv::TeachPosition> >; std::string = std::__cxx11::basic_string<char>; rclcpp::CallbackGroup::SharedPtr = std::shared_ptr<rclcpp::CallbackGroup>][m[K[m[K’
[3.177s] [01m[K/home/matus/ros2_ws/src/block1_matuska/src/logger_node.cpp:12:75:[m[K   required from here
[3.177s] [01m[K/opt/ros/jazzy/include/rclcpp/rclcpp/function_traits.hpp:51:9:[m[K [01;31m[Kerror: [m[K‘[01m[Kdecltype[m[K’ cannot resolve address of overloaded function
[3.177s]    51 |   using [01;31m[Karguments[m[K = typename tuple_tail<
[3.178s]       |         [01;31m[K^~~~~~~~~[m[K
[3.178s] [01m[K/opt/ros/jazzy/include/rclcpp/rclcpp/function_traits.hpp:57:9:[m[K [01;31m[Kerror: [m[K‘[01m[Kdecltype[m[K’ cannot resolve address of overloaded function
[3.178s]    57 |   using [01;31m[Kargument_type[m[K = typename std::tuple_element<N, arguments>::type;
[3.178s]       |         [01;31m[K^~~~~~~~~~~~~[m[K
[3.178s] [01m[K/opt/ros/jazzy/include/rclcpp/rclcpp/function_traits.hpp:59:9:[m[K [01;31m[Kerror: [m[K‘[01m[Kdecltype[m[K’ cannot resolve address of overloaded function
[3.178s]    59 |   using [01;31m[Kreturn_type[m[K = typename function_traits<decltype( &FunctionT::operator())>::return_type;
[3.178s]       |         [01;31m[K^~~~~~~~~~~[m[K
[3.178s] In file included from [01m[K/opt/ros/jazzy/include/rclcpp/rclcpp/service.hpp:37[m[K,
[3.178s]                  from [01m[K/opt/ros/jazzy/include/rclcpp/rclcpp/callback_group.hpp:28[m[K:
[3.178s] /opt/ros/jazzy/include/rclcpp/rclcpp/any_service_callback.hpp: In instantiation of ‘[01m[Kvoid rclcpp::AnyServiceCallback<ServiceT>::[01;32m[Kset[m[K(CallbackT&&) [35m[K[with CallbackT = std::_Bind<void (JointLogger::*(JointLogger*, std::_Placeholder<1>, std::_Placeholder<2>))(...)>; typename std::enable_if<(! rclcpp::detail::can_be_nullptr<CallbackT>::value), int>::type <anonymous> = 0; ServiceT = matuska_interface::srv::TeachPosition][m[K[m[K’:
[3.178s] [01m[K/opt/ros/jazzy/include/rclcpp/rclcpp/create_service.hpp:69:27:[m[K   required from ‘[01m[Ktypename rclcpp::Service<ServiceT>::SharedPtr rclcpp::[01;32m[Kcreate_service[m[K(std::shared_ptr<node_interfaces::NodeBaseInterface>, std::shared_ptr<node_interfaces::NodeServicesInterface>, const std::string&, CallbackT&&, const rmw_qos_profile_t&, CallbackGroup::SharedPtr) [35m[K[with ServiceT = matuska_interface::srv::TeachPosition; CallbackT = std::_Bind<void (JointLogger::*(JointLogger*, std::_Placeholder<1>, std::_Placeholder<2>))(...)>; typename Service<ServiceT>::SharedPtr = std::shared_ptr<Service<matuska_interface::srv::TeachPosition> >; std::string = std::__cxx11::basic_string<char>; rmw_qos_profile_t = rmw_qos_profile_s; CallbackGroup::SharedPtr = std::shared_ptr<CallbackGroup>][m[K[m[K’
[3.178s] [01m[K/opt/ros/jazzy/include/rclcpp/rclcpp/create_service.hpp:51:45:[m[K   required from ‘[01m[Ktypename rclcpp::Service<ServiceT>::SharedPtr rclcpp::[01;32m[Kcreate_service[m[K(std::shared_ptr<node_interfaces::NodeBaseInterface>, std::shared_ptr<node_interfaces::NodeServicesInterface>, const std::string&, CallbackT&&, const QoS&, CallbackGroup::SharedPtr) [35m[K[with ServiceT = matuska_interface::srv::TeachPosition; CallbackT = std::_Bind<void (JointLogger::*(JointLogger*, std::_Placeholder<1>, std::_Placeholder<2>))(...)>; typename Service<ServiceT>::SharedPtr = std::shared_ptr<Service<matuska_interface::srv::TeachPosition> >; std::string = std::__cxx11::basic_string<char>; CallbackGroup::SharedPtr = std::shared_ptr<CallbackGroup>][m[K[m[K’
[3.178s] [01m[K/opt/ros/jazzy/include/rclcpp/rclcpp/node_impl.hpp:181:53:[m[K   required from ‘[01m[Ktypename rclcpp::Service<ServiceT>::SharedPtr rclcpp::Node::[01;32m[Kcreate_service[m[K(const std::string&, CallbackT&&, const rclcpp::QoS&, rclcpp::CallbackGroup::SharedPtr) [35m[K[with ServiceT = matuska_interface::srv::TeachPosition; CallbackT = std::_Bind<void (JointLogger::*(JointLogger*, std::_Placeholder<1>, std::_Placeholder<2>))(...)>; typename rclcpp::Service<ServiceT>::SharedPtr = std::shared_ptr<rclcpp::Service<matuska_interface::srv::TeachPosition> >; std::string = std::__cxx11::basic_string<char>; rclcpp::CallbackGroup::SharedPtr = std::shared_ptr<rclcpp::CallbackGroup>][m[K[m[K’
[3.178s] [01m[K/home/matus/ros2_ws/src/block1_matuska/src/logger_node.cpp:12:75:[m[K   required from here
[3.178s] [01m[K/opt/ros/jazzy/include/rclcpp/rclcpp/any_service_callback.hpp:76:10:[m[K [01;31m[Kerror: [m[K‘[01m[Kvalue[m[K’ is not a member of ‘[01m[Krclcpp::function_traits::same_arguments<std::_Bind<void (JointLogger::*(JointLogger*, std::_Placeholder<1>, std::_Placeholder<2>))(...)>, std::function<void(std::shared_ptr<matuska_interface::srv::TeachPosition_Request_<std::allocator<void> > >, std::shared_ptr<matuska_interface::srv::TeachPosition_Response_<std::allocator<void> > >)> >[m[K’
[3.178s]    76 |       >::[01;31m[Kvalue[m[K)
[3.178s]       |          [01;31m[K^~~~~[m[K
[3.181s] [01m[K/opt/ros/jazzy/include/rclcpp/rclcpp/any_service_callback.hpp:83:10:[m[K [01;31m[Kerror: [m[K‘[01m[Kvalue[m[K’ is not a member of ‘[01m[Krclcpp::function_traits::same_arguments<std::_Bind<void (JointLogger::*(JointLogger*, std::_Placeholder<1>, std::_Placeholder<2>))(...)>, std::function<void(std::shared_ptr<rmw_request_id_s>, std::shared_ptr<matuska_interface::srv::TeachPosition_Request_<std::allocator<void> > >, std::shared_ptr<matuska_interface::srv::TeachPosition_Response_<std::allocator<void> > >)> >[m[K’
[3.181s]    83 |       >::[01;31m[Kvalue[m[K)
[3.181s]       |          [01;31m[K^~~~~[m[K
[3.182s] [01m[K/opt/ros/jazzy/include/rclcpp/rclcpp/any_service_callback.hpp:90:10:[m[K [01;31m[Kerror: [m[K‘[01m[Kvalue[m[K’ is not a member of ‘[01m[Krclcpp::function_traits::same_arguments<std::_Bind<void (JointLogger::*(JointLogger*, std::_Placeholder<1>, std::_Placeholder<2>))(...)>, std::function<void(std::shared_ptr<rmw_request_id_s>, std::shared_ptr<matuska_interface::srv::TeachPosition_Request_<std::allocator<void> > >)> >[m[K’
[3.183s]    90 |       >::[01;31m[Kvalue[m[K)
[3.183s]       |          [01;31m[K^~~~~[m[K
[3.184s] [01m[K/opt/ros/jazzy/include/rclcpp/rclcpp/any_service_callback.hpp:97:10:[m[K [01;31m[Kerror: [m[K‘[01m[Kvalue[m[K’ is not a member of ‘[01m[Krclcpp::function_traits::same_arguments<std::_Bind<void (JointLogger::*(JointLogger*, std::_Placeholder<1>, std::_Placeholder<2>))(...)>, std::function<void(std::shared_ptr<rclcpp::Service<matuska_interface::srv::TeachPosition> >, std::shared_ptr<rmw_request_id_s>, std::shared_ptr<matuska_interface::srv::TeachPosition_Request_<std::allocator<void> > >)> >[m[K’
[3.184s]    97 |       >::[01;31m[Kvalue[m[K)
[3.184s]       |          [01;31m[K^~~~~[m[K
[3.187s] [01m[K/opt/ros/jazzy/include/rclcpp/rclcpp/any_service_callback.hpp:103:17:[m[K [01;31m[Kerror: [m[Kno match for ‘[01m[Koperator=[m[K’ (operand types are ‘[01m[Kstd::variant<std::monostate, std::function<void(std::shared_ptr<matuska_interface::srv::TeachPosition_Request_<std::allocator<void> > >, std::shared_ptr<matuska_interface::srv::TeachPosition_Response_<std::allocator<void> > >)>, std::function<void(std::shared_ptr<rmw_request_id_s>, std::shared_ptr<matuska_interface::srv::TeachPosition_Request_<std::allocator<void> > >, std::shared_ptr<matuska_interface::srv::TeachPosition_Response_<std::allocator<void> > >)>, std::function<void(std::shared_ptr<rmw_request_id_s>, std::shared_ptr<matuska_interface::srv::TeachPosition_Request_<std::allocator<void> > >)>, std::function<void(std::shared_ptr<rclcpp::Service<matuska_interface::srv::TeachPosition> >, std::shared_ptr<rmw_request_id_s>, std::shared_ptr<matuska_interface::srv::TeachPosition_Request_<std::allocator<void> > >)> >[m[K’ and ‘[01m[Kstd::_Bind<void (JointLogger::*(JointLogger*, std::_Placeholder<1>, std::_Placeholder<2>))(...)>[m[K’)
[3.187s]   103 |       [01;31m[Kcallback_ = std::forward<CallbackT>(callback)[m[K;
[3.187s]       |       [01;31m[K~~~~~~~~~~^~~~~~~~~~~~~~~~~~~~~~~~~~~~~~~~~~~[m[K
[3.187s] In file included from [01m[K/opt/ros/jazzy/include/rclcpp/rclcpp/client.hpp:29[m[K:
[3.187s] [01m[K/usr/include/c++/13/variant:1494:9:[m[K [01;36m[Knote: [m[Kcandidate: ‘[01m[Ktemplate<class _Tp> std::enable_if_t<((__exactly_once<std::variant<_Types>::__accepted_type<_Tp&&, typename std::enable_if<__not_self<_Tp&&>, void>::type> > && is_constructible_v<std::variant<_Types>::__accepted_type<_Tp&&, typename std::enable_if<__not_self<_Tp&&>, void>::type>, _Tp>) && is_assignable_v<std::variant<_Types>::__accepted_type<_Tp&&, typename std::enable_if<__not_self<_Tp&&>, void>::type>&, _Tp>), std::variant<_Types>&> std::variant<_Types>::[01;32m[Koperator=[m[K(_Tp&&) [35m[K[with _Types = {std::monostate, std::function<void(std::shared_ptr<matuska_interface::srv::TeachPosition_Request_<std::allocator<void> > >, std::shared_ptr<matuska_interface::srv::TeachPosition_Response_<std::allocator<void> > >)>, std::function<void(std::shared_ptr<rmw_request_id_s>, std::shared_ptr<matuska_interface::srv::TeachPosition_Request_<std::allocator<void> > >, std::shared_ptr<matuska_interface::srv::TeachPosition_Response_<std::allocator<void> > >)>, std::function<void(std::shared_ptr<rmw_request_id_s>, std::shared_ptr<matuska_interface::srv::TeachPosition_Request_<std::allocator<void> > >)>, std::function<void(std::shared_ptr<rclcpp::Service<matuska_interface::srv::TeachPosition> >, std::shared_ptr<rmw_request_id_s>, std::shared_ptr<matuska_interface::srv::TeachPosition_Request_<std::allocator<void> > >)>}][m[K[m[K’
[3.188s]  1494 |         [01;36m[Koperator[m[K=(_Tp&& __rhs)
[3.188s]       |         [01;36m[K^~~~~~~~[m[K
[3.188s] [01m[K/usr/include/c++/13/variant:1494:9:[m[K [01;36m[Knote: [m[K  template argument deduction/substitution failed:
[3.188s] /usr/include/c++/13/variant: In substitution of ‘[01m[Ktemplate<class ... _Types> template<class _Tp, class> using std::variant<_Types>::__accepted_type = std::variant<_Types>::__to_type<__accepted_index<_Tp> > [35m[K[with _Tp = std::_Bind<void (JointLogger::*(JointLogger*, std::_Placeholder<1>, std::_Placeholder<2>))(...)>&&; <template-parameter-2-2> = void; _Types = {std::monostate, std::function<void(std::shared_ptr<matuska_interface::srv::TeachPosition_Request_<std::allocator<void> > >, std::shared_ptr<matuska_interface::srv::TeachPosition_Response_<std::allocator<void> > >)>, std::function<void(std::shared_ptr<rmw_request_id_s>, std::shared_ptr<matuska_interface::srv::TeachPosition_Request_<std::allocator<void> > >, std::shared_ptr<matuska_interface::srv::TeachPosition_Response_<std::allocator<void> > >)>, std::function<void(std::shared_ptr<rmw_request_id_s>, std::shared_ptr<matuska_interface::srv::TeachPosition_Request_<std::allocator<void> > >)>, std::function<void(std::shared_ptr<rclcpp::Service<matuska_interface::srv::TeachPosition> >, std::shared_ptr<rmw_request_id_s>, std::shared_ptr<matuska_interface::srv::TeachPosition_Request_<std::allocator<void> > >)>}][m[K[m[K’:
[3.188s] [01m[K/usr/include/c++/13/variant:1490:14:[m[K   required by substitution of ‘[01m[Ktemplate<class _Tp> std::enable_if_t<((__exactly_once<std::variant<std::monostate, std::function<void(std::shared_ptr<matuska_interface::srv::TeachPosition_Request_<std::allocator<void> > >, std::shared_ptr<matuska_interface::srv::TeachPosition_Response_<std::allocator<void> > >)>, std::function<void(std::shared_ptr<rmw_request_id_s>, std::shared_ptr<matuska_interface::srv::TeachPosition_Request_<std::allocator<void> > >, std::shared_ptr<matuska_interface::srv::TeachPosition_Response_<std::allocator<void> > >)>, std::function<void(std::shared_ptr<rmw_request_id_s>, std::shared_ptr<matuska_interface::srv::TeachPosition_Request_<std::allocator<void> > >)>, std::function<void(std::shared_ptr<rclcpp::Service<matuska_interface::srv::TeachPosition> >, std::shared_ptr<rmw_request_id_s>, std::shared_ptr<matuska_interface::srv::TeachPosition_Request_<std::allocator<void> > >)> >::__accepted_type<_Tp&&, typename std::enable_if<__not_self<_Tp&&>, void>::type> > && is_constructible_v<std::variant<std::monostate, std::function<void(std::shared_ptr<matuska_interface::srv::TeachPosition_Request_<std::allocator<void> > >, std::shared_ptr<matuska_interface::srv::TeachPosition_Response_<std::allocator<void> > >)>, std::function<void(std::shared_ptr<rmw_request_id_s>, std::shared_ptr<matuska_interface::srv::TeachPosition_Request_<std::allocator<void> > >, std::shared_ptr<matuska_interface::srv::TeachPosition_Response_<std::allocator<void> > >)>, std::function<void(std::shared_ptr<rmw_request_id_s>, std::shared_ptr<matuska_interface::srv::TeachPosition_Request_<std::allocator<void> > >)>, std::function<void(std::shared_ptr<rclcpp::Service<matuska_interface::srv::TeachPosition> >, std::shared_ptr<rmw_request_id_s>, std::shared_ptr<matuska_interface::srv::TeachPosition_Request_<std::allocator<void> > >)> >::__accepted_type<_Tp&&, typename std::enable_if<__not_self<_Tp&&>, void>::type>, _Tp>) && is_assignable_v<std::variant<std::monostate, std::function<void(std::shared_ptr<matuska_interface::srv::TeachPosition_Request_<std::allocator<void> > >, std::shared_ptr<matuska_interface::srv::TeachPosition_Response_<std::allocator<void> > >)>, std::function<void(std::shared_ptr<rmw_request_id_s>, std::shared_ptr<matuska_interface::srv::TeachPosition_Request_<std::allocator<void> > >, std::shared_ptr<matuska_interface::srv::TeachPosition_Response_<std::allocator<void> > >)>, std::function<void(std::shared_ptr<rmw_request_id_s>, std::shared_ptr<matuska_interface::srv::TeachPosition_Request_<std::allocator<void> > >)>, std::function<void(std::shared_ptr<rclcpp::Service<matuska_interface::srv::TeachPosition> >, std::shared_ptr<rmw_request_id_s>, std::shared_ptr<matuska_interface::srv::TeachPosition_Request_<std::allocator<void> > >)> >::__accepted_type<_Tp&&, typename std::enable_if<__not_self<_Tp&&>, void>::type>&, _Tp>), std::variant<std::monostate, std::function<void(std::shared_ptr<matuska_interface::srv::TeachPosition_Request_<std::allocator<void> > >, std::shared_ptr<matuska_interface::srv::TeachPosition_Response_<std::allocator<void> > >)>, std::function<void(std::shared_ptr<rmw_request_id_s>, std::shared_ptr<matuska_interface::srv::TeachPosition_Request_<std::allocator<void> > >, std::shared_ptr<matuska_interface::srv::TeachPosition_Response_<std::allocator<void> > >)>, std::function<void(std::shared_ptr<rmw_request_id_s>, std::shared_ptr<matuska_interface::srv::TeachPosition_Request_<std::allocator<void> > >)>, std::function<void(std::shared_ptr<rclcpp::Service<matuska_interface::srv::TeachPosition> >, std::shared_ptr<rmw_request_id_s>, std::shared_ptr<matuska_interface::srv::TeachPosition_Request_<std::allocator<void> > >)> >&> std::variant<std::monostate, std::function<void(std::shared_ptr<matuska_interface::srv::TeachPosition_Request_<std::allocator<void> > >, std::shared_ptr<matuska_interface::srv::TeachPosition_Response_<std::allocator<void> > >)>, std::function<void(std::shared_ptr<rmw_request_id_s>, std::shared_ptr<matuska_interface::srv::TeachPosition_Request_<std::allocator<void> > >, std::shared_ptr<matuska_interface::srv::TeachPosition_Response_<std::allocator<void> > >)>, std::function<void(std::shared_ptr<rmw_request_id_s>, std::shared_ptr<matuska_interface::srv::TeachPosition_Request_<std::allocator<void> > >)>, std::function<void(std::shared_ptr<rclcpp::Service<matuska_interface::srv::TeachPosition> >, std::shared_ptr<rmw_request_id_s>, std::shared_ptr<matuska_interface::srv::TeachPosition_Request_<std::allocator<void> > >)> >::[01;32m[Koperator=[m[K(_Tp&&) [35m[K[with _Tp = std::_Bind<void (JointLogger::*(JointLogger*, std::_Placeholder<1>, std::_Placeholder<2>))(...)>][m[K[m[K’
[3.188s] [01m[K/opt/ros/jazzy/include/rclcpp/rclcpp/any_service_callback.hpp:103:17:[m[K   required from ‘[01m[Kvoid rclcpp::AnyServiceCallback<ServiceT>::[01;32m[Kset[m[K(CallbackT&&) [35m[K[with CallbackT = std::_Bind<void (JointLogger::*(JointLogger*, std::_Placeholder<1>, std::_Placeholder<2>))(...)>; typename std::enable_if<(! rclcpp::detail::can_be_nullptr<CallbackT>::value), int>::type <anonymous> = 0; ServiceT = matuska_interface::srv::TeachPosition][m[K[m[K’
[3.188s] [01m[K/opt/ros/jazzy/include/rclcpp/rclcpp/create_service.hpp:69:27:[m[K   required from ‘[01m[Ktypename rclcpp::Service<ServiceT>::SharedPtr rclcpp::[01;32m[Kcreate_service[m[K(std::shared_ptr<node_interfaces::NodeBaseInterface>, std::shared_ptr<node_interfaces::NodeServicesInterface>, const std::string&, CallbackT&&, const rmw_qos_profile_t&, CallbackGroup::SharedPtr) [35m[K[with ServiceT = matuska_interface::srv::TeachPosition; CallbackT = std::_Bind<void (JointLogger::*(JointLogger*, std::_Placeholder<1>, std::_Placeholder<2>))(...)>; typename Service<ServiceT>::SharedPtr = std::shared_ptr<Service<matuska_interface::srv::TeachPosition> >; std::string = std::__cxx11::basic_string<char>; rmw_qos_profile_t = rmw_qos_profile_s; CallbackGroup::SharedPtr = std::shared_ptr<CallbackGroup>][m[K[m[K’
[3.188s] [01m[K/opt/ros/jazzy/include/rclcpp/rclcpp/create_service.hpp:51:45:[m[K   required from ‘[01m[Ktypename rclcpp::Service<ServiceT>::SharedPtr rclcpp::[01;32m[Kcreate_service[m[K(std::shared_ptr<node_interfaces::NodeBaseInterface>, std::shared_ptr<node_interfaces::NodeServicesInterface>, const std::string&, CallbackT&&, const QoS&, CallbackGroup::SharedPtr) [35m[K[with ServiceT = matuska_interface::srv::TeachPosition; CallbackT = std::_Bind<void (JointLogger::*(JointLogger*, std::_Placeholder<1>, std::_Placeholder<2>))(...)>; typename Service<ServiceT>::SharedPtr = std::shared_ptr<Service<matuska_interface::srv::TeachPosition> >; std::string = std::__cxx11::basic_string<char>; CallbackGroup::SharedPtr = std::shared_ptr<CallbackGroup>][m[K[m[K’
[3.188s] [01m[K/opt/ros/jazzy/include/rclcpp/rclcpp/node_impl.hpp:181:53:[m[K   required from ‘[01m[Ktypename rclcpp::Service<ServiceT>::SharedPtr rclcpp::Node::[01;32m[Kcreate_service[m[K(const std::string&, CallbackT&&, const rclcpp::QoS&, rclcpp::CallbackGroup::SharedPtr) [35m[K[with ServiceT = matuska_interface::srv::TeachPosition; CallbackT = std::_Bind<void (JointLogger::*(JointLogger*, std::_Placeholder<1>, std::_Placeholder<2>))(...)>; typename rclcpp::Service<ServiceT>::SharedPtr = std::shared_ptr<rclcpp::Service<matuska_interface::srv::TeachPosition> >; std::string = std::__cxx11::basic_string<char>; rclcpp::CallbackGroup::SharedPtr = std::shared_ptr<rclcpp::CallbackGroup>][m[K[m[K’
[3.188s] [01m[K/home/matus/ros2_ws/src/block1_matuska/src/logger_node.cpp:12:75:[m[K   required from here
[3.188s] [01m[K/usr/include/c++/13/variant:1407:15:[m[K [01;31m[Kerror: [m[Kno type named ‘[01m[Ktype[m[K’ in ‘[01m[Kstruct std::enable_if<false, void>[m[K’
[3.188s]  1407 |         using [01;31m[K__accepted_type[m[K = __to_type<__accepted_index<_Tp>>;
[3.188s]       |               [01;31m[K^~~~~~~~~~~~~~~[m[K
[3.188s] /opt/ros/jazzy/include/rclcpp/rclcpp/any_service_callback.hpp: In instantiation of ‘[01m[Kvoid rclcpp::AnyServiceCallback<ServiceT>::[01;32m[Kset[m[K(CallbackT&&) [35m[K[with CallbackT = std::_Bind<void (JointLogger::*(JointLogger*, std::_Placeholder<1>, std::_Placeholder<2>))(...)>; typename std::enable_if<(! rclcpp::detail::can_be_nullptr<CallbackT>::value), int>::type <anonymous> = 0; ServiceT = matuska_interface::srv::TeachPosition][m[K[m[K’:
[3.188s] [01m[K/opt/ros/jazzy/include/rclcpp/rclcpp/create_service.hpp:69:27:[m[K   required from ‘[01m[Ktypename rclcpp::Service<ServiceT>::SharedPtr rclcpp::[01;32m[Kcreate_service[m[K(std::shared_ptr<node_interfaces::NodeBaseInterface>, std::shared_ptr<node_interfaces::NodeServicesInterface>, const std::string&, CallbackT&&, const rmw_qos_profile_t&, CallbackGroup::SharedPtr) [35m[K[with ServiceT = matuska_interface::srv::TeachPosition; CallbackT = std::_Bind<void (JointLogger::*(JointLogger*, std::_Placeholder<1>, std::_Placeholder<2>))(...)>; typename Service<ServiceT>::SharedPtr = std::shared_ptr<Service<matuska_interface::srv::TeachPosition> >; std::string = std::__cxx11::basic_string<char>; rmw_qos_profile_t = rmw_qos_profile_s; CallbackGroup::SharedPtr = std::shared_ptr<CallbackGroup>][m[K[m[K’
[3.188s] [01m[K/opt/ros/jazzy/include/rclcpp/rclcpp/create_service.hpp:51:45:[m[K   required from ‘[01m[Ktypename rclcpp::Service<ServiceT>::SharedPtr rclcpp::[01;32m[Kcreate_service[m[K(std::shared_ptr<node_interfaces::NodeBaseInterface>, std::shared_ptr<node_interfaces::NodeServicesInterface>, const std::string&, CallbackT&&, const QoS&, CallbackGroup::SharedPtr) [35m[K[with ServiceT = matuska_interface::srv::TeachPosition; CallbackT = std::_Bind<void (JointLogger::*(JointLogger*, std::_Placeholder<1>, std::_Placeholder<2>))(...)>; typename Service<ServiceT>::SharedPtr = std::shared_ptr<Service<matuska_interface::srv::TeachPosition> >; std::string = std::__cxx11::basic_string<char>; CallbackGroup::SharedPtr = std::shared_ptr<CallbackGroup>][m[K[m[K’
[3.189s] [01m[K/opt/ros/jazzy/include/rclcpp/rclcpp/node_impl.hpp:181:53:[m[K   required from ‘[01m[Ktypename rclcpp::Service<ServiceT>::SharedPtr rclcpp::Node::[01;32m[Kcreate_service[m[K(const std::string&, CallbackT&&, const rclcpp::QoS&, rclcpp::CallbackGroup::SharedPtr) [35m[K[with ServiceT = matuska_interface::srv::TeachPosition; CallbackT = std::_Bind<void (JointLogger::*(JointLogger*, std::_Placeholder<1>, std::_Placeholder<2>))(...)>; typename rclcpp::Service<ServiceT>::SharedPtr = std::shared_ptr<rclcpp::Service<matuska_interface::srv::TeachPosition> >; std::string = std::__cxx11::basic_string<char>; rclcpp::CallbackGroup::SharedPtr = std::shared_ptr<rclcpp::CallbackGroup>][m[K[m[K’
[3.189s] [01m[K/home/matus/ros2_ws/src/block1_matuska/src/logger_node.cpp:12:75:[m[K   required from here
[3.189s] [01m[K/usr/include/c++/13/variant:1430:16:[m[K [01;36m[Knote: [m[Kcandidate: ‘[01m[Kstd::variant<_Types>& std::variant<_Types>::[01;32m[Koperator=[m[K(const std::variant<_Types>&) [35m[K[with _Types = {std::monostate, std::function<void(std::shared_ptr<matuska_interface::srv::TeachPosition_Request_<std::allocator<void> > >, std::shared_ptr<matuska_interface::srv::TeachPosition_Response_<std::allocator<void> > >)>, std::function<void(std::shared_ptr<rmw_request_id_s>, std::shared_ptr<matuska_interface::srv::TeachPosition_Request_<std::allocator<void> > >, std::shared_ptr<matuska_interface::srv::TeachPosition_Response_<std::allocator<void> > >)>, std::function<void(std::shared_ptr<rmw_request_id_s>, std::shared_ptr<matuska_interface::srv::TeachPosition_Request_<std::allocator<void> > >)>, std::function<void(std::shared_ptr<rclcpp::Service<matuska_interface::srv::TeachPosition> >, std::shared_ptr<rmw_request_id_s>, std::shared_ptr<matuska_interface::srv::TeachPosition_Request_<std::allocator<void> > >)>}][m[K[m[K’
[3.189s]  1430 |       variant& [01;36m[Koperator[m[K=(const variant&) = default;
[3.189s]       |                [01;36m[K^~~~~~~~[m[K
[3.189s] [01m[K/usr/include/c++/13/variant:1430:26:[m[K [01;36m[Knote: [m[K  no known conversion for argument 1 from ‘[01m[Kstd::_Bind<void (JointLogger::*(JointLogger*, std::_Placeholder<1>, std::_Placeholder<2>))(...)>[m[K’ to ‘[01m[Kconst std::variant<std::monostate, std::function<void(std::shared_ptr<matuska_interface::srv::TeachPosition_Request_<std::allocator<void> > >, std::shared_ptr<matuska_interface::srv::TeachPosition_Response_<std::allocator<void> > >)>, std::function<void(std::shared_ptr<rmw_request_id_s>, std::shared_ptr<matuska_interface::srv::TeachPosition_Request_<std::allocator<void> > >, std::shared_ptr<matuska_interface::srv::TeachPosition_Response_<std::allocator<void> > >)>, std::function<void(std::shared_ptr<rmw_request_id_s>, std::shared_ptr<matuska_interface::srv::TeachPosition_Request_<std::allocator<void> > >)>, std::function<void(std::shared_ptr<rclcpp::Service<matuska_interface::srv::TeachPosition> >, std::shared_ptr<rmw_request_id_s>, std::shared_ptr<matuska_interface::srv::TeachPosition_Request_<std::allocator<void> > >)> >&[m[K’
[3.189s]  1430 |       variant& operator=([01;36m[Kconst variant&[m[K) = default;
[3.189s]       |                          [01;36m[K^~~~~~~~~~~~~~[m[K
[3.189s] [01m[K/usr/include/c++/13/variant:1431:16:[m[K [01;36m[Knote: [m[Kcandidate: ‘[01m[Kstd::variant<_Types>& std::variant<_Types>::[01;32m[Koperator=[m[K(std::variant<_Types>&&) [35m[K[with _Types = {std::monostate, std::function<void(std::shared_ptr<matuska_interface::srv::TeachPosition_Request_<std::allocator<void> > >, std::shared_ptr<matuska_interface::srv::TeachPosition_Response_<std::allocator<void> > >)>, std::function<void(std::shared_ptr<rmw_request_id_s>, std::shared_ptr<matuska_interface::srv::TeachPosition_Request_<std::allocator<void> > >, std::shared_ptr<matuska_interface::srv::TeachPosition_Response_<std::allocator<void> > >)>, std::function<void(std::shared_ptr<rmw_request_id_s>, std::shared_ptr<matuska_interface::srv::TeachPosition_Request_<std::allocator<void> > >)>, std::function<void(std::shared_ptr<rclcpp::Service<matuska_interface::srv::TeachPosition> >, std::shared_ptr<rmw_request_id_s>, std::shared_ptr<matuska_interface::srv::TeachPosition_Request_<std::allocator<void> > >)>}][m[K[m[K’
[3.189s]  1431 |       variant& [01;36m[Koperator[m[K=(variant&&) = default;
[3.189s]       |                [01;36m[K^~~~~~~~[m[K
[3.189s] [01m[K/usr/include/c++/13/variant:1431:26:[m[K [01;36m[Knote: [m[K  no known conversion for argument 1 from ‘[01m[Kstd::_Bind<void (JointLogger::*(JointLogger*, std::_Placeholder<1>, std::_Placeholder<2>))(...)>[m[K’ to ‘[01m[Kstd::variant<std::monostate, std::function<void(std::shared_ptr<matuska_interface::srv::TeachPosition_Request_<std::allocator<void> > >, std::shared_ptr<matuska_interface::srv::TeachPosition_Response_<std::allocator<void> > >)>, std::function<void(std::shared_ptr<rmw_request_id_s>, std::shared_ptr<matuska_interface::srv::TeachPosition_Request_<std::allocator<void> > >, std::shared_ptr<matuska_interface::srv::TeachPosition_Response_<std::allocator<void> > >)>, std::function<void(std::shared_ptr<rmw_request_id_s>, std::shared_ptr<matuska_interface::srv::TeachPosition_Request_<std::allocator<void> > >)>, std::function<void(std::shared_ptr<rclcpp::Service<matuska_interface::srv::TeachPosition> >, std::shared_ptr<rmw_request_id_s>, std::shared_ptr<matuska_interface::srv::TeachPosition_Request_<std::allocator<void> > >)> >&&[m[K’
[3.189s]  1431 |       variant& operator=([01;36m[Kvariant&&[m[K) = default;
[3.189s]       |                          [01;36m[K^~~~~~~~~[m[K
[4.019s] [ 75%] [32m[1mLinking CXX executable teleop_node[0m
[4.141s] [ 75%] Built target teleop_node
[4.661s] gmake[2]: *** [CMakeFiles/logger_node.dir/build.make:76: CMakeFiles/logger_node.dir/src/logger_node.cpp.o] Error 1
[4.661s] gmake[1]: *** [CMakeFiles/Makefile2:165: CMakeFiles/logger_node.dir/all] Error 2
[4.662s] gmake: *** [Makefile:146: all] Error 2
[4.664s] Invoked command in '/home/matus/ros2_ws/build/block1_matuska' returned '2': CMAKE_PREFIX_PATH=/home/matus/ros2_ws/install/rrm_msgs:/home/matus/ros2_ws/install/matuska_interface:/home/matus/ros2_ws/install/rrm_simple_robot_model:/home/matus/ros2_ws/install/rrm_sim:/home/matus/ros2_ws/install/block1_matuska:/home/matus/ros2_ws/install/cviko1:/home/matus/ros2_ws/install/cv1:/home/matus/ros2_ws/src/install/rrm_simple_robot_model:/home/matus/ros2_ws/src/install/rrm_sim:/home/matus/ros2_ws/src/install/block1_matuska:/home/matus/ros2_ws/src/install/rrm_msgs:/home/matus/ros2_ws/src/install/matuska_interface:/opt/ros/jazzy/opt/gz_math_vendor:/opt/ros/jazzy/opt/gz_utils_vendor:/opt/ros/jazzy/opt/gz_cmake_vendor:/opt/ros/jazzy DEBUGINFOD_URLS=https://debuginfod.ubuntu.com /usr/bin/cmake --build /home/matus/ros2_ws/build/block1_matuska -- -j12 -l12
