-- Found ament_cmake: 2.5.2 (/opt/ros/jazzy/share/ament_cmake/cmake)
-- Found rclcpp: 28.1.5 (/opt/ros/jazzy/share/rclcpp/cmake)
-- Found rosidl_generator_c: 4.6.4 (/opt/ros/jazzy/share/rosidl_generator_c/cmake)
-- Found rosidl_generator_cpp: 4.6.4 (/opt/ros/jazzy/share/rosidl_generator_cpp/cmake)
-- Using all available rosidl_typesupport_c: rosidl_typesupport_fastrtps_c;rosidl_typesupport_introspection_c
-- Using all available rosidl_typesupport_cpp: rosidl_typesupport_fastrtps_cpp;rosidl_typesupport_introspection_cpp
-- Found rmw_implementation_cmake: 7.3.1 (/opt/ros/jazzy/share/rmw_implementation_cmake/cmake)
-- Found rmw_fastrtps_cpp: 8.4.1 (/opt/ros/jazzy/share/rmw_fastrtps_cpp/cmake)
-- Using RMW implementation 'rmw_fastrtps_cpp' as default
-- Found rrm_msgs: 0.0.0 (/home/matus/ros2_ws/src/install/rrm_msgs/share/rrm_msgs/cmake)
-- Found sensor_msgs: 5.3.5 (/opt/ros/jazzy/share/sensor_msgs/cmake)
-- Found ament_lint_auto: 0.17.1 (/opt/ros/jazzy/share/ament_lint_auto/cmake)
-- Added test 'cppcheck' to perform static code analysis on C / C++ code
-- Configured cppcheck include dirs: $<BUILD_INTERFACE:/home/matus/ros2_ws/src/block1_matuska/include>
-- Configured cppcheck exclude dirs and/or files: 
-- Added test 'lint_cmake' to check CMake code style
-- Added test 'uncrustify' to check C / C++ code style
-- Configured uncrustify additional arguments: 
-- Added test 'xmllint' to check XML markup files
-- Configuring done (0.9s)
-- Generating done (0.0s)
-- Build files have been written to: /home/matus/ros2_ws/src/build/block1_matuska
[ 25%] [32mBuilding CXX object CMakeFiles/logger_node.dir/src/logger_node.cpp.o[0m
[ 50%] [32mBuilding CXX object CMakeFiles/teleop_node.dir/src/teleop_node.cpp.o[0m
[ 75%] [32m[1mLinking CXX executable teleop_node[0m
[ 75%] Built target teleop_node
[100%] [32m[1mLinking CXX executable logger_node[0m
[100%] Built target logger_node
-- Install configuration: ""
-- Installing: /home/matus/ros2_ws/src/install/block1_matuska/lib/block1_matuska/teleop_node
-- Set non-toolchain portion of runtime path of "/home/matus/ros2_ws/src/install/block1_matuska/lib/block1_matuska/teleop_node" to ""
-- Installing: /home/matus/ros2_ws/src/install/block1_matuska/share/ament_index/resource_index/package_run_dependencies/block1_matuska
-- Installing: /home/matus/ros2_ws/src/install/block1_matuska/share/ament_index/resource_index/parent_prefix_path/block1_matuska
-- Up-to-date: /home/matus/ros2_ws/src/install/block1_matuska/share/block1_matuska/environment/ament_prefix_path.sh
-- Up-to-date: /home/matus/ros2_ws/src/install/block1_matuska/share/block1_matuska/environment/ament_prefix_path.dsv
-- Up-to-date: /home/matus/ros2_ws/src/install/block1_matuska/share/block1_matuska/environment/path.sh
-- Up-to-date: /home/matus/ros2_ws/src/install/block1_matuska/share/block1_matuska/environment/path.dsv
-- Up-to-date: /home/matus/ros2_ws/src/install/block1_matuska/share/block1_matuska/local_setup.bash
-- Up-to-date: /home/matus/ros2_ws/src/install/block1_matuska/share/block1_matuska/local_setup.sh
-- Up-to-date: /home/matus/ros2_ws/src/install/block1_matuska/share/block1_matuska/local_setup.zsh
-- Up-to-date: /home/matus/ros2_ws/src/install/block1_matuska/share/block1_matuska/local_setup.dsv
-- Installing: /home/matus/ros2_ws/src/install/block1_matuska/share/block1_matuska/package.dsv
-- Up-to-date: /home/matus/ros2_ws/src/install/block1_matuska/share/ament_index/resource_index/packages/block1_matuska
-- Up-to-date: /home/matus/ros2_ws/src/install/block1_matuska/share/block1_matuska/cmake/block1_matuskaConfig.cmake
-- Up-to-date: /home/matus/ros2_ws/src/install/block1_matuska/share/block1_matuska/cmake/block1_matuskaConfig-version.cmake
-- Installing: /home/matus/ros2_ws/src/install/block1_matuska/share/block1_matuska/package.xml
